
==========================================================================
resizer report_tns
--------------------------------------------------------------------------
tns 0.00

==========================================================================
resizer report_wns
--------------------------------------------------------------------------
wns 0.00

==========================================================================
resizer report_worst_slack
--------------------------------------------------------------------------
worst slack 0.41

==========================================================================
resizer report_checks -path_delay min
--------------------------------------------------------------------------
Startpoint: miso_capture[7]$_SDFFE_PN0P_
            (rising edge-triggered flip-flop clocked by core_clock)
Endpoint: miso_capture[7]$_SDFFE_PN0P_
          (rising edge-triggered flip-flop clocked by core_clock)
Path Group: core_clock
Path Type: min

Fanout     Cap    Slew   Delay    Time   Description
-----------------------------------------------------------------------------
                  0.00    0.00    0.00   clock core_clock (rise edge)
                          0.00    0.00   clock network delay (ideal)
                  0.00    0.00    0.00 ^ miso_capture[7]$_SDFFE_PN0P_/CK (DFF_X1)
     2    2.80    0.01    0.08    0.08 v miso_capture[7]$_SDFFE_PN0P_/Q (DFF_X1)
                                         miso_capture[7] (net)
                  0.01    0.00    0.08 v _299_/A (INV_X1)
     1    1.71    0.01    0.01    0.09 ^ _299_/ZN (INV_X1)
                                         _114_ (net)
                  0.01    0.00    0.09 ^ _300_/B2 (OAI21_X1)
     1    1.17    0.01    0.01    0.11 v _300_/ZN (OAI21_X1)
                                         _016_ (net)
                  0.01    0.00    0.11 v miso_capture[7]$_SDFFE_PN0P_/D (DFF_X1)
                                  0.11   data arrival time

                  0.00    0.00    0.00   clock core_clock (rise edge)
                          0.00    0.00   clock network delay (ideal)
                          0.00    0.00   clock reconvergence pessimism
                                  0.00 ^ miso_capture[7]$_SDFFE_PN0P_/CK (DFF_X1)
                          0.00    0.00   library hold time
                                  0.00   data required time
-----------------------------------------------------------------------------
                                  0.00   data required time
                                 -0.11   data arrival time
-----------------------------------------------------------------------------
                                  0.10   slack (MET)



==========================================================================
resizer report_checks -path_delay max
--------------------------------------------------------------------------
Startpoint: bit_counter[0]$_SDFFE_PN0P_
            (rising edge-triggered flip-flop clocked by core_clock)
Endpoint: miso_capture[7]$_SDFFE_PN0P_
          (rising edge-triggered flip-flop clocked by core_clock)
Path Group: core_clock
Path Type: max

Fanout     Cap    Slew   Delay    Time   Description
-----------------------------------------------------------------------------
                  0.00    0.00    0.00   clock core_clock (rise edge)
                          0.00    0.00   clock network delay (ideal)
                  0.00    0.00    0.00 ^ bit_counter[0]$_SDFFE_PN0P_/CK (DFF_X1)
     2    5.20    0.01    0.09    0.09 ^ bit_counter[0]$_SDFFE_PN0P_/Q (DFF_X1)
                                         bit_counter[0] (net)
                  0.01    0.00    0.09 ^ _223_/A (BUF_X2)
     7   12.40    0.02    0.03    0.13 ^ _223_/Z (BUF_X2)
                                         _051_ (net)
                  0.02    0.00    0.13 ^ _224_/A3 (NAND3_X1)
     2    4.40    0.02    0.03    0.16 v _224_/ZN (NAND3_X1)
                                         _198_ (net)
                  0.02    0.00    0.16 v _225_/A2 (OR2_X1)
     1    3.48    0.01    0.06    0.21 v _225_/ZN (OR2_X1)
                                         _193_ (net)
                  0.01    0.00    0.21 v _357_/B (HA_X1)
     2    3.27    0.01    0.06    0.27 v _357_/S (HA_X1)
                                         _195_ (net)
                  0.01    0.00    0.27 v _246_/A2 (OR2_X2)
     2    9.52    0.01    0.06    0.33 v _246_/ZN (OR2_X2)
                                         _068_ (net)
                  0.01    0.00    0.33 v _262_/A4 (NOR4_X4)
     4    9.12    0.05    0.09    0.42 ^ _262_/ZN (NOR4_X4)
                                         _083_ (net)
                  0.05    0.00    0.42 ^ _263_/A2 (NAND2_X1)
     4    6.27    0.02    0.03    0.45 v _263_/ZN (NAND2_X1)
                                         _084_ (net)
                  0.02    0.00    0.45 v _297_/A2 (OR3_X1)
     1    1.72    0.01    0.08    0.53 v _297_/ZN (OR3_X1)
                                         _112_ (net)
                  0.01    0.00    0.53 v _300_/A (OAI21_X1)
     1    1.25    0.02    0.02    0.55 ^ _300_/ZN (OAI21_X1)
                                         _016_ (net)
                  0.02    0.00    0.55 ^ miso_capture[7]$_SDFFE_PN0P_/D (DFF_X1)
                                  0.55   data arrival time

                  0.00    1.00    1.00   clock core_clock (rise edge)
                          0.00    1.00   clock network delay (ideal)
                          0.00    1.00   clock reconvergence pessimism
                                  1.00 ^ miso_capture[7]$_SDFFE_PN0P_/CK (DFF_X1)
                         -0.03    0.97   library setup time
                                  0.97   data required time
-----------------------------------------------------------------------------
                                  0.97   data required time
                                 -0.55   data arrival time
-----------------------------------------------------------------------------
                                  0.41   slack (MET)



==========================================================================
resizer report_checks -unconstrained
--------------------------------------------------------------------------
Startpoint: bit_counter[0]$_SDFFE_PN0P_
            (rising edge-triggered flip-flop clocked by core_clock)
Endpoint: miso_capture[7]$_SDFFE_PN0P_
          (rising edge-triggered flip-flop clocked by core_clock)
Path Group: core_clock
Path Type: max

Fanout     Cap    Slew   Delay    Time   Description
-----------------------------------------------------------------------------
                  0.00    0.00    0.00   clock core_clock (rise edge)
                          0.00    0.00   clock network delay (ideal)
                  0.00    0.00    0.00 ^ bit_counter[0]$_SDFFE_PN0P_/CK (DFF_X1)
     2    5.20    0.01    0.09    0.09 ^ bit_counter[0]$_SDFFE_PN0P_/Q (DFF_X1)
                                         bit_counter[0] (net)
                  0.01    0.00    0.09 ^ _223_/A (BUF_X2)
     7   12.40    0.02    0.03    0.13 ^ _223_/Z (BUF_X2)
                                         _051_ (net)
                  0.02    0.00    0.13 ^ _224_/A3 (NAND3_X1)
     2    4.40    0.02    0.03    0.16 v _224_/ZN (NAND3_X1)
                                         _198_ (net)
                  0.02    0.00    0.16 v _225_/A2 (OR2_X1)
     1    3.48    0.01    0.06    0.21 v _225_/ZN (OR2_X1)
                                         _193_ (net)
                  0.01    0.00    0.21 v _357_/B (HA_X1)
     2    3.27    0.01    0.06    0.27 v _357_/S (HA_X1)
                                         _195_ (net)
                  0.01    0.00    0.27 v _246_/A2 (OR2_X2)
     2    9.52    0.01    0.06    0.33 v _246_/ZN (OR2_X2)
                                         _068_ (net)
                  0.01    0.00    0.33 v _262_/A4 (NOR4_X4)
     4    9.12    0.05    0.09    0.42 ^ _262_/ZN (NOR4_X4)
                                         _083_ (net)
                  0.05    0.00    0.42 ^ _263_/A2 (NAND2_X1)
     4    6.27    0.02    0.03    0.45 v _263_/ZN (NAND2_X1)
                                         _084_ (net)
                  0.02    0.00    0.45 v _297_/A2 (OR3_X1)
     1    1.72    0.01    0.08    0.53 v _297_/ZN (OR3_X1)
                                         _112_ (net)
                  0.01    0.00    0.53 v _300_/A (OAI21_X1)
     1    1.25    0.02    0.02    0.55 ^ _300_/ZN (OAI21_X1)
                                         _016_ (net)
                  0.02    0.00    0.55 ^ miso_capture[7]$_SDFFE_PN0P_/D (DFF_X1)
                                  0.55   data arrival time

                  0.00    1.00    1.00   clock core_clock (rise edge)
                          0.00    1.00   clock network delay (ideal)
                          0.00    1.00   clock reconvergence pessimism
                                  1.00 ^ miso_capture[7]$_SDFFE_PN0P_/CK (DFF_X1)
                         -0.03    0.97   library setup time
                                  0.97   data required time
-----------------------------------------------------------------------------
                                  0.97   data required time
                                 -0.55   data arrival time
-----------------------------------------------------------------------------
                                  0.41   slack (MET)



==========================================================================
resizer report_check_types -max_slew -max_cap -max_fanout -violators
--------------------------------------------------------------------------

==========================================================================
resizer max_slew_check_slack
--------------------------------------------------------------------------
0.14366090297698975

==========================================================================
resizer max_slew_check_limit
--------------------------------------------------------------------------
0.1985349953174591

==========================================================================
resizer max_slew_check_slack_limit
--------------------------------------------------------------------------
0.7236

==========================================================================
resizer max_fanout_check_slack
--------------------------------------------------------------------------
1.0000000150474662e+30

==========================================================================
resizer max_fanout_check_limit
--------------------------------------------------------------------------
1.0000000150474662e+30

==========================================================================
resizer max_capacitance_check_slack
--------------------------------------------------------------------------
7.848839282989502

==========================================================================
resizer max_capacitance_check_limit
--------------------------------------------------------------------------
10.47130012512207

==========================================================================
resizer max_capacitance_check_slack_limit
--------------------------------------------------------------------------
0.7496

==========================================================================
resizer max_slew_violation_count
--------------------------------------------------------------------------
max slew violation count 0

==========================================================================
resizer max_fanout_violation_count
--------------------------------------------------------------------------
max fanout violation count 0

==========================================================================
resizer max_cap_violation_count
--------------------------------------------------------------------------
max cap violation count 0

==========================================================================
resizer setup_violation_count
--------------------------------------------------------------------------
setup violation count 0

==========================================================================
resizer hold_violation_count
--------------------------------------------------------------------------
hold violation count 0

==========================================================================
resizer report_checks -path_delay max reg to reg
--------------------------------------------------------------------------
Startpoint: bit_counter[0]$_SDFFE_PN0P_
            (rising edge-triggered flip-flop clocked by core_clock)
Endpoint: miso_capture[7]$_SDFFE_PN0P_
          (rising edge-triggered flip-flop clocked by core_clock)
Path Group: core_clock
Path Type: max

  Delay    Time   Description
---------------------------------------------------------
   0.00    0.00   clock core_clock (rise edge)
   0.00    0.00   clock network delay (ideal)
   0.00    0.00 ^ bit_counter[0]$_SDFFE_PN0P_/CK (DFF_X1)
   0.09    0.09 ^ bit_counter[0]$_SDFFE_PN0P_/Q (DFF_X1)
   0.03    0.13 ^ _223_/Z (BUF_X2)
   0.03    0.16 v _224_/ZN (NAND3_X1)
   0.06    0.21 v _225_/ZN (OR2_X1)
   0.06    0.27 v _357_/S (HA_X1)
   0.06    0.33 v _246_/ZN (OR2_X2)
   0.09    0.42 ^ _262_/ZN (NOR4_X4)
   0.03    0.45 v _263_/ZN (NAND2_X1)
   0.08    0.53 v _297_/ZN (OR3_X1)
   0.02    0.55 ^ _300_/ZN (OAI21_X1)
   0.00    0.55 ^ miso_capture[7]$_SDFFE_PN0P_/D (DFF_X1)
           0.55   data arrival time

   1.00    1.00   clock core_clock (rise edge)
   0.00    1.00   clock network delay (ideal)
   0.00    1.00   clock reconvergence pessimism
           1.00 ^ miso_capture[7]$_SDFFE_PN0P_/CK (DFF_X1)
  -0.03    0.97   library setup time
           0.97   data required time
---------------------------------------------------------
           0.97   data required time
          -0.55   data arrival time
---------------------------------------------------------
           0.41   slack (MET)



==========================================================================
resizer report_checks -path_delay min reg to reg
--------------------------------------------------------------------------
Startpoint: miso_capture[7]$_SDFFE_PN0P_
            (rising edge-triggered flip-flop clocked by core_clock)
Endpoint: miso_capture[7]$_SDFFE_PN0P_
          (rising edge-triggered flip-flop clocked by core_clock)
Path Group: core_clock
Path Type: min

  Delay    Time   Description
---------------------------------------------------------
   0.00    0.00   clock core_clock (rise edge)
   0.00    0.00   clock network delay (ideal)
   0.00    0.00 ^ miso_capture[7]$_SDFFE_PN0P_/CK (DFF_X1)
   0.08    0.08 v miso_capture[7]$_SDFFE_PN0P_/Q (DFF_X1)
   0.01    0.09 ^ _299_/ZN (INV_X1)
   0.01    0.11 v _300_/ZN (OAI21_X1)
   0.00    0.11 v miso_capture[7]$_SDFFE_PN0P_/D (DFF_X1)
           0.11   data arrival time

   0.00    0.00   clock core_clock (rise edge)
   0.00    0.00   clock network delay (ideal)
   0.00    0.00   clock reconvergence pessimism
           0.00 ^ miso_capture[7]$_SDFFE_PN0P_/CK (DFF_X1)
   0.00    0.00   library hold time
           0.00   data required time
---------------------------------------------------------
           0.00   data required time
          -0.11   data arrival time
---------------------------------------------------------
           0.10   slack (MET)



==========================================================================
resizer critical path target clock latency max path
--------------------------------------------------------------------------
0.0000

==========================================================================
resizer critical path target clock latency min path
--------------------------------------------------------------------------
0.0000

==========================================================================
resizer critical path source clock latency min path
--------------------------------------------------------------------------
0.0000

==========================================================================
resizer critical path delay
--------------------------------------------------------------------------
0.5522

==========================================================================
resizer critical path slack
--------------------------------------------------------------------------
0.4142

==========================================================================
resizer slack div critical path delay
--------------------------------------------------------------------------
75.009055

==========================================================================
resizer report_power
--------------------------------------------------------------------------
Group                  Internal  Switching    Leakage      Total
                          Power      Power      Power      Power (Watts)
----------------------------------------------------------------
Sequential             2.41e-04   4.75e-06   2.72e-06   2.48e-04  75.6%
Combinational          3.90e-05   3.55e-05   5.46e-06   8.00e-05  24.4%
Clock                  0.00e+00   0.00e+00   0.00e+00   0.00e+00   0.0%
Macro                  0.00e+00   0.00e+00   0.00e+00   0.00e+00   0.0%
Pad                    0.00e+00   0.00e+00   0.00e+00   0.00e+00   0.0%
----------------------------------------------------------------
Total                  2.80e-04   4.03e-05   8.18e-06   3.28e-04 100.0%
                          85.2%      12.3%       2.5%
