
==========================================================================
finish report_tns
--------------------------------------------------------------------------
tns 0.00

==========================================================================
finish report_wns
--------------------------------------------------------------------------
wns 0.00

==========================================================================
finish report_worst_slack
--------------------------------------------------------------------------
worst slack INF

==========================================================================
finish report_clock_skew
--------------------------------------------------------------------------

==========================================================================
finish report_checks -path_delay min
--------------------------------------------------------------------------
No paths found.

==========================================================================
finish report_checks -path_delay max
--------------------------------------------------------------------------
No paths found.

==========================================================================
finish report_checks -unconstrained
--------------------------------------------------------------------------
Startpoint: a[0] (input port)
Endpoint: sum[31] (output port)
Path Group: unconstrained
Path Type: max

Fanout     Cap    Slew   Delay    Time   Description
-----------------------------------------------------------------------------
                          0.20    0.20 v input external delay
     1    0.00    0.00    0.00    0.20 v a[0] (in)
                                         a[0] (net)
                  0.00    0.00    0.20 v input1/A (sky130_fd_sc_hd__clkbuf_1)
     1    0.00    0.03    0.07    0.27 v input1/X (sky130_fd_sc_hd__clkbuf_1)
                                         net1 (net)
                  0.03    0.00    0.27 v _070_/A (sky130_fd_sc_hd__inv_1)
     1    0.01    0.07    0.07    0.34 ^ _070_/Y (sky130_fd_sc_hd__inv_1)
                                         _000_ (net)
                  0.07    0.00    0.34 ^ _109_/A (sky130_fd_sc_hd__fa_1)
     1    0.00    0.05    0.16    0.50 ^ _109_/COUT (sky130_fd_sc_hd__fa_1)
                                         _003_ (net)
                  0.05    0.00    0.50 ^ _108_/A (sky130_fd_sc_hd__inv_1)
     1    0.01    0.03    0.05    0.55 v _108_/Y (sky130_fd_sc_hd__inv_1)
                                         _025_ (net)
                  0.03    0.00    0.55 v _120_/CIN (sky130_fd_sc_hd__fa_1)
     1    0.01    0.08    0.37    0.92 v _120_/COUT (sky130_fd_sc_hd__fa_1)
                                         _026_ (net)
                  0.08    0.00    0.92 v _131_/CIN (sky130_fd_sc_hd__fa_1)
     1    0.01    0.09    0.39    1.32 v _131_/COUT (sky130_fd_sc_hd__fa_1)
                                         _048_ (net)
                  0.09    0.00    1.32 v _134_/CIN (sky130_fd_sc_hd__fa_1)
     1    0.01    0.08    0.39    1.70 v _134_/COUT (sky130_fd_sc_hd__fa_1)
                                         _057_ (net)
                  0.08    0.00    1.70 v _135_/CIN (sky130_fd_sc_hd__fa_1)
     1    0.01    0.09    0.39    2.10 v _135_/COUT (sky130_fd_sc_hd__fa_1)
                                         _059_ (net)
                  0.09    0.00    2.10 v _136_/CIN (sky130_fd_sc_hd__fa_1)
     1    0.01    0.10    0.41    2.51 v _136_/COUT (sky130_fd_sc_hd__fa_1)
                                         _061_ (net)
                  0.10    0.00    2.51 v _137_/CIN (sky130_fd_sc_hd__fa_1)
     1    0.01    0.08    0.39    2.90 v _137_/COUT (sky130_fd_sc_hd__fa_1)
                                         _063_ (net)
                  0.08    0.00    2.90 v _138_/CIN (sky130_fd_sc_hd__fa_1)
     1    0.01    0.10    0.41    3.31 v _138_/COUT (sky130_fd_sc_hd__fa_1)
                                         _065_ (net)
                  0.10    0.00    3.31 v _139_/CIN (sky130_fd_sc_hd__fa_1)
     1    0.01    0.10    0.41    3.72 v _139_/COUT (sky130_fd_sc_hd__fa_1)
                                         _067_ (net)
                  0.10    0.00    3.72 v _140_/CIN (sky130_fd_sc_hd__fa_1)
     1    0.01    0.08    0.39    4.12 v _140_/COUT (sky130_fd_sc_hd__fa_1)
                                         _004_ (net)
                  0.08    0.00    4.12 v _110_/CIN (sky130_fd_sc_hd__fa_1)
     1    0.01    0.08    0.39    4.51 v _110_/COUT (sky130_fd_sc_hd__fa_1)
                                         _005_ (net)
                  0.08    0.00    4.51 v _111_/CIN (sky130_fd_sc_hd__fa_1)
     1    0.00    0.08    0.39    4.89 v _111_/COUT (sky130_fd_sc_hd__fa_1)
                                         _007_ (net)
                  0.08    0.00    4.89 v _112_/CIN (sky130_fd_sc_hd__fa_1)
     1    0.01    0.08    0.39    5.28 v _112_/COUT (sky130_fd_sc_hd__fa_1)
                                         _009_ (net)
                  0.08    0.00    5.28 v _113_/CIN (sky130_fd_sc_hd__fa_1)
     1    0.01    0.08    0.39    5.67 v _113_/COUT (sky130_fd_sc_hd__fa_1)
                                         _011_ (net)
                  0.08    0.00    5.67 v _114_/CIN (sky130_fd_sc_hd__fa_1)
     1    0.01    0.09    0.39    6.07 v _114_/COUT (sky130_fd_sc_hd__fa_1)
                                         _013_ (net)
                  0.09    0.00    6.07 v _115_/CIN (sky130_fd_sc_hd__fa_4)
     2    0.04    0.15    0.53    6.60 v _115_/COUT (sky130_fd_sc_hd__fa_4)
                                         _015_ (net)
                  0.15    0.01    6.61 v _116_/CIN (sky130_fd_sc_hd__fa_1)
     1    0.00    0.08    0.41    7.02 v _116_/COUT (sky130_fd_sc_hd__fa_1)
                                         _017_ (net)
                  0.08    0.00    7.02 v _117_/CIN (sky130_fd_sc_hd__fa_1)
     1    0.01    0.09    0.39    7.41 v _117_/COUT (sky130_fd_sc_hd__fa_1)
                                         _019_ (net)
                  0.09    0.00    7.41 v _118_/CIN (sky130_fd_sc_hd__fa_1)
     1    0.01    0.09    0.40    7.81 v _118_/COUT (sky130_fd_sc_hd__fa_1)
                                         _021_ (net)
                  0.09    0.00    7.81 v _119_/CIN (sky130_fd_sc_hd__fa_1)
     1    0.01    0.08    0.39    8.20 v _119_/COUT (sky130_fd_sc_hd__fa_1)
                                         _023_ (net)
                  0.08    0.00    8.20 v _121_/CIN (sky130_fd_sc_hd__fa_1)
     1    0.01    0.09    0.39    8.60 v _121_/COUT (sky130_fd_sc_hd__fa_1)
                                         _028_ (net)
                  0.09    0.00    8.60 v _122_/CIN (sky130_fd_sc_hd__fa_1)
     1    0.01    0.08    0.39    8.98 v _122_/COUT (sky130_fd_sc_hd__fa_1)
                                         _030_ (net)
                  0.08    0.00    8.98 v _123_/CIN (sky130_fd_sc_hd__fa_1)
     1    0.01    0.08    0.39    9.37 v _123_/COUT (sky130_fd_sc_hd__fa_1)
                                         _032_ (net)
                  0.08    0.00    9.37 v _124_/CIN (sky130_fd_sc_hd__fa_1)
     1    0.01    0.08    0.39    9.76 v _124_/COUT (sky130_fd_sc_hd__fa_1)
                                         _034_ (net)
                  0.08    0.00    9.76 v _125_/CIN (sky130_fd_sc_hd__fa_1)
     1    0.01    0.10    0.42   10.18 v _125_/COUT (sky130_fd_sc_hd__fa_1)
                                         _036_ (net)
                  0.10    0.00   10.18 v _126_/CIN (sky130_fd_sc_hd__fa_1)
     1    0.01    0.09    0.40   10.58 v _126_/COUT (sky130_fd_sc_hd__fa_1)
                                         _038_ (net)
                  0.09    0.00   10.58 v _127_/CIN (sky130_fd_sc_hd__fa_1)
     1    0.01    0.08    0.39   10.97 v _127_/COUT (sky130_fd_sc_hd__fa_1)
                                         _040_ (net)
                  0.08    0.00   10.97 v _128_/CIN (sky130_fd_sc_hd__fa_1)
     1    0.01    0.10    0.41   11.38 v _128_/COUT (sky130_fd_sc_hd__fa_1)
                                         _042_ (net)
                  0.10    0.00   11.38 v _129_/CIN (sky130_fd_sc_hd__fa_1)
     1    0.01    0.09    0.40   11.78 v _129_/COUT (sky130_fd_sc_hd__fa_1)
                                         _044_ (net)
                  0.09    0.00   11.78 v _130_/CIN (sky130_fd_sc_hd__fa_1)
     1    0.01    0.08    0.39   12.17 v _130_/COUT (sky130_fd_sc_hd__fa_1)
                                         _046_ (net)
                  0.08    0.00   12.17 v _132_/CIN (sky130_fd_sc_hd__fa_1)
     1    0.00    0.07    0.37   12.53 v _132_/COUT (sky130_fd_sc_hd__fa_1)
                                         _050_ (net)
                  0.07    0.00   12.53 v _106_/A (sky130_fd_sc_hd__inv_1)
     1    0.01    0.06    0.07   12.61 ^ _106_/Y (sky130_fd_sc_hd__inv_1)
                                         _054_ (net)
                  0.06    0.00   12.61 ^ _133_/CIN (sky130_fd_sc_hd__fa_1)
     1    0.00    0.07    0.40   13.01 v _133_/SUM (sky130_fd_sc_hd__fa_1)
                                         _056_ (net)
                  0.07    0.00   13.01 v _098_/A (sky130_fd_sc_hd__inv_1)
     1    0.00    0.04    0.06   13.07 ^ _098_/Y (sky130_fd_sc_hd__inv_1)
                                         net91 (net)
                  0.04    0.00   13.07 ^ output91/A (sky130_fd_sc_hd__clkbuf_1)
     1    0.00    0.03    0.07   13.13 ^ output91/X (sky130_fd_sc_hd__clkbuf_1)
                                         sum[31] (net)
                  0.03    0.00   13.13 ^ sum[31] (out)
                                 13.13   data arrival time
-----------------------------------------------------------------------------
(Path is unconstrained)



==========================================================================
finish report_check_types -max_slew -max_cap -max_fanout -violators
--------------------------------------------------------------------------

==========================================================================
finish max_slew_check_slack
--------------------------------------------------------------------------
1.3192102909088135

==========================================================================
finish max_slew_check_limit
--------------------------------------------------------------------------
1.4975509643554688

==========================================================================
finish max_slew_check_slack_limit
--------------------------------------------------------------------------
0.8809

==========================================================================
finish max_fanout_check_slack
--------------------------------------------------------------------------
1.0000000150474662e+30

==========================================================================
finish max_fanout_check_limit
--------------------------------------------------------------------------
1.0000000150474662e+30

==========================================================================
finish max_capacitance_check_slack
--------------------------------------------------------------------------
0.11746774613857269

==========================================================================
finish max_capacitance_check_limit
--------------------------------------------------------------------------
0.13001500070095062

==========================================================================
finish max_capacitance_check_slack_limit
--------------------------------------------------------------------------
0.9035

==========================================================================
finish max_slew_violation_count
--------------------------------------------------------------------------
max slew violation count 0

==========================================================================
finish max_fanout_violation_count
--------------------------------------------------------------------------
max fanout violation count 0

==========================================================================
finish max_cap_violation_count
--------------------------------------------------------------------------
max cap violation count 0

==========================================================================
finish setup_violation_count
--------------------------------------------------------------------------
setup violation count 0

==========================================================================
finish hold_violation_count
--------------------------------------------------------------------------
hold violation count 0

==========================================================================
finish critical path delay
--------------------------------------------------------------------------
-1

==========================================================================
finish critical path slack
--------------------------------------------------------------------------
0

==========================================================================
finish slack div critical path delay
--------------------------------------------------------------------------
0.000000

==========================================================================
finish report_power
--------------------------------------------------------------------------
Group                  Internal  Switching    Leakage      Total
                          Power      Power      Power      Power (Watts)
----------------------------------------------------------------
Sequential             0.00e+00   0.00e+00   0.00e+00   0.00e+00   0.0%
Combinational          3.52e-13   3.54e-13   5.93e-10   5.93e-10 100.0%
Clock                  3.12e-19   0.00e+00   6.34e-15   6.34e-15   0.0%
Macro                  0.00e+00   0.00e+00   0.00e+00   0.00e+00   0.0%
Pad                    0.00e+00   0.00e+00   0.00e+00   0.00e+00   0.0%
----------------------------------------------------------------
Total                  3.52e-13   3.54e-13   5.93e-10   5.93e-10 100.0%
                           0.1%       0.1%      99.9%
