
==========================================================================
resizer report_tns
--------------------------------------------------------------------------
tns 0.00

==========================================================================
resizer report_wns
--------------------------------------------------------------------------
wns 0.00

==========================================================================
resizer report_worst_slack
--------------------------------------------------------------------------
worst slack 3.36

==========================================================================
resizer report_checks -path_delay min
--------------------------------------------------------------------------
Startpoint: read_next (input port clocked by core_clock)
Endpoint: state[0]$_SDFF_PN0_
          (rising edge-triggered flip-flop clocked by core_clock)
Path Group: core_clock
Path Type: min

Fanout     Cap    Slew   Delay    Time   Description
-----------------------------------------------------------------------------
                  0.00    0.00    0.00   clock core_clock (rise edge)
                          0.00    0.00   clock network delay (ideal)
                          0.20    0.20 v input external delay
     1    0.00    0.00    0.00    0.20 v read_next (in)
                                         read_next (net)
                  0.00    0.00    0.20 v input1/A (sky130_fd_sc_hd__clkbuf_1)
     2    0.01    0.04    0.08    0.28 v input1/X (sky130_fd_sc_hd__clkbuf_1)
                                         net1 (net)
                  0.04    0.00    0.28 v _1152_/B (sky130_fd_sc_hd__nand2b_1)
     1    0.00    0.05    0.06    0.35 ^ _1152_/Y (sky130_fd_sc_hd__nand2b_1)
                                         _0543_ (net)
                  0.05    0.00    0.35 ^ _1154_/A2 (sky130_fd_sc_hd__a21oi_1)
     1    0.00    0.03    0.06    0.40 v _1154_/Y (sky130_fd_sc_hd__a21oi_1)
                                         _0139_ (net)
                  0.03    0.00    0.40 v state[0]$_SDFF_PN0_/D (sky130_fd_sc_hd__dfxtp_2)
                                  0.40   data arrival time

                  0.00    0.00    0.00   clock core_clock (rise edge)
                          0.00    0.00   clock network delay (ideal)
                          0.00    0.00   clock reconvergence pessimism
                                  0.00 ^ state[0]$_SDFF_PN0_/CLK (sky130_fd_sc_hd__dfxtp_2)
                         -0.05   -0.05   library hold time
                                 -0.05   data required time
-----------------------------------------------------------------------------
                                 -0.05   data required time
                                 -0.40   data arrival time
-----------------------------------------------------------------------------
                                  0.46   slack (MET)



==========================================================================
resizer report_checks -path_delay max
--------------------------------------------------------------------------
Startpoint: mixed_output[16]$_SDFFE_PN0N_
            (rising edge-triggered flip-flop clocked by core_clock)
Endpoint: test_failed (output port clocked by core_clock)
Path Group: core_clock
Path Type: max

Fanout     Cap    Slew   Delay    Time   Description
-----------------------------------------------------------------------------
                  0.00    0.00    0.00   clock core_clock (rise edge)
                          0.00    0.00   clock network delay (ideal)
                  0.00    0.00    0.00 ^ mixed_output[16]$_SDFFE_PN0N_/CLK (sky130_fd_sc_hd__dfxtp_1)
     4    0.01    0.12    0.34    0.34 ^ mixed_output[16]$_SDFFE_PN0N_/Q (sky130_fd_sc_hd__dfxtp_1)
                                         mixed_output[16] (net)
                  0.12    0.00    0.34 ^ _1160_/D (sky130_fd_sc_hd__nand4_1)
     1    0.00    0.08    0.11    0.45 v _1160_/Y (sky130_fd_sc_hd__nand4_1)
                                         _0548_ (net)
                  0.08    0.00    0.45 v _1164_/A (sky130_fd_sc_hd__or4_1)
     1    0.00    0.09    0.53    0.99 v _1164_/X (sky130_fd_sc_hd__or4_1)
                                         _0552_ (net)
                  0.09    0.00    0.99 v _1167_/A (sky130_fd_sc_hd__nor3_1)
     1    0.00    0.19    0.22    1.20 ^ _1167_/Y (sky130_fd_sc_hd__nor3_1)
                                         _0555_ (net)
                  0.19    0.00    1.20 ^ _1182_/A2 (sky130_fd_sc_hd__a31o_1)
     1    0.00    0.05    0.17    1.38 ^ _1182_/X (sky130_fd_sc_hd__a31o_1)
                                         net36 (net)
                  0.05    0.00    1.38 ^ output36/A (sky130_fd_sc_hd__clkbuf_1)
     1    0.00    0.02    0.06    1.44 ^ output36/X (sky130_fd_sc_hd__clkbuf_1)
                                         test_failed (net)
                  0.02    0.00    1.44 ^ test_failed (out)
                                  1.44   data arrival time

                  0.00    5.00    5.00   clock core_clock (rise edge)
                          0.00    5.00   clock network delay (ideal)
                          0.00    5.00   clock reconvergence pessimism
                         -0.20    4.80   output external delay
                                  4.80   data required time
-----------------------------------------------------------------------------
                                  4.80   data required time
                                 -1.44   data arrival time
-----------------------------------------------------------------------------
                                  3.36   slack (MET)



==========================================================================
resizer report_checks -unconstrained
--------------------------------------------------------------------------
Startpoint: mixed_output[16]$_SDFFE_PN0N_
            (rising edge-triggered flip-flop clocked by core_clock)
Endpoint: test_failed (output port clocked by core_clock)
Path Group: core_clock
Path Type: max

Fanout     Cap    Slew   Delay    Time   Description
-----------------------------------------------------------------------------
                  0.00    0.00    0.00   clock core_clock (rise edge)
                          0.00    0.00   clock network delay (ideal)
                  0.00    0.00    0.00 ^ mixed_output[16]$_SDFFE_PN0N_/CLK (sky130_fd_sc_hd__dfxtp_1)
     4    0.01    0.12    0.34    0.34 ^ mixed_output[16]$_SDFFE_PN0N_/Q (sky130_fd_sc_hd__dfxtp_1)
                                         mixed_output[16] (net)
                  0.12    0.00    0.34 ^ _1160_/D (sky130_fd_sc_hd__nand4_1)
     1    0.00    0.08    0.11    0.45 v _1160_/Y (sky130_fd_sc_hd__nand4_1)
                                         _0548_ (net)
                  0.08    0.00    0.45 v _1164_/A (sky130_fd_sc_hd__or4_1)
     1    0.00    0.09    0.53    0.99 v _1164_/X (sky130_fd_sc_hd__or4_1)
                                         _0552_ (net)
                  0.09    0.00    0.99 v _1167_/A (sky130_fd_sc_hd__nor3_1)
     1    0.00    0.19    0.22    1.20 ^ _1167_/Y (sky130_fd_sc_hd__nor3_1)
                                         _0555_ (net)
                  0.19    0.00    1.20 ^ _1182_/A2 (sky130_fd_sc_hd__a31o_1)
     1    0.00    0.05    0.17    1.38 ^ _1182_/X (sky130_fd_sc_hd__a31o_1)
                                         net36 (net)
                  0.05    0.00    1.38 ^ output36/A (sky130_fd_sc_hd__clkbuf_1)
     1    0.00    0.02    0.06    1.44 ^ output36/X (sky130_fd_sc_hd__clkbuf_1)
                                         test_failed (net)
                  0.02    0.00    1.44 ^ test_failed (out)
                                  1.44   data arrival time

                  0.00    5.00    5.00   clock core_clock (rise edge)
                          0.00    5.00   clock network delay (ideal)
                          0.00    5.00   clock reconvergence pessimism
                         -0.20    4.80   output external delay
                                  4.80   data required time
-----------------------------------------------------------------------------
                                  4.80   data required time
                                 -1.44   data arrival time
-----------------------------------------------------------------------------
                                  3.36   slack (MET)



==========================================================================
resizer report_check_types -max_slew -max_cap -max_fanout -violators
--------------------------------------------------------------------------

==========================================================================
resizer max_slew_check_slack
--------------------------------------------------------------------------
1.1683121919631958

==========================================================================
resizer max_slew_check_limit
--------------------------------------------------------------------------
1.4862940311431885

==========================================================================
resizer max_slew_check_slack_limit
--------------------------------------------------------------------------
0.7861

==========================================================================
resizer max_fanout_check_slack
--------------------------------------------------------------------------
1.0000000150474662e+30

==========================================================================
resizer max_fanout_check_limit
--------------------------------------------------------------------------
1.0000000150474662e+30

==========================================================================
resizer max_capacitance_check_slack
--------------------------------------------------------------------------
0.03117651492357254

==========================================================================
resizer max_capacitance_check_limit
--------------------------------------------------------------------------
0.03663099929690361

==========================================================================
resizer max_capacitance_check_slack_limit
--------------------------------------------------------------------------
0.8511

==========================================================================
resizer max_slew_violation_count
--------------------------------------------------------------------------
max slew violation count 0

==========================================================================
resizer max_fanout_violation_count
--------------------------------------------------------------------------
max fanout violation count 0

==========================================================================
resizer max_cap_violation_count
--------------------------------------------------------------------------
max cap violation count 0

==========================================================================
resizer setup_violation_count
--------------------------------------------------------------------------
setup violation count 0

==========================================================================
resizer hold_violation_count
--------------------------------------------------------------------------
hold violation count 0

==========================================================================
resizer report_checks -path_delay max reg to reg
--------------------------------------------------------------------------
Startpoint: state[0]$_SDFF_PN0_
            (rising edge-triggered flip-flop clocked by core_clock)
Endpoint: entropy_pool2[1]$_SDFFE_PN1P_
          (rising edge-triggered flip-flop clocked by core_clock)
Path Group: core_clock
Path Type: max

  Delay    Time   Description
---------------------------------------------------------
   0.00    0.00   clock core_clock (rise edge)
   0.00    0.00   clock network delay (ideal)
   0.00    0.00 ^ state[0]$_SDFF_PN0_/CLK (sky130_fd_sc_hd__dfxtp_2)
   0.37    0.37 ^ state[0]$_SDFF_PN0_/Q (sky130_fd_sc_hd__dfxtp_2)
   0.30    0.68 ^ _0625_/Y (sky130_fd_sc_hd__nor2b_2)
   0.16    0.84 ^ _0630_/X (sky130_fd_sc_hd__and2_0)
   0.19    1.03 ^ _0631_/X (sky130_fd_sc_hd__buf_2)
   0.24    1.27 ^ _0665_/X (sky130_fd_sc_hd__buf_2)
   0.10    1.37 v _0669_/Y (sky130_fd_sc_hd__nand2_1)
   0.08    1.45 ^ _0670_/Y (sky130_fd_sc_hd__nand3_1)
   0.00    1.45 ^ entropy_pool2[1]$_SDFFE_PN1P_/D (sky130_fd_sc_hd__dfxtp_1)
           1.45   data arrival time

   5.00    5.00   clock core_clock (rise edge)
   0.00    5.00   clock network delay (ideal)
   0.00    5.00   clock reconvergence pessimism
           5.00 ^ entropy_pool2[1]$_SDFFE_PN1P_/CLK (sky130_fd_sc_hd__dfxtp_1)
  -0.06    4.94   library setup time
           4.94   data required time
---------------------------------------------------------
           4.94   data required time
          -1.45   data arrival time
---------------------------------------------------------
           3.49   slack (MET)



==========================================================================
resizer report_checks -path_delay min reg to reg
--------------------------------------------------------------------------
Startpoint: entropy_pool[4]$_SDFFE_PN0P_
            (rising edge-triggered flip-flop clocked by core_clock)
Endpoint: entropy_pool[5]$_SDFFE_PN0P_
          (rising edge-triggered flip-flop clocked by core_clock)
Path Group: core_clock
Path Type: min

  Delay    Time   Description
---------------------------------------------------------
   0.00    0.00   clock core_clock (rise edge)
   0.00    0.00   clock network delay (ideal)
   0.00    0.00 ^ entropy_pool[4]$_SDFFE_PN0P_/CLK (sky130_fd_sc_hd__dfxtp_1)
   0.30    0.30 v entropy_pool[4]$_SDFFE_PN0P_/Q (sky130_fd_sc_hd__dfxtp_1)
   0.06    0.36 ^ _0825_/Y (sky130_fd_sc_hd__nand2_1)
   0.05    0.41 v _0827_/Y (sky130_fd_sc_hd__a21oi_1)
   0.00    0.41 v entropy_pool[5]$_SDFFE_PN0P_/D (sky130_fd_sc_hd__dfxtp_1)
           0.41   data arrival time

   0.00    0.00   clock core_clock (rise edge)
   0.00    0.00   clock network delay (ideal)
   0.00    0.00   clock reconvergence pessimism
           0.00 ^ entropy_pool[5]$_SDFFE_PN0P_/CLK (sky130_fd_sc_hd__dfxtp_1)
  -0.06   -0.06   library hold time
          -0.06   data required time
---------------------------------------------------------
          -0.06   data required time
          -0.41   data arrival time
---------------------------------------------------------
           0.47   slack (MET)



==========================================================================
resizer critical path target clock latency max path
--------------------------------------------------------------------------
0.0000

==========================================================================
resizer critical path target clock latency min path
--------------------------------------------------------------------------
0.0000

==========================================================================
resizer critical path source clock latency min path
--------------------------------------------------------------------------
0.0000

==========================================================================
resizer critical path delay
--------------------------------------------------------------------------
1.4397

==========================================================================
resizer critical path slack
--------------------------------------------------------------------------
3.3603

==========================================================================
resizer slack div critical path delay
--------------------------------------------------------------------------
233.402792

==========================================================================
resizer report_power
--------------------------------------------------------------------------
Group                  Internal  Switching    Leakage      Total
                          Power      Power      Power      Power (Watts)
----------------------------------------------------------------
Sequential             1.19e-03   4.19e-05   1.15e-09   1.23e-03  84.9%
Combinational          1.01e-04   1.18e-04   1.65e-09   2.19e-04  15.1%
Clock                  0.00e+00   0.00e+00   0.00e+00   0.00e+00   0.0%
Macro                  0.00e+00   0.00e+00   0.00e+00   0.00e+00   0.0%
Pad                    0.00e+00   0.00e+00   0.00e+00   0.00e+00   0.0%
----------------------------------------------------------------
Total                  1.29e-03   1.60e-04   2.80e-09   1.45e-03 100.0%
                          88.9%      11.1%       0.0%
