
==========================================================================
global place report_tns
--------------------------------------------------------------------------
tns 0.00

==========================================================================
global place report_wns
--------------------------------------------------------------------------
wns 0.00

==========================================================================
global place report_worst_slack
--------------------------------------------------------------------------
worst slack 1.61

==========================================================================
global place report_checks -path_delay min
--------------------------------------------------------------------------
Startpoint: rst_n (input port clocked by core_clock)
Endpoint: wr_ptr[4]$_DFFE_PN0P_
          (removal check against rising-edge clock core_clock)
Path Group: asynchronous
Path Type: min

Fanout     Cap    Slew   Delay    Time   Description
-----------------------------------------------------------------------------
                  0.00    0.00    0.00   clock core_clock (rise edge)
                          0.00    0.00   clock network delay (ideal)
                          0.20    0.20 ^ input external delay
     1    0.00    0.00    0.00    0.20 ^ rst_n (in)
                                         rst_n (net)
                  0.00    0.00    0.20 ^ hold1/A (sky130_fd_sc_hd__dlygate4sd3_1)
    10    0.05    0.51    0.85    1.05 ^ hold1/X (sky130_fd_sc_hd__dlygate4sd3_1)
                                         net1 (net)
                  0.51    0.00    1.05 ^ wr_ptr[4]$_DFFE_PN0P_/RESET_B (sky130_fd_sc_hd__dfrtp_1)
                                  1.05   data arrival time

                  0.00    0.00    0.00   clock core_clock (rise edge)
                          0.00    0.00   clock network delay (ideal)
                          0.00    0.00   clock reconvergence pessimism
                                  0.00 ^ wr_ptr[4]$_DFFE_PN0P_/CLK (sky130_fd_sc_hd__dfrtp_1)
                          0.43    0.43   library removal time
                                  0.43   data required time
-----------------------------------------------------------------------------
                                  0.43   data required time
                                 -1.05   data arrival time
-----------------------------------------------------------------------------
                                  0.62   slack (MET)


Startpoint: wr_data[3] (input port clocked by core_clock)
Endpoint: mem[11][3]$_DFFE_PP_
          (rising edge-triggered flip-flop clocked by core_clock)
Path Group: core_clock
Path Type: min

Fanout     Cap    Slew   Delay    Time   Description
-----------------------------------------------------------------------------
                  0.00    0.00    0.00   clock core_clock (rise edge)
                          0.00    0.00   clock network delay (ideal)
                          0.20    0.20 ^ input external delay
    16    0.06    0.00    0.00    0.20 ^ wr_data[3] (in)
                                         wr_data[3] (net)
                  0.00    0.00    0.20 ^ mem[11][3]$_DFFE_PP_/D (sky130_fd_sc_hd__edfxtp_1)
                                  0.20   data arrival time

                  0.00    0.00    0.00   clock core_clock (rise edge)
                          0.00    0.00   clock network delay (ideal)
                          0.00    0.00   clock reconvergence pessimism
                                  0.00 ^ mem[11][3]$_DFFE_PP_/CLK (sky130_fd_sc_hd__edfxtp_1)
                         -0.10   -0.10   library hold time
                                 -0.10   data required time
-----------------------------------------------------------------------------
                                 -0.10   data required time
                                 -0.20   data arrival time
-----------------------------------------------------------------------------
                                  0.30   slack (MET)



==========================================================================
global place report_checks -path_delay max
--------------------------------------------------------------------------
Startpoint: rst_n (input port clocked by core_clock)
Endpoint: rd_ptr[2]$_DFFE_PN0P_
          (recovery check against rising-edge clock core_clock)
Path Group: asynchronous
Path Type: max

Fanout     Cap    Slew   Delay    Time   Description
-----------------------------------------------------------------------------
                  0.00    0.00    0.00   clock core_clock (rise edge)
                          0.00    0.00   clock network delay (ideal)
                          0.20    0.20 ^ input external delay
     1    0.00    0.00    0.00    0.20 ^ rst_n (in)
                                         rst_n (net)
                  0.00    0.00    0.20 ^ hold1/A (sky130_fd_sc_hd__dlygate4sd3_1)
    10    0.05    0.51    0.85    1.05 ^ hold1/X (sky130_fd_sc_hd__dlygate4sd3_1)
                                         net1 (net)
                  0.51    0.00    1.06 ^ rd_ptr[2]$_DFFE_PN0P_/RESET_B (sky130_fd_sc_hd__dfrtp_1)
                                  1.06   data arrival time

                  0.00    5.00    5.00   clock core_clock (rise edge)
                          0.00    5.00   clock network delay (ideal)
                          0.00    5.00   clock reconvergence pessimism
                                  5.00 ^ rd_ptr[2]$_DFFE_PN0P_/CLK (sky130_fd_sc_hd__dfrtp_1)
                          0.10    5.10   library recovery time
                                  5.10   data required time
-----------------------------------------------------------------------------
                                  5.10   data required time
                                 -1.06   data arrival time
-----------------------------------------------------------------------------
                                  4.04   slack (MET)


Startpoint: wr_ptr[0]$_DFFE_PN0P_
            (rising edge-triggered flip-flop clocked by core_clock)
Endpoint: mem[15][2]$_DFFE_PP_
          (rising edge-triggered flip-flop clocked by core_clock)
Path Group: core_clock
Path Type: max

Fanout     Cap    Slew   Delay    Time   Description
-----------------------------------------------------------------------------
                  0.00    0.00    0.00   clock core_clock (rise edge)
                          0.00    0.00   clock network delay (ideal)
                  0.00    0.00    0.00 ^ wr_ptr[0]$_DFFE_PN0P_/CLK (sky130_fd_sc_hd__dfrtp_1)
     4    0.01    0.09    0.39    0.39 v wr_ptr[0]$_DFFE_PN0P_/Q (sky130_fd_sc_hd__dfrtp_1)
                                         wr_ptr[0] (net)
                  0.09    0.00    0.39 v _181_/A (sky130_fd_sc_hd__inv_1)
     4    0.02    0.15    0.15    0.54 ^ _181_/Y (sky130_fd_sc_hd__inv_1)
                                         _016_ (net)
                  0.15    0.00    0.54 ^ _269_/B (sky130_fd_sc_hd__ha_1)
     2    0.01    0.07    0.18    0.72 ^ _269_/COUT (sky130_fd_sc_hd__ha_1)
                                         _129_ (net)
                  0.07    0.00    0.72 ^ _177_/A (sky130_fd_sc_hd__inv_1)
     1    0.00    0.03    0.05    0.77 v _177_/Y (sky130_fd_sc_hd__inv_1)
                                         _110_ (net)
                  0.03    0.00    0.77 v _260_/CIN (sky130_fd_sc_hd__fa_1)
     2    0.01    0.11    0.41    1.18 v _260_/COUT (sky130_fd_sc_hd__fa_1)
                                         _111_ (net)
                  0.11    0.00    1.18 v _138_/A2 (sky130_fd_sc_hd__a21o_1)
     1    0.01    0.04    0.21    1.39 v _138_/X (sky130_fd_sc_hd__a21o_1)
                                         _033_ (net)
                  0.04    0.00    1.39 v _139_/A2 (sky130_fd_sc_hd__a21oi_2)
     1    0.01    0.15    0.18    1.57 ^ _139_/Y (sky130_fd_sc_hd__a21oi_2)
                                         _034_ (net)
                  0.15    0.00    1.57 ^ _141_/A (sky130_fd_sc_hd__xor2_2)
     6    0.02    0.30    0.29    1.86 ^ _141_/X (sky130_fd_sc_hd__xor2_2)
                                         _036_ (net)
                  0.30    0.00    1.86 ^ _142_/A (sky130_fd_sc_hd__inv_2)
     8    0.03    0.11    0.14    2.00 v _142_/Y (sky130_fd_sc_hd__inv_2)
                                         data_count[4] (net)
                  0.11    0.00    2.00 v _173_/A1 (sky130_fd_sc_hd__a21oi_1)
     9    0.06    1.27    0.98    2.98 ^ _173_/Y (sky130_fd_sc_hd__a21oi_1)
                                         _006_ (net)
                  1.27    0.00    2.99 ^ mem[15][2]$_DFFE_PP_/DE (sky130_fd_sc_hd__edfxtp_1)
                                  2.99   data arrival time

                  0.00    5.00    5.00   clock core_clock (rise edge)
                          0.00    5.00   clock network delay (ideal)
                          0.00    5.00   clock reconvergence pessimism
                                  5.00 ^ mem[15][2]$_DFFE_PP_/CLK (sky130_fd_sc_hd__edfxtp_1)
                         -0.40    4.60   library setup time
                                  4.60   data required time
-----------------------------------------------------------------------------
                                  4.60   data required time
                                 -2.99   data arrival time
-----------------------------------------------------------------------------
                                  1.61   slack (MET)



==========================================================================
global place report_checks -unconstrained
--------------------------------------------------------------------------
Startpoint: rst_n (input port clocked by core_clock)
Endpoint: rd_ptr[2]$_DFFE_PN0P_
          (recovery check against rising-edge clock core_clock)
Path Group: asynchronous
Path Type: max

Fanout     Cap    Slew   Delay    Time   Description
-----------------------------------------------------------------------------
                  0.00    0.00    0.00   clock core_clock (rise edge)
                          0.00    0.00   clock network delay (ideal)
                          0.20    0.20 ^ input external delay
     1    0.00    0.00    0.00    0.20 ^ rst_n (in)
                                         rst_n (net)
                  0.00    0.00    0.20 ^ hold1/A (sky130_fd_sc_hd__dlygate4sd3_1)
    10    0.05    0.51    0.85    1.05 ^ hold1/X (sky130_fd_sc_hd__dlygate4sd3_1)
                                         net1 (net)
                  0.51    0.00    1.06 ^ rd_ptr[2]$_DFFE_PN0P_/RESET_B (sky130_fd_sc_hd__dfrtp_1)
                                  1.06   data arrival time

                  0.00    5.00    5.00   clock core_clock (rise edge)
                          0.00    5.00   clock network delay (ideal)
                          0.00    5.00   clock reconvergence pessimism
                                  5.00 ^ rd_ptr[2]$_DFFE_PN0P_/CLK (sky130_fd_sc_hd__dfrtp_1)
                          0.10    5.10   library recovery time
                                  5.10   data required time
-----------------------------------------------------------------------------
                                  5.10   data required time
                                 -1.06   data arrival time
-----------------------------------------------------------------------------
                                  4.04   slack (MET)


Startpoint: wr_ptr[0]$_DFFE_PN0P_
            (rising edge-triggered flip-flop clocked by core_clock)
Endpoint: mem[15][2]$_DFFE_PP_
          (rising edge-triggered flip-flop clocked by core_clock)
Path Group: core_clock
Path Type: max

Fanout     Cap    Slew   Delay    Time   Description
-----------------------------------------------------------------------------
                  0.00    0.00    0.00   clock core_clock (rise edge)
                          0.00    0.00   clock network delay (ideal)
                  0.00    0.00    0.00 ^ wr_ptr[0]$_DFFE_PN0P_/CLK (sky130_fd_sc_hd__dfrtp_1)
     4    0.01    0.09    0.39    0.39 v wr_ptr[0]$_DFFE_PN0P_/Q (sky130_fd_sc_hd__dfrtp_1)
                                         wr_ptr[0] (net)
                  0.09    0.00    0.39 v _181_/A (sky130_fd_sc_hd__inv_1)
     4    0.02    0.15    0.15    0.54 ^ _181_/Y (sky130_fd_sc_hd__inv_1)
                                         _016_ (net)
                  0.15    0.00    0.54 ^ _269_/B (sky130_fd_sc_hd__ha_1)
     2    0.01    0.07    0.18    0.72 ^ _269_/COUT (sky130_fd_sc_hd__ha_1)
                                         _129_ (net)
                  0.07    0.00    0.72 ^ _177_/A (sky130_fd_sc_hd__inv_1)
     1    0.00    0.03    0.05    0.77 v _177_/Y (sky130_fd_sc_hd__inv_1)
                                         _110_ (net)
                  0.03    0.00    0.77 v _260_/CIN (sky130_fd_sc_hd__fa_1)
     2    0.01    0.11    0.41    1.18 v _260_/COUT (sky130_fd_sc_hd__fa_1)
                                         _111_ (net)
                  0.11    0.00    1.18 v _138_/A2 (sky130_fd_sc_hd__a21o_1)
     1    0.01    0.04    0.21    1.39 v _138_/X (sky130_fd_sc_hd__a21o_1)
                                         _033_ (net)
                  0.04    0.00    1.39 v _139_/A2 (sky130_fd_sc_hd__a21oi_2)
     1    0.01    0.15    0.18    1.57 ^ _139_/Y (sky130_fd_sc_hd__a21oi_2)
                                         _034_ (net)
                  0.15    0.00    1.57 ^ _141_/A (sky130_fd_sc_hd__xor2_2)
     6    0.02    0.30    0.29    1.86 ^ _141_/X (sky130_fd_sc_hd__xor2_2)
                                         _036_ (net)
                  0.30    0.00    1.86 ^ _142_/A (sky130_fd_sc_hd__inv_2)
     8    0.03    0.11    0.14    2.00 v _142_/Y (sky130_fd_sc_hd__inv_2)
                                         data_count[4] (net)
                  0.11    0.00    2.00 v _173_/A1 (sky130_fd_sc_hd__a21oi_1)
     9    0.06    1.27    0.98    2.98 ^ _173_/Y (sky130_fd_sc_hd__a21oi_1)
                                         _006_ (net)
                  1.27    0.00    2.99 ^ mem[15][2]$_DFFE_PP_/DE (sky130_fd_sc_hd__edfxtp_1)
                                  2.99   data arrival time

                  0.00    5.00    5.00   clock core_clock (rise edge)
                          0.00    5.00   clock network delay (ideal)
                          0.00    5.00   clock reconvergence pessimism
                                  5.00 ^ mem[15][2]$_DFFE_PP_/CLK (sky130_fd_sc_hd__edfxtp_1)
                         -0.40    4.60   library setup time
                                  4.60   data required time
-----------------------------------------------------------------------------
                                  4.60   data required time
                                 -2.99   data arrival time
-----------------------------------------------------------------------------
                                  1.61   slack (MET)



==========================================================================
global place report_power
--------------------------------------------------------------------------
Group                  Internal  Switching    Leakage      Total
                          Power      Power      Power      Power (Watts)
----------------------------------------------------------------
Sequential             1.45e-03   6.38e-05   1.27e-09   1.51e-03  49.2%
Combinational          7.66e-04   7.93e-04   8.12e-10   1.56e-03  50.8%
Clock                  0.00e+00   0.00e+00   0.00e+00   0.00e+00   0.0%
Macro                  0.00e+00   0.00e+00   0.00e+00   0.00e+00   0.0%
Pad                    0.00e+00   0.00e+00   0.00e+00   0.00e+00   0.0%
----------------------------------------------------------------
Total                  2.21e-03   8.56e-04   2.09e-09   3.07e-03 100.0%
                          72.1%      27.9%       0.0%
