
==========================================================================
finish report_tns
--------------------------------------------------------------------------
tns max -1.79

==========================================================================
finish report_wns
--------------------------------------------------------------------------
wns max -0.39

==========================================================================
finish report_worst_slack
--------------------------------------------------------------------------
worst slack max -0.39

==========================================================================
finish report_clock_skew
--------------------------------------------------------------------------
Clock clk
   0.86 source latency u0.w[0][16]$_DFF_P_/CLK ^
  -0.59 target latency u0.u0.d[0]$_DFF_P_/CLK ^
   0.00 CRPR
--------------
   0.27 setup skew


==========================================================================
finish report_checks -path_delay min
--------------------------------------------------------------------------
Startpoint: text_in[113] (input port clocked by clk)
Endpoint: text_in_r[113]$_DFFE_PP_
          (rising edge-triggered flip-flop clocked by clk)
Path Group: clk
Path Type: min

Fanout     Cap    Slew   Delay    Time   Description
-----------------------------------------------------------------------------
                          0.00    0.00   clock clk (rise edge)
                          0.00    0.00   clock network delay (propagated)
                          0.90    0.90 ^ input external delay
     3    0.09    0.00    0.00    0.90 ^ text_in[113] (in)
                                         text_in[113] (net)
                  0.01    0.00    0.90 ^ input146/A (sky130_fd_sc_hd__buf_1)
     1    0.00    0.04    0.06    0.97 ^ input146/X (sky130_fd_sc_hd__buf_1)
                                         net146 (net)
                  0.04    0.00    0.97 ^ text_in_r[113]$_DFFE_PP_/D (sky130_fd_sc_hd__edfxtp_1)
                                  0.97   data arrival time

                          0.00    0.00   clock clk (rise edge)
                          0.00    0.00   clock source latency
     1    0.10    0.00    0.00    0.00 ^ clk (in)
                                         clk (net)
                  0.02    0.01    0.01 ^ clkbuf_0_clk/A (sky130_fd_sc_hd__clkbuf_16)
     8    0.23    0.24    0.26    0.27 ^ clkbuf_0_clk/X (sky130_fd_sc_hd__clkbuf_16)
                                         clknet_0_clk (net)
                  0.24    0.01    0.28 ^ clkbuf_3_6_0_clk/A (sky130_fd_sc_hd__clkbuf_16)
    17    0.24    0.25    0.33    0.61 ^ clkbuf_3_6_0_clk/X (sky130_fd_sc_hd__clkbuf_16)
                                         clknet_3_6_0_clk (net)
                  0.25    0.02    0.63 ^ clkbuf_leaf_66_clk/A (sky130_fd_sc_hd__clkbuf_16)
    18    0.06    0.08    0.22    0.85 ^ clkbuf_leaf_66_clk/X (sky130_fd_sc_hd__clkbuf_16)
                                         clknet_leaf_66_clk (net)
                  0.08    0.00    0.86 ^ text_in_r[113]$_DFFE_PP_/CLK (sky130_fd_sc_hd__edfxtp_1)
                          0.00    0.86   clock reconvergence pessimism
                         -0.10    0.75   library hold time
                                  0.75   data required time
-----------------------------------------------------------------------------
                                  0.75   data required time
                                 -0.97   data arrival time
-----------------------------------------------------------------------------
                                  0.21   slack (MET)



==========================================================================
finish report_checks -path_delay max
--------------------------------------------------------------------------
Startpoint: sa10_sr[3]$_DFF_P_ (rising edge-triggered flip-flop clocked by clk)
Endpoint: sa22_sr[0]$_DFF_P_ (rising edge-triggered flip-flop clocked by clk)
Path Group: clk
Path Type: max

Fanout     Cap    Slew   Delay    Time   Description
-----------------------------------------------------------------------------
                          0.00    0.00   clock clk (rise edge)
                          0.00    0.00   clock source latency
     1    0.10    0.00    0.00    0.00 ^ clk (in)
                                         clk (net)
                  0.02    0.01    0.01 ^ clkbuf_0_clk/A (sky130_fd_sc_hd__clkbuf_16)
     8    0.23    0.24    0.26    0.27 ^ clkbuf_0_clk/X (sky130_fd_sc_hd__clkbuf_16)
                                         clknet_0_clk (net)
                  0.24    0.01    0.28 ^ clkbuf_3_7_0_clk/A (sky130_fd_sc_hd__clkbuf_16)
    13    0.21    0.22    0.32    0.60 ^ clkbuf_3_7_0_clk/X (sky130_fd_sc_hd__clkbuf_16)
                                         clknet_3_7_0_clk (net)
                  0.22    0.01    0.61 ^ clkbuf_leaf_53_clk/A (sky130_fd_sc_hd__clkbuf_16)
     3    0.02    0.04    0.18    0.79 ^ clkbuf_leaf_53_clk/X (sky130_fd_sc_hd__clkbuf_16)
                                         clknet_leaf_53_clk (net)
                  0.04    0.00    0.79 ^ sa10_sr[3]$_DFF_P_/CLK (sky130_fd_sc_hd__dfxtp_1)
     3    0.07    0.63    0.72    1.51 ^ sa10_sr[3]$_DFF_P_/Q (sky130_fd_sc_hd__dfxtp_1)
                                         sa10_sr[3] (net)
                  0.63    0.01    1.51 ^ place4218/A (sky130_fd_sc_hd__buf_1)
     1    0.01    0.12    0.20    1.71 ^ place4218/X (sky130_fd_sc_hd__buf_1)
                                         net4218 (net)
                  0.12    0.00    1.72 ^ _19765_/B (sky130_fd_sc_hd__xnor2_1)
     2    0.01    0.27    0.19    1.90 ^ _19765_/Y (sky130_fd_sc_hd__xnor2_1)
                                         _10546_ (net)
                  0.27    0.00    1.90 ^ _19767_/B (sky130_fd_sc_hd__xnor3_1)
     1    0.01    0.14    0.33    2.23 ^ _19767_/X (sky130_fd_sc_hd__xnor3_1)
                                         _10548_ (net)
                  0.14    0.00    2.23 ^ _19768_/A1 (sky130_fd_sc_hd__mux2i_4)
     2    0.02    0.09    0.12    2.35 v _19768_/Y (sky130_fd_sc_hd__mux2i_4)
                                         _10549_ (net)
                  0.09    0.00    2.35 v _19769_/A (sky130_fd_sc_hd__xnor2_4)
     9    0.23    1.63    1.15    3.50 ^ _19769_/Y (sky130_fd_sc_hd__xnor2_4)
                                         _10550_ (net)
                  1.67    0.20    3.70 ^ rebuffer3/A (sky130_fd_sc_hd__buf_6)
     4    0.03    0.10    0.26    3.96 ^ rebuffer3/X (sky130_fd_sc_hd__buf_6)
                                         net390 (net)
                  0.10    0.00    3.96 ^ place3879/A (sky130_fd_sc_hd__buf_12)
    17    0.12    0.14    0.19    4.15 ^ place3879/X (sky130_fd_sc_hd__buf_12)
                                         net3879 (net)
                  0.14    0.00    4.15 ^ _19781_/B (sky130_fd_sc_hd__nand2_8)
    10    0.07    0.15    0.12    4.27 v _19781_/Y (sky130_fd_sc_hd__nand2_8)
                                         _10562_ (net)
                  0.15    0.00    4.27 v _19844_/B (sky130_fd_sc_hd__nor2_2)
     3    0.02    0.21    0.22    4.49 ^ _19844_/Y (sky130_fd_sc_hd__nor2_2)
                                         _10624_ (net)
                  0.21    0.00    4.49 ^ _19845_/C (sky130_fd_sc_hd__nor3_1)
     1    0.01    0.07    0.09    4.58 v _19845_/Y (sky130_fd_sc_hd__nor3_1)
                                         _10625_ (net)
                  0.07    0.00    4.58 v _19848_/A3 (sky130_fd_sc_hd__o31ai_1)
     1    0.00    0.20    0.20    4.78 ^ _19848_/Y (sky130_fd_sc_hd__o31ai_1)
                                         _10628_ (net)
                  0.20    0.00    4.78 ^ _19849_/B1 (sky130_fd_sc_hd__a31oi_1)
     1    0.01    0.12    0.10    4.88 v _19849_/Y (sky130_fd_sc_hd__a31oi_1)
                                         _10629_ (net)
                  0.12    0.00    4.88 v _19903_/C (sky130_fd_sc_hd__nor4_4)
     2    0.05    0.77    0.67    5.55 ^ _19903_/Y (sky130_fd_sc_hd__nor4_4)
                                         _00096_ (net)
                  0.77    0.00    5.56 ^ sa22_sr[0]$_DFF_P_/D (sky130_fd_sc_hd__dfxtp_1)
                                  5.56   data arrival time

                          4.50    4.50   clock clk (rise edge)
                          0.00    4.50   clock source latency
     1    0.10    0.00    0.00    4.50 ^ clk (in)
                                         clk (net)
                  0.02    0.01    4.51 ^ clkbuf_0_clk/A (sky130_fd_sc_hd__clkbuf_16)
     8    0.23    0.24    0.26    4.77 ^ clkbuf_0_clk/X (sky130_fd_sc_hd__clkbuf_16)
                                         clknet_0_clk (net)
                  0.24    0.02    4.78 ^ clkbuf_3_4_0_clk/A (sky130_fd_sc_hd__clkbuf_16)
    15    0.23    0.24    0.33    5.11 ^ clkbuf_3_4_0_clk/X (sky130_fd_sc_hd__clkbuf_16)
                                         clknet_3_4_0_clk (net)
                  0.24    0.01    5.12 ^ clkbuf_leaf_30_clk/A (sky130_fd_sc_hd__clkbuf_16)
    14    0.06    0.08    0.22    5.34 ^ clkbuf_leaf_30_clk/X (sky130_fd_sc_hd__clkbuf_16)
                                         clknet_leaf_30_clk (net)
                  0.08    0.00    5.34 ^ sa22_sr[0]$_DFF_P_/CLK (sky130_fd_sc_hd__dfxtp_1)
                          0.00    5.34   clock reconvergence pessimism
                         -0.17    5.17   library setup time
                                  5.17   data required time
-----------------------------------------------------------------------------
                                  5.17   data required time
                                 -5.56   data arrival time
-----------------------------------------------------------------------------
                                 -0.39   slack (VIOLATED)



==========================================================================
finish report_checks -unconstrained
--------------------------------------------------------------------------
Startpoint: sa10_sr[3]$_DFF_P_ (rising edge-triggered flip-flop clocked by clk)
Endpoint: sa22_sr[0]$_DFF_P_ (rising edge-triggered flip-flop clocked by clk)
Path Group: clk
Path Type: max

Fanout     Cap    Slew   Delay    Time   Description
-----------------------------------------------------------------------------
                          0.00    0.00   clock clk (rise edge)
                          0.00    0.00   clock source latency
     1    0.10    0.00    0.00    0.00 ^ clk (in)
                                         clk (net)
                  0.02    0.01    0.01 ^ clkbuf_0_clk/A (sky130_fd_sc_hd__clkbuf_16)
     8    0.23    0.24    0.26    0.27 ^ clkbuf_0_clk/X (sky130_fd_sc_hd__clkbuf_16)
                                         clknet_0_clk (net)
                  0.24    0.01    0.28 ^ clkbuf_3_7_0_clk/A (sky130_fd_sc_hd__clkbuf_16)
    13    0.21    0.22    0.32    0.60 ^ clkbuf_3_7_0_clk/X (sky130_fd_sc_hd__clkbuf_16)
                                         clknet_3_7_0_clk (net)
                  0.22    0.01    0.61 ^ clkbuf_leaf_53_clk/A (sky130_fd_sc_hd__clkbuf_16)
     3    0.02    0.04    0.18    0.79 ^ clkbuf_leaf_53_clk/X (sky130_fd_sc_hd__clkbuf_16)
                                         clknet_leaf_53_clk (net)
                  0.04    0.00    0.79 ^ sa10_sr[3]$_DFF_P_/CLK (sky130_fd_sc_hd__dfxtp_1)
     3    0.07    0.63    0.72    1.51 ^ sa10_sr[3]$_DFF_P_/Q (sky130_fd_sc_hd__dfxtp_1)
                                         sa10_sr[3] (net)
                  0.63    0.01    1.51 ^ place4218/A (sky130_fd_sc_hd__buf_1)
     1    0.01    0.12    0.20    1.71 ^ place4218/X (sky130_fd_sc_hd__buf_1)
                                         net4218 (net)
                  0.12    0.00    1.72 ^ _19765_/B (sky130_fd_sc_hd__xnor2_1)
     2    0.01    0.27    0.19    1.90 ^ _19765_/Y (sky130_fd_sc_hd__xnor2_1)
                                         _10546_ (net)
                  0.27    0.00    1.90 ^ _19767_/B (sky130_fd_sc_hd__xnor3_1)
     1    0.01    0.14    0.33    2.23 ^ _19767_/X (sky130_fd_sc_hd__xnor3_1)
                                         _10548_ (net)
                  0.14    0.00    2.23 ^ _19768_/A1 (sky130_fd_sc_hd__mux2i_4)
     2    0.02    0.09    0.12    2.35 v _19768_/Y (sky130_fd_sc_hd__mux2i_4)
                                         _10549_ (net)
                  0.09    0.00    2.35 v _19769_/A (sky130_fd_sc_hd__xnor2_4)
     9    0.23    1.63    1.15    3.50 ^ _19769_/Y (sky130_fd_sc_hd__xnor2_4)
                                         _10550_ (net)
                  1.67    0.20    3.70 ^ rebuffer3/A (sky130_fd_sc_hd__buf_6)
     4    0.03    0.10    0.26    3.96 ^ rebuffer3/X (sky130_fd_sc_hd__buf_6)
                                         net390 (net)
                  0.10    0.00    3.96 ^ place3879/A (sky130_fd_sc_hd__buf_12)
    17    0.12    0.14    0.19    4.15 ^ place3879/X (sky130_fd_sc_hd__buf_12)
                                         net3879 (net)
                  0.14    0.00    4.15 ^ _19781_/B (sky130_fd_sc_hd__nand2_8)
    10    0.07    0.15    0.12    4.27 v _19781_/Y (sky130_fd_sc_hd__nand2_8)
                                         _10562_ (net)
                  0.15    0.00    4.27 v _19844_/B (sky130_fd_sc_hd__nor2_2)
     3    0.02    0.21    0.22    4.49 ^ _19844_/Y (sky130_fd_sc_hd__nor2_2)
                                         _10624_ (net)
                  0.21    0.00    4.49 ^ _19845_/C (sky130_fd_sc_hd__nor3_1)
     1    0.01    0.07    0.09    4.58 v _19845_/Y (sky130_fd_sc_hd__nor3_1)
                                         _10625_ (net)
                  0.07    0.00    4.58 v _19848_/A3 (sky130_fd_sc_hd__o31ai_1)
     1    0.00    0.20    0.20    4.78 ^ _19848_/Y (sky130_fd_sc_hd__o31ai_1)
                                         _10628_ (net)
                  0.20    0.00    4.78 ^ _19849_/B1 (sky130_fd_sc_hd__a31oi_1)
     1    0.01    0.12    0.10    4.88 v _19849_/Y (sky130_fd_sc_hd__a31oi_1)
                                         _10629_ (net)
                  0.12    0.00    4.88 v _19903_/C (sky130_fd_sc_hd__nor4_4)
     2    0.05    0.77    0.67    5.55 ^ _19903_/Y (sky130_fd_sc_hd__nor4_4)
                                         _00096_ (net)
                  0.77    0.00    5.56 ^ sa22_sr[0]$_DFF_P_/D (sky130_fd_sc_hd__dfxtp_1)
                                  5.56   data arrival time

                          4.50    4.50   clock clk (rise edge)
                          0.00    4.50   clock source latency
     1    0.10    0.00    0.00    4.50 ^ clk (in)
                                         clk (net)
                  0.02    0.01    4.51 ^ clkbuf_0_clk/A (sky130_fd_sc_hd__clkbuf_16)
     8    0.23    0.24    0.26    4.77 ^ clkbuf_0_clk/X (sky130_fd_sc_hd__clkbuf_16)
                                         clknet_0_clk (net)
                  0.24    0.02    4.78 ^ clkbuf_3_4_0_clk/A (sky130_fd_sc_hd__clkbuf_16)
    15    0.23    0.24    0.33    5.11 ^ clkbuf_3_4_0_clk/X (sky130_fd_sc_hd__clkbuf_16)
                                         clknet_3_4_0_clk (net)
                  0.24    0.01    5.12 ^ clkbuf_leaf_30_clk/A (sky130_fd_sc_hd__clkbuf_16)
    14    0.06    0.08    0.22    5.34 ^ clkbuf_leaf_30_clk/X (sky130_fd_sc_hd__clkbuf_16)
                                         clknet_leaf_30_clk (net)
                  0.08    0.00    5.34 ^ sa22_sr[0]$_DFF_P_/CLK (sky130_fd_sc_hd__dfxtp_1)
                          0.00    5.34   clock reconvergence pessimism
                         -0.17    5.17   library setup time
                                  5.17   data required time
-----------------------------------------------------------------------------
                                  5.17   data required time
                                 -5.56   data arrival time
-----------------------------------------------------------------------------
                                 -0.39   slack (VIOLATED)



==========================================================================
finish report_check_types -max_slew -max_cap -max_fanout -violators
--------------------------------------------------------------------------
max slew

Pin                                    Limit    Slew   Slack
------------------------------------------------------------
rebuffer4/A                             1.50    1.67   -0.17 (VIOLATED)
_19907_/A                               1.50    1.67   -0.17 (VIOLATED)
_20092_/C                               1.50    1.67   -0.17 (VIOLATED)
_20255_/A2                              1.50    1.67   -0.17 (VIOLATED)
rebuffer3/A                             1.50    1.67   -0.17 (VIOLATED)
_20256_/D                               1.50    1.67   -0.17 (VIOLATED)
_20158_/C                               1.50    1.67   -0.17 (VIOLATED)
_20223_/B                               1.50    1.67   -0.17 (VIOLATED)
_19769_/Y                               1.50    1.63   -0.13 (VIOLATED)

max capacitance

Pin                                    Limit     Cap   Slack
------------------------------------------------------------
_19769_/Y                               0.21    0.23   -0.02 (VIOLATED)


==========================================================================
finish max_slew_check_slack
--------------------------------------------------------------------------
-0.17123158276081085

==========================================================================
finish max_slew_check_limit
--------------------------------------------------------------------------
1.5

==========================================================================
finish max_slew_check_slack_limit
--------------------------------------------------------------------------
-0.1142

==========================================================================
finish max_fanout_check_slack
--------------------------------------------------------------------------
1.0000000150474662e+30

==========================================================================
finish max_fanout_check_limit
--------------------------------------------------------------------------
1.0000000150474662e+30

==========================================================================
finish max_capacitance_check_slack
--------------------------------------------------------------------------
-0.0224880613386631

==========================================================================
finish max_capacitance_check_limit
--------------------------------------------------------------------------
0.2114969938993454

==========================================================================
finish max_capacitance_check_slack_limit
--------------------------------------------------------------------------
-0.1063

==========================================================================
finish max_slew_violation_count
--------------------------------------------------------------------------
max slew violation count 9

==========================================================================
finish max_fanout_violation_count
--------------------------------------------------------------------------
max fanout violation count 0

==========================================================================
finish max_cap_violation_count
--------------------------------------------------------------------------
max cap violation count 1

==========================================================================
finish setup_violation_count
--------------------------------------------------------------------------
setup violation count 7

==========================================================================
finish hold_violation_count
--------------------------------------------------------------------------
hold violation count 0

==========================================================================
finish report_checks -path_delay max reg to reg
--------------------------------------------------------------------------
Startpoint: sa10_sr[3]$_DFF_P_ (rising edge-triggered flip-flop clocked by clk)
Endpoint: sa22_sr[0]$_DFF_P_ (rising edge-triggered flip-flop clocked by clk)
Path Group: clk
Path Type: max

  Delay    Time   Description
---------------------------------------------------------
   0.00    0.00   clock clk (rise edge)
   0.00    0.00   clock source latency
   0.00    0.00 ^ clk (in)
   0.27    0.27 ^ clkbuf_0_clk/X (sky130_fd_sc_hd__clkbuf_16)
   0.33    0.60 ^ clkbuf_3_7_0_clk/X (sky130_fd_sc_hd__clkbuf_16)
   0.19    0.79 ^ clkbuf_leaf_53_clk/X (sky130_fd_sc_hd__clkbuf_16)
   0.00    0.79 ^ sa10_sr[3]$_DFF_P_/CLK (sky130_fd_sc_hd__dfxtp_1)
   0.72    1.51 ^ sa10_sr[3]$_DFF_P_/Q (sky130_fd_sc_hd__dfxtp_1)
   0.21    1.71 ^ place4218/X (sky130_fd_sc_hd__buf_1)
   0.19    1.90 ^ _19765_/Y (sky130_fd_sc_hd__xnor2_1)
   0.33    2.23 ^ _19767_/X (sky130_fd_sc_hd__xnor3_1)
   0.12    2.35 v _19768_/Y (sky130_fd_sc_hd__mux2i_4)
   1.15    3.50 ^ _19769_/Y (sky130_fd_sc_hd__xnor2_4)
   0.46    3.96 ^ rebuffer3/X (sky130_fd_sc_hd__buf_6)
   0.19    4.15 ^ place3879/X (sky130_fd_sc_hd__buf_12)
   0.12    4.27 v _19781_/Y (sky130_fd_sc_hd__nand2_8)
   0.22    4.49 ^ _19844_/Y (sky130_fd_sc_hd__nor2_2)
   0.09    4.58 v _19845_/Y (sky130_fd_sc_hd__nor3_1)
   0.20    4.78 ^ _19848_/Y (sky130_fd_sc_hd__o31ai_1)
   0.10    4.88 v _19849_/Y (sky130_fd_sc_hd__a31oi_1)
   0.67    5.55 ^ _19903_/Y (sky130_fd_sc_hd__nor4_4)
   0.00    5.56 ^ sa22_sr[0]$_DFF_P_/D (sky130_fd_sc_hd__dfxtp_1)
           5.56   data arrival time

   4.50    4.50   clock clk (rise edge)
   0.00    4.50   clock source latency
   0.00    4.50 ^ clk (in)
   0.27    4.77 ^ clkbuf_0_clk/X (sky130_fd_sc_hd__clkbuf_16)
   0.35    5.11 ^ clkbuf_3_4_0_clk/X (sky130_fd_sc_hd__clkbuf_16)
   0.23    5.34 ^ clkbuf_leaf_30_clk/X (sky130_fd_sc_hd__clkbuf_16)
   0.00    5.34 ^ sa22_sr[0]$_DFF_P_/CLK (sky130_fd_sc_hd__dfxtp_1)
   0.00    5.34   clock reconvergence pessimism
  -0.17    5.17   library setup time
           5.17   data required time
---------------------------------------------------------
           5.17   data required time
          -5.56   data arrival time
---------------------------------------------------------
          -0.39   slack (VIOLATED)



==========================================================================
finish report_checks -path_delay min reg to reg
--------------------------------------------------------------------------
Startpoint: sa30_sr[2]$_DFF_P_ (rising edge-triggered flip-flop clocked by clk)
Endpoint: text_out[98]$_DFF_P_ (rising edge-triggered flip-flop clocked by clk)
Path Group: clk
Path Type: min

  Delay    Time   Description
---------------------------------------------------------
   0.00    0.00   clock clk (rise edge)
   0.00    0.00   clock source latency
   0.00    0.00 ^ clk (in)
   0.27    0.27 ^ clkbuf_0_clk/X (sky130_fd_sc_hd__clkbuf_16)
   0.33    0.60 ^ clkbuf_3_3_0_clk/X (sky130_fd_sc_hd__clkbuf_16)
   0.01    0.60 ^ sa30_sr[2]$_DFF_P_/CLK (sky130_fd_sc_hd__dfxtp_1)
   0.51    1.12 v sa30_sr[2]$_DFF_P_/Q (sky130_fd_sc_hd__dfxtp_1)
   0.18    1.30 ^ _24382_/X (sky130_fd_sc_hd__xor2_1)
   0.00    1.30 ^ text_out[98]$_DFF_P_/D (sky130_fd_sc_hd__dfxtp_1)
           1.30   data arrival time

   0.00    0.00   clock clk (rise edge)
   0.00    0.00   clock source latency
   0.00    0.00 ^ clk (in)
   0.27    0.27 ^ clkbuf_0_clk/X (sky130_fd_sc_hd__clkbuf_16)
   0.35    0.61 ^ clkbuf_3_4_0_clk/X (sky130_fd_sc_hd__clkbuf_16)
   0.22    0.84 ^ clkbuf_leaf_34_clk/X (sky130_fd_sc_hd__clkbuf_16)
   0.00    0.84 ^ text_out[98]$_DFF_P_/CLK (sky130_fd_sc_hd__dfxtp_1)
   0.00    0.84   clock reconvergence pessimism
  -0.04    0.80   library hold time
           0.80   data required time
---------------------------------------------------------
           0.80   data required time
          -1.30   data arrival time
---------------------------------------------------------
           0.50   slack (MET)



==========================================================================
finish critical path target clock latency max path
--------------------------------------------------------------------------
0.8005

==========================================================================
finish critical path target clock latency min path
--------------------------------------------------------------------------
0.8554

==========================================================================
finish critical path source clock latency min path
--------------------------------------------------------------------------
0.0000

==========================================================================
finish critical path delay
--------------------------------------------------------------------------
5.5550

==========================================================================
finish critical path slack
--------------------------------------------------------------------------
-0.3851

==========================================================================
finish slack div critical path delay
--------------------------------------------------------------------------
-6.932493

==========================================================================
finish report_power
--------------------------------------------------------------------------
Group                  Internal  Switching    Leakage      Total
                          Power      Power      Power      Power (Watts)
----------------------------------------------------------------
Sequential             8.13e-03   4.67e-03   4.91e-09   1.28e-02   3.0%
Combinational          1.33e-01   2.70e-01   3.32e-08   4.03e-01  95.1%
Clock                  4.64e-03   3.48e-03   1.65e-09   8.13e-03   1.9%
Macro                  0.00e+00   0.00e+00   0.00e+00   0.00e+00   0.0%
Pad                    0.00e+00   0.00e+00   0.00e+00   0.00e+00   0.0%
----------------------------------------------------------------
Total                  1.45e-01   2.78e-01   3.97e-08   4.24e-01 100.0%
                          34.3%      65.7%       0.0%
