
==========================================================================
resizer report_tns
--------------------------------------------------------------------------
tns 0.00

==========================================================================
resizer report_wns
--------------------------------------------------------------------------
wns 0.00

==========================================================================
resizer report_worst_slack
--------------------------------------------------------------------------
worst slack INF

==========================================================================
resizer report_checks -path_delay min
--------------------------------------------------------------------------
No paths found.

==========================================================================
resizer report_checks -path_delay max
--------------------------------------------------------------------------
No paths found.

==========================================================================
resizer report_checks -unconstrained
--------------------------------------------------------------------------
Startpoint: burst_total[0]$_DFFE_PN0P_ (rising edge-triggered flip-flop)
Endpoint: next_addr[3]$_DFFE_PN0P_ (rising edge-triggered flip-flop)
Path Group: unconstrained
Path Type: max

Fanout     Cap    Slew   Delay    Time   Description
-----------------------------------------------------------------------------
                  0.03    0.00    0.00 ^ burst_total[0]$_DFFE_PN0P_/CK (DFFR_X1)
     2    4.56    0.01    0.10    0.10 v burst_total[0]$_DFFE_PN0P_/Q (DFFR_X1)
                                         burst_total[0] (net)
                  0.01    0.00    0.10 v _0724_/A (BUF_X1)
     4    9.44    0.01    0.04    0.14 v _0724_/Z (BUF_X1)
                                         _0131_ (net)
                  0.01    0.00    0.14 v _0725_/A3 (NOR3_X2)
     2    5.37    0.03    0.06    0.20 ^ _0725_/ZN (NOR3_X2)
                                         _0681_ (net)
                  0.03    0.00    0.20 ^ _1288_/B (HA_X1)
     1    3.75    0.03    0.06    0.26 ^ _1288_/S (HA_X1)
                                         _0683_ (net)
                  0.03    0.00    0.26 ^ _1289_/B (HA_X1)
     1    1.74    0.02    0.05    0.31 ^ _1289_/S (HA_X1)
                                         _0685_ (net)
                  0.02    0.00    0.31 ^ _0766_/A3 (NAND3_X1)
     1    3.65    0.02    0.03    0.34 v _0766_/ZN (NAND3_X1)
                                         _0163_ (net)
                  0.02    0.00    0.34 v _0772_/A (AOI221_X2)
     1    4.03    0.04    0.08    0.42 ^ _0772_/ZN (AOI221_X2)
                                         _0169_ (net)
                  0.04    0.00    0.42 ^ _0777_/B1 (OAI221_X2)
     5   15.24    0.03    0.05    0.47 v _0777_/ZN (OAI221_X2)
                                         _0174_ (net)
                  0.03    0.00    0.47 v _0924_/B2 (AOI21_X4)
     7   20.35    0.04    0.06    0.53 ^ _0924_/ZN (AOI21_X4)
                                         _0259_ (net)
                  0.04    0.00    0.53 ^ _0937_/A (BUF_X4)
    10   25.82    0.02    0.04    0.57 ^ _0937_/Z (BUF_X4)
                                         _0271_ (net)
                  0.02    0.00    0.57 ^ _1202_/S (MUX2_X1)
     1    1.32    0.01    0.06    0.63 v _1202_/Z (MUX2_X1)
                                         _0088_ (net)
                  0.01    0.00    0.63 v next_addr[3]$_DFFE_PN0P_/D (DFFR_X1)
                                  0.63   data arrival time
-----------------------------------------------------------------------------
(Path is unconstrained)



==========================================================================
resizer report_check_types -max_slew -max_cap -max_fanout -violators
--------------------------------------------------------------------------

==========================================================================
resizer max_slew_check_slack
--------------------------------------------------------------------------
0.13052958250045776

==========================================================================
resizer max_slew_check_limit
--------------------------------------------------------------------------
0.1985349953174591

==========================================================================
resizer max_slew_check_slack_limit
--------------------------------------------------------------------------
0.6575

==========================================================================
resizer max_fanout_check_slack
--------------------------------------------------------------------------
1.0000000150474662e+30

==========================================================================
resizer max_fanout_check_limit
--------------------------------------------------------------------------
1.0000000150474662e+30

==========================================================================
resizer max_capacitance_check_slack
--------------------------------------------------------------------------
8.648932456970215

==========================================================================
resizer max_capacitance_check_limit
--------------------------------------------------------------------------
10.47130012512207

==========================================================================
resizer max_capacitance_check_slack_limit
--------------------------------------------------------------------------
0.8260

==========================================================================
resizer max_slew_violation_count
--------------------------------------------------------------------------
max slew violation count 0

==========================================================================
resizer max_fanout_violation_count
--------------------------------------------------------------------------
max fanout violation count 0

==========================================================================
resizer max_cap_violation_count
--------------------------------------------------------------------------
max cap violation count 0

==========================================================================
resizer setup_violation_count
--------------------------------------------------------------------------
setup violation count 0

==========================================================================
resizer hold_violation_count
--------------------------------------------------------------------------
hold violation count 0

==========================================================================
resizer report_checks -path_delay max reg to reg
--------------------------------------------------------------------------
No paths found.

==========================================================================
resizer report_checks -path_delay min reg to reg
--------------------------------------------------------------------------
No paths found.

==========================================================================
resizer critical path target clock latency max path
--------------------------------------------------------------------------
0

==========================================================================
resizer critical path target clock latency min path
--------------------------------------------------------------------------
0

==========================================================================
resizer critical path source clock latency min path
--------------------------------------------------------------------------
0

==========================================================================
resizer critical path delay
--------------------------------------------------------------------------
-1

==========================================================================
resizer critical path slack
--------------------------------------------------------------------------
0

==========================================================================
resizer slack div critical path delay
--------------------------------------------------------------------------
0.000000

==========================================================================
resizer report_power
--------------------------------------------------------------------------
Group                  Internal  Switching    Leakage      Total
                          Power      Power      Power      Power (Watts)
----------------------------------------------------------------
Sequential             9.13e-04   3.00e-04   1.09e-05   1.22e-03  50.4%
Combinational          7.37e-04   4.44e-04   2.44e-05   1.21e-03  49.6%
Clock                  0.00e+00   0.00e+00   0.00e+00   0.00e+00   0.0%
Macro                  0.00e+00   0.00e+00   0.00e+00   0.00e+00   0.0%
Pad                    0.00e+00   0.00e+00   0.00e+00   0.00e+00   0.0%
----------------------------------------------------------------
Total                  1.65e-03   7.44e-04   3.53e-05   2.43e-03 100.0%
                          67.9%      30.6%       1.5%
