
==========================================================================
global place report_tns
--------------------------------------------------------------------------
tns 0.00

==========================================================================
global place report_wns
--------------------------------------------------------------------------
wns 0.00

==========================================================================
global place report_worst_slack
--------------------------------------------------------------------------
worst slack INF

==========================================================================
global place report_checks -path_delay min
--------------------------------------------------------------------------
No paths found.

==========================================================================
global place report_checks -path_delay max
--------------------------------------------------------------------------
No paths found.

==========================================================================
global place report_checks -unconstrained
--------------------------------------------------------------------------
Startpoint: burst_total[0]$_DFFE_PN0P_ (rising edge-triggered flip-flop)
Endpoint: next_addr[5]$_DFFE_PN0P_ (rising edge-triggered flip-flop)
Path Group: unconstrained
Path Type: max

Fanout     Cap    Slew   Delay    Time   Description
-----------------------------------------------------------------------------
                  0.01    0.00    0.00 ^ burst_total[0]$_DFFE_PN0P_/CK (DFFR_X1)
     2    4.56    0.01    0.09    0.09 v burst_total[0]$_DFFE_PN0P_/Q (DFFR_X1)
                                         burst_total[0] (net)
                  0.01    0.00    0.09 v _0724_/A (BUF_X1)
     4    7.68    0.01    0.04    0.13 v _0724_/Z (BUF_X1)
                                         _0131_ (net)
                  0.01    0.00    0.13 v _0725_/A3 (NOR3_X1)
     2    5.40    0.05    0.08    0.21 ^ _0725_/ZN (NOR3_X1)
                                         _0681_ (net)
                  0.05    0.00    0.21 ^ _1288_/B (HA_X1)
     1    3.75    0.03    0.06    0.27 ^ _1288_/S (HA_X1)
                                         _0683_ (net)
                  0.03    0.00    0.27 ^ _1289_/B (HA_X1)
     1    1.74    0.02    0.05    0.32 ^ _1289_/S (HA_X1)
                                         _0685_ (net)
                  0.02    0.00    0.32 ^ _0766_/A3 (NAND3_X1)
     1    3.65    0.02    0.03    0.35 v _0766_/ZN (NAND3_X1)
                                         _0163_ (net)
                  0.02    0.00    0.35 v _0772_/A (AOI221_X2)
     1    4.03    0.04    0.08    0.43 ^ _0772_/ZN (AOI221_X2)
                                         _0169_ (net)
                  0.04    0.00    0.43 ^ _0777_/B1 (OAI221_X2)
     5   12.55    0.03    0.05    0.48 v _0777_/ZN (OAI221_X2)
                                         _0174_ (net)
                  0.03    0.00    0.48 v _0924_/B2 (AOI21_X4)
     7   19.24    0.04    0.06    0.54 ^ _0924_/ZN (AOI21_X4)
                                         _0259_ (net)
                  0.04    0.00    0.54 ^ _0934_/A (BUF_X4)
    10   23.85    0.02    0.04    0.58 ^ _0934_/Z (BUF_X4)
                                         _0269_ (net)
                  0.02    0.00    0.58 ^ _1214_/A (AOI21_X1)
     1    1.77    0.02    0.02    0.59 v _1214_/ZN (AOI21_X1)
                                         _0522_ (net)
                  0.02    0.00    0.59 v _1215_/B2 (AOI22_X1)
     1    1.28    0.02    0.05    0.64 ^ _1215_/ZN (AOI22_X1)
                                         _0090_ (net)
                  0.02    0.00    0.64 ^ next_addr[5]$_DFFE_PN0P_/D (DFFR_X1)
                                  0.64   data arrival time
-----------------------------------------------------------------------------
(Path is unconstrained)



==========================================================================
global place report_power
--------------------------------------------------------------------------
Group                  Internal  Switching    Leakage      Total
                          Power      Power      Power      Power (Watts)
----------------------------------------------------------------
Sequential             8.80e-04   2.39e-04   1.06e-05   1.13e-03  50.2%
Combinational          6.97e-04   4.07e-04   1.82e-05   1.12e-03  49.8%
Clock                  0.00e+00   0.00e+00   0.00e+00   0.00e+00   0.0%
Macro                  0.00e+00   0.00e+00   0.00e+00   0.00e+00   0.0%
Pad                    0.00e+00   0.00e+00   0.00e+00   0.00e+00   0.0%
----------------------------------------------------------------
Total                  1.58e-03   6.46e-04   2.88e-05   2.25e-03 100.0%
                          70.0%      28.7%       1.3%
