
==========================================================================
global place report_tns
--------------------------------------------------------------------------
tns 0.00

==========================================================================
global place report_wns
--------------------------------------------------------------------------
wns 0.00

==========================================================================
global place report_worst_slack
--------------------------------------------------------------------------
worst slack 4.43

==========================================================================
global place report_checks -path_delay min
--------------------------------------------------------------------------
Startpoint: clk_in (input port clocked by core_clock)
Endpoint: clk_out (output port clocked by core_clock)
Path Group: core_clock
Path Type: min

Fanout     Cap    Slew   Delay    Time   Description
-----------------------------------------------------------------------------
                  0.00    0.00    0.00   clock core_clock (rise edge)
                          0.00    0.00   clock network delay (ideal)
                          0.20    0.20 ^ input external delay
     4    0.02    0.00    0.00    0.20 ^ clk_in (in)
                                         clk_in (net)
                  0.00    0.00    0.20 ^ _2_/B (sky130_fd_sc_hd__and2_0)
     1    0.01    0.13    0.16    0.36 ^ _2_/X (sky130_fd_sc_hd__and2_0)
                                         clk_out (net)
                  0.13    0.00    0.36 ^ clk_out (out)
                                  0.36   data arrival time

                  0.00    0.00    0.00   clock core_clock (rise edge)
                          0.00    0.00   clock network delay (ideal)
                          0.00    0.00   clock reconvergence pessimism
                         -0.20   -0.20   output external delay
                                 -0.20   data required time
-----------------------------------------------------------------------------
                                 -0.20   data required time
                                 -0.36   data arrival time
-----------------------------------------------------------------------------
                                  0.56   slack (MET)



==========================================================================
global place report_checks -path_delay max
--------------------------------------------------------------------------
Startpoint: clk_in (input port clocked by core_clock)
Endpoint: clk_out (output port clocked by core_clock)
Path Group: core_clock
Path Type: max

Fanout     Cap    Slew   Delay    Time   Description
-----------------------------------------------------------------------------
                  0.00    0.00    0.00   clock core_clock (rise edge)
                          0.00    0.00   clock network delay (ideal)
                          0.20    0.20 v input external delay
     4    0.02    0.00    0.00    0.20 v clk_in (in)
                                         clk_in (net)
                  0.00    0.00    0.20 v _2_/B (sky130_fd_sc_hd__and2_0)
     1    0.01    0.08    0.17    0.37 v _2_/X (sky130_fd_sc_hd__and2_0)
                                         clk_out (net)
                  0.08    0.00    0.37 v clk_out (out)
                                  0.37   data arrival time

                  0.00    5.00    5.00   clock core_clock (rise edge)
                          0.00    5.00   clock network delay (ideal)
                          0.00    5.00   clock reconvergence pessimism
                         -0.20    4.80   output external delay
                                  4.80   data required time
-----------------------------------------------------------------------------
                                  4.80   data required time
                                 -0.37   data arrival time
-----------------------------------------------------------------------------
                                  4.43   slack (MET)



==========================================================================
global place report_checks -unconstrained
--------------------------------------------------------------------------
Startpoint: clk_in (input port clocked by core_clock)
Endpoint: clk_out (output port clocked by core_clock)
Path Group: core_clock
Path Type: max

Fanout     Cap    Slew   Delay    Time   Description
-----------------------------------------------------------------------------
                  0.00    0.00    0.00   clock core_clock (rise edge)
                          0.00    0.00   clock network delay (ideal)
                          0.20    0.20 v input external delay
     4    0.02    0.00    0.00    0.20 v clk_in (in)
                                         clk_in (net)
                  0.00    0.00    0.20 v _2_/B (sky130_fd_sc_hd__and2_0)
     1    0.01    0.08    0.17    0.37 v _2_/X (sky130_fd_sc_hd__and2_0)
                                         clk_out (net)
                  0.08    0.00    0.37 v clk_out (out)
                                  0.37   data arrival time

                  0.00    5.00    5.00   clock core_clock (rise edge)
                          0.00    5.00   clock network delay (ideal)
                          0.00    5.00   clock reconvergence pessimism
                         -0.20    4.80   output external delay
                                  4.80   data required time
-----------------------------------------------------------------------------
                                  4.80   data required time
                                 -0.37   data arrival time
-----------------------------------------------------------------------------
                                  4.43   slack (MET)



==========================================================================
global place report_power
--------------------------------------------------------------------------
Group                  Internal  Switching    Leakage      Total
                          Power      Power      Power      Power (Watts)
----------------------------------------------------------------
Sequential             2.44e-06   1.86e-07   2.52e-11   2.63e-06  76.5%
Combinational          3.76e-07   4.32e-07   3.15e-12   8.08e-07  23.5%
Clock                  0.00e+00   0.00e+00   0.00e+00   0.00e+00   0.0%
Macro                  0.00e+00   0.00e+00   0.00e+00   0.00e+00   0.0%
Pad                    0.00e+00   0.00e+00   0.00e+00   0.00e+00   0.0%
----------------------------------------------------------------
Total                  2.82e-06   6.18e-07   2.84e-11   3.44e-06 100.0%
                          82.0%      18.0%       0.0%
