
==========================================================================
resizer report_tns
--------------------------------------------------------------------------
tns 0.00

==========================================================================
resizer report_wns
--------------------------------------------------------------------------
wns 0.00

==========================================================================
resizer report_worst_slack
--------------------------------------------------------------------------
worst slack 4.08

==========================================================================
resizer report_checks -path_delay min
--------------------------------------------------------------------------
Startpoint: binary_in[0] (input port clocked by core_clock)
Endpoint: gray_out[0] (output port clocked by core_clock)
Path Group: core_clock
Path Type: min

Fanout     Cap    Slew   Delay    Time   Description
-----------------------------------------------------------------------------
                  0.00    0.00    0.00   clock core_clock (rise edge)
                          0.00    0.00   clock network delay (ideal)
                          0.20    0.20 ^ input external delay
     1    0.00    0.00    0.00    0.20 ^ binary_in[0] (in)
                                         binary_in[0] (net)
                  0.00    0.00    0.20 ^ input1/A (sky130_fd_sc_hd__clkbuf_1)
     1    0.01    0.13    0.13    0.33 ^ input1/X (sky130_fd_sc_hd__clkbuf_1)
                                         net1 (net)
                  0.13    0.00    0.33 ^ _0_/B (sky130_fd_sc_hd__xor2_1)
     1    0.01    0.06    0.12    0.44 v _0_/X (sky130_fd_sc_hd__xor2_1)
                                         net5 (net)
                  0.06    0.00    0.44 v output5/A (sky130_fd_sc_hd__clkbuf_1)
     1    0.00    0.02    0.09    0.53 v output5/X (sky130_fd_sc_hd__clkbuf_1)
                                         gray_out[0] (net)
                  0.02    0.00    0.53 v gray_out[0] (out)
                                  0.53   data arrival time

                  0.00    0.00    0.00   clock core_clock (rise edge)
                          0.00    0.00   clock network delay (ideal)
                          0.00    0.00   clock reconvergence pessimism
                         -0.20   -0.20   output external delay
                                 -0.20   data required time
-----------------------------------------------------------------------------
                                 -0.20   data required time
                                 -0.53   data arrival time
-----------------------------------------------------------------------------
                                  0.73   slack (MET)



==========================================================================
resizer report_checks -path_delay max
--------------------------------------------------------------------------
Startpoint: binary_in[1] (input port clocked by core_clock)
Endpoint: gray_out[1] (output port clocked by core_clock)
Path Group: core_clock
Path Type: max

Fanout     Cap    Slew   Delay    Time   Description
-----------------------------------------------------------------------------
                  0.00    0.00    0.00   clock core_clock (rise edge)
                          0.00    0.00   clock network delay (ideal)
                          0.20    0.20 v input external delay
     1    0.00    0.00    0.00    0.20 v binary_in[1] (in)
                                         binary_in[1] (net)
                  0.00    0.00    0.20 v input2/A (sky130_fd_sc_hd__dlymetal6s2s_1)
     2    0.02    0.09    0.16    0.36 v input2/X (sky130_fd_sc_hd__dlymetal6s2s_1)
                                         net2 (net)
                  0.09    0.00    0.37 v _1_/A (sky130_fd_sc_hd__xor2_1)
     1    0.01    0.22    0.25    0.61 ^ _1_/X (sky130_fd_sc_hd__xor2_1)
                                         net6 (net)
                  0.22    0.00    0.61 ^ output6/A (sky130_fd_sc_hd__clkbuf_1)
     1    0.00    0.04    0.11    0.72 ^ output6/X (sky130_fd_sc_hd__clkbuf_1)
                                         gray_out[1] (net)
                  0.04    0.00    0.72 ^ gray_out[1] (out)
                                  0.72   data arrival time

                  0.00    5.00    5.00   clock core_clock (rise edge)
                          0.00    5.00   clock network delay (ideal)
                          0.00    5.00   clock reconvergence pessimism
                         -0.20    4.80   output external delay
                                  4.80   data required time
-----------------------------------------------------------------------------
                                  4.80   data required time
                                 -0.72   data arrival time
-----------------------------------------------------------------------------
                                  4.08   slack (MET)



==========================================================================
resizer report_checks -unconstrained
--------------------------------------------------------------------------
Startpoint: binary_in[1] (input port clocked by core_clock)
Endpoint: gray_out[1] (output port clocked by core_clock)
Path Group: core_clock
Path Type: max

Fanout     Cap    Slew   Delay    Time   Description
-----------------------------------------------------------------------------
                  0.00    0.00    0.00   clock core_clock (rise edge)
                          0.00    0.00   clock network delay (ideal)
                          0.20    0.20 v input external delay
     1    0.00    0.00    0.00    0.20 v binary_in[1] (in)
                                         binary_in[1] (net)
                  0.00    0.00    0.20 v input2/A (sky130_fd_sc_hd__dlymetal6s2s_1)
     2    0.02    0.09    0.16    0.36 v input2/X (sky130_fd_sc_hd__dlymetal6s2s_1)
                                         net2 (net)
                  0.09    0.00    0.37 v _1_/A (sky130_fd_sc_hd__xor2_1)
     1    0.01    0.22    0.25    0.61 ^ _1_/X (sky130_fd_sc_hd__xor2_1)
                                         net6 (net)
                  0.22    0.00    0.61 ^ output6/A (sky130_fd_sc_hd__clkbuf_1)
     1    0.00    0.04    0.11    0.72 ^ output6/X (sky130_fd_sc_hd__clkbuf_1)
                                         gray_out[1] (net)
                  0.04    0.00    0.72 ^ gray_out[1] (out)
                                  0.72   data arrival time

                  0.00    5.00    5.00   clock core_clock (rise edge)
                          0.00    5.00   clock network delay (ideal)
                          0.00    5.00   clock reconvergence pessimism
                         -0.20    4.80   output external delay
                                  4.80   data required time
-----------------------------------------------------------------------------
                                  4.80   data required time
                                 -0.72   data arrival time
-----------------------------------------------------------------------------
                                  4.08   slack (MET)



==========================================================================
resizer report_check_types -max_slew -max_cap -max_fanout -violators
--------------------------------------------------------------------------

==========================================================================
resizer max_slew_check_slack
--------------------------------------------------------------------------
1.2701717615127563

==========================================================================
resizer max_slew_check_limit
--------------------------------------------------------------------------
1.4949300289154053

==========================================================================
resizer max_slew_check_slack_limit
--------------------------------------------------------------------------
0.8497

==========================================================================
resizer max_fanout_check_slack
--------------------------------------------------------------------------
1.0000000150474662e+30

==========================================================================
resizer max_fanout_check_limit
--------------------------------------------------------------------------
1.0000000150474662e+30

==========================================================================
resizer max_capacitance_check_slack
--------------------------------------------------------------------------
0.0676959678530693

==========================================================================
resizer max_capacitance_check_limit
--------------------------------------------------------------------------
0.0769139975309372

==========================================================================
resizer max_capacitance_check_slack_limit
--------------------------------------------------------------------------
0.8802

==========================================================================
resizer max_slew_violation_count
--------------------------------------------------------------------------
max slew violation count 0

==========================================================================
resizer max_fanout_violation_count
--------------------------------------------------------------------------
max fanout violation count 0

==========================================================================
resizer max_cap_violation_count
--------------------------------------------------------------------------
max cap violation count 0

==========================================================================
resizer setup_violation_count
--------------------------------------------------------------------------
setup violation count 0

==========================================================================
resizer hold_violation_count
--------------------------------------------------------------------------
hold violation count 0

==========================================================================
resizer critical path delay
--------------------------------------------------------------------------
0.7220

==========================================================================
resizer critical path slack
--------------------------------------------------------------------------
4.0780

==========================================================================
resizer slack div critical path delay
--------------------------------------------------------------------------
564.819945

==========================================================================
resizer report_power
--------------------------------------------------------------------------
Group                  Internal  Switching    Leakage      Total
                          Power      Power      Power      Power (Watts)
----------------------------------------------------------------
Sequential             0.00e+00   0.00e+00   0.00e+00   0.00e+00   0.0%
Combinational          4.12e-06   4.38e-06   5.91e-11   8.50e-06 100.0%
Clock                  0.00e+00   0.00e+00   0.00e+00   0.00e+00   0.0%
Macro                  0.00e+00   0.00e+00   0.00e+00   0.00e+00   0.0%
Pad                    0.00e+00   0.00e+00   0.00e+00   0.00e+00   0.0%
----------------------------------------------------------------
Total                  4.12e-06   4.38e-06   5.91e-11   8.50e-06 100.0%
                          48.5%      51.5%       0.0%
