
==========================================================================
detailed place report_tns
--------------------------------------------------------------------------
tns 0.00

==========================================================================
detailed place report_wns
--------------------------------------------------------------------------
wns 0.00

==========================================================================
detailed place report_worst_slack
--------------------------------------------------------------------------
worst slack 1.16

==========================================================================
detailed place report_checks -path_delay min
--------------------------------------------------------------------------
Startpoint: rst_n (input port clocked by core_clock)
Endpoint: credit_count[4]$_DFFE_PN1P_
          (removal check against rising-edge clock core_clock)
Path Group: asynchronous
Path Type: min

Fanout     Cap    Slew   Delay    Time   Description
-----------------------------------------------------------------------------
                  0.00    0.00    0.00   clock core_clock (rise edge)
                          0.00    0.00   clock network delay (ideal)
                          0.20    0.20 ^ input external delay
     1    0.00    0.00    0.00    0.20 ^ rst_n (in)
                                         rst_n (net)
                  0.00    0.00    0.20 ^ input11/A (sky130_fd_sc_hd__clkbuf_2)
     5    0.03    0.14    0.16    0.36 ^ input11/X (sky130_fd_sc_hd__clkbuf_2)
                                         net12 (net)
                  0.14    0.00    0.36 ^ credit_count[4]$_DFFE_PN1P_/SET_B (sky130_fd_sc_hd__dfstp_1)
                                  0.36   data arrival time

                  0.00    0.00    0.00   clock core_clock (rise edge)
                          0.00    0.00   clock network delay (ideal)
                          0.00    0.00   clock reconvergence pessimism
                                  0.00 ^ credit_count[4]$_DFFE_PN1P_/CLK (sky130_fd_sc_hd__dfstp_1)
                          0.13    0.13   library removal time
                                  0.13   data required time
-----------------------------------------------------------------------------
                                  0.13   data required time
                                 -0.36   data arrival time
-----------------------------------------------------------------------------
                                  0.22   slack (MET)


Startpoint: ready_in (input port clocked by core_clock)
Endpoint: valid_out$_DFFE_PN0P_
          (rising edge-triggered flip-flop clocked by core_clock)
Path Group: core_clock
Path Type: min

Fanout     Cap    Slew   Delay    Time   Description
-----------------------------------------------------------------------------
                  0.00    0.00    0.00   clock core_clock (rise edge)
                          0.00    0.00   clock network delay (ideal)
                          0.20    0.20 ^ input external delay
     1    0.00    0.00    0.00    0.20 ^ ready_in (in)
                                         ready_in (net)
                  0.00    0.00    0.20 ^ input10/A (sky130_fd_sc_hd__clkbuf_1)
     2    0.01    0.09    0.10    0.30 ^ input10/X (sky130_fd_sc_hd__clkbuf_1)
                                         net11 (net)
                  0.09    0.00    0.30 ^ _526_/A2 (sky130_fd_sc_hd__o21ai_0)
     1    0.00    0.06    0.09    0.38 v _526_/Y (sky130_fd_sc_hd__o21ai_0)
                                         _032_ (net)
                  0.06    0.00    0.38 v valid_out$_DFFE_PN0P_/D (sky130_fd_sc_hd__dfrtp_1)
                                  0.38   data arrival time

                  0.00    0.00    0.00   clock core_clock (rise edge)
                          0.00    0.00   clock network delay (ideal)
                          0.00    0.00   clock reconvergence pessimism
                                  0.00 ^ valid_out$_DFFE_PN0P_/CLK (sky130_fd_sc_hd__dfrtp_1)
                         -0.06   -0.06   library hold time
                                 -0.06   data required time
-----------------------------------------------------------------------------
                                 -0.06   data required time
                                 -0.38   data arrival time
-----------------------------------------------------------------------------
                                  0.44   slack (MET)



==========================================================================
detailed place report_checks -path_delay max
--------------------------------------------------------------------------
Startpoint: rst_n (input port clocked by core_clock)
Endpoint: read_ptr[3]$_DFFE_PN0P_
          (recovery check against rising-edge clock core_clock)
Path Group: asynchronous
Path Type: max

Fanout     Cap    Slew   Delay    Time   Description
-----------------------------------------------------------------------------
                  0.00    0.00    0.00   clock core_clock (rise edge)
                          0.00    0.00   clock network delay (ideal)
                          0.20    0.20 ^ input external delay
     1    0.00    0.00    0.00    0.20 ^ rst_n (in)
                                         rst_n (net)
                  0.00    0.00    0.20 ^ input11/A (sky130_fd_sc_hd__clkbuf_2)
     5    0.03    0.14    0.16    0.36 ^ input11/X (sky130_fd_sc_hd__clkbuf_2)
                                         net12 (net)
                  0.14    0.00    0.36 ^ hold1/A (sky130_fd_sc_hd__buf_6)
    15    0.08    0.17    0.22    0.58 ^ hold1/X (sky130_fd_sc_hd__buf_6)
                                         net1 (net)
                  0.17    0.00    0.58 ^ read_ptr[3]$_DFFE_PN0P_/RESET_B (sky130_fd_sc_hd__dfrtp_4)
                                  0.58   data arrival time

                  0.00    5.00    5.00   clock core_clock (rise edge)
                          0.00    5.00   clock network delay (ideal)
                          0.00    5.00   clock reconvergence pessimism
                                  5.00 ^ read_ptr[3]$_DFFE_PN0P_/CLK (sky130_fd_sc_hd__dfrtp_4)
                          0.16    5.16   library recovery time
                                  5.16   data required time
-----------------------------------------------------------------------------
                                  5.16   data required time
                                 -0.58   data arrival time
-----------------------------------------------------------------------------
                                  4.58   slack (MET)


Startpoint: write_ptr[0]$_DFFE_PN0N_
            (rising edge-triggered flip-flop clocked by core_clock)
Endpoint: credit_count[4]$_DFFE_PN1P_
          (rising edge-triggered flip-flop clocked by core_clock)
Path Group: core_clock
Path Type: max

Fanout     Cap    Slew   Delay    Time   Description
-----------------------------------------------------------------------------
                  0.00    0.00    0.00   clock core_clock (rise edge)
                          0.00    0.00   clock network delay (ideal)
                  0.00    0.00    0.00 ^ write_ptr[0]$_DFFE_PN0N_/CLK (sky130_fd_sc_hd__dfrtp_1)
     4    0.01    0.08    0.38    0.38 v write_ptr[0]$_DFFE_PN0N_/Q (sky130_fd_sc_hd__dfrtp_1)
                                         write_ptr[0] (net)
                  0.08    0.00    0.38 v _496_/A (sky130_fd_sc_hd__inv_1)
     4    0.02    0.17    0.16    0.55 ^ _496_/Y (sky130_fd_sc_hd__inv_1)
                                         _017_ (net)
                  0.17    0.00    0.55 ^ _558_/B (sky130_fd_sc_hd__ha_1)
     2    0.01    0.07    0.19    0.73 ^ _558_/COUT (sky130_fd_sc_hd__ha_1)
                                         _283_ (net)
                  0.07    0.00    0.73 ^ _497_/A (sky130_fd_sc_hd__inv_1)
     1    0.01    0.03    0.05    0.79 v _497_/Y (sky130_fd_sc_hd__inv_1)
                                         _244_ (net)
                  0.03    0.00    0.79 v _540_/CIN (sky130_fd_sc_hd__fa_1)
     3    0.01    0.10    0.51    1.30 ^ _540_/SUM (sky130_fd_sc_hd__fa_1)
                                         net29 (net)
                  0.10    0.00    1.30 ^ _294_/B_N (sky130_fd_sc_hd__or2b_1)
     1    0.00    0.05    0.23    1.53 v _294_/X (sky130_fd_sc_hd__or2b_1)
                                         _045_ (net)
                  0.05    0.00    1.53 v _295_/C1 (sky130_fd_sc_hd__a2111oi_1)
     2    0.01    0.47    0.43    1.96 ^ _295_/Y (sky130_fd_sc_hd__a2111oi_1)
                                         _046_ (net)
                  0.47    0.00    1.96 ^ _299_/A (sky130_fd_sc_hd__nor2_1)
     2    0.01    0.10    0.13    2.09 v _299_/Y (sky130_fd_sc_hd__nor2_1)
                                         _049_ (net)
                  0.10    0.00    2.09 v _304_/B (sky130_fd_sc_hd__and3_1)
     1    0.01    0.06    0.21    2.29 v _304_/X (sky130_fd_sc_hd__and3_1)
                                         _053_ (net)
                  0.06    0.00    2.29 v _305_/A (sky130_fd_sc_hd__buf_6)
     4    0.02    0.03    0.13    2.42 v _305_/X (sky130_fd_sc_hd__buf_6)
                                         _253_ (net)
                  0.03    0.00    2.42 v _543_/B (sky130_fd_sc_hd__ha_2)
     6    0.03    0.08    0.21    2.63 v _543_/COUT (sky130_fd_sc_hd__ha_2)
                                         _246_ (net)
                  0.08    0.00    2.63 v _541_/CIN (sky130_fd_sc_hd__fa_1)
     2    0.01    0.10    0.42    3.05 v _541_/COUT (sky130_fd_sc_hd__fa_1)
                                         _247_ (net)
                  0.10    0.00    3.05 v _511_/A1 (sky130_fd_sc_hd__a21o_1)
     1    0.00    0.04    0.18    3.23 v _511_/X (sky130_fd_sc_hd__a21o_1)
                                         _219_ (net)
                  0.04    0.00    3.23 v _512_/A2 (sky130_fd_sc_hd__a21oi_1)
     1    0.00    0.15    0.16    3.39 ^ _512_/Y (sky130_fd_sc_hd__a21oi_1)
                                         _220_ (net)
                  0.15    0.00    3.39 ^ _513_/B (sky130_fd_sc_hd__xor2_1)
     1    0.00    0.12    0.16    3.55 ^ _513_/X (sky130_fd_sc_hd__xor2_1)
                                         _221_ (net)
                  0.12    0.00    3.55 ^ _514_/B (sky130_fd_sc_hd__nor2_1)
     1    0.01    0.05    0.06    3.61 v _514_/Y (sky130_fd_sc_hd__nor2_1)
                                         _222_ (net)
                  0.05    0.00    3.61 v _515_/B (sky130_fd_sc_hd__xor2_1)
     1    0.00    0.06    0.14    3.75 v _515_/X (sky130_fd_sc_hd__xor2_1)
                                         _026_ (net)
                  0.06    0.00    3.75 v credit_count[4]$_DFFE_PN1P_/D (sky130_fd_sc_hd__dfstp_1)
                                  3.75   data arrival time

                  0.00    5.00    5.00   clock core_clock (rise edge)
                          0.00    5.00   clock network delay (ideal)
                          0.00    5.00   clock reconvergence pessimism
                                  5.00 ^ credit_count[4]$_DFFE_PN1P_/CLK (sky130_fd_sc_hd__dfstp_1)
                         -0.08    4.92   library setup time
                                  4.92   data required time
-----------------------------------------------------------------------------
                                  4.92   data required time
                                 -3.75   data arrival time
-----------------------------------------------------------------------------
                                  1.16   slack (MET)



==========================================================================
detailed place report_checks -unconstrained
--------------------------------------------------------------------------
Startpoint: rst_n (input port clocked by core_clock)
Endpoint: read_ptr[3]$_DFFE_PN0P_
          (recovery check against rising-edge clock core_clock)
Path Group: asynchronous
Path Type: max

Fanout     Cap    Slew   Delay    Time   Description
-----------------------------------------------------------------------------
                  0.00    0.00    0.00   clock core_clock (rise edge)
                          0.00    0.00   clock network delay (ideal)
                          0.20    0.20 ^ input external delay
     1    0.00    0.00    0.00    0.20 ^ rst_n (in)
                                         rst_n (net)
                  0.00    0.00    0.20 ^ input11/A (sky130_fd_sc_hd__clkbuf_2)
     5    0.03    0.14    0.16    0.36 ^ input11/X (sky130_fd_sc_hd__clkbuf_2)
                                         net12 (net)
                  0.14    0.00    0.36 ^ hold1/A (sky130_fd_sc_hd__buf_6)
    15    0.08    0.17    0.22    0.58 ^ hold1/X (sky130_fd_sc_hd__buf_6)
                                         net1 (net)
                  0.17    0.00    0.58 ^ read_ptr[3]$_DFFE_PN0P_/RESET_B (sky130_fd_sc_hd__dfrtp_4)
                                  0.58   data arrival time

                  0.00    5.00    5.00   clock core_clock (rise edge)
                          0.00    5.00   clock network delay (ideal)
                          0.00    5.00   clock reconvergence pessimism
                                  5.00 ^ read_ptr[3]$_DFFE_PN0P_/CLK (sky130_fd_sc_hd__dfrtp_4)
                          0.16    5.16   library recovery time
                                  5.16   data required time
-----------------------------------------------------------------------------
                                  5.16   data required time
                                 -0.58   data arrival time
-----------------------------------------------------------------------------
                                  4.58   slack (MET)


Startpoint: write_ptr[0]$_DFFE_PN0N_
            (rising edge-triggered flip-flop clocked by core_clock)
Endpoint: credit_count[4]$_DFFE_PN1P_
          (rising edge-triggered flip-flop clocked by core_clock)
Path Group: core_clock
Path Type: max

Fanout     Cap    Slew   Delay    Time   Description
-----------------------------------------------------------------------------
                  0.00    0.00    0.00   clock core_clock (rise edge)
                          0.00    0.00   clock network delay (ideal)
                  0.00    0.00    0.00 ^ write_ptr[0]$_DFFE_PN0N_/CLK (sky130_fd_sc_hd__dfrtp_1)
     4    0.01    0.08    0.38    0.38 v write_ptr[0]$_DFFE_PN0N_/Q (sky130_fd_sc_hd__dfrtp_1)
                                         write_ptr[0] (net)
                  0.08    0.00    0.38 v _496_/A (sky130_fd_sc_hd__inv_1)
     4    0.02    0.17    0.16    0.55 ^ _496_/Y (sky130_fd_sc_hd__inv_1)
                                         _017_ (net)
                  0.17    0.00    0.55 ^ _558_/B (sky130_fd_sc_hd__ha_1)
     2    0.01    0.07    0.19    0.73 ^ _558_/COUT (sky130_fd_sc_hd__ha_1)
                                         _283_ (net)
                  0.07    0.00    0.73 ^ _497_/A (sky130_fd_sc_hd__inv_1)
     1    0.01    0.03    0.05    0.79 v _497_/Y (sky130_fd_sc_hd__inv_1)
                                         _244_ (net)
                  0.03    0.00    0.79 v _540_/CIN (sky130_fd_sc_hd__fa_1)
     3    0.01    0.10    0.51    1.30 ^ _540_/SUM (sky130_fd_sc_hd__fa_1)
                                         net29 (net)
                  0.10    0.00    1.30 ^ _294_/B_N (sky130_fd_sc_hd__or2b_1)
     1    0.00    0.05    0.23    1.53 v _294_/X (sky130_fd_sc_hd__or2b_1)
                                         _045_ (net)
                  0.05    0.00    1.53 v _295_/C1 (sky130_fd_sc_hd__a2111oi_1)
     2    0.01    0.47    0.43    1.96 ^ _295_/Y (sky130_fd_sc_hd__a2111oi_1)
                                         _046_ (net)
                  0.47    0.00    1.96 ^ _299_/A (sky130_fd_sc_hd__nor2_1)
     2    0.01    0.10    0.13    2.09 v _299_/Y (sky130_fd_sc_hd__nor2_1)
                                         _049_ (net)
                  0.10    0.00    2.09 v _304_/B (sky130_fd_sc_hd__and3_1)
     1    0.01    0.06    0.21    2.29 v _304_/X (sky130_fd_sc_hd__and3_1)
                                         _053_ (net)
                  0.06    0.00    2.29 v _305_/A (sky130_fd_sc_hd__buf_6)
     4    0.02    0.03    0.13    2.42 v _305_/X (sky130_fd_sc_hd__buf_6)
                                         _253_ (net)
                  0.03    0.00    2.42 v _543_/B (sky130_fd_sc_hd__ha_2)
     6    0.03    0.08    0.21    2.63 v _543_/COUT (sky130_fd_sc_hd__ha_2)
                                         _246_ (net)
                  0.08    0.00    2.63 v _541_/CIN (sky130_fd_sc_hd__fa_1)
     2    0.01    0.10    0.42    3.05 v _541_/COUT (sky130_fd_sc_hd__fa_1)
                                         _247_ (net)
                  0.10    0.00    3.05 v _511_/A1 (sky130_fd_sc_hd__a21o_1)
     1    0.00    0.04    0.18    3.23 v _511_/X (sky130_fd_sc_hd__a21o_1)
                                         _219_ (net)
                  0.04    0.00    3.23 v _512_/A2 (sky130_fd_sc_hd__a21oi_1)
     1    0.00    0.15    0.16    3.39 ^ _512_/Y (sky130_fd_sc_hd__a21oi_1)
                                         _220_ (net)
                  0.15    0.00    3.39 ^ _513_/B (sky130_fd_sc_hd__xor2_1)
     1    0.00    0.12    0.16    3.55 ^ _513_/X (sky130_fd_sc_hd__xor2_1)
                                         _221_ (net)
                  0.12    0.00    3.55 ^ _514_/B (sky130_fd_sc_hd__nor2_1)
     1    0.01    0.05    0.06    3.61 v _514_/Y (sky130_fd_sc_hd__nor2_1)
                                         _222_ (net)
                  0.05    0.00    3.61 v _515_/B (sky130_fd_sc_hd__xor2_1)
     1    0.00    0.06    0.14    3.75 v _515_/X (sky130_fd_sc_hd__xor2_1)
                                         _026_ (net)
                  0.06    0.00    3.75 v credit_count[4]$_DFFE_PN1P_/D (sky130_fd_sc_hd__dfstp_1)
                                  3.75   data arrival time

                  0.00    5.00    5.00   clock core_clock (rise edge)
                          0.00    5.00   clock network delay (ideal)
                          0.00    5.00   clock reconvergence pessimism
                                  5.00 ^ credit_count[4]$_DFFE_PN1P_/CLK (sky130_fd_sc_hd__dfstp_1)
                         -0.08    4.92   library setup time
                                  4.92   data required time
-----------------------------------------------------------------------------
                                  4.92   data required time
                                 -3.75   data arrival time
-----------------------------------------------------------------------------
                                  1.16   slack (MET)



==========================================================================
detailed place report_check_types -max_slew -max_cap -max_fanout -violators
--------------------------------------------------------------------------

==========================================================================
detailed place max_slew_check_slack
--------------------------------------------------------------------------
1.025549292564392

==========================================================================
detailed place max_slew_check_limit
--------------------------------------------------------------------------
1.4962259531021118

==========================================================================
detailed place max_slew_check_slack_limit
--------------------------------------------------------------------------
0.6854

==========================================================================
detailed place max_fanout_check_slack
--------------------------------------------------------------------------
1.0000000150474662e+30

==========================================================================
detailed place max_fanout_check_limit
--------------------------------------------------------------------------
1.0000000150474662e+30

==========================================================================
detailed place max_capacitance_check_slack
--------------------------------------------------------------------------
0.024525372311472893

==========================================================================
detailed place max_capacitance_check_limit
--------------------------------------------------------------------------
0.031137999147176743

==========================================================================
detailed place max_capacitance_check_slack_limit
--------------------------------------------------------------------------
0.7876

==========================================================================
detailed place max_slew_violation_count
--------------------------------------------------------------------------
max slew violation count 0

==========================================================================
detailed place max_fanout_violation_count
--------------------------------------------------------------------------
max fanout violation count 0

==========================================================================
detailed place max_cap_violation_count
--------------------------------------------------------------------------
max cap violation count 0

==========================================================================
detailed place setup_violation_count
--------------------------------------------------------------------------
setup violation count 0

==========================================================================
detailed place hold_violation_count
--------------------------------------------------------------------------
hold violation count 0

==========================================================================
detailed place report_checks -path_delay max reg to reg
--------------------------------------------------------------------------
Startpoint: write_ptr[0]$_DFFE_PN0N_
            (rising edge-triggered flip-flop clocked by core_clock)
Endpoint: credit_count[4]$_DFFE_PN1P_
          (rising edge-triggered flip-flop clocked by core_clock)
Path Group: core_clock
Path Type: max

  Delay    Time   Description
---------------------------------------------------------
   0.00    0.00   clock core_clock (rise edge)
   0.00    0.00   clock network delay (ideal)
   0.00    0.00 ^ write_ptr[0]$_DFFE_PN0N_/CLK (sky130_fd_sc_hd__dfrtp_1)
   0.38    0.38 v write_ptr[0]$_DFFE_PN0N_/Q (sky130_fd_sc_hd__dfrtp_1)
   0.16    0.55 ^ _496_/Y (sky130_fd_sc_hd__inv_1)
   0.19    0.73 ^ _558_/COUT (sky130_fd_sc_hd__ha_1)
   0.05    0.79 v _497_/Y (sky130_fd_sc_hd__inv_1)
   0.51    1.30 ^ _540_/SUM (sky130_fd_sc_hd__fa_1)
   0.23    1.53 v _294_/X (sky130_fd_sc_hd__or2b_1)
   0.43    1.96 ^ _295_/Y (sky130_fd_sc_hd__a2111oi_1)
   0.13    2.09 v _299_/Y (sky130_fd_sc_hd__nor2_1)
   0.21    2.29 v _304_/X (sky130_fd_sc_hd__and3_1)
   0.13    2.42 v _305_/X (sky130_fd_sc_hd__buf_6)
   0.21    2.63 v _543_/COUT (sky130_fd_sc_hd__ha_2)
   0.42    3.05 v _541_/COUT (sky130_fd_sc_hd__fa_1)
   0.18    3.23 v _511_/X (sky130_fd_sc_hd__a21o_1)
   0.16    3.39 ^ _512_/Y (sky130_fd_sc_hd__a21oi_1)
   0.16    3.55 ^ _513_/X (sky130_fd_sc_hd__xor2_1)
   0.06    3.61 v _514_/Y (sky130_fd_sc_hd__nor2_1)
   0.14    3.75 v _515_/X (sky130_fd_sc_hd__xor2_1)
   0.00    3.75 v credit_count[4]$_DFFE_PN1P_/D (sky130_fd_sc_hd__dfstp_1)
           3.75   data arrival time

   5.00    5.00   clock core_clock (rise edge)
   0.00    5.00   clock network delay (ideal)
   0.00    5.00   clock reconvergence pessimism
           5.00 ^ credit_count[4]$_DFFE_PN1P_/CLK (sky130_fd_sc_hd__dfstp_1)
  -0.08    4.92   library setup time
           4.92   data required time
---------------------------------------------------------
           4.92   data required time
          -3.75   data arrival time
---------------------------------------------------------
           1.16   slack (MET)



==========================================================================
detailed place report_checks -path_delay min reg to reg
--------------------------------------------------------------------------
Startpoint: write_ptr[4]$_DFFE_PN0N_
            (rising edge-triggered flip-flop clocked by core_clock)
Endpoint: write_ptr[4]$_DFFE_PN0N_
          (rising edge-triggered flip-flop clocked by core_clock)
Path Group: core_clock
Path Type: min

  Delay    Time   Description
---------------------------------------------------------
   0.00    0.00   clock core_clock (rise edge)
   0.00    0.00   clock network delay (ideal)
   0.00    0.00 ^ write_ptr[4]$_DFFE_PN0N_/CLK (sky130_fd_sc_hd__dfrtp_1)
   0.38    0.38 ^ write_ptr[4]$_DFFE_PN0N_/Q (sky130_fd_sc_hd__dfrtp_1)
   0.08    0.47 v _537_/X (sky130_fd_sc_hd__xor2_1)
   0.00    0.47 v write_ptr[4]$_DFFE_PN0N_/D (sky130_fd_sc_hd__dfrtp_1)
           0.47   data arrival time

   0.00    0.00   clock core_clock (rise edge)
   0.00    0.00   clock network delay (ideal)
   0.00    0.00   clock reconvergence pessimism
           0.00 ^ write_ptr[4]$_DFFE_PN0N_/CLK (sky130_fd_sc_hd__dfrtp_1)
  -0.05   -0.05   library hold time
          -0.05   data required time
---------------------------------------------------------
          -0.05   data required time
          -0.47   data arrival time
---------------------------------------------------------
           0.52   slack (MET)



==========================================================================
detailed place critical path target clock latency max path
--------------------------------------------------------------------------
0.0000

==========================================================================
detailed place critical path target clock latency min path
--------------------------------------------------------------------------
0.0000

==========================================================================
detailed place critical path source clock latency min path
--------------------------------------------------------------------------
0.0000

==========================================================================
detailed place critical path delay
--------------------------------------------------------------------------
3.7527

==========================================================================
detailed place critical path slack
--------------------------------------------------------------------------
1.1642

==========================================================================
detailed place slack div critical path delay
--------------------------------------------------------------------------
31.022997

==========================================================================
detailed place report_power
--------------------------------------------------------------------------
Group                  Internal  Switching    Leakage      Total
                          Power      Power      Power      Power (Watts)
----------------------------------------------------------------
Sequential             1.61e-03   1.20e-04   1.40e-09   1.73e-03  45.1%
Combinational          8.78e-04   1.23e-03   9.28e-10   2.10e-03  54.9%
Clock                  0.00e+00   0.00e+00   0.00e+00   0.00e+00   0.0%
Macro                  0.00e+00   0.00e+00   0.00e+00   0.00e+00   0.0%
Pad                    0.00e+00   0.00e+00   0.00e+00   0.00e+00   0.0%
----------------------------------------------------------------
Total                  2.48e-03   1.35e-03   2.33e-09   3.83e-03 100.0%
                          64.9%      35.1%       0.0%
