
==========================================================================
cts final report_tns
--------------------------------------------------------------------------
tns 0.00

==========================================================================
cts final report_wns
--------------------------------------------------------------------------
wns 0.00

==========================================================================
cts final report_worst_slack
--------------------------------------------------------------------------
worst slack 4.02

==========================================================================
cts final report_clock_skew
--------------------------------------------------------------------------
Clock core_clock
   0.23 source latency parallel_out[4]$_DFFE_PN0P_/CLK ^
  -0.23 target latency parallel_out[3]$_DFFE_PN0P_/CLK ^
   0.00 CRPR
--------------
   0.00 setup skew


==========================================================================
cts final report_checks -path_delay min
--------------------------------------------------------------------------
Startpoint: rst_n (input port clocked by core_clock)
Endpoint: parallel_out[4]$_DFFE_PN0P_
          (removal check against rising-edge clock core_clock)
Path Group: asynchronous
Path Type: min

Fanout     Cap    Slew   Delay    Time   Description
-----------------------------------------------------------------------------
                          0.00    0.00   clock core_clock (rise edge)
                          0.00    0.00   clock network delay (propagated)
                          0.20    0.20 ^ input external delay
     1    0.00    0.00    0.00    0.20 ^ rst_n (in)
                                         rst_n (net)
                  0.00    0.00    0.20 ^ hold2/A (sky130_fd_sc_hd__dlygate4sd3_1)
     1    0.00    0.05    0.52    0.72 ^ hold2/X (sky130_fd_sc_hd__dlygate4sd3_1)
                                         net21 (net)
                  0.05    0.00    0.72 ^ hold1/A (sky130_fd_sc_hd__buf_2)
     8    0.04    0.20    0.22    0.94 ^ hold1/X (sky130_fd_sc_hd__buf_2)
                                         net1 (net)
                  0.20    0.00    0.94 ^ parallel_out[4]$_DFFE_PN0P_/RESET_B (sky130_fd_sc_hd__dfrtp_1)
                                  0.94   data arrival time

                          0.00    0.00   clock core_clock (rise edge)
                          0.00    0.00   clock source latency
     1    0.01    0.00    0.00    0.00 ^ clk (in)
                                         clk (net)
                  0.00    0.00    0.00 ^ clkbuf_0_clk/A (sky130_fd_sc_hd__clkbuf_8)
     2    0.01    0.04    0.11    0.11 ^ clkbuf_0_clk/X (sky130_fd_sc_hd__clkbuf_8)
                                         clknet_0_clk (net)
                  0.04    0.00    0.11 ^ clkbuf_1_1__f_clk/A (sky130_fd_sc_hd__clkbuf_8)
     4    0.01    0.04    0.12    0.23 ^ clkbuf_1_1__f_clk/X (sky130_fd_sc_hd__clkbuf_8)
                                         clknet_1_1__leaf_clk (net)
                  0.04    0.00    0.23 ^ parallel_out[4]$_DFFE_PN0P_/CLK (sky130_fd_sc_hd__dfrtp_1)
                          0.00    0.23   clock reconvergence pessimism
                          0.36    0.59   library removal time
                                  0.59   data required time
-----------------------------------------------------------------------------
                                  0.59   data required time
                                 -0.94   data arrival time
-----------------------------------------------------------------------------
                                  0.36   slack (MET)


Startpoint: parallel_in[6] (input port clocked by core_clock)
Endpoint: parallel_out[6]$_DFFE_PN0P_
          (rising edge-triggered flip-flop clocked by core_clock)
Path Group: core_clock
Path Type: min

Fanout     Cap    Slew   Delay    Time   Description
-----------------------------------------------------------------------------
                          0.00    0.00   clock core_clock (rise edge)
                          0.00    0.00   clock network delay (propagated)
                          0.20    0.20 ^ input external delay
     1    0.00    0.00    0.00    0.20 ^ parallel_in[6] (in)
                                         parallel_in[6] (net)
                  0.00    0.00    0.20 ^ input8/A (sky130_fd_sc_hd__clkbuf_1)
     1    0.00    0.05    0.07    0.27 ^ input8/X (sky130_fd_sc_hd__clkbuf_1)
                                         net9 (net)
                  0.05    0.00    0.27 ^ _47_/B (sky130_fd_sc_hd__nand2_1)
     1    0.00    0.03    0.05    0.31 v _47_/Y (sky130_fd_sc_hd__nand2_1)
                                         _23_ (net)
                  0.03    0.00    0.31 v _48_/B1 (sky130_fd_sc_hd__o21ai_0)
     1    0.00    0.07    0.07    0.38 ^ _48_/Y (sky130_fd_sc_hd__o21ai_0)
                                         _06_ (net)
                  0.07    0.00    0.38 ^ parallel_out[6]$_DFFE_PN0P_/D (sky130_fd_sc_hd__dfrtp_1)
                                  0.38   data arrival time

                          0.00    0.00   clock core_clock (rise edge)
                          0.00    0.00   clock source latency
     1    0.01    0.00    0.00    0.00 ^ clk (in)
                                         clk (net)
                  0.00    0.00    0.00 ^ clkbuf_0_clk/A (sky130_fd_sc_hd__clkbuf_8)
     2    0.01    0.04    0.11    0.11 ^ clkbuf_0_clk/X (sky130_fd_sc_hd__clkbuf_8)
                                         clknet_0_clk (net)
                  0.04    0.00    0.11 ^ clkbuf_1_1__f_clk/A (sky130_fd_sc_hd__clkbuf_8)
     4    0.01    0.04    0.12    0.23 ^ clkbuf_1_1__f_clk/X (sky130_fd_sc_hd__clkbuf_8)
                                         clknet_1_1__leaf_clk (net)
                  0.04    0.00    0.23 ^ parallel_out[6]$_DFFE_PN0P_/CLK (sky130_fd_sc_hd__dfrtp_1)
                          0.00    0.23   clock reconvergence pessimism
                         -0.04    0.18   library hold time
                                  0.18   data required time
-----------------------------------------------------------------------------
                                  0.18   data required time
                                 -0.38   data arrival time
-----------------------------------------------------------------------------
                                  0.19   slack (MET)



==========================================================================
cts final report_checks -path_delay max
--------------------------------------------------------------------------
Startpoint: rst_n (input port clocked by core_clock)
Endpoint: parallel_out[1]$_DFFE_PN0P_
          (recovery check against rising-edge clock core_clock)
Path Group: asynchronous
Path Type: max

Fanout     Cap    Slew   Delay    Time   Description
-----------------------------------------------------------------------------
                          0.00    0.00   clock core_clock (rise edge)
                          0.00    0.00   clock network delay (propagated)
                          0.20    0.20 ^ input external delay
     1    0.00    0.00    0.00    0.20 ^ rst_n (in)
                                         rst_n (net)
                  0.00    0.00    0.20 ^ hold2/A (sky130_fd_sc_hd__dlygate4sd3_1)
     1    0.00    0.05    0.52    0.72 ^ hold2/X (sky130_fd_sc_hd__dlygate4sd3_1)
                                         net21 (net)
                  0.05    0.00    0.72 ^ hold1/A (sky130_fd_sc_hd__buf_2)
     8    0.04    0.20    0.22    0.94 ^ hold1/X (sky130_fd_sc_hd__buf_2)
                                         net1 (net)
                  0.20    0.00    0.94 ^ parallel_out[1]$_DFFE_PN0P_/RESET_B (sky130_fd_sc_hd__dfrtp_1)
                                  0.94   data arrival time

                          5.00    5.00   clock core_clock (rise edge)
                          0.00    5.00   clock source latency
     1    0.01    0.00    0.00    5.00 ^ clk (in)
                                         clk (net)
                  0.00    0.00    5.00 ^ clkbuf_0_clk/A (sky130_fd_sc_hd__clkbuf_8)
     2    0.01    0.04    0.11    5.11 ^ clkbuf_0_clk/X (sky130_fd_sc_hd__clkbuf_8)
                                         clknet_0_clk (net)
                  0.04    0.00    5.11 ^ clkbuf_1_0__f_clk/A (sky130_fd_sc_hd__clkbuf_8)
     4    0.01    0.04    0.12    5.23 ^ clkbuf_1_0__f_clk/X (sky130_fd_sc_hd__clkbuf_8)
                                         clknet_1_0__leaf_clk (net)
                  0.04    0.00    5.23 ^ parallel_out[1]$_DFFE_PN0P_/CLK (sky130_fd_sc_hd__dfrtp_1)
                          0.00    5.23   clock reconvergence pessimism
                          0.19    5.41   library recovery time
                                  5.41   data required time
-----------------------------------------------------------------------------
                                  5.41   data required time
                                 -0.94   data arrival time
-----------------------------------------------------------------------------
                                  4.47   slack (MET)


Startpoint: parallel_out[0]$_DFFE_PN0P_
            (rising edge-triggered flip-flop clocked by core_clock)
Endpoint: parallel_out[0] (output port clocked by core_clock)
Path Group: core_clock
Path Type: max

Fanout     Cap    Slew   Delay    Time   Description
-----------------------------------------------------------------------------
                          0.00    0.00   clock core_clock (rise edge)
                          0.00    0.00   clock source latency
     1    0.01    0.00    0.00    0.00 ^ clk (in)
                                         clk (net)
                  0.00    0.00    0.00 ^ clkbuf_0_clk/A (sky130_fd_sc_hd__clkbuf_8)
     2    0.01    0.04    0.11    0.11 ^ clkbuf_0_clk/X (sky130_fd_sc_hd__clkbuf_8)
                                         clknet_0_clk (net)
                  0.04    0.00    0.11 ^ clkbuf_1_0__f_clk/A (sky130_fd_sc_hd__clkbuf_8)
     4    0.01    0.04    0.12    0.23 ^ clkbuf_1_0__f_clk/X (sky130_fd_sc_hd__clkbuf_8)
                                         clknet_1_0__leaf_clk (net)
                  0.04    0.00    0.23 ^ parallel_out[0]$_DFFE_PN0P_/CLK (sky130_fd_sc_hd__dfrtp_1)
     3    0.01    0.07    0.38    0.61 v parallel_out[0]$_DFFE_PN0P_/Q (sky130_fd_sc_hd__dfrtp_1)
                                         net20 (net)
                  0.07    0.00    0.61 v _52_/A (sky130_fd_sc_hd__clkbuf_1)
     1    0.00    0.03    0.10    0.71 v _52_/X (sky130_fd_sc_hd__clkbuf_1)
                                         net12 (net)
                  0.03    0.00    0.71 v output11/A (sky130_fd_sc_hd__clkbuf_1)
     1    0.00    0.02    0.07    0.78 v output11/X (sky130_fd_sc_hd__clkbuf_1)
                                         parallel_out[0] (net)
                  0.02    0.00    0.78 v parallel_out[0] (out)
                                  0.78   data arrival time

                          5.00    5.00   clock core_clock (rise edge)
                          0.00    5.00   clock network delay (propagated)
                          0.00    5.00   clock reconvergence pessimism
                         -0.20    4.80   output external delay
                                  4.80   data required time
-----------------------------------------------------------------------------
                                  4.80   data required time
                                 -0.78   data arrival time
-----------------------------------------------------------------------------
                                  4.02   slack (MET)



==========================================================================
cts final report_checks -unconstrained
--------------------------------------------------------------------------
Startpoint: rst_n (input port clocked by core_clock)
Endpoint: parallel_out[1]$_DFFE_PN0P_
          (recovery check against rising-edge clock core_clock)
Path Group: asynchronous
Path Type: max

Fanout     Cap    Slew   Delay    Time   Description
-----------------------------------------------------------------------------
                          0.00    0.00   clock core_clock (rise edge)
                          0.00    0.00   clock network delay (propagated)
                          0.20    0.20 ^ input external delay
     1    0.00    0.00    0.00    0.20 ^ rst_n (in)
                                         rst_n (net)
                  0.00    0.00    0.20 ^ hold2/A (sky130_fd_sc_hd__dlygate4sd3_1)
     1    0.00    0.05    0.52    0.72 ^ hold2/X (sky130_fd_sc_hd__dlygate4sd3_1)
                                         net21 (net)
                  0.05    0.00    0.72 ^ hold1/A (sky130_fd_sc_hd__buf_2)
     8    0.04    0.20    0.22    0.94 ^ hold1/X (sky130_fd_sc_hd__buf_2)
                                         net1 (net)
                  0.20    0.00    0.94 ^ parallel_out[1]$_DFFE_PN0P_/RESET_B (sky130_fd_sc_hd__dfrtp_1)
                                  0.94   data arrival time

                          5.00    5.00   clock core_clock (rise edge)
                          0.00    5.00   clock source latency
     1    0.01    0.00    0.00    5.00 ^ clk (in)
                                         clk (net)
                  0.00    0.00    5.00 ^ clkbuf_0_clk/A (sky130_fd_sc_hd__clkbuf_8)
     2    0.01    0.04    0.11    5.11 ^ clkbuf_0_clk/X (sky130_fd_sc_hd__clkbuf_8)
                                         clknet_0_clk (net)
                  0.04    0.00    5.11 ^ clkbuf_1_0__f_clk/A (sky130_fd_sc_hd__clkbuf_8)
     4    0.01    0.04    0.12    5.23 ^ clkbuf_1_0__f_clk/X (sky130_fd_sc_hd__clkbuf_8)
                                         clknet_1_0__leaf_clk (net)
                  0.04    0.00    5.23 ^ parallel_out[1]$_DFFE_PN0P_/CLK (sky130_fd_sc_hd__dfrtp_1)
                          0.00    5.23   clock reconvergence pessimism
                          0.19    5.41   library recovery time
                                  5.41   data required time
-----------------------------------------------------------------------------
                                  5.41   data required time
                                 -0.94   data arrival time
-----------------------------------------------------------------------------
                                  4.47   slack (MET)


Startpoint: parallel_out[0]$_DFFE_PN0P_
            (rising edge-triggered flip-flop clocked by core_clock)
Endpoint: parallel_out[0] (output port clocked by core_clock)
Path Group: core_clock
Path Type: max

Fanout     Cap    Slew   Delay    Time   Description
-----------------------------------------------------------------------------
                          0.00    0.00   clock core_clock (rise edge)
                          0.00    0.00   clock source latency
     1    0.01    0.00    0.00    0.00 ^ clk (in)
                                         clk (net)
                  0.00    0.00    0.00 ^ clkbuf_0_clk/A (sky130_fd_sc_hd__clkbuf_8)
     2    0.01    0.04    0.11    0.11 ^ clkbuf_0_clk/X (sky130_fd_sc_hd__clkbuf_8)
                                         clknet_0_clk (net)
                  0.04    0.00    0.11 ^ clkbuf_1_0__f_clk/A (sky130_fd_sc_hd__clkbuf_8)
     4    0.01    0.04    0.12    0.23 ^ clkbuf_1_0__f_clk/X (sky130_fd_sc_hd__clkbuf_8)
                                         clknet_1_0__leaf_clk (net)
                  0.04    0.00    0.23 ^ parallel_out[0]$_DFFE_PN0P_/CLK (sky130_fd_sc_hd__dfrtp_1)
     3    0.01    0.07    0.38    0.61 v parallel_out[0]$_DFFE_PN0P_/Q (sky130_fd_sc_hd__dfrtp_1)
                                         net20 (net)
                  0.07    0.00    0.61 v _52_/A (sky130_fd_sc_hd__clkbuf_1)
     1    0.00    0.03    0.10    0.71 v _52_/X (sky130_fd_sc_hd__clkbuf_1)
                                         net12 (net)
                  0.03    0.00    0.71 v output11/A (sky130_fd_sc_hd__clkbuf_1)
     1    0.00    0.02    0.07    0.78 v output11/X (sky130_fd_sc_hd__clkbuf_1)
                                         parallel_out[0] (net)
                  0.02    0.00    0.78 v parallel_out[0] (out)
                                  0.78   data arrival time

                          5.00    5.00   clock core_clock (rise edge)
                          0.00    5.00   clock network delay (propagated)
                          0.00    5.00   clock reconvergence pessimism
                         -0.20    4.80   output external delay
                                  4.80   data required time
-----------------------------------------------------------------------------
                                  4.80   data required time
                                 -0.78   data arrival time
-----------------------------------------------------------------------------
                                  4.02   slack (MET)



==========================================================================
cts final report_check_types -max_slew -max_cap -max_fanout -violators
--------------------------------------------------------------------------

==========================================================================
cts final max_slew_check_slack
--------------------------------------------------------------------------
1.3020658493041992

==========================================================================
cts final max_slew_check_limit
--------------------------------------------------------------------------
1.5

==========================================================================
cts final max_slew_check_slack_limit
--------------------------------------------------------------------------
0.8680

==========================================================================
cts final max_fanout_check_slack
--------------------------------------------------------------------------
1.0000000150474662e+30

==========================================================================
cts final max_fanout_check_limit
--------------------------------------------------------------------------
1.0000000150474662e+30

==========================================================================
cts final max_capacitance_check_slack
--------------------------------------------------------------------------
0.04694211110472679

==========================================================================
cts final max_capacitance_check_limit
--------------------------------------------------------------------------
0.05036399886012077

==========================================================================
cts final max_capacitance_check_slack_limit
--------------------------------------------------------------------------
0.9321

==========================================================================
cts final max_slew_violation_count
--------------------------------------------------------------------------
max slew violation count 0

==========================================================================
cts final max_fanout_violation_count
--------------------------------------------------------------------------
max fanout violation count 0

==========================================================================
cts final max_cap_violation_count
--------------------------------------------------------------------------
max cap violation count 0

==========================================================================
cts final setup_violation_count
--------------------------------------------------------------------------
setup violation count 0

==========================================================================
cts final hold_violation_count
--------------------------------------------------------------------------
hold violation count 0

==========================================================================
cts final report_checks -path_delay max reg to reg
--------------------------------------------------------------------------
Startpoint: parallel_out[3]$_DFFE_PN0P_
            (rising edge-triggered flip-flop clocked by core_clock)
Endpoint: parallel_out[2]$_DFFE_PN0P_
          (rising edge-triggered flip-flop clocked by core_clock)
Path Group: core_clock
Path Type: max

  Delay    Time   Description
---------------------------------------------------------
   0.00    0.00   clock core_clock (rise edge)
   0.00    0.00   clock source latency
   0.00    0.00 ^ clk (in)
   0.11    0.11 ^ clkbuf_0_clk/X (sky130_fd_sc_hd__clkbuf_8)
   0.12    0.23 ^ clkbuf_1_0__f_clk/X (sky130_fd_sc_hd__clkbuf_8)
   0.00    0.23 ^ parallel_out[3]$_DFFE_PN0P_/CLK (sky130_fd_sc_hd__dfrtp_1)
   0.39    0.61 v parallel_out[3]$_DFFE_PN0P_/Q (sky130_fd_sc_hd__dfrtp_1)
   0.16    0.77 ^ _34_/Y (sky130_fd_sc_hd__mux2i_1)
   0.10    0.87 v _36_/Y (sky130_fd_sc_hd__o21ai_0)
   0.00    0.87 v parallel_out[2]$_DFFE_PN0P_/D (sky130_fd_sc_hd__dfrtp_1)
           0.87   data arrival time

   5.00    5.00   clock core_clock (rise edge)
   0.00    5.00   clock source latency
   0.00    5.00 ^ clk (in)
   0.11    5.11 ^ clkbuf_0_clk/X (sky130_fd_sc_hd__clkbuf_8)
   0.12    5.23 ^ clkbuf_1_0__f_clk/X (sky130_fd_sc_hd__clkbuf_8)
   0.00    5.23 ^ parallel_out[2]$_DFFE_PN0P_/CLK (sky130_fd_sc_hd__dfrtp_1)
   0.00    5.23   clock reconvergence pessimism
  -0.13    5.10   library setup time
           5.10   data required time
---------------------------------------------------------
           5.10   data required time
          -0.87   data arrival time
---------------------------------------------------------
           4.23   slack (MET)



==========================================================================
cts final report_checks -path_delay min reg to reg
--------------------------------------------------------------------------
Startpoint: parallel_out[7]$_DFFE_PN0P_
            (rising edge-triggered flip-flop clocked by core_clock)
Endpoint: parallel_out[7]$_DFFE_PN0P_
          (rising edge-triggered flip-flop clocked by core_clock)
Path Group: core_clock
Path Type: min

  Delay    Time   Description
---------------------------------------------------------
   0.00    0.00   clock core_clock (rise edge)
   0.00    0.00   clock source latency
   0.00    0.00 ^ clk (in)
   0.11    0.11 ^ clkbuf_0_clk/X (sky130_fd_sc_hd__clkbuf_8)
   0.12    0.23 ^ clkbuf_1_1__f_clk/X (sky130_fd_sc_hd__clkbuf_8)
   0.00    0.23 ^ parallel_out[7]$_DFFE_PN0P_/CLK (sky130_fd_sc_hd__dfrtp_1)
   0.35    0.58 ^ parallel_out[7]$_DFFE_PN0P_/Q (sky130_fd_sc_hd__dfrtp_1)
   0.08    0.66 v _49_/Y (sky130_fd_sc_hd__mux2i_1)
   0.14    0.80 ^ _51_/Y (sky130_fd_sc_hd__o21ai_0)
   0.00    0.80 ^ parallel_out[7]$_DFFE_PN0P_/D (sky130_fd_sc_hd__dfrtp_1)
           0.80   data arrival time

   0.00    0.00   clock core_clock (rise edge)
   0.00    0.00   clock source latency
   0.00    0.00 ^ clk (in)
   0.11    0.11 ^ clkbuf_0_clk/X (sky130_fd_sc_hd__clkbuf_8)
   0.12    0.23 ^ clkbuf_1_1__f_clk/X (sky130_fd_sc_hd__clkbuf_8)
   0.00    0.23 ^ parallel_out[7]$_DFFE_PN0P_/CLK (sky130_fd_sc_hd__dfrtp_1)
   0.00    0.23   clock reconvergence pessimism
  -0.04    0.19   library hold time
           0.19   data required time
---------------------------------------------------------
           0.19   data required time
          -0.80   data arrival time
---------------------------------------------------------
           0.61   slack (MET)



==========================================================================
cts final critical path target clock latency max path
--------------------------------------------------------------------------
0.2257

==========================================================================
cts final critical path target clock latency min path
--------------------------------------------------------------------------
0.2265

==========================================================================
cts final critical path source clock latency min path
--------------------------------------------------------------------------
0.0000

==========================================================================
cts final critical path delay
--------------------------------------------------------------------------
0.7803

==========================================================================
cts final critical path slack
--------------------------------------------------------------------------
4.0197

==========================================================================
cts final slack div critical path delay
--------------------------------------------------------------------------
515.148020

==========================================================================
cts final report_power
--------------------------------------------------------------------------
Group                  Internal  Switching    Leakage      Total
                          Power      Power      Power      Power (Watts)
----------------------------------------------------------------
Sequential             7.19e-05   5.48e-06   9.72e-11   7.74e-05  43.4%
Combinational          1.33e-05   1.13e-05   1.21e-10   2.46e-05  13.8%
Clock                  5.20e-05   2.41e-05   2.16e-11   7.61e-05  42.7%
Macro                  0.00e+00   0.00e+00   0.00e+00   0.00e+00   0.0%
Pad                    0.00e+00   0.00e+00   0.00e+00   0.00e+00   0.0%
----------------------------------------------------------------
Total                  1.37e-04   4.09e-05   2.40e-10   1.78e-04 100.0%
                          77.0%      23.0%       0.0%
