
==========================================================================
finish report_tns
--------------------------------------------------------------------------
tns 0.00

==========================================================================
finish report_wns
--------------------------------------------------------------------------
wns 0.00

==========================================================================
finish report_worst_slack
--------------------------------------------------------------------------
worst slack 4.03

==========================================================================
finish report_clock_skew
--------------------------------------------------------------------------
Clock core_clock
   0.22 source latency parallel_out[4]$_DFFE_PN0P_/CLK ^
  -0.22 target latency parallel_out[3]$_DFFE_PN0P_/CLK ^
   0.00 CRPR
--------------
   0.00 setup skew


==========================================================================
finish report_checks -path_delay min
--------------------------------------------------------------------------
Startpoint: rst_n (input port clocked by core_clock)
Endpoint: parallel_out[4]$_DFFE_PN0P_
          (removal check against rising-edge clock core_clock)
Path Group: asynchronous
Path Type: min

Fanout     Cap    Slew   Delay    Time   Description
-----------------------------------------------------------------------------
                          0.00    0.00   clock core_clock (rise edge)
                          0.00    0.00   clock network delay (propagated)
                          0.20    0.20 ^ input external delay
     1    0.00    0.00    0.00    0.20 ^ rst_n (in)
                                         rst_n (net)
                  0.00    0.00    0.20 ^ hold2/A (sky130_fd_sc_hd__dlygate4sd3_1)
     1    0.00    0.05    0.52    0.72 ^ hold2/X (sky130_fd_sc_hd__dlygate4sd3_1)
                                         net21 (net)
                  0.05    0.00    0.72 ^ hold1/A (sky130_fd_sc_hd__buf_2)
     8    0.04    0.19    0.21    0.93 ^ hold1/X (sky130_fd_sc_hd__buf_2)
                                         net1 (net)
                  0.19    0.00    0.93 ^ parallel_out[4]$_DFFE_PN0P_/RESET_B (sky130_fd_sc_hd__dfrtp_1)
                                  0.93   data arrival time

                          0.00    0.00   clock core_clock (rise edge)
                          0.00    0.00   clock source latency
     1    0.01    0.00    0.00    0.00 ^ clk (in)
                                         clk (net)
                  0.00    0.00    0.00 ^ clkbuf_0_clk/A (sky130_fd_sc_hd__clkbuf_8)
     2    0.01    0.04    0.11    0.11 ^ clkbuf_0_clk/X (sky130_fd_sc_hd__clkbuf_8)
                                         clknet_0_clk (net)
                  0.04    0.00    0.11 ^ clkbuf_1_1__f_clk/A (sky130_fd_sc_hd__clkbuf_8)
     4    0.01    0.04    0.12    0.22 ^ clkbuf_1_1__f_clk/X (sky130_fd_sc_hd__clkbuf_8)
                                         clknet_1_1__leaf_clk (net)
                  0.04    0.00    0.22 ^ parallel_out[4]$_DFFE_PN0P_/CLK (sky130_fd_sc_hd__dfrtp_1)
                          0.00    0.22   clock reconvergence pessimism
                          0.36    0.58   library removal time
                                  0.58   data required time
-----------------------------------------------------------------------------
                                  0.58   data required time
                                 -0.93   data arrival time
-----------------------------------------------------------------------------
                                  0.35   slack (MET)


Startpoint: parallel_in[6] (input port clocked by core_clock)
Endpoint: parallel_out[6]$_DFFE_PN0P_
          (rising edge-triggered flip-flop clocked by core_clock)
Path Group: core_clock
Path Type: min

Fanout     Cap    Slew   Delay    Time   Description
-----------------------------------------------------------------------------
                          0.00    0.00   clock core_clock (rise edge)
                          0.00    0.00   clock network delay (propagated)
                          0.20    0.20 ^ input external delay
     1    0.00    0.00    0.00    0.20 ^ parallel_in[6] (in)
                                         parallel_in[6] (net)
                  0.00    0.00    0.20 ^ input8/A (sky130_fd_sc_hd__clkbuf_1)
     1    0.00    0.04    0.06    0.26 ^ input8/X (sky130_fd_sc_hd__clkbuf_1)
                                         net9 (net)
                  0.04    0.00    0.26 ^ _47_/B (sky130_fd_sc_hd__nand2_1)
     1    0.00    0.03    0.05    0.31 v _47_/Y (sky130_fd_sc_hd__nand2_1)
                                         _23_ (net)
                  0.03    0.00    0.31 v _48_/B1 (sky130_fd_sc_hd__o21ai_0)
     1    0.00    0.07    0.06    0.37 ^ _48_/Y (sky130_fd_sc_hd__o21ai_0)
                                         _06_ (net)
                  0.07    0.00    0.37 ^ parallel_out[6]$_DFFE_PN0P_/D (sky130_fd_sc_hd__dfrtp_1)
                                  0.37   data arrival time

                          0.00    0.00   clock core_clock (rise edge)
                          0.00    0.00   clock source latency
     1    0.01    0.00    0.00    0.00 ^ clk (in)
                                         clk (net)
                  0.00    0.00    0.00 ^ clkbuf_0_clk/A (sky130_fd_sc_hd__clkbuf_8)
     2    0.01    0.04    0.11    0.11 ^ clkbuf_0_clk/X (sky130_fd_sc_hd__clkbuf_8)
                                         clknet_0_clk (net)
                  0.04    0.00    0.11 ^ clkbuf_1_1__f_clk/A (sky130_fd_sc_hd__clkbuf_8)
     4    0.01    0.04    0.12    0.22 ^ clkbuf_1_1__f_clk/X (sky130_fd_sc_hd__clkbuf_8)
                                         clknet_1_1__leaf_clk (net)
                  0.04    0.00    0.22 ^ parallel_out[6]$_DFFE_PN0P_/CLK (sky130_fd_sc_hd__dfrtp_1)
                          0.00    0.22   clock reconvergence pessimism
                         -0.04    0.18   library hold time
                                  0.18   data required time
-----------------------------------------------------------------------------
                                  0.18   data required time
                                 -0.37   data arrival time
-----------------------------------------------------------------------------
                                  0.19   slack (MET)



==========================================================================
finish report_checks -path_delay max
--------------------------------------------------------------------------
Startpoint: rst_n (input port clocked by core_clock)
Endpoint: parallel_out[1]$_DFFE_PN0P_
          (recovery check against rising-edge clock core_clock)
Path Group: asynchronous
Path Type: max

Fanout     Cap    Slew   Delay    Time   Description
-----------------------------------------------------------------------------
                          0.00    0.00   clock core_clock (rise edge)
                          0.00    0.00   clock network delay (propagated)
                          0.20    0.20 ^ input external delay
     1    0.00    0.00    0.00    0.20 ^ rst_n (in)
                                         rst_n (net)
                  0.00    0.00    0.20 ^ hold2/A (sky130_fd_sc_hd__dlygate4sd3_1)
     1    0.00    0.05    0.52    0.72 ^ hold2/X (sky130_fd_sc_hd__dlygate4sd3_1)
                                         net21 (net)
                  0.05    0.00    0.72 ^ hold1/A (sky130_fd_sc_hd__buf_2)
     8    0.04    0.19    0.21    0.93 ^ hold1/X (sky130_fd_sc_hd__buf_2)
                                         net1 (net)
                  0.19    0.00    0.93 ^ parallel_out[1]$_DFFE_PN0P_/RESET_B (sky130_fd_sc_hd__dfrtp_1)
                                  0.93   data arrival time

                          5.00    5.00   clock core_clock (rise edge)
                          0.00    5.00   clock source latency
     1    0.01    0.00    0.00    5.00 ^ clk (in)
                                         clk (net)
                  0.00    0.00    5.00 ^ clkbuf_0_clk/A (sky130_fd_sc_hd__clkbuf_8)
     2    0.01    0.04    0.11    5.11 ^ clkbuf_0_clk/X (sky130_fd_sc_hd__clkbuf_8)
                                         clknet_0_clk (net)
                  0.04    0.00    5.11 ^ clkbuf_1_0__f_clk/A (sky130_fd_sc_hd__clkbuf_8)
     4    0.01    0.04    0.12    5.22 ^ clkbuf_1_0__f_clk/X (sky130_fd_sc_hd__clkbuf_8)
                                         clknet_1_0__leaf_clk (net)
                  0.04    0.00    5.22 ^ parallel_out[1]$_DFFE_PN0P_/CLK (sky130_fd_sc_hd__dfrtp_1)
                          0.00    5.22   clock reconvergence pessimism
                          0.19    5.41   library recovery time
                                  5.41   data required time
-----------------------------------------------------------------------------
                                  5.41   data required time
                                 -0.93   data arrival time
-----------------------------------------------------------------------------
                                  4.48   slack (MET)


Startpoint: parallel_out[0]$_DFFE_PN0P_
            (rising edge-triggered flip-flop clocked by core_clock)
Endpoint: parallel_out[0] (output port clocked by core_clock)
Path Group: core_clock
Path Type: max

Fanout     Cap    Slew   Delay    Time   Description
-----------------------------------------------------------------------------
                          0.00    0.00   clock core_clock (rise edge)
                          0.00    0.00   clock source latency
     1    0.01    0.00    0.00    0.00 ^ clk (in)
                                         clk (net)
                  0.00    0.00    0.00 ^ clkbuf_0_clk/A (sky130_fd_sc_hd__clkbuf_8)
     2    0.01    0.04    0.11    0.11 ^ clkbuf_0_clk/X (sky130_fd_sc_hd__clkbuf_8)
                                         clknet_0_clk (net)
                  0.04    0.00    0.11 ^ clkbuf_1_0__f_clk/A (sky130_fd_sc_hd__clkbuf_8)
     4    0.01    0.04    0.12    0.22 ^ clkbuf_1_0__f_clk/X (sky130_fd_sc_hd__clkbuf_8)
                                         clknet_1_0__leaf_clk (net)
                  0.04    0.00    0.22 ^ parallel_out[0]$_DFFE_PN0P_/CLK (sky130_fd_sc_hd__dfrtp_1)
     3    0.01    0.07    0.38    0.60 v parallel_out[0]$_DFFE_PN0P_/Q (sky130_fd_sc_hd__dfrtp_1)
                                         net20 (net)
                  0.07    0.00    0.60 v _52_/A (sky130_fd_sc_hd__clkbuf_1)
     1    0.00    0.03    0.10    0.70 v _52_/X (sky130_fd_sc_hd__clkbuf_1)
                                         net12 (net)
                  0.03    0.00    0.70 v output11/A (sky130_fd_sc_hd__clkbuf_1)
     1    0.00    0.02    0.07    0.77 v output11/X (sky130_fd_sc_hd__clkbuf_1)
                                         parallel_out[0] (net)
                  0.02    0.00    0.77 v parallel_out[0] (out)
                                  0.77   data arrival time

                          5.00    5.00   clock core_clock (rise edge)
                          0.00    5.00   clock network delay (propagated)
                          0.00    5.00   clock reconvergence pessimism
                         -0.20    4.80   output external delay
                                  4.80   data required time
-----------------------------------------------------------------------------
                                  4.80   data required time
                                 -0.77   data arrival time
-----------------------------------------------------------------------------
                                  4.03   slack (MET)



==========================================================================
finish report_checks -unconstrained
--------------------------------------------------------------------------
Startpoint: rst_n (input port clocked by core_clock)
Endpoint: parallel_out[1]$_DFFE_PN0P_
          (recovery check against rising-edge clock core_clock)
Path Group: asynchronous
Path Type: max

Fanout     Cap    Slew   Delay    Time   Description
-----------------------------------------------------------------------------
                          0.00    0.00   clock core_clock (rise edge)
                          0.00    0.00   clock network delay (propagated)
                          0.20    0.20 ^ input external delay
     1    0.00    0.00    0.00    0.20 ^ rst_n (in)
                                         rst_n (net)
                  0.00    0.00    0.20 ^ hold2/A (sky130_fd_sc_hd__dlygate4sd3_1)
     1    0.00    0.05    0.52    0.72 ^ hold2/X (sky130_fd_sc_hd__dlygate4sd3_1)
                                         net21 (net)
                  0.05    0.00    0.72 ^ hold1/A (sky130_fd_sc_hd__buf_2)
     8    0.04    0.19    0.21    0.93 ^ hold1/X (sky130_fd_sc_hd__buf_2)
                                         net1 (net)
                  0.19    0.00    0.93 ^ parallel_out[1]$_DFFE_PN0P_/RESET_B (sky130_fd_sc_hd__dfrtp_1)
                                  0.93   data arrival time

                          5.00    5.00   clock core_clock (rise edge)
                          0.00    5.00   clock source latency
     1    0.01    0.00    0.00    5.00 ^ clk (in)
                                         clk (net)
                  0.00    0.00    5.00 ^ clkbuf_0_clk/A (sky130_fd_sc_hd__clkbuf_8)
     2    0.01    0.04    0.11    5.11 ^ clkbuf_0_clk/X (sky130_fd_sc_hd__clkbuf_8)
                                         clknet_0_clk (net)
                  0.04    0.00    5.11 ^ clkbuf_1_0__f_clk/A (sky130_fd_sc_hd__clkbuf_8)
     4    0.01    0.04    0.12    5.22 ^ clkbuf_1_0__f_clk/X (sky130_fd_sc_hd__clkbuf_8)
                                         clknet_1_0__leaf_clk (net)
                  0.04    0.00    5.22 ^ parallel_out[1]$_DFFE_PN0P_/CLK (sky130_fd_sc_hd__dfrtp_1)
                          0.00    5.22   clock reconvergence pessimism
                          0.19    5.41   library recovery time
                                  5.41   data required time
-----------------------------------------------------------------------------
                                  5.41   data required time
                                 -0.93   data arrival time
-----------------------------------------------------------------------------
                                  4.48   slack (MET)


Startpoint: parallel_out[0]$_DFFE_PN0P_
            (rising edge-triggered flip-flop clocked by core_clock)
Endpoint: parallel_out[0] (output port clocked by core_clock)
Path Group: core_clock
Path Type: max

Fanout     Cap    Slew   Delay    Time   Description
-----------------------------------------------------------------------------
                          0.00    0.00   clock core_clock (rise edge)
                          0.00    0.00   clock source latency
     1    0.01    0.00    0.00    0.00 ^ clk (in)
                                         clk (net)
                  0.00    0.00    0.00 ^ clkbuf_0_clk/A (sky130_fd_sc_hd__clkbuf_8)
     2    0.01    0.04    0.11    0.11 ^ clkbuf_0_clk/X (sky130_fd_sc_hd__clkbuf_8)
                                         clknet_0_clk (net)
                  0.04    0.00    0.11 ^ clkbuf_1_0__f_clk/A (sky130_fd_sc_hd__clkbuf_8)
     4    0.01    0.04    0.12    0.22 ^ clkbuf_1_0__f_clk/X (sky130_fd_sc_hd__clkbuf_8)
                                         clknet_1_0__leaf_clk (net)
                  0.04    0.00    0.22 ^ parallel_out[0]$_DFFE_PN0P_/CLK (sky130_fd_sc_hd__dfrtp_1)
     3    0.01    0.07    0.38    0.60 v parallel_out[0]$_DFFE_PN0P_/Q (sky130_fd_sc_hd__dfrtp_1)
                                         net20 (net)
                  0.07    0.00    0.60 v _52_/A (sky130_fd_sc_hd__clkbuf_1)
     1    0.00    0.03    0.10    0.70 v _52_/X (sky130_fd_sc_hd__clkbuf_1)
                                         net12 (net)
                  0.03    0.00    0.70 v output11/A (sky130_fd_sc_hd__clkbuf_1)
     1    0.00    0.02    0.07    0.77 v output11/X (sky130_fd_sc_hd__clkbuf_1)
                                         parallel_out[0] (net)
                  0.02    0.00    0.77 v parallel_out[0] (out)
                                  0.77   data arrival time

                          5.00    5.00   clock core_clock (rise edge)
                          0.00    5.00   clock network delay (propagated)
                          0.00    5.00   clock reconvergence pessimism
                         -0.20    4.80   output external delay
                                  4.80   data required time
-----------------------------------------------------------------------------
                                  4.80   data required time
                                 -0.77   data arrival time
-----------------------------------------------------------------------------
                                  4.03   slack (MET)



==========================================================================
finish report_check_types -max_slew -max_cap -max_fanout -violators
--------------------------------------------------------------------------

==========================================================================
finish max_slew_check_slack
--------------------------------------------------------------------------
1.3082693815231323

==========================================================================
finish max_slew_check_limit
--------------------------------------------------------------------------
1.4582829475402832

==========================================================================
finish max_slew_check_slack_limit
--------------------------------------------------------------------------
0.8971

==========================================================================
finish max_fanout_check_slack
--------------------------------------------------------------------------
1.0000000150474662e+30

==========================================================================
finish max_fanout_check_limit
--------------------------------------------------------------------------
1.0000000150474662e+30

==========================================================================
finish max_capacitance_check_slack
--------------------------------------------------------------------------
0.047124188393354416

==========================================================================
finish max_capacitance_check_limit
--------------------------------------------------------------------------
0.05036399886012077

==========================================================================
finish max_capacitance_check_slack_limit
--------------------------------------------------------------------------
0.9357

==========================================================================
finish max_slew_violation_count
--------------------------------------------------------------------------
max slew violation count 0

==========================================================================
finish max_fanout_violation_count
--------------------------------------------------------------------------
max fanout violation count 0

==========================================================================
finish max_cap_violation_count
--------------------------------------------------------------------------
max cap violation count 0

==========================================================================
finish setup_violation_count
--------------------------------------------------------------------------
setup violation count 0

==========================================================================
finish hold_violation_count
--------------------------------------------------------------------------
hold violation count 0

==========================================================================
finish report_checks -path_delay max reg to reg
--------------------------------------------------------------------------
Startpoint: parallel_out[3]$_DFFE_PN0P_
            (rising edge-triggered flip-flop clocked by core_clock)
Endpoint: parallel_out[2]$_DFFE_PN0P_
          (rising edge-triggered flip-flop clocked by core_clock)
Path Group: core_clock
Path Type: max

  Delay    Time   Description
---------------------------------------------------------
   0.00    0.00   clock core_clock (rise edge)
   0.00    0.00   clock source latency
   0.00    0.00 ^ clk (in)
   0.11    0.11 ^ clkbuf_0_clk/X (sky130_fd_sc_hd__clkbuf_8)
   0.12    0.22 ^ clkbuf_1_0__f_clk/X (sky130_fd_sc_hd__clkbuf_8)
   0.00    0.22 ^ parallel_out[3]$_DFFE_PN0P_/CLK (sky130_fd_sc_hd__dfrtp_1)
   0.39    0.61 v parallel_out[3]$_DFFE_PN0P_/Q (sky130_fd_sc_hd__dfrtp_1)
   0.16    0.77 ^ _34_/Y (sky130_fd_sc_hd__mux2i_1)
   0.09    0.87 v _36_/Y (sky130_fd_sc_hd__o21ai_0)
   0.00    0.87 v parallel_out[2]$_DFFE_PN0P_/D (sky130_fd_sc_hd__dfrtp_1)
           0.87   data arrival time

   5.00    5.00   clock core_clock (rise edge)
   0.00    5.00   clock source latency
   0.00    5.00 ^ clk (in)
   0.11    5.11 ^ clkbuf_0_clk/X (sky130_fd_sc_hd__clkbuf_8)
   0.12    5.22 ^ clkbuf_1_0__f_clk/X (sky130_fd_sc_hd__clkbuf_8)
   0.00    5.22 ^ parallel_out[2]$_DFFE_PN0P_/CLK (sky130_fd_sc_hd__dfrtp_1)
   0.00    5.22   clock reconvergence pessimism
  -0.12    5.10   library setup time
           5.10   data required time
---------------------------------------------------------
           5.10   data required time
          -0.87   data arrival time
---------------------------------------------------------
           4.23   slack (MET)



==========================================================================
finish report_checks -path_delay min reg to reg
--------------------------------------------------------------------------
Startpoint: parallel_out[0]$_DFFE_PN0P_
            (rising edge-triggered flip-flop clocked by core_clock)
Endpoint: parallel_out[0]$_DFFE_PN0P_
          (rising edge-triggered flip-flop clocked by core_clock)
Path Group: core_clock
Path Type: min

  Delay    Time   Description
---------------------------------------------------------
   0.00    0.00   clock core_clock (rise edge)
   0.00    0.00   clock source latency
   0.00    0.00 ^ clk (in)
   0.11    0.11 ^ clkbuf_0_clk/X (sky130_fd_sc_hd__clkbuf_8)
   0.12    0.22 ^ clkbuf_1_0__f_clk/X (sky130_fd_sc_hd__clkbuf_8)
   0.00    0.22 ^ parallel_out[0]$_DFFE_PN0P_/CLK (sky130_fd_sc_hd__dfrtp_1)
   0.35    0.57 ^ parallel_out[0]$_DFFE_PN0P_/Q (sky130_fd_sc_hd__dfrtp_1)
   0.07    0.64 v _28_/Y (sky130_fd_sc_hd__mux2i_1)
   0.14    0.78 ^ _30_/Y (sky130_fd_sc_hd__o21ai_0)
   0.00    0.79 ^ parallel_out[0]$_DFFE_PN0P_/D (sky130_fd_sc_hd__dfrtp_1)
           0.79   data arrival time

   0.00    0.00   clock core_clock (rise edge)
   0.00    0.00   clock source latency
   0.00    0.00 ^ clk (in)
   0.11    0.11 ^ clkbuf_0_clk/X (sky130_fd_sc_hd__clkbuf_8)
   0.12    0.22 ^ clkbuf_1_0__f_clk/X (sky130_fd_sc_hd__clkbuf_8)
   0.00    0.22 ^ parallel_out[0]$_DFFE_PN0P_/CLK (sky130_fd_sc_hd__dfrtp_1)
   0.00    0.22   clock reconvergence pessimism
  -0.04    0.18   library hold time
           0.18   data required time
---------------------------------------------------------
           0.18   data required time
          -0.79   data arrival time
---------------------------------------------------------
           0.60   slack (MET)



==========================================================================
finish critical path target clock latency max path
--------------------------------------------------------------------------
0.2213

==========================================================================
finish critical path target clock latency min path
--------------------------------------------------------------------------
0.2226

==========================================================================
finish critical path source clock latency min path
--------------------------------------------------------------------------
0.0000

==========================================================================
finish critical path delay
--------------------------------------------------------------------------
0.7675

==========================================================================
finish critical path slack
--------------------------------------------------------------------------
4.0325

==========================================================================
finish slack div critical path delay
--------------------------------------------------------------------------
525.407166

==========================================================================
finish report_power
--------------------------------------------------------------------------
Group                  Internal  Switching    Leakage      Total
                          Power      Power      Power      Power (Watts)
----------------------------------------------------------------
Sequential             7.19e-05   5.29e-06   9.72e-11   7.72e-05  44.2%
Combinational          1.33e-05   1.07e-05   1.21e-10   2.40e-05  13.7%
Clock                  5.18e-05   2.17e-05   2.16e-11   7.35e-05  42.1%
Macro                  0.00e+00   0.00e+00   0.00e+00   0.00e+00   0.0%
Pad                    0.00e+00   0.00e+00   0.00e+00   0.00e+00   0.0%
----------------------------------------------------------------
Total                  1.37e-04   3.76e-05   2.40e-10   1.75e-04 100.0%
                          78.5%      21.5%       0.0%
