
==========================================================================
global route report_tns
--------------------------------------------------------------------------
tns 0.00

==========================================================================
global route report_wns
--------------------------------------------------------------------------
wns 0.00

==========================================================================
global route report_worst_slack
--------------------------------------------------------------------------
worst slack 0.63

==========================================================================
global route report_clock_skew
--------------------------------------------------------------------------
Clock core_clock
   0.05 source latency counter_reg[2]$_SDFFE_PN0P_/CK ^
  -0.05 target latency counter_reg[3]$_SDFFE_PN0P_/CK ^
   0.00 CRPR
--------------
  -0.00 setup skew


==========================================================================
global route report_checks -path_delay min
--------------------------------------------------------------------------
Startpoint: counter_reg[0]$_SDFFE_PN1P_
            (rising edge-triggered flip-flop clocked by core_clock)
Endpoint: counter_reg[0]$_SDFFE_PN1P_
          (rising edge-triggered flip-flop clocked by core_clock)
Path Group: core_clock
Path Type: min

Fanout     Cap    Slew   Delay    Time   Description
-----------------------------------------------------------------------------
                          0.00    0.00   clock core_clock (rise edge)
                          0.00    0.00   clock source latency
     1    4.07    0.00    0.00    0.00 ^ clk (in)
                                         clk (net)
                  0.00    0.00    0.00 ^ clkbuf_0_clk/A (CLKBUF_X3)
     2    4.44    0.01    0.03    0.03 ^ clkbuf_0_clk/Z (CLKBUF_X3)
                                         clknet_0_clk (net)
                  0.01    0.00    0.03 ^ clkbuf_1_1__f_clk/A (CLKBUF_X3)
     2    2.55    0.01    0.03    0.05 ^ clkbuf_1_1__f_clk/Z (CLKBUF_X3)
                                         clknet_1_1__leaf_clk (net)
                  0.01    0.00    0.05 ^ counter_reg[0]$_SDFFE_PN1P_/CK (DFF_X1)
     3    5.13    0.01    0.10    0.15 ^ counter_reg[0]$_SDFFE_PN1P_/Q (DFF_X1)
                                         net2 (net)
                  0.01    0.00    0.15 ^ _16_/A (MUX2_X1)
     1    1.10    0.01    0.04    0.18 ^ _16_/Z (MUX2_X1)
                                         _06_ (net)
                  0.01    0.00    0.18 ^ _17_/A2 (OR2_X1)
     1    1.49    0.01    0.02    0.21 ^ _17_/ZN (OR2_X1)
                                         _00_ (net)
                  0.01    0.00    0.21 ^ counter_reg[0]$_SDFFE_PN1P_/D (DFF_X1)
                                  0.21   data arrival time

                          0.00    0.00   clock core_clock (rise edge)
                          0.00    0.00   clock source latency
     1    4.07    0.00    0.00    0.00 ^ clk (in)
                                         clk (net)
                  0.00    0.00    0.00 ^ clkbuf_0_clk/A (CLKBUF_X3)
     2    4.44    0.01    0.03    0.03 ^ clkbuf_0_clk/Z (CLKBUF_X3)
                                         clknet_0_clk (net)
                  0.01    0.00    0.03 ^ clkbuf_1_1__f_clk/A (CLKBUF_X3)
     2    2.55    0.01    0.03    0.05 ^ clkbuf_1_1__f_clk/Z (CLKBUF_X3)
                                         clknet_1_1__leaf_clk (net)
                  0.01    0.00    0.05 ^ counter_reg[0]$_SDFFE_PN1P_/CK (DFF_X1)
                          0.00    0.05   clock reconvergence pessimism
                          0.01    0.06   library hold time
                                  0.06   data required time
-----------------------------------------------------------------------------
                                  0.06   data required time
                                 -0.21   data arrival time
-----------------------------------------------------------------------------
                                  0.15   slack (MET)



==========================================================================
global route report_checks -path_delay max
--------------------------------------------------------------------------
Startpoint: counter_reg[3]$_SDFFE_PN0P_
            (rising edge-triggered flip-flop clocked by core_clock)
Endpoint: count[3] (output port clocked by core_clock)
Path Group: core_clock
Path Type: max

Fanout     Cap    Slew   Delay    Time   Description
-----------------------------------------------------------------------------
                          0.00    0.00   clock core_clock (rise edge)
                          0.00    0.00   clock source latency
     1    4.07    0.00    0.00    0.00 ^ clk (in)
                                         clk (net)
                  0.00    0.00    0.00 ^ clkbuf_0_clk/A (CLKBUF_X3)
     2    4.44    0.01    0.03    0.03 ^ clkbuf_0_clk/Z (CLKBUF_X3)
                                         clknet_0_clk (net)
                  0.01    0.00    0.03 ^ clkbuf_1_1__f_clk/A (CLKBUF_X3)
     2    2.55    0.01    0.03    0.05 ^ clkbuf_1_1__f_clk/Z (CLKBUF_X3)
                                         clknet_1_1__leaf_clk (net)
                  0.01    0.00    0.05 ^ counter_reg[3]$_SDFFE_PN0P_/CK (DFF_X1)
     3    5.40    0.02    0.10    0.15 ^ counter_reg[3]$_SDFFE_PN0P_/Q (DFF_X1)
                                         net5 (net)
                  0.02    0.00    0.15 ^ output5/A (BUF_X1)
     1    0.59    0.01    0.02    0.17 ^ output5/Z (BUF_X1)
                                         count[3] (net)
                  0.01    0.00    0.17 ^ count[3] (out)
                                  0.17   data arrival time

                          1.00    1.00   clock core_clock (rise edge)
                          0.00    1.00   clock network delay (propagated)
                          0.00    1.00   clock reconvergence pessimism
                         -0.20    0.80   output external delay
                                  0.80   data required time
-----------------------------------------------------------------------------
                                  0.80   data required time
                                 -0.17   data arrival time
-----------------------------------------------------------------------------
                                  0.63   slack (MET)



==========================================================================
global route report_checks -unconstrained
--------------------------------------------------------------------------
Startpoint: counter_reg[3]$_SDFFE_PN0P_
            (rising edge-triggered flip-flop clocked by core_clock)
Endpoint: count[3] (output port clocked by core_clock)
Path Group: core_clock
Path Type: max

Fanout     Cap    Slew   Delay    Time   Description
-----------------------------------------------------------------------------
                          0.00    0.00   clock core_clock (rise edge)
                          0.00    0.00   clock source latency
     1    4.07    0.00    0.00    0.00 ^ clk (in)
                                         clk (net)
                  0.00    0.00    0.00 ^ clkbuf_0_clk/A (CLKBUF_X3)
     2    4.44    0.01    0.03    0.03 ^ clkbuf_0_clk/Z (CLKBUF_X3)
                                         clknet_0_clk (net)
                  0.01    0.00    0.03 ^ clkbuf_1_1__f_clk/A (CLKBUF_X3)
     2    2.55    0.01    0.03    0.05 ^ clkbuf_1_1__f_clk/Z (CLKBUF_X3)
                                         clknet_1_1__leaf_clk (net)
                  0.01    0.00    0.05 ^ counter_reg[3]$_SDFFE_PN0P_/CK (DFF_X1)
     3    5.40    0.02    0.10    0.15 ^ counter_reg[3]$_SDFFE_PN0P_/Q (DFF_X1)
                                         net5 (net)
                  0.02    0.00    0.15 ^ output5/A (BUF_X1)
     1    0.59    0.01    0.02    0.17 ^ output5/Z (BUF_X1)
                                         count[3] (net)
                  0.01    0.00    0.17 ^ count[3] (out)
                                  0.17   data arrival time

                          1.00    1.00   clock core_clock (rise edge)
                          0.00    1.00   clock network delay (propagated)
                          0.00    1.00   clock reconvergence pessimism
                         -0.20    0.80   output external delay
                                  0.80   data required time
-----------------------------------------------------------------------------
                                  0.80   data required time
                                 -0.17   data arrival time
-----------------------------------------------------------------------------
                                  0.63   slack (MET)



==========================================================================
global route report_check_types -max_slew -max_cap -max_fanout -violators
--------------------------------------------------------------------------

==========================================================================
global route max_slew_check_slack
--------------------------------------------------------------------------
0.18320900201797485

==========================================================================
global route max_slew_check_limit
--------------------------------------------------------------------------
0.1985349953174591

==========================================================================
global route max_slew_check_slack_limit
--------------------------------------------------------------------------
0.9228

==========================================================================
global route max_fanout_check_slack
--------------------------------------------------------------------------
1.0000000150474662e+30

==========================================================================
global route max_fanout_check_limit
--------------------------------------------------------------------------
1.0000000150474662e+30

==========================================================================
global route max_capacitance_check_slack
--------------------------------------------------------------------------
55.08695602416992

==========================================================================
global route max_capacitance_check_limit
--------------------------------------------------------------------------
60.65370559692383

==========================================================================
global route max_capacitance_check_slack_limit
--------------------------------------------------------------------------
0.9082

==========================================================================
global route max_slew_violation_count
--------------------------------------------------------------------------
max slew violation count 0

==========================================================================
global route max_fanout_violation_count
--------------------------------------------------------------------------
max fanout violation count 0

==========================================================================
global route max_cap_violation_count
--------------------------------------------------------------------------
max cap violation count 0

==========================================================================
global route setup_violation_count
--------------------------------------------------------------------------
setup violation count 0

==========================================================================
global route hold_violation_count
--------------------------------------------------------------------------
hold violation count 0

==========================================================================
global route report_checks -path_delay max reg to reg
--------------------------------------------------------------------------
Startpoint: counter_reg[3]$_SDFFE_PN0P_
            (rising edge-triggered flip-flop clocked by core_clock)
Endpoint: counter_reg[0]$_SDFFE_PN1P_
          (rising edge-triggered flip-flop clocked by core_clock)
Path Group: core_clock
Path Type: max

  Delay    Time   Description
---------------------------------------------------------
   0.00    0.00   clock core_clock (rise edge)
   0.00    0.00   clock source latency
   0.00    0.00 ^ clk (in)
   0.03    0.03 ^ clkbuf_0_clk/Z (CLKBUF_X3)
   0.03    0.05 ^ clkbuf_1_1__f_clk/Z (CLKBUF_X3)
   0.00    0.05 ^ counter_reg[3]$_SDFFE_PN0P_/CK (DFF_X1)
   0.09    0.14 v counter_reg[3]$_SDFFE_PN0P_/Q (DFF_X1)
   0.06    0.20 v _16_/Z (MUX2_X1)
   0.05    0.25 v _17_/ZN (OR2_X1)
   0.00    0.25 v counter_reg[0]$_SDFFE_PN1P_/D (DFF_X1)
           0.25   data arrival time

   1.00    1.00   clock core_clock (rise edge)
   0.00    1.00   clock source latency
   0.00    1.00 ^ clk (in)
   0.03    1.03 ^ clkbuf_0_clk/Z (CLKBUF_X3)
   0.03    1.05 ^ clkbuf_1_1__f_clk/Z (CLKBUF_X3)
   0.00    1.05 ^ counter_reg[0]$_SDFFE_PN1P_/CK (DFF_X1)
   0.00    1.05   clock reconvergence pessimism
  -0.04    1.02   library setup time
           1.02   data required time
---------------------------------------------------------
           1.02   data required time
          -0.25   data arrival time
---------------------------------------------------------
           0.77   slack (MET)



==========================================================================
global route report_checks -path_delay min reg to reg
--------------------------------------------------------------------------
Startpoint: counter_reg[0]$_SDFFE_PN1P_
            (rising edge-triggered flip-flop clocked by core_clock)
Endpoint: counter_reg[0]$_SDFFE_PN1P_
          (rising edge-triggered flip-flop clocked by core_clock)
Path Group: core_clock
Path Type: min

  Delay    Time   Description
---------------------------------------------------------
   0.00    0.00   clock core_clock (rise edge)
   0.00    0.00   clock source latency
   0.00    0.00 ^ clk (in)
   0.03    0.03 ^ clkbuf_0_clk/Z (CLKBUF_X3)
   0.03    0.05 ^ clkbuf_1_1__f_clk/Z (CLKBUF_X3)
   0.00    0.05 ^ counter_reg[0]$_SDFFE_PN1P_/CK (DFF_X1)
   0.10    0.15 ^ counter_reg[0]$_SDFFE_PN1P_/Q (DFF_X1)
   0.04    0.18 ^ _16_/Z (MUX2_X1)
   0.02    0.21 ^ _17_/ZN (OR2_X1)
   0.00    0.21 ^ counter_reg[0]$_SDFFE_PN1P_/D (DFF_X1)
           0.21   data arrival time

   0.00    0.00   clock core_clock (rise edge)
   0.00    0.00   clock source latency
   0.00    0.00 ^ clk (in)
   0.03    0.03 ^ clkbuf_0_clk/Z (CLKBUF_X3)
   0.03    0.05 ^ clkbuf_1_1__f_clk/Z (CLKBUF_X3)
   0.00    0.05 ^ counter_reg[0]$_SDFFE_PN1P_/CK (DFF_X1)
   0.00    0.05   clock reconvergence pessimism
   0.01    0.06   library hold time
           0.06   data required time
---------------------------------------------------------
           0.06   data required time
          -0.21   data arrival time
---------------------------------------------------------
           0.15   slack (MET)



==========================================================================
global route critical path target clock latency max path
--------------------------------------------------------------------------
0.0537

==========================================================================
global route critical path target clock latency min path
--------------------------------------------------------------------------
0.0537

==========================================================================
global route critical path source clock latency min path
--------------------------------------------------------------------------
0.0000

==========================================================================
global route critical path delay
--------------------------------------------------------------------------
0.1711

==========================================================================
global route critical path slack
--------------------------------------------------------------------------
0.6289

==========================================================================
global route slack div critical path delay
--------------------------------------------------------------------------
367.562829

==========================================================================
global route report_power
--------------------------------------------------------------------------
Group                  Internal  Switching    Leakage      Total
                          Power      Power      Power      Power (Watts)
----------------------------------------------------------------
Sequential             2.52e-05   1.09e-06   3.11e-07   2.66e-05  36.0%
Combinational          4.91e-06   1.90e-06   4.35e-07   7.24e-06   9.8%
Clock                  2.84e-05   1.15e-05   9.17e-08   4.00e-05  54.2%
Macro                  0.00e+00   0.00e+00   0.00e+00   0.00e+00   0.0%
Pad                    0.00e+00   0.00e+00   0.00e+00   0.00e+00   0.0%
----------------------------------------------------------------
Total                  5.85e-05   1.45e-05   8.38e-07   7.38e-05 100.0%
                          79.2%      19.7%       1.1%
