
==========================================================================
global place report_tns
--------------------------------------------------------------------------
tns 0.00

==========================================================================
global place report_wns
--------------------------------------------------------------------------
wns 0.00

==========================================================================
global place report_worst_slack
--------------------------------------------------------------------------
worst slack 0.32

==========================================================================
global place report_checks -path_delay min
--------------------------------------------------------------------------
Startpoint: data_out[3]$_SDFFE_PN0P_
            (rising edge-triggered flip-flop clocked by core_clock)
Endpoint: data_out[3]$_SDFFE_PN0P_
          (rising edge-triggered flip-flop clocked by core_clock)
Path Group: core_clock
Path Type: min

Fanout     Cap    Slew   Delay    Time   Description
-----------------------------------------------------------------------------
                  0.00    0.00    0.00   clock core_clock (rise edge)
                          0.00    0.00   clock network delay (ideal)
                  0.00    0.00    0.00 ^ data_out[3]$_SDFFE_PN0P_/CK (DFF_X1)
     2    1.91    0.01    0.08    0.08 v data_out[3]$_SDFFE_PN0P_/Q (DFF_X1)
                                         data_out[3] (net)
                  0.01    0.00    0.08 v _0890_/A2 (NAND3_X1)
     1    1.79    0.01    0.02    0.10 ^ _0890_/ZN (NAND3_X1)
                                         _0320_ (net)
                  0.01    0.00    0.10 ^ _0891_/A2 (NAND2_X1)
     1    1.09    0.01    0.01    0.11 v _0891_/ZN (NAND2_X1)
                                         _0011_ (net)
                  0.01    0.00    0.11 v data_out[3]$_SDFFE_PN0P_/D (DFF_X1)
                                  0.11   data arrival time

                  0.00    0.00    0.00   clock core_clock (rise edge)
                          0.00    0.00   clock network delay (ideal)
                          0.00    0.00   clock reconvergence pessimism
                                  0.00 ^ data_out[3]$_SDFFE_PN0P_/CK (DFF_X1)
                          0.00    0.00   library hold time
                                  0.00   data required time
-----------------------------------------------------------------------------
                                  0.00   data required time
                                 -0.11   data arrival time
-----------------------------------------------------------------------------
                                  0.11   slack (MET)



==========================================================================
global place report_checks -path_delay max
--------------------------------------------------------------------------
Startpoint: wr_en (input port clocked by core_clock)
Endpoint: count[3]$_SDFFE_PN0P_
          (rising edge-triggered flip-flop clocked by core_clock)
Path Group: core_clock
Path Type: max

Fanout     Cap    Slew   Delay    Time   Description
-----------------------------------------------------------------------------
                  0.00    0.00    0.00   clock core_clock (rise edge)
                          0.00    0.00   clock network delay (ideal)
                          0.20    0.20 ^ input external delay
     1    2.09    0.00    0.00    0.20 ^ wr_en (in)
                                         wr_en (net)
                  0.00    0.00    0.20 ^ _0585_/A (INV_X1)
     1    6.06    0.01    0.01    0.21 v _0585_/ZN (INV_X1)
                                         _0155_ (net)
                  0.01    0.00    0.21 v _0586_/A (AOI21_X4)
     7   13.31    0.03    0.05    0.26 ^ _0586_/ZN (AOI21_X4)
                                         _0156_ (net)
                  0.03    0.00    0.26 ^ _0587_/A (BUF_X4)
    10   27.40    0.02    0.04    0.30 ^ _0587_/Z (BUF_X4)
                                         _0557_ (net)
                  0.02    0.00    0.30 ^ _0996_/A (HA_X1)
     3    6.87    0.02    0.05    0.34 ^ _0996_/CO (HA_X1)
                                         _0554_ (net)
                  0.02    0.00    0.34 ^ _0594_/A (INV_X1)
     5   15.40    0.02    0.03    0.37 v _0594_/ZN (INV_X1)
                                         _0572_ (net)
                  0.02    0.00    0.37 v _1002_/B (HA_X1)
     1    0.92    0.01    0.06    0.43 v _1002_/S (HA_X1)
                                         _0574_ (net)
                  0.01    0.00    0.43 v _0788_/A2 (AND2_X1)
     1    1.65    0.01    0.03    0.46 v _0788_/ZN (AND2_X1)
                                         _0223_ (net)
                  0.01    0.00    0.46 v _0789_/B1 (AOI221_X1)
     1    2.64    0.05    0.08    0.54 ^ _0789_/ZN (AOI221_X1)
                                         _0224_ (net)
                  0.05    0.00    0.54 ^ _0790_/B (XOR2_X1)
     1    1.08    0.02    0.05    0.59 ^ _0790_/Z (XOR2_X1)
                                         _0225_ (net)
                  0.02    0.00    0.59 ^ _0792_/A (MUX2_X1)
     1    1.70    0.01    0.04    0.63 ^ _0792_/Z (MUX2_X1)
                                         _0227_ (net)
                  0.01    0.00    0.63 ^ _0793_/A2 (NOR2_X1)
     1    1.09    0.01    0.01    0.63 v _0793_/ZN (NOR2_X1)
                                         _0006_ (net)
                  0.01    0.00    0.63 v count[3]$_SDFFE_PN0P_/D (DFF_X1)
                                  0.63   data arrival time

                  0.00    1.00    1.00   clock core_clock (rise edge)
                          0.00    1.00   clock network delay (ideal)
                          0.00    1.00   clock reconvergence pessimism
                                  1.00 ^ count[3]$_SDFFE_PN0P_/CK (DFF_X1)
                         -0.04    0.96   library setup time
                                  0.96   data required time
-----------------------------------------------------------------------------
                                  0.96   data required time
                                 -0.63   data arrival time
-----------------------------------------------------------------------------
                                  0.32   slack (MET)



==========================================================================
global place report_checks -unconstrained
--------------------------------------------------------------------------
Startpoint: wr_en (input port clocked by core_clock)
Endpoint: count[3]$_SDFFE_PN0P_
          (rising edge-triggered flip-flop clocked by core_clock)
Path Group: core_clock
Path Type: max

Fanout     Cap    Slew   Delay    Time   Description
-----------------------------------------------------------------------------
                  0.00    0.00    0.00   clock core_clock (rise edge)
                          0.00    0.00   clock network delay (ideal)
                          0.20    0.20 ^ input external delay
     1    2.09    0.00    0.00    0.20 ^ wr_en (in)
                                         wr_en (net)
                  0.00    0.00    0.20 ^ _0585_/A (INV_X1)
     1    6.06    0.01    0.01    0.21 v _0585_/ZN (INV_X1)
                                         _0155_ (net)
                  0.01    0.00    0.21 v _0586_/A (AOI21_X4)
     7   13.31    0.03    0.05    0.26 ^ _0586_/ZN (AOI21_X4)
                                         _0156_ (net)
                  0.03    0.00    0.26 ^ _0587_/A (BUF_X4)
    10   27.40    0.02    0.04    0.30 ^ _0587_/Z (BUF_X4)
                                         _0557_ (net)
                  0.02    0.00    0.30 ^ _0996_/A (HA_X1)
     3    6.87    0.02    0.05    0.34 ^ _0996_/CO (HA_X1)
                                         _0554_ (net)
                  0.02    0.00    0.34 ^ _0594_/A (INV_X1)
     5   15.40    0.02    0.03    0.37 v _0594_/ZN (INV_X1)
                                         _0572_ (net)
                  0.02    0.00    0.37 v _1002_/B (HA_X1)
     1    0.92    0.01    0.06    0.43 v _1002_/S (HA_X1)
                                         _0574_ (net)
                  0.01    0.00    0.43 v _0788_/A2 (AND2_X1)
     1    1.65    0.01    0.03    0.46 v _0788_/ZN (AND2_X1)
                                         _0223_ (net)
                  0.01    0.00    0.46 v _0789_/B1 (AOI221_X1)
     1    2.64    0.05    0.08    0.54 ^ _0789_/ZN (AOI221_X1)
                                         _0224_ (net)
                  0.05    0.00    0.54 ^ _0790_/B (XOR2_X1)
     1    1.08    0.02    0.05    0.59 ^ _0790_/Z (XOR2_X1)
                                         _0225_ (net)
                  0.02    0.00    0.59 ^ _0792_/A (MUX2_X1)
     1    1.70    0.01    0.04    0.63 ^ _0792_/Z (MUX2_X1)
                                         _0227_ (net)
                  0.01    0.00    0.63 ^ _0793_/A2 (NOR2_X1)
     1    1.09    0.01    0.01    0.63 v _0793_/ZN (NOR2_X1)
                                         _0006_ (net)
                  0.01    0.00    0.63 v count[3]$_SDFFE_PN0P_/D (DFF_X1)
                                  0.63   data arrival time

                  0.00    1.00    1.00   clock core_clock (rise edge)
                          0.00    1.00   clock network delay (ideal)
                          0.00    1.00   clock reconvergence pessimism
                                  1.00 ^ count[3]$_SDFFE_PN0P_/CK (DFF_X1)
                         -0.04    0.96   library setup time
                                  0.96   data required time
-----------------------------------------------------------------------------
                                  0.96   data required time
                                 -0.63   data arrival time
-----------------------------------------------------------------------------
                                  0.32   slack (MET)



==========================================================================
global place report_power
--------------------------------------------------------------------------
Group                  Internal  Switching    Leakage      Total
                          Power      Power      Power      Power (Watts)
----------------------------------------------------------------
Sequential             1.44e-03   1.21e-04   1.15e-05   1.57e-03  55.4%
Combinational          7.92e-04   4.56e-04   1.54e-05   1.26e-03  44.6%
Clock                  0.00e+00   0.00e+00   0.00e+00   0.00e+00   0.0%
Macro                  0.00e+00   0.00e+00   0.00e+00   0.00e+00   0.0%
Pad                    0.00e+00   0.00e+00   0.00e+00   0.00e+00   0.0%
----------------------------------------------------------------
Total                  2.23e-03   5.77e-04   2.69e-05   2.84e-03 100.0%
                          78.7%      20.3%       0.9%
