
==========================================================================
detailed place report_tns
--------------------------------------------------------------------------
tns max 0.00

==========================================================================
detailed place report_wns
--------------------------------------------------------------------------
wns max 0.00

==========================================================================
detailed place report_worst_slack
--------------------------------------------------------------------------
worst slack max 2.41

==========================================================================
detailed place report_clock_min_period
--------------------------------------------------------------------------
core_clock period_min = 2.59 fmax = 386.70

==========================================================================
detailed place report_checks -path_delay min
--------------------------------------------------------------------------
Startpoint: y[6]$_SDFFE_PP0P_
            (rising edge-triggered flip-flop clocked by core_clock)
Endpoint: y[6]$_SDFFE_PP0P_
          (rising edge-triggered flip-flop clocked by core_clock)
Path Group: core_clock
Path Type: min

Fanout     Cap    Slew   Delay    Time   Description
-----------------------------------------------------------------------------
                  0.00    0.00    0.00   clock core_clock (rise edge)
                          0.00    0.00   clock network delay (ideal)
                  0.00    0.00    0.00 ^ y[6]$_SDFFE_PP0P_/CLK (sky130_fd_sc_hd__dfxtp_1)
     2    0.01    0.08    0.31    0.31 ^ y[6]$_SDFFE_PP0P_/Q (sky130_fd_sc_hd__dfxtp_1)
                                         net30 (net)
                  0.08    0.00    0.31 ^ _192_/A (sky130_fd_sc_hd__nand2_1)
     1    0.00    0.03    0.05    0.36 v _192_/Y (sky130_fd_sc_hd__nand2_1)
                                         _026_ (net)
                  0.03    0.00    0.36 v _193_/B1 (sky130_fd_sc_hd__o21ai_0)
     1    0.00    0.06    0.06    0.41 ^ _193_/Y (sky130_fd_sc_hd__o21ai_0)
                                         _005_ (net)
                  0.06    0.00    0.41 ^ y[6]$_SDFFE_PP0P_/D (sky130_fd_sc_hd__dfxtp_1)
                                  0.41   data arrival time

                  0.00    0.00    0.00   clock core_clock (rise edge)
                          0.00    0.00   clock network delay (ideal)
                          0.00    0.00   clock reconvergence pessimism
                                  0.00 ^ y[6]$_SDFFE_PP0P_/CLK (sky130_fd_sc_hd__dfxtp_1)
                         -0.04   -0.04   library hold time
                                 -0.04   data required time
-----------------------------------------------------------------------------
                                 -0.04   data required time
                                 -0.41   data arrival time
-----------------------------------------------------------------------------
                                  0.45   slack (MET)



==========================================================================
detailed place report_checks -path_delay max
--------------------------------------------------------------------------
Startpoint: x[3] (input port clocked by core_clock)
Endpoint: y[5]$_SDFFE_PP0P_
          (rising edge-triggered flip-flop clocked by core_clock)
Path Group: core_clock
Path Type: max

Fanout     Cap    Slew   Delay    Time   Description
-----------------------------------------------------------------------------
                  0.00    0.00    0.00   clock core_clock (rise edge)
                          0.00    0.00   clock network delay (ideal)
                          0.20    0.20 v input external delay
     1    0.00    0.00    0.00    0.20 v x[3] (in)
                                         x[3] (net)
                  0.00    0.00    0.20 v input16/A (sky130_fd_sc_hd__clkdlybuf4s50_1)
     8    0.03    0.23    0.56    0.76 v input16/X (sky130_fd_sc_hd__clkdlybuf4s50_1)
                                         net15 (net)
                  0.23    0.00    0.76 v _121_/B (sky130_fd_sc_hd__nor4_2)
     6    0.02    0.61    0.63    1.39 ^ _121_/Y (sky130_fd_sc_hd__nor4_2)
                                         _060_ (net)
                  0.61    0.00    1.39 ^ _124_/B (sky130_fd_sc_hd__nand4_1)
     3    0.01    0.21    0.26    1.65 v _124_/Y (sky130_fd_sc_hd__nand4_1)
                                         _063_ (net)
                  0.21    0.00    1.65 v _125_/A4 (sky130_fd_sc_hd__o41a_1)
     4    0.01    0.11    0.43    2.08 v _125_/X (sky130_fd_sc_hd__o41a_1)
                                         _064_ (net)
                  0.11    0.00    2.08 v _184_/B (sky130_fd_sc_hd__nand2b_1)
     4    0.01    0.15    0.16    2.24 ^ _184_/Y (sky130_fd_sc_hd__nand2b_1)
                                         _019_ (net)
                  0.15    0.00    2.24 ^ _189_/A2 (sky130_fd_sc_hd__a22oi_1)
     1    0.00    0.09    0.11    2.35 v _189_/Y (sky130_fd_sc_hd__a22oi_1)
                                         _024_ (net)
                  0.09    0.00    2.35 v _190_/B1 (sky130_fd_sc_hd__o31a_1)
     1    0.00    0.05    0.12    2.46 v _190_/X (sky130_fd_sc_hd__o31a_1)
                                         _004_ (net)
                  0.05    0.00    2.46 v y[5]$_SDFFE_PP0P_/D (sky130_fd_sc_hd__dfxtp_1)
                                  2.46   data arrival time

                  0.00    5.00    5.00   clock core_clock (rise edge)
                          0.00    5.00   clock network delay (ideal)
                          0.00    5.00   clock reconvergence pessimism
                                  5.00 ^ y[5]$_SDFFE_PP0P_/CLK (sky130_fd_sc_hd__dfxtp_1)
                         -0.12    4.88   library setup time
                                  4.88   data required time
-----------------------------------------------------------------------------
                                  4.88   data required time
                                 -2.46   data arrival time
-----------------------------------------------------------------------------
                                  2.41   slack (MET)



==========================================================================
detailed place report_checks -unconstrained
--------------------------------------------------------------------------
Startpoint: x[3] (input port clocked by core_clock)
Endpoint: y[5]$_SDFFE_PP0P_
          (rising edge-triggered flip-flop clocked by core_clock)
Path Group: core_clock
Path Type: max

Fanout     Cap    Slew   Delay    Time   Description
-----------------------------------------------------------------------------
                  0.00    0.00    0.00   clock core_clock (rise edge)
                          0.00    0.00   clock network delay (ideal)
                          0.20    0.20 v input external delay
     1    0.00    0.00    0.00    0.20 v x[3] (in)
                                         x[3] (net)
                  0.00    0.00    0.20 v input16/A (sky130_fd_sc_hd__clkdlybuf4s50_1)
     8    0.03    0.23    0.56    0.76 v input16/X (sky130_fd_sc_hd__clkdlybuf4s50_1)
                                         net15 (net)
                  0.23    0.00    0.76 v _121_/B (sky130_fd_sc_hd__nor4_2)
     6    0.02    0.61    0.63    1.39 ^ _121_/Y (sky130_fd_sc_hd__nor4_2)
                                         _060_ (net)
                  0.61    0.00    1.39 ^ _124_/B (sky130_fd_sc_hd__nand4_1)
     3    0.01    0.21    0.26    1.65 v _124_/Y (sky130_fd_sc_hd__nand4_1)
                                         _063_ (net)
                  0.21    0.00    1.65 v _125_/A4 (sky130_fd_sc_hd__o41a_1)
     4    0.01    0.11    0.43    2.08 v _125_/X (sky130_fd_sc_hd__o41a_1)
                                         _064_ (net)
                  0.11    0.00    2.08 v _184_/B (sky130_fd_sc_hd__nand2b_1)
     4    0.01    0.15    0.16    2.24 ^ _184_/Y (sky130_fd_sc_hd__nand2b_1)
                                         _019_ (net)
                  0.15    0.00    2.24 ^ _189_/A2 (sky130_fd_sc_hd__a22oi_1)
     1    0.00    0.09    0.11    2.35 v _189_/Y (sky130_fd_sc_hd__a22oi_1)
                                         _024_ (net)
                  0.09    0.00    2.35 v _190_/B1 (sky130_fd_sc_hd__o31a_1)
     1    0.00    0.05    0.12    2.46 v _190_/X (sky130_fd_sc_hd__o31a_1)
                                         _004_ (net)
                  0.05    0.00    2.46 v y[5]$_SDFFE_PP0P_/D (sky130_fd_sc_hd__dfxtp_1)
                                  2.46   data arrival time

                  0.00    5.00    5.00   clock core_clock (rise edge)
                          0.00    5.00   clock network delay (ideal)
                          0.00    5.00   clock reconvergence pessimism
                                  5.00 ^ y[5]$_SDFFE_PP0P_/CLK (sky130_fd_sc_hd__dfxtp_1)
                         -0.12    4.88   library setup time
                                  4.88   data required time
-----------------------------------------------------------------------------
                                  4.88   data required time
                                 -2.46   data arrival time
-----------------------------------------------------------------------------
                                  2.41   slack (MET)



==========================================================================
detailed place report_check_types -max_slew -max_cap -max_fanout -violators
--------------------------------------------------------------------------

==========================================================================
detailed place max_slew_check_slack
--------------------------------------------------------------------------
0.7006976008415222

==========================================================================
detailed place max_slew_check_limit
--------------------------------------------------------------------------
1.4862940311431885

==========================================================================
detailed place max_slew_check_slack_limit
--------------------------------------------------------------------------
0.4714

==========================================================================
detailed place max_fanout_check_slack
--------------------------------------------------------------------------
1.0000000150474662e+30

==========================================================================
detailed place max_fanout_check_limit
--------------------------------------------------------------------------
1.0000000150474662e+30

==========================================================================
detailed place max_capacitance_check_slack
--------------------------------------------------------------------------
0.01593690551817417

==========================================================================
detailed place max_capacitance_check_limit
--------------------------------------------------------------------------
0.021067000925540924

==========================================================================
detailed place max_capacitance_check_slack_limit
--------------------------------------------------------------------------
0.7565

==========================================================================
detailed place max_slew_violation_count
--------------------------------------------------------------------------
max slew violation count 0

==========================================================================
detailed place max_fanout_violation_count
--------------------------------------------------------------------------
max fanout violation count 0

==========================================================================
detailed place max_cap_violation_count
--------------------------------------------------------------------------
max cap violation count 0

==========================================================================
detailed place setup_violation_count
--------------------------------------------------------------------------
setup violation count 0

==========================================================================
detailed place hold_violation_count
--------------------------------------------------------------------------
hold violation count 0

==========================================================================
detailed place report_checks -path_delay max reg to reg
--------------------------------------------------------------------------
Startpoint: y[5]$_SDFFE_PP0P_
            (rising edge-triggered flip-flop clocked by core_clock)
Endpoint: y[5]$_SDFFE_PP0P_
          (rising edge-triggered flip-flop clocked by core_clock)
Path Group: core_clock
Path Type: max

  Delay    Time   Description
---------------------------------------------------------
   0.00    0.00   clock core_clock (rise edge)
   0.00    0.00   clock network delay (ideal)
   0.00    0.00 ^ y[5]$_SDFFE_PP0P_/CLK (sky130_fd_sc_hd__dfxtp_1)
   0.29    0.29 v y[5]$_SDFFE_PP0P_/Q (sky130_fd_sc_hd__dfxtp_1)
   0.09    0.38 ^ _161_/Y (sky130_fd_sc_hd__nand2_1)
   0.24    0.62 ^ _186_/Y (sky130_fd_sc_hd__nor4b_1)
   0.10    0.72 v _189_/Y (sky130_fd_sc_hd__a22oi_1)
   0.12    0.84 v _190_/X (sky130_fd_sc_hd__o31a_1)
   0.00    0.84 v y[5]$_SDFFE_PP0P_/D (sky130_fd_sc_hd__dfxtp_1)
           0.84   data arrival time

   5.00    5.00   clock core_clock (rise edge)
   0.00    5.00   clock network delay (ideal)
   0.00    5.00   clock reconvergence pessimism
           5.00 ^ y[5]$_SDFFE_PP0P_/CLK (sky130_fd_sc_hd__dfxtp_1)
  -0.12    4.88   library setup time
           4.88   data required time
---------------------------------------------------------
           4.88   data required time
          -0.84   data arrival time
---------------------------------------------------------
           4.04   slack (MET)



==========================================================================
detailed place report_checks -path_delay min reg to reg
--------------------------------------------------------------------------
Startpoint: y[6]$_SDFFE_PP0P_
            (rising edge-triggered flip-flop clocked by core_clock)
Endpoint: y[6]$_SDFFE_PP0P_
          (rising edge-triggered flip-flop clocked by core_clock)
Path Group: core_clock
Path Type: min

  Delay    Time   Description
---------------------------------------------------------
   0.00    0.00   clock core_clock (rise edge)
   0.00    0.00   clock network delay (ideal)
   0.00    0.00 ^ y[6]$_SDFFE_PP0P_/CLK (sky130_fd_sc_hd__dfxtp_1)
   0.31    0.31 ^ y[6]$_SDFFE_PP0P_/Q (sky130_fd_sc_hd__dfxtp_1)
   0.05    0.36 v _192_/Y (sky130_fd_sc_hd__nand2_1)
   0.06    0.41 ^ _193_/Y (sky130_fd_sc_hd__o21ai_0)
   0.00    0.41 ^ y[6]$_SDFFE_PP0P_/D (sky130_fd_sc_hd__dfxtp_1)
           0.41   data arrival time

   0.00    0.00   clock core_clock (rise edge)
   0.00    0.00   clock network delay (ideal)
   0.00    0.00   clock reconvergence pessimism
           0.00 ^ y[6]$_SDFFE_PP0P_/CLK (sky130_fd_sc_hd__dfxtp_1)
  -0.04   -0.04   library hold time
          -0.04   data required time
---------------------------------------------------------
          -0.04   data required time
          -0.41   data arrival time
---------------------------------------------------------
           0.45   slack (MET)



==========================================================================
detailed place critical path target clock latency max path
--------------------------------------------------------------------------
0.0000

==========================================================================
detailed place critical path target clock latency min path
--------------------------------------------------------------------------
0.0000

==========================================================================
detailed place critical path source clock latency min path
--------------------------------------------------------------------------
0.0000

==========================================================================
detailed place critical path delay
--------------------------------------------------------------------------
2.4646

==========================================================================
detailed place critical path slack
--------------------------------------------------------------------------
2.4140

==========================================================================
detailed place slack div critical path delay
--------------------------------------------------------------------------
97.946929

==========================================================================
detailed place report_power
--------------------------------------------------------------------------
Group                  Internal  Switching    Leakage      Total
                          Power      Power      Power      Power (Watts)
----------------------------------------------------------------
Sequential             7.53e-05   1.00e-06   7.33e-11   7.63e-05  60.1%
Combinational          2.51e-05   2.56e-05   2.66e-10   5.07e-05  39.9%
Clock                  0.00e+00   0.00e+00   0.00e+00   0.00e+00   0.0%
Macro                  0.00e+00   0.00e+00   0.00e+00   0.00e+00   0.0%
Pad                    0.00e+00   0.00e+00   0.00e+00   0.00e+00   0.0%
----------------------------------------------------------------
Total                  1.00e-04   2.66e-05   3.39e-10   1.27e-04 100.0%
                          79.0%      21.0%       0.0%
