
==========================================================================
resizer report_tns
--------------------------------------------------------------------------
tns max 0.00

==========================================================================
resizer report_wns
--------------------------------------------------------------------------
wns max 0.00

==========================================================================
resizer report_worst_slack
--------------------------------------------------------------------------
worst slack max 2.32

==========================================================================
resizer report_clock_min_period
--------------------------------------------------------------------------
core_clock period_min = 2.68 fmax = 373.83

==========================================================================
resizer report_checks -path_delay min
--------------------------------------------------------------------------
Startpoint: y[9]$_SDFFE_PP0P_
            (rising edge-triggered flip-flop clocked by core_clock)
Endpoint: y[9]$_SDFFE_PP0P_
          (rising edge-triggered flip-flop clocked by core_clock)
Path Group: core_clock
Path Type: min

Fanout     Cap    Slew   Delay    Time   Description
-----------------------------------------------------------------------------
                  0.00    0.00    0.00   clock core_clock (rise edge)
                          0.00    0.00   clock network delay (ideal)
                  0.00    0.00    0.00 ^ y[9]$_SDFFE_PP0P_/CLK (sky130_fd_sc_hd__dfxtp_1)
     2    0.01    0.07    0.30    0.30 ^ y[9]$_SDFFE_PP0P_/Q (sky130_fd_sc_hd__dfxtp_1)
                                         net33 (net)
                  0.07    0.00    0.30 ^ _219_/A (sky130_fd_sc_hd__nand2_1)
     1    0.00    0.03    0.05    0.35 v _219_/Y (sky130_fd_sc_hd__nand2_1)
                                         _050_ (net)
                  0.03    0.00    0.35 v _220_/B1 (sky130_fd_sc_hd__o21ai_0)
     1    0.00    0.06    0.06    0.41 ^ _220_/Y (sky130_fd_sc_hd__o21ai_0)
                                         _008_ (net)
                  0.06    0.00    0.41 ^ y[9]$_SDFFE_PP0P_/D (sky130_fd_sc_hd__dfxtp_1)
                                  0.41   data arrival time

                  0.00    0.00    0.00   clock core_clock (rise edge)
                          0.00    0.00   clock network delay (ideal)
                          0.00    0.00   clock reconvergence pessimism
                                  0.00 ^ y[9]$_SDFFE_PP0P_/CLK (sky130_fd_sc_hd__dfxtp_1)
                         -0.04   -0.04   library hold time
                                 -0.04   data required time
-----------------------------------------------------------------------------
                                 -0.04   data required time
                                 -0.41   data arrival time
-----------------------------------------------------------------------------
                                  0.45   slack (MET)



==========================================================================
resizer report_checks -path_delay max
--------------------------------------------------------------------------
Startpoint: x[5] (input port clocked by core_clock)
Endpoint: y[5]$_SDFFE_PP0P_
          (rising edge-triggered flip-flop clocked by core_clock)
Path Group: core_clock
Path Type: max

Fanout     Cap    Slew   Delay    Time   Description
-----------------------------------------------------------------------------
                  0.00    0.00    0.00   clock core_clock (rise edge)
                          0.00    0.00   clock network delay (ideal)
                          0.20    0.20 ^ input external delay
     1    0.00    0.00    0.00    0.20 ^ x[5] (in)
                                         x[5] (net)
                  0.00    0.00    0.20 ^ input18/A (sky130_fd_sc_hd__clkdlybuf4s50_1)
     5    0.02    0.21    0.58    0.78 ^ input18/X (sky130_fd_sc_hd__clkdlybuf4s50_1)
                                         net17 (net)
                  0.21    0.00    0.78 ^ _131_/B (sky130_fd_sc_hd__nand2_2)
     5    0.02    0.09    0.13    0.90 v _131_/Y (sky130_fd_sc_hd__nand2_2)
                                         _070_ (net)
                  0.09    0.00    0.90 v _133_/A (sky130_fd_sc_hd__or3_1)
     2    0.01    0.10    0.42    1.32 v _133_/X (sky130_fd_sc_hd__or3_1)
                                         _072_ (net)
                  0.10    0.00    1.32 v _142_/A (sky130_fd_sc_hd__nor4_1)
     4    0.02    0.92    0.82    2.14 ^ _142_/Y (sky130_fd_sc_hd__nor4_1)
                                         _080_ (net)
                  0.92    0.00    2.14 ^ _186_/A (sky130_fd_sc_hd__nor4b_1)
     1    0.00    0.16    0.14    2.29 v _186_/Y (sky130_fd_sc_hd__nor4b_1)
                                         _021_ (net)
                  0.16    0.00    2.29 v _189_/B1 (sky130_fd_sc_hd__a22oi_1)
     1    0.00    0.14    0.17    2.46 ^ _189_/Y (sky130_fd_sc_hd__a22oi_1)
                                         _024_ (net)
                  0.14    0.00    2.46 ^ _190_/B1 (sky130_fd_sc_hd__o31a_1)
     1    0.00    0.05    0.15    2.61 ^ _190_/X (sky130_fd_sc_hd__o31a_1)
                                         _004_ (net)
                  0.05    0.00    2.61 ^ y[5]$_SDFFE_PP0P_/D (sky130_fd_sc_hd__dfxtp_1)
                                  2.61   data arrival time

                  0.00    5.00    5.00   clock core_clock (rise edge)
                          0.00    5.00   clock network delay (ideal)
                          0.00    5.00   clock reconvergence pessimism
                                  5.00 ^ y[5]$_SDFFE_PP0P_/CLK (sky130_fd_sc_hd__dfxtp_1)
                         -0.06    4.94   library setup time
                                  4.94   data required time
-----------------------------------------------------------------------------
                                  4.94   data required time
                                 -2.61   data arrival time
-----------------------------------------------------------------------------
                                  2.32   slack (MET)



==========================================================================
resizer report_checks -unconstrained
--------------------------------------------------------------------------
Startpoint: x[5] (input port clocked by core_clock)
Endpoint: y[5]$_SDFFE_PP0P_
          (rising edge-triggered flip-flop clocked by core_clock)
Path Group: core_clock
Path Type: max

Fanout     Cap    Slew   Delay    Time   Description
-----------------------------------------------------------------------------
                  0.00    0.00    0.00   clock core_clock (rise edge)
                          0.00    0.00   clock network delay (ideal)
                          0.20    0.20 ^ input external delay
     1    0.00    0.00    0.00    0.20 ^ x[5] (in)
                                         x[5] (net)
                  0.00    0.00    0.20 ^ input18/A (sky130_fd_sc_hd__clkdlybuf4s50_1)
     5    0.02    0.21    0.58    0.78 ^ input18/X (sky130_fd_sc_hd__clkdlybuf4s50_1)
                                         net17 (net)
                  0.21    0.00    0.78 ^ _131_/B (sky130_fd_sc_hd__nand2_2)
     5    0.02    0.09    0.13    0.90 v _131_/Y (sky130_fd_sc_hd__nand2_2)
                                         _070_ (net)
                  0.09    0.00    0.90 v _133_/A (sky130_fd_sc_hd__or3_1)
     2    0.01    0.10    0.42    1.32 v _133_/X (sky130_fd_sc_hd__or3_1)
                                         _072_ (net)
                  0.10    0.00    1.32 v _142_/A (sky130_fd_sc_hd__nor4_1)
     4    0.02    0.92    0.82    2.14 ^ _142_/Y (sky130_fd_sc_hd__nor4_1)
                                         _080_ (net)
                  0.92    0.00    2.14 ^ _186_/A (sky130_fd_sc_hd__nor4b_1)
     1    0.00    0.16    0.14    2.29 v _186_/Y (sky130_fd_sc_hd__nor4b_1)
                                         _021_ (net)
                  0.16    0.00    2.29 v _189_/B1 (sky130_fd_sc_hd__a22oi_1)
     1    0.00    0.14    0.17    2.46 ^ _189_/Y (sky130_fd_sc_hd__a22oi_1)
                                         _024_ (net)
                  0.14    0.00    2.46 ^ _190_/B1 (sky130_fd_sc_hd__o31a_1)
     1    0.00    0.05    0.15    2.61 ^ _190_/X (sky130_fd_sc_hd__o31a_1)
                                         _004_ (net)
                  0.05    0.00    2.61 ^ y[5]$_SDFFE_PP0P_/D (sky130_fd_sc_hd__dfxtp_1)
                                  2.61   data arrival time

                  0.00    5.00    5.00   clock core_clock (rise edge)
                          0.00    5.00   clock network delay (ideal)
                          0.00    5.00   clock reconvergence pessimism
                                  5.00 ^ y[5]$_SDFFE_PP0P_/CLK (sky130_fd_sc_hd__dfxtp_1)
                         -0.06    4.94   library setup time
                                  4.94   data required time
-----------------------------------------------------------------------------
                                  4.94   data required time
                                 -2.61   data arrival time
-----------------------------------------------------------------------------
                                  2.32   slack (MET)



==========================================================================
resizer report_check_types -max_slew -max_cap -max_fanout -violators
--------------------------------------------------------------------------

==========================================================================
resizer max_slew_check_slack
--------------------------------------------------------------------------
0.5615285038948059

==========================================================================
resizer max_slew_check_limit
--------------------------------------------------------------------------
1.4862940311431885

==========================================================================
resizer max_slew_check_slack_limit
--------------------------------------------------------------------------
0.3778

==========================================================================
resizer max_fanout_check_slack
--------------------------------------------------------------------------
1.0000000150474662e+30

==========================================================================
resizer max_fanout_check_limit
--------------------------------------------------------------------------
1.0000000150474662e+30

==========================================================================
resizer max_capacitance_check_slack
--------------------------------------------------------------------------
0.013685169629752636

==========================================================================
resizer max_capacitance_check_limit
--------------------------------------------------------------------------
0.021067000925540924

==========================================================================
resizer max_capacitance_check_slack_limit
--------------------------------------------------------------------------
0.6496

==========================================================================
resizer max_slew_violation_count
--------------------------------------------------------------------------
max slew violation count 0

==========================================================================
resizer max_fanout_violation_count
--------------------------------------------------------------------------
max fanout violation count 0

==========================================================================
resizer max_cap_violation_count
--------------------------------------------------------------------------
max cap violation count 0

==========================================================================
resizer setup_violation_count
--------------------------------------------------------------------------
setup violation count 0

==========================================================================
resizer hold_violation_count
--------------------------------------------------------------------------
hold violation count 0

==========================================================================
resizer report_checks -path_delay max reg to reg
--------------------------------------------------------------------------
Startpoint: y[5]$_SDFFE_PP0P_
            (rising edge-triggered flip-flop clocked by core_clock)
Endpoint: y[5]$_SDFFE_PP0P_
          (rising edge-triggered flip-flop clocked by core_clock)
Path Group: core_clock
Path Type: max

  Delay    Time   Description
---------------------------------------------------------
   0.00    0.00   clock core_clock (rise edge)
   0.00    0.00   clock network delay (ideal)
   0.00    0.00 ^ y[5]$_SDFFE_PP0P_/CLK (sky130_fd_sc_hd__dfxtp_1)
   0.29    0.29 v y[5]$_SDFFE_PP0P_/Q (sky130_fd_sc_hd__dfxtp_1)
   0.09    0.38 ^ _161_/Y (sky130_fd_sc_hd__nand2_1)
   0.25    0.63 ^ _186_/Y (sky130_fd_sc_hd__nor4b_1)
   0.10    0.73 v _189_/Y (sky130_fd_sc_hd__a22oi_1)
   0.12    0.85 v _190_/X (sky130_fd_sc_hd__o31a_1)
   0.00    0.86 v y[5]$_SDFFE_PP0P_/D (sky130_fd_sc_hd__dfxtp_1)
           0.86   data arrival time

   5.00    5.00   clock core_clock (rise edge)
   0.00    5.00   clock network delay (ideal)
   0.00    5.00   clock reconvergence pessimism
           5.00 ^ y[5]$_SDFFE_PP0P_/CLK (sky130_fd_sc_hd__dfxtp_1)
  -0.12    4.88   library setup time
           4.88   data required time
---------------------------------------------------------
           4.88   data required time
          -0.86   data arrival time
---------------------------------------------------------
           4.02   slack (MET)



==========================================================================
resizer report_checks -path_delay min reg to reg
--------------------------------------------------------------------------
Startpoint: y[9]$_SDFFE_PP0P_
            (rising edge-triggered flip-flop clocked by core_clock)
Endpoint: y[9]$_SDFFE_PP0P_
          (rising edge-triggered flip-flop clocked by core_clock)
Path Group: core_clock
Path Type: min

  Delay    Time   Description
---------------------------------------------------------
   0.00    0.00   clock core_clock (rise edge)
   0.00    0.00   clock network delay (ideal)
   0.00    0.00 ^ y[9]$_SDFFE_PP0P_/CLK (sky130_fd_sc_hd__dfxtp_1)
   0.30    0.30 ^ y[9]$_SDFFE_PP0P_/Q (sky130_fd_sc_hd__dfxtp_1)
   0.05    0.35 v _219_/Y (sky130_fd_sc_hd__nand2_1)
   0.06    0.41 ^ _220_/Y (sky130_fd_sc_hd__o21ai_0)
   0.00    0.41 ^ y[9]$_SDFFE_PP0P_/D (sky130_fd_sc_hd__dfxtp_1)
           0.41   data arrival time

   0.00    0.00   clock core_clock (rise edge)
   0.00    0.00   clock network delay (ideal)
   0.00    0.00   clock reconvergence pessimism
           0.00 ^ y[9]$_SDFFE_PP0P_/CLK (sky130_fd_sc_hd__dfxtp_1)
  -0.04   -0.04   library hold time
          -0.04   data required time
---------------------------------------------------------
          -0.04   data required time
          -0.41   data arrival time
---------------------------------------------------------
           0.45   slack (MET)



==========================================================================
resizer critical path target clock latency max path
--------------------------------------------------------------------------
0.0000

==========================================================================
resizer critical path target clock latency min path
--------------------------------------------------------------------------
0.0000

==========================================================================
resizer critical path source clock latency min path
--------------------------------------------------------------------------
0.0000

==========================================================================
resizer critical path delay
--------------------------------------------------------------------------
2.6132

==========================================================================
resizer critical path slack
--------------------------------------------------------------------------
2.3250

==========================================================================
resizer slack div critical path delay
--------------------------------------------------------------------------
88.971376

==========================================================================
resizer report_power
--------------------------------------------------------------------------
Group                  Internal  Switching    Leakage      Total
                          Power      Power      Power      Power (Watts)
----------------------------------------------------------------
Sequential             7.53e-05   1.05e-06   7.33e-11   7.63e-05  59.7%
Combinational          2.51e-05   2.64e-05   2.66e-10   5.15e-05  40.3%
Clock                  0.00e+00   0.00e+00   0.00e+00   0.00e+00   0.0%
Macro                  0.00e+00   0.00e+00   0.00e+00   0.00e+00   0.0%
Pad                    0.00e+00   0.00e+00   0.00e+00   0.00e+00   0.0%
----------------------------------------------------------------
Total                  1.00e-04   2.74e-05   3.39e-10   1.28e-04 100.0%
                          78.6%      21.4%       0.0%
