
==========================================================================
global place report_tns
--------------------------------------------------------------------------
tns max -84.94

==========================================================================
global place report_wns
--------------------------------------------------------------------------
wns max -0.34

==========================================================================
global place report_worst_slack
--------------------------------------------------------------------------
worst slack max -0.34

==========================================================================
global place report_checks -path_delay min
--------------------------------------------------------------------------
Startpoint: rst_ni (input port clocked by core_clock)
Endpoint: cs_registers_i.u_mstack_epc_csr.rd_data_o[28]$_DFFE_PN0P_
          (removal check against rising-edge clock core_clock)
Path Group: asynchronous
Path Type: min

Fanout     Cap    Slew   Delay    Time   Description
-----------------------------------------------------------------------------
                  0.00    0.00    0.00   clock core_clock (rise edge)
                          0.00    0.00   clock network delay (ideal)
                          2.00    2.00 ^ input external delay
     1    0.12    0.00    0.00    2.00 ^ rst_ni (in)
                                         rst_ni (net)
                  0.05    0.02    2.02 ^ input148/A (sky130_fd_sc_hd__buf_12)
    94    0.55    0.61    0.45    2.47 ^ input148/X (sky130_fd_sc_hd__buf_12)
                                         net148 (net)
                  0.61    0.00    2.48 ^ cs_registers_i.u_mstack_epc_csr.rd_data_o[28]$_DFFE_PN0P_/RESET_B (sky130_fd_sc_hd__dfrtp_1)
                                  2.48   data arrival time

                  0.00    0.00    0.00   clock core_clock (rise edge)
                          0.00    0.00   clock network delay (ideal)
                          0.00    0.00   clock reconvergence pessimism
                                  0.00 ^ cs_registers_i.u_mstack_epc_csr.rd_data_o[28]$_DFFE_PN0P_/CLK (sky130_fd_sc_hd__dfrtp_1)
                          0.46    0.46   library removal time
                                  0.46   data required time
-----------------------------------------------------------------------------
                                  0.46   data required time
                                 -2.48   data arrival time
-----------------------------------------------------------------------------
                                  2.02   slack (MET)


Startpoint: core_clock_gate_i.en_latch$_DLATCH_N_
            (negative level-sensitive latch clocked by core_clock)
Endpoint: _25792_ (rising clock gating-check end-point clocked by core_clock)
Path Group: gated clock
Path Type: min

Fanout     Cap    Slew   Delay    Time   Description
-----------------------------------------------------------------------------
                  0.00    5.00    5.00   clock core_clock (fall edge)
                          0.00    5.00   clock network delay (ideal)
                  0.00    0.00    5.00 v core_clock_gate_i.en_latch$_DLATCH_N_/GATE_N (sky130_fd_sc_hd__dlxtn_1)
     1    0.00    0.02    0.23    5.23 v core_clock_gate_i.en_latch$_DLATCH_N_/Q (sky130_fd_sc_hd__dlxtn_1)
                                         core_clock_gate_i.en_latch (net)
                  0.02    0.00    5.23 v _25792_/B (sky130_fd_sc_hd__and2_1)
                                  5.23   data arrival time

                  0.00    5.00    5.00   clock core_clock (fall edge)
                          0.00    5.00   clock network delay (ideal)
                          0.00    5.00   clock reconvergence pessimism
                                  5.00 v _25792_/A (sky130_fd_sc_hd__and2_1)
                          0.00    5.00   clock gating hold time
                                  5.00   data required time
-----------------------------------------------------------------------------
                                  5.00   data required time
                                 -5.23   data arrival time
-----------------------------------------------------------------------------
                                  0.23   slack (MET)


Startpoint: cs_registers_i.u_mstack_csr.rd_data_o[2]$_DFFE_PN1P_
            (rising edge-triggered flip-flop clocked by core_clock)
Endpoint: cs_registers_i.u_mstack_csr.rd_data_o[2]$_DFFE_PN1P_
          (rising edge-triggered flip-flop clocked by core_clock)
Path Group: core_clock
Path Type: min

Fanout     Cap    Slew   Delay    Time   Description
-----------------------------------------------------------------------------
                  0.00    0.00    0.00   clock core_clock (rise edge)
                          0.00    0.00   clock network delay (ideal)
                  0.00    0.00    0.00 ^ cs_registers_i.u_mstack_csr.rd_data_o[2]$_DFFE_PN1P_/CLK (sky130_fd_sc_hd__dfstp_1)
     2    0.00    0.04    0.34    0.34 v cs_registers_i.u_mstack_csr.rd_data_o[2]$_DFFE_PN1P_/Q (sky130_fd_sc_hd__dfstp_1)
                                         cs_registers_i.mstack_q[2] (net)
                  0.04    0.00    0.34 v _18494_/A (sky130_fd_sc_hd__nand2_1)
     1    0.00    0.04    0.05    0.39 ^ _18494_/Y (sky130_fd_sc_hd__nand2_1)
                                         _12675_ (net)
                  0.04    0.00    0.39 ^ _18495_/B (sky130_fd_sc_hd__nand2_1)
     1    0.00    0.03    0.05    0.44 v _18495_/Y (sky130_fd_sc_hd__nand2_1)
                                         _00348_ (net)
                  0.03    0.00    0.44 v cs_registers_i.u_mstack_csr.rd_data_o[2]$_DFFE_PN1P_/D (sky130_fd_sc_hd__dfstp_1)
                                  0.44   data arrival time

                  0.00    0.00    0.00   clock core_clock (rise edge)
                          0.00    0.00   clock network delay (ideal)
                          0.00    0.00   clock reconvergence pessimism
                                  0.00 ^ cs_registers_i.u_mstack_csr.rd_data_o[2]$_DFFE_PN1P_/CLK (sky130_fd_sc_hd__dfstp_1)
                         -0.02   -0.02   library hold time
                                 -0.02   data required time
-----------------------------------------------------------------------------
                                 -0.02   data required time
                                 -0.44   data arrival time
-----------------------------------------------------------------------------
                                  0.46   slack (MET)



==========================================================================
global place report_checks -path_delay max
--------------------------------------------------------------------------
Startpoint: rst_ni (input port clocked by core_clock)
Endpoint: gen_regfile_ff.register_file_i.rf_reg[769]$_DFFE_PN0P_
          (recovery check against rising-edge clock core_clock)
Path Group: asynchronous
Path Type: max

Fanout     Cap    Slew   Delay    Time   Description
-----------------------------------------------------------------------------
                  0.00    0.00    0.00   clock core_clock (rise edge)
                          0.00    0.00   clock network delay (ideal)
                          2.00    2.00 ^ input external delay
     1    0.12    0.00    0.00    2.00 ^ rst_ni (in)
                                         rst_ni (net)
                  0.05    0.02    2.02 ^ input148/A (sky130_fd_sc_hd__buf_12)
    94    0.55    0.61    0.45    2.47 ^ input148/X (sky130_fd_sc_hd__buf_12)
                                         net148 (net)
                  0.64    0.11    2.59 ^ place3967/A (sky130_fd_sc_hd__buf_6)
    68    0.34    0.66    0.62    3.21 ^ place3967/X (sky130_fd_sc_hd__buf_6)
                                         net3967 (net)
                  0.66    0.03    3.24 ^ place3968/A (sky130_fd_sc_hd__buf_4)
    59    0.29    0.78    0.76    4.00 ^ place3968/X (sky130_fd_sc_hd__buf_4)
                                         net3968 (net)
                  0.78    0.01    4.01 ^ place3969/A (sky130_fd_sc_hd__buf_4)
    58    0.28    0.75    0.75    4.76 ^ place3969/X (sky130_fd_sc_hd__buf_4)
                                         net3969 (net)
                  0.75    0.01    4.76 ^ gen_regfile_ff.register_file_i.rf_reg[769]$_DFFE_PN0P_/RESET_B (sky130_fd_sc_hd__dfrtp_4)
                                  4.76   data arrival time

                  0.00   10.00   10.00   clock core_clock (rise edge)
                          0.00   10.00   clock network delay (ideal)
                          0.00   10.00   clock reconvergence pessimism
                                 10.00 ^ gen_regfile_ff.register_file_i.rf_reg[769]$_DFFE_PN0P_/CLK (sky130_fd_sc_hd__dfrtp_4)
                         -0.05    9.95   library recovery time
                                  9.95   data required time
-----------------------------------------------------------------------------
                                  9.95   data required time
                                 -4.76   data arrival time
-----------------------------------------------------------------------------
                                  5.18   slack (MET)


Startpoint: core_clock_gate_i.en_latch$_DLATCH_N_
            (negative level-sensitive latch clocked by core_clock)
Endpoint: _25792_ (rising clock gating-check end-point clocked by core_clock)
Path Group: gated clock
Path Type: max

Fanout     Cap    Slew   Delay    Time   Description
-----------------------------------------------------------------------------
                  0.00    5.00    5.00   clock core_clock (fall edge)
                          0.00    5.00   clock network delay (ideal)
                  0.00    0.00    5.00 v core_clock_gate_i.en_latch$_DLATCH_N_/GATE_N (sky130_fd_sc_hd__dlxtn_1)
     1    0.00    0.03    0.36    5.36 ^ core_clock_gate_i.en_latch$_DLATCH_N_/Q (sky130_fd_sc_hd__dlxtn_1)
                                         core_clock_gate_i.en_latch (net)
                  0.03    0.00    5.36 ^ _25792_/B (sky130_fd_sc_hd__and2_1)
                                  5.36   data arrival time

                  0.00   10.00   10.00   clock core_clock (rise edge)
                          0.00   10.00   clock network delay (ideal)
                          0.00   10.00   clock reconvergence pessimism
                                 10.00 ^ _25792_/A (sky130_fd_sc_hd__and2_1)
                          0.00   10.00   clock gating setup time
                                 10.00   data required time
-----------------------------------------------------------------------------
                                 10.00   data required time
                                 -5.36   data arrival time
-----------------------------------------------------------------------------
                                  4.64   slack (MET)


Startpoint: if_stage_i.instr_rdata_id_o[23]$_DFFE_PN_
            (rising edge-triggered flip-flop clocked by core_clock)
Endpoint: gen_regfile_ff.register_file_i.rf_reg[1021]$_DFFE_PN0P_
          (rising edge-triggered flip-flop clocked by core_clock)
Path Group: core_clock
Path Type: max

Fanout     Cap    Slew   Delay    Time   Description
-----------------------------------------------------------------------------
                  0.00    0.00    0.00   clock core_clock (rise edge)
                          0.00    0.00   clock network delay (ideal)
                  0.00    0.00    0.00 ^ if_stage_i.instr_rdata_id_o[23]$_DFFE_PN_/CLK (sky130_fd_sc_hd__edfxtp_1)
     4    0.05    0.45    0.60    0.60 ^ if_stage_i.instr_rdata_id_o[23]$_DFFE_PN_/Q (sky130_fd_sc_hd__edfxtp_1)
                                         gen_regfile_ff.register_file_i.raddr_b_i[3] (net)
                  0.45    0.00    0.60 ^ place3848/A (sky130_fd_sc_hd__buf_4)
    25    0.26    0.71    0.66    1.26 ^ place3848/X (sky130_fd_sc_hd__buf_4)
                                         net3848 (net)
                  0.71    0.03    1.29 ^ place3849/A (sky130_fd_sc_hd__buf_2)
    16    0.16    0.76    0.74    2.03 ^ place3849/X (sky130_fd_sc_hd__buf_2)
                                         net3849 (net)
                  0.76    0.00    2.03 ^ _13356_/A (sky130_fd_sc_hd__inv_12)
    14    0.13    0.18    0.17    2.20 v _13356_/Y (sky130_fd_sc_hd__inv_12)
                                         _07955_ (net)
                  0.18    0.00    2.20 v place3812/A (sky130_fd_sc_hd__buf_1)
     6    0.05    0.31    0.35    2.55 v place3812/X (sky130_fd_sc_hd__buf_1)
                                         net3812 (net)
                  0.31    0.00    2.56 v _14965_/C1 (sky130_fd_sc_hd__o221ai_1)
     1    0.01    0.22    0.19    2.75 ^ _14965_/Y (sky130_fd_sc_hd__o221ai_1)
                                         _09552_ (net)
                  0.22    0.00    2.75 ^ _14966_/B1 (sky130_fd_sc_hd__a21oi_2)
     1    0.01    0.07    0.07    2.82 v _14966_/Y (sky130_fd_sc_hd__a21oi_2)
                                         _09553_ (net)
                  0.07    0.00    2.82 v _14977_/A3 (sky130_fd_sc_hd__o31ai_4)
     7    0.08    0.85    0.69    3.51 ^ _14977_/Y (sky130_fd_sc_hd__o31ai_4)
                                         _09564_ (net)
                  0.85    0.01    3.52 ^ _19264_/A1 (sky130_fd_sc_hd__mux2i_4)
     9    0.05    0.26    0.30    3.81 v _19264_/Y (sky130_fd_sc_hd__mux2i_4)
                                         _01683_ (net)
                  0.26    0.00    3.82 v _19265_/B (sky130_fd_sc_hd__nor2_1)
     2    0.01    0.18    0.23    4.04 ^ _19265_/Y (sky130_fd_sc_hd__nor2_1)
                                         _01684_ (net)
                  0.18    0.00    4.04 ^ _19278_/A (sky130_fd_sc_hd__xnor3_1)
     2    0.01    0.11    0.48    4.52 v _19278_/X (sky130_fd_sc_hd__xnor3_1)
                                         _01697_ (net)
                  0.11    0.00    4.52 v _19386_/B (sky130_fd_sc_hd__xnor3_1)
     5    0.02    0.14    0.44    4.96 v _19386_/X (sky130_fd_sc_hd__xnor3_1)
                                         _01805_ (net)
                  0.14    0.00    4.96 v _19482_/A (sky130_fd_sc_hd__xnor2_1)
     3    0.01    0.33    0.34    5.30 ^ _19482_/Y (sky130_fd_sc_hd__xnor2_1)
                                         _01901_ (net)
                  0.33    0.00    5.30 ^ _19484_/C (sky130_fd_sc_hd__or3_4)
     2    0.01    0.04    0.19    5.50 ^ _19484_/X (sky130_fd_sc_hd__or3_4)
                                         _01903_ (net)
                  0.04    0.00    5.50 ^ _19504_/A2 (sky130_fd_sc_hd__a21oi_1)
     1    0.00    0.07    0.06    5.56 v _19504_/Y (sky130_fd_sc_hd__a21oi_1)
                                         _01923_ (net)
                  0.07    0.00    5.56 v _19506_/A3 (sky130_fd_sc_hd__o31a_1)
     3    0.01    0.09    0.30    5.85 v _19506_/X (sky130_fd_sc_hd__o31a_1)
                                         _01925_ (net)
                  0.09    0.00    5.85 v _19578_/B (sky130_fd_sc_hd__maj3_4)
     2    0.02    0.08    0.36    6.22 v _19578_/X (sky130_fd_sc_hd__maj3_4)
                                         _01997_ (net)
                  0.08    0.00    6.22 v _19965_/A2 (sky130_fd_sc_hd__o32a_1)
     2    0.01    0.08    0.37    6.59 v _19965_/X (sky130_fd_sc_hd__o32a_1)
                                         _02382_ (net)
                  0.08    0.00    6.59 v _20112_/C (sky130_fd_sc_hd__maj3_4)
     2    0.01    0.07    0.35    6.94 v _20112_/X (sky130_fd_sc_hd__maj3_4)
                                         _02528_ (net)
                  0.07    0.00    6.94 v _20226_/A2 (sky130_fd_sc_hd__o21bai_2)
     2    0.01    0.17    0.17    7.12 ^ _20226_/Y (sky130_fd_sc_hd__o21bai_2)
                                         _02640_ (net)
                  0.17    0.00    7.12 ^ _20529_/A2 (sky130_fd_sc_hd__a31oi_2)
     2    0.01    0.11    0.14    7.26 v _20529_/Y (sky130_fd_sc_hd__a31oi_2)
                                         _02941_ (net)
                  0.11    0.00    7.26 v _20705_/A2 (sky130_fd_sc_hd__o31ai_2)
     1    0.00    0.19    0.24    7.49 ^ _20705_/Y (sky130_fd_sc_hd__o31ai_2)
                                         _03115_ (net)
                  0.19    0.00    7.49 ^ place3476/A (sky130_fd_sc_hd__buf_4)
     2    0.01    0.05    0.16    7.66 ^ place3476/X (sky130_fd_sc_hd__buf_4)
                                         net3476 (net)
                  0.05    0.00    7.66 ^ _21013_/A1 (sky130_fd_sc_hd__a21oi_1)
     1    0.01    0.08    0.08    7.74 v _21013_/Y (sky130_fd_sc_hd__a21oi_1)
                                         _03420_ (net)
                  0.08    0.00    7.74 v _21014_/A2 (sky130_fd_sc_hd__o21ai_2)
     2    0.01    0.14    0.15    7.89 ^ _21014_/Y (sky130_fd_sc_hd__o21ai_2)
                                         _03421_ (net)
                  0.14    0.00    7.89 ^ _21261_/C1 (sky130_fd_sc_hd__a221oi_2)
     2    0.01    0.10    0.07    7.96 v _21261_/Y (sky130_fd_sc_hd__a221oi_2)
                                         _03666_ (net)
                  0.10    0.00    7.96 v _21729_/A1 (sky130_fd_sc_hd__o31ai_1)
     2    0.01    0.33    0.35    8.31 ^ _21729_/Y (sky130_fd_sc_hd__o31ai_1)
                                         _04130_ (net)
                  0.33    0.00    8.31 ^ _21979_/A1 (sky130_fd_sc_hd__a21bo_1)
     2    0.01    0.06    0.17    8.49 ^ _21979_/X (sky130_fd_sc_hd__a21bo_1)
                                         _04378_ (net)
                  0.06    0.00    8.49 ^ _22200_/B (sky130_fd_sc_hd__nand2_1)
     2    0.01    0.07    0.08    8.56 v _22200_/Y (sky130_fd_sc_hd__nand2_1)
                                         _04596_ (net)
                  0.07    0.00    8.56 v _22203_/A1 (sky130_fd_sc_hd__a211oi_2)
     2    0.01    0.22    0.23    8.79 ^ _22203_/Y (sky130_fd_sc_hd__a211oi_2)
                                         _04599_ (net)
                  0.22    0.00    8.79 ^ _22280_/A (sky130_fd_sc_hd__xor2_1)
     2    0.01    0.10    0.15    8.94 v _22280_/X (sky130_fd_sc_hd__xor2_1)
                                         _04676_ (net)
                  0.10    0.00    8.94 v _22282_/A2 (sky130_fd_sc_hd__a211oi_1)
     1    0.03    0.84    0.74    9.68 ^ _22282_/Y (sky130_fd_sc_hd__a211oi_1)
                                         _04678_ (net)
                  0.84    0.00    9.68 ^ _22305_/A1 (sky130_fd_sc_hd__o21ai_2)
     1    0.01    0.14    0.17    9.85 v _22305_/Y (sky130_fd_sc_hd__o21ai_2)
                                         _04701_ (net)
                  0.14    0.00    9.85 v place3405/A (sky130_fd_sc_hd__buf_12)
    31    0.15    0.09    0.21   10.06 v place3405/X (sky130_fd_sc_hd__buf_12)
                                         net3405 (net)
                  0.10    0.03   10.09 v _22313_/A2 (sky130_fd_sc_hd__a31oi_1)
     1    0.00    0.13    0.17   10.25 ^ _22313_/Y (sky130_fd_sc_hd__a31oi_1)
                                         _00537_ (net)
                  0.13    0.00   10.25 ^ gen_regfile_ff.register_file_i.rf_reg[1021]$_DFFE_PN0P_/D (sky130_fd_sc_hd__dfrtp_1)
                                 10.25   data arrival time

                  0.00   10.00   10.00   clock core_clock (rise edge)
                          0.00   10.00   clock network delay (ideal)
                          0.00   10.00   clock reconvergence pessimism
                                 10.00 ^ gen_regfile_ff.register_file_i.rf_reg[1021]$_DFFE_PN0P_/CLK (sky130_fd_sc_hd__dfrtp_1)
                         -0.09    9.91   library setup time
                                  9.91   data required time
-----------------------------------------------------------------------------
                                  9.91   data required time
                                -10.25   data arrival time
-----------------------------------------------------------------------------
                                 -0.34   slack (VIOLATED)



==========================================================================
global place report_checks -unconstrained
--------------------------------------------------------------------------
Startpoint: rst_ni (input port clocked by core_clock)
Endpoint: gen_regfile_ff.register_file_i.rf_reg[769]$_DFFE_PN0P_
          (recovery check against rising-edge clock core_clock)
Path Group: asynchronous
Path Type: max

Fanout     Cap    Slew   Delay    Time   Description
-----------------------------------------------------------------------------
                  0.00    0.00    0.00   clock core_clock (rise edge)
                          0.00    0.00   clock network delay (ideal)
                          2.00    2.00 ^ input external delay
     1    0.12    0.00    0.00    2.00 ^ rst_ni (in)
                                         rst_ni (net)
                  0.05    0.02    2.02 ^ input148/A (sky130_fd_sc_hd__buf_12)
    94    0.55    0.61    0.45    2.47 ^ input148/X (sky130_fd_sc_hd__buf_12)
                                         net148 (net)
                  0.64    0.11    2.59 ^ place3967/A (sky130_fd_sc_hd__buf_6)
    68    0.34    0.66    0.62    3.21 ^ place3967/X (sky130_fd_sc_hd__buf_6)
                                         net3967 (net)
                  0.66    0.03    3.24 ^ place3968/A (sky130_fd_sc_hd__buf_4)
    59    0.29    0.78    0.76    4.00 ^ place3968/X (sky130_fd_sc_hd__buf_4)
                                         net3968 (net)
                  0.78    0.01    4.01 ^ place3969/A (sky130_fd_sc_hd__buf_4)
    58    0.28    0.75    0.75    4.76 ^ place3969/X (sky130_fd_sc_hd__buf_4)
                                         net3969 (net)
                  0.75    0.01    4.76 ^ gen_regfile_ff.register_file_i.rf_reg[769]$_DFFE_PN0P_/RESET_B (sky130_fd_sc_hd__dfrtp_4)
                                  4.76   data arrival time

                  0.00   10.00   10.00   clock core_clock (rise edge)
                          0.00   10.00   clock network delay (ideal)
                          0.00   10.00   clock reconvergence pessimism
                                 10.00 ^ gen_regfile_ff.register_file_i.rf_reg[769]$_DFFE_PN0P_/CLK (sky130_fd_sc_hd__dfrtp_4)
                         -0.05    9.95   library recovery time
                                  9.95   data required time
-----------------------------------------------------------------------------
                                  9.95   data required time
                                 -4.76   data arrival time
-----------------------------------------------------------------------------
                                  5.18   slack (MET)


Startpoint: core_clock_gate_i.en_latch$_DLATCH_N_
            (negative level-sensitive latch clocked by core_clock)
Endpoint: _25792_ (rising clock gating-check end-point clocked by core_clock)
Path Group: gated clock
Path Type: max

Fanout     Cap    Slew   Delay    Time   Description
-----------------------------------------------------------------------------
                  0.00    5.00    5.00   clock core_clock (fall edge)
                          0.00    5.00   clock network delay (ideal)
                  0.00    0.00    5.00 v core_clock_gate_i.en_latch$_DLATCH_N_/GATE_N (sky130_fd_sc_hd__dlxtn_1)
     1    0.00    0.03    0.36    5.36 ^ core_clock_gate_i.en_latch$_DLATCH_N_/Q (sky130_fd_sc_hd__dlxtn_1)
                                         core_clock_gate_i.en_latch (net)
                  0.03    0.00    5.36 ^ _25792_/B (sky130_fd_sc_hd__and2_1)
                                  5.36   data arrival time

                  0.00   10.00   10.00   clock core_clock (rise edge)
                          0.00   10.00   clock network delay (ideal)
                          0.00   10.00   clock reconvergence pessimism
                                 10.00 ^ _25792_/A (sky130_fd_sc_hd__and2_1)
                          0.00   10.00   clock gating setup time
                                 10.00   data required time
-----------------------------------------------------------------------------
                                 10.00   data required time
                                 -5.36   data arrival time
-----------------------------------------------------------------------------
                                  4.64   slack (MET)


Startpoint: if_stage_i.instr_rdata_id_o[23]$_DFFE_PN_
            (rising edge-triggered flip-flop clocked by core_clock)
Endpoint: gen_regfile_ff.register_file_i.rf_reg[1021]$_DFFE_PN0P_
          (rising edge-triggered flip-flop clocked by core_clock)
Path Group: core_clock
Path Type: max

Fanout     Cap    Slew   Delay    Time   Description
-----------------------------------------------------------------------------
                  0.00    0.00    0.00   clock core_clock (rise edge)
                          0.00    0.00   clock network delay (ideal)
                  0.00    0.00    0.00 ^ if_stage_i.instr_rdata_id_o[23]$_DFFE_PN_/CLK (sky130_fd_sc_hd__edfxtp_1)
     4    0.05    0.45    0.60    0.60 ^ if_stage_i.instr_rdata_id_o[23]$_DFFE_PN_/Q (sky130_fd_sc_hd__edfxtp_1)
                                         gen_regfile_ff.register_file_i.raddr_b_i[3] (net)
                  0.45    0.00    0.60 ^ place3848/A (sky130_fd_sc_hd__buf_4)
    25    0.26    0.71    0.66    1.26 ^ place3848/X (sky130_fd_sc_hd__buf_4)
                                         net3848 (net)
                  0.71    0.03    1.29 ^ place3849/A (sky130_fd_sc_hd__buf_2)
    16    0.16    0.76    0.74    2.03 ^ place3849/X (sky130_fd_sc_hd__buf_2)
                                         net3849 (net)
                  0.76    0.00    2.03 ^ _13356_/A (sky130_fd_sc_hd__inv_12)
    14    0.13    0.18    0.17    2.20 v _13356_/Y (sky130_fd_sc_hd__inv_12)
                                         _07955_ (net)
                  0.18    0.00    2.20 v place3812/A (sky130_fd_sc_hd__buf_1)
     6    0.05    0.31    0.35    2.55 v place3812/X (sky130_fd_sc_hd__buf_1)
                                         net3812 (net)
                  0.31    0.00    2.56 v _14965_/C1 (sky130_fd_sc_hd__o221ai_1)
     1    0.01    0.22    0.19    2.75 ^ _14965_/Y (sky130_fd_sc_hd__o221ai_1)
                                         _09552_ (net)
                  0.22    0.00    2.75 ^ _14966_/B1 (sky130_fd_sc_hd__a21oi_2)
     1    0.01    0.07    0.07    2.82 v _14966_/Y (sky130_fd_sc_hd__a21oi_2)
                                         _09553_ (net)
                  0.07    0.00    2.82 v _14977_/A3 (sky130_fd_sc_hd__o31ai_4)
     7    0.08    0.85    0.69    3.51 ^ _14977_/Y (sky130_fd_sc_hd__o31ai_4)
                                         _09564_ (net)
                  0.85    0.01    3.52 ^ _19264_/A1 (sky130_fd_sc_hd__mux2i_4)
     9    0.05    0.26    0.30    3.81 v _19264_/Y (sky130_fd_sc_hd__mux2i_4)
                                         _01683_ (net)
                  0.26    0.00    3.82 v _19265_/B (sky130_fd_sc_hd__nor2_1)
     2    0.01    0.18    0.23    4.04 ^ _19265_/Y (sky130_fd_sc_hd__nor2_1)
                                         _01684_ (net)
                  0.18    0.00    4.04 ^ _19278_/A (sky130_fd_sc_hd__xnor3_1)
     2    0.01    0.11    0.48    4.52 v _19278_/X (sky130_fd_sc_hd__xnor3_1)
                                         _01697_ (net)
                  0.11    0.00    4.52 v _19386_/B (sky130_fd_sc_hd__xnor3_1)
     5    0.02    0.14    0.44    4.96 v _19386_/X (sky130_fd_sc_hd__xnor3_1)
                                         _01805_ (net)
                  0.14    0.00    4.96 v _19482_/A (sky130_fd_sc_hd__xnor2_1)
     3    0.01    0.33    0.34    5.30 ^ _19482_/Y (sky130_fd_sc_hd__xnor2_1)
                                         _01901_ (net)
                  0.33    0.00    5.30 ^ _19484_/C (sky130_fd_sc_hd__or3_4)
     2    0.01    0.04    0.19    5.50 ^ _19484_/X (sky130_fd_sc_hd__or3_4)
                                         _01903_ (net)
                  0.04    0.00    5.50 ^ _19504_/A2 (sky130_fd_sc_hd__a21oi_1)
     1    0.00    0.07    0.06    5.56 v _19504_/Y (sky130_fd_sc_hd__a21oi_1)
                                         _01923_ (net)
                  0.07    0.00    5.56 v _19506_/A3 (sky130_fd_sc_hd__o31a_1)
     3    0.01    0.09    0.30    5.85 v _19506_/X (sky130_fd_sc_hd__o31a_1)
                                         _01925_ (net)
                  0.09    0.00    5.85 v _19578_/B (sky130_fd_sc_hd__maj3_4)
     2    0.02    0.08    0.36    6.22 v _19578_/X (sky130_fd_sc_hd__maj3_4)
                                         _01997_ (net)
                  0.08    0.00    6.22 v _19965_/A2 (sky130_fd_sc_hd__o32a_1)
     2    0.01    0.08    0.37    6.59 v _19965_/X (sky130_fd_sc_hd__o32a_1)
                                         _02382_ (net)
                  0.08    0.00    6.59 v _20112_/C (sky130_fd_sc_hd__maj3_4)
     2    0.01    0.07    0.35    6.94 v _20112_/X (sky130_fd_sc_hd__maj3_4)
                                         _02528_ (net)
                  0.07    0.00    6.94 v _20226_/A2 (sky130_fd_sc_hd__o21bai_2)
     2    0.01    0.17    0.17    7.12 ^ _20226_/Y (sky130_fd_sc_hd__o21bai_2)
                                         _02640_ (net)
                  0.17    0.00    7.12 ^ _20529_/A2 (sky130_fd_sc_hd__a31oi_2)
     2    0.01    0.11    0.14    7.26 v _20529_/Y (sky130_fd_sc_hd__a31oi_2)
                                         _02941_ (net)
                  0.11    0.00    7.26 v _20705_/A2 (sky130_fd_sc_hd__o31ai_2)
     1    0.00    0.19    0.24    7.49 ^ _20705_/Y (sky130_fd_sc_hd__o31ai_2)
                                         _03115_ (net)
                  0.19    0.00    7.49 ^ place3476/A (sky130_fd_sc_hd__buf_4)
     2    0.01    0.05    0.16    7.66 ^ place3476/X (sky130_fd_sc_hd__buf_4)
                                         net3476 (net)
                  0.05    0.00    7.66 ^ _21013_/A1 (sky130_fd_sc_hd__a21oi_1)
     1    0.01    0.08    0.08    7.74 v _21013_/Y (sky130_fd_sc_hd__a21oi_1)
                                         _03420_ (net)
                  0.08    0.00    7.74 v _21014_/A2 (sky130_fd_sc_hd__o21ai_2)
     2    0.01    0.14    0.15    7.89 ^ _21014_/Y (sky130_fd_sc_hd__o21ai_2)
                                         _03421_ (net)
                  0.14    0.00    7.89 ^ _21261_/C1 (sky130_fd_sc_hd__a221oi_2)
     2    0.01    0.10    0.07    7.96 v _21261_/Y (sky130_fd_sc_hd__a221oi_2)
                                         _03666_ (net)
                  0.10    0.00    7.96 v _21729_/A1 (sky130_fd_sc_hd__o31ai_1)
     2    0.01    0.33    0.35    8.31 ^ _21729_/Y (sky130_fd_sc_hd__o31ai_1)
                                         _04130_ (net)
                  0.33    0.00    8.31 ^ _21979_/A1 (sky130_fd_sc_hd__a21bo_1)
     2    0.01    0.06    0.17    8.49 ^ _21979_/X (sky130_fd_sc_hd__a21bo_1)
                                         _04378_ (net)
                  0.06    0.00    8.49 ^ _22200_/B (sky130_fd_sc_hd__nand2_1)
     2    0.01    0.07    0.08    8.56 v _22200_/Y (sky130_fd_sc_hd__nand2_1)
                                         _04596_ (net)
                  0.07    0.00    8.56 v _22203_/A1 (sky130_fd_sc_hd__a211oi_2)
     2    0.01    0.22    0.23    8.79 ^ _22203_/Y (sky130_fd_sc_hd__a211oi_2)
                                         _04599_ (net)
                  0.22    0.00    8.79 ^ _22280_/A (sky130_fd_sc_hd__xor2_1)
     2    0.01    0.10    0.15    8.94 v _22280_/X (sky130_fd_sc_hd__xor2_1)
                                         _04676_ (net)
                  0.10    0.00    8.94 v _22282_/A2 (sky130_fd_sc_hd__a211oi_1)
     1    0.03    0.84    0.74    9.68 ^ _22282_/Y (sky130_fd_sc_hd__a211oi_1)
                                         _04678_ (net)
                  0.84    0.00    9.68 ^ _22305_/A1 (sky130_fd_sc_hd__o21ai_2)
     1    0.01    0.14    0.17    9.85 v _22305_/Y (sky130_fd_sc_hd__o21ai_2)
                                         _04701_ (net)
                  0.14    0.00    9.85 v place3405/A (sky130_fd_sc_hd__buf_12)
    31    0.15    0.09    0.21   10.06 v place3405/X (sky130_fd_sc_hd__buf_12)
                                         net3405 (net)
                  0.10    0.03   10.09 v _22313_/A2 (sky130_fd_sc_hd__a31oi_1)
     1    0.00    0.13    0.17   10.25 ^ _22313_/Y (sky130_fd_sc_hd__a31oi_1)
                                         _00537_ (net)
                  0.13    0.00   10.25 ^ gen_regfile_ff.register_file_i.rf_reg[1021]$_DFFE_PN0P_/D (sky130_fd_sc_hd__dfrtp_1)
                                 10.25   data arrival time

                  0.00   10.00   10.00   clock core_clock (rise edge)
                          0.00   10.00   clock network delay (ideal)
                          0.00   10.00   clock reconvergence pessimism
                                 10.00 ^ gen_regfile_ff.register_file_i.rf_reg[1021]$_DFFE_PN0P_/CLK (sky130_fd_sc_hd__dfrtp_1)
                         -0.09    9.91   library setup time
                                  9.91   data required time
-----------------------------------------------------------------------------
                                  9.91   data required time
                                -10.25   data arrival time
-----------------------------------------------------------------------------
                                 -0.34   slack (VIOLATED)



==========================================================================
global place report_power
--------------------------------------------------------------------------
Group                  Internal  Switching    Leakage      Total
                          Power      Power      Power      Power (Watts)
----------------------------------------------------------------
Sequential             9.13e-03   2.51e-03   2.31e-08   1.16e-02  13.0%
Combinational          2.76e-02   5.01e-02   3.66e-08   7.77e-02  86.7%
Clock                 -2.23e-06   2.44e-04   2.32e-12   2.41e-04   0.3%
Macro                  0.00e+00   0.00e+00   0.00e+00   0.00e+00   0.0%
Pad                    0.00e+00   0.00e+00   0.00e+00   0.00e+00   0.0%
----------------------------------------------------------------
Total                  3.67e-02   5.28e-02   5.98e-08   8.96e-02 100.0%
                          41.0%      59.0%       0.0%
