
==========================================================================
resizer report_tns
--------------------------------------------------------------------------
tns max 0.00

==========================================================================
resizer report_wns
--------------------------------------------------------------------------
wns max 0.00

==========================================================================
resizer report_worst_slack
--------------------------------------------------------------------------
worst slack max 0.06

==========================================================================
resizer report_checks -path_delay min
--------------------------------------------------------------------------
Startpoint: rst_ni (input port clocked by core_clock)
Endpoint: cs_registers_i.u_mstack_epc_csr.rd_data_o[28]$_DFFE_PN0P_
          (removal check against rising-edge clock core_clock)
Path Group: asynchronous
Path Type: min

Fanout     Cap    Slew   Delay    Time   Description
-----------------------------------------------------------------------------
                  0.00    0.00    0.00   clock core_clock (rise edge)
                          0.00    0.00   clock network delay (ideal)
                          2.00    2.00 ^ input external delay
     1    0.12    0.00    0.00    2.00 ^ rst_ni (in)
                                         rst_ni (net)
                  0.05    0.02    2.02 ^ input148/A (sky130_fd_sc_hd__buf_12)
    94    0.60    0.67    0.49    2.51 ^ input148/X (sky130_fd_sc_hd__buf_12)
                                         net148 (net)
                  0.67    0.00    2.52 ^ cs_registers_i.u_mstack_epc_csr.rd_data_o[28]$_DFFE_PN0P_/RESET_B (sky130_fd_sc_hd__dfrtp_1)
                                  2.52   data arrival time

                  0.00    0.00    0.00   clock core_clock (rise edge)
                          0.00    0.00   clock network delay (ideal)
                          0.00    0.00   clock reconvergence pessimism
                                  0.00 ^ cs_registers_i.u_mstack_epc_csr.rd_data_o[28]$_DFFE_PN0P_/CLK (sky130_fd_sc_hd__dfrtp_1)
                          0.48    0.48   library removal time
                                  0.48   data required time
-----------------------------------------------------------------------------
                                  0.48   data required time
                                 -2.52   data arrival time
-----------------------------------------------------------------------------
                                  2.04   slack (MET)


Startpoint: core_clock_gate_i.en_latch$_DLATCH_N_
            (negative level-sensitive latch clocked by core_clock)
Endpoint: _25792_ (rising clock gating-check end-point clocked by core_clock)
Path Group: gated clock
Path Type: min

Fanout     Cap    Slew   Delay    Time   Description
-----------------------------------------------------------------------------
                  0.00    5.00    5.00   clock core_clock (fall edge)
                          0.00    5.00   clock network delay (ideal)
                  0.00    0.00    5.00 v core_clock_gate_i.en_latch$_DLATCH_N_/GATE_N (sky130_fd_sc_hd__dlxtn_1)
     1    0.00    0.02    0.23    5.23 v core_clock_gate_i.en_latch$_DLATCH_N_/Q (sky130_fd_sc_hd__dlxtn_1)
                                         core_clock_gate_i.en_latch (net)
                  0.02    0.00    5.23 v _25792_/B (sky130_fd_sc_hd__and2_1)
                                  5.23   data arrival time

                  0.00    5.00    5.00   clock core_clock (fall edge)
                          0.00    5.00   clock network delay (ideal)
                          0.00    5.00   clock reconvergence pessimism
                                  5.00 v _25792_/A (sky130_fd_sc_hd__and2_1)
                          0.00    5.00   clock gating hold time
                                  5.00   data required time
-----------------------------------------------------------------------------
                                  5.00   data required time
                                 -5.23   data arrival time
-----------------------------------------------------------------------------
                                  0.23   slack (MET)


Startpoint: cs_registers_i.u_mstack_csr.rd_data_o[2]$_DFFE_PN1P_
            (rising edge-triggered flip-flop clocked by core_clock)
Endpoint: cs_registers_i.u_mstack_csr.rd_data_o[2]$_DFFE_PN1P_
          (rising edge-triggered flip-flop clocked by core_clock)
Path Group: core_clock
Path Type: min

Fanout     Cap    Slew   Delay    Time   Description
-----------------------------------------------------------------------------
                  0.00    0.00    0.00   clock core_clock (rise edge)
                          0.00    0.00   clock network delay (ideal)
                  0.00    0.00    0.00 ^ cs_registers_i.u_mstack_csr.rd_data_o[2]$_DFFE_PN1P_/CLK (sky130_fd_sc_hd__dfstp_1)
     2    0.00    0.04    0.34    0.34 v cs_registers_i.u_mstack_csr.rd_data_o[2]$_DFFE_PN1P_/Q (sky130_fd_sc_hd__dfstp_1)
                                         cs_registers_i.mstack_q[2] (net)
                  0.04    0.00    0.34 v _18494_/A (sky130_fd_sc_hd__nand2_1)
     1    0.00    0.04    0.05    0.39 ^ _18494_/Y (sky130_fd_sc_hd__nand2_1)
                                         _12675_ (net)
                  0.04    0.00    0.39 ^ _18495_/B (sky130_fd_sc_hd__nand2_1)
     1    0.00    0.03    0.05    0.44 v _18495_/Y (sky130_fd_sc_hd__nand2_1)
                                         _00348_ (net)
                  0.03    0.00    0.44 v cs_registers_i.u_mstack_csr.rd_data_o[2]$_DFFE_PN1P_/D (sky130_fd_sc_hd__dfstp_1)
                                  0.44   data arrival time

                  0.00    0.00    0.00   clock core_clock (rise edge)
                          0.00    0.00   clock network delay (ideal)
                          0.00    0.00   clock reconvergence pessimism
                                  0.00 ^ cs_registers_i.u_mstack_csr.rd_data_o[2]$_DFFE_PN1P_/CLK (sky130_fd_sc_hd__dfstp_1)
                         -0.02   -0.02   library hold time
                                 -0.02   data required time
-----------------------------------------------------------------------------
                                 -0.02   data required time
                                 -0.44   data arrival time
-----------------------------------------------------------------------------
                                  0.46   slack (MET)



==========================================================================
resizer report_checks -path_delay max
--------------------------------------------------------------------------
Startpoint: rst_ni (input port clocked by core_clock)
Endpoint: gen_regfile_ff.register_file_i.rf_reg[587]$_DFFE_PN0P_
          (recovery check against rising-edge clock core_clock)
Path Group: asynchronous
Path Type: max

Fanout     Cap    Slew   Delay    Time   Description
-----------------------------------------------------------------------------
                  0.00    0.00    0.00   clock core_clock (rise edge)
                          0.00    0.00   clock network delay (ideal)
                          2.00    2.00 ^ input external delay
     1    0.12    0.00    0.00    2.00 ^ rst_ni (in)
                                         rst_ni (net)
                  0.05    0.02    2.02 ^ input148/A (sky130_fd_sc_hd__buf_12)
    94    0.60    0.67    0.49    2.51 ^ input148/X (sky130_fd_sc_hd__buf_12)
                                         net148 (net)
                  0.71    0.13    2.64 ^ place3960/A (sky130_fd_sc_hd__buf_12)
    54    0.32    0.35    0.42    3.06 ^ place3960/X (sky130_fd_sc_hd__buf_12)
                                         net3960 (net)
                  0.35    0.01    3.07 ^ place3964/A (sky130_fd_sc_hd__buf_12)
    59    0.30    0.34    0.38    3.45 ^ place3964/X (sky130_fd_sc_hd__buf_12)
                                         net3964 (net)
                  0.34    0.00    3.45 ^ place3965/A (sky130_fd_sc_hd__buf_12)
    94    0.46    0.51    0.49    3.94 ^ place3965/X (sky130_fd_sc_hd__buf_12)
                                         net3965 (net)
                  0.51    0.02    3.96 ^ gen_regfile_ff.register_file_i.rf_reg[587]$_DFFE_PN0P_/RESET_B (sky130_fd_sc_hd__dfrtp_4)
                                  3.96   data arrival time

                  0.00   10.00   10.00   clock core_clock (rise edge)
                          0.00   10.00   clock network delay (ideal)
                          0.00   10.00   clock reconvergence pessimism
                                 10.00 ^ gen_regfile_ff.register_file_i.rf_reg[587]$_DFFE_PN0P_/CLK (sky130_fd_sc_hd__dfrtp_4)
                          0.05   10.05   library recovery time
                                 10.05   data required time
-----------------------------------------------------------------------------
                                 10.05   data required time
                                 -3.96   data arrival time
-----------------------------------------------------------------------------
                                  6.09   slack (MET)


Startpoint: core_clock_gate_i.en_latch$_DLATCH_N_
            (negative level-sensitive latch clocked by core_clock)
Endpoint: _25792_ (rising clock gating-check end-point clocked by core_clock)
Path Group: gated clock
Path Type: max

Fanout     Cap    Slew   Delay    Time   Description
-----------------------------------------------------------------------------
                  0.00    5.00    5.00   clock core_clock (fall edge)
                          0.00    5.00   clock network delay (ideal)
                  0.00    0.00    5.00 v core_clock_gate_i.en_latch$_DLATCH_N_/GATE_N (sky130_fd_sc_hd__dlxtn_1)
     1    0.00    0.03    0.36    5.36 ^ core_clock_gate_i.en_latch$_DLATCH_N_/Q (sky130_fd_sc_hd__dlxtn_1)
                                         core_clock_gate_i.en_latch (net)
                  0.03    0.00    5.36 ^ _25792_/B (sky130_fd_sc_hd__and2_1)
                                  5.36   data arrival time

                  0.00   10.00   10.00   clock core_clock (rise edge)
                          0.00   10.00   clock network delay (ideal)
                          0.00   10.00   clock reconvergence pessimism
                                 10.00 ^ _25792_/A (sky130_fd_sc_hd__and2_1)
                          0.00   10.00   clock gating setup time
                                 10.00   data required time
-----------------------------------------------------------------------------
                                 10.00   data required time
                                 -5.36   data arrival time
-----------------------------------------------------------------------------
                                  4.64   slack (MET)


Startpoint: if_stage_i.instr_rdata_id_o[22]$_DFFE_PN_
            (rising edge-triggered flip-flop clocked by core_clock)
Endpoint: gen_regfile_ff.register_file_i.rf_reg[799]$_DFFE_PN0P_
          (rising edge-triggered flip-flop clocked by core_clock)
Path Group: core_clock
Path Type: max

Fanout     Cap    Slew   Delay    Time   Description
-----------------------------------------------------------------------------
                  0.00    0.00    0.00   clock core_clock (rise edge)
                          0.00    0.00   clock network delay (ideal)
                  0.00    0.00    0.00 ^ if_stage_i.instr_rdata_id_o[22]$_DFFE_PN_/CLK (sky130_fd_sc_hd__edfxtp_1)
     6    0.07    0.63    0.73    0.73 ^ if_stage_i.instr_rdata_id_o[22]$_DFFE_PN_/Q (sky130_fd_sc_hd__edfxtp_1)
                                         gen_regfile_ff.register_file_i.raddr_b_i[2] (net)
                  0.63    0.01    0.73 ^ place3857/A (sky130_fd_sc_hd__buf_1)
     2    0.01    0.16    0.23    0.96 ^ place3857/X (sky130_fd_sc_hd__buf_1)
                                         net3857 (net)
                  0.16    0.00    0.96 ^ _13342_/B_N (sky130_fd_sc_hd__nor2b_4)
     8    0.08    0.51    0.50    1.46 ^ _13342_/Y (sky130_fd_sc_hd__nor2b_4)
                                         _07941_ (net)
                  0.51    0.00    1.46 ^ place3815/A (sky130_fd_sc_hd__buf_1)
     5    0.04    0.47    0.44    1.90 ^ place3815/X (sky130_fd_sc_hd__buf_1)
                                         net3815 (net)
                  0.47    0.00    1.90 ^ _14962_/A2 (sky130_fd_sc_hd__a22o_1)
     1    0.01    0.08    0.24    2.15 ^ _14962_/X (sky130_fd_sc_hd__a22o_1)
                                         _09549_ (net)
                  0.08    0.00    2.15 ^ _14966_/A2 (sky130_fd_sc_hd__a21oi_2)
     1    0.01    0.07    0.07    2.22 v _14966_/Y (sky130_fd_sc_hd__a21oi_2)
                                         _09553_ (net)
                  0.07    0.00    2.22 v _14977_/A3 (sky130_fd_sc_hd__o31ai_4)
     7    0.08    0.85    0.69    2.91 ^ _14977_/Y (sky130_fd_sc_hd__o31ai_4)
                                         _09564_ (net)
                  0.85    0.01    2.92 ^ _19264_/A1 (sky130_fd_sc_hd__mux2i_4)
     9    0.06    0.29    0.33    3.24 v _19264_/Y (sky130_fd_sc_hd__mux2i_4)
                                         _01683_ (net)
                  0.29    0.00    3.25 v _19265_/B (sky130_fd_sc_hd__nor2_1)
     2    0.01    0.18    0.24    3.48 ^ _19265_/Y (sky130_fd_sc_hd__nor2_1)
                                         _01684_ (net)
                  0.18    0.00    3.48 ^ _19278_/A (sky130_fd_sc_hd__xnor3_1)
     2    0.01    0.11    0.47    3.96 v _19278_/X (sky130_fd_sc_hd__xnor3_1)
                                         _01697_ (net)
                  0.11    0.00    3.96 v _19386_/B (sky130_fd_sc_hd__xnor3_1)
     5    0.02    0.14    0.44    4.40 v _19386_/X (sky130_fd_sc_hd__xnor3_1)
                                         _01805_ (net)
                  0.14    0.00    4.40 v _19482_/A (sky130_fd_sc_hd__xnor2_1)
     3    0.01    0.31    0.33    4.73 ^ _19482_/Y (sky130_fd_sc_hd__xnor2_1)
                                         _01901_ (net)
                  0.31    0.00    4.73 ^ _19484_/C (sky130_fd_sc_hd__or3_1)
     2    0.01    0.07    0.18    4.91 ^ _19484_/X (sky130_fd_sc_hd__or3_1)
                                         _01903_ (net)
                  0.07    0.00    4.91 ^ _19504_/A2 (sky130_fd_sc_hd__a21oi_1)
     1    0.00    0.07    0.07    4.97 v _19504_/Y (sky130_fd_sc_hd__a21oi_1)
                                         _01923_ (net)
                  0.07    0.00    4.97 v _19506_/A3 (sky130_fd_sc_hd__o31a_1)
     3    0.01    0.09    0.30    5.27 v _19506_/X (sky130_fd_sc_hd__o31a_1)
                                         _01925_ (net)
                  0.09    0.00    5.27 v _19578_/B (sky130_fd_sc_hd__maj3_4)
     2    0.02    0.08    0.36    5.63 v _19578_/X (sky130_fd_sc_hd__maj3_4)
                                         _01997_ (net)
                  0.08    0.00    5.63 v _19965_/A2 (sky130_fd_sc_hd__o32a_1)
     2    0.01    0.08    0.37    6.00 v _19965_/X (sky130_fd_sc_hd__o32a_1)
                                         _02382_ (net)
                  0.08    0.00    6.00 v _20112_/C (sky130_fd_sc_hd__maj3_1)
     2    0.01    0.10    0.40    6.40 v _20112_/X (sky130_fd_sc_hd__maj3_1)
                                         _02528_ (net)
                  0.10    0.00    6.40 v _20226_/A2 (sky130_fd_sc_hd__o21bai_2)
     2    0.01    0.15    0.17    6.58 ^ _20226_/Y (sky130_fd_sc_hd__o21bai_2)
                                         _02640_ (net)
                  0.15    0.00    6.58 ^ _20529_/A2 (sky130_fd_sc_hd__a31oi_1)
     2    0.01    0.13    0.15    6.73 v _20529_/Y (sky130_fd_sc_hd__a31oi_1)
                                         _02941_ (net)
                  0.13    0.00    6.73 v _20705_/A2 (sky130_fd_sc_hd__o31ai_1)
     1    0.00    0.21    0.26    6.99 ^ _20705_/Y (sky130_fd_sc_hd__o31ai_1)
                                         _03115_ (net)
                  0.21    0.00    6.99 ^ place3476/A (sky130_fd_sc_hd__buf_1)
     2    0.01    0.16    0.20    7.19 ^ place3476/X (sky130_fd_sc_hd__buf_1)
                                         net3476 (net)
                  0.16    0.00    7.19 ^ _21013_/A1 (sky130_fd_sc_hd__a21oi_1)
     1    0.01    0.08    0.11    7.30 v _21013_/Y (sky130_fd_sc_hd__a21oi_1)
                                         _03420_ (net)
                  0.08    0.00    7.30 v _21014_/A2 (sky130_fd_sc_hd__o21ai_1)
     2    0.01    0.20    0.20    7.50 ^ _21014_/Y (sky130_fd_sc_hd__o21ai_1)
                                         _03421_ (net)
                  0.20    0.00    7.50 ^ _21261_/C1 (sky130_fd_sc_hd__a221oi_2)
     2    0.01    0.10    0.08    7.58 v _21261_/Y (sky130_fd_sc_hd__a221oi_2)
                                         _03666_ (net)
                  0.10    0.00    7.58 v _21729_/A1 (sky130_fd_sc_hd__o31ai_1)
     2    0.01    0.34    0.36    7.94 ^ _21729_/Y (sky130_fd_sc_hd__o31ai_1)
                                         _04130_ (net)
                  0.34    0.00    7.94 ^ _21979_/A1 (sky130_fd_sc_hd__a21bo_1)
     2    0.01    0.06    0.18    8.11 ^ _21979_/X (sky130_fd_sc_hd__a21bo_1)
                                         _04378_ (net)
                  0.06    0.00    8.11 ^ _22200_/B (sky130_fd_sc_hd__nand2_1)
     2    0.01    0.05    0.07    8.18 v _22200_/Y (sky130_fd_sc_hd__nand2_1)
                                         _04596_ (net)
                  0.05    0.00    8.18 v _22203_/A1 (sky130_fd_sc_hd__a211oi_1)
     2    0.01    0.33    0.30    8.48 ^ _22203_/Y (sky130_fd_sc_hd__a211oi_1)
                                         _04599_ (net)
                  0.33    0.00    8.48 ^ place3430/A (sky130_fd_sc_hd__buf_1)
     1    0.01    0.08    0.15    8.63 ^ place3430/X (sky130_fd_sc_hd__buf_1)
                                         net3430 (net)
                  0.08    0.00    8.63 ^ _22502_/A1 (sky130_fd_sc_hd__o221ai_2)
     2    0.01    0.12    0.14    8.78 v _22502_/Y (sky130_fd_sc_hd__o221ai_2)
                                         _04896_ (net)
                  0.12    0.00    8.78 v _22504_/B1 (sky130_fd_sc_hd__a22oi_1)
     1    0.01    0.27    0.26    9.03 ^ _22504_/Y (sky130_fd_sc_hd__a22oi_1)
                                         _04898_ (net)
                  0.27    0.00    9.03 ^ place3415/A (sky130_fd_sc_hd__buf_6)
     1    0.03    0.07    0.18    9.21 ^ place3415/X (sky130_fd_sc_hd__buf_6)
                                         net3415 (net)
                  0.07    0.00    9.21 ^ _22522_/A2 (sky130_fd_sc_hd__o2111ai_2)
     1    0.01    0.20    0.16    9.37 v _22522_/Y (sky130_fd_sc_hd__o2111ai_2)
                                         _04916_ (net)
                  0.20    0.00    9.37 v place3403/A (sky130_fd_sc_hd__buf_12)
    31    0.12    0.07    0.24    9.61 v place3403/X (sky130_fd_sc_hd__buf_12)
                                         net3403 (net)
                  0.07    0.01    9.62 v _24417_/B2 (sky130_fd_sc_hd__a22o_1)
     1    0.00    0.04    0.20    9.81 v _24417_/X (sky130_fd_sc_hd__a22o_1)
                                         _01284_ (net)
                  0.04    0.00    9.81 v gen_regfile_ff.register_file_i.rf_reg[799]$_DFFE_PN0P_/D (sky130_fd_sc_hd__dfrtp_1)
                                  9.81   data arrival time

                  0.00   10.00   10.00   clock core_clock (rise edge)
                          0.00   10.00   clock network delay (ideal)
                          0.00   10.00   clock reconvergence pessimism
                                 10.00 ^ gen_regfile_ff.register_file_i.rf_reg[799]$_DFFE_PN0P_/CLK (sky130_fd_sc_hd__dfrtp_1)
                         -0.12    9.88   library setup time
                                  9.88   data required time
-----------------------------------------------------------------------------
                                  9.88   data required time
                                 -9.81   data arrival time
-----------------------------------------------------------------------------
                                  0.06   slack (MET)



==========================================================================
resizer report_checks -unconstrained
--------------------------------------------------------------------------
Startpoint: rst_ni (input port clocked by core_clock)
Endpoint: gen_regfile_ff.register_file_i.rf_reg[587]$_DFFE_PN0P_
          (recovery check against rising-edge clock core_clock)
Path Group: asynchronous
Path Type: max

Fanout     Cap    Slew   Delay    Time   Description
-----------------------------------------------------------------------------
                  0.00    0.00    0.00   clock core_clock (rise edge)
                          0.00    0.00   clock network delay (ideal)
                          2.00    2.00 ^ input external delay
     1    0.12    0.00    0.00    2.00 ^ rst_ni (in)
                                         rst_ni (net)
                  0.05    0.02    2.02 ^ input148/A (sky130_fd_sc_hd__buf_12)
    94    0.60    0.67    0.49    2.51 ^ input148/X (sky130_fd_sc_hd__buf_12)
                                         net148 (net)
                  0.71    0.13    2.64 ^ place3960/A (sky130_fd_sc_hd__buf_12)
    54    0.32    0.35    0.42    3.06 ^ place3960/X (sky130_fd_sc_hd__buf_12)
                                         net3960 (net)
                  0.35    0.01    3.07 ^ place3964/A (sky130_fd_sc_hd__buf_12)
    59    0.30    0.34    0.38    3.45 ^ place3964/X (sky130_fd_sc_hd__buf_12)
                                         net3964 (net)
                  0.34    0.00    3.45 ^ place3965/A (sky130_fd_sc_hd__buf_12)
    94    0.46    0.51    0.49    3.94 ^ place3965/X (sky130_fd_sc_hd__buf_12)
                                         net3965 (net)
                  0.51    0.02    3.96 ^ gen_regfile_ff.register_file_i.rf_reg[587]$_DFFE_PN0P_/RESET_B (sky130_fd_sc_hd__dfrtp_4)
                                  3.96   data arrival time

                  0.00   10.00   10.00   clock core_clock (rise edge)
                          0.00   10.00   clock network delay (ideal)
                          0.00   10.00   clock reconvergence pessimism
                                 10.00 ^ gen_regfile_ff.register_file_i.rf_reg[587]$_DFFE_PN0P_/CLK (sky130_fd_sc_hd__dfrtp_4)
                          0.05   10.05   library recovery time
                                 10.05   data required time
-----------------------------------------------------------------------------
                                 10.05   data required time
                                 -3.96   data arrival time
-----------------------------------------------------------------------------
                                  6.09   slack (MET)


Startpoint: core_clock_gate_i.en_latch$_DLATCH_N_
            (negative level-sensitive latch clocked by core_clock)
Endpoint: _25792_ (rising clock gating-check end-point clocked by core_clock)
Path Group: gated clock
Path Type: max

Fanout     Cap    Slew   Delay    Time   Description
-----------------------------------------------------------------------------
                  0.00    5.00    5.00   clock core_clock (fall edge)
                          0.00    5.00   clock network delay (ideal)
                  0.00    0.00    5.00 v core_clock_gate_i.en_latch$_DLATCH_N_/GATE_N (sky130_fd_sc_hd__dlxtn_1)
     1    0.00    0.03    0.36    5.36 ^ core_clock_gate_i.en_latch$_DLATCH_N_/Q (sky130_fd_sc_hd__dlxtn_1)
                                         core_clock_gate_i.en_latch (net)
                  0.03    0.00    5.36 ^ _25792_/B (sky130_fd_sc_hd__and2_1)
                                  5.36   data arrival time

                  0.00   10.00   10.00   clock core_clock (rise edge)
                          0.00   10.00   clock network delay (ideal)
                          0.00   10.00   clock reconvergence pessimism
                                 10.00 ^ _25792_/A (sky130_fd_sc_hd__and2_1)
                          0.00   10.00   clock gating setup time
                                 10.00   data required time
-----------------------------------------------------------------------------
                                 10.00   data required time
                                 -5.36   data arrival time
-----------------------------------------------------------------------------
                                  4.64   slack (MET)


Startpoint: if_stage_i.instr_rdata_id_o[22]$_DFFE_PN_
            (rising edge-triggered flip-flop clocked by core_clock)
Endpoint: gen_regfile_ff.register_file_i.rf_reg[799]$_DFFE_PN0P_
          (rising edge-triggered flip-flop clocked by core_clock)
Path Group: core_clock
Path Type: max

Fanout     Cap    Slew   Delay    Time   Description
-----------------------------------------------------------------------------
                  0.00    0.00    0.00   clock core_clock (rise edge)
                          0.00    0.00   clock network delay (ideal)
                  0.00    0.00    0.00 ^ if_stage_i.instr_rdata_id_o[22]$_DFFE_PN_/CLK (sky130_fd_sc_hd__edfxtp_1)
     6    0.07    0.63    0.73    0.73 ^ if_stage_i.instr_rdata_id_o[22]$_DFFE_PN_/Q (sky130_fd_sc_hd__edfxtp_1)
                                         gen_regfile_ff.register_file_i.raddr_b_i[2] (net)
                  0.63    0.01    0.73 ^ place3857/A (sky130_fd_sc_hd__buf_1)
     2    0.01    0.16    0.23    0.96 ^ place3857/X (sky130_fd_sc_hd__buf_1)
                                         net3857 (net)
                  0.16    0.00    0.96 ^ _13342_/B_N (sky130_fd_sc_hd__nor2b_4)
     8    0.08    0.51    0.50    1.46 ^ _13342_/Y (sky130_fd_sc_hd__nor2b_4)
                                         _07941_ (net)
                  0.51    0.00    1.46 ^ place3815/A (sky130_fd_sc_hd__buf_1)
     5    0.04    0.47    0.44    1.90 ^ place3815/X (sky130_fd_sc_hd__buf_1)
                                         net3815 (net)
                  0.47    0.00    1.90 ^ _14962_/A2 (sky130_fd_sc_hd__a22o_1)
     1    0.01    0.08    0.24    2.15 ^ _14962_/X (sky130_fd_sc_hd__a22o_1)
                                         _09549_ (net)
                  0.08    0.00    2.15 ^ _14966_/A2 (sky130_fd_sc_hd__a21oi_2)
     1    0.01    0.07    0.07    2.22 v _14966_/Y (sky130_fd_sc_hd__a21oi_2)
                                         _09553_ (net)
                  0.07    0.00    2.22 v _14977_/A3 (sky130_fd_sc_hd__o31ai_4)
     7    0.08    0.85    0.69    2.91 ^ _14977_/Y (sky130_fd_sc_hd__o31ai_4)
                                         _09564_ (net)
                  0.85    0.01    2.92 ^ _19264_/A1 (sky130_fd_sc_hd__mux2i_4)
     9    0.06    0.29    0.33    3.24 v _19264_/Y (sky130_fd_sc_hd__mux2i_4)
                                         _01683_ (net)
                  0.29    0.00    3.25 v _19265_/B (sky130_fd_sc_hd__nor2_1)
     2    0.01    0.18    0.24    3.48 ^ _19265_/Y (sky130_fd_sc_hd__nor2_1)
                                         _01684_ (net)
                  0.18    0.00    3.48 ^ _19278_/A (sky130_fd_sc_hd__xnor3_1)
     2    0.01    0.11    0.47    3.96 v _19278_/X (sky130_fd_sc_hd__xnor3_1)
                                         _01697_ (net)
                  0.11    0.00    3.96 v _19386_/B (sky130_fd_sc_hd__xnor3_1)
     5    0.02    0.14    0.44    4.40 v _19386_/X (sky130_fd_sc_hd__xnor3_1)
                                         _01805_ (net)
                  0.14    0.00    4.40 v _19482_/A (sky130_fd_sc_hd__xnor2_1)
     3    0.01    0.31    0.33    4.73 ^ _19482_/Y (sky130_fd_sc_hd__xnor2_1)
                                         _01901_ (net)
                  0.31    0.00    4.73 ^ _19484_/C (sky130_fd_sc_hd__or3_1)
     2    0.01    0.07    0.18    4.91 ^ _19484_/X (sky130_fd_sc_hd__or3_1)
                                         _01903_ (net)
                  0.07    0.00    4.91 ^ _19504_/A2 (sky130_fd_sc_hd__a21oi_1)
     1    0.00    0.07    0.07    4.97 v _19504_/Y (sky130_fd_sc_hd__a21oi_1)
                                         _01923_ (net)
                  0.07    0.00    4.97 v _19506_/A3 (sky130_fd_sc_hd__o31a_1)
     3    0.01    0.09    0.30    5.27 v _19506_/X (sky130_fd_sc_hd__o31a_1)
                                         _01925_ (net)
                  0.09    0.00    5.27 v _19578_/B (sky130_fd_sc_hd__maj3_4)
     2    0.02    0.08    0.36    5.63 v _19578_/X (sky130_fd_sc_hd__maj3_4)
                                         _01997_ (net)
                  0.08    0.00    5.63 v _19965_/A2 (sky130_fd_sc_hd__o32a_1)
     2    0.01    0.08    0.37    6.00 v _19965_/X (sky130_fd_sc_hd__o32a_1)
                                         _02382_ (net)
                  0.08    0.00    6.00 v _20112_/C (sky130_fd_sc_hd__maj3_1)
     2    0.01    0.10    0.40    6.40 v _20112_/X (sky130_fd_sc_hd__maj3_1)
                                         _02528_ (net)
                  0.10    0.00    6.40 v _20226_/A2 (sky130_fd_sc_hd__o21bai_2)
     2    0.01    0.15    0.17    6.58 ^ _20226_/Y (sky130_fd_sc_hd__o21bai_2)
                                         _02640_ (net)
                  0.15    0.00    6.58 ^ _20529_/A2 (sky130_fd_sc_hd__a31oi_1)
     2    0.01    0.13    0.15    6.73 v _20529_/Y (sky130_fd_sc_hd__a31oi_1)
                                         _02941_ (net)
                  0.13    0.00    6.73 v _20705_/A2 (sky130_fd_sc_hd__o31ai_1)
     1    0.00    0.21    0.26    6.99 ^ _20705_/Y (sky130_fd_sc_hd__o31ai_1)
                                         _03115_ (net)
                  0.21    0.00    6.99 ^ place3476/A (sky130_fd_sc_hd__buf_1)
     2    0.01    0.16    0.20    7.19 ^ place3476/X (sky130_fd_sc_hd__buf_1)
                                         net3476 (net)
                  0.16    0.00    7.19 ^ _21013_/A1 (sky130_fd_sc_hd__a21oi_1)
     1    0.01    0.08    0.11    7.30 v _21013_/Y (sky130_fd_sc_hd__a21oi_1)
                                         _03420_ (net)
                  0.08    0.00    7.30 v _21014_/A2 (sky130_fd_sc_hd__o21ai_1)
     2    0.01    0.20    0.20    7.50 ^ _21014_/Y (sky130_fd_sc_hd__o21ai_1)
                                         _03421_ (net)
                  0.20    0.00    7.50 ^ _21261_/C1 (sky130_fd_sc_hd__a221oi_2)
     2    0.01    0.10    0.08    7.58 v _21261_/Y (sky130_fd_sc_hd__a221oi_2)
                                         _03666_ (net)
                  0.10    0.00    7.58 v _21729_/A1 (sky130_fd_sc_hd__o31ai_1)
     2    0.01    0.34    0.36    7.94 ^ _21729_/Y (sky130_fd_sc_hd__o31ai_1)
                                         _04130_ (net)
                  0.34    0.00    7.94 ^ _21979_/A1 (sky130_fd_sc_hd__a21bo_1)
     2    0.01    0.06    0.18    8.11 ^ _21979_/X (sky130_fd_sc_hd__a21bo_1)
                                         _04378_ (net)
                  0.06    0.00    8.11 ^ _22200_/B (sky130_fd_sc_hd__nand2_1)
     2    0.01    0.05    0.07    8.18 v _22200_/Y (sky130_fd_sc_hd__nand2_1)
                                         _04596_ (net)
                  0.05    0.00    8.18 v _22203_/A1 (sky130_fd_sc_hd__a211oi_1)
     2    0.01    0.33    0.30    8.48 ^ _22203_/Y (sky130_fd_sc_hd__a211oi_1)
                                         _04599_ (net)
                  0.33    0.00    8.48 ^ place3430/A (sky130_fd_sc_hd__buf_1)
     1    0.01    0.08    0.15    8.63 ^ place3430/X (sky130_fd_sc_hd__buf_1)
                                         net3430 (net)
                  0.08    0.00    8.63 ^ _22502_/A1 (sky130_fd_sc_hd__o221ai_2)
     2    0.01    0.12    0.14    8.78 v _22502_/Y (sky130_fd_sc_hd__o221ai_2)
                                         _04896_ (net)
                  0.12    0.00    8.78 v _22504_/B1 (sky130_fd_sc_hd__a22oi_1)
     1    0.01    0.27    0.26    9.03 ^ _22504_/Y (sky130_fd_sc_hd__a22oi_1)
                                         _04898_ (net)
                  0.27    0.00    9.03 ^ place3415/A (sky130_fd_sc_hd__buf_6)
     1    0.03    0.07    0.18    9.21 ^ place3415/X (sky130_fd_sc_hd__buf_6)
                                         net3415 (net)
                  0.07    0.00    9.21 ^ _22522_/A2 (sky130_fd_sc_hd__o2111ai_2)
     1    0.01    0.20    0.16    9.37 v _22522_/Y (sky130_fd_sc_hd__o2111ai_2)
                                         _04916_ (net)
                  0.20    0.00    9.37 v place3403/A (sky130_fd_sc_hd__buf_12)
    31    0.12    0.07    0.24    9.61 v place3403/X (sky130_fd_sc_hd__buf_12)
                                         net3403 (net)
                  0.07    0.01    9.62 v _24417_/B2 (sky130_fd_sc_hd__a22o_1)
     1    0.00    0.04    0.20    9.81 v _24417_/X (sky130_fd_sc_hd__a22o_1)
                                         _01284_ (net)
                  0.04    0.00    9.81 v gen_regfile_ff.register_file_i.rf_reg[799]$_DFFE_PN0P_/D (sky130_fd_sc_hd__dfrtp_1)
                                  9.81   data arrival time

                  0.00   10.00   10.00   clock core_clock (rise edge)
                          0.00   10.00   clock network delay (ideal)
                          0.00   10.00   clock reconvergence pessimism
                                 10.00 ^ gen_regfile_ff.register_file_i.rf_reg[799]$_DFFE_PN0P_/CLK (sky130_fd_sc_hd__dfrtp_1)
                         -0.12    9.88   library setup time
                                  9.88   data required time
-----------------------------------------------------------------------------
                                  9.88   data required time
                                 -9.81   data arrival time
-----------------------------------------------------------------------------
                                  0.06   slack (MET)



==========================================================================
resizer report_check_types -max_slew -max_cap -max_fanout -violators
--------------------------------------------------------------------------

==========================================================================
resizer max_slew_check_slack
--------------------------------------------------------------------------
0.5333406329154968

==========================================================================
resizer max_slew_check_limit
--------------------------------------------------------------------------
1.4951449632644653

==========================================================================
resizer max_slew_check_slack_limit
--------------------------------------------------------------------------
0.3567

==========================================================================
resizer max_fanout_check_slack
--------------------------------------------------------------------------
1.0000000150474662e+30

==========================================================================
resizer max_fanout_check_limit
--------------------------------------------------------------------------
1.0000000150474662e+30

==========================================================================
resizer max_capacitance_check_slack
--------------------------------------------------------------------------
0.01457543671131134

==========================================================================
resizer max_capacitance_check_limit
--------------------------------------------------------------------------
0.021067000925540924

==========================================================================
resizer max_capacitance_check_slack_limit
--------------------------------------------------------------------------
0.6919

==========================================================================
resizer max_slew_violation_count
--------------------------------------------------------------------------
max slew violation count 0

==========================================================================
resizer max_fanout_violation_count
--------------------------------------------------------------------------
max fanout violation count 0

==========================================================================
resizer max_cap_violation_count
--------------------------------------------------------------------------
max cap violation count 0

==========================================================================
resizer setup_violation_count
--------------------------------------------------------------------------
setup violation count 0

==========================================================================
resizer hold_violation_count
--------------------------------------------------------------------------
hold violation count 0

==========================================================================
resizer report_checks -path_delay max reg to reg
--------------------------------------------------------------------------
Startpoint: if_stage_i.instr_rdata_id_o[22]$_DFFE_PN_
            (rising edge-triggered flip-flop clocked by core_clock)
Endpoint: gen_regfile_ff.register_file_i.rf_reg[799]$_DFFE_PN0P_
          (rising edge-triggered flip-flop clocked by core_clock)
Path Group: core_clock
Path Type: max

  Delay    Time   Description
---------------------------------------------------------
   0.00    0.00   clock core_clock (rise edge)
   0.00    0.00   clock network delay (ideal)
   0.00    0.00 ^ if_stage_i.instr_rdata_id_o[22]$_DFFE_PN_/CLK (sky130_fd_sc_hd__edfxtp_1)
   0.73    0.73 ^ if_stage_i.instr_rdata_id_o[22]$_DFFE_PN_/Q (sky130_fd_sc_hd__edfxtp_1)
   0.24    0.96 ^ place3857/X (sky130_fd_sc_hd__buf_1)
   0.50    1.46 ^ _13342_/Y (sky130_fd_sc_hd__nor2b_4)
   0.44    1.90 ^ place3815/X (sky130_fd_sc_hd__buf_1)
   0.25    2.15 ^ _14962_/X (sky130_fd_sc_hd__a22o_1)
   0.07    2.22 v _14966_/Y (sky130_fd_sc_hd__a21oi_2)
   0.69    2.91 ^ _14977_/Y (sky130_fd_sc_hd__o31ai_4)
   0.34    3.24 v _19264_/Y (sky130_fd_sc_hd__mux2i_4)
   0.24    3.48 ^ _19265_/Y (sky130_fd_sc_hd__nor2_1)
   0.47    3.96 v _19278_/X (sky130_fd_sc_hd__xnor3_1)
   0.44    4.40 v _19386_/X (sky130_fd_sc_hd__xnor3_1)
   0.33    4.73 ^ _19482_/Y (sky130_fd_sc_hd__xnor2_1)
   0.18    4.91 ^ _19484_/X (sky130_fd_sc_hd__or3_1)
   0.07    4.97 v _19504_/Y (sky130_fd_sc_hd__a21oi_1)
   0.30    5.27 v _19506_/X (sky130_fd_sc_hd__o31a_1)
   0.36    5.63 v _19578_/X (sky130_fd_sc_hd__maj3_4)
   0.37    6.00 v _19965_/X (sky130_fd_sc_hd__o32a_1)
   0.40    6.40 v _20112_/X (sky130_fd_sc_hd__maj3_1)
   0.17    6.58 ^ _20226_/Y (sky130_fd_sc_hd__o21bai_2)
   0.15    6.73 v _20529_/Y (sky130_fd_sc_hd__a31oi_1)
   0.26    6.99 ^ _20705_/Y (sky130_fd_sc_hd__o31ai_1)
   0.20    7.19 ^ place3476/X (sky130_fd_sc_hd__buf_1)
   0.11    7.30 v _21013_/Y (sky130_fd_sc_hd__a21oi_1)
   0.20    7.50 ^ _21014_/Y (sky130_fd_sc_hd__o21ai_1)
   0.08    7.58 v _21261_/Y (sky130_fd_sc_hd__a221oi_2)
   0.36    7.94 ^ _21729_/Y (sky130_fd_sc_hd__o31ai_1)
   0.18    8.11 ^ _21979_/X (sky130_fd_sc_hd__a21bo_1)
   0.07    8.18 v _22200_/Y (sky130_fd_sc_hd__nand2_1)
   0.30    8.48 ^ _22203_/Y (sky130_fd_sc_hd__a211oi_1)
   0.15    8.63 ^ place3430/X (sky130_fd_sc_hd__buf_1)
   0.14    8.78 v _22502_/Y (sky130_fd_sc_hd__o221ai_2)
   0.26    9.03 ^ _22504_/Y (sky130_fd_sc_hd__a22oi_1)
   0.18    9.21 ^ place3415/X (sky130_fd_sc_hd__buf_6)
   0.16    9.37 v _22522_/Y (sky130_fd_sc_hd__o2111ai_2)
   0.24    9.61 v place3403/X (sky130_fd_sc_hd__buf_12)
   0.20    9.81 v _24417_/X (sky130_fd_sc_hd__a22o_1)
   0.00    9.81 v gen_regfile_ff.register_file_i.rf_reg[799]$_DFFE_PN0P_/D (sky130_fd_sc_hd__dfrtp_1)
           9.81   data arrival time

  10.00   10.00   clock core_clock (rise edge)
   0.00   10.00   clock network delay (ideal)
   0.00   10.00   clock reconvergence pessimism
          10.00 ^ gen_regfile_ff.register_file_i.rf_reg[799]$_DFFE_PN0P_/CLK (sky130_fd_sc_hd__dfrtp_1)
  -0.12    9.88   library setup time
           9.88   data required time
---------------------------------------------------------
           9.88   data required time
          -9.81   data arrival time
---------------------------------------------------------
           0.06   slack (MET)



==========================================================================
resizer report_checks -path_delay min reg to reg
--------------------------------------------------------------------------
Startpoint: cs_registers_i.u_mstack_csr.rd_data_o[2]$_DFFE_PN1P_
            (rising edge-triggered flip-flop clocked by core_clock)
Endpoint: cs_registers_i.u_mstack_csr.rd_data_o[2]$_DFFE_PN1P_
          (rising edge-triggered flip-flop clocked by core_clock)
Path Group: core_clock
Path Type: min

  Delay    Time   Description
---------------------------------------------------------
   0.00    0.00   clock core_clock (rise edge)
   0.00    0.00   clock network delay (ideal)
   0.00    0.00 ^ cs_registers_i.u_mstack_csr.rd_data_o[2]$_DFFE_PN1P_/CLK (sky130_fd_sc_hd__dfstp_1)
   0.34    0.34 v cs_registers_i.u_mstack_csr.rd_data_o[2]$_DFFE_PN1P_/Q (sky130_fd_sc_hd__dfstp_1)
   0.05    0.39 ^ _18494_/Y (sky130_fd_sc_hd__nand2_1)
   0.05    0.44 v _18495_/Y (sky130_fd_sc_hd__nand2_1)
   0.00    0.44 v cs_registers_i.u_mstack_csr.rd_data_o[2]$_DFFE_PN1P_/D (sky130_fd_sc_hd__dfstp_1)
           0.44   data arrival time

   0.00    0.00   clock core_clock (rise edge)
   0.00    0.00   clock network delay (ideal)
   0.00    0.00   clock reconvergence pessimism
           0.00 ^ cs_registers_i.u_mstack_csr.rd_data_o[2]$_DFFE_PN1P_/CLK (sky130_fd_sc_hd__dfstp_1)
  -0.02   -0.02   library hold time
          -0.02   data required time
---------------------------------------------------------
          -0.02   data required time
          -0.44   data arrival time
---------------------------------------------------------
           0.46   slack (MET)



==========================================================================
resizer critical path target clock latency max path
--------------------------------------------------------------------------
0.0000

==========================================================================
resizer critical path target clock latency min path
--------------------------------------------------------------------------
0.0000

==========================================================================
resizer critical path source clock latency min path
--------------------------------------------------------------------------
0.0000

==========================================================================
resizer critical path delay
--------------------------------------------------------------------------
9.8132

==========================================================================
resizer critical path slack
--------------------------------------------------------------------------
0.0639

==========================================================================
resizer slack div critical path delay
--------------------------------------------------------------------------
0.651164

==========================================================================
resizer report_power
--------------------------------------------------------------------------
Group                  Internal  Switching    Leakage      Total
                          Power      Power      Power      Power (Watts)
----------------------------------------------------------------
Sequential             9.16e-03   2.52e-03   2.31e-08   1.17e-02  12.7%
Combinational          2.94e-02   5.05e-02   3.77e-08   7.99e-02  87.0%
Clock                 -2.23e-06   2.44e-04   2.32e-12   2.41e-04   0.3%
Macro                  0.00e+00   0.00e+00   0.00e+00   0.00e+00   0.0%
Pad                    0.00e+00   0.00e+00   0.00e+00   0.00e+00   0.0%
----------------------------------------------------------------
Total                  3.86e-02   5.32e-02   6.08e-08   9.18e-02 100.0%
                          42.0%      58.0%       0.0%
