
==========================================================================
detailed place report_tns
--------------------------------------------------------------------------
tns 0.00

==========================================================================
detailed place report_wns
--------------------------------------------------------------------------
wns 0.00

==========================================================================
detailed place report_worst_slack
--------------------------------------------------------------------------
worst slack 3.64

==========================================================================
detailed place report_checks -path_delay min
--------------------------------------------------------------------------
Startpoint: rst_n (input port clocked by core_clock)
Endpoint: lfsr_reg[1]$_DFFE_PN1P_
          (removal check against rising-edge clock core_clock)
Path Group: asynchronous
Path Type: min

Fanout     Cap    Slew   Delay    Time   Description
-----------------------------------------------------------------------------
                  0.00    0.00    0.00   clock core_clock (rise edge)
                          0.00    0.00   clock network delay (ideal)
                          0.20    0.20 ^ input external delay
     1    0.00    0.00    0.00    0.20 ^ rst_n (in)
                                         rst_n (net)
                  0.00    0.00    0.20 ^ input2/A (sky130_fd_sc_hd__buf_2)
     8    0.04    0.19    0.19    0.39 ^ input2/X (sky130_fd_sc_hd__buf_2)
                                         net2 (net)
                  0.19    0.00    0.39 ^ lfsr_reg[1]$_DFFE_PN1P_/SET_B (sky130_fd_sc_hd__dfstp_1)
                                  0.39   data arrival time

                  0.00    0.00    0.00   clock core_clock (rise edge)
                          0.00    0.00   clock network delay (ideal)
                          0.00    0.00   clock reconvergence pessimism
                                  0.00 ^ lfsr_reg[1]$_DFFE_PN1P_/CLK (sky130_fd_sc_hd__dfstp_1)
                          0.13    0.13   library removal time
                                  0.13   data required time
-----------------------------------------------------------------------------
                                  0.13   data required time
                                 -0.39   data arrival time
-----------------------------------------------------------------------------
                                  0.26   slack (MET)


Startpoint: enable (input port clocked by core_clock)
Endpoint: lfsr_reg[0]$_DFFE_PN1P_
          (rising edge-triggered flip-flop clocked by core_clock)
Path Group: core_clock
Path Type: min

Fanout     Cap    Slew   Delay    Time   Description
-----------------------------------------------------------------------------
                  0.00    0.00    0.00   clock core_clock (rise edge)
                          0.00    0.00   clock network delay (ideal)
                          0.20    0.20 ^ input external delay
     1    0.00    0.00    0.00    0.20 ^ enable (in)
                                         enable (net)
                  0.00    0.00    0.20 ^ _10_/A (sky130_fd_sc_hd__buf_2)
     8    0.04    0.21    0.21    0.41 ^ _10_/X (sky130_fd_sc_hd__buf_2)
                                         _08_ (net)
                  0.21    0.00    0.41 ^ _11_/S (sky130_fd_sc_hd__mux2_1)
     1    0.00    0.05    0.17    0.57 ^ _11_/X (sky130_fd_sc_hd__mux2_1)
                                         _00_ (net)
                  0.05    0.00    0.57 ^ lfsr_reg[0]$_DFFE_PN1P_/D (sky130_fd_sc_hd__dfstp_1)
                                  0.57   data arrival time

                  0.00    0.00    0.00   clock core_clock (rise edge)
                          0.00    0.00   clock network delay (ideal)
                          0.00    0.00   clock reconvergence pessimism
                                  0.00 ^ lfsr_reg[0]$_DFFE_PN1P_/CLK (sky130_fd_sc_hd__dfstp_1)
                         -0.04   -0.04   library hold time
                                 -0.04   data required time
-----------------------------------------------------------------------------
                                 -0.04   data required time
                                 -0.57   data arrival time
-----------------------------------------------------------------------------
                                  0.61   slack (MET)



==========================================================================
detailed place report_checks -path_delay max
--------------------------------------------------------------------------
Startpoint: rst_n (input port clocked by core_clock)
Endpoint: lfsr_reg[6]$_DFFE_PN1P_
          (recovery check against rising-edge clock core_clock)
Path Group: asynchronous
Path Type: max

Fanout     Cap    Slew   Delay    Time   Description
-----------------------------------------------------------------------------
                  0.00    0.00    0.00   clock core_clock (rise edge)
                          0.00    0.00   clock network delay (ideal)
                          0.20    0.20 ^ input external delay
     1    0.00    0.00    0.00    0.20 ^ rst_n (in)
                                         rst_n (net)
                  0.00    0.00    0.20 ^ input2/A (sky130_fd_sc_hd__buf_2)
     8    0.04    0.19    0.19    0.39 ^ input2/X (sky130_fd_sc_hd__buf_2)
                                         net2 (net)
                  0.19    0.00    0.40 ^ lfsr_reg[6]$_DFFE_PN1P_/SET_B (sky130_fd_sc_hd__dfstp_1)
                                  0.40   data arrival time

                  0.00    5.00    5.00   clock core_clock (rise edge)
                          0.00    5.00   clock network delay (ideal)
                          0.00    5.00   clock reconvergence pessimism
                                  5.00 ^ lfsr_reg[6]$_DFFE_PN1P_/CLK (sky130_fd_sc_hd__dfstp_1)
                          0.11    5.11   library recovery time
                                  5.11   data required time
-----------------------------------------------------------------------------
                                  5.11   data required time
                                 -0.40   data arrival time
-----------------------------------------------------------------------------
                                  4.72   slack (MET)


Startpoint: lfsr_reg[5]$_DFFE_PN1P_
            (rising edge-triggered flip-flop clocked by core_clock)
Endpoint: lfsr_reg[7]$_DFFE_PN1P_
          (rising edge-triggered flip-flop clocked by core_clock)
Path Group: core_clock
Path Type: max

Fanout     Cap    Slew   Delay    Time   Description
-----------------------------------------------------------------------------
                  0.00    0.00    0.00   clock core_clock (rise edge)
                          0.00    0.00   clock network delay (ideal)
                  0.00    0.00    0.00 ^ lfsr_reg[5]$_DFFE_PN1P_/CLK (sky130_fd_sc_hd__dfstp_1)
     4    0.01    0.13    0.54    0.54 ^ lfsr_reg[5]$_DFFE_PN1P_/Q (sky130_fd_sc_hd__dfstp_1)
                                         net9 (net)
                  0.13    0.00    0.54 ^ _18_/A (sky130_fd_sc_hd__xor3_1)
     1    0.00    0.08    0.43    0.97 v _18_/X (sky130_fd_sc_hd__xor3_1)
                                         _09_ (net)
                  0.08    0.00    0.97 v _19_/A1 (sky130_fd_sc_hd__mux2_1)
     1    0.00    0.06    0.30    1.27 v _19_/X (sky130_fd_sc_hd__mux2_1)
                                         _07_ (net)
                  0.06    0.00    1.27 v lfsr_reg[7]$_DFFE_PN1P_/D (sky130_fd_sc_hd__dfstp_1)
                                  1.27   data arrival time

                  0.00    5.00    5.00   clock core_clock (rise edge)
                          0.00    5.00   clock network delay (ideal)
                          0.00    5.00   clock reconvergence pessimism
                                  5.00 ^ lfsr_reg[7]$_DFFE_PN1P_/CLK (sky130_fd_sc_hd__dfstp_1)
                         -0.08    4.92   library setup time
                                  4.92   data required time
-----------------------------------------------------------------------------
                                  4.92   data required time
                                 -1.27   data arrival time
-----------------------------------------------------------------------------
                                  3.64   slack (MET)



==========================================================================
detailed place report_checks -unconstrained
--------------------------------------------------------------------------
Startpoint: rst_n (input port clocked by core_clock)
Endpoint: lfsr_reg[6]$_DFFE_PN1P_
          (recovery check against rising-edge clock core_clock)
Path Group: asynchronous
Path Type: max

Fanout     Cap    Slew   Delay    Time   Description
-----------------------------------------------------------------------------
                  0.00    0.00    0.00   clock core_clock (rise edge)
                          0.00    0.00   clock network delay (ideal)
                          0.20    0.20 ^ input external delay
     1    0.00    0.00    0.00    0.20 ^ rst_n (in)
                                         rst_n (net)
                  0.00    0.00    0.20 ^ input2/A (sky130_fd_sc_hd__buf_2)
     8    0.04    0.19    0.19    0.39 ^ input2/X (sky130_fd_sc_hd__buf_2)
                                         net2 (net)
                  0.19    0.00    0.40 ^ lfsr_reg[6]$_DFFE_PN1P_/SET_B (sky130_fd_sc_hd__dfstp_1)
                                  0.40   data arrival time

                  0.00    5.00    5.00   clock core_clock (rise edge)
                          0.00    5.00   clock network delay (ideal)
                          0.00    5.00   clock reconvergence pessimism
                                  5.00 ^ lfsr_reg[6]$_DFFE_PN1P_/CLK (sky130_fd_sc_hd__dfstp_1)
                          0.11    5.11   library recovery time
                                  5.11   data required time
-----------------------------------------------------------------------------
                                  5.11   data required time
                                 -0.40   data arrival time
-----------------------------------------------------------------------------
                                  4.72   slack (MET)


Startpoint: lfsr_reg[5]$_DFFE_PN1P_
            (rising edge-triggered flip-flop clocked by core_clock)
Endpoint: lfsr_reg[7]$_DFFE_PN1P_
          (rising edge-triggered flip-flop clocked by core_clock)
Path Group: core_clock
Path Type: max

Fanout     Cap    Slew   Delay    Time   Description
-----------------------------------------------------------------------------
                  0.00    0.00    0.00   clock core_clock (rise edge)
                          0.00    0.00   clock network delay (ideal)
                  0.00    0.00    0.00 ^ lfsr_reg[5]$_DFFE_PN1P_/CLK (sky130_fd_sc_hd__dfstp_1)
     4    0.01    0.13    0.54    0.54 ^ lfsr_reg[5]$_DFFE_PN1P_/Q (sky130_fd_sc_hd__dfstp_1)
                                         net9 (net)
                  0.13    0.00    0.54 ^ _18_/A (sky130_fd_sc_hd__xor3_1)
     1    0.00    0.08    0.43    0.97 v _18_/X (sky130_fd_sc_hd__xor3_1)
                                         _09_ (net)
                  0.08    0.00    0.97 v _19_/A1 (sky130_fd_sc_hd__mux2_1)
     1    0.00    0.06    0.30    1.27 v _19_/X (sky130_fd_sc_hd__mux2_1)
                                         _07_ (net)
                  0.06    0.00    1.27 v lfsr_reg[7]$_DFFE_PN1P_/D (sky130_fd_sc_hd__dfstp_1)
                                  1.27   data arrival time

                  0.00    5.00    5.00   clock core_clock (rise edge)
                          0.00    5.00   clock network delay (ideal)
                          0.00    5.00   clock reconvergence pessimism
                                  5.00 ^ lfsr_reg[7]$_DFFE_PN1P_/CLK (sky130_fd_sc_hd__dfstp_1)
                         -0.08    4.92   library setup time
                                  4.92   data required time
-----------------------------------------------------------------------------
                                  4.92   data required time
                                 -1.27   data arrival time
-----------------------------------------------------------------------------
                                  3.64   slack (MET)



==========================================================================
detailed place report_check_types -max_slew -max_cap -max_fanout -violators
--------------------------------------------------------------------------

==========================================================================
detailed place max_slew_check_slack
--------------------------------------------------------------------------
1.294798493385315

==========================================================================
detailed place max_slew_check_limit
--------------------------------------------------------------------------
1.5

==========================================================================
detailed place max_slew_check_slack_limit
--------------------------------------------------------------------------
0.8632

==========================================================================
detailed place max_fanout_check_slack
--------------------------------------------------------------------------
1.0000000150474662e+30

==========================================================================
detailed place max_fanout_check_limit
--------------------------------------------------------------------------
1.0000000150474662e+30

==========================================================================
detailed place max_capacitance_check_slack
--------------------------------------------------------------------------
0.07457837462425232

==========================================================================
detailed place max_capacitance_check_limit
--------------------------------------------------------------------------
0.0769139975309372

==========================================================================
detailed place max_capacitance_check_slack_limit
--------------------------------------------------------------------------
0.9696

==========================================================================
detailed place max_slew_violation_count
--------------------------------------------------------------------------
max slew violation count 0

==========================================================================
detailed place max_fanout_violation_count
--------------------------------------------------------------------------
max fanout violation count 0

==========================================================================
detailed place max_cap_violation_count
--------------------------------------------------------------------------
max cap violation count 0

==========================================================================
detailed place setup_violation_count
--------------------------------------------------------------------------
setup violation count 0

==========================================================================
detailed place hold_violation_count
--------------------------------------------------------------------------
hold violation count 0

==========================================================================
detailed place report_checks -path_delay max reg to reg
--------------------------------------------------------------------------
Startpoint: lfsr_reg[5]$_DFFE_PN1P_
            (rising edge-triggered flip-flop clocked by core_clock)
Endpoint: lfsr_reg[7]$_DFFE_PN1P_
          (rising edge-triggered flip-flop clocked by core_clock)
Path Group: core_clock
Path Type: max

  Delay    Time   Description
---------------------------------------------------------
   0.00    0.00   clock core_clock (rise edge)
   0.00    0.00   clock network delay (ideal)
   0.00    0.00 ^ lfsr_reg[5]$_DFFE_PN1P_/CLK (sky130_fd_sc_hd__dfstp_1)
   0.54    0.54 ^ lfsr_reg[5]$_DFFE_PN1P_/Q (sky130_fd_sc_hd__dfstp_1)
   0.43    0.97 v _18_/X (sky130_fd_sc_hd__xor3_1)
   0.30    1.27 v _19_/X (sky130_fd_sc_hd__mux2_1)
   0.00    1.27 v lfsr_reg[7]$_DFFE_PN1P_/D (sky130_fd_sc_hd__dfstp_1)
           1.27   data arrival time

   5.00    5.00   clock core_clock (rise edge)
   0.00    5.00   clock network delay (ideal)
   0.00    5.00   clock reconvergence pessimism
           5.00 ^ lfsr_reg[7]$_DFFE_PN1P_/CLK (sky130_fd_sc_hd__dfstp_1)
  -0.08    4.92   library setup time
           4.92   data required time
---------------------------------------------------------
           4.92   data required time
          -1.27   data arrival time
---------------------------------------------------------
           3.64   slack (MET)



==========================================================================
detailed place report_checks -path_delay min reg to reg
--------------------------------------------------------------------------
Startpoint: lfsr_reg[2]$_DFFE_PN1P_
            (rising edge-triggered flip-flop clocked by core_clock)
Endpoint: lfsr_reg[2]$_DFFE_PN1P_
          (rising edge-triggered flip-flop clocked by core_clock)
Path Group: core_clock
Path Type: min

  Delay    Time   Description
---------------------------------------------------------
   0.00    0.00   clock core_clock (rise edge)
   0.00    0.00   clock network delay (ideal)
   0.00    0.00 ^ lfsr_reg[2]$_DFFE_PN1P_/CLK (sky130_fd_sc_hd__dfstp_1)
   0.35    0.35 v lfsr_reg[2]$_DFFE_PN1P_/Q (sky130_fd_sc_hd__dfstp_1)
   0.28    0.63 v _13_/X (sky130_fd_sc_hd__mux2_1)
   0.00    0.63 v lfsr_reg[2]$_DFFE_PN1P_/D (sky130_fd_sc_hd__dfstp_1)
           0.63   data arrival time

   0.00    0.00   clock core_clock (rise edge)
   0.00    0.00   clock network delay (ideal)
   0.00    0.00   clock reconvergence pessimism
           0.00 ^ lfsr_reg[2]$_DFFE_PN1P_/CLK (sky130_fd_sc_hd__dfstp_1)
  -0.03   -0.03   library hold time
          -0.03   data required time
---------------------------------------------------------
          -0.03   data required time
          -0.63   data arrival time
---------------------------------------------------------
           0.66   slack (MET)



==========================================================================
detailed place critical path target clock latency max path
--------------------------------------------------------------------------
0.0000

==========================================================================
detailed place critical path target clock latency min path
--------------------------------------------------------------------------
0.0000

==========================================================================
detailed place critical path source clock latency min path
--------------------------------------------------------------------------
0.0000

==========================================================================
detailed place critical path delay
--------------------------------------------------------------------------
1.2726

==========================================================================
detailed place critical path slack
--------------------------------------------------------------------------
3.6438

==========================================================================
detailed place slack div critical path delay
--------------------------------------------------------------------------
286.327204

==========================================================================
detailed place report_power
--------------------------------------------------------------------------
Group                  Internal  Switching    Leakage      Total
                          Power      Power      Power      Power (Watts)
----------------------------------------------------------------
Sequential             6.56e-05   0.00e+00   8.48e-11   6.56e-05  93.4%
Combinational          1.74e-06   2.91e-06   9.20e-11   4.64e-06   6.6%
Clock                  0.00e+00   0.00e+00   0.00e+00   0.00e+00   0.0%
Macro                  0.00e+00   0.00e+00   0.00e+00   0.00e+00   0.0%
Pad                    0.00e+00   0.00e+00   0.00e+00   0.00e+00   0.0%
----------------------------------------------------------------
Total                  6.73e-05   2.91e-06   1.77e-10   7.02e-05 100.0%
                          95.9%       4.1%       0.0%
