
==========================================================================
floorplan final report_tns
--------------------------------------------------------------------------
tns 0.00

==========================================================================
floorplan final report_wns
--------------------------------------------------------------------------
wns 0.00

==========================================================================
floorplan final report_worst_slack
--------------------------------------------------------------------------
worst slack 0.92

==========================================================================
floorplan final report_checks -path_delay min
--------------------------------------------------------------------------
Startpoint: a[0] (input port clocked by core_clock)
Endpoint: product[0] (output port clocked by core_clock)
Path Group: core_clock
Path Type: min

Fanout     Cap    Slew   Delay    Time   Description
-----------------------------------------------------------------------------
                  0.00    0.00    0.00   clock core_clock (rise edge)
                          0.00    0.00   clock network delay (ideal)
                          0.20    0.20 ^ input external delay
     9    0.02    0.00    0.00    0.20 ^ a[0] (in)
                                         a[0] (net)
                  0.00    0.00    0.20 ^ _683_/B (sky130_fd_sc_hd__and2_1)
     1    0.00    0.02    0.08    0.28 ^ _683_/X (sky130_fd_sc_hd__and2_1)
                                         product[0] (net)
                  0.02    0.00    0.28 ^ product[0] (out)
                                  0.28   data arrival time

                  0.00    0.00    0.00   clock core_clock (rise edge)
                          0.00    0.00   clock network delay (ideal)
                          0.00    0.00   clock reconvergence pessimism
                         -0.20   -0.20   output external delay
                                 -0.20   data required time
-----------------------------------------------------------------------------
                                 -0.20   data required time
                                 -0.28   data arrival time
-----------------------------------------------------------------------------
                                  0.48   slack (MET)



==========================================================================
floorplan final report_checks -path_delay max
--------------------------------------------------------------------------
Startpoint: b[0] (input port clocked by core_clock)
Endpoint: product[15] (output port clocked by core_clock)
Path Group: core_clock
Path Type: max

Fanout     Cap    Slew   Delay    Time   Description
-----------------------------------------------------------------------------
                  0.00    0.00    0.00   clock core_clock (rise edge)
                          0.00    0.00   clock network delay (ideal)
                          0.20    0.20 v input external delay
     2    0.00    0.00    0.00    0.20 v b[0] (in)
                                         b[0] (net)
                  0.00    0.00    0.20 v _510_/A (sky130_fd_sc_hd__clkbuf_1)
    10    0.02    0.14    0.16    0.36 v _510_/X (sky130_fd_sc_hd__clkbuf_1)
                                         _000_ (net)
                  0.14    0.00    0.36 v _633_/A (sky130_fd_sc_hd__xor2_1)
     1    0.00    0.07    0.18    0.54 v _633_/X (sky130_fd_sc_hd__xor2_1)
                                         _009_ (net)
                  0.07    0.00    0.54 v _634_/B (sky130_fd_sc_hd__and2_1)
     2    0.01    0.05    0.18    0.71 v _634_/X (sky130_fd_sc_hd__and2_1)
                                         _430_ (net)
                  0.05    0.00    0.71 v _891_/A (sky130_fd_sc_hd__ha_1)
     3    0.01    0.11    0.35    1.07 v _891_/SUM (sky130_fd_sc_hd__ha_1)
                                         _259_ (net)
                  0.11    0.00    1.07 v _839_/A (sky130_fd_sc_hd__fa_1)
     1    0.00    0.05    0.54    1.61 ^ _839_/SUM (sky130_fd_sc_hd__fa_1)
                                         _262_ (net)
                  0.05    0.00    1.61 ^ _605_/A (sky130_fd_sc_hd__inv_1)
     1    0.01    0.04    0.05    1.66 v _605_/Y (sky130_fd_sc_hd__inv_1)
                                         _268_ (net)
                  0.04    0.00    1.66 v _841_/A (sky130_fd_sc_hd__fa_1)
     1    0.01    0.09    0.49    2.14 v _841_/SUM (sky130_fd_sc_hd__fa_1)
                                         _272_ (net)
                  0.09    0.00    2.14 v _842_/B (sky130_fd_sc_hd__fa_1)
     1    0.00    0.05    0.51    2.65 ^ _842_/SUM (sky130_fd_sc_hd__fa_1)
                                         _274_ (net)
                  0.05    0.00    2.65 ^ _665_/A (sky130_fd_sc_hd__inv_1)
     1    0.00    0.02    0.04    2.69 v _665_/Y (sky130_fd_sc_hd__inv_1)
                                         _459_ (net)
                  0.02    0.00    2.69 v _898_/B (sky130_fd_sc_hd__ha_1)
     6    0.02    0.12    0.34    3.03 v _898_/SUM (sky130_fd_sc_hd__ha_1)
                                         _461_ (net)
                  0.12    0.00    3.03 v _712_/A1 (sky130_fd_sc_hd__a21oi_1)
     2    0.01    0.19    0.21    3.24 ^ _712_/Y (sky130_fd_sc_hd__a21oi_1)
                                         _037_ (net)
                  0.19    0.00    3.24 ^ _714_/A3 (sky130_fd_sc_hd__a31oi_2)
     3    0.01    0.09    0.13    3.37 v _714_/Y (sky130_fd_sc_hd__a31oi_2)
                                         _039_ (net)
                  0.09    0.00    3.37 v _770_/A3 (sky130_fd_sc_hd__o41ai_2)
     1    0.00    0.26    0.31    3.67 ^ _770_/Y (sky130_fd_sc_hd__o41ai_2)
                                         _091_ (net)
                  0.26    0.00    3.67 ^ _776_/A (sky130_fd_sc_hd__xnor2_1)
     1    0.00    0.11    0.15    3.82 ^ _776_/Y (sky130_fd_sc_hd__xnor2_1)
                                         _097_ (net)
                  0.11    0.00    3.82 ^ _777_/A1 (sky130_fd_sc_hd__mux2i_1)
     1    0.00    0.05    0.06    3.88 v _777_/Y (sky130_fd_sc_hd__mux2i_1)
                                         product[15] (net)
                  0.05    0.00    3.88 v product[15] (out)
                                  3.88   data arrival time

                  0.00    5.00    5.00   clock core_clock (rise edge)
                          0.00    5.00   clock network delay (ideal)
                          0.00    5.00   clock reconvergence pessimism
                         -0.20    4.80   output external delay
                                  4.80   data required time
-----------------------------------------------------------------------------
                                  4.80   data required time
                                 -3.88   data arrival time
-----------------------------------------------------------------------------
                                  0.92   slack (MET)



==========================================================================
floorplan final report_checks -unconstrained
--------------------------------------------------------------------------
Startpoint: b[0] (input port clocked by core_clock)
Endpoint: product[15] (output port clocked by core_clock)
Path Group: core_clock
Path Type: max

Fanout     Cap    Slew   Delay    Time   Description
-----------------------------------------------------------------------------
                  0.00    0.00    0.00   clock core_clock (rise edge)
                          0.00    0.00   clock network delay (ideal)
                          0.20    0.20 v input external delay
     2    0.00    0.00    0.00    0.20 v b[0] (in)
                                         b[0] (net)
                  0.00    0.00    0.20 v _510_/A (sky130_fd_sc_hd__clkbuf_1)
    10    0.02    0.14    0.16    0.36 v _510_/X (sky130_fd_sc_hd__clkbuf_1)
                                         _000_ (net)
                  0.14    0.00    0.36 v _633_/A (sky130_fd_sc_hd__xor2_1)
     1    0.00    0.07    0.18    0.54 v _633_/X (sky130_fd_sc_hd__xor2_1)
                                         _009_ (net)
                  0.07    0.00    0.54 v _634_/B (sky130_fd_sc_hd__and2_1)
     2    0.01    0.05    0.18    0.71 v _634_/X (sky130_fd_sc_hd__and2_1)
                                         _430_ (net)
                  0.05    0.00    0.71 v _891_/A (sky130_fd_sc_hd__ha_1)
     3    0.01    0.11    0.35    1.07 v _891_/SUM (sky130_fd_sc_hd__ha_1)
                                         _259_ (net)
                  0.11    0.00    1.07 v _839_/A (sky130_fd_sc_hd__fa_1)
     1    0.00    0.05    0.54    1.61 ^ _839_/SUM (sky130_fd_sc_hd__fa_1)
                                         _262_ (net)
                  0.05    0.00    1.61 ^ _605_/A (sky130_fd_sc_hd__inv_1)
     1    0.01    0.04    0.05    1.66 v _605_/Y (sky130_fd_sc_hd__inv_1)
                                         _268_ (net)
                  0.04    0.00    1.66 v _841_/A (sky130_fd_sc_hd__fa_1)
     1    0.01    0.09    0.49    2.14 v _841_/SUM (sky130_fd_sc_hd__fa_1)
                                         _272_ (net)
                  0.09    0.00    2.14 v _842_/B (sky130_fd_sc_hd__fa_1)
     1    0.00    0.05    0.51    2.65 ^ _842_/SUM (sky130_fd_sc_hd__fa_1)
                                         _274_ (net)
                  0.05    0.00    2.65 ^ _665_/A (sky130_fd_sc_hd__inv_1)
     1    0.00    0.02    0.04    2.69 v _665_/Y (sky130_fd_sc_hd__inv_1)
                                         _459_ (net)
                  0.02    0.00    2.69 v _898_/B (sky130_fd_sc_hd__ha_1)
     6    0.02    0.12    0.34    3.03 v _898_/SUM (sky130_fd_sc_hd__ha_1)
                                         _461_ (net)
                  0.12    0.00    3.03 v _712_/A1 (sky130_fd_sc_hd__a21oi_1)
     2    0.01    0.19    0.21    3.24 ^ _712_/Y (sky130_fd_sc_hd__a21oi_1)
                                         _037_ (net)
                  0.19    0.00    3.24 ^ _714_/A3 (sky130_fd_sc_hd__a31oi_2)
     3    0.01    0.09    0.13    3.37 v _714_/Y (sky130_fd_sc_hd__a31oi_2)
                                         _039_ (net)
                  0.09    0.00    3.37 v _770_/A3 (sky130_fd_sc_hd__o41ai_2)
     1    0.00    0.26    0.31    3.67 ^ _770_/Y (sky130_fd_sc_hd__o41ai_2)
                                         _091_ (net)
                  0.26    0.00    3.67 ^ _776_/A (sky130_fd_sc_hd__xnor2_1)
     1    0.00    0.11    0.15    3.82 ^ _776_/Y (sky130_fd_sc_hd__xnor2_1)
                                         _097_ (net)
                  0.11    0.00    3.82 ^ _777_/A1 (sky130_fd_sc_hd__mux2i_1)
     1    0.00    0.05    0.06    3.88 v _777_/Y (sky130_fd_sc_hd__mux2i_1)
                                         product[15] (net)
                  0.05    0.00    3.88 v product[15] (out)
                                  3.88   data arrival time

                  0.00    5.00    5.00   clock core_clock (rise edge)
                          0.00    5.00   clock network delay (ideal)
                          0.00    5.00   clock reconvergence pessimism
                         -0.20    4.80   output external delay
                                  4.80   data required time
-----------------------------------------------------------------------------
                                  4.80   data required time
                                 -3.88   data arrival time
-----------------------------------------------------------------------------
                                  0.92   slack (MET)



==========================================================================
floorplan final report_power
--------------------------------------------------------------------------
Group                  Internal  Switching    Leakage      Total
                          Power      Power      Power      Power (Watts)
----------------------------------------------------------------
Sequential             0.00e+00   0.00e+00   0.00e+00   0.00e+00   0.0%
Combinational          6.21e-04   5.83e-04   1.85e-09   1.20e-03 100.0%
Clock                  0.00e+00   0.00e+00   0.00e+00   0.00e+00   0.0%
Macro                  0.00e+00   0.00e+00   0.00e+00   0.00e+00   0.0%
Pad                    0.00e+00   0.00e+00   0.00e+00   0.00e+00   0.0%
----------------------------------------------------------------
Total                  6.21e-04   5.83e-04   1.85e-09   1.20e-03 100.0%
                          51.6%      48.4%       0.0%
