
==========================================================================
resizer report_tns
--------------------------------------------------------------------------
tns 0.00

==========================================================================
resizer report_wns
--------------------------------------------------------------------------
wns 0.00

==========================================================================
resizer report_worst_slack
--------------------------------------------------------------------------
worst slack 8.67

==========================================================================
resizer report_checks -path_delay min
--------------------------------------------------------------------------
Startpoint: rst_n (input port clocked by core_clock)
Endpoint: data_out[0]$_DFF_PN0_
          (removal check against rising-edge clock core_clock)
Path Group: asynchronous
Path Type: min

Fanout     Cap    Slew   Delay    Time   Description
-----------------------------------------------------------------------------
                  0.00    0.00    0.00   clock core_clock (rise edge)
                          0.00    0.00   clock network delay (ideal)
                          0.20    0.20 ^ input external delay
     1    0.06    0.00    0.00    0.20 ^ rst_n (in)
                                         rst_n (net)
                  0.00    0.00    0.20 ^ hold1/I (gf180mcu_fd_sc_mcu9t5v0__clkbuf_8)
    16    0.21    0.21    0.20    0.40 ^ hold1/Z (gf180mcu_fd_sc_mcu9t5v0__clkbuf_8)
                                         net1 (net)
                  0.21    0.00    0.40 ^ data_out[0]$_DFF_PN0_/RN (gf180mcu_fd_sc_mcu9t5v0__dffrnq_2)
                                  0.40   data arrival time

                  0.00    0.00    0.00   clock core_clock (rise edge)
                          0.00    0.00   clock network delay (ideal)
                          0.00    0.00   clock reconvergence pessimism
                                  0.00 ^ data_out[0]$_DFF_PN0_/CLK (gf180mcu_fd_sc_mcu9t5v0__dffrnq_2)
                          0.24    0.24   library removal time
                                  0.24   data required time
-----------------------------------------------------------------------------
                                  0.24   data required time
                                 -0.40   data arrival time
-----------------------------------------------------------------------------
                                  0.16   slack (MET)


Startpoint: scan_reg[0]$_DFF_PN0_
            (rising edge-triggered flip-flop clocked by core_clock)
Endpoint: data_out[0]$_DFF_PN0_
          (rising edge-triggered flip-flop clocked by core_clock)
Path Group: core_clock
Path Type: min

Fanout     Cap    Slew   Delay    Time   Description
-----------------------------------------------------------------------------
                  0.00    0.00    0.00   clock core_clock (rise edge)
                          0.00    0.00   clock network delay (ideal)
                  0.00    0.00    0.00 ^ scan_reg[0]$_DFF_PN0_/CLK (gf180mcu_fd_sc_mcu9t5v0__dffrnq_2)
     3    0.02    0.09    0.38    0.38 v scan_reg[0]$_DFF_PN0_/Q (gf180mcu_fd_sc_mcu9t5v0__dffrnq_2)
                                         scan_reg[0] (net)
                  0.09    0.00    0.38 v _18_/I0 (gf180mcu_fd_sc_mcu9t5v0__mux2_2)
     1    0.00    0.07    0.20    0.59 v _18_/Z (gf180mcu_fd_sc_mcu9t5v0__mux2_2)
                                         _00_ (net)
                  0.07    0.00    0.59 v data_out[0]$_DFF_PN0_/D (gf180mcu_fd_sc_mcu9t5v0__dffrnq_2)
                                  0.59   data arrival time

                  0.00    0.00    0.00   clock core_clock (rise edge)
                          0.00    0.00   clock network delay (ideal)
                          0.00    0.00   clock reconvergence pessimism
                                  0.00 ^ data_out[0]$_DFF_PN0_/CLK (gf180mcu_fd_sc_mcu9t5v0__dffrnq_2)
                          0.04    0.04   library hold time
                                  0.04   data required time
-----------------------------------------------------------------------------
                                  0.04   data required time
                                 -0.59   data arrival time
-----------------------------------------------------------------------------
                                  0.55   slack (MET)



==========================================================================
resizer report_checks -path_delay max
--------------------------------------------------------------------------
Startpoint: rst_n (input port clocked by core_clock)
Endpoint: data_out[5]$_DFF_PN0_
          (recovery check against rising-edge clock core_clock)
Path Group: asynchronous
Path Type: max

Fanout     Cap    Slew   Delay    Time   Description
-----------------------------------------------------------------------------
                  0.00    0.00    0.00   clock core_clock (rise edge)
                          0.00    0.00   clock network delay (ideal)
                          0.20    0.20 ^ input external delay
     1    0.06    0.00    0.00    0.20 ^ rst_n (in)
                                         rst_n (net)
                  0.00    0.00    0.20 ^ hold1/I (gf180mcu_fd_sc_mcu9t5v0__clkbuf_8)
    16    0.21    0.21    0.20    0.40 ^ hold1/Z (gf180mcu_fd_sc_mcu9t5v0__clkbuf_8)
                                         net1 (net)
                  0.21    0.00    0.40 ^ data_out[5]$_DFF_PN0_/RN (gf180mcu_fd_sc_mcu9t5v0__dffrnq_2)
                                  0.40   data arrival time

                  0.00   10.00   10.00   clock core_clock (rise edge)
                          0.00   10.00   clock network delay (ideal)
                          0.00   10.00   clock reconvergence pessimism
                                 10.00 ^ data_out[5]$_DFF_PN0_/CLK (gf180mcu_fd_sc_mcu9t5v0__dffrnq_2)
                          0.09   10.09   library recovery time
                                 10.09   data required time
-----------------------------------------------------------------------------
                                 10.09   data required time
                                 -0.40   data arrival time
-----------------------------------------------------------------------------
                                  9.69   slack (MET)


Startpoint: data_out[3]$_DFF_PN0_
            (rising edge-triggered flip-flop clocked by core_clock)
Endpoint: data_out[3] (output port clocked by core_clock)
Path Group: core_clock
Path Type: max

Fanout     Cap    Slew   Delay    Time   Description
-----------------------------------------------------------------------------
                  0.00    0.00    0.00   clock core_clock (rise edge)
                          0.00    0.00   clock network delay (ideal)
                  0.00    0.00    0.00 ^ data_out[3]$_DFF_PN0_/CLK (gf180mcu_fd_sc_mcu9t5v0__dffrnq_2)
     1    0.04    0.13    0.42    0.42 v data_out[3]$_DFF_PN0_/Q (gf180mcu_fd_sc_mcu9t5v0__dffrnq_2)
                                         net15 (net)
                  0.13    0.00    0.42 v output14/I (gf180mcu_fd_sc_mcu9t5v0__dlyb_2)
     1    0.00    0.14    0.71    1.13 v output14/Z (gf180mcu_fd_sc_mcu9t5v0__dlyb_2)
                                         data_out[3] (net)
                  0.14    0.00    1.13 v data_out[3] (out)
                                  1.13   data arrival time

                  0.00   10.00   10.00   clock core_clock (rise edge)
                          0.00   10.00   clock network delay (ideal)
                          0.00   10.00   clock reconvergence pessimism
                         -0.20    9.80   output external delay
                                  9.80   data required time
-----------------------------------------------------------------------------
                                  9.80   data required time
                                 -1.13   data arrival time
-----------------------------------------------------------------------------
                                  8.67   slack (MET)



==========================================================================
resizer report_checks -unconstrained
--------------------------------------------------------------------------
Startpoint: rst_n (input port clocked by core_clock)
Endpoint: data_out[5]$_DFF_PN0_
          (recovery check against rising-edge clock core_clock)
Path Group: asynchronous
Path Type: max

Fanout     Cap    Slew   Delay    Time   Description
-----------------------------------------------------------------------------
                  0.00    0.00    0.00   clock core_clock (rise edge)
                          0.00    0.00   clock network delay (ideal)
                          0.20    0.20 ^ input external delay
     1    0.06    0.00    0.00    0.20 ^ rst_n (in)
                                         rst_n (net)
                  0.00    0.00    0.20 ^ hold1/I (gf180mcu_fd_sc_mcu9t5v0__clkbuf_8)
    16    0.21    0.21    0.20    0.40 ^ hold1/Z (gf180mcu_fd_sc_mcu9t5v0__clkbuf_8)
                                         net1 (net)
                  0.21    0.00    0.40 ^ data_out[5]$_DFF_PN0_/RN (gf180mcu_fd_sc_mcu9t5v0__dffrnq_2)
                                  0.40   data arrival time

                  0.00   10.00   10.00   clock core_clock (rise edge)
                          0.00   10.00   clock network delay (ideal)
                          0.00   10.00   clock reconvergence pessimism
                                 10.00 ^ data_out[5]$_DFF_PN0_/CLK (gf180mcu_fd_sc_mcu9t5v0__dffrnq_2)
                          0.09   10.09   library recovery time
                                 10.09   data required time
-----------------------------------------------------------------------------
                                 10.09   data required time
                                 -0.40   data arrival time
-----------------------------------------------------------------------------
                                  9.69   slack (MET)


Startpoint: data_out[3]$_DFF_PN0_
            (rising edge-triggered flip-flop clocked by core_clock)
Endpoint: data_out[3] (output port clocked by core_clock)
Path Group: core_clock
Path Type: max

Fanout     Cap    Slew   Delay    Time   Description
-----------------------------------------------------------------------------
                  0.00    0.00    0.00   clock core_clock (rise edge)
                          0.00    0.00   clock network delay (ideal)
                  0.00    0.00    0.00 ^ data_out[3]$_DFF_PN0_/CLK (gf180mcu_fd_sc_mcu9t5v0__dffrnq_2)
     1    0.04    0.13    0.42    0.42 v data_out[3]$_DFF_PN0_/Q (gf180mcu_fd_sc_mcu9t5v0__dffrnq_2)
                                         net15 (net)
                  0.13    0.00    0.42 v output14/I (gf180mcu_fd_sc_mcu9t5v0__dlyb_2)
     1    0.00    0.14    0.71    1.13 v output14/Z (gf180mcu_fd_sc_mcu9t5v0__dlyb_2)
                                         data_out[3] (net)
                  0.14    0.00    1.13 v data_out[3] (out)
                                  1.13   data arrival time

                  0.00   10.00   10.00   clock core_clock (rise edge)
                          0.00   10.00   clock network delay (ideal)
                          0.00   10.00   clock reconvergence pessimism
                         -0.20    9.80   output external delay
                                  9.80   data required time
-----------------------------------------------------------------------------
                                  9.80   data required time
                                 -1.13   data arrival time
-----------------------------------------------------------------------------
                                  8.67   slack (MET)



==========================================================================
resizer report_check_types -max_slew -max_cap -max_fanout -violators
--------------------------------------------------------------------------

==========================================================================
resizer max_slew_check_slack
--------------------------------------------------------------------------
2.4700372219085693

==========================================================================
resizer max_slew_check_limit
--------------------------------------------------------------------------
2.799999952316284

==========================================================================
resizer max_slew_check_slack_limit
--------------------------------------------------------------------------
0.8822

==========================================================================
resizer max_fanout_check_slack
--------------------------------------------------------------------------
1.0000000150474662e+30

==========================================================================
resizer max_fanout_check_limit
--------------------------------------------------------------------------
1.0000000150474662e+30

==========================================================================
resizer max_capacitance_check_slack
--------------------------------------------------------------------------
0.7027690410614014

==========================================================================
resizer max_capacitance_check_limit
--------------------------------------------------------------------------
0.751800000667572

==========================================================================
resizer max_capacitance_check_slack_limit
--------------------------------------------------------------------------
0.9348

==========================================================================
resizer max_slew_violation_count
--------------------------------------------------------------------------
max slew violation count 0

==========================================================================
resizer max_fanout_violation_count
--------------------------------------------------------------------------
max fanout violation count 0

==========================================================================
resizer max_cap_violation_count
--------------------------------------------------------------------------
max cap violation count 0

==========================================================================
resizer setup_violation_count
--------------------------------------------------------------------------
setup violation count 0

==========================================================================
resizer hold_violation_count
--------------------------------------------------------------------------
hold violation count 0

==========================================================================
resizer report_checks -path_delay max reg to reg
--------------------------------------------------------------------------
Startpoint: scan_reg[3]$_DFF_PN0_
            (rising edge-triggered flip-flop clocked by core_clock)
Endpoint: scan_reg[4]$_DFF_PN0_
          (rising edge-triggered flip-flop clocked by core_clock)
Path Group: core_clock
Path Type: max

  Delay    Time   Description
---------------------------------------------------------
   0.00    0.00   clock core_clock (rise edge)
   0.00    0.00   clock network delay (ideal)
   0.00    0.00 ^ scan_reg[3]$_DFF_PN0_/CLK (gf180mcu_fd_sc_mcu9t5v0__dffrnq_2)
   0.50    0.50 ^ scan_reg[3]$_DFF_PN0_/Q (gf180mcu_fd_sc_mcu9t5v0__dffrnq_2)
   0.17    0.66 ^ _30_/Z (gf180mcu_fd_sc_mcu9t5v0__mux2_2)
   0.00    0.66 ^ scan_reg[4]$_DFF_PN0_/D (gf180mcu_fd_sc_mcu9t5v0__dffrnq_2)
           0.66   data arrival time

  10.00   10.00   clock core_clock (rise edge)
   0.00   10.00   clock network delay (ideal)
   0.00   10.00   clock reconvergence pessimism
          10.00 ^ scan_reg[4]$_DFF_PN0_/CLK (gf180mcu_fd_sc_mcu9t5v0__dffrnq_2)
  -0.13    9.87   library setup time
           9.87   data required time
---------------------------------------------------------
           9.87   data required time
          -0.66   data arrival time
---------------------------------------------------------
           9.20   slack (MET)



==========================================================================
resizer report_checks -path_delay min reg to reg
--------------------------------------------------------------------------
Startpoint: scan_reg[0]$_DFF_PN0_
            (rising edge-triggered flip-flop clocked by core_clock)
Endpoint: data_out[0]$_DFF_PN0_
          (rising edge-triggered flip-flop clocked by core_clock)
Path Group: core_clock
Path Type: min

  Delay    Time   Description
---------------------------------------------------------
   0.00    0.00   clock core_clock (rise edge)
   0.00    0.00   clock network delay (ideal)
   0.00    0.00 ^ scan_reg[0]$_DFF_PN0_/CLK (gf180mcu_fd_sc_mcu9t5v0__dffrnq_2)
   0.38    0.38 v scan_reg[0]$_DFF_PN0_/Q (gf180mcu_fd_sc_mcu9t5v0__dffrnq_2)
   0.20    0.59 v _18_/Z (gf180mcu_fd_sc_mcu9t5v0__mux2_2)
   0.00    0.59 v data_out[0]$_DFF_PN0_/D (gf180mcu_fd_sc_mcu9t5v0__dffrnq_2)
           0.59   data arrival time

   0.00    0.00   clock core_clock (rise edge)
   0.00    0.00   clock network delay (ideal)
   0.00    0.00   clock reconvergence pessimism
           0.00 ^ data_out[0]$_DFF_PN0_/CLK (gf180mcu_fd_sc_mcu9t5v0__dffrnq_2)
   0.04    0.04   library hold time
           0.04   data required time
---------------------------------------------------------
           0.04   data required time
          -0.59   data arrival time
---------------------------------------------------------
           0.55   slack (MET)



==========================================================================
resizer critical path target clock latency max path
--------------------------------------------------------------------------
0.0000

==========================================================================
resizer critical path target clock latency min path
--------------------------------------------------------------------------
0.0000

==========================================================================
resizer critical path source clock latency min path
--------------------------------------------------------------------------
0.0000

==========================================================================
resizer critical path delay
--------------------------------------------------------------------------
1.1283

==========================================================================
resizer critical path slack
--------------------------------------------------------------------------
8.6717

==========================================================================
resizer slack div critical path delay
--------------------------------------------------------------------------
768.563325

==========================================================================
resizer report_power
--------------------------------------------------------------------------
Group                  Internal  Switching    Leakage      Total
                          Power      Power      Power      Power (Watts)
----------------------------------------------------------------
Sequential             2.00e-03   1.40e-04   9.64e-09   2.14e-03  73.2%
Combinational          6.20e-04   1.64e-04   9.16e-09   7.84e-04  26.8%
Clock                  0.00e+00   0.00e+00   3.94e-08   3.94e-08   0.0%
Macro                  0.00e+00   0.00e+00   0.00e+00   0.00e+00   0.0%
Pad                    0.00e+00   0.00e+00   0.00e+00   0.00e+00   0.0%
----------------------------------------------------------------
Total                  2.62e-03   3.05e-04   5.82e-08   2.92e-03 100.0%
                          89.6%      10.4%       0.0%
