
==========================================================================
finish report_tns
--------------------------------------------------------------------------
tns 0.00

==========================================================================
finish report_wns
--------------------------------------------------------------------------
wns 0.00

==========================================================================
finish report_worst_slack
--------------------------------------------------------------------------
worst slack 3.20

==========================================================================
finish report_clock_skew
--------------------------------------------------------------------------
Clock core_clock
No launch/capture paths found.


==========================================================================
finish report_checks -path_delay min
--------------------------------------------------------------------------
Startpoint: data_in[1] (input port clocked by core_clock)
Endpoint: encoded_out[4] (output port clocked by core_clock)
Path Group: core_clock
Path Type: min

Fanout     Cap    Slew   Delay    Time   Description
-----------------------------------------------------------------------------
                  0.00    0.00    0.00   clock core_clock (rise edge)
                          0.00    0.00   clock network delay (ideal)
                          0.20    0.20 v input external delay
     1    0.00    0.00    0.00    0.20 v data_in[1] (in)
                                         data_in[1] (net)
                  0.00    0.00    0.20 v input2/A (sky130_fd_sc_hd__clkbuf_1)
     2    0.01    0.06    0.10    0.30 v input2/X (sky130_fd_sc_hd__clkbuf_1)
                                         net2 (net)
                  0.06    0.00    0.30 v _179_/A (sky130_fd_sc_hd__clkbuf_1)
     1    0.00    0.02    0.09    0.40 v _179_/X (sky130_fd_sc_hd__clkbuf_1)
                                         net25 (net)
                  0.02    0.00    0.40 v output25/A (sky130_fd_sc_hd__clkbuf_1)
     1    0.00    0.02    0.07    0.47 v output25/X (sky130_fd_sc_hd__clkbuf_1)
                                         encoded_out[4] (net)
                  0.02    0.00    0.47 v encoded_out[4] (out)
                                  0.47   data arrival time

                  0.00    0.00    0.00   clock core_clock (rise edge)
                          0.00    0.00   clock network delay (ideal)
                          0.00    0.00   clock reconvergence pessimism
                         -0.20   -0.20   output external delay
                                 -0.20   data required time
-----------------------------------------------------------------------------
                                 -0.20   data required time
                                 -0.47   data arrival time
-----------------------------------------------------------------------------
                                  0.67   slack (MET)



==========================================================================
finish report_checks -path_delay max
--------------------------------------------------------------------------
Startpoint: received_in[2] (input port clocked by core_clock)
Endpoint: data_out[1] (output port clocked by core_clock)
Path Group: core_clock
Path Type: max

Fanout     Cap    Slew   Delay    Time   Description
-----------------------------------------------------------------------------
                  0.00    0.00    0.00   clock core_clock (rise edge)
                          0.00    0.00   clock network delay (ideal)
                          0.20    0.20 v input external delay
     1    0.00    0.00    0.00    0.20 v received_in[2] (in)
                                         received_in[2] (net)
                  0.00    0.00    0.20 v _080_/A (sky130_fd_sc_hd__buf_4)
     6    0.04    0.07    0.16    0.36 v _080_/X (sky130_fd_sc_hd__buf_4)
                                         _009_ (net)
                  0.07    0.00    0.36 v _089_/A (sky130_fd_sc_hd__xnor2_1)
     2    0.00    0.14    0.17    0.53 ^ _089_/Y (sky130_fd_sc_hd__xnor2_1)
                                         _018_ (net)
                  0.14    0.00    0.53 ^ _090_/A (sky130_fd_sc_hd__buf_2)
    10    0.04    0.21    0.26    0.79 ^ _090_/X (sky130_fd_sc_hd__buf_2)
                                         _019_ (net)
                  0.21    0.00    0.79 ^ _126_/A2 (sky130_fd_sc_hd__a21oi_1)
     2    0.01    0.07    0.11    0.90 v _126_/Y (sky130_fd_sc_hd__a21oi_1)
                                         _051_ (net)
                  0.07    0.00    0.90 v _128_/A (sky130_fd_sc_hd__nor2_1)
     1    0.00    0.10    0.12    1.03 ^ _128_/Y (sky130_fd_sc_hd__nor2_1)
                                         _053_ (net)
                  0.10    0.00    1.03 ^ _129_/B1 (sky130_fd_sc_hd__o22ai_1)
     1    0.01    0.07    0.10    1.13 v _129_/Y (sky130_fd_sc_hd__o22ai_1)
                                         _054_ (net)
                  0.07    0.00    1.13 v _138_/A2 (sky130_fd_sc_hd__o31ai_2)
     2    0.01    0.27    0.29    1.42 ^ _138_/Y (sky130_fd_sc_hd__o31ai_2)
                                         net14 (net)
                  0.27    0.00    1.42 ^ _172_/A (sky130_fd_sc_hd__clkbuf_1)
     1    0.00    0.04    0.12    1.54 ^ _172_/X (sky130_fd_sc_hd__clkbuf_1)
                                         net18 (net)
                  0.04    0.00    1.54 ^ output18/A (sky130_fd_sc_hd__clkbuf_1)
     1    0.00    0.02    0.06    1.60 ^ output18/X (sky130_fd_sc_hd__clkbuf_1)
                                         data_out[1] (net)
                  0.02    0.00    1.60 ^ data_out[1] (out)
                                  1.60   data arrival time

                  0.00    5.00    5.00   clock core_clock (rise edge)
                          0.00    5.00   clock network delay (ideal)
                          0.00    5.00   clock reconvergence pessimism
                         -0.20    4.80   output external delay
                                  4.80   data required time
-----------------------------------------------------------------------------
                                  4.80   data required time
                                 -1.60   data arrival time
-----------------------------------------------------------------------------
                                  3.20   slack (MET)



==========================================================================
finish report_checks -unconstrained
--------------------------------------------------------------------------
Startpoint: received_in[2] (input port clocked by core_clock)
Endpoint: data_out[1] (output port clocked by core_clock)
Path Group: core_clock
Path Type: max

Fanout     Cap    Slew   Delay    Time   Description
-----------------------------------------------------------------------------
                  0.00    0.00    0.00   clock core_clock (rise edge)
                          0.00    0.00   clock network delay (ideal)
                          0.20    0.20 v input external delay
     1    0.00    0.00    0.00    0.20 v received_in[2] (in)
                                         received_in[2] (net)
                  0.00    0.00    0.20 v _080_/A (sky130_fd_sc_hd__buf_4)
     6    0.04    0.07    0.16    0.36 v _080_/X (sky130_fd_sc_hd__buf_4)
                                         _009_ (net)
                  0.07    0.00    0.36 v _089_/A (sky130_fd_sc_hd__xnor2_1)
     2    0.00    0.14    0.17    0.53 ^ _089_/Y (sky130_fd_sc_hd__xnor2_1)
                                         _018_ (net)
                  0.14    0.00    0.53 ^ _090_/A (sky130_fd_sc_hd__buf_2)
    10    0.04    0.21    0.26    0.79 ^ _090_/X (sky130_fd_sc_hd__buf_2)
                                         _019_ (net)
                  0.21    0.00    0.79 ^ _126_/A2 (sky130_fd_sc_hd__a21oi_1)
     2    0.01    0.07    0.11    0.90 v _126_/Y (sky130_fd_sc_hd__a21oi_1)
                                         _051_ (net)
                  0.07    0.00    0.90 v _128_/A (sky130_fd_sc_hd__nor2_1)
     1    0.00    0.10    0.12    1.03 ^ _128_/Y (sky130_fd_sc_hd__nor2_1)
                                         _053_ (net)
                  0.10    0.00    1.03 ^ _129_/B1 (sky130_fd_sc_hd__o22ai_1)
     1    0.01    0.07    0.10    1.13 v _129_/Y (sky130_fd_sc_hd__o22ai_1)
                                         _054_ (net)
                  0.07    0.00    1.13 v _138_/A2 (sky130_fd_sc_hd__o31ai_2)
     2    0.01    0.27    0.29    1.42 ^ _138_/Y (sky130_fd_sc_hd__o31ai_2)
                                         net14 (net)
                  0.27    0.00    1.42 ^ _172_/A (sky130_fd_sc_hd__clkbuf_1)
     1    0.00    0.04    0.12    1.54 ^ _172_/X (sky130_fd_sc_hd__clkbuf_1)
                                         net18 (net)
                  0.04    0.00    1.54 ^ output18/A (sky130_fd_sc_hd__clkbuf_1)
     1    0.00    0.02    0.06    1.60 ^ output18/X (sky130_fd_sc_hd__clkbuf_1)
                                         data_out[1] (net)
                  0.02    0.00    1.60 ^ data_out[1] (out)
                                  1.60   data arrival time

                  0.00    5.00    5.00   clock core_clock (rise edge)
                          0.00    5.00   clock network delay (ideal)
                          0.00    5.00   clock reconvergence pessimism
                         -0.20    4.80   output external delay
                                  4.80   data required time
-----------------------------------------------------------------------------
                                  4.80   data required time
                                 -1.60   data arrival time
-----------------------------------------------------------------------------
                                  3.20   slack (MET)



==========================================================================
finish report_check_types -max_slew -max_cap -max_fanout -violators
--------------------------------------------------------------------------

==========================================================================
finish max_slew_check_slack
--------------------------------------------------------------------------
1.1720268726348877

==========================================================================
finish max_slew_check_limit
--------------------------------------------------------------------------
1.4766590595245361

==========================================================================
finish max_slew_check_slack_limit
--------------------------------------------------------------------------
0.7937

==========================================================================
finish max_fanout_check_slack
--------------------------------------------------------------------------
1.0000000150474662e+30

==========================================================================
finish max_fanout_check_limit
--------------------------------------------------------------------------
1.0000000150474662e+30

==========================================================================
finish max_capacitance_check_slack
--------------------------------------------------------------------------
0.03913998231291771

==========================================================================
finish max_capacitance_check_limit
--------------------------------------------------------------------------
0.043954998254776

==========================================================================
finish max_capacitance_check_slack_limit
--------------------------------------------------------------------------
0.8905

==========================================================================
finish max_slew_violation_count
--------------------------------------------------------------------------
max slew violation count 0

==========================================================================
finish max_fanout_violation_count
--------------------------------------------------------------------------
max fanout violation count 0

==========================================================================
finish max_cap_violation_count
--------------------------------------------------------------------------
max cap violation count 0

==========================================================================
finish setup_violation_count
--------------------------------------------------------------------------
setup violation count 0

==========================================================================
finish hold_violation_count
--------------------------------------------------------------------------
hold violation count 0

==========================================================================
finish critical path delay
--------------------------------------------------------------------------
1.6021

==========================================================================
finish critical path slack
--------------------------------------------------------------------------
3.1979

==========================================================================
finish slack div critical path delay
--------------------------------------------------------------------------
199.606766

==========================================================================
finish report_power
--------------------------------------------------------------------------
Group                  Internal  Switching    Leakage      Total
                          Power      Power      Power      Power (Watts)
----------------------------------------------------------------
Sequential             0.00e+00   0.00e+00   0.00e+00   0.00e+00   0.0%
Combinational          4.71e-05   5.10e-05   2.80e-10   9.81e-05 100.0%
Clock                  0.00e+00   0.00e+00   0.00e+00   0.00e+00   0.0%
Macro                  0.00e+00   0.00e+00   0.00e+00   0.00e+00   0.0%
Pad                    0.00e+00   0.00e+00   0.00e+00   0.00e+00   0.0%
----------------------------------------------------------------
Total                  4.71e-05   5.10e-05   2.80e-10   9.81e-05 100.0%
                          48.0%      52.0%       0.0%
