
==========================================================================
global place report_tns
--------------------------------------------------------------------------
tns -0.32

==========================================================================
global place report_wns
--------------------------------------------------------------------------
wns -0.13

==========================================================================
global place report_worst_slack
--------------------------------------------------------------------------
worst slack -0.13

==========================================================================
global place report_checks -path_delay min
--------------------------------------------------------------------------
Startpoint: rst_n (input port clocked by core_clock)
Endpoint: result_sign_stage2$_DFF_PN0_
          (removal check against rising-edge clock core_clock)
Path Group: asynchronous
Path Type: min

Fanout     Cap    Slew   Delay    Time   Description
-----------------------------------------------------------------------------
                  0.00    0.00    0.00   clock core_clock (rise edge)
                          0.00    0.00   clock network delay (ideal)
                          0.20    0.20 ^ input external delay
    32    0.17    0.00    0.00    0.20 ^ rst_n (in)
                                         rst_n (net)
                  0.00    0.00    0.20 ^ hold1/A (sky130_fd_sc_hd__buf_16)
   138    0.67    0.68    0.50    0.70 ^ hold1/X (sky130_fd_sc_hd__buf_16)
                                         net1 (net)
                  0.68    0.00    0.70 ^ result_sign_stage2$_DFF_PN0_/RESET_B (sky130_fd_sc_hd__dfrtp_1)
                                  0.70   data arrival time

                  0.00    0.00    0.00   clock core_clock (rise edge)
                          0.00    0.00   clock network delay (ideal)
                          0.00    0.00   clock reconvergence pessimism
                                  0.00 ^ result_sign_stage2$_DFF_PN0_/CLK (sky130_fd_sc_hd__dfrtp_1)
                          0.48    0.48   library removal time
                                  0.48   data required time
-----------------------------------------------------------------------------
                                  0.48   data required time
                                 -0.70   data arrival time
-----------------------------------------------------------------------------
                                  0.22   slack (MET)


Startpoint: valid_in (input port clocked by core_clock)
Endpoint: valid_stage1$_DFF_PN0_
          (rising edge-triggered flip-flop clocked by core_clock)
Path Group: core_clock
Path Type: min

Fanout     Cap    Slew   Delay    Time   Description
-----------------------------------------------------------------------------
                  0.00    0.00    0.00   clock core_clock (rise edge)
                          0.00    0.00   clock network delay (ideal)
                          0.20    0.20 ^ input external delay
     1    0.00    0.00    0.00    0.20 ^ valid_in (in)
                                         valid_in (net)
                  0.00    0.00    0.20 ^ valid_stage1$_DFF_PN0_/D (sky130_fd_sc_hd__dfrtp_1)
                                  0.20   data arrival time

                  0.00    0.00    0.00   clock core_clock (rise edge)
                          0.00    0.00   clock network delay (ideal)
                          0.00    0.00   clock reconvergence pessimism
                                  0.00 ^ valid_stage1$_DFF_PN0_/CLK (sky130_fd_sc_hd__dfrtp_1)
                         -0.03   -0.03   library hold time
                                 -0.03   data required time
-----------------------------------------------------------------------------
                                 -0.03   data required time
                                 -0.20   data arrival time
-----------------------------------------------------------------------------
                                  0.23   slack (MET)



==========================================================================
global place report_checks -path_delay max
--------------------------------------------------------------------------
Startpoint: rst_n (input port clocked by core_clock)
Endpoint: valid_out$_DFF_PN0_
          (recovery check against rising-edge clock core_clock)
Path Group: asynchronous
Path Type: max

Fanout     Cap    Slew   Delay    Time   Description
-----------------------------------------------------------------------------
                  0.00    0.00    0.00   clock core_clock (rise edge)
                          0.00    0.00   clock network delay (ideal)
                          0.20    0.20 ^ input external delay
    32    0.17    0.00    0.00    0.20 ^ rst_n (in)
                                         rst_n (net)
                  0.00    0.00    0.20 ^ hold1/A (sky130_fd_sc_hd__buf_16)
   138    0.67    0.68    0.50    0.70 ^ hold1/X (sky130_fd_sc_hd__buf_16)
                                         net1 (net)
                  0.68    0.06    0.76 ^ valid_out$_DFF_PN0_/RESET_B (sky130_fd_sc_hd__dfrtp_1)
                                  0.76   data arrival time

                  0.00    5.00    5.00   clock core_clock (rise edge)
                          0.00    5.00   clock network delay (ideal)
                          0.00    5.00   clock reconvergence pessimism
                                  5.00 ^ valid_out$_DFF_PN0_/CLK (sky130_fd_sc_hd__dfrtp_1)
                          0.05    5.05   library recovery time
                                  5.05   data required time
-----------------------------------------------------------------------------
                                  5.05   data required time
                                 -0.76   data arrival time
-----------------------------------------------------------------------------
                                  4.29   slack (MET)


Startpoint: add_result[20]$_DFF_PN0_
            (rising edge-triggered flip-flop clocked by core_clock)
Endpoint: final_mant[15]$_DFFE_PP_
          (rising edge-triggered flip-flop clocked by core_clock)
Path Group: core_clock
Path Type: max

Fanout     Cap    Slew   Delay    Time   Description
-----------------------------------------------------------------------------
                  0.00    0.00    0.00   clock core_clock (rise edge)
                          0.00    0.00   clock network delay (ideal)
                  0.00    0.00    0.00 ^ add_result[20]$_DFF_PN0_/CLK (sky130_fd_sc_hd__dfrtp_1)
     1    0.00    0.04    0.29    0.29 ^ add_result[20]$_DFF_PN0_/Q (sky130_fd_sc_hd__dfrtp_1)
                                         add_result[20] (net)
                  0.04    0.00    0.29 ^ _2345_/A (sky130_fd_sc_hd__clkbuf_1)
     9    0.03    0.39    0.32    0.61 ^ _2345_/X (sky130_fd_sc_hd__clkbuf_1)
                                         _0286_ (net)
                  0.39    0.00    0.61 ^ _2347_/A (sky130_fd_sc_hd__nor2_1)
     2    0.01    0.11    0.15    0.76 v _2347_/Y (sky130_fd_sc_hd__nor2_1)
                                         _0288_ (net)
                  0.11    0.00    0.76 v _2359_/A3 (sky130_fd_sc_hd__o31ai_1)
     6    0.03    1.06    0.87    1.63 ^ _2359_/Y (sky130_fd_sc_hd__o31ai_1)
                                         _0298_ (net)
                  1.06    0.00    1.63 ^ _2360_/A (sky130_fd_sc_hd__clkbuf_1)
    10    0.06    0.67    0.60    2.23 ^ _2360_/X (sky130_fd_sc_hd__clkbuf_1)
                                         _0299_ (net)
                  0.67    0.00    2.23 ^ _2361_/A (sky130_fd_sc_hd__inv_1)
     3    0.02    0.23    0.29    2.52 v _2361_/Y (sky130_fd_sc_hd__inv_1)
                                         _1702_ (net)
                  0.23    0.00    2.52 v _3632_/B (sky130_fd_sc_hd__ha_1)
     2    0.00    0.06    0.36    2.88 v _3632_/SUM (sky130_fd_sc_hd__ha_1)
                                         _1704_ (net)
                  0.06    0.00    2.88 v _2375_/A1 (sky130_fd_sc_hd__a21o_1)
     1    0.00    0.03    0.16    3.03 v _2375_/X (sky130_fd_sc_hd__a21o_1)
                                         _0311_ (net)
                  0.03    0.00    3.03 v _2376_/A2 (sky130_fd_sc_hd__a21oi_1)
     2    0.01    0.21    0.21    3.24 ^ _2376_/Y (sky130_fd_sc_hd__a21oi_1)
                                         _0312_ (net)
                  0.21    0.00    3.24 ^ _2380_/B (sky130_fd_sc_hd__or3_1)
     1    0.00    0.04    0.14    3.38 ^ _2380_/X (sky130_fd_sc_hd__or3_1)
                                         _0316_ (net)
                  0.04    0.00    3.38 ^ _2381_/A (sky130_fd_sc_hd__clkbuf_1)
     9    0.04    0.49    0.39    3.77 ^ _2381_/X (sky130_fd_sc_hd__clkbuf_1)
                                         _0317_ (net)
                  0.49    0.00    3.77 ^ _2464_/A (sky130_fd_sc_hd__clkbuf_1)
    10    0.03    0.39    0.38    4.15 ^ _2464_/X (sky130_fd_sc_hd__clkbuf_1)
                                         _0387_ (net)
                  0.39    0.00    4.15 ^ _2741_/B1 (sky130_fd_sc_hd__a21oi_1)
     1    0.01    0.12    0.12    4.27 v _2741_/Y (sky130_fd_sc_hd__a21oi_1)
                                         _0647_ (net)
                  0.12    0.00    4.27 v _2742_/B1 (sky130_fd_sc_hd__a311oi_1)
     1    0.01    0.32    0.35    4.63 ^ _2742_/Y (sky130_fd_sc_hd__a311oi_1)
                                         _0648_ (net)
                  0.32    0.00    4.63 ^ _2743_/B1 (sky130_fd_sc_hd__a21oi_1)
     1    0.00    0.09    0.07    4.70 v _2743_/Y (sky130_fd_sc_hd__a21oi_1)
                                         _0649_ (net)
                  0.09    0.00    4.70 v _2745_/A2 (sky130_fd_sc_hd__o21ai_0)
     1    0.01    0.24    0.24    4.94 ^ _2745_/Y (sky130_fd_sc_hd__o21ai_0)
                                         _0091_ (net)
                  0.24    0.00    4.94 ^ final_mant[15]$_DFFE_PP_/D (sky130_fd_sc_hd__edfxtp_1)
                                  4.94   data arrival time

                  0.00    5.00    5.00   clock core_clock (rise edge)
                          0.00    5.00   clock network delay (ideal)
                          0.00    5.00   clock reconvergence pessimism
                                  5.00 ^ final_mant[15]$_DFFE_PP_/CLK (sky130_fd_sc_hd__edfxtp_1)
                         -0.19    4.81   library setup time
                                  4.81   data required time
-----------------------------------------------------------------------------
                                  4.81   data required time
                                 -4.94   data arrival time
-----------------------------------------------------------------------------
                                 -0.13   slack (VIOLATED)



==========================================================================
global place report_checks -unconstrained
--------------------------------------------------------------------------
Startpoint: rst_n (input port clocked by core_clock)
Endpoint: valid_out$_DFF_PN0_
          (recovery check against rising-edge clock core_clock)
Path Group: asynchronous
Path Type: max

Fanout     Cap    Slew   Delay    Time   Description
-----------------------------------------------------------------------------
                  0.00    0.00    0.00   clock core_clock (rise edge)
                          0.00    0.00   clock network delay (ideal)
                          0.20    0.20 ^ input external delay
    32    0.17    0.00    0.00    0.20 ^ rst_n (in)
                                         rst_n (net)
                  0.00    0.00    0.20 ^ hold1/A (sky130_fd_sc_hd__buf_16)
   138    0.67    0.68    0.50    0.70 ^ hold1/X (sky130_fd_sc_hd__buf_16)
                                         net1 (net)
                  0.68    0.06    0.76 ^ valid_out$_DFF_PN0_/RESET_B (sky130_fd_sc_hd__dfrtp_1)
                                  0.76   data arrival time

                  0.00    5.00    5.00   clock core_clock (rise edge)
                          0.00    5.00   clock network delay (ideal)
                          0.00    5.00   clock reconvergence pessimism
                                  5.00 ^ valid_out$_DFF_PN0_/CLK (sky130_fd_sc_hd__dfrtp_1)
                          0.05    5.05   library recovery time
                                  5.05   data required time
-----------------------------------------------------------------------------
                                  5.05   data required time
                                 -0.76   data arrival time
-----------------------------------------------------------------------------
                                  4.29   slack (MET)


Startpoint: add_result[20]$_DFF_PN0_
            (rising edge-triggered flip-flop clocked by core_clock)
Endpoint: final_mant[15]$_DFFE_PP_
          (rising edge-triggered flip-flop clocked by core_clock)
Path Group: core_clock
Path Type: max

Fanout     Cap    Slew   Delay    Time   Description
-----------------------------------------------------------------------------
                  0.00    0.00    0.00   clock core_clock (rise edge)
                          0.00    0.00   clock network delay (ideal)
                  0.00    0.00    0.00 ^ add_result[20]$_DFF_PN0_/CLK (sky130_fd_sc_hd__dfrtp_1)
     1    0.00    0.04    0.29    0.29 ^ add_result[20]$_DFF_PN0_/Q (sky130_fd_sc_hd__dfrtp_1)
                                         add_result[20] (net)
                  0.04    0.00    0.29 ^ _2345_/A (sky130_fd_sc_hd__clkbuf_1)
     9    0.03    0.39    0.32    0.61 ^ _2345_/X (sky130_fd_sc_hd__clkbuf_1)
                                         _0286_ (net)
                  0.39    0.00    0.61 ^ _2347_/A (sky130_fd_sc_hd__nor2_1)
     2    0.01    0.11    0.15    0.76 v _2347_/Y (sky130_fd_sc_hd__nor2_1)
                                         _0288_ (net)
                  0.11    0.00    0.76 v _2359_/A3 (sky130_fd_sc_hd__o31ai_1)
     6    0.03    1.06    0.87    1.63 ^ _2359_/Y (sky130_fd_sc_hd__o31ai_1)
                                         _0298_ (net)
                  1.06    0.00    1.63 ^ _2360_/A (sky130_fd_sc_hd__clkbuf_1)
    10    0.06    0.67    0.60    2.23 ^ _2360_/X (sky130_fd_sc_hd__clkbuf_1)
                                         _0299_ (net)
                  0.67    0.00    2.23 ^ _2361_/A (sky130_fd_sc_hd__inv_1)
     3    0.02    0.23    0.29    2.52 v _2361_/Y (sky130_fd_sc_hd__inv_1)
                                         _1702_ (net)
                  0.23    0.00    2.52 v _3632_/B (sky130_fd_sc_hd__ha_1)
     2    0.00    0.06    0.36    2.88 v _3632_/SUM (sky130_fd_sc_hd__ha_1)
                                         _1704_ (net)
                  0.06    0.00    2.88 v _2375_/A1 (sky130_fd_sc_hd__a21o_1)
     1    0.00    0.03    0.16    3.03 v _2375_/X (sky130_fd_sc_hd__a21o_1)
                                         _0311_ (net)
                  0.03    0.00    3.03 v _2376_/A2 (sky130_fd_sc_hd__a21oi_1)
     2    0.01    0.21    0.21    3.24 ^ _2376_/Y (sky130_fd_sc_hd__a21oi_1)
                                         _0312_ (net)
                  0.21    0.00    3.24 ^ _2380_/B (sky130_fd_sc_hd__or3_1)
     1    0.00    0.04    0.14    3.38 ^ _2380_/X (sky130_fd_sc_hd__or3_1)
                                         _0316_ (net)
                  0.04    0.00    3.38 ^ _2381_/A (sky130_fd_sc_hd__clkbuf_1)
     9    0.04    0.49    0.39    3.77 ^ _2381_/X (sky130_fd_sc_hd__clkbuf_1)
                                         _0317_ (net)
                  0.49    0.00    3.77 ^ _2464_/A (sky130_fd_sc_hd__clkbuf_1)
    10    0.03    0.39    0.38    4.15 ^ _2464_/X (sky130_fd_sc_hd__clkbuf_1)
                                         _0387_ (net)
                  0.39    0.00    4.15 ^ _2741_/B1 (sky130_fd_sc_hd__a21oi_1)
     1    0.01    0.12    0.12    4.27 v _2741_/Y (sky130_fd_sc_hd__a21oi_1)
                                         _0647_ (net)
                  0.12    0.00    4.27 v _2742_/B1 (sky130_fd_sc_hd__a311oi_1)
     1    0.01    0.32    0.35    4.63 ^ _2742_/Y (sky130_fd_sc_hd__a311oi_1)
                                         _0648_ (net)
                  0.32    0.00    4.63 ^ _2743_/B1 (sky130_fd_sc_hd__a21oi_1)
     1    0.00    0.09    0.07    4.70 v _2743_/Y (sky130_fd_sc_hd__a21oi_1)
                                         _0649_ (net)
                  0.09    0.00    4.70 v _2745_/A2 (sky130_fd_sc_hd__o21ai_0)
     1    0.01    0.24    0.24    4.94 ^ _2745_/Y (sky130_fd_sc_hd__o21ai_0)
                                         _0091_ (net)
                  0.24    0.00    4.94 ^ final_mant[15]$_DFFE_PP_/D (sky130_fd_sc_hd__edfxtp_1)
                                  4.94   data arrival time

                  0.00    5.00    5.00   clock core_clock (rise edge)
                          0.00    5.00   clock network delay (ideal)
                          0.00    5.00   clock reconvergence pessimism
                                  5.00 ^ final_mant[15]$_DFFE_PP_/CLK (sky130_fd_sc_hd__edfxtp_1)
                         -0.19    4.81   library setup time
                                  4.81   data required time
-----------------------------------------------------------------------------
                                  4.81   data required time
                                 -4.94   data arrival time
-----------------------------------------------------------------------------
                                 -0.13   slack (VIOLATED)



==========================================================================
global place report_power
--------------------------------------------------------------------------
Group                  Internal  Switching    Leakage      Total
                          Power      Power      Power      Power (Watts)
----------------------------------------------------------------
Sequential             1.76e-03   1.54e-04   2.02e-09   1.91e-03  38.1%
Combinational          1.12e-03   1.98e-03   5.05e-09   3.10e-03  61.9%
Clock                  0.00e+00   0.00e+00   0.00e+00   0.00e+00   0.0%
Macro                  0.00e+00   0.00e+00   0.00e+00   0.00e+00   0.0%
Pad                    0.00e+00   0.00e+00   0.00e+00   0.00e+00   0.0%
----------------------------------------------------------------
Total                  2.88e-03   2.13e-03   7.07e-09   5.01e-03 100.0%
                          57.5%      42.5%       0.0%
