
==========================================================================
global route report_tns
--------------------------------------------------------------------------
tns 0.00

==========================================================================
global route report_wns
--------------------------------------------------------------------------
wns 0.00

==========================================================================
global route report_worst_slack
--------------------------------------------------------------------------
worst slack 7.86

==========================================================================
global route report_clock_skew
--------------------------------------------------------------------------
Clock core_clock
   0.43 source latency dst_ack$_DFFE_PP_/CLK ^
  -0.39 target latency src_ack_sync[0]$_DFF_PN0_/CLK ^
   0.00 CRPR
--------------
   0.04 setup skew


==========================================================================
global route report_checks -path_delay min
--------------------------------------------------------------------------
Startpoint: src_rst_n (input port clocked by core_clock)
Endpoint: src_data_reg[2]$_DFFE_PN0P_
          (removal check against rising-edge clock core_clock)
Path Group: asynchronous
Path Type: min

Fanout     Cap    Slew   Delay    Time   Description
-----------------------------------------------------------------------------
                          0.00    0.00   clock core_clock (rise edge)
                          0.00    0.00   clock network delay (propagated)
                          0.20    0.20 ^ input external delay
     1    0.00    0.00    0.00    0.20 ^ src_rst_n (in)
                                         src_rst_n (net)
                  0.00    0.00    0.20 ^ hold2/I (gf180mcu_fd_sc_mcu9t5v0__dlyc_2)
     1    0.05    0.22    0.98    1.18 ^ hold2/Z (gf180mcu_fd_sc_mcu9t5v0__dlyc_2)
                                         net72 (net)
                  0.22    0.00    1.18 ^ hold1/I (gf180mcu_fd_sc_mcu9t5v0__clkbuf_16)
    35    0.45    0.22    0.25    1.44 ^ hold1/Z (gf180mcu_fd_sc_mcu9t5v0__clkbuf_16)
                                         net1 (net)
                  0.22    0.00    1.44 ^ src_data_reg[2]$_DFFE_PN0P_/RN (gf180mcu_fd_sc_mcu9t5v0__dffrnq_2)
                                  1.44   data arrival time

                          0.00    0.00   clock core_clock (rise edge)
                          0.00    0.00   clock source latency
     1    0.03    0.00    0.00    0.00 ^ src_clk (in)
                                         src_clk (net)
                  0.00    0.00    0.00 ^ clkbuf_0_src_clk/I (gf180mcu_fd_sc_mcu9t5v0__clkbuf_3)
     4    0.05    0.15    0.17    0.17 ^ clkbuf_0_src_clk/Z (gf180mcu_fd_sc_mcu9t5v0__clkbuf_3)
                                         clknet_0_src_clk (net)
                  0.15    0.00    0.17 ^ clkbuf_2_1__f_src_clk/I (gf180mcu_fd_sc_mcu9t5v0__clkbuf_3)
     9    0.08    0.21    0.23    0.40 ^ clkbuf_2_1__f_src_clk/Z (gf180mcu_fd_sc_mcu9t5v0__clkbuf_3)
                                         clknet_2_1__leaf_src_clk (net)
                  0.21    0.00    0.40 ^ src_data_reg[2]$_DFFE_PN0P_/CLK (gf180mcu_fd_sc_mcu9t5v0__dffrnq_2)
                          0.00    0.40   clock reconvergence pessimism
                          0.28    0.67   library removal time
                                  0.67   data required time
-----------------------------------------------------------------------------
                                  0.67   data required time
                                 -1.44   data arrival time
-----------------------------------------------------------------------------
                                  0.76   slack (MET)


Startpoint: src_ack_sync[0]$_DFF_PN0_
            (rising edge-triggered flip-flop clocked by core_clock)
Endpoint: src_ack_sync[1]$_DFF_PN0_
          (rising edge-triggered flip-flop clocked by core_clock)
Path Group: core_clock
Path Type: min

Fanout     Cap    Slew   Delay    Time   Description
-----------------------------------------------------------------------------
                          0.00    0.00   clock core_clock (rise edge)
                          0.00    0.00   clock source latency
     1    0.03    0.00    0.00    0.00 ^ src_clk (in)
                                         src_clk (net)
                  0.00    0.00    0.00 ^ clkbuf_0_src_clk/I (gf180mcu_fd_sc_mcu9t5v0__clkbuf_3)
     4    0.05    0.15    0.17    0.17 ^ clkbuf_0_src_clk/Z (gf180mcu_fd_sc_mcu9t5v0__clkbuf_3)
                                         clknet_0_src_clk (net)
                  0.15    0.00    0.17 ^ clkbuf_2_0__f_src_clk/I (gf180mcu_fd_sc_mcu9t5v0__clkbuf_3)
     9    0.08    0.20    0.22    0.39 ^ clkbuf_2_0__f_src_clk/Z (gf180mcu_fd_sc_mcu9t5v0__clkbuf_3)
                                         clknet_2_0__leaf_src_clk (net)
                  0.20    0.00    0.39 ^ src_ack_sync[0]$_DFF_PN0_/CLK (gf180mcu_fd_sc_mcu9t5v0__dffrnq_2)
     1    0.01    0.06    0.40    0.79 v src_ack_sync[0]$_DFF_PN0_/Q (gf180mcu_fd_sc_mcu9t5v0__dffrnq_2)
                                         src_ack_sync[0] (net)
                  0.06    0.00    0.79 v src_ack_sync[1]$_DFF_PN0_/D (gf180mcu_fd_sc_mcu9t5v0__dffrnq_2)
                                  0.79   data arrival time

                          0.00    0.00   clock core_clock (rise edge)
                          0.00    0.00   clock source latency
     1    0.03    0.00    0.00    0.00 ^ src_clk (in)
                                         src_clk (net)
                  0.00    0.00    0.00 ^ clkbuf_0_src_clk/I (gf180mcu_fd_sc_mcu9t5v0__clkbuf_3)
     4    0.05    0.15    0.17    0.17 ^ clkbuf_0_src_clk/Z (gf180mcu_fd_sc_mcu9t5v0__clkbuf_3)
                                         clknet_0_src_clk (net)
                  0.15    0.00    0.17 ^ clkbuf_2_0__f_src_clk/I (gf180mcu_fd_sc_mcu9t5v0__clkbuf_3)
     9    0.08    0.20    0.22    0.39 ^ clkbuf_2_0__f_src_clk/Z (gf180mcu_fd_sc_mcu9t5v0__clkbuf_3)
                                         clknet_2_0__leaf_src_clk (net)
                  0.20    0.00    0.39 ^ src_ack_sync[1]$_DFF_PN0_/CLK (gf180mcu_fd_sc_mcu9t5v0__dffrnq_2)
                          0.00    0.39   clock reconvergence pessimism
                          0.07    0.46   library hold time
                                  0.46   data required time
-----------------------------------------------------------------------------
                                  0.46   data required time
                                 -0.79   data arrival time
-----------------------------------------------------------------------------
                                  0.33   slack (MET)



==========================================================================
global route report_checks -path_delay max
--------------------------------------------------------------------------
Startpoint: src_rst_n (input port clocked by core_clock)
Endpoint: src_data_reg[19]$_DFFE_PN0P_
          (recovery check against rising-edge clock core_clock)
Path Group: asynchronous
Path Type: max

Fanout     Cap    Slew   Delay    Time   Description
-----------------------------------------------------------------------------
                          0.00    0.00   clock core_clock (rise edge)
                          0.00    0.00   clock network delay (propagated)
                          0.20    0.20 ^ input external delay
     1    0.00    0.00    0.00    0.20 ^ src_rst_n (in)
                                         src_rst_n (net)
                  0.00    0.00    0.20 ^ hold2/I (gf180mcu_fd_sc_mcu9t5v0__dlyc_2)
     1    0.05    0.22    0.98    1.18 ^ hold2/Z (gf180mcu_fd_sc_mcu9t5v0__dlyc_2)
                                         net72 (net)
                  0.22    0.00    1.18 ^ hold1/I (gf180mcu_fd_sc_mcu9t5v0__clkbuf_16)
    35    0.45    0.22    0.25    1.44 ^ hold1/Z (gf180mcu_fd_sc_mcu9t5v0__clkbuf_16)
                                         net1 (net)
                  0.22    0.00    1.44 ^ src_data_reg[19]$_DFFE_PN0P_/RN (gf180mcu_fd_sc_mcu9t5v0__dffrnq_2)
                                  1.44   data arrival time

                         10.00   10.00   clock core_clock (rise edge)
                          0.00   10.00   clock source latency
     1    0.03    0.00    0.00   10.00 ^ src_clk (in)
                                         src_clk (net)
                  0.00    0.00   10.00 ^ clkbuf_0_src_clk/I (gf180mcu_fd_sc_mcu9t5v0__clkbuf_3)
     4    0.05    0.15    0.17   10.17 ^ clkbuf_0_src_clk/Z (gf180mcu_fd_sc_mcu9t5v0__clkbuf_3)
                                         clknet_0_src_clk (net)
                  0.15    0.00   10.17 ^ clkbuf_2_3__f_src_clk/I (gf180mcu_fd_sc_mcu9t5v0__clkbuf_3)
     9    0.07    0.19    0.22   10.39 ^ clkbuf_2_3__f_src_clk/Z (gf180mcu_fd_sc_mcu9t5v0__clkbuf_3)
                                         clknet_2_3__leaf_src_clk (net)
                  0.19    0.00   10.39 ^ src_data_reg[19]$_DFFE_PN0P_/CLK (gf180mcu_fd_sc_mcu9t5v0__dffrnq_2)
                          0.00   10.39   clock reconvergence pessimism
                          0.13   10.52   library recovery time
                                 10.52   data required time
-----------------------------------------------------------------------------
                                 10.52   data required time
                                 -1.44   data arrival time
-----------------------------------------------------------------------------
                                  9.08   slack (MET)


Startpoint: src_req$_DFFE_PN0P_
            (rising edge-triggered flip-flop clocked by core_clock)
Endpoint: src_ready (output port clocked by core_clock)
Path Group: core_clock
Path Type: max

Fanout     Cap    Slew   Delay    Time   Description
-----------------------------------------------------------------------------
                          0.00    0.00   clock core_clock (rise edge)
                          0.00    0.00   clock source latency
     1    0.03    0.00    0.00    0.00 ^ src_clk (in)
                                         src_clk (net)
                  0.00    0.00    0.00 ^ clkbuf_0_src_clk/I (gf180mcu_fd_sc_mcu9t5v0__clkbuf_3)
     4    0.05    0.15    0.17    0.17 ^ clkbuf_0_src_clk/Z (gf180mcu_fd_sc_mcu9t5v0__clkbuf_3)
                                         clknet_0_src_clk (net)
                  0.15    0.00    0.17 ^ clkbuf_2_0__f_src_clk/I (gf180mcu_fd_sc_mcu9t5v0__clkbuf_3)
     9    0.08    0.20    0.22    0.39 ^ clkbuf_2_0__f_src_clk/Z (gf180mcu_fd_sc_mcu9t5v0__clkbuf_3)
                                         clknet_2_0__leaf_src_clk (net)
                  0.20    0.00    0.39 ^ src_req$_DFFE_PN0P_/CLK (gf180mcu_fd_sc_mcu9t5v0__dffrnq_2)
     3    0.03    0.14    0.50    0.90 ^ src_req$_DFFE_PN0P_/Q (gf180mcu_fd_sc_mcu9t5v0__dffrnq_2)
                                         src_req (net)
                  0.14    0.00    0.90 ^ _082_/A1 (gf180mcu_fd_sc_mcu9t5v0__xnor2_2)
     2    0.02    0.12    0.33    1.22 v _082_/ZN (gf180mcu_fd_sc_mcu9t5v0__xnor2_2)
                                         net71 (net)
                  0.12    0.00    1.22 v output70/I (gf180mcu_fd_sc_mcu9t5v0__dlyb_2)
     1    0.01    0.16    0.72    1.94 v output70/Z (gf180mcu_fd_sc_mcu9t5v0__dlyb_2)
                                         src_ready (net)
                  0.16    0.00    1.94 v src_ready (out)
                                  1.94   data arrival time

                         10.00   10.00   clock core_clock (rise edge)
                          0.00   10.00   clock network delay (propagated)
                          0.00   10.00   clock reconvergence pessimism
                         -0.20    9.80   output external delay
                                  9.80   data required time
-----------------------------------------------------------------------------
                                  9.80   data required time
                                 -1.94   data arrival time
-----------------------------------------------------------------------------
                                  7.86   slack (MET)



==========================================================================
global route report_checks -unconstrained
--------------------------------------------------------------------------
Startpoint: src_rst_n (input port clocked by core_clock)
Endpoint: src_data_reg[19]$_DFFE_PN0P_
          (recovery check against rising-edge clock core_clock)
Path Group: asynchronous
Path Type: max

Fanout     Cap    Slew   Delay    Time   Description
-----------------------------------------------------------------------------
                          0.00    0.00   clock core_clock (rise edge)
                          0.00    0.00   clock network delay (propagated)
                          0.20    0.20 ^ input external delay
     1    0.00    0.00    0.00    0.20 ^ src_rst_n (in)
                                         src_rst_n (net)
                  0.00    0.00    0.20 ^ hold2/I (gf180mcu_fd_sc_mcu9t5v0__dlyc_2)
     1    0.05    0.22    0.98    1.18 ^ hold2/Z (gf180mcu_fd_sc_mcu9t5v0__dlyc_2)
                                         net72 (net)
                  0.22    0.00    1.18 ^ hold1/I (gf180mcu_fd_sc_mcu9t5v0__clkbuf_16)
    35    0.45    0.22    0.25    1.44 ^ hold1/Z (gf180mcu_fd_sc_mcu9t5v0__clkbuf_16)
                                         net1 (net)
                  0.22    0.00    1.44 ^ src_data_reg[19]$_DFFE_PN0P_/RN (gf180mcu_fd_sc_mcu9t5v0__dffrnq_2)
                                  1.44   data arrival time

                         10.00   10.00   clock core_clock (rise edge)
                          0.00   10.00   clock source latency
     1    0.03    0.00    0.00   10.00 ^ src_clk (in)
                                         src_clk (net)
                  0.00    0.00   10.00 ^ clkbuf_0_src_clk/I (gf180mcu_fd_sc_mcu9t5v0__clkbuf_3)
     4    0.05    0.15    0.17   10.17 ^ clkbuf_0_src_clk/Z (gf180mcu_fd_sc_mcu9t5v0__clkbuf_3)
                                         clknet_0_src_clk (net)
                  0.15    0.00   10.17 ^ clkbuf_2_3__f_src_clk/I (gf180mcu_fd_sc_mcu9t5v0__clkbuf_3)
     9    0.07    0.19    0.22   10.39 ^ clkbuf_2_3__f_src_clk/Z (gf180mcu_fd_sc_mcu9t5v0__clkbuf_3)
                                         clknet_2_3__leaf_src_clk (net)
                  0.19    0.00   10.39 ^ src_data_reg[19]$_DFFE_PN0P_/CLK (gf180mcu_fd_sc_mcu9t5v0__dffrnq_2)
                          0.00   10.39   clock reconvergence pessimism
                          0.13   10.52   library recovery time
                                 10.52   data required time
-----------------------------------------------------------------------------
                                 10.52   data required time
                                 -1.44   data arrival time
-----------------------------------------------------------------------------
                                  9.08   slack (MET)


Startpoint: src_req$_DFFE_PN0P_
            (rising edge-triggered flip-flop clocked by core_clock)
Endpoint: src_ready (output port clocked by core_clock)
Path Group: core_clock
Path Type: max

Fanout     Cap    Slew   Delay    Time   Description
-----------------------------------------------------------------------------
                          0.00    0.00   clock core_clock (rise edge)
                          0.00    0.00   clock source latency
     1    0.03    0.00    0.00    0.00 ^ src_clk (in)
                                         src_clk (net)
                  0.00    0.00    0.00 ^ clkbuf_0_src_clk/I (gf180mcu_fd_sc_mcu9t5v0__clkbuf_3)
     4    0.05    0.15    0.17    0.17 ^ clkbuf_0_src_clk/Z (gf180mcu_fd_sc_mcu9t5v0__clkbuf_3)
                                         clknet_0_src_clk (net)
                  0.15    0.00    0.17 ^ clkbuf_2_0__f_src_clk/I (gf180mcu_fd_sc_mcu9t5v0__clkbuf_3)
     9    0.08    0.20    0.22    0.39 ^ clkbuf_2_0__f_src_clk/Z (gf180mcu_fd_sc_mcu9t5v0__clkbuf_3)
                                         clknet_2_0__leaf_src_clk (net)
                  0.20    0.00    0.39 ^ src_req$_DFFE_PN0P_/CLK (gf180mcu_fd_sc_mcu9t5v0__dffrnq_2)
     3    0.03    0.14    0.50    0.90 ^ src_req$_DFFE_PN0P_/Q (gf180mcu_fd_sc_mcu9t5v0__dffrnq_2)
                                         src_req (net)
                  0.14    0.00    0.90 ^ _082_/A1 (gf180mcu_fd_sc_mcu9t5v0__xnor2_2)
     2    0.02    0.12    0.33    1.22 v _082_/ZN (gf180mcu_fd_sc_mcu9t5v0__xnor2_2)
                                         net71 (net)
                  0.12    0.00    1.22 v output70/I (gf180mcu_fd_sc_mcu9t5v0__dlyb_2)
     1    0.01    0.16    0.72    1.94 v output70/Z (gf180mcu_fd_sc_mcu9t5v0__dlyb_2)
                                         src_ready (net)
                  0.16    0.00    1.94 v src_ready (out)
                                  1.94   data arrival time

                         10.00   10.00   clock core_clock (rise edge)
                          0.00   10.00   clock network delay (propagated)
                          0.00   10.00   clock reconvergence pessimism
                         -0.20    9.80   output external delay
                                  9.80   data required time
-----------------------------------------------------------------------------
                                  9.80   data required time
                                 -1.94   data arrival time
-----------------------------------------------------------------------------
                                  7.86   slack (MET)



==========================================================================
global route report_check_types -max_slew -max_cap -max_fanout -violators
--------------------------------------------------------------------------

==========================================================================
global route max_slew_check_slack
--------------------------------------------------------------------------
2.5097389221191406

==========================================================================
global route max_slew_check_limit
--------------------------------------------------------------------------
2.799999952316284

==========================================================================
global route max_slew_check_slack_limit
--------------------------------------------------------------------------
0.8963

==========================================================================
global route max_fanout_check_slack
--------------------------------------------------------------------------
1.0000000150474662e+30

==========================================================================
global route max_fanout_check_limit
--------------------------------------------------------------------------
1.0000000150474662e+30

==========================================================================
global route max_capacitance_check_slack
--------------------------------------------------------------------------
0.35989999771118164

==========================================================================
global route max_capacitance_check_limit
--------------------------------------------------------------------------
0.35989999771118164

==========================================================================
global route max_capacitance_check_slack_limit
--------------------------------------------------------------------------
1.0000

==========================================================================
global route max_slew_violation_count
--------------------------------------------------------------------------
max slew violation count 0

==========================================================================
global route max_fanout_violation_count
--------------------------------------------------------------------------
max fanout violation count 0

==========================================================================
global route max_cap_violation_count
--------------------------------------------------------------------------
max cap violation count 0

==========================================================================
global route setup_violation_count
--------------------------------------------------------------------------
setup violation count 0

==========================================================================
global route hold_violation_count
--------------------------------------------------------------------------
hold violation count 0

==========================================================================
global route report_checks -path_delay max reg to reg
--------------------------------------------------------------------------
Startpoint: src_req$_DFFE_PN0P_
            (rising edge-triggered flip-flop clocked by core_clock)
Endpoint: src_data_reg[21]$_DFFE_PN0P_
          (rising edge-triggered flip-flop clocked by core_clock)
Path Group: core_clock
Path Type: max

  Delay    Time   Description
---------------------------------------------------------
   0.00    0.00   clock core_clock (rise edge)
   0.00    0.00   clock source latency
   0.00    0.00 ^ src_clk (in)
   0.17    0.17 ^ clkbuf_0_src_clk/Z (gf180mcu_fd_sc_mcu9t5v0__clkbuf_3)
   0.23    0.39 ^ clkbuf_2_0__f_src_clk/Z (gf180mcu_fd_sc_mcu9t5v0__clkbuf_3)
   0.00    0.39 ^ src_req$_DFFE_PN0P_/CLK (gf180mcu_fd_sc_mcu9t5v0__dffrnq_2)
   0.50    0.90 ^ src_req$_DFFE_PN0P_/Q (gf180mcu_fd_sc_mcu9t5v0__dffrnq_2)
   0.33    1.22 v _082_/ZN (gf180mcu_fd_sc_mcu9t5v0__xnor2_2)
   0.23    1.45 v _127_/Z (gf180mcu_fd_sc_mcu9t5v0__and2_4)
   0.22    1.67 v _139_/Z (gf180mcu_fd_sc_mcu9t5v0__clkbuf_8)
   0.25    1.92 ^ _143_/Z (gf180mcu_fd_sc_mcu9t5v0__mux2_2)
   0.00    1.92 ^ src_data_reg[21]$_DFFE_PN0P_/D (gf180mcu_fd_sc_mcu9t5v0__dffrnq_2)
           1.92   data arrival time

  10.00   10.00   clock core_clock (rise edge)
   0.00   10.00   clock source latency
   0.00   10.00 ^ src_clk (in)
   0.17   10.17 ^ clkbuf_0_src_clk/Z (gf180mcu_fd_sc_mcu9t5v0__clkbuf_3)
   0.22   10.39 ^ clkbuf_2_3__f_src_clk/Z (gf180mcu_fd_sc_mcu9t5v0__clkbuf_3)
   0.00   10.39 ^ src_data_reg[21]$_DFFE_PN0P_/CLK (gf180mcu_fd_sc_mcu9t5v0__dffrnq_2)
   0.00   10.39   clock reconvergence pessimism
  -0.10   10.29   library setup time
          10.29   data required time
---------------------------------------------------------
          10.29   data required time
          -1.92   data arrival time
---------------------------------------------------------
           8.36   slack (MET)



==========================================================================
global route report_checks -path_delay min reg to reg
--------------------------------------------------------------------------
Startpoint: src_ack_sync[0]$_DFF_PN0_
            (rising edge-triggered flip-flop clocked by core_clock)
Endpoint: src_ack_sync[1]$_DFF_PN0_
          (rising edge-triggered flip-flop clocked by core_clock)
Path Group: core_clock
Path Type: min

  Delay    Time   Description
---------------------------------------------------------
   0.00    0.00   clock core_clock (rise edge)
   0.00    0.00   clock source latency
   0.00    0.00 ^ src_clk (in)
   0.17    0.17 ^ clkbuf_0_src_clk/Z (gf180mcu_fd_sc_mcu9t5v0__clkbuf_3)
   0.23    0.39 ^ clkbuf_2_0__f_src_clk/Z (gf180mcu_fd_sc_mcu9t5v0__clkbuf_3)
   0.00    0.39 ^ src_ack_sync[0]$_DFF_PN0_/CLK (gf180mcu_fd_sc_mcu9t5v0__dffrnq_2)
   0.40    0.79 v src_ack_sync[0]$_DFF_PN0_/Q (gf180mcu_fd_sc_mcu9t5v0__dffrnq_2)
   0.00    0.79 v src_ack_sync[1]$_DFF_PN0_/D (gf180mcu_fd_sc_mcu9t5v0__dffrnq_2)
           0.79   data arrival time

   0.00    0.00   clock core_clock (rise edge)
   0.00    0.00   clock source latency
   0.00    0.00 ^ src_clk (in)
   0.17    0.17 ^ clkbuf_0_src_clk/Z (gf180mcu_fd_sc_mcu9t5v0__clkbuf_3)
   0.23    0.39 ^ clkbuf_2_0__f_src_clk/Z (gf180mcu_fd_sc_mcu9t5v0__clkbuf_3)
   0.00    0.39 ^ src_ack_sync[1]$_DFF_PN0_/CLK (gf180mcu_fd_sc_mcu9t5v0__dffrnq_2)
   0.00    0.39   clock reconvergence pessimism
   0.07    0.46   library hold time
           0.46   data required time
---------------------------------------------------------
           0.46   data required time
          -0.79   data arrival time
---------------------------------------------------------
           0.33   slack (MET)



==========================================================================
global route critical path target clock latency max path
--------------------------------------------------------------------------
0.3897

==========================================================================
global route critical path target clock latency min path
--------------------------------------------------------------------------
0.3984

==========================================================================
global route critical path source clock latency min path
--------------------------------------------------------------------------
0.0000

==========================================================================
global route critical path delay
--------------------------------------------------------------------------
1.9399

==========================================================================
global route critical path slack
--------------------------------------------------------------------------
7.8601

==========================================================================
global route slack div critical path delay
--------------------------------------------------------------------------
405.180679

==========================================================================
global route report_power
--------------------------------------------------------------------------
Group                  Internal  Switching    Leakage      Total
                          Power      Power      Power      Power (Watts)
----------------------------------------------------------------
Sequential             1.37e-02   1.92e-03   4.32e-08   1.56e-02  50.4%
Combinational          1.10e-02   2.65e-03   3.94e-08   1.37e-02  44.3%
Clock                  5.82e-04   1.07e-03   6.06e-09   1.65e-03   5.3%
Macro                  0.00e+00   0.00e+00   0.00e+00   0.00e+00   0.0%
Pad                    0.00e+00   0.00e+00   0.00e+00   0.00e+00   0.0%
----------------------------------------------------------------
Total                  2.53e-02   5.64e-03   8.87e-08   3.09e-02 100.0%
                          81.8%      18.2%       0.0%
