
==========================================================================
global route report_tns
--------------------------------------------------------------------------
tns 0.00

==========================================================================
global route report_wns
--------------------------------------------------------------------------
wns 0.00

==========================================================================
global route report_worst_slack
--------------------------------------------------------------------------
worst slack 0.49

==========================================================================
global route report_clock_skew
--------------------------------------------------------------------------
Clock core_clock
   0.08 source latency delay_counter[2]$_SDFFE_PN0P_/CK ^
  -0.07 target latency state[1]$_DFF_P_/CK ^
   0.00 CRPR
--------------
   0.00 setup skew


==========================================================================
global route report_checks -path_delay min
--------------------------------------------------------------------------
Startpoint: domain_reset_n[2]$_SDFFE_PN0P_
            (rising edge-triggered flip-flop clocked by core_clock)
Endpoint: domain_reset_n[2]$_SDFFE_PN0P_
          (rising edge-triggered flip-flop clocked by core_clock)
Path Group: core_clock
Path Type: min

Fanout     Cap    Slew   Delay    Time   Description
-----------------------------------------------------------------------------
                          0.00    0.00   clock core_clock (rise edge)
                          0.00    0.00   clock source latency
     1   17.86    0.00    0.00    0.00 ^ clk (in)
                                         clk (net)
                  0.00    0.00    0.00 ^ clkbuf_0_clk/A (CLKBUF_X3)
     4    8.74    0.01    0.03    0.03 ^ clkbuf_0_clk/Z (CLKBUF_X3)
                                         clknet_0_clk (net)
                  0.01    0.00    0.03 ^ clkbuf_2_3__f_clk/A (CLKBUF_X3)
    12   15.56    0.02    0.04    0.07 ^ clkbuf_2_3__f_clk/Z (CLKBUF_X3)
                                         clknet_2_3__leaf_clk (net)
                  0.02    0.00    0.07 ^ domain_reset_n[2]$_SDFFE_PN0P_/CK (DFF_X2)
     2   11.99    0.01    0.10    0.18 v domain_reset_n[2]$_SDFFE_PN0P_/Q (DFF_X2)
                                         net24 (net)
                  0.01    0.00    0.18 v _399_/A (INV_X1)
     1    2.19    0.01    0.01    0.19 ^ _399_/ZN (INV_X1)
                                         _170_ (net)
                  0.01    0.00    0.19 ^ _400_/C2 (AOI221_X1)
     1    1.12    0.01    0.01    0.21 v _400_/ZN (AOI221_X1)
                                         _030_ (net)
                  0.01    0.00    0.21 v domain_reset_n[2]$_SDFFE_PN0P_/D (DFF_X2)
                                  0.21   data arrival time

                          0.00    0.00   clock core_clock (rise edge)
                          0.00    0.00   clock source latency
     1   17.86    0.00    0.00    0.00 ^ clk (in)
                                         clk (net)
                  0.00    0.00    0.00 ^ clkbuf_0_clk/A (CLKBUF_X3)
     4    8.74    0.01    0.03    0.03 ^ clkbuf_0_clk/Z (CLKBUF_X3)
                                         clknet_0_clk (net)
                  0.01    0.00    0.03 ^ clkbuf_2_3__f_clk/A (CLKBUF_X3)
    12   15.56    0.02    0.04    0.07 ^ clkbuf_2_3__f_clk/Z (CLKBUF_X3)
                                         clknet_2_3__leaf_clk (net)
                  0.02    0.00    0.07 ^ domain_reset_n[2]$_SDFFE_PN0P_/CK (DFF_X2)
                          0.00    0.07   clock reconvergence pessimism
                          0.00    0.08   library hold time
                                  0.08   data required time
-----------------------------------------------------------------------------
                                  0.08   data required time
                                 -0.21   data arrival time
-----------------------------------------------------------------------------
                                  0.13   slack (MET)



==========================================================================
global route report_checks -path_delay max
--------------------------------------------------------------------------
Startpoint: domain_enable[2] (input port clocked by core_clock)
Endpoint: target_status[0]$_SDFFE_PN0P_
          (rising edge-triggered flip-flop clocked by core_clock)
Path Group: core_clock
Path Type: max

Fanout     Cap    Slew   Delay    Time   Description
-----------------------------------------------------------------------------
                          0.00    0.00   clock core_clock (rise edge)
                          0.00    0.00   clock network delay (propagated)
                          0.20    0.20 v input external delay
     1    1.82    0.00    0.00    0.20 v domain_enable[2] (in)
                                         domain_enable[2] (net)
                  0.00    0.00    0.20 v input3/A (BUF_X2)
     2   13.72    0.01    0.03    0.23 v input3/Z (BUF_X2)
                                         net3 (net)
                  0.01    0.00    0.23 v _256_/A (XOR2_X2)
     2    3.63    0.01    0.05    0.28 v _256_/Z (XOR2_X2)
                                         _055_ (net)
                  0.01    0.00    0.28 v _257_/A4 (OR4_X2)
     2   10.65    0.02    0.12    0.40 v _257_/ZN (OR4_X2)
                                         _056_ (net)
                  0.02    0.00    0.41 v _258_/A3 (NAND3_X4)
     4   14.15    0.02    0.03    0.44 ^ _258_/ZN (NAND3_X4)
                                         _057_ (net)
                  0.02    0.00    0.44 ^ _259_/A (BUF_X8)
    10   19.12    0.01    0.03    0.46 ^ _259_/Z (BUF_X8)
                                         _058_ (net)
                  0.01    0.00    0.46 ^ _418_/S (MUX2_X1)
     1    1.54    0.01    0.06    0.52 v _418_/Z (MUX2_X1)
                                         _183_ (net)
                  0.01    0.00    0.52 v _419_/A2 (AND2_X1)
     1    1.54    0.01    0.03    0.55 v _419_/ZN (AND2_X1)
                                         _036_ (net)
                  0.01    0.00    0.55 v target_status[0]$_SDFFE_PN0P_/D (DFF_X1)
                                  0.55   data arrival time

                          1.00    1.00   clock core_clock (rise edge)
                          0.00    1.00   clock source latency
     1   17.86    0.00    0.00    1.00 ^ clk (in)
                                         clk (net)
                  0.00    0.00    1.00 ^ clkbuf_0_clk/A (CLKBUF_X3)
     4    8.74    0.01    0.03    1.03 ^ clkbuf_0_clk/Z (CLKBUF_X3)
                                         clknet_0_clk (net)
                  0.01    0.00    1.03 ^ clkbuf_2_1__f_clk/A (CLKBUF_X3)
    12   16.87    0.02    0.04    1.07 ^ clkbuf_2_1__f_clk/Z (CLKBUF_X3)
                                         clknet_2_1__leaf_clk (net)
                  0.02    0.00    1.08 ^ target_status[0]$_SDFFE_PN0P_/CK (DFF_X1)
                          0.00    1.08   clock reconvergence pessimism
                         -0.03    1.04   library setup time
                                  1.04   data required time
-----------------------------------------------------------------------------
                                  1.04   data required time
                                 -0.55   data arrival time
-----------------------------------------------------------------------------
                                  0.49   slack (MET)



==========================================================================
global route report_checks -unconstrained
--------------------------------------------------------------------------
Startpoint: domain_enable[2] (input port clocked by core_clock)
Endpoint: target_status[0]$_SDFFE_PN0P_
          (rising edge-triggered flip-flop clocked by core_clock)
Path Group: core_clock
Path Type: max

Fanout     Cap    Slew   Delay    Time   Description
-----------------------------------------------------------------------------
                          0.00    0.00   clock core_clock (rise edge)
                          0.00    0.00   clock network delay (propagated)
                          0.20    0.20 v input external delay
     1    1.82    0.00    0.00    0.20 v domain_enable[2] (in)
                                         domain_enable[2] (net)
                  0.00    0.00    0.20 v input3/A (BUF_X2)
     2   13.72    0.01    0.03    0.23 v input3/Z (BUF_X2)
                                         net3 (net)
                  0.01    0.00    0.23 v _256_/A (XOR2_X2)
     2    3.63    0.01    0.05    0.28 v _256_/Z (XOR2_X2)
                                         _055_ (net)
                  0.01    0.00    0.28 v _257_/A4 (OR4_X2)
     2   10.65    0.02    0.12    0.40 v _257_/ZN (OR4_X2)
                                         _056_ (net)
                  0.02    0.00    0.41 v _258_/A3 (NAND3_X4)
     4   14.15    0.02    0.03    0.44 ^ _258_/ZN (NAND3_X4)
                                         _057_ (net)
                  0.02    0.00    0.44 ^ _259_/A (BUF_X8)
    10   19.12    0.01    0.03    0.46 ^ _259_/Z (BUF_X8)
                                         _058_ (net)
                  0.01    0.00    0.46 ^ _418_/S (MUX2_X1)
     1    1.54    0.01    0.06    0.52 v _418_/Z (MUX2_X1)
                                         _183_ (net)
                  0.01    0.00    0.52 v _419_/A2 (AND2_X1)
     1    1.54    0.01    0.03    0.55 v _419_/ZN (AND2_X1)
                                         _036_ (net)
                  0.01    0.00    0.55 v target_status[0]$_SDFFE_PN0P_/D (DFF_X1)
                                  0.55   data arrival time

                          1.00    1.00   clock core_clock (rise edge)
                          0.00    1.00   clock source latency
     1   17.86    0.00    0.00    1.00 ^ clk (in)
                                         clk (net)
                  0.00    0.00    1.00 ^ clkbuf_0_clk/A (CLKBUF_X3)
     4    8.74    0.01    0.03    1.03 ^ clkbuf_0_clk/Z (CLKBUF_X3)
                                         clknet_0_clk (net)
                  0.01    0.00    1.03 ^ clkbuf_2_1__f_clk/A (CLKBUF_X3)
    12   16.87    0.02    0.04    1.07 ^ clkbuf_2_1__f_clk/Z (CLKBUF_X3)
                                         clknet_2_1__leaf_clk (net)
                  0.02    0.00    1.08 ^ target_status[0]$_SDFFE_PN0P_/CK (DFF_X1)
                          0.00    1.08   clock reconvergence pessimism
                         -0.03    1.04   library setup time
                                  1.04   data required time
-----------------------------------------------------------------------------
                                  1.04   data required time
                                 -0.55   data arrival time
-----------------------------------------------------------------------------
                                  0.49   slack (MET)



==========================================================================
global route report_check_types -max_slew -max_cap -max_fanout -violators
--------------------------------------------------------------------------

==========================================================================
global route max_slew_check_slack
--------------------------------------------------------------------------
0.1474517285823822

==========================================================================
global route max_slew_check_limit
--------------------------------------------------------------------------
0.1985349953174591

==========================================================================
global route max_slew_check_slack_limit
--------------------------------------------------------------------------
0.7427

==========================================================================
global route max_fanout_check_slack
--------------------------------------------------------------------------
1.0000000150474662e+30

==========================================================================
global route max_fanout_check_limit
--------------------------------------------------------------------------
1.0000000150474662e+30

==========================================================================
global route max_capacitance_check_slack
--------------------------------------------------------------------------
11.870275497436523

==========================================================================
global route max_capacitance_check_limit
--------------------------------------------------------------------------
13.809200286865234

==========================================================================
global route max_capacitance_check_slack_limit
--------------------------------------------------------------------------
0.8596

==========================================================================
global route max_slew_violation_count
--------------------------------------------------------------------------
max slew violation count 0

==========================================================================
global route max_fanout_violation_count
--------------------------------------------------------------------------
max fanout violation count 0

==========================================================================
global route max_cap_violation_count
--------------------------------------------------------------------------
max cap violation count 0

==========================================================================
global route setup_violation_count
--------------------------------------------------------------------------
setup violation count 0

==========================================================================
global route hold_violation_count
--------------------------------------------------------------------------
hold violation count 0

==========================================================================
global route report_checks -path_delay max reg to reg
--------------------------------------------------------------------------
Startpoint: _437_ (rising edge-triggered flip-flop clocked by core_clock)
Endpoint: target_status[0]$_SDFFE_PN0P_
          (rising edge-triggered flip-flop clocked by core_clock)
Path Group: core_clock
Path Type: max

  Delay    Time   Description
---------------------------------------------------------
   0.00    0.00   clock core_clock (rise edge)
   0.00    0.00   clock source latency
   0.00    0.00 ^ clk (in)
   0.03    0.03 ^ clkbuf_0_clk/Z (CLKBUF_X3)
   0.04    0.07 ^ clkbuf_2_1__f_clk/Z (CLKBUF_X3)
   0.00    0.08 ^ _437_/CK (DFF_X2)
   0.11    0.18 v _437_/Q (DFF_X2)
   0.06    0.24 v _256_/Z (XOR2_X2)
   0.12    0.36 v _257_/ZN (OR4_X2)
   0.03    0.39 ^ _258_/ZN (NAND3_X4)
   0.03    0.42 ^ _259_/Z (BUF_X8)
   0.06    0.48 v _418_/Z (MUX2_X1)
   0.03    0.51 v _419_/ZN (AND2_X1)
   0.00    0.51 v target_status[0]$_SDFFE_PN0P_/D (DFF_X1)
           0.51   data arrival time

   1.00    1.00   clock core_clock (rise edge)
   0.00    1.00   clock source latency
   0.00    1.00 ^ clk (in)
   0.03    1.03 ^ clkbuf_0_clk/Z (CLKBUF_X3)
   0.04    1.07 ^ clkbuf_2_1__f_clk/Z (CLKBUF_X3)
   0.00    1.08 ^ target_status[0]$_SDFFE_PN0P_/CK (DFF_X1)
   0.00    1.08   clock reconvergence pessimism
  -0.03    1.04   library setup time
           1.04   data required time
---------------------------------------------------------
           1.04   data required time
          -0.51   data arrival time
---------------------------------------------------------
           0.53   slack (MET)



==========================================================================
global route report_checks -path_delay min reg to reg
--------------------------------------------------------------------------
Startpoint: domain_reset_n[2]$_SDFFE_PN0P_
            (rising edge-triggered flip-flop clocked by core_clock)
Endpoint: domain_reset_n[2]$_SDFFE_PN0P_
          (rising edge-triggered flip-flop clocked by core_clock)
Path Group: core_clock
Path Type: min

  Delay    Time   Description
---------------------------------------------------------
   0.00    0.00   clock core_clock (rise edge)
   0.00    0.00   clock source latency
   0.00    0.00 ^ clk (in)
   0.03    0.03 ^ clkbuf_0_clk/Z (CLKBUF_X3)
   0.04    0.07 ^ clkbuf_2_3__f_clk/Z (CLKBUF_X3)
   0.00    0.07 ^ domain_reset_n[2]$_SDFFE_PN0P_/CK (DFF_X2)
   0.10    0.18 v domain_reset_n[2]$_SDFFE_PN0P_/Q (DFF_X2)
   0.01    0.19 ^ _399_/ZN (INV_X1)
   0.01    0.21 v _400_/ZN (AOI221_X1)
   0.00    0.21 v domain_reset_n[2]$_SDFFE_PN0P_/D (DFF_X2)
           0.21   data arrival time

   0.00    0.00   clock core_clock (rise edge)
   0.00    0.00   clock source latency
   0.00    0.00 ^ clk (in)
   0.03    0.03 ^ clkbuf_0_clk/Z (CLKBUF_X3)
   0.04    0.07 ^ clkbuf_2_3__f_clk/Z (CLKBUF_X3)
   0.00    0.07 ^ domain_reset_n[2]$_SDFFE_PN0P_/CK (DFF_X2)
   0.00    0.07   clock reconvergence pessimism
   0.00    0.08   library hold time
           0.08   data required time
---------------------------------------------------------
           0.08   data required time
          -0.21   data arrival time
---------------------------------------------------------
           0.13   slack (MET)



==========================================================================
global route critical path target clock latency max path
--------------------------------------------------------------------------
0.0756

==========================================================================
global route critical path target clock latency min path
--------------------------------------------------------------------------
0.0734

==========================================================================
global route critical path source clock latency min path
--------------------------------------------------------------------------
0.0000

==========================================================================
global route critical path delay
--------------------------------------------------------------------------
0.5510

==========================================================================
global route critical path slack
--------------------------------------------------------------------------
0.4909

==========================================================================
global route slack div critical path delay
--------------------------------------------------------------------------
89.092559

==========================================================================
global route report_power
--------------------------------------------------------------------------
Group                  Internal  Switching    Leakage      Total
                          Power      Power      Power      Power (Watts)
----------------------------------------------------------------
Sequential             2.84e-04   1.23e-05   3.99e-06   3.00e-04  48.0%
Combinational          7.85e-05   8.97e-05   6.49e-06   1.75e-04  28.0%
Clock                  6.24e-05   8.76e-05   2.21e-07   1.50e-04  24.0%
Macro                  0.00e+00   0.00e+00   0.00e+00   0.00e+00   0.0%
Pad                    0.00e+00   0.00e+00   0.00e+00   0.00e+00   0.0%
----------------------------------------------------------------
Total                  4.25e-04   1.90e-04   1.07e-05   6.25e-04 100.0%
                          67.9%      30.4%       1.7%
