
==========================================================================
global place report_tns
--------------------------------------------------------------------------
tns 0.00

==========================================================================
global place report_wns
--------------------------------------------------------------------------
wns 0.00

==========================================================================
global place report_worst_slack
--------------------------------------------------------------------------
worst slack 0.29

==========================================================================
global place report_checks -path_delay min
--------------------------------------------------------------------------
Startpoint: rst_n (input port clocked by core_clock)
Endpoint: result[0]$_SDFF_PN0_
          (rising edge-triggered flip-flop clocked by core_clock)
Path Group: core_clock
Path Type: min

Fanout     Cap    Slew   Delay    Time   Description
-----------------------------------------------------------------------------
                  0.00    0.00    0.00   clock core_clock (rise edge)
                          0.00    0.00   clock network delay (ideal)
                          0.20    0.20 ^ input external delay
     1    2.76    0.00    0.00    0.20 ^ rst_n (in)
                                         rst_n (net)
                  0.00    0.00    0.20 ^ _375_/A (CLKBUF_X2)
     5   10.66    0.01    0.03    0.23 ^ _375_/Z (CLKBUF_X2)
                                         _013_ (net)
                  0.01    0.00    0.23 ^ _448_/A1 (AND2_X1)
     1    1.33    0.01    0.03    0.26 ^ _448_/ZN (AND2_X1)
                                         _001_ (net)
                  0.01    0.00    0.26 ^ result[0]$_SDFF_PN0_/D (DFF_X1)
                                  0.26   data arrival time

                  0.00    0.00    0.00   clock core_clock (rise edge)
                          0.00    0.00   clock network delay (ideal)
                          0.00    0.00   clock reconvergence pessimism
                                  0.00 ^ result[0]$_SDFF_PN0_/CK (DFF_X1)
                          0.01    0.01   library hold time
                                  0.01   data required time
-----------------------------------------------------------------------------
                                  0.01   data required time
                                 -0.26   data arrival time
-----------------------------------------------------------------------------
                                  0.26   slack (MET)



==========================================================================
global place report_checks -path_delay max
--------------------------------------------------------------------------
Startpoint: b[1] (input port clocked by core_clock)
Endpoint: zero_flag$_SDFF_PN0_
          (rising edge-triggered flip-flop clocked by core_clock)
Path Group: core_clock
Path Type: max

Fanout     Cap    Slew   Delay    Time   Description
-----------------------------------------------------------------------------
                  0.00    0.00    0.00   clock core_clock (rise edge)
                          0.00    0.00   clock network delay (ideal)
                          0.20    0.20 v input external delay
     4   15.91    0.00    0.00    0.20 v b[1] (in)
                                         b[1] (net)
                  0.00    0.00    0.20 v _365_/A (BUF_X2)
     7   12.62    0.01    0.03    0.23 v _365_/Z (BUF_X2)
                                         _010_ (net)
                  0.01    0.00    0.23 v _366_/A (INV_X2)
     7   16.24    0.02    0.03    0.26 ^ _366_/ZN (INV_X2)
                                         _011_ (net)
                  0.02    0.00    0.26 ^ _367_/A (BUF_X2)
    11   25.34    0.03    0.05    0.31 ^ _367_/Z (BUF_X2)
                                         _295_ (net)
                  0.03    0.00    0.31 ^ _638_/B (HA_X1)
     4    7.84    0.05    0.08    0.39 ^ _638_/S (HA_X1)
                                         _286_ (net)
                  0.05    0.00    0.39 ^ _397_/A1 (NOR2_X1)
     1    2.88    0.01    0.01    0.41 v _397_/ZN (NOR2_X1)
                                         _035_ (net)
                  0.01    0.00    0.41 v _399_/B1 (OAI22_X2)
     3    7.75    0.04    0.05    0.46 ^ _399_/ZN (OAI22_X2)
                                         _037_ (net)
                  0.04    0.00    0.46 ^ _400_/B2 (OAI21_X1)
     1    3.27    0.02    0.03    0.49 v _400_/ZN (OAI21_X1)
                                         _038_ (net)
                  0.02    0.00    0.49 v _407_/A (AOI21_X2)
     2    6.24    0.03    0.05    0.54 ^ _407_/ZN (AOI21_X2)
                                         _045_ (net)
                  0.03    0.00    0.54 ^ _584_/B (XNOR2_X1)
     2    2.14    0.01    0.02    0.56 v _584_/ZN (XNOR2_X1)
                                         _214_ (net)
                  0.01    0.00    0.56 v _630_/A3 (AND4_X1)
     1    1.83    0.01    0.04    0.60 v _630_/ZN (AND4_X1)
                                         _259_ (net)
                  0.01    0.00    0.60 v _631_/A3 (OR3_X2)
     1    1.39    0.01    0.07    0.67 v _631_/ZN (OR3_X2)
                                         _009_ (net)
                  0.01    0.00    0.67 v zero_flag$_SDFF_PN0_/D (DFF_X1)
                                  0.67   data arrival time

                  0.00    1.00    1.00   clock core_clock (rise edge)
                          0.00    1.00   clock network delay (ideal)
                          0.00    1.00   clock reconvergence pessimism
                                  1.00 ^ zero_flag$_SDFF_PN0_/CK (DFF_X1)
                         -0.04    0.96   library setup time
                                  0.96   data required time
-----------------------------------------------------------------------------
                                  0.96   data required time
                                 -0.67   data arrival time
-----------------------------------------------------------------------------
                                  0.29   slack (MET)



==========================================================================
global place report_checks -unconstrained
--------------------------------------------------------------------------
Startpoint: b[1] (input port clocked by core_clock)
Endpoint: zero_flag$_SDFF_PN0_
          (rising edge-triggered flip-flop clocked by core_clock)
Path Group: core_clock
Path Type: max

Fanout     Cap    Slew   Delay    Time   Description
-----------------------------------------------------------------------------
                  0.00    0.00    0.00   clock core_clock (rise edge)
                          0.00    0.00   clock network delay (ideal)
                          0.20    0.20 v input external delay
     4   15.91    0.00    0.00    0.20 v b[1] (in)
                                         b[1] (net)
                  0.00    0.00    0.20 v _365_/A (BUF_X2)
     7   12.62    0.01    0.03    0.23 v _365_/Z (BUF_X2)
                                         _010_ (net)
                  0.01    0.00    0.23 v _366_/A (INV_X2)
     7   16.24    0.02    0.03    0.26 ^ _366_/ZN (INV_X2)
                                         _011_ (net)
                  0.02    0.00    0.26 ^ _367_/A (BUF_X2)
    11   25.34    0.03    0.05    0.31 ^ _367_/Z (BUF_X2)
                                         _295_ (net)
                  0.03    0.00    0.31 ^ _638_/B (HA_X1)
     4    7.84    0.05    0.08    0.39 ^ _638_/S (HA_X1)
                                         _286_ (net)
                  0.05    0.00    0.39 ^ _397_/A1 (NOR2_X1)
     1    2.88    0.01    0.01    0.41 v _397_/ZN (NOR2_X1)
                                         _035_ (net)
                  0.01    0.00    0.41 v _399_/B1 (OAI22_X2)
     3    7.75    0.04    0.05    0.46 ^ _399_/ZN (OAI22_X2)
                                         _037_ (net)
                  0.04    0.00    0.46 ^ _400_/B2 (OAI21_X1)
     1    3.27    0.02    0.03    0.49 v _400_/ZN (OAI21_X1)
                                         _038_ (net)
                  0.02    0.00    0.49 v _407_/A (AOI21_X2)
     2    6.24    0.03    0.05    0.54 ^ _407_/ZN (AOI21_X2)
                                         _045_ (net)
                  0.03    0.00    0.54 ^ _584_/B (XNOR2_X1)
     2    2.14    0.01    0.02    0.56 v _584_/ZN (XNOR2_X1)
                                         _214_ (net)
                  0.01    0.00    0.56 v _630_/A3 (AND4_X1)
     1    1.83    0.01    0.04    0.60 v _630_/ZN (AND4_X1)
                                         _259_ (net)
                  0.01    0.00    0.60 v _631_/A3 (OR3_X2)
     1    1.39    0.01    0.07    0.67 v _631_/ZN (OR3_X2)
                                         _009_ (net)
                  0.01    0.00    0.67 v zero_flag$_SDFF_PN0_/D (DFF_X1)
                                  0.67   data arrival time

                  0.00    1.00    1.00   clock core_clock (rise edge)
                          0.00    1.00   clock network delay (ideal)
                          0.00    1.00   clock reconvergence pessimism
                                  1.00 ^ zero_flag$_SDFF_PN0_/CK (DFF_X1)
                         -0.04    0.96   library setup time
                                  0.96   data required time
-----------------------------------------------------------------------------
                                  0.96   data required time
                                 -0.67   data arrival time
-----------------------------------------------------------------------------
                                  0.29   slack (MET)



==========================================================================
global place report_power
--------------------------------------------------------------------------
Group                  Internal  Switching    Leakage      Total
                          Power      Power      Power      Power (Watts)
----------------------------------------------------------------
Sequential             6.65e-05   1.05e-06   7.82e-07   6.83e-05  19.5%
Combinational          1.41e-04   1.31e-04   1.02e-05   2.83e-04  80.5%
Clock                  0.00e+00   0.00e+00   0.00e+00   0.00e+00   0.0%
Macro                  0.00e+00   0.00e+00   0.00e+00   0.00e+00   0.0%
Pad                    0.00e+00   0.00e+00   0.00e+00   0.00e+00   0.0%
----------------------------------------------------------------
Total                  2.08e-04   1.32e-04   1.10e-05   3.51e-04 100.0%
                          59.2%      37.7%       3.1%
