
==========================================================================
global route report_tns
--------------------------------------------------------------------------
tns max 0.00

==========================================================================
global route report_wns
--------------------------------------------------------------------------
wns max 0.00

==========================================================================
global route report_worst_slack
--------------------------------------------------------------------------
worst slack max 0.49

==========================================================================
global route report_clock_skew
--------------------------------------------------------------------------
Clock core_clock
   1.53 source latency ahb_sys_0_uut.S_3.Y[0]$_DFFE_PN0P_/CLK ^
  -1.14 target latency ahb_sys_0_uut.S_3.spm.genblk1[23].csa.sum$_DFF_NN0_/CLK_N v
   0.00 CRPR
--------------
   0.39 setup skew


==========================================================================
global route report_checks -path_delay min
--------------------------------------------------------------------------
Startpoint: HRESETn (input port clocked by core_clock)
Endpoint: ahb_sys_0_uut.S1.buf_addr[1]$_DFFE_PN0P_
          (removal check against rising-edge clock core_clock)
Path Group: asynchronous
Path Type: min

Fanout     Cap    Slew   Delay    Time   Description
-----------------------------------------------------------------------------
                          0.00    0.00   clock core_clock (rise edge)
                          0.00    0.00   clock network delay (propagated)
                          0.70    0.70 ^ input external delay
     1    0.24    0.00    0.00    0.70 ^ HRESETn (in)
                                         HRESETn (net)
                  0.22    0.11    0.81 ^ hold39/A (sky130_fd_sc_hd__dlygate4sd3_1)
     1    0.06    0.56    0.95    1.76 ^ hold39/X (sky130_fd_sc_hd__dlygate4sd3_1)
                                         net247 (net)
                  0.56    0.01    1.77 ^ input17/A (sky130_fd_sc_hd__buf_12)
    64    0.47    0.53    0.48    2.25 ^ input17/X (sky130_fd_sc_hd__buf_12)
                                         net17 (net)
                  0.53    0.02    2.27 ^ ahb_sys_0_uut.S1.buf_addr[1]$_DFFE_PN0P_/RESET_B (sky130_fd_sc_hd__dfrtp_4)
                                  2.27   data arrival time

                          0.00    0.00   clock core_clock (rise edge)
                          0.00    0.00   clock source latency
     2    0.09    0.00    0.00    0.00 ^ HCLK (in)
                                         HCLK (net)
                  0.01    0.00    0.00 ^ wire38/A (sky130_fd_sc_hd__buf_16)
     4    0.35    0.37    0.28    0.29 ^ wire38/X (sky130_fd_sc_hd__buf_16)
                                         net246 (net)
                  0.37    0.04    0.33 ^ clkbuf_regs_0_core_clock/A (sky130_fd_sc_hd__clkbuf_16)
     1    0.01    0.04    0.21    0.54 ^ clkbuf_regs_0_core_clock/X (sky130_fd_sc_hd__clkbuf_16)
                                         HCLK_regs (net)
                  0.04    0.00    0.54 ^ clkbuf_0_HCLK_regs/A (sky130_fd_sc_hd__clkbuf_16)
     4    0.17    0.18    0.23    0.77 ^ clkbuf_0_HCLK_regs/X (sky130_fd_sc_hd__clkbuf_16)
                                         clknet_0_HCLK_regs (net)
                  0.18    0.01    0.78 ^ clkbuf_2_1_0_HCLK_regs/A (sky130_fd_sc_hd__clkbuf_16)
     4    0.12    0.13    0.24    1.02 ^ clkbuf_2_1_0_HCLK_regs/X (sky130_fd_sc_hd__clkbuf_16)
                                         clknet_2_1_0_HCLK_regs (net)
                  0.13    0.01    1.03 ^ clkbuf_4_4_0_HCLK_regs/A (sky130_fd_sc_hd__clkbuf_16)
    17    0.23    0.24    0.29    1.32 ^ clkbuf_4_4_0_HCLK_regs/X (sky130_fd_sc_hd__clkbuf_16)
                                         clknet_4_4_0_HCLK_regs (net)
                  0.24    0.01    1.33 ^ clkbuf_leaf_121_HCLK_regs/A (sky130_fd_sc_hd__clkbuf_16)
     3    0.02    0.04    0.19    1.52 ^ clkbuf_leaf_121_HCLK_regs/X (sky130_fd_sc_hd__clkbuf_16)
                                         clknet_leaf_121_HCLK_regs (net)
                  0.04    0.00    1.52 ^ ahb_sys_0_uut.S1.buf_addr[1]$_DFFE_PN0P_/CLK (sky130_fd_sc_hd__dfrtp_4)
                          0.00    1.52   clock reconvergence pessimism
                          0.45    1.97   library removal time
                                  1.97   data required time
-----------------------------------------------------------------------------
                                  1.97   data required time
                                 -2.27   data arrival time
-----------------------------------------------------------------------------
                                  0.30   slack (MET)


Startpoint: ahb_sys_0_uut.S0.c_wr[0]$_DFF_P_
            (rising edge-triggered flip-flop clocked by core_clock)
Endpoint: ahb_sys_0_uut.S0.c_wr[1]$_DFF_P_
          (rising edge-triggered flip-flop clocked by core_clock)
Path Group: core_clock
Path Type: min

Fanout     Cap    Slew   Delay    Time   Description
-----------------------------------------------------------------------------
                          0.00    0.00   clock core_clock (rise edge)
                          0.00    0.00   clock source latency
     2    0.09    0.00    0.00    0.00 ^ HCLK (in)
                                         HCLK (net)
                  0.01    0.00    0.00 ^ wire38/A (sky130_fd_sc_hd__buf_16)
     4    0.35    0.37    0.28    0.29 ^ wire38/X (sky130_fd_sc_hd__buf_16)
                                         net246 (net)
                  0.37    0.04    0.33 ^ clkbuf_regs_0_core_clock/A (sky130_fd_sc_hd__clkbuf_16)
     1    0.01    0.04    0.21    0.54 ^ clkbuf_regs_0_core_clock/X (sky130_fd_sc_hd__clkbuf_16)
                                         HCLK_regs (net)
                  0.04    0.00    0.54 ^ clkbuf_0_HCLK_regs/A (sky130_fd_sc_hd__clkbuf_16)
     4    0.17    0.18    0.23    0.77 ^ clkbuf_0_HCLK_regs/X (sky130_fd_sc_hd__clkbuf_16)
                                         clknet_0_HCLK_regs (net)
                  0.18    0.01    0.78 ^ clkbuf_2_2_0_HCLK_regs/A (sky130_fd_sc_hd__clkbuf_16)
     4    0.12    0.14    0.25    1.03 ^ clkbuf_2_2_0_HCLK_regs/X (sky130_fd_sc_hd__clkbuf_16)
                                         clknet_2_2_0_HCLK_regs (net)
                  0.14    0.01    1.03 ^ clkbuf_4_10_0_HCLK_regs/A (sky130_fd_sc_hd__clkbuf_16)
     9    0.13    0.14    0.23    1.26 ^ clkbuf_4_10_0_HCLK_regs/X (sky130_fd_sc_hd__clkbuf_16)
                                         clknet_4_10_0_HCLK_regs (net)
                  0.15    0.02    1.28 ^ clkbuf_leaf_61_HCLK_regs/A (sky130_fd_sc_hd__clkbuf_16)
     4    0.01    0.04    0.16    1.44 ^ clkbuf_leaf_61_HCLK_regs/X (sky130_fd_sc_hd__clkbuf_16)
                                         clknet_leaf_61_HCLK_regs (net)
                  0.04    0.00    1.44 ^ ahb_sys_0_uut.S0.c_wr[0]$_DFF_P_/CLK (sky130_fd_sc_hd__dfxtp_1)
     1    0.00    0.05    0.31    1.75 ^ ahb_sys_0_uut.S0.c_wr[0]$_DFF_P_/Q (sky130_fd_sc_hd__dfxtp_1)
                                         ahb_sys_0_uut.S0.c_wr[0] (net)
                  0.05    0.00    1.75 ^ ahb_sys_0_uut.S0.c_wr[1]$_DFF_P_/D (sky130_fd_sc_hd__dfxtp_1)
                                  1.75   data arrival time

                          0.00    0.00   clock core_clock (rise edge)
                          0.00    0.00   clock source latency
     2    0.09    0.00    0.00    0.00 ^ HCLK (in)
                                         HCLK (net)
                  0.01    0.00    0.00 ^ wire38/A (sky130_fd_sc_hd__buf_16)
     4    0.35    0.37    0.28    0.29 ^ wire38/X (sky130_fd_sc_hd__buf_16)
                                         net246 (net)
                  0.37    0.04    0.33 ^ clkbuf_regs_0_core_clock/A (sky130_fd_sc_hd__clkbuf_16)
     1    0.01    0.04    0.21    0.54 ^ clkbuf_regs_0_core_clock/X (sky130_fd_sc_hd__clkbuf_16)
                                         HCLK_regs (net)
                  0.04    0.00    0.54 ^ clkbuf_0_HCLK_regs/A (sky130_fd_sc_hd__clkbuf_16)
     4    0.17    0.18    0.23    0.77 ^ clkbuf_0_HCLK_regs/X (sky130_fd_sc_hd__clkbuf_16)
                                         clknet_0_HCLK_regs (net)
                  0.18    0.01    0.78 ^ clkbuf_2_2_0_HCLK_regs/A (sky130_fd_sc_hd__clkbuf_16)
     4    0.12    0.14    0.25    1.03 ^ clkbuf_2_2_0_HCLK_regs/X (sky130_fd_sc_hd__clkbuf_16)
                                         clknet_2_2_0_HCLK_regs (net)
                  0.14    0.01    1.03 ^ clkbuf_4_10_0_HCLK_regs/A (sky130_fd_sc_hd__clkbuf_16)
     9    0.13    0.14    0.23    1.26 ^ clkbuf_4_10_0_HCLK_regs/X (sky130_fd_sc_hd__clkbuf_16)
                                         clknet_4_10_0_HCLK_regs (net)
                  0.15    0.03    1.29 ^ clkbuf_leaf_59_HCLK_regs/A (sky130_fd_sc_hd__clkbuf_16)
     4    0.02    0.04    0.16    1.45 ^ clkbuf_leaf_59_HCLK_regs/X (sky130_fd_sc_hd__clkbuf_16)
                                         clknet_leaf_59_HCLK_regs (net)
                  0.04    0.00    1.45 ^ ahb_sys_0_uut.S0.c_wr[1]$_DFF_P_/CLK (sky130_fd_sc_hd__dfxtp_1)
                          0.00    1.45   clock reconvergence pessimism
                         -0.03    1.41   library hold time
                                  1.41   data required time
-----------------------------------------------------------------------------
                                  1.41   data required time
                                 -1.75   data arrival time
-----------------------------------------------------------------------------
                                  0.34   slack (MET)



==========================================================================
global route report_checks -path_delay max
--------------------------------------------------------------------------
Startpoint: HRESETn (input port clocked by core_clock)
Endpoint: ahb_sys_0_uut.S_3.spm.genblk1[30].csa.sum$_DFF_NN0_
          (recovery check against falling-edge clock core_clock)
Path Group: asynchronous
Path Type: max

Fanout     Cap    Slew   Delay    Time   Description
-----------------------------------------------------------------------------
                          0.00    0.00   clock core_clock (rise edge)
                          0.00    0.00   clock network delay (propagated)
                          0.70    0.70 ^ input external delay
     1    0.24    0.00    0.00    0.70 ^ HRESETn (in)
                                         HRESETn (net)
                  0.22    0.11    0.81 ^ hold39/A (sky130_fd_sc_hd__dlygate4sd3_1)
     1    0.06    0.56    0.95    1.76 ^ hold39/X (sky130_fd_sc_hd__dlygate4sd3_1)
                                         net247 (net)
                  0.56    0.01    1.77 ^ input17/A (sky130_fd_sc_hd__buf_12)
    64    0.47    0.53    0.48    2.25 ^ input17/X (sky130_fd_sc_hd__buf_12)
                                         net17 (net)
                  0.54    0.08    2.33 ^ place798/A (sky130_fd_sc_hd__buf_12)
    49    0.33    0.37    0.41    2.74 ^ place798/X (sky130_fd_sc_hd__buf_12)
                                         net798 (net)
                  0.37    0.01    2.76 ^ place799/A (sky130_fd_sc_hd__buf_12)
    20    0.14    0.16    0.25    3.01 ^ place799/X (sky130_fd_sc_hd__buf_12)
                                         net799 (net)
                  0.16    0.01    3.02 ^ ahb_sys_0_uut.S_3.spm.genblk1[30].csa.sum$_DFF_NN0_/RESET_B (sky130_fd_sc_hd__dfrtn_1)
                                  3.02   data arrival time

                          3.50    3.50   clock core_clock (fall edge)
                          0.00    3.50   clock source latency
     2    0.09    0.00    0.00    3.50 v HCLK (in)
                                         HCLK (net)
                  0.01    0.00    3.50 v wire38/A (sky130_fd_sc_hd__buf_16)
     4    0.35    0.18    0.21    3.71 v wire38/X (sky130_fd_sc_hd__buf_16)
                                         net246 (net)
                  0.20    0.04    3.75 v clkbuf_regs_0_core_clock/A (sky130_fd_sc_hd__clkbuf_16)
     1    0.01    0.03    0.21    3.96 v clkbuf_regs_0_core_clock/X (sky130_fd_sc_hd__clkbuf_16)
                                         HCLK_regs (net)
                  0.03    0.00    3.96 v clkbuf_0_HCLK_regs/A (sky130_fd_sc_hd__clkbuf_16)
     4    0.17    0.12    0.21    4.18 v clkbuf_0_HCLK_regs/X (sky130_fd_sc_hd__clkbuf_16)
                                         clknet_0_HCLK_regs (net)
                  0.12    0.01    4.18 v clkbuf_2_1_0_HCLK_regs/A (sky130_fd_sc_hd__clkbuf_16)
     4    0.11    0.09    0.23    4.41 v clkbuf_2_1_0_HCLK_regs/X (sky130_fd_sc_hd__clkbuf_16)
                                         clknet_2_1_0_HCLK_regs (net)
                  0.09    0.01    4.42 v clkbuf_4_4_0_HCLK_regs/A (sky130_fd_sc_hd__clkbuf_16)
    17    0.21    0.14    0.25    4.67 v clkbuf_4_4_0_HCLK_regs/X (sky130_fd_sc_hd__clkbuf_16)
                                         clknet_4_4_0_HCLK_regs (net)
                  0.14    0.01    4.68 v ahb_sys_0_uut.S_3.spm.genblk1[30].csa.sum$_DFF_NN0_/CLK_N (sky130_fd_sc_hd__dfrtn_1)
                          0.00    4.68   clock reconvergence pessimism
                          0.33    5.01   library recovery time
                                  5.01   data required time
-----------------------------------------------------------------------------
                                  5.01   data required time
                                 -3.02   data arrival time
-----------------------------------------------------------------------------
                                  1.99   slack (MET)


Startpoint: ahb_sys_0_uut.S_3.Y[0]$_DFFE_PN0P_
            (rising edge-triggered flip-flop clocked by core_clock)
Endpoint: ahb_sys_0_uut.S_3.spm.genblk1[15].csa.sum$_DFF_NN0_
          (falling edge-triggered flip-flop clocked by core_clock)
Path Group: core_clock
Path Type: max

Fanout     Cap    Slew   Delay    Time   Description
-----------------------------------------------------------------------------
                          0.00    0.00   clock core_clock (rise edge)
                          0.00    0.00   clock source latency
     2    0.09    0.00    0.00    0.00 ^ HCLK (in)
                                         HCLK (net)
                  0.01    0.00    0.00 ^ wire38/A (sky130_fd_sc_hd__buf_16)
     4    0.35    0.37    0.28    0.29 ^ wire38/X (sky130_fd_sc_hd__buf_16)
                                         net246 (net)
                  0.37    0.04    0.33 ^ clkbuf_regs_0_core_clock/A (sky130_fd_sc_hd__clkbuf_16)
     1    0.01    0.04    0.21    0.54 ^ clkbuf_regs_0_core_clock/X (sky130_fd_sc_hd__clkbuf_16)
                                         HCLK_regs (net)
                  0.04    0.00    0.54 ^ clkbuf_0_HCLK_regs/A (sky130_fd_sc_hd__clkbuf_16)
     4    0.17    0.18    0.23    0.77 ^ clkbuf_0_HCLK_regs/X (sky130_fd_sc_hd__clkbuf_16)
                                         clknet_0_HCLK_regs (net)
                  0.18    0.01    0.78 ^ clkbuf_2_1_0_HCLK_regs/A (sky130_fd_sc_hd__clkbuf_16)
     4    0.12    0.13    0.24    1.02 ^ clkbuf_2_1_0_HCLK_regs/X (sky130_fd_sc_hd__clkbuf_16)
                                         clknet_2_1_0_HCLK_regs (net)
                  0.13    0.01    1.03 ^ clkbuf_4_6_0_HCLK_regs/A (sky130_fd_sc_hd__clkbuf_16)
    20    0.24    0.25    0.30    1.33 ^ clkbuf_4_6_0_HCLK_regs/X (sky130_fd_sc_hd__clkbuf_16)
                                         clknet_4_6_0_HCLK_regs (net)
                  0.25    0.01    1.34 ^ clkbuf_leaf_168_HCLK_regs/A (sky130_fd_sc_hd__clkbuf_16)
     4    0.02    0.04    0.19    1.53 ^ clkbuf_leaf_168_HCLK_regs/X (sky130_fd_sc_hd__clkbuf_16)
                                         clknet_leaf_168_HCLK_regs (net)
                  0.04    0.00    1.53 ^ ahb_sys_0_uut.S_3.Y[0]$_DFFE_PN0P_/CLK (sky130_fd_sc_hd__dfrtp_4)
     3    0.06    0.17    0.51    2.04 ^ ahb_sys_0_uut.S_3.Y[0]$_DFFE_PN0P_/Q (sky130_fd_sc_hd__dfrtp_4)
                                         ahb_sys_0_uut.S_3.Y[0] (net)
                  0.17    0.00    2.04 ^ place786/A (sky130_fd_sc_hd__buf_12)
    10    0.21    0.24    0.26    2.30 ^ place786/X (sky130_fd_sc_hd__buf_12)
                                         net786 (net)
                  0.25    0.04    2.34 ^ place788/A (sky130_fd_sc_hd__buf_1)
     2    0.09    1.04    0.81    3.15 ^ place788/X (sky130_fd_sc_hd__buf_1)
                                         net788 (net)
                  1.04    0.01    3.15 ^ _1799_/A (sky130_fd_sc_hd__nand2_8)
     1    0.03    0.19    0.13    3.28 v _1799_/Y (sky130_fd_sc_hd__nand2_8)
                                         _0357_ (net)
                  0.19    0.00    3.29 v _1800_/A (sky130_fd_sc_hd__inv_4)
     1    0.03    0.11    0.15    3.44 ^ _1800_/Y (sky130_fd_sc_hd__inv_4)
                                         _1551_[0] (net)
                  0.11    0.00    3.44 ^ _3330_/A (sky130_fd_sc_hd__fa_4)
     1    0.03    0.15    0.67    4.12 v _3330_/SUM (sky130_fd_sc_hd__fa_4)
                                         ahb_sys_0_uut.S_3.spm.genblk1[15].csa.hsum2 (net)
                  0.15    0.00    4.12 v ahb_sys_0_uut.S_3.spm.genblk1[15].csa.sum$_DFF_NN0_/D (sky130_fd_sc_hd__dfrtn_1)
                                  4.12   data arrival time

                          3.50    3.50   clock core_clock (fall edge)
                          0.00    3.50   clock source latency
     2    0.09    0.00    0.00    3.50 v HCLK (in)
                                         HCLK (net)
                  0.01    0.00    3.50 v wire38/A (sky130_fd_sc_hd__buf_16)
     4    0.35    0.18    0.21    3.71 v wire38/X (sky130_fd_sc_hd__buf_16)
                                         net246 (net)
                  0.20    0.04    3.75 v clkbuf_regs_0_core_clock/A (sky130_fd_sc_hd__clkbuf_16)
     1    0.01    0.03    0.21    3.96 v clkbuf_regs_0_core_clock/X (sky130_fd_sc_hd__clkbuf_16)
                                         HCLK_regs (net)
                  0.03    0.00    3.96 v clkbuf_0_HCLK_regs/A (sky130_fd_sc_hd__clkbuf_16)
     4    0.17    0.12    0.21    4.18 v clkbuf_0_HCLK_regs/X (sky130_fd_sc_hd__clkbuf_16)
                                         clknet_0_HCLK_regs (net)
                  0.12    0.01    4.18 v clkbuf_2_0_0_HCLK_regs/A (sky130_fd_sc_hd__clkbuf_16)
     4    0.10    0.08    0.22    4.40 v clkbuf_2_0_0_HCLK_regs/X (sky130_fd_sc_hd__clkbuf_16)
                                         clknet_2_0_0_HCLK_regs (net)
                  0.08    0.01    4.41 v clkbuf_4_0_0_HCLK_regs/A (sky130_fd_sc_hd__clkbuf_16)
    11    0.15    0.11    0.23    4.64 v clkbuf_4_0_0_HCLK_regs/X (sky130_fd_sc_hd__clkbuf_16)
                                         clknet_4_0_0_HCLK_regs (net)
                  0.11    0.00    4.64 v clkbuf_leaf_123_HCLK_regs/A (sky130_fd_sc_hd__clkbuf_16)
     3    0.01    0.03    0.17    4.81 v clkbuf_leaf_123_HCLK_regs/X (sky130_fd_sc_hd__clkbuf_16)
                                         clknet_leaf_123_HCLK_regs (net)
                  0.03    0.00    4.81 v ahb_sys_0_uut.S_3.spm.genblk1[15].csa.sum$_DFF_NN0_/CLK_N (sky130_fd_sc_hd__dfrtn_1)
                          0.00    4.81   clock reconvergence pessimism
                         -0.20    4.61   library setup time
                                  4.61   data required time
-----------------------------------------------------------------------------
                                  4.61   data required time
                                 -4.12   data arrival time
-----------------------------------------------------------------------------
                                  0.49   slack (MET)



==========================================================================
global route report_checks -unconstrained
--------------------------------------------------------------------------
Startpoint: HRESETn (input port clocked by core_clock)
Endpoint: ahb_sys_0_uut.S_3.spm.genblk1[30].csa.sum$_DFF_NN0_
          (recovery check against falling-edge clock core_clock)
Path Group: asynchronous
Path Type: max

Fanout     Cap    Slew   Delay    Time   Description
-----------------------------------------------------------------------------
                          0.00    0.00   clock core_clock (rise edge)
                          0.00    0.00   clock network delay (propagated)
                          0.70    0.70 ^ input external delay
     1    0.24    0.00    0.00    0.70 ^ HRESETn (in)
                                         HRESETn (net)
                  0.22    0.11    0.81 ^ hold39/A (sky130_fd_sc_hd__dlygate4sd3_1)
     1    0.06    0.56    0.95    1.76 ^ hold39/X (sky130_fd_sc_hd__dlygate4sd3_1)
                                         net247 (net)
                  0.56    0.01    1.77 ^ input17/A (sky130_fd_sc_hd__buf_12)
    64    0.47    0.53    0.48    2.25 ^ input17/X (sky130_fd_sc_hd__buf_12)
                                         net17 (net)
                  0.54    0.08    2.33 ^ place798/A (sky130_fd_sc_hd__buf_12)
    49    0.33    0.37    0.41    2.74 ^ place798/X (sky130_fd_sc_hd__buf_12)
                                         net798 (net)
                  0.37    0.01    2.76 ^ place799/A (sky130_fd_sc_hd__buf_12)
    20    0.14    0.16    0.25    3.01 ^ place799/X (sky130_fd_sc_hd__buf_12)
                                         net799 (net)
                  0.16    0.01    3.02 ^ ahb_sys_0_uut.S_3.spm.genblk1[30].csa.sum$_DFF_NN0_/RESET_B (sky130_fd_sc_hd__dfrtn_1)
                                  3.02   data arrival time

                          3.50    3.50   clock core_clock (fall edge)
                          0.00    3.50   clock source latency
     2    0.09    0.00    0.00    3.50 v HCLK (in)
                                         HCLK (net)
                  0.01    0.00    3.50 v wire38/A (sky130_fd_sc_hd__buf_16)
     4    0.35    0.18    0.21    3.71 v wire38/X (sky130_fd_sc_hd__buf_16)
                                         net246 (net)
                  0.20    0.04    3.75 v clkbuf_regs_0_core_clock/A (sky130_fd_sc_hd__clkbuf_16)
     1    0.01    0.03    0.21    3.96 v clkbuf_regs_0_core_clock/X (sky130_fd_sc_hd__clkbuf_16)
                                         HCLK_regs (net)
                  0.03    0.00    3.96 v clkbuf_0_HCLK_regs/A (sky130_fd_sc_hd__clkbuf_16)
     4    0.17    0.12    0.21    4.18 v clkbuf_0_HCLK_regs/X (sky130_fd_sc_hd__clkbuf_16)
                                         clknet_0_HCLK_regs (net)
                  0.12    0.01    4.18 v clkbuf_2_1_0_HCLK_regs/A (sky130_fd_sc_hd__clkbuf_16)
     4    0.11    0.09    0.23    4.41 v clkbuf_2_1_0_HCLK_regs/X (sky130_fd_sc_hd__clkbuf_16)
                                         clknet_2_1_0_HCLK_regs (net)
                  0.09    0.01    4.42 v clkbuf_4_4_0_HCLK_regs/A (sky130_fd_sc_hd__clkbuf_16)
    17    0.21    0.14    0.25    4.67 v clkbuf_4_4_0_HCLK_regs/X (sky130_fd_sc_hd__clkbuf_16)
                                         clknet_4_4_0_HCLK_regs (net)
                  0.14    0.01    4.68 v ahb_sys_0_uut.S_3.spm.genblk1[30].csa.sum$_DFF_NN0_/CLK_N (sky130_fd_sc_hd__dfrtn_1)
                          0.00    4.68   clock reconvergence pessimism
                          0.33    5.01   library recovery time
                                  5.01   data required time
-----------------------------------------------------------------------------
                                  5.01   data required time
                                 -3.02   data arrival time
-----------------------------------------------------------------------------
                                  1.99   slack (MET)


Startpoint: ahb_sys_0_uut.S_3.Y[0]$_DFFE_PN0P_
            (rising edge-triggered flip-flop clocked by core_clock)
Endpoint: ahb_sys_0_uut.S_3.spm.genblk1[15].csa.sum$_DFF_NN0_
          (falling edge-triggered flip-flop clocked by core_clock)
Path Group: core_clock
Path Type: max

Fanout     Cap    Slew   Delay    Time   Description
-----------------------------------------------------------------------------
                          0.00    0.00   clock core_clock (rise edge)
                          0.00    0.00   clock source latency
     2    0.09    0.00    0.00    0.00 ^ HCLK (in)
                                         HCLK (net)
                  0.01    0.00    0.00 ^ wire38/A (sky130_fd_sc_hd__buf_16)
     4    0.35    0.37    0.28    0.29 ^ wire38/X (sky130_fd_sc_hd__buf_16)
                                         net246 (net)
                  0.37    0.04    0.33 ^ clkbuf_regs_0_core_clock/A (sky130_fd_sc_hd__clkbuf_16)
     1    0.01    0.04    0.21    0.54 ^ clkbuf_regs_0_core_clock/X (sky130_fd_sc_hd__clkbuf_16)
                                         HCLK_regs (net)
                  0.04    0.00    0.54 ^ clkbuf_0_HCLK_regs/A (sky130_fd_sc_hd__clkbuf_16)
     4    0.17    0.18    0.23    0.77 ^ clkbuf_0_HCLK_regs/X (sky130_fd_sc_hd__clkbuf_16)
                                         clknet_0_HCLK_regs (net)
                  0.18    0.01    0.78 ^ clkbuf_2_1_0_HCLK_regs/A (sky130_fd_sc_hd__clkbuf_16)
     4    0.12    0.13    0.24    1.02 ^ clkbuf_2_1_0_HCLK_regs/X (sky130_fd_sc_hd__clkbuf_16)
                                         clknet_2_1_0_HCLK_regs (net)
                  0.13    0.01    1.03 ^ clkbuf_4_6_0_HCLK_regs/A (sky130_fd_sc_hd__clkbuf_16)
    20    0.24    0.25    0.30    1.33 ^ clkbuf_4_6_0_HCLK_regs/X (sky130_fd_sc_hd__clkbuf_16)
                                         clknet_4_6_0_HCLK_regs (net)
                  0.25    0.01    1.34 ^ clkbuf_leaf_168_HCLK_regs/A (sky130_fd_sc_hd__clkbuf_16)
     4    0.02    0.04    0.19    1.53 ^ clkbuf_leaf_168_HCLK_regs/X (sky130_fd_sc_hd__clkbuf_16)
                                         clknet_leaf_168_HCLK_regs (net)
                  0.04    0.00    1.53 ^ ahb_sys_0_uut.S_3.Y[0]$_DFFE_PN0P_/CLK (sky130_fd_sc_hd__dfrtp_4)
     3    0.06    0.17    0.51    2.04 ^ ahb_sys_0_uut.S_3.Y[0]$_DFFE_PN0P_/Q (sky130_fd_sc_hd__dfrtp_4)
                                         ahb_sys_0_uut.S_3.Y[0] (net)
                  0.17    0.00    2.04 ^ place786/A (sky130_fd_sc_hd__buf_12)
    10    0.21    0.24    0.26    2.30 ^ place786/X (sky130_fd_sc_hd__buf_12)
                                         net786 (net)
                  0.25    0.04    2.34 ^ place788/A (sky130_fd_sc_hd__buf_1)
     2    0.09    1.04    0.81    3.15 ^ place788/X (sky130_fd_sc_hd__buf_1)
                                         net788 (net)
                  1.04    0.01    3.15 ^ _1799_/A (sky130_fd_sc_hd__nand2_8)
     1    0.03    0.19    0.13    3.28 v _1799_/Y (sky130_fd_sc_hd__nand2_8)
                                         _0357_ (net)
                  0.19    0.00    3.29 v _1800_/A (sky130_fd_sc_hd__inv_4)
     1    0.03    0.11    0.15    3.44 ^ _1800_/Y (sky130_fd_sc_hd__inv_4)
                                         _1551_[0] (net)
                  0.11    0.00    3.44 ^ _3330_/A (sky130_fd_sc_hd__fa_4)
     1    0.03    0.15    0.67    4.12 v _3330_/SUM (sky130_fd_sc_hd__fa_4)
                                         ahb_sys_0_uut.S_3.spm.genblk1[15].csa.hsum2 (net)
                  0.15    0.00    4.12 v ahb_sys_0_uut.S_3.spm.genblk1[15].csa.sum$_DFF_NN0_/D (sky130_fd_sc_hd__dfrtn_1)
                                  4.12   data arrival time

                          3.50    3.50   clock core_clock (fall edge)
                          0.00    3.50   clock source latency
     2    0.09    0.00    0.00    3.50 v HCLK (in)
                                         HCLK (net)
                  0.01    0.00    3.50 v wire38/A (sky130_fd_sc_hd__buf_16)
     4    0.35    0.18    0.21    3.71 v wire38/X (sky130_fd_sc_hd__buf_16)
                                         net246 (net)
                  0.20    0.04    3.75 v clkbuf_regs_0_core_clock/A (sky130_fd_sc_hd__clkbuf_16)
     1    0.01    0.03    0.21    3.96 v clkbuf_regs_0_core_clock/X (sky130_fd_sc_hd__clkbuf_16)
                                         HCLK_regs (net)
                  0.03    0.00    3.96 v clkbuf_0_HCLK_regs/A (sky130_fd_sc_hd__clkbuf_16)
     4    0.17    0.12    0.21    4.18 v clkbuf_0_HCLK_regs/X (sky130_fd_sc_hd__clkbuf_16)
                                         clknet_0_HCLK_regs (net)
                  0.12    0.01    4.18 v clkbuf_2_0_0_HCLK_regs/A (sky130_fd_sc_hd__clkbuf_16)
     4    0.10    0.08    0.22    4.40 v clkbuf_2_0_0_HCLK_regs/X (sky130_fd_sc_hd__clkbuf_16)
                                         clknet_2_0_0_HCLK_regs (net)
                  0.08    0.01    4.41 v clkbuf_4_0_0_HCLK_regs/A (sky130_fd_sc_hd__clkbuf_16)
    11    0.15    0.11    0.23    4.64 v clkbuf_4_0_0_HCLK_regs/X (sky130_fd_sc_hd__clkbuf_16)
                                         clknet_4_0_0_HCLK_regs (net)
                  0.11    0.00    4.64 v clkbuf_leaf_123_HCLK_regs/A (sky130_fd_sc_hd__clkbuf_16)
     3    0.01    0.03    0.17    4.81 v clkbuf_leaf_123_HCLK_regs/X (sky130_fd_sc_hd__clkbuf_16)
                                         clknet_leaf_123_HCLK_regs (net)
                  0.03    0.00    4.81 v ahb_sys_0_uut.S_3.spm.genblk1[15].csa.sum$_DFF_NN0_/CLK_N (sky130_fd_sc_hd__dfrtn_1)
                          0.00    4.81   clock reconvergence pessimism
                         -0.20    4.61   library setup time
                                  4.61   data required time
-----------------------------------------------------------------------------
                                  4.61   data required time
                                 -4.12   data arrival time
-----------------------------------------------------------------------------
                                  0.49   slack (MET)



==========================================================================
global route report_check_types -max_slew -max_cap -max_fanout -violators
--------------------------------------------------------------------------

==========================================================================
global route max_slew_check_slack
--------------------------------------------------------------------------
0.11679202318191528

==========================================================================
global route max_slew_check_limit
--------------------------------------------------------------------------
1.4943389892578125

==========================================================================
global route max_slew_check_slack_limit
--------------------------------------------------------------------------
0.0782

==========================================================================
global route max_fanout_check_slack
--------------------------------------------------------------------------
1.0000000150474662e+30

==========================================================================
global route max_fanout_check_limit
--------------------------------------------------------------------------
1.0000000150474662e+30

==========================================================================
global route max_capacitance_check_slack
--------------------------------------------------------------------------
0.014260321855545044

==========================================================================
global route max_capacitance_check_limit
--------------------------------------------------------------------------
0.22431400418281555

==========================================================================
global route max_capacitance_check_slack_limit
--------------------------------------------------------------------------
0.0636

==========================================================================
global route max_slew_violation_count
--------------------------------------------------------------------------
max slew violation count 0

==========================================================================
global route max_fanout_violation_count
--------------------------------------------------------------------------
max fanout violation count 0

==========================================================================
global route max_cap_violation_count
--------------------------------------------------------------------------
max cap violation count 0

==========================================================================
global route setup_violation_count
--------------------------------------------------------------------------
setup violation count 0

==========================================================================
global route hold_violation_count
--------------------------------------------------------------------------
hold violation count 0

==========================================================================
global route report_checks -path_delay max reg to reg
--------------------------------------------------------------------------
Startpoint: ahb_sys_0_uut.S_3.Y[0]$_DFFE_PN0P_
            (rising edge-triggered flip-flop clocked by core_clock)
Endpoint: ahb_sys_0_uut.S_3.spm.genblk1[15].csa.sum$_DFF_NN0_
          (falling edge-triggered flip-flop clocked by core_clock)
Path Group: core_clock
Path Type: max

  Delay    Time   Description
---------------------------------------------------------
   0.00    0.00   clock core_clock (rise edge)
   0.00    0.00   clock source latency
   0.00    0.00 ^ HCLK (in)
   0.29    0.29 ^ wire38/X (sky130_fd_sc_hd__buf_16)
   0.25    0.54 ^ clkbuf_regs_0_core_clock/X (sky130_fd_sc_hd__clkbuf_16)
   0.23    0.77 ^ clkbuf_0_HCLK_regs/X (sky130_fd_sc_hd__clkbuf_16)
   0.25    1.02 ^ clkbuf_2_1_0_HCLK_regs/X (sky130_fd_sc_hd__clkbuf_16)
   0.31    1.33 ^ clkbuf_4_6_0_HCLK_regs/X (sky130_fd_sc_hd__clkbuf_16)
   0.20    1.53 ^ clkbuf_leaf_168_HCLK_regs/X (sky130_fd_sc_hd__clkbuf_16)
   0.00    1.53 ^ ahb_sys_0_uut.S_3.Y[0]$_DFFE_PN0P_/CLK (sky130_fd_sc_hd__dfrtp_4)
   0.51    2.04 ^ ahb_sys_0_uut.S_3.Y[0]$_DFFE_PN0P_/Q (sky130_fd_sc_hd__dfrtp_4)
   0.26    2.30 ^ place786/X (sky130_fd_sc_hd__buf_12)
   0.85    3.15 ^ place788/X (sky130_fd_sc_hd__buf_1)
   0.14    3.28 v _1799_/Y (sky130_fd_sc_hd__nand2_8)
   0.16    3.44 ^ _1800_/Y (sky130_fd_sc_hd__inv_4)
   0.67    4.12 v _3330_/SUM (sky130_fd_sc_hd__fa_4)
   0.00    4.12 v ahb_sys_0_uut.S_3.spm.genblk1[15].csa.sum$_DFF_NN0_/D (sky130_fd_sc_hd__dfrtn_1)
           4.12   data arrival time

   3.50    3.50   clock core_clock (fall edge)
   0.00    3.50   clock source latency
   0.00    3.50 v HCLK (in)
   0.21    3.71 v wire38/X (sky130_fd_sc_hd__buf_16)
   0.25    3.96 v clkbuf_regs_0_core_clock/X (sky130_fd_sc_hd__clkbuf_16)
   0.21    4.18 v clkbuf_0_HCLK_regs/X (sky130_fd_sc_hd__clkbuf_16)
   0.23    4.40 v clkbuf_2_0_0_HCLK_regs/X (sky130_fd_sc_hd__clkbuf_16)
   0.23    4.64 v clkbuf_4_0_0_HCLK_regs/X (sky130_fd_sc_hd__clkbuf_16)
   0.18    4.81 v clkbuf_leaf_123_HCLK_regs/X (sky130_fd_sc_hd__clkbuf_16)
   0.00    4.81 v ahb_sys_0_uut.S_3.spm.genblk1[15].csa.sum$_DFF_NN0_/CLK_N (sky130_fd_sc_hd__dfrtn_1)
   0.00    4.81   clock reconvergence pessimism
  -0.20    4.61   library setup time
           4.61   data required time
---------------------------------------------------------
           4.61   data required time
          -4.12   data arrival time
---------------------------------------------------------
           0.49   slack (MET)



==========================================================================
global route report_checks -path_delay min reg to reg
--------------------------------------------------------------------------
Startpoint: ahb_sys_0_uut.S0.c_wr[0]$_DFF_P_
            (rising edge-triggered flip-flop clocked by core_clock)
Endpoint: ahb_sys_0_uut.S0.c_wr[1]$_DFF_P_
          (rising edge-triggered flip-flop clocked by core_clock)
Path Group: core_clock
Path Type: min

  Delay    Time   Description
---------------------------------------------------------
   0.00    0.00   clock core_clock (rise edge)
   0.00    0.00   clock source latency
   0.00    0.00 ^ HCLK (in)
   0.29    0.29 ^ wire38/X (sky130_fd_sc_hd__buf_16)
   0.25    0.54 ^ clkbuf_regs_0_core_clock/X (sky130_fd_sc_hd__clkbuf_16)
   0.23    0.77 ^ clkbuf_0_HCLK_regs/X (sky130_fd_sc_hd__clkbuf_16)
   0.25    1.03 ^ clkbuf_2_2_0_HCLK_regs/X (sky130_fd_sc_hd__clkbuf_16)
   0.23    1.26 ^ clkbuf_4_10_0_HCLK_regs/X (sky130_fd_sc_hd__clkbuf_16)
   0.18    1.44 ^ clkbuf_leaf_61_HCLK_regs/X (sky130_fd_sc_hd__clkbuf_16)
   0.00    1.44 ^ ahb_sys_0_uut.S0.c_wr[0]$_DFF_P_/CLK (sky130_fd_sc_hd__dfxtp_1)
   0.31    1.75 ^ ahb_sys_0_uut.S0.c_wr[0]$_DFF_P_/Q (sky130_fd_sc_hd__dfxtp_1)
   0.00    1.75 ^ ahb_sys_0_uut.S0.c_wr[1]$_DFF_P_/D (sky130_fd_sc_hd__dfxtp_1)
           1.75   data arrival time

   0.00    0.00   clock core_clock (rise edge)
   0.00    0.00   clock source latency
   0.00    0.00 ^ HCLK (in)
   0.29    0.29 ^ wire38/X (sky130_fd_sc_hd__buf_16)
   0.25    0.54 ^ clkbuf_regs_0_core_clock/X (sky130_fd_sc_hd__clkbuf_16)
   0.23    0.77 ^ clkbuf_0_HCLK_regs/X (sky130_fd_sc_hd__clkbuf_16)
   0.25    1.03 ^ clkbuf_2_2_0_HCLK_regs/X (sky130_fd_sc_hd__clkbuf_16)
   0.23    1.26 ^ clkbuf_4_10_0_HCLK_regs/X (sky130_fd_sc_hd__clkbuf_16)
   0.19    1.45 ^ clkbuf_leaf_59_HCLK_regs/X (sky130_fd_sc_hd__clkbuf_16)
   0.00    1.45 ^ ahb_sys_0_uut.S0.c_wr[1]$_DFF_P_/CLK (sky130_fd_sc_hd__dfxtp_1)
   0.00    1.45   clock reconvergence pessimism
  -0.03    1.41   library hold time
           1.41   data required time
---------------------------------------------------------
           1.41   data required time
          -1.75   data arrival time
---------------------------------------------------------
           0.34   slack (MET)



==========================================================================
global route critical path target clock latency max path
--------------------------------------------------------------------------
1.1810

==========================================================================
global route critical path target clock latency min path
--------------------------------------------------------------------------
1.5208

==========================================================================
global route critical path source clock latency min path
--------------------------------------------------------------------------
0.0000

==========================================================================
global route critical path delay
--------------------------------------------------------------------------
4.1182

==========================================================================
global route critical path slack
--------------------------------------------------------------------------
0.4942

==========================================================================
global route slack div critical path delay
--------------------------------------------------------------------------
12.000389

==========================================================================
global route report_power
--------------------------------------------------------------------------
Group                  Internal  Switching    Leakage      Total
                          Power      Power      Power      Power (Watts)
----------------------------------------------------------------
Sequential             4.41e-03   2.04e-03   5.16e-09   6.45e-03  31.9%
Combinational          1.86e-03   3.22e-03   7.87e-09   5.08e-03  25.1%
Clock                  5.29e-03   3.42e-03   2.78e-09   8.71e-03  43.0%
Macro                  0.00e+00   0.00e+00   0.00e+00   0.00e+00   0.0%
Pad                    0.00e+00   0.00e+00   0.00e+00   0.00e+00   0.0%
----------------------------------------------------------------
Total                  1.16e-02   8.69e-03   1.58e-08   2.02e-02 100.0%
                          57.1%      42.9%       0.0%
