
==========================================================================
floorplan final report_tns
--------------------------------------------------------------------------
tns 0.00

==========================================================================
floorplan final report_wns
--------------------------------------------------------------------------
wns 0.00

==========================================================================
floorplan final report_worst_slack
--------------------------------------------------------------------------
worst slack 0.49

==========================================================================
floorplan final report_checks -path_delay min
--------------------------------------------------------------------------
Startpoint: gray_in[1] (input port clocked by core_clock)
Endpoint: binary_out[1] (output port clocked by core_clock)
Path Group: core_clock
Path Type: min

Fanout     Cap    Slew   Delay    Time   Description
-----------------------------------------------------------------------------
                  0.00    0.00    0.00   clock core_clock (rise edge)
                          0.00    0.00   clock network delay (ideal)
                          0.20    0.20 ^ input external delay
     2    6.90    0.00    0.00    0.20 ^ gray_in[1] (in)
                                         gray_in[1] (net)
                  0.00    0.00    0.20 ^ _2_/A (XOR2_X2)
     1    0.00    0.00    0.01    0.21 v _2_/Z (XOR2_X2)
                                         binary_out[1] (net)
                  0.00    0.00    0.21 v binary_out[1] (out)
                                  0.21   data arrival time

                  0.00    0.00    0.00   clock core_clock (rise edge)
                          0.00    0.00   clock network delay (ideal)
                          0.00    0.00   clock reconvergence pessimism
                         -0.20   -0.20   output external delay
                                 -0.20   data required time
-----------------------------------------------------------------------------
                                 -0.20   data required time
                                 -0.21   data arrival time
-----------------------------------------------------------------------------
                                  0.41   slack (MET)



==========================================================================
floorplan final report_checks -path_delay max
--------------------------------------------------------------------------
Startpoint: gray_in[3] (input port clocked by core_clock)
Endpoint: binary_out[1] (output port clocked by core_clock)
Path Group: core_clock
Path Type: max

Fanout     Cap    Slew   Delay    Time   Description
-----------------------------------------------------------------------------
                  0.00    0.00    0.00   clock core_clock (rise edge)
                          0.00    0.00   clock network delay (ideal)
                          0.20    0.20 v input external delay
     2    5.38    0.00    0.00    0.20 v gray_in[3] (in)
                                         gray_in[3] (net)
                  0.00    0.00    0.20 v _1_/B (XOR2_X2)
     3    6.63    0.01    0.06    0.26 v _1_/Z (XOR2_X2)
                                         binary_out[2] (net)
                  0.01    0.00    0.26 v _2_/B (XOR2_X2)
     1    0.00    0.01    0.05    0.31 v _2_/Z (XOR2_X2)
                                         binary_out[1] (net)
                  0.01    0.00    0.31 v binary_out[1] (out)
                                  0.31   data arrival time

                  0.00    1.00    1.00   clock core_clock (rise edge)
                          0.00    1.00   clock network delay (ideal)
                          0.00    1.00   clock reconvergence pessimism
                         -0.20    0.80   output external delay
                                  0.80   data required time
-----------------------------------------------------------------------------
                                  0.80   data required time
                                 -0.31   data arrival time
-----------------------------------------------------------------------------
                                  0.49   slack (MET)



==========================================================================
floorplan final report_checks -unconstrained
--------------------------------------------------------------------------
Startpoint: gray_in[3] (input port clocked by core_clock)
Endpoint: binary_out[1] (output port clocked by core_clock)
Path Group: core_clock
Path Type: max

Fanout     Cap    Slew   Delay    Time   Description
-----------------------------------------------------------------------------
                  0.00    0.00    0.00   clock core_clock (rise edge)
                          0.00    0.00   clock network delay (ideal)
                          0.20    0.20 v input external delay
     2    5.38    0.00    0.00    0.20 v gray_in[3] (in)
                                         gray_in[3] (net)
                  0.00    0.00    0.20 v _1_/B (XOR2_X2)
     3    6.63    0.01    0.06    0.26 v _1_/Z (XOR2_X2)
                                         binary_out[2] (net)
                  0.01    0.00    0.26 v _2_/B (XOR2_X2)
     1    0.00    0.01    0.05    0.31 v _2_/Z (XOR2_X2)
                                         binary_out[1] (net)
                  0.01    0.00    0.31 v binary_out[1] (out)
                                  0.31   data arrival time

                  0.00    1.00    1.00   clock core_clock (rise edge)
                          0.00    1.00   clock network delay (ideal)
                          0.00    1.00   clock reconvergence pessimism
                         -0.20    0.80   output external delay
                                  0.80   data required time
-----------------------------------------------------------------------------
                                  0.80   data required time
                                 -0.31   data arrival time
-----------------------------------------------------------------------------
                                  0.49   slack (MET)



==========================================================================
floorplan final report_power
--------------------------------------------------------------------------
Group                  Internal  Switching    Leakage      Total
                          Power      Power      Power      Power (Watts)
----------------------------------------------------------------
Sequential             0.00e+00   0.00e+00   0.00e+00   0.00e+00   0.0%
Combinational          5.08e-06   1.11e-06   2.40e-07   6.44e-06 100.0%
Clock                  0.00e+00   0.00e+00   0.00e+00   0.00e+00   0.0%
Macro                  0.00e+00   0.00e+00   0.00e+00   0.00e+00   0.0%
Pad                    0.00e+00   0.00e+00   0.00e+00   0.00e+00   0.0%
----------------------------------------------------------------
Total                  5.08e-06   1.11e-06   2.40e-07   6.44e-06 100.0%
                          79.0%      17.3%       3.7%
