
==========================================================================
global place report_tns
--------------------------------------------------------------------------
tns -0.25

==========================================================================
global place report_wns
--------------------------------------------------------------------------
wns -0.07

==========================================================================
global place report_worst_slack
--------------------------------------------------------------------------
worst slack -0.07

==========================================================================
global place report_checks -path_delay min
--------------------------------------------------------------------------
Startpoint: state[0]$_DFF_P_
            (rising edge-triggered flip-flop clocked by core_clock)
Endpoint: state[0]$_DFF_P_
          (rising edge-triggered flip-flop clocked by core_clock)
Path Group: core_clock
Path Type: min

Fanout     Cap    Slew   Delay    Time   Description
-----------------------------------------------------------------------------
                  0.00    0.00    0.00   clock core_clock (rise edge)
                          0.00    0.00   clock network delay (ideal)
                  0.00    0.00    0.00 ^ state[0]$_DFF_P_/CK (DFF_X1)
     2    2.59    0.01    0.08    0.08 v state[0]$_DFF_P_/Q (DFF_X1)
                                         state[0] (net)
                  0.01    0.00    0.08 v _1295_/A (INV_X1)
     2    3.44    0.01    0.02    0.10 ^ _1295_/ZN (INV_X1)
                                         _0563_ (net)
                  0.01    0.00    0.10 ^ _1296_/B2 (OAI21_X1)
     1    1.13    0.01    0.01    0.11 v _1296_/ZN (OAI21_X1)
                                         _0008_ (net)
                  0.01    0.00    0.11 v state[0]$_DFF_P_/D (DFF_X1)
                                  0.11   data arrival time

                  0.00    0.00    0.00   clock core_clock (rise edge)
                          0.00    0.00   clock network delay (ideal)
                          0.00    0.00   clock reconvergence pessimism
                                  0.00 ^ state[0]$_DFF_P_/CK (DFF_X1)
                          0.00    0.00   library hold time
                                  0.00   data required time
-----------------------------------------------------------------------------
                                  0.00   data required time
                                 -0.11   data arrival time
-----------------------------------------------------------------------------
                                  0.11   slack (MET)



==========================================================================
global place report_checks -path_delay max
--------------------------------------------------------------------------
Startpoint: iteration[3]$_SDFFE_PN0N_
            (rising edge-triggered flip-flop clocked by core_clock)
Endpoint: x[15]$_SDFFE_PN0N_
          (rising edge-triggered flip-flop clocked by core_clock)
Path Group: core_clock
Path Type: max

Fanout     Cap    Slew   Delay    Time   Description
-----------------------------------------------------------------------------
                  0.00    0.00    0.00   clock core_clock (rise edge)
                          0.00    0.00   clock network delay (ideal)
                  0.00    0.00    0.00 ^ iteration[3]$_SDFFE_PN0N_/CK (DFF_X1)
     2    3.62    0.01    0.08    0.08 v iteration[3]$_SDFFE_PN0N_/Q (DFF_X1)
                                         iteration[3] (net)
                  0.01    0.00    0.08 v _1306_/A (BUF_X1)
    10   17.19    0.02    0.05    0.13 v _1306_/Z (BUF_X1)
                                         _0573_ (net)
                  0.02    0.00    0.13 v _1363_/A (INV_X1)
    10   21.84    0.05    0.07    0.20 ^ _1363_/ZN (INV_X1)
                                         _0618_ (net)
                  0.05    0.00    0.20 ^ _1405_/A2 (NAND2_X1)
     5   13.95    0.03    0.05    0.25 v _1405_/ZN (NAND2_X1)
                                         _0657_ (net)
                  0.03    0.00    0.25 v _1552_/B3 (OAI33_X1)
     2    8.28    0.11    0.14    0.39 ^ _1552_/ZN (OAI33_X1)
                                         _0790_ (net)
                  0.11    0.00    0.39 ^ _1553_/A2 (NOR2_X1)
     2    5.55    0.03    0.03    0.42 v _1553_/ZN (NOR2_X1)
                                         _1233_ (net)
                  0.03    0.00    0.42 v _2353_/A (HA_X1)
     1    3.03    0.01    0.04    0.46 v _2353_/CO (HA_X1)
                                         _1235_ (net)
                  0.01    0.00    0.46 v _1609_/A (INV_X2)
     2    9.12    0.01    0.02    0.48 ^ _1609_/ZN (INV_X2)
                                         _0839_ (net)
                  0.01    0.00    0.48 ^ _1610_/A2 (NOR2_X4)
     3    7.48    0.01    0.01    0.49 v _1610_/ZN (NOR2_X4)
                                         _0840_ (net)
                  0.01    0.00    0.49 v _1688_/B2 (AOI21_X2)
     1    2.38    0.02    0.03    0.52 ^ _1688_/ZN (AOI21_X2)
                                         _0898_ (net)
                  0.02    0.00    0.52 ^ _1689_/A (XOR2_X1)
     1    3.75    0.03    0.06    0.57 ^ _1689_/Z (XOR2_X1)
                                         _1252_ (net)
                  0.03    0.00    0.58 ^ _2359_/A (HA_X1)
     3    5.84    0.04    0.07    0.65 ^ _2359_/S (HA_X1)
                                         _1254_ (net)
                  0.04    0.00    0.65 ^ _1756_/A (OAI21_X1)
     1    1.46    0.01    0.02    0.67 v _1756_/ZN (OAI21_X1)
                                         _0947_ (net)
                  0.01    0.00    0.67 v _1757_/B2 (AOI21_X1)
     3    7.62    0.05    0.06    0.73 ^ _1757_/ZN (AOI21_X1)
                                         _0948_ (net)
                  0.05    0.00    0.73 ^ _1772_/A (OAI221_X2)
     3    8.24    0.02    0.05    0.79 v _1772_/ZN (OAI221_X2)
                                         _0962_ (net)
                  0.02    0.00    0.79 v _1774_/B2 (AOI22_X2)
     2    5.44    0.03    0.06    0.84 ^ _1774_/ZN (AOI22_X2)
                                         _0964_ (net)
                  0.03    0.00    0.84 ^ _1794_/B1 (AOI221_X2)
     2    5.54    0.02    0.03    0.88 v _1794_/ZN (AOI221_X2)
                                         _0982_ (net)
                  0.02    0.00    0.88 v _1814_/B1 (AOI221_X2)
     2    3.61    0.04    0.07    0.95 ^ _1814_/ZN (AOI221_X2)
                                         _0142_ (net)
                  0.04    0.00    0.95 ^ _1815_/A1 (NAND2_X1)
     1    2.99    0.02    0.02    0.97 v _1815_/ZN (NAND2_X1)
                                         _0143_ (net)
                  0.02    0.00    0.97 v _1826_/A (AOI21_X2)
     1    3.50    0.02    0.04    1.02 ^ _1826_/ZN (AOI21_X2)
                                         _0154_ (net)
                  0.02    0.00    1.02 ^ _1831_/B (AOI211_X2)
     1    1.20    0.01    0.01    1.03 v _1831_/ZN (AOI211_X2)
                                         _0046_ (net)
                  0.01    0.00    1.03 v x[15]$_SDFFE_PN0N_/D (DFF_X1)
                                  1.03   data arrival time

                  0.00    1.00    1.00   clock core_clock (rise edge)
                          0.00    1.00   clock network delay (ideal)
                          0.00    1.00   clock reconvergence pessimism
                                  1.00 ^ x[15]$_SDFFE_PN0N_/CK (DFF_X1)
                         -0.04    0.96   library setup time
                                  0.96   data required time
-----------------------------------------------------------------------------
                                  0.96   data required time
                                 -1.03   data arrival time
-----------------------------------------------------------------------------
                                 -0.07   slack (VIOLATED)



==========================================================================
global place report_checks -unconstrained
--------------------------------------------------------------------------
Startpoint: iteration[3]$_SDFFE_PN0N_
            (rising edge-triggered flip-flop clocked by core_clock)
Endpoint: x[15]$_SDFFE_PN0N_
          (rising edge-triggered flip-flop clocked by core_clock)
Path Group: core_clock
Path Type: max

Fanout     Cap    Slew   Delay    Time   Description
-----------------------------------------------------------------------------
                  0.00    0.00    0.00   clock core_clock (rise edge)
                          0.00    0.00   clock network delay (ideal)
                  0.00    0.00    0.00 ^ iteration[3]$_SDFFE_PN0N_/CK (DFF_X1)
     2    3.62    0.01    0.08    0.08 v iteration[3]$_SDFFE_PN0N_/Q (DFF_X1)
                                         iteration[3] (net)
                  0.01    0.00    0.08 v _1306_/A (BUF_X1)
    10   17.19    0.02    0.05    0.13 v _1306_/Z (BUF_X1)
                                         _0573_ (net)
                  0.02    0.00    0.13 v _1363_/A (INV_X1)
    10   21.84    0.05    0.07    0.20 ^ _1363_/ZN (INV_X1)
                                         _0618_ (net)
                  0.05    0.00    0.20 ^ _1405_/A2 (NAND2_X1)
     5   13.95    0.03    0.05    0.25 v _1405_/ZN (NAND2_X1)
                                         _0657_ (net)
                  0.03    0.00    0.25 v _1552_/B3 (OAI33_X1)
     2    8.28    0.11    0.14    0.39 ^ _1552_/ZN (OAI33_X1)
                                         _0790_ (net)
                  0.11    0.00    0.39 ^ _1553_/A2 (NOR2_X1)
     2    5.55    0.03    0.03    0.42 v _1553_/ZN (NOR2_X1)
                                         _1233_ (net)
                  0.03    0.00    0.42 v _2353_/A (HA_X1)
     1    3.03    0.01    0.04    0.46 v _2353_/CO (HA_X1)
                                         _1235_ (net)
                  0.01    0.00    0.46 v _1609_/A (INV_X2)
     2    9.12    0.01    0.02    0.48 ^ _1609_/ZN (INV_X2)
                                         _0839_ (net)
                  0.01    0.00    0.48 ^ _1610_/A2 (NOR2_X4)
     3    7.48    0.01    0.01    0.49 v _1610_/ZN (NOR2_X4)
                                         _0840_ (net)
                  0.01    0.00    0.49 v _1688_/B2 (AOI21_X2)
     1    2.38    0.02    0.03    0.52 ^ _1688_/ZN (AOI21_X2)
                                         _0898_ (net)
                  0.02    0.00    0.52 ^ _1689_/A (XOR2_X1)
     1    3.75    0.03    0.06    0.57 ^ _1689_/Z (XOR2_X1)
                                         _1252_ (net)
                  0.03    0.00    0.58 ^ _2359_/A (HA_X1)
     3    5.84    0.04    0.07    0.65 ^ _2359_/S (HA_X1)
                                         _1254_ (net)
                  0.04    0.00    0.65 ^ _1756_/A (OAI21_X1)
     1    1.46    0.01    0.02    0.67 v _1756_/ZN (OAI21_X1)
                                         _0947_ (net)
                  0.01    0.00    0.67 v _1757_/B2 (AOI21_X1)
     3    7.62    0.05    0.06    0.73 ^ _1757_/ZN (AOI21_X1)
                                         _0948_ (net)
                  0.05    0.00    0.73 ^ _1772_/A (OAI221_X2)
     3    8.24    0.02    0.05    0.79 v _1772_/ZN (OAI221_X2)
                                         _0962_ (net)
                  0.02    0.00    0.79 v _1774_/B2 (AOI22_X2)
     2    5.44    0.03    0.06    0.84 ^ _1774_/ZN (AOI22_X2)
                                         _0964_ (net)
                  0.03    0.00    0.84 ^ _1794_/B1 (AOI221_X2)
     2    5.54    0.02    0.03    0.88 v _1794_/ZN (AOI221_X2)
                                         _0982_ (net)
                  0.02    0.00    0.88 v _1814_/B1 (AOI221_X2)
     2    3.61    0.04    0.07    0.95 ^ _1814_/ZN (AOI221_X2)
                                         _0142_ (net)
                  0.04    0.00    0.95 ^ _1815_/A1 (NAND2_X1)
     1    2.99    0.02    0.02    0.97 v _1815_/ZN (NAND2_X1)
                                         _0143_ (net)
                  0.02    0.00    0.97 v _1826_/A (AOI21_X2)
     1    3.50    0.02    0.04    1.02 ^ _1826_/ZN (AOI21_X2)
                                         _0154_ (net)
                  0.02    0.00    1.02 ^ _1831_/B (AOI211_X2)
     1    1.20    0.01    0.01    1.03 v _1831_/ZN (AOI211_X2)
                                         _0046_ (net)
                  0.01    0.00    1.03 v x[15]$_SDFFE_PN0N_/D (DFF_X1)
                                  1.03   data arrival time

                  0.00    1.00    1.00   clock core_clock (rise edge)
                          0.00    1.00   clock network delay (ideal)
                          0.00    1.00   clock reconvergence pessimism
                                  1.00 ^ x[15]$_SDFFE_PN0N_/CK (DFF_X1)
                         -0.04    0.96   library setup time
                                  0.96   data required time
-----------------------------------------------------------------------------
                                  0.96   data required time
                                 -1.03   data arrival time
-----------------------------------------------------------------------------
                                 -0.07   slack (VIOLATED)



==========================================================================
global place report_power
--------------------------------------------------------------------------
Group                  Internal  Switching    Leakage      Total
                          Power      Power      Power      Power (Watts)
----------------------------------------------------------------
Sequential             8.61e-04   6.81e-05   9.17e-06   9.38e-04  27.8%
Combinational          1.29e-03   1.11e-03   3.34e-05   2.43e-03  72.2%
Clock                  0.00e+00   0.00e+00   0.00e+00   0.00e+00   0.0%
Macro                  0.00e+00   0.00e+00   0.00e+00   0.00e+00   0.0%
Pad                    0.00e+00   0.00e+00   0.00e+00   0.00e+00   0.0%
----------------------------------------------------------------
Total                  2.15e-03   1.18e-03   4.25e-05   3.37e-03 100.0%
                          63.8%      35.0%       1.3%
