
==========================================================================
finish report_tns
--------------------------------------------------------------------------
tns 0.00

==========================================================================
finish report_wns
--------------------------------------------------------------------------
wns 0.00

==========================================================================
finish report_worst_slack
--------------------------------------------------------------------------
worst slack INF

==========================================================================
finish report_clock_skew
--------------------------------------------------------------------------
Clock core_clock
No launch/capture paths found.


==========================================================================
finish report_checks -path_delay min
--------------------------------------------------------------------------
No paths found.

==========================================================================
finish report_checks -path_delay max
--------------------------------------------------------------------------
No paths found.

==========================================================================
finish report_checks -unconstrained
--------------------------------------------------------------------------
Startpoint: tap_state[2]$_DFF_PN0_ (rising edge-triggered flip-flop)
Endpoint: update_dr (output port)
Path Group: unconstrained
Path Type: max

Fanout     Cap    Slew   Delay    Time   Description
-----------------------------------------------------------------------------
                  0.27    0.00    0.00 ^ tap_state[2]$_DFF_PN0_/CLK (gf180mcu_fd_sc_mcu9t5v0__dffrnq_2)
     7    0.10    0.39    0.67    0.67 ^ tap_state[2]$_DFF_PN0_/Q (gf180mcu_fd_sc_mcu9t5v0__dffrnq_2)
                                         tap_state[2] (net)
                  0.39    0.00    0.67 ^ _166_/I (gf180mcu_fd_sc_mcu9t5v0__inv_3)
     9    0.10    0.22    0.16    0.83 v _166_/ZN (gf180mcu_fd_sc_mcu9t5v0__inv_3)
                                         _081_ (net)
                  0.22    0.00    0.83 v _167_/A2 (gf180mcu_fd_sc_mcu9t5v0__and2_2)
     4    0.05    0.13    0.25    1.08 v _167_/Z (gf180mcu_fd_sc_mcu9t5v0__and2_2)
                                         _082_ (net)
                  0.13    0.00    1.08 v _170_/A2 (gf180mcu_fd_sc_mcu9t5v0__and2_4)
     6    0.13    0.16    0.25    1.33 v _170_/Z (gf180mcu_fd_sc_mcu9t5v0__and2_4)
                                         _084_ (net)
                  0.16    0.00    1.33 v _171_/I (gf180mcu_fd_sc_mcu9t5v0__buf_4)
    10    0.17    0.19    0.25    1.58 v _171_/Z (gf180mcu_fd_sc_mcu9t5v0__buf_4)
                                         net76 (net)
                  0.19    0.00    1.58 v output76/I (gf180mcu_fd_sc_mcu9t5v0__dlyb_2)
     1    0.01    0.16    0.75    2.33 v output76/Z (gf180mcu_fd_sc_mcu9t5v0__dlyb_2)
                                         update_dr (net)
                  0.16    0.00    2.33 v update_dr (out)
                                  2.33   data arrival time
-----------------------------------------------------------------------------
(Path is unconstrained)



==========================================================================
finish report_check_types -max_slew -max_cap -max_fanout -violators
--------------------------------------------------------------------------

==========================================================================
finish max_slew_check_slack
--------------------------------------------------------------------------
2.4100089073181152

==========================================================================
finish max_slew_check_limit
--------------------------------------------------------------------------
2.799999952316284

==========================================================================
finish max_slew_check_slack_limit
--------------------------------------------------------------------------
0.8607

==========================================================================
finish max_fanout_check_slack
--------------------------------------------------------------------------
1.0000000150474662e+30

==========================================================================
finish max_fanout_check_limit
--------------------------------------------------------------------------
1.0000000150474662e+30

==========================================================================
finish max_capacitance_check_slack
--------------------------------------------------------------------------
0.2799450159072876

==========================================================================
finish max_capacitance_check_limit
--------------------------------------------------------------------------
0.2919999957084656

==========================================================================
finish max_capacitance_check_slack_limit
--------------------------------------------------------------------------
0.9587

==========================================================================
finish max_slew_violation_count
--------------------------------------------------------------------------
max slew violation count 0

==========================================================================
finish max_fanout_violation_count
--------------------------------------------------------------------------
max fanout violation count 0

==========================================================================
finish max_cap_violation_count
--------------------------------------------------------------------------
max cap violation count 0

==========================================================================
finish setup_violation_count
--------------------------------------------------------------------------
setup violation count 0

==========================================================================
finish hold_violation_count
--------------------------------------------------------------------------
hold violation count 0

==========================================================================
finish report_checks -path_delay max reg to reg
--------------------------------------------------------------------------
No paths found.

==========================================================================
finish report_checks -path_delay min reg to reg
--------------------------------------------------------------------------
No paths found.

==========================================================================
finish critical path target clock latency max path
--------------------------------------------------------------------------
0

==========================================================================
finish critical path target clock latency min path
--------------------------------------------------------------------------
0

==========================================================================
finish critical path source clock latency min path
--------------------------------------------------------------------------
0

==========================================================================
finish critical path delay
--------------------------------------------------------------------------
-1

==========================================================================
finish critical path slack
--------------------------------------------------------------------------
0

==========================================================================
finish slack div critical path delay
--------------------------------------------------------------------------
0.000000

==========================================================================
finish report_power
--------------------------------------------------------------------------
Group                  Internal  Switching    Leakage      Total
                          Power      Power      Power      Power (Watts)
----------------------------------------------------------------
Sequential             1.15e-02   2.67e-03   4.73e-08   1.41e-02  60.8%
Combinational          7.65e-03   1.45e-03   5.98e-08   9.10e-03  39.2%
Clock                  0.00e+00   0.00e+00   4.24e-08   4.24e-08   0.0%
Macro                  0.00e+00   0.00e+00   0.00e+00   0.00e+00   0.0%
Pad                    0.00e+00   0.00e+00   0.00e+00   0.00e+00   0.0%
----------------------------------------------------------------
Total                  1.91e-02   4.13e-03   1.50e-07   2.32e-02 100.0%
                          82.2%      17.8%       0.0%
