
==========================================================================
resizer report_tns
--------------------------------------------------------------------------
tns 0.00

==========================================================================
resizer report_wns
--------------------------------------------------------------------------
wns 0.00

==========================================================================
resizer report_worst_slack
--------------------------------------------------------------------------
worst slack INF

==========================================================================
resizer report_checks -path_delay min
--------------------------------------------------------------------------
No paths found.

==========================================================================
resizer report_checks -path_delay max
--------------------------------------------------------------------------
No paths found.

==========================================================================
resizer report_checks -unconstrained
--------------------------------------------------------------------------
Startpoint: shift_amount[0] (input port)
Endpoint: data_out[31] (output port)
Path Group: unconstrained
Path Type: max

Fanout     Cap    Slew   Delay    Time   Description
-----------------------------------------------------------------------------
                          0.20    0.20 ^ input external delay
     1    0.00    0.00    0.00    0.20 ^ shift_amount[0] (in)
                                         shift_amount[0] (net)
                  0.00    0.00    0.20 ^ input33/A (sky130_fd_sc_hd__clkbuf_2)
     2    0.02    0.12    0.15    0.35 ^ input33/X (sky130_fd_sc_hd__clkbuf_2)
                                         net33 (net)
                  0.12    0.00    0.35 ^ _0924_/A (sky130_fd_sc_hd__buf_6)
    10    0.08    0.16    0.21    0.55 ^ _0924_/X (sky130_fd_sc_hd__buf_6)
                                         _0672_ (net)
                  0.16    0.00    0.56 ^ _0925_/A (sky130_fd_sc_hd__buf_6)
    10    0.07    0.14    0.21    0.76 ^ _0925_/X (sky130_fd_sc_hd__buf_6)
                                         _0683_ (net)
                  0.14    0.00    0.76 ^ _0926_/A (sky130_fd_sc_hd__clkinv_2)
     3    0.02    0.08    0.11    0.88 v _0926_/Y (sky130_fd_sc_hd__clkinv_2)
                                         _0693_ (net)
                  0.08    0.00    0.88 v _0927_/A (sky130_fd_sc_hd__buf_6)
    10    0.08    0.08    0.18    1.06 v _0927_/X (sky130_fd_sc_hd__buf_6)
                                         _0704_ (net)
                  0.08    0.00    1.06 v _0928_/A (sky130_fd_sc_hd__buf_4)
    10    0.06    0.08    0.21    1.27 v _0928_/X (sky130_fd_sc_hd__buf_4)
                                         _0920_ (net)
                  0.08    0.00    1.27 v _1878_/A (sky130_fd_sc_hd__ha_2)
     1    0.01    0.05    0.33    1.60 ^ _1878_/SUM (sky130_fd_sc_hd__ha_2)
                                         _0923_ (net)
                  0.05    0.00    1.60 ^ _0937_/A (sky130_fd_sc_hd__buf_6)
    10    0.08    0.16    0.19    1.79 ^ _0937_/X (sky130_fd_sc_hd__buf_6)
                                         _0806_ (net)
                  0.16    0.00    1.79 ^ _0938_/A (sky130_fd_sc_hd__buf_6)
    10    0.08    0.16    0.22    2.01 ^ _0938_/X (sky130_fd_sc_hd__buf_6)
                                         _0816_ (net)
                  0.16    0.00    2.01 ^ _0939_/A (sky130_fd_sc_hd__buf_4)
    10    0.07    0.19    0.26    2.27 ^ _0939_/X (sky130_fd_sc_hd__buf_4)
                                         _0826_ (net)
                  0.19    0.00    2.27 ^ _0940_/A (sky130_fd_sc_hd__buf_4)
    10    0.06    0.16    0.25    2.51 ^ _0940_/X (sky130_fd_sc_hd__buf_4)
                                         _0837_ (net)
                  0.16    0.00    2.52 ^ _0941_/A (sky130_fd_sc_hd__buf_4)
    10    0.06    0.17    0.24    2.76 ^ _0941_/X (sky130_fd_sc_hd__buf_4)
                                         _0847_ (net)
                  0.17    0.00    2.76 ^ _1692_/S (sky130_fd_sc_hd__mux2i_2)
     2    0.01    0.25    0.30    3.06 ^ _1692_/Y (sky130_fd_sc_hd__mux2i_2)
                                         _0759_ (net)
                  0.25    0.00    3.06 ^ _1693_/B (sky130_fd_sc_hd__nor2_1)
     1    0.00    0.06    0.07    3.14 v _1693_/Y (sky130_fd_sc_hd__nor2_1)
                                         _0760_ (net)
                  0.06    0.00    3.14 v _1695_/A3 (sky130_fd_sc_hd__o31ai_1)
     2    0.01    0.33    0.30    3.43 ^ _1695_/Y (sky130_fd_sc_hd__o31ai_1)
                                         _0762_ (net)
                  0.33    0.00    3.43 ^ _1759_/B (sky130_fd_sc_hd__nor2_1)
     1    0.01    0.08    0.10    3.53 v _1759_/Y (sky130_fd_sc_hd__nor2_1)
                                         _0828_ (net)
                  0.08    0.00    3.53 v _1764_/A1 (sky130_fd_sc_hd__o21ai_2)
     1    0.01    0.19    0.21    3.75 ^ _1764_/Y (sky130_fd_sc_hd__o21ai_2)
                                         _0833_ (net)
                  0.19    0.00    3.75 ^ _1774_/A2 (sky130_fd_sc_hd__a31oi_2)
     1    0.01    0.09    0.13    3.88 v _1774_/Y (sky130_fd_sc_hd__a31oi_2)
                                         net60 (net)
                  0.09    0.00    3.88 v output60/A (sky130_fd_sc_hd__clkbuf_1)
     1    0.00    0.02    0.10    3.98 v output60/X (sky130_fd_sc_hd__clkbuf_1)
                                         data_out[31] (net)
                  0.02    0.00    3.98 v data_out[31] (out)
                                  3.98   data arrival time
-----------------------------------------------------------------------------
(Path is unconstrained)



==========================================================================
resizer report_check_types -max_slew -max_cap -max_fanout -violators
--------------------------------------------------------------------------

==========================================================================
resizer max_slew_check_slack
--------------------------------------------------------------------------
0.9906089305877686

==========================================================================
resizer max_slew_check_limit
--------------------------------------------------------------------------
1.468616008758545

==========================================================================
resizer max_slew_check_slack_limit
--------------------------------------------------------------------------
0.6745

==========================================================================
resizer max_fanout_check_slack
--------------------------------------------------------------------------
1.0000000150474662e+30

==========================================================================
resizer max_fanout_check_limit
--------------------------------------------------------------------------
1.0000000150474662e+30

==========================================================================
resizer max_capacitance_check_slack
--------------------------------------------------------------------------
0.017720714211463928

==========================================================================
resizer max_capacitance_check_limit
--------------------------------------------------------------------------
0.021067000925540924

==========================================================================
resizer max_capacitance_check_slack_limit
--------------------------------------------------------------------------
0.8412

==========================================================================
resizer max_slew_violation_count
--------------------------------------------------------------------------
max slew violation count 0

==========================================================================
resizer max_fanout_violation_count
--------------------------------------------------------------------------
max fanout violation count 0

==========================================================================
resizer max_cap_violation_count
--------------------------------------------------------------------------
max cap violation count 0

==========================================================================
resizer setup_violation_count
--------------------------------------------------------------------------
setup violation count 0

==========================================================================
resizer hold_violation_count
--------------------------------------------------------------------------
hold violation count 0

==========================================================================
resizer critical path delay
--------------------------------------------------------------------------
-1

==========================================================================
resizer critical path slack
--------------------------------------------------------------------------
0

==========================================================================
resizer slack div critical path delay
--------------------------------------------------------------------------
0.000000

==========================================================================
resizer report_power
--------------------------------------------------------------------------
Group                  Internal  Switching    Leakage      Total
                          Power      Power      Power      Power (Watts)
----------------------------------------------------------------
Sequential             0.00e+00   0.00e+00   0.00e+00   0.00e+00   0.0%
Combinational          2.93e-12   4.05e-12   3.50e-09   3.51e-09 100.0%
Clock                  0.00e+00   0.00e+00   0.00e+00   0.00e+00   0.0%
Macro                  0.00e+00   0.00e+00   0.00e+00   0.00e+00   0.0%
Pad                    0.00e+00   0.00e+00   0.00e+00   0.00e+00   0.0%
----------------------------------------------------------------
Total                  2.93e-12   4.05e-12   3.50e-09   3.51e-09 100.0%
                           0.1%       0.1%      99.8%
