violation type: Metal Spacing
	srcs: net:_0079_ net:_0800_
	bbox = (35.5050, 31.2400) - (35.7950, 31.3350) on Layer met1
violation type: Metal Spacing
	srcs: net:_0277_
	bbox = (34.5850, 8.8000) - (34.8750, 8.8950) on Layer met1
violation type: Metal Spacing
	srcs: net:_0088_ net:_0089_
	bbox = (34.9650, 17.6250) - (35.0300, 17.7200) on Layer met1
violation type: Metal Spacing
	srcs: net:_0088_ net:_0089_
	bbox = (34.5700, 17.6400) - (34.8900, 17.7200) on Layer met1
violation type: Metal Spacing
	srcs: net:_0088_ net:_0089_
	bbox = (34.5700, 17.6250) - (34.8900, 17.7200) on Layer met1
violation type: Metal Spacing
	srcs: net:_0088_ net:_0089_
	bbox = (34.9650, 17.6250) - (35.0300, 17.7350) on Layer met1
violation type: Metal Spacing
	srcs: net:_0088_ net:_0847_
	bbox = (34.5700, 17.7500) - (35.2600, 17.7800) on Layer met1
violation type: Metal Spacing
	srcs: net:_0208_
	bbox = (38.2800, 3.3000) - (38.4800, 3.4100) on Layer met2
violation type: Metal Spacing
	srcs: net:_0120_
	bbox = (34.6000, 28.5500) - (34.8000, 28.6600) on Layer met2
violation type: Metal Spacing
	srcs: net:_0117_
	bbox = (32.3600, 25.4000) - (32.5600, 25.5100) on Layer met2
violation type: Metal Spacing
	srcs: net:_0088_ net:_0089_
	bbox = (34.6000, 17.6700) - (34.8600, 17.6900) on Layer met2
violation type: Metal Spacing
	srcs: net:_0088_ net:_0089_
	bbox = (34.6600, 17.6700) - (34.8000, 17.6900) on Layer met2
violation type: Metal Spacing
	srcs: net:_0088_ net:_0089_
	bbox = (34.6000, 17.6700) - (34.8600, 17.7800) on Layer met2
violation type: Metal Spacing
	srcs: net:_0088_ net:_0089_
	bbox = (34.6600, 17.6700) - (34.8000, 17.7800) on Layer met2
violation type: Metal Spacing
	srcs: net:_0201_
	bbox = (34.6000, 25.4900) - (34.8000, 25.5700) on Layer met2
violation type: Metal Spacing
	srcs: net:_0704_
	bbox = (41.3300, 30.9950) - (41.3350, 31.2250) on Layer met1
violation type: Metal Spacing
	srcs: net:_0141_ net:_0557_
	bbox = (42.3900, 30.9950) - (42.4050, 31.2250) on Layer met1
violation type: Metal Spacing
	srcs: net:_0141_ net:_0557_
	bbox = (42.3900, 31.0400) - (42.4050, 31.1800) on Layer met1
violation type: Metal Spacing
	srcs: net:_0139_ net:_0221_
	bbox = (47.9250, 25.4000) - (48.2150, 25.5050) on Layer met1
violation type: Metal Spacing
	srcs: net:_0120_ net:_0544_
	bbox = (44.0900, 31.0400) - (44.2000, 31.1800) on Layer met1
violation type: Metal Spacing
	srcs: net:_0120_ net:_0544_
	bbox = (44.0900, 31.0050) - (44.2000, 31.2350) on Layer met1
violation type: Metal Spacing
	srcs: net:_0120_ net:_0544_
	bbox = (44.0900, 31.0500) - (44.2000, 31.1800) on Layer met1
violation type: Metal Spacing
	srcs: net:_0120_ net:_0544_
	bbox = (44.0900, 31.0500) - (44.2000, 31.1900) on Layer met1
violation type: Metal Spacing
	srcs: net:_0557_ net:_0605_
	bbox = (44.7050, 30.8400) - (44.9950, 30.9450) on Layer met1
violation type: Metal Spacing
	srcs: net:_0677_
	bbox = (59.4250, 30.9000) - (59.7150, 30.9950) on Layer met1
violation type: Metal Spacing
	srcs: net:_0558_
	bbox = (51.6050, 31.2250) - (51.8950, 31.3200) on Layer met1
violation type: Metal Spacing
	srcs: net:_0295_ net:_0544_
	bbox = (41.1000, 28.8000) - (41.2450, 28.8300) on Layer met2
violation type: Metal Spacing
	srcs: net:_0295_ net:_0544_
	bbox = (41.1000, 28.8000) - (41.2400, 28.8300) on Layer met2
violation type: Metal Spacing
	srcs: net:_0481_
	bbox = (41.0400, 26.1700) - (41.2400, 26.2800) on Layer met2
violation type: Metal Spacing
	srcs: net:_0141_ net:VSS
	bbox = (42.8600, 24.2950) - (42.9400, 24.6650) on Layer met2
violation type: Metal Spacing
	srcs: net:_0141_ net:_0590_
	bbox = (42.8800, 23.4500) - (43.1400, 23.5600) on Layer met2
violation type: Metal Spacing
	srcs: net:_0120_ net:_0733_
	bbox = (45.2400, 31.2700) - (45.3800, 31.3800) on Layer met2
violation type: Metal Spacing
	srcs: net:_0120_ net:_0733_
	bbox = (45.1800, 31.2700) - (45.3800, 31.3800) on Layer met2
violation type: Metal Spacing
	srcs: net:_0920_
	bbox = (47.0200, 23.4500) - (47.2200, 23.5600) on Layer met2
violation type: Metal Spacing
	srcs: net:_0217_ net:_0721_
	bbox = (33.1900, 36.4600) - (33.2800, 36.6000) on Layer met1
violation type: Metal Spacing
	srcs: net:_0217_ net:_0721_
	bbox = (33.1900, 36.4600) - (33.2800, 36.9600) on Layer met1
violation type: Metal Spacing
	srcs: net:_0217_ net:_0721_
	bbox = (33.1900, 36.4800) - (33.2800, 36.6000) on Layer met1
violation type: Metal Spacing
	srcs: net:_0079_ net:_0217_
	bbox = (33.2450, 36.4800) - (33.2800, 36.6200) on Layer met1
violation type: Metal Spacing
	srcs: net:_0071_ net:_0150_
	bbox = (6.9400, 47.7000) - (7.0600, 47.8400) on Layer met1
violation type: Metal Spacing
	srcs: net:_0071_ net:_0150_
	bbox = (6.9400, 47.6550) - (7.0600, 47.8400) on Layer met1
violation type: Metal Spacing
	srcs: net:_0079_ net:_0133_
	bbox = (33.0700, 36.4350) - (33.1900, 36.6650) on Layer met1
violation type: Metal Spacing
	srcs: net:_0637_ net:_0658_
	bbox = (30.4300, 34.3000) - (30.6600, 34.4300) on Layer met1
violation type: Metal Spacing
	srcs: net:_0637_ net:_0658_
	bbox = (30.5200, 34.3000) - (30.6600, 34.4300) on Layer met1
violation type: Metal Spacing
	srcs: net:_0048_ net:_0138_
	bbox = (24.9100, 44.8400) - (24.9850, 44.9350) on Layer met1
violation type: Metal Spacing
	srcs: net:_0208_ net:_0247_
	bbox = (25.6000, 41.9200) - (25.6150, 42.1050) on Layer met1
violation type: Metal Spacing
	srcs: net:_0688_
	bbox = (24.0050, 34.2850) - (24.2950, 34.3800) on Layer met1
violation type: Metal Spacing
	srcs: net:_0847_
	bbox = (26.8400, 39.0450) - (27.0550, 39.1600) on Layer met1
violation type: Metal Spacing
	srcs: net:_0095_ net:_0138_
	bbox = (24.9400, 44.4400) - (25.2000, 44.5500) on Layer met2
violation type: Metal Spacing
	srcs: net:_0051_ net:_0138_
	bbox = (24.5400, 44.6100) - (24.6800, 44.6400) on Layer met2
violation type: Metal Spacing
	srcs: net:_0051_ net:_0138_
	bbox = (24.4050, 44.6400) - (24.5400, 44.8700) on Layer met2
violation type: Metal Spacing
	srcs: net:_0051_ net:_0138_
	bbox = (24.5400, 44.6100) - (24.9900, 44.6400) on Layer met2
violation type: Metal Spacing
	srcs: net:_0051_ net:_0138_
	bbox = (24.8500, 44.6100) - (24.9900, 44.6400) on Layer met2
violation type: Metal Spacing
	srcs: net:_0051_ net:_0138_
	bbox = (24.9300, 44.6100) - (24.9900, 44.6400) on Layer met2
violation type: Metal Spacing
	srcs: net:_0051_ net:_0138_
	bbox = (24.4050, 44.6400) - (24.5400, 44.7800) on Layer met2
violation type: Metal Spacing
	srcs: net:_0051_ net:_0095_
	bbox = (24.5400, 44.4400) - (24.6800, 44.5500) on Layer met2
violation type: Metal Spacing
	srcs: net:_0051_ net:_0095_
	bbox = (24.5400, 44.4400) - (24.6800, 44.4700) on Layer met2
violation type: Metal Spacing
	srcs: net:_0051_ net:_0095_
	bbox = (24.4050, 44.4400) - (24.5400, 44.4700) on Layer met2
violation type: Metal Spacing
	srcs: net:_0051_ net:_0095_
	bbox = (24.5400, 44.4400) - (24.9900, 44.5500) on Layer met2
violation type: Metal Spacing
	srcs: net:_0051_ net:_0095_
	bbox = (24.5400, 44.4400) - (24.9900, 44.4700) on Layer met2
violation type: Metal Spacing
	srcs: net:_0099_ net:_0723_
	bbox = (27.2400, 34.6700) - (27.5000, 34.7800) on Layer met2
violation type: Metal Spacing
	srcs: net:_0660_ net:VDD
	bbox = (29.1400, 37.8100) - (29.2800, 37.8950) on Layer met2
violation type: Metal Spacing
	srcs: net:_0660_ net:VDD
	bbox = (29.1400, 37.8100) - (29.2900, 37.8950) on Layer met2
violation type: Metal Spacing
	srcs: net:_0249_ net:_0673_
	bbox = (25.4600, 41.7200) - (25.6000, 41.7500) on Layer met2
violation type: Metal Spacing
	srcs: net:_0249_ net:_0673_
	bbox = (25.0000, 41.7200) - (25.6000, 41.7500) on Layer met2
violation type: Metal Spacing
	srcs: net:_0060_
	bbox = (13.5000, 79.4600) - (13.7000, 79.5700) on Layer met2
violation type: Metal Spacing
	srcs: net:_0090_ net:_0098_
	bbox = (35.9650, 88.3600) - (36.2550, 88.4550) on Layer met1
violation type: Metal Spacing
	srcs: net:_0055_ net:_0090_
	bbox = (34.3400, 96.5300) - (34.6600, 96.6600) on Layer met1
violation type: Metal Spacing
	srcs: net:_0055_ net:_0058_
	bbox = (34.3400, 96.4700) - (34.5200, 96.6000) on Layer met1
violation type: Metal Spacing
	srcs: net:_0055_ net:_0058_
	bbox = (34.3400, 96.5300) - (34.5200, 96.6000) on Layer met1
violation type: Metal Spacing
	srcs: net:_0455_ net:_0469_
	bbox = (72.5500, 101.6050) - (72.5950, 101.6500) on Layer met1
violation type: Metal Spacing
	srcs: net:_0455_ net:_0469_
	bbox = (72.5500, 101.5600) - (73.0700, 101.6500) on Layer met1
violation type: Metal Spacing
	srcs: net:_0455_ net:_0469_
	bbox = (72.7500, 101.5600) - (73.0700, 101.5900) on Layer met1
violation type: Metal Spacing
	srcs: net:_0455_ net:_0469_
	bbox = (72.8400, 101.5600) - (73.0700, 101.5900) on Layer met1
violation type: Metal Spacing
	srcs: net:_0080_ net:_0298_
	bbox = (37.4200, 84.7300) - (37.5600, 84.7600) on Layer met2
violation type: Metal Spacing
	srcs: net:_0055_ net:_0058_
	bbox = (34.4300, 96.1200) - (34.5700, 96.2400) on Layer met2
violation type: Metal Spacing
	srcs: net:_0055_ net:_0058_
	bbox = (34.4300, 96.1200) - (34.6300, 96.2400) on Layer met2
violation type: Metal Spacing
	srcs: net:_0058_ net:_0260_
	bbox = (34.4300, 96.8000) - (34.5700, 96.8300) on Layer met2
violation type: Metal Spacing
	srcs: net:_0055_ net:_0058_
	bbox = (34.2300, 96.4700) - (34.6300, 96.5700) on Layer met2
violation type: Metal Spacing
	srcs: net:_0055_ net:_0058_
	bbox = (34.3700, 96.5600) - (34.6300, 96.5700) on Layer met2
violation type: Metal Spacing
	srcs: net:_0055_ net:_0058_
	bbox = (34.2300, 96.4700) - (34.5700, 96.5700) on Layer met2
violation type: Metal Spacing
	srcs: net:_0055_ net:_0058_
	bbox = (34.3700, 96.5600) - (34.5700, 96.5700) on Layer met2
violation type: Metal Spacing
	srcs: net:_0058_ net:_0260_
	bbox = (34.2900, 96.8000) - (34.5700, 96.8300) on Layer met2
violation type: Metal Spacing
	srcs: net:_0055_ net:_0058_
	bbox = (34.2300, 96.4700) - (34.4900, 96.5700) on Layer met2
violation type: Metal Spacing
	srcs: net:_0055_ net:_0058_
	bbox = (34.3700, 96.5600) - (34.4900, 96.5700) on Layer met2
violation type: Metal Spacing
	srcs: net:_0055_ net:_0058_
	bbox = (34.3700, 96.5600) - (34.5700, 96.6600) on Layer met2
violation type: Metal Spacing
	srcs: net:_0055_ net:_0058_
	bbox = (34.3700, 96.5600) - (34.6300, 96.6600) on Layer met2
violation type: Metal Spacing
	srcs: net:_0051_ net:_0770_
	bbox = (37.2750, 44.4850) - (37.3450, 44.5950) on Layer met1
violation type: Metal Spacing
	srcs: net:_0250_ net:_0651_
	bbox = (48.1400, 58.2400) - (48.1550, 58.3600) on Layer met1
violation type: Metal Spacing
	srcs: net:_0250_ net:_0651_
	bbox = (48.1400, 58.2200) - (48.1550, 58.3600) on Layer met1
violation type: Metal Spacing
	srcs: net:_0250_ net:_0651_
	bbox = (48.1400, 58.1950) - (48.1550, 58.4250) on Layer met1
violation type: Metal Spacing
	srcs: net:_0820_
	bbox = (38.7250, 42.1050) - (39.0150, 42.2000) on Layer met1
violation type: Metal Spacing
	srcs: net:_0221_
	bbox = (52.5250, 55.7200) - (52.8150, 55.8150) on Layer met1
violation type: Metal Spacing
	srcs: net:_0090_ inst:_1747_
	bbox = (35.9950, 80.0000) - (36.0150, 80.1400) on Layer met1
violation type: Metal Spacing
	srcs: net:_0250_
	bbox = (48.4450, 58.2400) - (48.4600, 58.3800) on Layer met1
violation type: Metal Spacing
	srcs: net:_0250_
	bbox = (48.4450, 58.2200) - (48.4600, 58.3800) on Layer met1
violation type: Metal Spacing
	srcs: net:_0899_
	bbox = (68.3800, 61.3000) - (68.4400, 61.4400) on Layer met1
violation type: Metal Spacing
	srcs: net:_0899_ net:_0907_
	bbox = (68.7300, 61.1550) - (68.7600, 61.2550) on Layer met1
violation type: Metal Spacing
	srcs: net:_0899_
	bbox = (68.3800, 61.2900) - (68.4400, 61.4400) on Layer met1
violation type: Metal Spacing
	srcs: net:_0899_ net:_0907_
	bbox = (68.7300, 61.1550) - (68.7600, 61.2900) on Layer met1
violation type: Metal Spacing
	srcs: net:_0899_
	bbox = (68.3800, 61.4400) - (68.4400, 61.4700) on Layer met1
violation type: Metal Spacing
	srcs: net:_0900_ net:_0901_
	bbox = (72.2900, 82.9200) - (72.6100, 83.0000) on Layer met1
violation type: Metal Spacing
	srcs: net:_0900_ net:_0901_
	bbox = (72.2900, 82.8700) - (72.6100, 83.0000) on Layer met1
violation type: Metal Spacing
	srcs: net:_0409_ net:_0629_
	bbox = (66.3400, 67.0500) - (66.4800, 67.0800) on Layer met1
violation type: Metal Spacing
	srcs: net:_0409_ net:_0629_
	bbox = (65.4850, 67.0500) - (65.6950, 67.0800) on Layer met1
violation type: Metal Spacing
	srcs: net:_0409_ net:_0629_
	bbox = (65.4850, 67.0500) - (66.4800, 67.0800) on Layer met1
violation type: Metal Spacing
	srcs: net:_0031_ net:_0907_
	bbox = (69.3000, 61.2550) - (69.4000, 61.4850) on Layer met1
violation type: Metal Spacing
	srcs: net:_0031_ net:_0907_
	bbox = (69.3000, 61.3000) - (69.4000, 61.4400) on Layer met1
violation type: Metal Spacing
	srcs: net:_0032_
	bbox = (82.7150, 60.9150) - (82.7300, 61.1000) on Layer met1
violation type: Metal Spacing
	srcs: net:_0032_
	bbox = (82.6400, 60.9150) - (82.7300, 61.1000) on Layer met1
violation type: Metal Spacing
	srcs: net:_0439_ net:_0645_
	bbox = (70.9500, 80.5250) - (71.0900, 80.6200) on Layer met1
violation type: Metal Spacing
	srcs: net:_0439_ net:_0645_
	bbox = (70.9250, 80.5250) - (71.2150, 80.6200) on Layer met1
violation type: Metal Spacing
	srcs: net:_0646_ net:_0909_
	bbox = (71.6900, 80.8800) - (71.7800, 80.9750) on Layer met1
violation type: Metal Spacing
	srcs: net:_0221_
	bbox = (39.2600, 34.4100) - (39.4000, 34.4300) on Layer met2
violation type: Metal Spacing
	srcs: net:_0221_
	bbox = (39.2600, 34.4100) - (39.8600, 34.4300) on Layer met2
violation type: Metal Spacing
	srcs: net:_0032_ net:_0724_
	bbox = (71.0000, 61.4400) - (71.1250, 61.5500) on Layer met2
violation type: Metal Spacing
	srcs: net:_0032_ net:_0724_
	bbox = (70.9850, 61.4400) - (71.1250, 61.5500) on Layer met2
violation type: Metal Spacing
	srcs: net:_0032_ net:_0724_
	bbox = (70.9400, 61.4400) - (71.1250, 61.5500) on Layer met2
violation type: Metal Spacing
	srcs: net:_0676_
	bbox = (53.5200, 34.3300) - (53.7200, 34.4300) on Layer met2
violation type: Metal Spacing
	srcs: net:_0187_
	bbox = (70.5400, 80.5700) - (70.6900, 80.6800) on Layer met2
violation type: Metal Spacing
	srcs: net:_0187_
	bbox = (70.5500, 80.5700) - (70.6900, 80.6800) on Layer met2
violation type: Metal Spacing
	srcs: net:_0435_ net:_0868_
	bbox = (67.3200, 61.4400) - (67.3800, 61.4700) on Layer met2
violation type: Metal Spacing
	srcs: net:_0435_ net:_0868_
	bbox = (67.0900, 61.4400) - (67.3800, 61.4700) on Layer met2
violation type: Metal Spacing
	srcs: net:_0435_ net:_0868_
	bbox = (67.2400, 61.4400) - (67.3800, 61.4700) on Layer met2
violation type: Metal Spacing
	srcs: net:_0900_ net:_0901_
	bbox = (72.3200, 82.9500) - (72.5800, 82.9700) on Layer met2
violation type: Metal Spacing
	srcs: net:_0900_ net:_0901_
	bbox = (72.3200, 82.8600) - (72.5800, 82.9700) on Layer met2
violation type: Metal Spacing
	srcs: net:_0629_
	bbox = (72.3200, 66.9700) - (72.5200, 67.0800) on Layer met2
violation type: Metal Spacing
	srcs: net:_0054_
	bbox = (42.4200, 82.6100) - (42.6200, 82.7300) on Layer met2
violation type: Metal Spacing
	srcs: net:_0054_
	bbox = (42.4200, 82.8700) - (42.6200, 82.9700) on Layer met2
violation type: Metal Spacing
	srcs: net:_0323_ net:_0415_
	bbox = (67.7800, 82.6900) - (67.9200, 82.7300) on Layer met2
violation type: Metal Spacing
	srcs: net:_0323_ net:_0415_
	bbox = (67.7800, 82.6900) - (67.9300, 82.7300) on Layer met2
violation type: Metal Spacing
	srcs: net:_0020_ net:_0040_
	bbox = (74.2200, 80.5700) - (74.4200, 80.6800) on Layer met2
violation type: Metal Spacing
	srcs: net:_0046_ net:_0889_
	bbox = (74.6800, 82.0100) - (74.8200, 82.0400) on Layer met2
violation type: Metal Spacing
	srcs: net:_0754_ net:_0889_
	bbox = (74.6800, 82.0100) - (74.8200, 82.0400) on Layer met2
violation type: Metal Spacing
	srcs: net:_0754_ net:_0889_
	bbox = (74.6800, 82.0100) - (75.2800, 82.0400) on Layer met2
violation type: Metal Spacing
	srcs: net:_0372_
	bbox = (81.0600, 77.4200) - (81.2600, 77.5300) on Layer met2
violation type: Short
	srcs: net:_0079_ net:_0657_
	bbox = (36.9600, 30.9950) - (37.1000, 31.2250) on Layer met1
violation type: Short
	srcs: net:_0079_ net:_0657_
	bbox = (36.9600, 31.0400) - (37.1000, 31.1800) on Layer met1
violation type: Short
	srcs: net:_0088_ net:_0847_
	bbox = (35.1200, 17.7200) - (35.2600, 17.7500) on Layer met1
violation type: Short
	srcs: net:_0088_ net:_0847_
	bbox = (35.0300, 17.7200) - (35.2600, 17.7500) on Layer met1
violation type: Short
	srcs: net:_0088_ net:_0847_
	bbox = (34.5700, 17.7200) - (34.8900, 17.7500) on Layer met1
violation type: Short
	srcs: net:_0088_ net:_0847_
	bbox = (35.1200, 17.7350) - (35.2600, 17.7500) on Layer met1
violation type: Short
	srcs: net:_0088_ net:_0847_
	bbox = (35.0300, 17.7350) - (35.2600, 17.7500) on Layer met1
violation type: Short
	srcs: net:_0089_ net:_0847_
	bbox = (34.5700, 17.6100) - (34.8900, 17.6400) on Layer met1
violation type: Short
	srcs: net:_0089_ net:_0847_
	bbox = (34.5700, 17.6100) - (34.9650, 17.6250) on Layer met1
violation type: Short
	srcs: net:_0847_ inst:_1046_
	bbox = (34.2000, 17.7350) - (34.3400, 17.7500) on Layer met1
violation type: Short
	srcs: net:_0847_ inst:_1046_
	bbox = (34.2000, 17.7350) - (34.4200, 17.7500) on Layer met1
violation type: Short
	srcs: net:_0206_ net:_0273_
	bbox = (39.2600, 9.2800) - (39.4000, 9.4200) on Layer met1
violation type: Short
	srcs: net:_0206_ net:_0273_
	bbox = (39.2600, 9.2800) - (39.4000, 9.4300) on Layer met1
violation type: Short
	srcs: net:_0206_ net:_0273_
	bbox = (39.2600, 9.2900) - (39.4000, 9.4300) on Layer met1
violation type: Short
	srcs: net:_0206_ net:_0273_
	bbox = (38.8000, 9.2900) - (38.9400, 9.4200) on Layer met1
violation type: Short
	srcs: net:_0206_ net:_0273_
	bbox = (38.8000, 9.2900) - (39.4000, 9.4200) on Layer met1
violation type: Short
	srcs: net:_0206_ net:_0273_
	bbox = (39.2600, 9.2900) - (39.4000, 9.4200) on Layer met1
violation type: Short
	srcs: net:_0140_ net:_0803_
	bbox = (38.3400, 31.0400) - (38.4800, 31.1600) on Layer met1
violation type: Short
	srcs: net:_0140_ net:_0803_
	bbox = (38.3400, 31.0200) - (38.4800, 31.1600) on Layer met1
violation type: Short
	srcs: net:_0295_ net:_0481_
	bbox = (40.6400, 26.2800) - (40.7800, 26.4200) on Layer met2
violation type: Short
	srcs: net:_0138_ net:_0201_
	bbox = (33.7400, 25.5700) - (33.8800, 25.7100) on Layer met2
violation type: Short
	srcs: net:_0138_ net:_0201_
	bbox = (33.2800, 25.5700) - (33.4200, 25.7100) on Layer met2
violation type: Short
	srcs: net:_0138_ net:_0201_
	bbox = (33.2800, 25.5700) - (33.8800, 25.7100) on Layer met2
violation type: Short
	srcs: net:_0143_ net:_0605_
	bbox = (38.8000, 29.3950) - (38.9400, 29.6500) on Layer met2
violation type: Short
	srcs: net:_0143_ net:_0605_
	bbox = (38.8000, 29.5100) - (38.9400, 29.6500) on Layer met2
violation type: Short
	srcs: net:_0143_ net:_0605_
	bbox = (38.7300, 29.5100) - (38.9400, 29.6500) on Layer met2
violation type: Short
	srcs: net:_0088_ net:_0201_
	bbox = (34.2000, 25.5700) - (34.3400, 25.7100) on Layer met2
violation type: Short
	srcs: net:_0557_ net:_0704_
	bbox = (42.2490, 30.9900) - (42.2510, 31.2400) on Layer met1
violation type: Short
	srcs: net:_0557_ net:_0704_
	bbox = (42.2490, 30.9900) - (42.2510, 31.1300) on Layer met1
violation type: Short
	srcs: net:_0557_ net:_0704_
	bbox = (42.2490, 31.0400) - (42.2510, 31.1800) on Layer met1
violation type: Short
	srcs: net:_0557_ net:_0704_
	bbox = (42.2490, 31.0400) - (42.2510, 31.1300) on Layer met1
violation type: Short
	srcs: net:_0140_ net:_0605_
	bbox = (42.9400, 30.3600) - (43.0800, 30.5000) on Layer met1
violation type: Short
	srcs: net:_0140_ net:_0605_
	bbox = (43.4000, 30.3600) - (43.5400, 30.5000) on Layer met1
violation type: Short
	srcs: net:_0140_ net:_0605_
	bbox = (45.1650, 30.3600) - (45.4550, 30.5000) on Layer met1
violation type: Short
	srcs: net:_0140_ net:_0605_
	bbox = (42.9400, 30.3600) - (43.5400, 30.5000) on Layer met1
violation type: Short
	srcs: net:_0140_ net:_0605_
	bbox = (45.2400, 30.3600) - (45.3800, 30.5000) on Layer met1
violation type: Short
	srcs: net:_0141_ net:_0557_
	bbox = (42.4050, 30.9950) - (42.6950, 31.1300) on Layer met1
violation type: Short
	srcs: net:_0141_ net:_0557_
	bbox = (42.8500, 30.9900) - (43.1700, 31.1300) on Layer met1
violation type: Short
	srcs: net:_0141_ net:_0557_
	bbox = (42.4050, 31.0400) - (43.1700, 31.1300) on Layer met1
violation type: Short
	srcs: net:_0221_ net:_0920_
	bbox = (47.5400, 25.6000) - (47.6800, 25.7850) on Layer met1
violation type: Short
	srcs: net:_0221_ net:_0920_
	bbox = (47.5400, 25.6500) - (47.6800, 25.7850) on Layer met1
violation type: Short
	srcs: net:_0221_ net:_0920_
	bbox = (47.5400, 25.6500) - (47.6800, 25.7400) on Layer met1
violation type: Short
	srcs: net:_0221_ net:_0920_
	bbox = (47.5400, 25.6000) - (47.6800, 25.7400) on Layer met1
violation type: Short
	srcs: net:_0139_ net:_0221_
	bbox = (48.4600, 25.2600) - (48.6000, 25.4000) on Layer met1
violation type: Short
	srcs: net:_0221_ net:_0920_
	bbox = (47.5400, 25.6500) - (47.7550, 25.7850) on Layer met1
violation type: Short
	srcs: net:_0221_ net:_0920_
	bbox = (47.4650, 25.6500) - (47.7550, 25.7400) on Layer met1
violation type: Short
	srcs: net:_0221_ net:_0920_
	bbox = (47.4650, 25.6000) - (47.6800, 25.7400) on Layer met1
violation type: Short
	srcs: net:_0139_ net:_0920_
	bbox = (47.9250, 25.6500) - (48.2150, 25.7350) on Layer met1
violation type: Short
	srcs: net:_0139_ net:_0920_
	bbox = (48.4600, 25.6500) - (48.6000, 25.6900) on Layer met1
violation type: Short
	srcs: net:_0139_ net:_0920_
	bbox = (47.9250, 25.6500) - (48.6000, 25.6900) on Layer met1
violation type: Short
	srcs: net:_0129_ net:_0280_
	bbox = (46.1600, 22.8800) - (46.3000, 23.0200) on Layer met1
violation type: Short
	srcs: net:_0129_ net:_0142_
	bbox = (45.2400, 22.5400) - (45.9150, 22.6800) on Layer met1
violation type: Short
	srcs: net:_0129_ net:_0142_
	bbox = (45.6250, 22.5400) - (45.9150, 22.6800) on Layer met1
violation type: Short
	srcs: net:_0129_ net:_0142_
	bbox = (45.2400, 22.5400) - (45.3800, 22.6800) on Layer met1
violation type: Short
	srcs: net:_0142_ net:_0202_
	bbox = (46.0850, 20.8400) - (46.3750, 20.9800) on Layer met1
violation type: Short
	srcs: net:_0142_ net:_0202_
	bbox = (45.6100, 20.8400) - (46.3750, 20.9800) on Layer met1
violation type: Short
	srcs: net:_0142_ net:_0202_
	bbox = (45.6100, 20.8400) - (45.9300, 20.9800) on Layer met1
violation type: Short
	srcs: net:_0142_ net:_0280_
	bbox = (45.2400, 22.8800) - (45.3800, 23.0200) on Layer met1
violation type: Short
	srcs: net:_0120_ net:_0557_
	bbox = (44.2000, 31.0050) - (44.4900, 31.1300) on Layer met1
violation type: Short
	srcs: net:_0120_ net:_0557_
	bbox = (44.7050, 31.0500) - (44.9950, 31.1750) on Layer met1
violation type: Short
	srcs: net:_0120_ net:_0557_
	bbox = (44.2000, 31.0500) - (44.9950, 31.1300) on Layer met1
violation type: Short
	srcs: net:_0196_ net:_0544_
	bbox = (45.7000, 29.3400) - (45.8400, 29.4800) on Layer met1
violation type: Short
	srcs: net:_0196_ net:_0544_
	bbox = (45.2400, 29.3400) - (45.3800, 29.4800) on Layer met1
violation type: Short
	srcs: net:_0196_ net:_0544_
	bbox = (45.2400, 29.3400) - (45.8400, 29.4800) on Layer met1
violation type: Short
	srcs: net:_0544_ net:_0557_
	bbox = (43.3250, 30.9950) - (43.6150, 31.1300) on Layer met1
violation type: Short
	srcs: net:_0544_ net:_0557_
	bbox = (43.7700, 30.9900) - (44.0900, 31.1300) on Layer met1
violation type: Short
	srcs: net:_0544_ net:_0557_
	bbox = (43.3250, 31.0400) - (44.0900, 31.1300) on Layer met1
violation type: Short
	srcs: net:_0195_ net:_0920_
	bbox = (46.6200, 23.5600) - (46.7600, 23.7000) on Layer met2
violation type: Short
	srcs: net:_0195_ net:_0488_
	bbox = (45.2400, 28.1500) - (45.3800, 28.2900) on Layer met2
violation type: Short
	srcs: net:_0195_ net:_0544_
	bbox = (45.7000, 28.1500) - (45.8400, 28.2900) on Layer met2
violation type: Short
	srcs: net:_0295_ net:_0544_
	bbox = (41.1050, 28.6600) - (41.2400, 28.8000) on Layer met2
violation type: Short
	srcs: net:_0295_ net:_0544_
	bbox = (41.1050, 28.6600) - (41.2450, 28.8000) on Layer met2
violation type: Short
	srcs: net:_0141_ net:_0590_
	bbox = (42.9400, 23.5600) - (43.0800, 23.7000) on Layer met2
violation type: Short
	srcs: net:_0141_ net:_0590_
	bbox = (42.9400, 24.9200) - (43.0800, 25.4000) on Layer met2
violation type: Short
	srcs: net:_0141_ net:_0590_
	bbox = (42.9400, 24.9200) - (43.0800, 25.0600) on Layer met2
violation type: Short
	srcs: net:_0141_ net:_0590_
	bbox = (42.9400, 25.2600) - (43.0800, 25.4000) on Layer met2
violation type: Short
	srcs: net:_0488_ net:_0733_
	bbox = (44.7800, 31.3800) - (44.9200, 31.5200) on Layer met2
violation type: Short
	srcs: net:_0158_ net:_0590_
	bbox = (43.4000, 23.5600) - (43.5400, 23.7000) on Layer met2
violation type: Short
	srcs: net:_0217_ net:_0723_
	bbox = (33.2800, 36.1400) - (33.4200, 36.2800) on Layer met1
violation type: Short
	srcs: net:_0217_ net:_0721_
	bbox = (33.2800, 36.8200) - (33.4200, 36.9600) on Layer met1
violation type: Short
	srcs: net:_0133_ net:_0217_
	bbox = (33.2800, 36.4200) - (33.4200, 36.6800) on Layer met1
violation type: Short
	srcs: net:_0133_ net:_0217_
	bbox = (33.2800, 36.4800) - (33.4200, 36.6200) on Layer met1
violation type: Short
	srcs: net:_0217_ net:_0721_
	bbox = (31.4400, 36.8200) - (31.5800, 36.9600) on Layer met1
violation type: Short
	srcs: net:_0217_ net:_0721_
	bbox = (31.4400, 36.4900) - (31.5800, 36.9600) on Layer met1
violation type: Short
	srcs: net:_0217_ net:_0721_
	bbox = (31.4400, 36.4900) - (31.5800, 36.6200) on Layer met1
violation type: Short
	srcs: net:_0217_ net:_0721_
	bbox = (31.4400, 36.4900) - (31.5800, 36.6000) on Layer met1
violation type: Short
	srcs: net:_0217_ net:_0721_
	bbox = (31.4400, 36.4900) - (31.5800, 36.6300) on Layer met1
violation type: Short
	srcs: net:_0217_ net:_0801_
	bbox = (32.3600, 36.7750) - (32.5000, 37.0050) on Layer met1
violation type: Short
	srcs: net:_0217_ net:_0721_
	bbox = (33.0500, 36.8200) - (33.4200, 36.9600) on Layer met1
violation type: Short
	srcs: net:_0217_ net:_0721_
	bbox = (33.0500, 36.8200) - (33.1900, 36.9600) on Layer met1
violation type: Short
	srcs: net:_0217_ net:_0801_
	bbox = (32.3600, 36.8200) - (32.5000, 36.9600) on Layer met1
violation type: Short
	srcs: net:_0047_ net:_0239_
	bbox = (28.6800, 36.8200) - (28.8200, 36.9600) on Layer met1
violation type: Short
	srcs: net:_0047_ net:_0239_
	bbox = (28.2200, 36.8200) - (28.3600, 37.0200) on Layer met1
violation type: Short
	srcs: net:_0047_ net:_0239_
	bbox = (28.2200, 36.8200) - (28.3600, 36.9600) on Layer met1
violation type: Short
	srcs: net:_0047_ net:_0239_
	bbox = (28.2200, 36.8200) - (28.4500, 36.9600) on Layer met1
violation type: Short
	srcs: net:_0047_ net:_0239_
	bbox = (28.2200, 36.8200) - (28.8200, 36.9600) on Layer met1
violation type: Short
	srcs: net:_0133_ net:_0721_
	bbox = (33.1890, 36.4600) - (33.1910, 36.6000) on Layer met1
violation type: Short
	srcs: net:_0133_ net:_0721_
	bbox = (33.1890, 36.4600) - (33.1910, 36.6800) on Layer met1
violation type: Short
	srcs: net:_0133_ net:_0721_
	bbox = (33.1890, 36.4800) - (33.1910, 36.6000) on Layer met1
violation type: Short
	srcs: net:_0079_ net:_0133_
	bbox = (33.1900, 36.4800) - (33.2450, 36.6200) on Layer met1
violation type: Short
	srcs: net:_0133_ net:_0721_
	bbox = (33.1890, 36.4800) - (33.1910, 36.6200) on Layer met1
violation type: Short
	srcs: net:_0240_ net:_0673_
	bbox = (25.9200, 42.9400) - (26.0600, 43.0800) on Layer met1
violation type: Short
	srcs: net:_0240_ net:_0247_
	bbox = (23.2850, 42.6000) - (23.3000, 43.0800) on Layer met1
violation type: Short
	srcs: net:_0240_ net:_0247_
	bbox = (23.2850, 42.9400) - (23.3000, 43.0800) on Layer met1
violation type: Short
	srcs: net:_0240_ net:_0247_
	bbox = (23.1600, 42.6000) - (23.3000, 42.7400) on Layer met1
violation type: Short
	srcs: net:_0240_ net:_0673_
	bbox = (25.3700, 42.9400) - (26.0600, 43.0800) on Layer met1
violation type: Short
	srcs: net:_0240_ net:_0673_
	bbox = (25.3700, 42.9400) - (25.6900, 43.0800) on Layer met1
violation type: Short
	srcs: net:_0637_ net:_0658_
	bbox = (30.0600, 34.1000) - (30.2000, 34.2400) on Layer met1
violation type: Short
	srcs: net:_0048_ net:_0138_
	bbox = (25.4600, 44.6400) - (25.6000, 44.8250) on Layer met1
violation type: Short
	srcs: net:_0048_ net:_0138_
	bbox = (25.4600, 44.6400) - (25.6750, 44.7800) on Layer met1
violation type: Short
	srcs: net:_0048_ net:_0138_
	bbox = (25.4600, 44.6400) - (25.6000, 44.7800) on Layer met1
violation type: Short
	srcs: net:_0208_ net:_0247_
	bbox = (25.4600, 41.9200) - (25.6000, 42.0600) on Layer met1
violation type: Short
	srcs: net:_0208_ net:_0247_
	bbox = (25.4600, 41.9200) - (25.9050, 42.0600) on Layer met1
violation type: Short
	srcs: net:_0208_ net:_0247_
	bbox = (25.6150, 41.9200) - (25.9050, 42.0600) on Layer met1
violation type: Short
	srcs: net:_0723_ net:_0801_
	bbox = (32.3600, 36.1400) - (32.5000, 36.2800) on Layer met1
violation type: Short
	srcs: net:_0688_ net:_0722_
	bbox = (22.7000, 34.4400) - (22.8400, 34.5800) on Layer met1
violation type: Short
	srcs: net:_0544_ net:_0661_
	bbox = (29.5100, 34.7800) - (29.8300, 34.9200) on Layer met1
violation type: Short
	srcs: net:_0673_ net:_0847_
	bbox = (25.0000, 38.5200) - (25.1400, 38.6600) on Layer met1
violation type: Short
	srcs: net:_0673_ net:_0847_
	bbox = (25.4600, 38.5200) - (25.6000, 38.6600) on Layer met1
violation type: Short
	srcs: net:_0673_ net:_0847_
	bbox = (25.0000, 38.5200) - (25.6000, 38.6600) on Layer met1
violation type: Short
	srcs: net:_0689_ net:_0847_
	bbox = (26.8400, 39.2550) - (26.9800, 39.3000) on Layer met1
violation type: Short
	srcs: net:_0689_ net:_0847_
	bbox = (27.3000, 39.2550) - (27.4400, 39.3950) on Layer met1
violation type: Short
	srcs: net:_0689_ net:_0847_
	bbox = (27.3000, 39.2550) - (27.4400, 39.3400) on Layer met1
violation type: Short
	srcs: net:_0689_ net:_0847_
	bbox = (27.3000, 39.1600) - (27.4400, 39.3950) on Layer met1
violation type: Short
	srcs: net:_0689_ net:_0847_
	bbox = (26.8400, 39.2550) - (27.4400, 39.3000) on Layer met1
violation type: Short
	srcs: net:_0689_ net:_0847_
	bbox = (27.3000, 39.1600) - (27.4400, 39.3000) on Layer met1
violation type: Short
	srcs: net:_0079_ net:_0721_
	bbox = (32.7300, 36.4600) - (33.0500, 36.6000) on Layer met1
violation type: Short
	srcs: net:_0079_ net:_0721_
	bbox = (32.7300, 36.4600) - (33.0700, 36.6000) on Layer met1
violation type: Short
	srcs: net:_0079_ net:_0721_
	bbox = (32.7300, 36.4800) - (33.1900, 36.6000) on Layer met1
violation type: Short
	srcs: net:_0079_ net:_0721_
	bbox = (32.7300, 36.4600) - (32.8600, 36.6200) on Layer met1
violation type: Short
	srcs: net:_0079_ net:_0721_
	bbox = (32.7300, 36.4800) - (32.8600, 36.6200) on Layer met1
violation type: Short
	srcs: net:_0079_ net:_0721_
	bbox = (33.0490, 36.4600) - (33.0510, 36.6800) on Layer met1
violation type: Short
	srcs: net:_0079_ net:_0721_
	bbox = (33.0500, 36.4600) - (33.0700, 36.6650) on Layer met1
violation type: Short
	srcs: net:_0079_ net:_0721_
	bbox = (33.0500, 36.4800) - (33.1900, 36.6200) on Layer met1
violation type: Short
	srcs: net:_0721_ net:_0801_
	bbox = (32.3600, 36.4800) - (32.5000, 36.6200) on Layer met1
violation type: Short
	srcs: net:_0079_ net:_0721_
	bbox = (32.7300, 36.4800) - (33.0500, 36.6000) on Layer met1
violation type: Short
	srcs: net:_0079_ net:_0721_
	bbox = (32.7300, 36.4800) - (33.0700, 36.6000) on Layer met1
violation type: Short
	srcs: net:_0721_ net:_0801_
	bbox = (32.3600, 36.4800) - (32.5000, 36.6000) on Layer met1
violation type: Short
	srcs: net:_0047_ net:_0217_
	bbox = (23.6200, 36.9900) - (23.7600, 37.2450) on Layer met2
violation type: Short
	srcs: net:_0047_ net:_0217_
	bbox = (23.6200, 36.9900) - (23.8200, 37.1300) on Layer met2
violation type: Short
	srcs: net:_0047_ net:_0217_
	bbox = (23.6200, 37.5000) - (23.7600, 37.6400) on Layer met2
violation type: Short
	srcs: net:_0047_ net:_0217_
	bbox = (23.6200, 36.9900) - (23.7600, 37.6400) on Layer met2
violation type: Short
	srcs: net:_0047_ net:_0217_
	bbox = (23.6200, 36.9900) - (23.7600, 37.1300) on Layer met2
violation type: Short
	srcs: net:_0047_ net:_0217_
	bbox = (23.6200, 36.9900) - (23.8300, 37.1300) on Layer met2
violation type: Short
	srcs: net:_0133_ net:_0801_
	bbox = (32.8200, 34.4300) - (32.9600, 34.5700) on Layer met2
violation type: Short
	srcs: net:_0133_ net:_0801_
	bbox = (32.7600, 34.4300) - (33.0200, 34.5700) on Layer met2
violation type: Short
	srcs: net:_0079_ net:_0133_
	bbox = (33.2800, 36.4800) - (33.4200, 36.6200) on Layer met2
violation type: Short
	srcs: net:_0079_ net:_0133_
	bbox = (33.2800, 36.4800) - (33.4200, 37.1300) on Layer met2
violation type: Short
	srcs: net:_0079_ net:_0133_
	bbox = (33.2200, 36.4800) - (33.4200, 36.6200) on Layer met2
violation type: Short
	srcs: net:_0079_ net:_0133_
	bbox = (33.2800, 36.4800) - (33.4200, 36.7100) on Layer met2
violation type: Short
	srcs: net:_0079_ net:_0133_
	bbox = (33.2800, 36.9900) - (33.4200, 37.1300) on Layer met2
violation type: Short
	srcs: net:_0544_ net:_0637_
	bbox = (29.1400, 34.4300) - (29.2800, 34.5800) on Layer met2
violation type: Short
	srcs: net:_0544_ net:_0637_
	bbox = (29.1400, 34.4300) - (29.2800, 34.5700) on Layer met2
violation type: Short
	srcs: net:_0544_ net:_0637_
	bbox = (28.6800, 34.4400) - (28.8200, 34.5700) on Layer met2
violation type: Short
	srcs: net:_0544_ net:_0637_
	bbox = (29.1400, 34.4400) - (29.2800, 34.5800) on Layer met2
violation type: Short
	srcs: net:_0544_ net:_0637_
	bbox = (28.6800, 34.4400) - (29.2800, 34.5700) on Layer met2
violation type: Short
	srcs: net:_0138_ net:_0801_
	bbox = (33.2800, 34.4300) - (33.4200, 34.5700) on Layer met2
violation type: Short
	srcs: net:_0138_ net:_0801_
	bbox = (33.2200, 34.4300) - (33.4800, 34.5700) on Layer met2
violation type: Short
	srcs: net:_0051_ net:_0138_
	bbox = (24.9400, 44.5500) - (24.9900, 44.6100) on Layer met2
violation type: Short
	srcs: net:_0051_ net:_0095_
	bbox = (24.8500, 44.3000) - (24.9900, 44.4400) on Layer met2
violation type: Short
	srcs: net:_0051_ net:_0095_
	bbox = (24.9300, 44.3000) - (24.9900, 44.4400) on Layer met2
violation type: Short
	srcs: net:_0635_ net:_0673_
	bbox = (25.4600, 42.2600) - (25.6000, 42.4000) on Layer met2
violation type: Short
	srcs: net:_0208_ net:_0248_
	bbox = (27.3000, 42.9400) - (27.4400, 43.0800) on Layer met2
violation type: Short
	srcs: net:_0099_ net:_0723_
	bbox = (27.7600, 34.4400) - (27.9000, 34.9200) on Layer met2
violation type: Short
	srcs: net:_0660_ net:_0723_
	bbox = (27.7600, 35.8000) - (27.9000, 36.0300) on Layer met2
violation type: Short
	srcs: net:_0660_ net:_0723_
	bbox = (27.7600, 35.8000) - (27.9000, 35.9400) on Layer met2
violation type: Short
	srcs: net:_0099_ net:_0723_
	bbox = (27.7600, 34.7800) - (27.9000, 34.9200) on Layer met2
violation type: Short
	srcs: net:_0099_ net:_0723_
	bbox = (27.7600, 34.4400) - (27.9000, 34.5800) on Layer met2
violation type: Short
	srcs: net:_0660_ net:_0723_
	bbox = (27.7600, 35.8000) - (27.9600, 35.9400) on Layer met2
violation type: Short
	srcs: net:_0660_ net:_0674_
	bbox = (30.0600, 39.0300) - (30.2000, 39.0900) on Layer met2
violation type: Short
	srcs: net:_0660_ net:_0674_
	bbox = (30.0000, 39.0300) - (30.2000, 39.0900) on Layer met2
violation type: Short
	srcs: net:_0088_ net:_0661_
	bbox = (31.9000, 37.5000) - (32.0400, 37.6400) on Layer met2
violation type: Short
	srcs: net:_0249_ net:_0673_
	bbox = (25.0000, 41.4900) - (25.1400, 41.8100) on Layer met2
violation type: Short
	srcs: net:_0249_ net:_0673_
	bbox = (25.0000, 41.5800) - (25.1400, 41.7200) on Layer met2
violation type: Short
	srcs: net:_0249_ net:_0673_
	bbox = (25.0000, 41.7500) - (25.2000, 41.8100) on Layer met2
violation type: Short
	srcs: net:_0079_ net:_0088_
	bbox = (32.7600, 36.3900) - (32.8600, 36.6200) on Layer met2
violation type: Short
	srcs: net:_0079_ net:_0088_
	bbox = (32.7600, 36.4800) - (32.8600, 36.6200) on Layer met2
violation type: Short
	srcs: net:_0088_ net:_0801_
	bbox = (31.9000, 34.4300) - (32.0400, 34.5700) on Layer met2
violation type: Short
	srcs: net:_0088_ net:_0801_
	bbox = (32.3600, 34.4300) - (32.5000, 34.5700) on Layer met2
violation type: Short
	srcs: net:_0088_ net:_0801_
	bbox = (31.9000, 34.4300) - (32.5000, 34.5700) on Layer met2
violation type: Short
	srcs: net:_0089_ net:_0090_
	bbox = (40.2550, 88.1700) - (40.3950, 88.3100) on Layer met1
violation type: Short
	srcs: net:_0089_ net:_0090_
	bbox = (40.2550, 88.1700) - (40.3950, 88.3000) on Layer met1
violation type: Short
	srcs: net:_0058_ net:_0090_
	bbox = (34.2000, 96.6600) - (34.5200, 96.8000) on Layer met1
violation type: Short
	srcs: net:_0455_ net:_0469_
	bbox = (72.8400, 101.4200) - (73.0600, 101.5600) on Layer met1
violation type: Short
	srcs: net:_0455_ net:_0469_
	bbox = (72.7700, 101.4200) - (73.0600, 101.5600) on Layer met1
violation type: Short
	srcs: net:_0455_ net:_0461_
	bbox = (73.3000, 101.7650) - (73.4400, 101.9000) on Layer met1
violation type: Short
	srcs: net:_0455_ net:_0461_
	bbox = (73.3000, 101.7650) - (73.4400, 101.8500) on Layer met1
violation type: Short
	srcs: net:_0455_ net:_0461_
	bbox = (73.3000, 101.7650) - (73.4400, 101.7900) on Layer met1
violation type: Short
	srcs: net:_0455_ net:_0461_
	bbox = (73.2500, 101.7650) - (73.5400, 101.9000) on Layer met1
violation type: Short
	srcs: net:_0455_ net:_0461_
	bbox = (73.2500, 101.7650) - (73.5400, 101.8500) on Layer met1
violation type: Short
	srcs: net:_0455_ net:_0461_
	bbox = (73.2500, 101.7650) - (73.5400, 101.7900) on Layer met1
violation type: Short
	srcs: net:_0089_ net:_0090_
	bbox = (34.6600, 85.3500) - (34.8000, 85.6700) on Layer met2
violation type: Short
	srcs: net:_0089_ net:_0090_
	bbox = (34.6600, 85.4400) - (34.8000, 85.5800) on Layer met2
violation type: Short
	srcs: net:_0090_ net:_0100_
	bbox = (36.0400, 85.4100) - (36.1800, 85.5500) on Layer met2
violation type: Short
	srcs: net:_0098_ net:_0100_
	bbox = (36.5000, 88.8400) - (36.6400, 88.8500) on Layer met2
violation type: Short
	srcs: net:_0098_ net:_0100_
	bbox = (36.5000, 88.8400) - (36.6400, 88.9250) on Layer met2
violation type: Short
	srcs: net:_0098_ net:_0100_
	bbox = (36.4400, 88.8400) - (36.6400, 88.8500) on Layer met2
violation type: Short
	srcs: net:_0098_ net:_0100_
	bbox = (36.4400, 88.8400) - (36.6400, 88.9250) on Layer met2
violation type: Short
	srcs: net:_0098_ net:_0100_
	bbox = (36.4300, 88.8400) - (36.6400, 88.8500) on Layer met2
violation type: Short
	srcs: net:_0098_ net:_0100_
	bbox = (36.4300, 88.8400) - (36.6400, 88.9250) on Layer met2
violation type: Short
	srcs: net:_0080_ net:_0098_
	bbox = (36.9600, 89.1800) - (37.1000, 89.3200) on Layer met2
violation type: Short
	srcs: net:_0080_ net:_0298_
	bbox = (37.8800, 85.4090) - (38.0200, 85.4110) on Layer met2
violation type: Short
	srcs: net:_0080_ net:_0298_
	bbox = (37.4200, 85.2700) - (37.5600, 85.4100) on Layer met2
violation type: Short
	srcs: net:_0080_ net:_0298_
	bbox = (37.4200, 85.4090) - (38.0200, 85.4110) on Layer met2
violation type: Short
	srcs: net:_0297_ net:_0298_
	bbox = (35.6300, 83.4000) - (35.7200, 83.5400) on Layer met2
violation type: Short
	srcs: net:_0055_ net:_0058_
	bbox = (34.4300, 96.5300) - (34.6300, 96.5600) on Layer met2
violation type: Short
	srcs: net:_0055_ net:_0058_
	bbox = (34.4300, 96.5300) - (34.5700, 96.5600) on Layer met2
violation type: Short
	srcs: net:_0055_ net:_0058_
	bbox = (34.4300, 96.5300) - (34.4900, 96.5600) on Layer met2
violation type: Short
	srcs: net:_0058_ net:_0260_
	bbox = (34.4290, 96.8300) - (34.4310, 96.8900) on Layer met2
violation type: Short
	srcs: net:_0058_ net:_0260_
	bbox = (34.4300, 96.8300) - (34.4900, 96.8900) on Layer met2
violation type: Short
	srcs: net:_0058_ net:_0260_
	bbox = (34.2900, 96.8300) - (34.4100, 96.8900) on Layer met2
violation type: Short
	srcs: net:_0058_ net:_0260_
	bbox = (34.2900, 96.8300) - (34.4300, 96.8900) on Layer met2
violation type: Short
	srcs: net:_0058_ net:_0260_
	bbox = (34.2900, 96.8300) - (34.4900, 96.8900) on Layer met2
violation type: Short
	srcs: net:_0055_ net:_0081_
	bbox = (35.2300, 88.5800) - (35.3400, 88.9000) on Layer met3
violation type: Short
	srcs: net:_0055_ net:_0081_
	bbox = (35.0400, 88.5900) - (35.3400, 88.8900) on Layer met3
violation type: Short
	srcs: net:_0055_ net:_0081_
	bbox = (35.2300, 88.5800) - (35.3550, 88.9000) on Layer met3
violation type: Short
	srcs: net:_0055_ net:_0081_
	bbox = (35.0250, 88.5900) - (35.3550, 88.8900) on Layer met3
violation type: Short
	srcs: net:_0238_ net:_0759_
	bbox = (47.5400, 39.5400) - (47.6800, 39.7250) on Layer met1
violation type: Short
	srcs: net:_0238_ net:_0759_
	bbox = (47.5400, 39.5400) - (47.7550, 39.6800) on Layer met1
violation type: Short
	srcs: net:_0238_ net:_0759_
	bbox = (48.0000, 39.5700) - (48.1400, 39.7250) on Layer met1
violation type: Short
	srcs: net:_0238_ net:_0759_
	bbox = (48.0000, 39.5700) - (48.1400, 39.6800) on Layer met1
violation type: Short
	srcs: net:_0238_ net:_0759_
	bbox = (47.9250, 39.5700) - (48.1400, 39.7100) on Layer met1
violation type: Short
	srcs: net:_0238_ net:_0759_
	bbox = (47.5400, 39.5700) - (47.6800, 39.7100) on Layer met1
violation type: Short
	srcs: net:_0238_ net:_0759_
	bbox = (47.5400, 39.5700) - (48.1400, 39.6800) on Layer met1
violation type: Short
	srcs: net:_0090_ net:_0366_
	bbox = (35.1200, 82.3800) - (35.2600, 82.5200) on Layer met1
violation type: Short
	srcs: net:_0090_ net:_0366_
	bbox = (35.0300, 82.3800) - (35.3500, 82.5200) on Layer met1
violation type: Short
	srcs: net:_0195_ net:_0736_
	bbox = (51.2200, 39.2000) - (51.3600, 39.3400) on Layer met1
violation type: Short
	srcs: net:_0187_ net:_0645_
	bbox = (70.9500, 80.3400) - (71.0900, 80.4800) on Layer met1
violation type: Short
	srcs: net:_0187_ net:_0645_
	bbox = (70.9250, 80.3400) - (71.2150, 80.4800) on Layer met1
violation type: Short
	srcs: net:_0250_ net:_0409_
	bbox = (66.8000, 66.0600) - (66.9400, 66.2000) on Layer met1
violation type: Short
	srcs: net:_0224_ net:_0433_
	bbox = (66.8600, 55.5200) - (67.0000, 55.6600) on Layer met1
violation type: Short
	srcs: net:_0224_ net:_0433_
	bbox = (66.7850, 55.5200) - (67.0750, 55.6600) on Layer met1
violation type: Short
	srcs: net:_0191_ net:_0542_
	bbox = (60.8800, 61.3000) - (61.0200, 61.4400) on Layer met1
violation type: Short
	srcs: net:_0191_ net:_0542_
	bbox = (60.8800, 61.3000) - (61.0200, 61.4300) on Layer met1
violation type: Short
	srcs: net:_0148_ net:_0212_
	bbox = (67.7150, 58.2200) - (68.0050, 58.3600) on Layer met1
violation type: Short
	srcs: net:_0212_ net:_0327_
	bbox = (67.3200, 58.2200) - (67.5350, 58.3600) on Layer met1
violation type: Short
	srcs: net:_0212_ net:_0327_
	bbox = (67.3200, 58.2200) - (67.3800, 58.3600) on Layer met1
violation type: Short
	srcs: net:_0212_ net:_0327_
	bbox = (67.3200, 58.2500) - (67.3800, 58.3600) on Layer met1
violation type: Short
	srcs: net:_0212_ net:_0327_
	bbox = (67.3200, 58.2500) - (67.5350, 58.3600) on Layer met1
violation type: Short
	srcs: net:_0148_ net:_0212_
	bbox = (67.7900, 58.2200) - (67.9300, 58.3600) on Layer met1
violation type: Short
	srcs: net:_0212_ net:_0327_
	bbox = (67.3200, 58.2200) - (67.4600, 58.3800) on Layer met1
violation type: Short
	srcs: net:_0212_ net:_0327_
	bbox = (67.3200, 58.2200) - (67.3800, 58.3800) on Layer met1
violation type: Short
	srcs: net:_0212_ net:_0327_
	bbox = (67.3200, 58.2500) - (67.3800, 58.3800) on Layer met1
violation type: Short
	srcs: net:_0212_ net:_0327_
	bbox = (67.3200, 58.2500) - (67.4600, 58.3800) on Layer met1
violation type: Short
	srcs: net:_0212_ net:_0327_
	bbox = (67.2450, 58.2400) - (67.4600, 58.3800) on Layer met1
violation type: Short
	srcs: net:_0212_ net:_0327_
	bbox = (67.2450, 58.2400) - (67.3800, 58.3800) on Layer met1
violation type: Short
	srcs: net:_0212_ net:_0327_
	bbox = (67.2400, 58.2500) - (67.3800, 58.3800) on Layer met1
violation type: Short
	srcs: net:_0212_ net:_0327_
	bbox = (67.2400, 58.2500) - (67.4600, 58.3800) on Layer met1
violation type: Short
	srcs: net:_0148_ net:_0212_
	bbox = (67.7150, 58.2400) - (68.0050, 58.3600) on Layer met1
violation type: Short
	srcs: net:_0212_ net:_0327_
	bbox = (67.2450, 58.2400) - (67.5350, 58.3600) on Layer met1
violation type: Short
	srcs: net:_0212_ net:_0327_
	bbox = (67.2450, 58.2400) - (67.3800, 58.3600) on Layer met1
violation type: Short
	srcs: net:_0212_ net:_0327_
	bbox = (67.2400, 58.2500) - (67.3800, 58.3600) on Layer met1
violation type: Short
	srcs: net:_0212_ net:_0327_
	bbox = (67.2400, 58.2500) - (67.5350, 58.3600) on Layer met1
violation type: Short
	srcs: net:_0148_ net:_0212_
	bbox = (67.7900, 58.2400) - (67.9300, 58.3600) on Layer met1
violation type: Short
	srcs: net:_0540_ net:_0542_
	bbox = (61.7700, 61.3000) - (61.9100, 61.4400) on Layer met1
violation type: Short
	srcs: net:_0540_ net:_0542_
	bbox = (61.8450, 61.2900) - (61.9100, 61.4300) on Layer met1
violation type: Short
	srcs: net:_0540_ net:_0542_
	bbox = (61.8450, 61.2900) - (61.9100, 61.4400) on Layer met1
violation type: Short
	srcs: net:_0540_ net:_0542_
	bbox = (61.7700, 61.3000) - (61.9100, 61.4300) on Layer met1
violation type: Short
	srcs: net:_0540_ net:_0542_
	bbox = (61.7250, 61.3000) - (61.9850, 61.4400) on Layer met1
violation type: Short
	srcs: net:_0540_ net:_0542_
	bbox = (61.8450, 61.2900) - (62.0150, 61.4300) on Layer met1
violation type: Short
	srcs: net:_0540_ net:_0542_
	bbox = (61.8450, 61.2900) - (61.9850, 61.4400) on Layer met1
violation type: Short
	srcs: net:_0540_ net:_0542_
	bbox = (61.7250, 61.3000) - (62.0150, 61.4300) on Layer met1
violation type: Short
	srcs: net:_0653_ net:net37
	bbox = (66.3100, 60.2800) - (66.6300, 60.4200) on Layer met1
violation type: Short
	srcs: net:_0257_ net:_0642_
	bbox = (74.5900, 42.2600) - (74.9100, 42.4000) on Layer met1
violation type: Short
	srcs: net:_0148_ net:_0327_
	bbox = (67.7900, 58.5800) - (67.9300, 58.7200) on Layer met1
violation type: Short
	srcs: net:_0868_ net:_0907_
	bbox = (69.1600, 61.0150) - (69.3000, 61.1000) on Layer met1
violation type: Short
	srcs: net:_0404_ net:_0629_
	bbox = (66.4000, 67.0800) - (66.5400, 67.2200) on Layer met1
violation type: Short
	srcs: net:_0410_ net:_0629_
	bbox = (65.8500, 67.0800) - (66.1700, 67.1100) on Layer met1
violation type: Short
	srcs: net:_0410_ net:_0629_
	bbox = (65.9400, 67.0800) - (66.0800, 67.1100) on Layer met1
violation type: Short
	srcs: net:_0031_ net:_0907_
	bbox = (70.5500, 61.3000) - (70.6800, 61.4400) on Layer met1
violation type: Short
	srcs: net:_0439_ net:_0442_
	bbox = (66.8850, 79.9550) - (67.0150, 80.1850) on Layer met1
violation type: Short
	srcs: net:_0439_ net:_0442_
	bbox = (66.8850, 79.9700) - (67.0150, 80.1100) on Layer met1
violation type: Short
	srcs: net:_0180_ net:_0650_
	bbox = (67.7900, 82.7200) - (67.9300, 82.8600) on Layer met1
violation type: Short
	srcs: net:_0180_ net:_0650_
	bbox = (67.7900, 82.7200) - (67.9200, 82.8600) on Layer met1
violation type: Short
	srcs: net:_0180_ net:_0650_
	bbox = (68.2400, 82.7200) - (68.3800, 82.8600) on Layer met1
violation type: Short
	srcs: net:_0180_ net:_0650_
	bbox = (67.7900, 82.7200) - (68.3800, 82.8600) on Layer met1
violation type: Short
	srcs: net:_0180_ net:_0901_
	bbox = (72.8400, 82.7200) - (72.9800, 82.8600) on Layer met1
violation type: Short
	srcs: net:_0180_ net:_0901_
	bbox = (72.2900, 82.7200) - (72.6100, 82.8600) on Layer met1
violation type: Short
	srcs: net:_0180_ net:_0901_
	bbox = (72.2900, 82.7300) - (72.9800, 82.8600) on Layer met1
violation type: Short
	srcs: net:_0420_ net:_0646_
	bbox = (71.7800, 81.0200) - (72.1500, 81.1600) on Layer met1
violation type: Short
	srcs: net:_0420_ net:_0646_
	bbox = (71.8300, 81.0200) - (72.1500, 81.1600) on Layer met1
violation type: Short
	srcs: net:_0409_ net:_0410_
	bbox = (65.9400, 66.9100) - (66.0800, 67.0500) on Layer met1
violation type: Short
	srcs: net:_0409_ net:_0410_
	bbox = (65.9400, 66.9100) - (66.0800, 66.9250) on Layer met1
violation type: Short
	srcs: net:_0409_ net:_0410_
	bbox = (65.8500, 66.9100) - (66.1700, 67.0500) on Layer met1
violation type: Short
	srcs: net:_0409_ net:_0410_
	bbox = (65.8500, 66.9100) - (66.1700, 66.9250) on Layer met1
violation type: Short
	srcs: net:_0404_ net:_0409_
	bbox = (66.3400, 66.6950) - (66.4800, 66.9250) on Layer met1
violation type: Short
	srcs: net:_0404_ net:_0409_
	bbox = (66.4000, 66.6950) - (66.4800, 67.0500) on Layer met1
violation type: Short
	srcs: net:_0404_ net:_0409_
	bbox = (66.3250, 66.9100) - (66.4800, 66.9250) on Layer met1
violation type: Short
	srcs: net:_0404_ net:_0409_
	bbox = (66.4000, 66.9100) - (66.4800, 67.0500) on Layer met1
violation type: Short
	srcs: net:_0404_ net:_0409_
	bbox = (66.4000, 66.9100) - (66.4800, 66.9250) on Layer met1
violation type: Short
	srcs: net:_0413_ net:VSS
	bbox = (71.9200, 73.2000) - (72.0600, 73.6800) on Layer met1
violation type: Short
	srcs: net:_0436_ net:VSS
	bbox = (68.7600, 67.7600) - (68.9000, 68.2400) on Layer met1
violation type: Short
	srcs: net:_0020_ net:_0046_
	bbox = (72.8400, 79.9550) - (72.9800, 80.1400) on Layer met1
violation type: Short
	srcs: net:_0020_ net:_0046_
	bbox = (73.7600, 80.3400) - (73.9000, 80.4800) on Layer met1
violation type: Short
	srcs: net:_0020_ net:_0046_
	bbox = (72.8400, 80.0000) - (73.0550, 80.1400) on Layer met1
violation type: Short
	srcs: net:_0020_ net:_0046_
	bbox = (72.8400, 80.0000) - (72.9800, 80.1400) on Layer met1
violation type: Short
	srcs: net:_0143_ net:_0221_
	bbox = (39.2600, 41.7500) - (39.4000, 41.8100) on Layer met2
violation type: Short
	srcs: net:_0143_ net:_0221_
	bbox = (39.2000, 41.7500) - (39.4000, 41.8100) on Layer met2
violation type: Short
	srcs: net:_0297_ net:_0298_
	bbox = (35.6300, 83.0600) - (35.7200, 83.5400) on Layer met2
violation type: Short
	srcs: net:_0297_ net:_0298_
	bbox = (35.6300, 83.0600) - (35.7700, 83.2000) on Layer met2
violation type: Short
	srcs: net:_0090_ net:_0366_
	bbox = (35.2450, 82.3800) - (35.2600, 82.5200) on Layer met2
violation type: Short
	srcs: net:_0090_ net:_0366_
	bbox = (35.1200, 82.3800) - (35.2600, 82.5200) on Layer met2
violation type: Short
	srcs: net:_0090_ net:_0366_
	bbox = (35.0600, 82.3800) - (35.3200, 82.5200) on Layer met2
violation type: Short
	srcs: net:_0653_ net:_0868_
	bbox = (66.4000, 61.4700) - (66.5400, 61.6100) on Layer met2
violation type: Short
	srcs: net:_0653_ net:_0868_
	bbox = (66.4000, 61.3550) - (66.5400, 61.6100) on Layer met2
violation type: Short
	srcs: net:_0653_ net:_0868_
	bbox = (66.4000, 61.4700) - (66.4800, 61.6100) on Layer met2
violation type: Short
	srcs: net:_0653_ net:_0868_
	bbox = (66.4000, 61.3550) - (66.4800, 61.7250) on Layer met2
violation type: Short
	srcs: net:_0653_ net:_0868_
	bbox = (66.3400, 61.4700) - (66.4800, 61.6100) on Layer met2
violation type: Short
	srcs: net:_0653_ net:_0868_
	bbox = (66.3400, 61.4700) - (66.4800, 61.7250) on Layer met2
violation type: Short
	srcs: net:_0653_ net:_0868_
	bbox = (66.3400, 61.4700) - (66.5400, 61.6100) on Layer met2
violation type: Short
	srcs: net:_0170_ net:_0653_
	bbox = (66.4000, 80.6800) - (66.5400, 80.9100) on Layer met2
violation type: Short
	srcs: net:_0170_ net:_0653_
	bbox = (66.4000, 80.6800) - (66.5400, 80.8200) on Layer met2
violation type: Short
	srcs: net:_0170_ net:_0653_
	bbox = (66.3400, 80.6800) - (66.5400, 80.8200) on Layer met2
violation type: Short
	srcs: net:_0148_ net:_0868_
	bbox = (67.7800, 61.4700) - (67.9200, 61.6100) on Layer met2
violation type: Short
	srcs: net:_0170_ net:_0654_
	bbox = (66.4000, 81.1900) - (66.5400, 81.3300) on Layer met2
violation type: Short
	srcs: net:_0170_ net:net41
	bbox = (66.4000, 82.0400) - (66.5400, 82.5200) on Layer met2
violation type: Short
	srcs: net:_0170_ net:net41
	bbox = (66.4000, 82.0400) - (66.5400, 82.1800) on Layer met2
violation type: Short
	srcs: net:_0170_ net:net41
	bbox = (66.4000, 82.3800) - (66.5400, 82.5200) on Layer met2
violation type: Short
	srcs: net:_0435_ net:_0868_
	bbox = (67.0900, 61.4700) - (67.2300, 61.6100) on Layer met2
violation type: Short
	srcs: net:_0900_ net:_0901_
	bbox = (72.3800, 82.6300) - (72.5200, 82.9500) on Layer met2
violation type: Short
	srcs: net:_0900_ net:_0901_
	bbox = (72.3800, 82.7200) - (72.5200, 82.8600) on Layer met2
violation type: Short
	srcs: net:_0889_ net:_0907_
	bbox = (74.6800, 79.8900) - (74.8200, 80.2300) on Layer met2
violation type: Short
	srcs: net:_0889_ net:_0907_
	bbox = (74.6800, 79.8900) - (74.8200, 80.0300) on Layer met2
violation type: Short
	srcs: net:_0889_ net:_0907_
	bbox = (74.6800, 79.9100) - (74.8200, 80.2300) on Layer met2
violation type: Short
	srcs: net:_0889_ net:_0907_
	bbox = (74.6200, 79.9100) - (74.8200, 80.0300) on Layer met2
violation type: Short
	srcs: net:_0323_ net:_0415_
	bbox = (67.7900, 82.5500) - (67.9200, 82.6900) on Layer met2
violation type: Short
	srcs: net:_0323_ net:_0415_
	bbox = (67.7900, 82.5500) - (67.9300, 82.6900) on Layer met2
violation type: Short
	srcs: net:_0654_ net:net41
	bbox = (66.8600, 81.1900) - (66.9400, 81.3300) on Layer met2
violation type: Short
	srcs: net:_0654_ net:net41
	bbox = (66.8000, 81.1900) - (66.9400, 81.3300) on Layer met2
violation type: Short
	srcs: net:_0040_ net:_0889_
	bbox = (74.6800, 80.5900) - (74.8200, 80.9100) on Layer met2
violation type: Short
	srcs: net:_0040_ net:_0046_
	bbox = (74.2200, 82.0400) - (74.3600, 82.1800) on Layer met2
violation type: Short
	srcs: net:_0020_ net:_0040_
	bbox = (74.2200, 81.1900) - (74.3600, 81.3300) on Layer met2
violation type: Short
	srcs: net:_0020_ net:_0040_
	bbox = (74.2200, 80.6800) - (74.3600, 81.3300) on Layer met2
violation type: Short
	srcs: net:_0040_ net:_0889_
	bbox = (74.6800, 80.6800) - (74.8200, 80.8200) on Layer met2
violation type: Short
	srcs: net:_0020_ net:_0040_
	bbox = (74.2200, 80.6800) - (74.3600, 80.8200) on Layer met2
violation type: Short
	srcs: net:_0040_ net:_0889_
	bbox = (73.3000, 82.7300) - (73.5100, 82.8050) on Layer met2
violation type: Short
	srcs: net:_0040_ net:_0889_
	bbox = (73.2300, 82.7300) - (73.5100, 82.8050) on Layer met2
violation type: Short
	srcs: net:_0046_ net:_0754_
	bbox = (74.6800, 82.0400) - (74.8200, 82.8700) on Layer met2
violation type: Short
	srcs: net:_0046_ net:_0754_
	bbox = (74.6800, 82.7300) - (74.8200, 82.8700) on Layer met2
violation type: Short
	srcs: net:_0046_ net:_0889_
	bbox = (74.6800, 82.7200) - (74.8200, 82.8600) on Layer met2
violation type: Short
	srcs: net:_0046_ net:_0889_
	bbox = (74.6800, 82.7200) - (74.8200, 82.8700) on Layer met2
violation type: Short
	srcs: net:_0046_ net:_0889_
	bbox = (74.6800, 82.7300) - (74.8200, 82.8700) on Layer met2
violation type: Short
	srcs: net:_0046_ net:_0889_
	bbox = (74.6800, 82.7300) - (74.8200, 82.8600) on Layer met2
violation type: Short
	srcs: net:_0046_ net:_0754_
	bbox = (74.6800, 82.0400) - (74.8200, 82.1800) on Layer met2
violation type: Short
	srcs: net:_0646_ net:_0901_
	bbox = (71.9200, 82.7200) - (72.0600, 82.8600) on Layer met2
violation type: Short
	srcs: net:_0754_ net:_0889_
	bbox = (75.1400, 81.8700) - (75.2800, 82.1800) on Layer met2
violation type: Short
	srcs: net:_0020_ net:_0754_
	bbox = (75.1400, 81.1900) - (75.2800, 81.3300) on Layer met2
violation type: Short
	srcs: net:_0754_ net:_0889_
	bbox = (75.1400, 81.8700) - (75.2800, 82.0100) on Layer met2
violation type: Short
	srcs: net:_0020_ net:_0754_
	bbox = (75.0800, 81.1900) - (75.3400, 81.2500) on Layer met2
violation type: Short
	srcs: net:_0754_ net:_0889_
	bbox = (74.6800, 82.7200) - (74.8200, 82.8600) on Layer met2
violation type: Short
	srcs: net:_0754_ net:_0889_
	bbox = (74.6800, 82.7200) - (74.8200, 82.8700) on Layer met2
violation type: Short
	srcs: net:_0754_ net:_0889_
	bbox = (74.6800, 82.7300) - (74.8200, 82.8700) on Layer met2
violation type: Short
	srcs: net:_0754_ net:_0889_
	bbox = (74.6800, 82.7300) - (74.8200, 82.8600) on Layer met2
violation type: Short
	srcs: net:_0754_ net:_0889_
	bbox = (75.1400, 82.0400) - (75.2800, 82.1800) on Layer met2
violation type: Short
	srcs: net:_0754_ net:_0889_
	bbox = (75.1400, 82.7300) - (75.2800, 82.8600) on Layer met2
violation type: Short
	srcs: net:_0754_ net:_0889_
	bbox = (74.6800, 82.7300) - (75.2800, 82.8600) on Layer met2
violation type: Short
	srcs: net:_0020_ net:_0889_
	bbox = (74.6800, 81.1900) - (74.8200, 81.3300) on Layer met2
