
==========================================================================
resizer report_tns
--------------------------------------------------------------------------
tns 0.00

==========================================================================
resizer report_wns
--------------------------------------------------------------------------
wns 0.00

==========================================================================
resizer report_worst_slack
--------------------------------------------------------------------------
worst slack INF

==========================================================================
resizer report_checks -path_delay min
--------------------------------------------------------------------------
No paths found.

==========================================================================
resizer report_checks -path_delay max
--------------------------------------------------------------------------
No paths found.

==========================================================================
resizer report_checks -unconstrained
--------------------------------------------------------------------------
Startpoint: rd_ptr_bin[1]$_DFFE_PN0P_ (rising edge-triggered flip-flop)
Endpoint: almost_empty (output port)
Path Group: unconstrained
Path Type: max

Fanout     Cap    Slew   Delay    Time   Description
-----------------------------------------------------------------------------
                  0.17    0.00    0.00 ^ rd_ptr_bin[1]$_DFFE_PN0P_/CLK (sky130_fd_sc_hd__dfrtp_1)
     2    0.01    0.07    0.38    0.38 ^ rd_ptr_bin[1]$_DFFE_PN0P_/Q (sky130_fd_sc_hd__dfrtp_1)
                                         rd_ptr_bin[1] (net)
                  0.07    0.00    0.38 ^ _412_/A (sky130_fd_sc_hd__buf_2)
     6    0.03    0.15    0.19    0.57 ^ _412_/X (sky130_fd_sc_hd__buf_2)
                                         _093_ (net)
                  0.15    0.00    0.57 ^ _413_/A (sky130_fd_sc_hd__buf_4)
    10    0.06    0.18    0.24    0.81 ^ _413_/X (sky130_fd_sc_hd__buf_4)
                                         _094_ (net)
                  0.18    0.00    0.82 ^ _414_/A (sky130_fd_sc_hd__inv_1)
     4    0.02    0.10    0.13    0.95 v _414_/Y (sky130_fd_sc_hd__inv_1)
                                         _288_ (net)
                  0.10    0.00    0.95 v _653_/A (sky130_fd_sc_hd__ha_1)
     2    0.00    0.06    0.32    1.26 v _653_/SUM (sky130_fd_sc_hd__ha_1)
                                         _301_ (net)
                  0.06    0.00    1.26 v _346_/B_N (sky130_fd_sc_hd__nor2b_1)
     1    0.00    0.03    0.13    1.40 v _346_/Y (sky130_fd_sc_hd__nor2b_1)
                                         _061_ (net)
                  0.03    0.00    1.40 v _347_/A2 (sky130_fd_sc_hd__o21a_1)
     2    0.00    0.04    0.16    1.56 v _347_/X (sky130_fd_sc_hd__o21a_1)
                                         _062_ (net)
                  0.04    0.00    1.56 v _349_/C (sky130_fd_sc_hd__or3_1)
     2    0.00    0.07    0.31    1.87 v _349_/X (sky130_fd_sc_hd__or3_1)
                                         _064_ (net)
                  0.07    0.00    1.87 v _645_/A2 (sky130_fd_sc_hd__a2111oi_0)
     1    0.00    0.39    0.43    2.30 ^ _645_/Y (sky130_fd_sc_hd__a2111oi_0)
                                         net15 (net)
                  0.39    0.00    2.30 ^ output15/A (sky130_fd_sc_hd__clkbuf_1)
     1    0.00    0.03    0.11    2.41 ^ output15/X (sky130_fd_sc_hd__clkbuf_1)
                                         almost_empty (net)
                  0.03    0.00    2.41 ^ almost_empty (out)
                                  2.41   data arrival time
-----------------------------------------------------------------------------
(Path is unconstrained)



==========================================================================
resizer report_check_types -max_slew -max_cap -max_fanout -violators
--------------------------------------------------------------------------

==========================================================================
resizer max_slew_check_slack
--------------------------------------------------------------------------
1.0

==========================================================================
resizer max_slew_check_limit
--------------------------------------------------------------------------
1.0

==========================================================================
resizer max_slew_check_slack_limit
--------------------------------------------------------------------------
1.0000

==========================================================================
resizer max_fanout_check_slack
--------------------------------------------------------------------------
1.0000000150474662e+30

==========================================================================
resizer max_fanout_check_limit
--------------------------------------------------------------------------
1.0000000150474662e+30

==========================================================================
resizer max_capacitance_check_slack
--------------------------------------------------------------------------
0.01745769940316677

==========================================================================
resizer max_capacitance_check_limit
--------------------------------------------------------------------------
0.021067000925540924

==========================================================================
resizer max_capacitance_check_slack_limit
--------------------------------------------------------------------------
0.8287

==========================================================================
resizer max_slew_violation_count
--------------------------------------------------------------------------
max slew violation count 0

==========================================================================
resizer max_fanout_violation_count
--------------------------------------------------------------------------
max fanout violation count 0

==========================================================================
resizer max_cap_violation_count
--------------------------------------------------------------------------
max cap violation count 0

==========================================================================
resizer setup_violation_count
--------------------------------------------------------------------------
setup violation count 0

==========================================================================
resizer hold_violation_count
--------------------------------------------------------------------------
hold violation count 0

==========================================================================
resizer report_checks -path_delay max reg to reg
--------------------------------------------------------------------------
No paths found.

==========================================================================
resizer report_checks -path_delay min reg to reg
--------------------------------------------------------------------------
No paths found.

==========================================================================
resizer critical path target clock latency max path
--------------------------------------------------------------------------
0

==========================================================================
resizer critical path target clock latency min path
--------------------------------------------------------------------------
0

==========================================================================
resizer critical path source clock latency min path
--------------------------------------------------------------------------
0

==========================================================================
resizer critical path delay
--------------------------------------------------------------------------
-1

==========================================================================
resizer critical path slack
--------------------------------------------------------------------------
0

==========================================================================
resizer slack div critical path delay
--------------------------------------------------------------------------
0.000000

==========================================================================
resizer report_power
--------------------------------------------------------------------------
Group                  Internal  Switching    Leakage      Total
                          Power      Power      Power      Power (Watts)
----------------------------------------------------------------
Sequential             3.89e-04   1.66e-04   1.87e-09   5.55e-04  56.7%
Combinational          1.46e-04   2.78e-04   1.23e-09   4.24e-04  43.3%
Clock                  0.00e+00   0.00e+00   0.00e+00   0.00e+00   0.0%
Macro                  0.00e+00   0.00e+00   0.00e+00   0.00e+00   0.0%
Pad                    0.00e+00   0.00e+00   0.00e+00   0.00e+00   0.0%
----------------------------------------------------------------
Total                  5.36e-04   4.43e-04   3.10e-09   9.79e-04 100.0%
                          54.7%      45.3%       0.0%
