
==========================================================================
finish report_tns
--------------------------------------------------------------------------
tns 0.00

==========================================================================
finish report_wns
--------------------------------------------------------------------------
wns 0.00

==========================================================================
finish report_worst_slack
--------------------------------------------------------------------------
worst slack 2.41

==========================================================================
finish report_clock_skew
--------------------------------------------------------------------------
Clock core_clock
   0.59 source latency counters[194]$_DFFE_PN0P_/CLK ^
  -0.56 target latency counters[221]$_DFFE_PN0P_/CLK ^
   0.00 CRPR
--------------
   0.02 setup skew


==========================================================================
finish report_checks -path_delay min
--------------------------------------------------------------------------
Startpoint: rst_n (input port clocked by core_clock)
Endpoint: counters[120]$_DFFE_PN0P_
          (removal check against rising-edge clock core_clock)
Path Group: asynchronous
Path Type: min

Fanout     Cap    Slew   Delay    Time   Description
-----------------------------------------------------------------------------
                          0.00    0.00   clock core_clock (rise edge)
                          0.00    0.00   clock network delay (propagated)
                          0.20    0.20 ^ input external delay
     1    0.02    0.00    0.00    0.20 ^ rst_n (in)
                                         rst_n (net)
                  0.00    0.00    0.20 ^ input13/A (sky130_fd_sc_hd__buf_16)
   264    1.28    1.25    0.71    0.91 ^ input13/X (sky130_fd_sc_hd__buf_16)
                                         net13 (net)
                  1.25    0.03    0.93 ^ counters[120]$_DFFE_PN0P_/RESET_B (sky130_fd_sc_hd__dfrtp_1)
                                  0.93   data arrival time

                          0.00    0.00   clock core_clock (rise edge)
                          0.00    0.00   clock source latency
     1    0.04    0.00    0.00    0.00 ^ clk (in)
                                         clk (net)
                  0.00    0.00    0.00 ^ clkbuf_0_clk/A (sky130_fd_sc_hd__clkbuf_16)
     2    0.03    0.05    0.12    0.12 ^ clkbuf_0_clk/X (sky130_fd_sc_hd__clkbuf_16)
                                         clknet_0_clk (net)
                  0.05    0.00    0.12 ^ clkbuf_1_1__f_clk/A (sky130_fd_sc_hd__clkbuf_16)
    14    0.19    0.20    0.25    0.37 ^ clkbuf_1_1__f_clk/X (sky130_fd_sc_hd__clkbuf_16)
                                         clknet_1_1__leaf_clk (net)
                  0.20    0.00    0.37 ^ clkbuf_leaf_17_clk/A (sky130_fd_sc_hd__clkbuf_16)
    10    0.04    0.06    0.19    0.56 ^ clkbuf_leaf_17_clk/X (sky130_fd_sc_hd__clkbuf_16)
                                         clknet_leaf_17_clk (net)
                  0.06    0.00    0.56 ^ counters[120]$_DFFE_PN0P_/CLK (sky130_fd_sc_hd__dfrtp_1)
                          0.00    0.56   clock reconvergence pessimism
                          0.65    1.21   library removal time
                                  1.21   data required time
-----------------------------------------------------------------------------
                                  1.21   data required time
                                 -0.93   data arrival time
-----------------------------------------------------------------------------
                                 -0.28   slack (VIOLATED)


Startpoint: clear (input port clocked by core_clock)
Endpoint: counters[63]$_DFFE_PN0P_
          (rising edge-triggered flip-flop clocked by core_clock)
Path Group: core_clock
Path Type: min

Fanout     Cap    Slew   Delay    Time   Description
-----------------------------------------------------------------------------
                          0.00    0.00   clock core_clock (rise edge)
                          0.00    0.00   clock network delay (propagated)
                          0.20    0.20 v input external delay
     1    0.00    0.00    0.00    0.20 v clear (in)
                                         clear (net)
                  0.00    0.00    0.20 v _1554_/A (sky130_fd_sc_hd__clkbuf_2)
     5    0.02    0.10    0.14    0.34 v _1554_/X (sky130_fd_sc_hd__clkbuf_2)
                                         _1215_ (net)
                  0.10    0.00    0.34 v _2551_/A (sky130_fd_sc_hd__nor2b_1)
     1    0.00    0.07    0.11    0.45 ^ _2551_/Y (sky130_fd_sc_hd__nor2b_1)
                                         _0723_ (net)
                  0.07    0.00    0.45 ^ _2555_/A0 (sky130_fd_sc_hd__mux2_1)
     1    0.00    0.05    0.13    0.59 ^ _2555_/X (sky130_fd_sc_hd__mux2_1)
                                         _0215_ (net)
                  0.05    0.00    0.59 ^ counters[63]$_DFFE_PN0P_/D (sky130_fd_sc_hd__dfrtp_1)
                                  0.59   data arrival time

                          0.00    0.00   clock core_clock (rise edge)
                          0.00    0.00   clock source latency
     1    0.04    0.00    0.00    0.00 ^ clk (in)
                                         clk (net)
                  0.00    0.00    0.00 ^ clkbuf_0_clk/A (sky130_fd_sc_hd__clkbuf_16)
     2    0.03    0.05    0.12    0.12 ^ clkbuf_0_clk/X (sky130_fd_sc_hd__clkbuf_16)
                                         clknet_0_clk (net)
                  0.05    0.00    0.12 ^ clkbuf_1_0__f_clk/A (sky130_fd_sc_hd__clkbuf_16)
    15    0.21    0.22    0.26    0.38 ^ clkbuf_1_0__f_clk/X (sky130_fd_sc_hd__clkbuf_16)
                                         clknet_1_0__leaf_clk (net)
                  0.22    0.00    0.38 ^ clkbuf_leaf_26_clk/A (sky130_fd_sc_hd__clkbuf_16)
    11    0.04    0.06    0.20    0.59 ^ clkbuf_leaf_26_clk/X (sky130_fd_sc_hd__clkbuf_16)
                                         clknet_leaf_26_clk (net)
                  0.06    0.00    0.59 ^ counters[63]$_DFFE_PN0P_/CLK (sky130_fd_sc_hd__dfrtp_1)
                          0.00    0.59   clock reconvergence pessimism
                         -0.03    0.55   library hold time
                                  0.55   data required time
-----------------------------------------------------------------------------
                                  0.55   data required time
                                 -0.59   data arrival time
-----------------------------------------------------------------------------
                                  0.03   slack (MET)



==========================================================================
finish report_checks -path_delay max
--------------------------------------------------------------------------
Startpoint: rst_n (input port clocked by core_clock)
Endpoint: counters[109]$_DFFE_PN0P_
          (recovery check against rising-edge clock core_clock)
Path Group: asynchronous
Path Type: max

Fanout     Cap    Slew   Delay    Time   Description
-----------------------------------------------------------------------------
                          0.00    0.00   clock core_clock (rise edge)
                          0.00    0.00   clock network delay (propagated)
                          0.20    0.20 ^ input external delay
     1    0.02    0.00    0.00    0.20 ^ rst_n (in)
                                         rst_n (net)
                  0.00    0.00    0.20 ^ input13/A (sky130_fd_sc_hd__buf_16)
   264    1.28    1.25    0.71    0.91 ^ input13/X (sky130_fd_sc_hd__buf_16)
                                         net13 (net)
                  1.46    0.39    1.29 ^ counters[109]$_DFFE_PN0P_/RESET_B (sky130_fd_sc_hd__dfrtp_4)
                                  1.29   data arrival time

                          5.00    5.00   clock core_clock (rise edge)
                          0.00    5.00   clock source latency
     1    0.04    0.00    0.00    5.00 ^ clk (in)
                                         clk (net)
                  0.00    0.00    5.00 ^ clkbuf_0_clk/A (sky130_fd_sc_hd__clkbuf_16)
     2    0.03    0.05    0.12    5.12 ^ clkbuf_0_clk/X (sky130_fd_sc_hd__clkbuf_16)
                                         clknet_0_clk (net)
                  0.05    0.00    5.12 ^ clkbuf_1_1__f_clk/A (sky130_fd_sc_hd__clkbuf_16)
    14    0.19    0.20    0.25    5.37 ^ clkbuf_1_1__f_clk/X (sky130_fd_sc_hd__clkbuf_16)
                                         clknet_1_1__leaf_clk (net)
                  0.20    0.00    5.37 ^ clkbuf_leaf_19_clk/A (sky130_fd_sc_hd__clkbuf_16)
    10    0.04    0.06    0.19    5.56 ^ clkbuf_leaf_19_clk/X (sky130_fd_sc_hd__clkbuf_16)
                                         clknet_leaf_19_clk (net)
                  0.06    0.00    5.56 ^ counters[109]$_DFFE_PN0P_/CLK (sky130_fd_sc_hd__dfrtp_4)
                          0.00    5.56   clock reconvergence pessimism
                         -0.33    5.24   library recovery time
                                  5.24   data required time
-----------------------------------------------------------------------------
                                  5.24   data required time
                                 -1.29   data arrival time
-----------------------------------------------------------------------------
                                  3.94   slack (MET)


Startpoint: counters[57]$_DFFE_PN0P_
            (rising edge-triggered flip-flop clocked by core_clock)
Endpoint: count_value[25] (output port clocked by core_clock)
Path Group: core_clock
Path Type: max

Fanout     Cap    Slew   Delay    Time   Description
-----------------------------------------------------------------------------
                          0.00    0.00   clock core_clock (rise edge)
                          0.00    0.00   clock source latency
     1    0.04    0.00    0.00    0.00 ^ clk (in)
                                         clk (net)
                  0.00    0.00    0.00 ^ clkbuf_0_clk/A (sky130_fd_sc_hd__clkbuf_16)
     2    0.03    0.05    0.12    0.12 ^ clkbuf_0_clk/X (sky130_fd_sc_hd__clkbuf_16)
                                         clknet_0_clk (net)
                  0.05    0.00    0.12 ^ clkbuf_1_0__f_clk/A (sky130_fd_sc_hd__clkbuf_16)
    15    0.21    0.22    0.26    0.38 ^ clkbuf_1_0__f_clk/X (sky130_fd_sc_hd__clkbuf_16)
                                         clknet_1_0__leaf_clk (net)
                  0.22    0.00    0.38 ^ clkbuf_leaf_1_clk/A (sky130_fd_sc_hd__clkbuf_16)
    11    0.04    0.06    0.20    0.58 ^ clkbuf_leaf_1_clk/X (sky130_fd_sc_hd__clkbuf_16)
                                         clknet_leaf_1_clk (net)
                  0.06    0.00    0.58 ^ counters[57]$_DFFE_PN0P_/CLK (sky130_fd_sc_hd__dfrtp_1)
     2    0.01    0.07    0.34    0.93 ^ counters[57]$_DFFE_PN0P_/Q (sky130_fd_sc_hd__dfrtp_1)
                                         net222 (net)
                  0.07    0.00    0.93 ^ _2516_/A (sky130_fd_sc_hd__buf_2)
     8    0.03    0.15    0.19    1.12 ^ _2516_/X (sky130_fd_sc_hd__buf_2)
                                         _0695_ (net)
                  0.15    0.00    1.12 ^ _2968_/A1 (sky130_fd_sc_hd__a21oi_1)
     1    0.01    0.12    0.15    1.27 v _2968_/Y (sky130_fd_sc_hd__a21oi_1)
                                         _1074_ (net)
                  0.12    0.00    1.27 v _2970_/B2 (sky130_fd_sc_hd__a221o_1)
     1    0.02    0.13    0.42    1.69 v _2970_/X (sky130_fd_sc_hd__a221o_1)
                                         _1076_ (net)
                  0.13    0.00    1.70 v _2974_/B1 (sky130_fd_sc_hd__a221o_1)
     1    0.01    0.10    0.37    2.07 v _2974_/X (sky130_fd_sc_hd__a221o_1)
                                         _1080_ (net)
                  0.10    0.00    2.07 v _2979_/A2 (sky130_fd_sc_hd__a31oi_1)
     1    0.00    0.16    0.21    2.28 ^ _2979_/Y (sky130_fd_sc_hd__a31oi_1)
                                         net287 (net)
                  0.16    0.00    2.28 ^ output287/A (sky130_fd_sc_hd__clkbuf_1)
     1    0.00    0.05    0.11    2.39 ^ output287/X (sky130_fd_sc_hd__clkbuf_1)
                                         count_value[25] (net)
                  0.05    0.00    2.39 ^ count_value[25] (out)
                                  2.39   data arrival time

                          5.00    5.00   clock core_clock (rise edge)
                          0.00    5.00   clock network delay (propagated)
                          0.00    5.00   clock reconvergence pessimism
                         -0.20    4.80   output external delay
                                  4.80   data required time
-----------------------------------------------------------------------------
                                  4.80   data required time
                                 -2.39   data arrival time
-----------------------------------------------------------------------------
                                  2.41   slack (MET)



==========================================================================
finish report_checks -unconstrained
--------------------------------------------------------------------------
Startpoint: rst_n (input port clocked by core_clock)
Endpoint: counters[109]$_DFFE_PN0P_
          (recovery check against rising-edge clock core_clock)
Path Group: asynchronous
Path Type: max

Fanout     Cap    Slew   Delay    Time   Description
-----------------------------------------------------------------------------
                          0.00    0.00   clock core_clock (rise edge)
                          0.00    0.00   clock network delay (propagated)
                          0.20    0.20 ^ input external delay
     1    0.02    0.00    0.00    0.20 ^ rst_n (in)
                                         rst_n (net)
                  0.00    0.00    0.20 ^ input13/A (sky130_fd_sc_hd__buf_16)
   264    1.28    1.25    0.71    0.91 ^ input13/X (sky130_fd_sc_hd__buf_16)
                                         net13 (net)
                  1.46    0.39    1.29 ^ counters[109]$_DFFE_PN0P_/RESET_B (sky130_fd_sc_hd__dfrtp_4)
                                  1.29   data arrival time

                          5.00    5.00   clock core_clock (rise edge)
                          0.00    5.00   clock source latency
     1    0.04    0.00    0.00    5.00 ^ clk (in)
                                         clk (net)
                  0.00    0.00    5.00 ^ clkbuf_0_clk/A (sky130_fd_sc_hd__clkbuf_16)
     2    0.03    0.05    0.12    5.12 ^ clkbuf_0_clk/X (sky130_fd_sc_hd__clkbuf_16)
                                         clknet_0_clk (net)
                  0.05    0.00    5.12 ^ clkbuf_1_1__f_clk/A (sky130_fd_sc_hd__clkbuf_16)
    14    0.19    0.20    0.25    5.37 ^ clkbuf_1_1__f_clk/X (sky130_fd_sc_hd__clkbuf_16)
                                         clknet_1_1__leaf_clk (net)
                  0.20    0.00    5.37 ^ clkbuf_leaf_19_clk/A (sky130_fd_sc_hd__clkbuf_16)
    10    0.04    0.06    0.19    5.56 ^ clkbuf_leaf_19_clk/X (sky130_fd_sc_hd__clkbuf_16)
                                         clknet_leaf_19_clk (net)
                  0.06    0.00    5.56 ^ counters[109]$_DFFE_PN0P_/CLK (sky130_fd_sc_hd__dfrtp_4)
                          0.00    5.56   clock reconvergence pessimism
                         -0.33    5.24   library recovery time
                                  5.24   data required time
-----------------------------------------------------------------------------
                                  5.24   data required time
                                 -1.29   data arrival time
-----------------------------------------------------------------------------
                                  3.94   slack (MET)


Startpoint: counters[57]$_DFFE_PN0P_
            (rising edge-triggered flip-flop clocked by core_clock)
Endpoint: count_value[25] (output port clocked by core_clock)
Path Group: core_clock
Path Type: max

Fanout     Cap    Slew   Delay    Time   Description
-----------------------------------------------------------------------------
                          0.00    0.00   clock core_clock (rise edge)
                          0.00    0.00   clock source latency
     1    0.04    0.00    0.00    0.00 ^ clk (in)
                                         clk (net)
                  0.00    0.00    0.00 ^ clkbuf_0_clk/A (sky130_fd_sc_hd__clkbuf_16)
     2    0.03    0.05    0.12    0.12 ^ clkbuf_0_clk/X (sky130_fd_sc_hd__clkbuf_16)
                                         clknet_0_clk (net)
                  0.05    0.00    0.12 ^ clkbuf_1_0__f_clk/A (sky130_fd_sc_hd__clkbuf_16)
    15    0.21    0.22    0.26    0.38 ^ clkbuf_1_0__f_clk/X (sky130_fd_sc_hd__clkbuf_16)
                                         clknet_1_0__leaf_clk (net)
                  0.22    0.00    0.38 ^ clkbuf_leaf_1_clk/A (sky130_fd_sc_hd__clkbuf_16)
    11    0.04    0.06    0.20    0.58 ^ clkbuf_leaf_1_clk/X (sky130_fd_sc_hd__clkbuf_16)
                                         clknet_leaf_1_clk (net)
                  0.06    0.00    0.58 ^ counters[57]$_DFFE_PN0P_/CLK (sky130_fd_sc_hd__dfrtp_1)
     2    0.01    0.07    0.34    0.93 ^ counters[57]$_DFFE_PN0P_/Q (sky130_fd_sc_hd__dfrtp_1)
                                         net222 (net)
                  0.07    0.00    0.93 ^ _2516_/A (sky130_fd_sc_hd__buf_2)
     8    0.03    0.15    0.19    1.12 ^ _2516_/X (sky130_fd_sc_hd__buf_2)
                                         _0695_ (net)
                  0.15    0.00    1.12 ^ _2968_/A1 (sky130_fd_sc_hd__a21oi_1)
     1    0.01    0.12    0.15    1.27 v _2968_/Y (sky130_fd_sc_hd__a21oi_1)
                                         _1074_ (net)
                  0.12    0.00    1.27 v _2970_/B2 (sky130_fd_sc_hd__a221o_1)
     1    0.02    0.13    0.42    1.69 v _2970_/X (sky130_fd_sc_hd__a221o_1)
                                         _1076_ (net)
                  0.13    0.00    1.70 v _2974_/B1 (sky130_fd_sc_hd__a221o_1)
     1    0.01    0.10    0.37    2.07 v _2974_/X (sky130_fd_sc_hd__a221o_1)
                                         _1080_ (net)
                  0.10    0.00    2.07 v _2979_/A2 (sky130_fd_sc_hd__a31oi_1)
     1    0.00    0.16    0.21    2.28 ^ _2979_/Y (sky130_fd_sc_hd__a31oi_1)
                                         net287 (net)
                  0.16    0.00    2.28 ^ output287/A (sky130_fd_sc_hd__clkbuf_1)
     1    0.00    0.05    0.11    2.39 ^ output287/X (sky130_fd_sc_hd__clkbuf_1)
                                         count_value[25] (net)
                  0.05    0.00    2.39 ^ count_value[25] (out)
                                  2.39   data arrival time

                          5.00    5.00   clock core_clock (rise edge)
                          0.00    5.00   clock network delay (propagated)
                          0.00    5.00   clock reconvergence pessimism
                         -0.20    4.80   output external delay
                                  4.80   data required time
-----------------------------------------------------------------------------
                                  4.80   data required time
                                 -2.39   data arrival time
-----------------------------------------------------------------------------
                                  2.41   slack (MET)



==========================================================================
finish report_check_types -max_slew -max_cap -max_fanout -violators
--------------------------------------------------------------------------

==========================================================================
finish max_slew_check_slack
--------------------------------------------------------------------------
0.034508731216192245

==========================================================================
finish max_slew_check_limit
--------------------------------------------------------------------------
1.5

==========================================================================
finish max_slew_check_slack_limit
--------------------------------------------------------------------------
0.0230

==========================================================================
finish max_fanout_check_slack
--------------------------------------------------------------------------
1.0000000150474662e+30

==========================================================================
finish max_fanout_check_limit
--------------------------------------------------------------------------
1.0000000150474662e+30

==========================================================================
finish max_capacitance_check_slack
--------------------------------------------------------------------------
0.030950747430324554

==========================================================================
finish max_capacitance_check_limit
--------------------------------------------------------------------------
0.03663099929690361

==========================================================================
finish max_capacitance_check_slack_limit
--------------------------------------------------------------------------
0.8449

==========================================================================
finish max_slew_violation_count
--------------------------------------------------------------------------
max slew violation count 0

==========================================================================
finish max_fanout_violation_count
--------------------------------------------------------------------------
max fanout violation count 0

==========================================================================
finish max_cap_violation_count
--------------------------------------------------------------------------
max cap violation count 0

==========================================================================
finish setup_violation_count
--------------------------------------------------------------------------
setup violation count 0

==========================================================================
finish hold_violation_count
--------------------------------------------------------------------------
hold violation count 178

==========================================================================
finish report_checks -path_delay max reg to reg
--------------------------------------------------------------------------
Startpoint: counters[0]$_DFFE_PN0P_
            (rising edge-triggered flip-flop clocked by core_clock)
Endpoint: counters[28]$_DFFE_PN0P_
          (rising edge-triggered flip-flop clocked by core_clock)
Path Group: core_clock
Path Type: max

  Delay    Time   Description
---------------------------------------------------------
   0.00    0.00   clock core_clock (rise edge)
   0.00    0.00   clock source latency
   0.00    0.00 ^ clk (in)
   0.12    0.12 ^ clkbuf_0_clk/X (sky130_fd_sc_hd__clkbuf_16)
   0.26    0.38 ^ clkbuf_1_0__f_clk/X (sky130_fd_sc_hd__clkbuf_16)
   0.21    0.59 ^ clkbuf_leaf_26_clk/X (sky130_fd_sc_hd__clkbuf_16)
   0.00    0.59 ^ counters[0]$_DFFE_PN0P_/CLK (sky130_fd_sc_hd__dfrtp_4)
   0.47    1.06 ^ counters[0]$_DFFE_PN0P_/Q (sky130_fd_sc_hd__dfrtp_4)
   0.27    1.33 ^ _3125_/COUT (sky130_fd_sc_hd__ha_1)
   0.05    1.38 v _1611_/Y (sky130_fd_sc_hd__inv_1)
   0.56    1.94 v _1615_/X (sky130_fd_sc_hd__or4_1)
   0.22    2.17 v _1726_/X (sky130_fd_sc_hd__clkbuf_4)
   0.35    2.52 ^ _2383_/Y (sky130_fd_sc_hd__nor4_1)
   0.35    2.88 v _2384_/X (sky130_fd_sc_hd__mux2_1)
   0.00    2.88 v counters[28]$_DFFE_PN0P_/D (sky130_fd_sc_hd__dfrtp_4)
           2.88   data arrival time

   5.00    5.00   clock core_clock (rise edge)
   0.00    5.00   clock source latency
   0.00    5.00 ^ clk (in)
   0.12    5.12 ^ clkbuf_0_clk/X (sky130_fd_sc_hd__clkbuf_16)
   0.26    5.38 ^ clkbuf_1_0__f_clk/X (sky130_fd_sc_hd__clkbuf_16)
   0.20    5.58 ^ clkbuf_leaf_0_clk/X (sky130_fd_sc_hd__clkbuf_16)
   0.00    5.58 ^ counters[28]$_DFFE_PN0P_/CLK (sky130_fd_sc_hd__dfrtp_4)
   0.00    5.58   clock reconvergence pessimism
  -0.12    5.46   library setup time
           5.46   data required time
---------------------------------------------------------
           5.46   data required time
          -2.88   data arrival time
---------------------------------------------------------
           2.59   slack (MET)



==========================================================================
finish report_checks -path_delay min reg to reg
--------------------------------------------------------------------------
Startpoint: prev_event_inc[7]$_DFFE_PN0N_
            (rising edge-triggered flip-flop clocked by core_clock)
Endpoint: prev_event_inc[7]$_DFFE_PN0N_
          (rising edge-triggered flip-flop clocked by core_clock)
Path Group: core_clock
Path Type: min

  Delay    Time   Description
---------------------------------------------------------
   0.00    0.00   clock core_clock (rise edge)
   0.00    0.00   clock source latency
   0.00    0.00 ^ clk (in)
   0.12    0.12 ^ clkbuf_0_clk/X (sky130_fd_sc_hd__clkbuf_16)
   0.26    0.38 ^ clkbuf_1_0__f_clk/X (sky130_fd_sc_hd__clkbuf_16)
   0.20    0.58 ^ clkbuf_leaf_7_clk/X (sky130_fd_sc_hd__clkbuf_16)
   0.00    0.58 ^ prev_event_inc[7]$_DFFE_PN0N_/CLK (sky130_fd_sc_hd__dfrtp_1)
   0.35    0.94 ^ prev_event_inc[7]$_DFFE_PN0N_/Q (sky130_fd_sc_hd__dfrtp_1)
   0.13    1.07 ^ _2745_/X (sky130_fd_sc_hd__mux2_1)
   0.00    1.07 ^ prev_event_inc[7]$_DFFE_PN0N_/D (sky130_fd_sc_hd__dfrtp_1)
           1.07   data arrival time

   0.00    0.00   clock core_clock (rise edge)
   0.00    0.00   clock source latency
   0.00    0.00 ^ clk (in)
   0.12    0.12 ^ clkbuf_0_clk/X (sky130_fd_sc_hd__clkbuf_16)
   0.26    0.38 ^ clkbuf_1_0__f_clk/X (sky130_fd_sc_hd__clkbuf_16)
   0.20    0.58 ^ clkbuf_leaf_7_clk/X (sky130_fd_sc_hd__clkbuf_16)
   0.00    0.58 ^ prev_event_inc[7]$_DFFE_PN0N_/CLK (sky130_fd_sc_hd__dfrtp_1)
   0.00    0.58   clock reconvergence pessimism
  -0.03    0.55   library hold time
           0.55   data required time
---------------------------------------------------------
           0.55   data required time
          -1.07   data arrival time
---------------------------------------------------------
           0.52   slack (MET)



==========================================================================
finish critical path target clock latency max path
--------------------------------------------------------------------------
0.5650

==========================================================================
finish critical path target clock latency min path
--------------------------------------------------------------------------
0.5648

==========================================================================
finish critical path source clock latency min path
--------------------------------------------------------------------------
0.0000

==========================================================================
finish critical path delay
--------------------------------------------------------------------------
2.3875

==========================================================================
finish critical path slack
--------------------------------------------------------------------------
2.4125

==========================================================================
finish slack div critical path delay
--------------------------------------------------------------------------
101.047120

==========================================================================
finish report_power
--------------------------------------------------------------------------
Group                  Internal  Switching    Leakage      Total
                          Power      Power      Power      Power (Watts)
----------------------------------------------------------------
Sequential             2.15e-03   2.02e-05   3.34e-09   2.17e-03  44.6%
Combinational          1.21e-04   2.53e-04   3.41e-09   3.74e-04   7.7%
Clock                  1.37e-03   9.56e-04   5.21e-10   2.32e-03  47.7%
Macro                  0.00e+00   0.00e+00   0.00e+00   0.00e+00   0.0%
Pad                    0.00e+00   0.00e+00   0.00e+00   0.00e+00   0.0%
----------------------------------------------------------------
Total                  3.64e-03   1.23e-03   7.27e-09   4.87e-03 100.0%
                          74.8%      25.2%       0.0%
