
==========================================================================
global route report_tns
--------------------------------------------------------------------------
tns 0.00

==========================================================================
global route report_wns
--------------------------------------------------------------------------
wns 0.00

==========================================================================
global route report_worst_slack
--------------------------------------------------------------------------
worst slack 0.44

==========================================================================
global route report_clock_skew
--------------------------------------------------------------------------
Clock core_clock
   0.06 source latency priority_ptr[1]$_SDFFE_PN1P_/CK ^
  -0.05 target latency grant[3]$_SDFF_PN0_/CK ^
   0.00 CRPR
--------------
   0.00 setup skew


==========================================================================
global route report_checks -path_delay min
--------------------------------------------------------------------------
Startpoint: priority_ptr[1]$_SDFFE_PN1P_
            (rising edge-triggered flip-flop clocked by core_clock)
Endpoint: grant[0]$_SDFF_PN0_
          (rising edge-triggered flip-flop clocked by core_clock)
Path Group: core_clock
Path Type: min

Fanout     Cap    Slew   Delay    Time   Description
-----------------------------------------------------------------------------
                          0.00    0.00   clock core_clock (rise edge)
                          0.00    0.00   clock source latency
     1    2.87    0.00    0.00    0.00 ^ clk (in)
                                         clk (net)
                  0.00    0.00    0.00 ^ clkbuf_0_clk/A (CLKBUF_X3)
     2    4.34    0.01    0.03    0.03 ^ clkbuf_0_clk/Z (CLKBUF_X3)
                                         clknet_0_clk (net)
                  0.01    0.00    0.03 ^ clkbuf_1_0__f_clk/A (CLKBUF_X3)
     4    5.33    0.01    0.03    0.06 ^ clkbuf_1_0__f_clk/Z (CLKBUF_X3)
                                         clknet_1_0__leaf_clk (net)
                  0.01    0.00    0.06 ^ priority_ptr[1]$_SDFFE_PN1P_/CK (DFF_X2)
     4   15.27    0.02    0.10    0.15 ^ priority_ptr[1]$_SDFFE_PN1P_/QN (DFF_X2)
                                         _065_ (net)
                  0.02    0.00    0.15 ^ _143_/B (HA_X1)
     1    2.48    0.01    0.04    0.19 ^ _143_/CO (HA_X1)
                                         _066_ (net)
                  0.01    0.00    0.19 ^ _112_/A1 (AOI22_X1)
     1    2.15    0.01    0.01    0.20 v _112_/ZN (AOI22_X1)
                                         _036_ (net)
                  0.01    0.00    0.20 v _113_/B2 (AOI21_X1)
     1    1.35    0.01    0.03    0.23 ^ _113_/ZN (AOI21_X1)
                                         _000_ (net)
                  0.01    0.00    0.23 ^ grant[0]$_SDFF_PN0_/D (DFF_X1)
                                  0.23   data arrival time

                          0.00    0.00   clock core_clock (rise edge)
                          0.00    0.00   clock source latency
     1    2.87    0.00    0.00    0.00 ^ clk (in)
                                         clk (net)
                  0.00    0.00    0.00 ^ clkbuf_0_clk/A (CLKBUF_X3)
     2    4.34    0.01    0.03    0.03 ^ clkbuf_0_clk/Z (CLKBUF_X3)
                                         clknet_0_clk (net)
                  0.01    0.00    0.03 ^ clkbuf_1_0__f_clk/A (CLKBUF_X3)
     4    5.33    0.01    0.03    0.06 ^ clkbuf_1_0__f_clk/Z (CLKBUF_X3)
                                         clknet_1_0__leaf_clk (net)
                  0.01    0.00    0.06 ^ grant[0]$_SDFF_PN0_/CK (DFF_X1)
                          0.00    0.06   clock reconvergence pessimism
                          0.01    0.07   library hold time
                                  0.07   data required time
-----------------------------------------------------------------------------
                                  0.07   data required time
                                 -0.23   data arrival time
-----------------------------------------------------------------------------
                                  0.17   slack (MET)



==========================================================================
global route report_checks -path_delay max
--------------------------------------------------------------------------
Startpoint: priority_ptr[0]$_SDFFE_PN1P_
            (rising edge-triggered flip-flop clocked by core_clock)
Endpoint: grant[3]$_SDFF_PN0_
          (rising edge-triggered flip-flop clocked by core_clock)
Path Group: core_clock
Path Type: max

Fanout     Cap    Slew   Delay    Time   Description
-----------------------------------------------------------------------------
                          0.00    0.00   clock core_clock (rise edge)
                          0.00    0.00   clock source latency
     1    2.87    0.00    0.00    0.00 ^ clk (in)
                                         clk (net)
                  0.00    0.00    0.00 ^ clkbuf_0_clk/A (CLKBUF_X3)
     2    4.34    0.01    0.03    0.03 ^ clkbuf_0_clk/Z (CLKBUF_X3)
                                         clknet_0_clk (net)
                  0.01    0.00    0.03 ^ clkbuf_1_0__f_clk/A (CLKBUF_X3)
     4    5.33    0.01    0.03    0.06 ^ clkbuf_1_0__f_clk/Z (CLKBUF_X3)
                                         clknet_1_0__leaf_clk (net)
                  0.01    0.00    0.06 ^ priority_ptr[0]$_SDFFE_PN1P_/CK (DFF_X2)
     6   20.04    0.03    0.10    0.16 ^ priority_ptr[0]$_SDFFE_PN1P_/QN (DFF_X2)
                                         _064_ (net)
                  0.03    0.00    0.16 ^ _143_/A (HA_X1)
     1    3.73    0.03    0.06    0.22 ^ _143_/S (HA_X1)
                                         _067_ (net)
                  0.03    0.00    0.22 ^ _092_/A (BUF_X4)
     5   11.77    0.01    0.03    0.25 ^ _092_/Z (BUF_X4)
                                         _016_ (net)
                  0.01    0.00    0.25 ^ _094_/S (MUX2_X1)
     1    1.17    0.01    0.06    0.31 v _094_/Z (MUX2_X1)
                                         _018_ (net)
                  0.01    0.00    0.31 v _095_/B (MUX2_X1)
     1    6.22    0.01    0.07    0.37 v _095_/Z (MUX2_X1)
                                         _019_ (net)
                  0.01    0.00    0.37 v _096_/A (BUF_X8)
    10   20.20    0.01    0.03    0.40 v _096_/Z (BUF_X8)
                                         _020_ (net)
                  0.01    0.00    0.41 v _101_/A3 (NOR3_X2)
     4    7.22    0.04    0.06    0.47 ^ _101_/ZN (NOR3_X2)
                                         _025_ (net)
                  0.04    0.00    0.47 ^ _122_/B1 (AOI22_X1)
     1    1.33    0.02    0.03    0.50 v _122_/ZN (AOI22_X1)
                                         _043_ (net)
                  0.02    0.00    0.50 v _123_/A2 (OR2_X1)
     1    1.74    0.01    0.05    0.55 v _123_/ZN (OR2_X1)
                                         _044_ (net)
                  0.01    0.00    0.55 v _125_/B1 (AOI21_X1)
     1    1.73    0.02    0.03    0.58 ^ _125_/ZN (AOI21_X1)
                                         _003_ (net)
                  0.02    0.00    0.58 ^ grant[3]$_SDFF_PN0_/D (DFF_X1)
                                  0.58   data arrival time

                          1.00    1.00   clock core_clock (rise edge)
                          0.00    1.00   clock source latency
     1    2.87    0.00    0.00    1.00 ^ clk (in)
                                         clk (net)
                  0.00    0.00    1.00 ^ clkbuf_0_clk/A (CLKBUF_X3)
     2    4.34    0.01    0.03    1.03 ^ clkbuf_0_clk/Z (CLKBUF_X3)
                                         clknet_0_clk (net)
                  0.01    0.00    1.03 ^ clkbuf_1_1__f_clk/A (CLKBUF_X3)
     3    3.54    0.01    0.03    1.05 ^ clkbuf_1_1__f_clk/Z (CLKBUF_X3)
                                         clknet_1_1__leaf_clk (net)
                  0.01    0.00    1.05 ^ grant[3]$_SDFF_PN0_/CK (DFF_X1)
                          0.00    1.05   clock reconvergence pessimism
                         -0.03    1.02   library setup time
                                  1.02   data required time
-----------------------------------------------------------------------------
                                  1.02   data required time
                                 -0.58   data arrival time
-----------------------------------------------------------------------------
                                  0.44   slack (MET)



==========================================================================
global route report_checks -unconstrained
--------------------------------------------------------------------------
Startpoint: priority_ptr[0]$_SDFFE_PN1P_
            (rising edge-triggered flip-flop clocked by core_clock)
Endpoint: grant[3]$_SDFF_PN0_
          (rising edge-triggered flip-flop clocked by core_clock)
Path Group: core_clock
Path Type: max

Fanout     Cap    Slew   Delay    Time   Description
-----------------------------------------------------------------------------
                          0.00    0.00   clock core_clock (rise edge)
                          0.00    0.00   clock source latency
     1    2.87    0.00    0.00    0.00 ^ clk (in)
                                         clk (net)
                  0.00    0.00    0.00 ^ clkbuf_0_clk/A (CLKBUF_X3)
     2    4.34    0.01    0.03    0.03 ^ clkbuf_0_clk/Z (CLKBUF_X3)
                                         clknet_0_clk (net)
                  0.01    0.00    0.03 ^ clkbuf_1_0__f_clk/A (CLKBUF_X3)
     4    5.33    0.01    0.03    0.06 ^ clkbuf_1_0__f_clk/Z (CLKBUF_X3)
                                         clknet_1_0__leaf_clk (net)
                  0.01    0.00    0.06 ^ priority_ptr[0]$_SDFFE_PN1P_/CK (DFF_X2)
     6   20.04    0.03    0.10    0.16 ^ priority_ptr[0]$_SDFFE_PN1P_/QN (DFF_X2)
                                         _064_ (net)
                  0.03    0.00    0.16 ^ _143_/A (HA_X1)
     1    3.73    0.03    0.06    0.22 ^ _143_/S (HA_X1)
                                         _067_ (net)
                  0.03    0.00    0.22 ^ _092_/A (BUF_X4)
     5   11.77    0.01    0.03    0.25 ^ _092_/Z (BUF_X4)
                                         _016_ (net)
                  0.01    0.00    0.25 ^ _094_/S (MUX2_X1)
     1    1.17    0.01    0.06    0.31 v _094_/Z (MUX2_X1)
                                         _018_ (net)
                  0.01    0.00    0.31 v _095_/B (MUX2_X1)
     1    6.22    0.01    0.07    0.37 v _095_/Z (MUX2_X1)
                                         _019_ (net)
                  0.01    0.00    0.37 v _096_/A (BUF_X8)
    10   20.20    0.01    0.03    0.40 v _096_/Z (BUF_X8)
                                         _020_ (net)
                  0.01    0.00    0.41 v _101_/A3 (NOR3_X2)
     4    7.22    0.04    0.06    0.47 ^ _101_/ZN (NOR3_X2)
                                         _025_ (net)
                  0.04    0.00    0.47 ^ _122_/B1 (AOI22_X1)
     1    1.33    0.02    0.03    0.50 v _122_/ZN (AOI22_X1)
                                         _043_ (net)
                  0.02    0.00    0.50 v _123_/A2 (OR2_X1)
     1    1.74    0.01    0.05    0.55 v _123_/ZN (OR2_X1)
                                         _044_ (net)
                  0.01    0.00    0.55 v _125_/B1 (AOI21_X1)
     1    1.73    0.02    0.03    0.58 ^ _125_/ZN (AOI21_X1)
                                         _003_ (net)
                  0.02    0.00    0.58 ^ grant[3]$_SDFF_PN0_/D (DFF_X1)
                                  0.58   data arrival time

                          1.00    1.00   clock core_clock (rise edge)
                          0.00    1.00   clock source latency
     1    2.87    0.00    0.00    1.00 ^ clk (in)
                                         clk (net)
                  0.00    0.00    1.00 ^ clkbuf_0_clk/A (CLKBUF_X3)
     2    4.34    0.01    0.03    1.03 ^ clkbuf_0_clk/Z (CLKBUF_X3)
                                         clknet_0_clk (net)
                  0.01    0.00    1.03 ^ clkbuf_1_1__f_clk/A (CLKBUF_X3)
     3    3.54    0.01    0.03    1.05 ^ clkbuf_1_1__f_clk/Z (CLKBUF_X3)
                                         clknet_1_1__leaf_clk (net)
                  0.01    0.00    1.05 ^ grant[3]$_SDFF_PN0_/CK (DFF_X1)
                          0.00    1.05   clock reconvergence pessimism
                         -0.03    1.02   library setup time
                                  1.02   data required time
-----------------------------------------------------------------------------
                                  1.02   data required time
                                 -0.58   data arrival time
-----------------------------------------------------------------------------
                                  0.44   slack (MET)



==========================================================================
global route report_check_types -max_slew -max_cap -max_fanout -violators
--------------------------------------------------------------------------

==========================================================================
global route max_slew_check_slack
--------------------------------------------------------------------------
0.14609678089618683

==========================================================================
global route max_slew_check_limit
--------------------------------------------------------------------------
0.1985349953174591

==========================================================================
global route max_slew_check_slack_limit
--------------------------------------------------------------------------
0.7359

==========================================================================
global route max_fanout_check_slack
--------------------------------------------------------------------------
1.0000000150474662e+30

==========================================================================
global route max_fanout_check_limit
--------------------------------------------------------------------------
1.0000000150474662e+30

==========================================================================
global route max_capacitance_check_slack
--------------------------------------------------------------------------
7.643496513366699

==========================================================================
global route max_capacitance_check_limit
--------------------------------------------------------------------------
10.47130012512207

==========================================================================
global route max_capacitance_check_slack_limit
--------------------------------------------------------------------------
0.7299

==========================================================================
global route max_slew_violation_count
--------------------------------------------------------------------------
max slew violation count 0

==========================================================================
global route max_fanout_violation_count
--------------------------------------------------------------------------
max fanout violation count 0

==========================================================================
global route max_cap_violation_count
--------------------------------------------------------------------------
max cap violation count 0

==========================================================================
global route setup_violation_count
--------------------------------------------------------------------------
setup violation count 0

==========================================================================
global route hold_violation_count
--------------------------------------------------------------------------
hold violation count 0

==========================================================================
global route report_checks -path_delay max reg to reg
--------------------------------------------------------------------------
Startpoint: priority_ptr[0]$_SDFFE_PN1P_
            (rising edge-triggered flip-flop clocked by core_clock)
Endpoint: grant[3]$_SDFF_PN0_
          (rising edge-triggered flip-flop clocked by core_clock)
Path Group: core_clock
Path Type: max

  Delay    Time   Description
---------------------------------------------------------
   0.00    0.00   clock core_clock (rise edge)
   0.00    0.00   clock source latency
   0.00    0.00 ^ clk (in)
   0.03    0.03 ^ clkbuf_0_clk/Z (CLKBUF_X3)
   0.03    0.06 ^ clkbuf_1_0__f_clk/Z (CLKBUF_X3)
   0.00    0.06 ^ priority_ptr[0]$_SDFFE_PN1P_/CK (DFF_X2)
   0.10    0.16 ^ priority_ptr[0]$_SDFFE_PN1P_/QN (DFF_X2)
   0.06    0.22 ^ _143_/S (HA_X1)
   0.03    0.25 ^ _092_/Z (BUF_X4)
   0.06    0.31 v _094_/Z (MUX2_X1)
   0.07    0.37 v _095_/Z (MUX2_X1)
   0.03    0.40 v _096_/Z (BUF_X8)
   0.07    0.47 ^ _101_/ZN (NOR3_X2)
   0.03    0.50 v _122_/ZN (AOI22_X1)
   0.05    0.55 v _123_/ZN (OR2_X1)
   0.03    0.58 ^ _125_/ZN (AOI21_X1)
   0.00    0.58 ^ grant[3]$_SDFF_PN0_/D (DFF_X1)
           0.58   data arrival time

   1.00    1.00   clock core_clock (rise edge)
   0.00    1.00   clock source latency
   0.00    1.00 ^ clk (in)
   0.03    1.03 ^ clkbuf_0_clk/Z (CLKBUF_X3)
   0.03    1.05 ^ clkbuf_1_1__f_clk/Z (CLKBUF_X3)
   0.00    1.05 ^ grant[3]$_SDFF_PN0_/CK (DFF_X1)
   0.00    1.05   clock reconvergence pessimism
  -0.03    1.02   library setup time
           1.02   data required time
---------------------------------------------------------
           1.02   data required time
          -0.58   data arrival time
---------------------------------------------------------
           0.44   slack (MET)



==========================================================================
global route report_checks -path_delay min reg to reg
--------------------------------------------------------------------------
Startpoint: priority_ptr[1]$_SDFFE_PN1P_
            (rising edge-triggered flip-flop clocked by core_clock)
Endpoint: grant[0]$_SDFF_PN0_
          (rising edge-triggered flip-flop clocked by core_clock)
Path Group: core_clock
Path Type: min

  Delay    Time   Description
---------------------------------------------------------
   0.00    0.00   clock core_clock (rise edge)
   0.00    0.00   clock source latency
   0.00    0.00 ^ clk (in)
   0.03    0.03 ^ clkbuf_0_clk/Z (CLKBUF_X3)
   0.03    0.06 ^ clkbuf_1_0__f_clk/Z (CLKBUF_X3)
   0.00    0.06 ^ priority_ptr[1]$_SDFFE_PN1P_/CK (DFF_X2)
   0.10    0.15 ^ priority_ptr[1]$_SDFFE_PN1P_/QN (DFF_X2)
   0.04    0.19 ^ _143_/CO (HA_X1)
   0.01    0.20 v _112_/ZN (AOI22_X1)
   0.03    0.23 ^ _113_/ZN (AOI21_X1)
   0.00    0.23 ^ grant[0]$_SDFF_PN0_/D (DFF_X1)
           0.23   data arrival time

   0.00    0.00   clock core_clock (rise edge)
   0.00    0.00   clock source latency
   0.00    0.00 ^ clk (in)
   0.03    0.03 ^ clkbuf_0_clk/Z (CLKBUF_X3)
   0.03    0.06 ^ clkbuf_1_0__f_clk/Z (CLKBUF_X3)
   0.00    0.06 ^ grant[0]$_SDFF_PN0_/CK (DFF_X1)
   0.00    0.06   clock reconvergence pessimism
   0.01    0.07   library hold time
           0.07   data required time
---------------------------------------------------------
           0.07   data required time
          -0.23   data arrival time
---------------------------------------------------------
           0.17   slack (MET)



==========================================================================
global route critical path target clock latency max path
--------------------------------------------------------------------------
0.0545

==========================================================================
global route critical path target clock latency min path
--------------------------------------------------------------------------
0.0567

==========================================================================
global route critical path source clock latency min path
--------------------------------------------------------------------------
0.0000

==========================================================================
global route critical path delay
--------------------------------------------------------------------------
0.5769

==========================================================================
global route critical path slack
--------------------------------------------------------------------------
0.4436

==========================================================================
global route slack div critical path delay
--------------------------------------------------------------------------
76.893742

==========================================================================
global route report_power
--------------------------------------------------------------------------
Group                  Internal  Switching    Leakage      Total
                          Power      Power      Power      Power (Watts)
----------------------------------------------------------------
Sequential             9.52e-05   4.67e-05   5.42e-07   1.42e-04  21.1%
Combinational          2.91e-04   1.91e-04   2.84e-06   4.85e-04  71.7%
Clock                  3.26e-05   1.60e-05   1.03e-07   4.87e-05   7.2%
Macro                  0.00e+00   0.00e+00   0.00e+00   0.00e+00   0.0%
Pad                    0.00e+00   0.00e+00   0.00e+00   0.00e+00   0.0%
----------------------------------------------------------------
Total                  4.19e-04   2.54e-04   3.48e-06   6.76e-04 100.0%
                          61.9%      37.6%       0.5%
