
==========================================================================
resizer report_tns
--------------------------------------------------------------------------
tns 0.00

==========================================================================
resizer report_wns
--------------------------------------------------------------------------
wns 0.00

==========================================================================
resizer report_worst_slack
--------------------------------------------------------------------------
worst slack 7.16

==========================================================================
resizer report_checks -path_delay min
--------------------------------------------------------------------------
Startpoint: rst_n (input port clocked by core_clock)
Endpoint: result[0]$_DFF_PN0_
          (removal check against rising-edge clock core_clock)
Path Group: asynchronous
Path Type: min

Fanout     Cap    Slew   Delay    Time   Description
-----------------------------------------------------------------------------
                  0.00    0.00    0.00   clock core_clock (rise edge)
                          0.00    0.00   clock network delay (ideal)
                          0.20    0.20 ^ input external delay
     1    0.07    0.00    0.00    0.20 ^ rst_n (in)
                                         rst_n (net)
                  0.00    0.00    0.20 ^ hold1/I (gf180mcu_fd_sc_mcu9t5v0__buf_4)
    10    0.12    0.24    0.20    0.40 ^ hold1/Z (gf180mcu_fd_sc_mcu9t5v0__buf_4)
                                         net1 (net)
                  0.24    0.00    0.40 ^ result[0]$_DFF_PN0_/RN (gf180mcu_fd_sc_mcu9t5v0__dffrnq_2)
                                  0.40   data arrival time

                  0.00    0.00    0.00   clock core_clock (rise edge)
                          0.00    0.00   clock network delay (ideal)
                          0.00    0.00   clock reconvergence pessimism
                                  0.00 ^ result[0]$_DFF_PN0_/CLK (gf180mcu_fd_sc_mcu9t5v0__dffrnq_2)
                          0.25    0.25   library removal time
                                  0.25   data required time
-----------------------------------------------------------------------------
                                  0.25   data required time
                                 -0.40   data arrival time
-----------------------------------------------------------------------------
                                  0.15   slack (MET)


Startpoint: op_code[0] (input port clocked by core_clock)
Endpoint: result[0]$_DFF_PN0_
          (rising edge-triggered flip-flop clocked by core_clock)
Path Group: core_clock
Path Type: min

Fanout     Cap    Slew   Delay    Time   Description
-----------------------------------------------------------------------------
                  0.00    0.00    0.00   clock core_clock (rise edge)
                          0.00    0.00   clock network delay (ideal)
                          0.20    0.20 v input external delay
     1    0.01    0.00    0.00    0.20 v op_code[0] (in)
                                         op_code[0] (net)
                  0.00    0.00    0.20 v input17/I (gf180mcu_fd_sc_mcu9t5v0__buf_4)
     5    0.13    0.16    0.19    0.39 v input17/Z (gf180mcu_fd_sc_mcu9t5v0__buf_4)
                                         net18 (net)
                  0.16    0.00    0.39 v _400_/A2 (gf180mcu_fd_sc_mcu9t5v0__nand2_2)
     3    0.05    0.26    0.21    0.60 ^ _400_/ZN (gf180mcu_fd_sc_mcu9t5v0__nand2_2)
                                         _077_ (net)
                  0.26    0.00    0.60 ^ _459_/A1 (gf180mcu_fd_sc_mcu9t5v0__oai21_2)
     1    0.01    0.09    0.07    0.67 v _459_/ZN (gf180mcu_fd_sc_mcu9t5v0__oai21_2)
                                         _227_ (net)
                  0.09    0.00    0.67 v result[0]$_DFF_PN0_/D (gf180mcu_fd_sc_mcu9t5v0__dffrnq_2)
                                  0.67   data arrival time

                  0.00    0.00    0.00   clock core_clock (rise edge)
                          0.00    0.00   clock network delay (ideal)
                          0.00    0.00   clock reconvergence pessimism
                                  0.00 ^ result[0]$_DFF_PN0_/CLK (gf180mcu_fd_sc_mcu9t5v0__dffrnq_2)
                          0.03    0.03   library hold time
                                  0.03   data required time
-----------------------------------------------------------------------------
                                  0.03   data required time
                                 -0.67   data arrival time
-----------------------------------------------------------------------------
                                  0.64   slack (MET)



==========================================================================
resizer report_checks -path_delay max
--------------------------------------------------------------------------
Startpoint: rst_n (input port clocked by core_clock)
Endpoint: overflow_flag$_DFF_PN0_
          (recovery check against rising-edge clock core_clock)
Path Group: asynchronous
Path Type: max

Fanout     Cap    Slew   Delay    Time   Description
-----------------------------------------------------------------------------
                  0.00    0.00    0.00   clock core_clock (rise edge)
                          0.00    0.00   clock network delay (ideal)
                          0.20    0.20 ^ input external delay
     1    0.07    0.00    0.00    0.20 ^ rst_n (in)
                                         rst_n (net)
                  0.00    0.00    0.20 ^ hold1/I (gf180mcu_fd_sc_mcu9t5v0__buf_4)
    10    0.12    0.24    0.20    0.40 ^ hold1/Z (gf180mcu_fd_sc_mcu9t5v0__buf_4)
                                         net1 (net)
                  0.24    0.00    0.40 ^ overflow_flag$_DFF_PN0_/RN (gf180mcu_fd_sc_mcu9t5v0__dffrnq_2)
                                  0.40   data arrival time

                  0.00   10.00   10.00   clock core_clock (rise edge)
                          0.00   10.00   clock network delay (ideal)
                          0.00   10.00   clock reconvergence pessimism
                                 10.00 ^ overflow_flag$_DFF_PN0_/CLK (gf180mcu_fd_sc_mcu9t5v0__dffrnq_2)
                          0.09   10.09   library recovery time
                                 10.09   data required time
-----------------------------------------------------------------------------
                                 10.09   data required time
                                 -0.40   data arrival time
-----------------------------------------------------------------------------
                                  9.69   slack (MET)


Startpoint: b[1] (input port clocked by core_clock)
Endpoint: zero_flag$_DFF_PN0_
          (rising edge-triggered flip-flop clocked by core_clock)
Path Group: core_clock
Path Type: max

Fanout     Cap    Slew   Delay    Time   Description
-----------------------------------------------------------------------------
                  0.00    0.00    0.00   clock core_clock (rise edge)
                          0.00    0.00   clock network delay (ideal)
                          0.20    0.20 ^ input external delay
     1    0.01    0.00    0.00    0.20 ^ b[1] (in)
                                         b[1] (net)
                  0.00    0.00    0.20 ^ input10/I (gf180mcu_fd_sc_mcu9t5v0__buf_4)
     5    0.16    0.32    0.24    0.44 ^ input10/Z (gf180mcu_fd_sc_mcu9t5v0__buf_4)
                                         net11 (net)
                  0.32    0.00    0.44 ^ _389_/I (gf180mcu_fd_sc_mcu9t5v0__clkinv_2)
     3    0.05    0.23    0.19    0.63 v _389_/ZN (gf180mcu_fd_sc_mcu9t5v0__clkinv_2)
                                         _067_ (net)
                  0.23    0.00    0.63 v _392_/I (gf180mcu_fd_sc_mcu9t5v0__buf_4)
    11    0.16    0.19    0.27    0.90 v _392_/Z (gf180mcu_fd_sc_mcu9t5v0__buf_4)
                                         _251_ (net)
                  0.19    0.00    0.90 v _562_/B (gf180mcu_fd_sc_mcu9t5v0__addh_2)
     4    0.07    0.27    0.43    1.33 ^ _562_/S (gf180mcu_fd_sc_mcu9t5v0__addh_2)
                                         _242_ (net)
                  0.27    0.00    1.33 ^ _355_/A2 (gf180mcu_fd_sc_mcu9t5v0__aoi211_4)
     3    0.04    0.21    0.10    1.43 v _355_/ZN (gf180mcu_fd_sc_mcu9t5v0__aoi211_4)
                                         _034_ (net)
                  0.21    0.00    1.43 v _357_/A1 (gf180mcu_fd_sc_mcu9t5v0__or2_2)
     2    0.03    0.12    0.27    1.70 v _357_/Z (gf180mcu_fd_sc_mcu9t5v0__or2_2)
                                         _036_ (net)
                  0.12    0.00    1.70 v _358_/B2 (gf180mcu_fd_sc_mcu9t5v0__aoi22_2)
     2    0.03    0.32    0.23    1.93 ^ _358_/ZN (gf180mcu_fd_sc_mcu9t5v0__aoi22_2)
                                         _037_ (net)
                  0.32    0.00    1.93 ^ _359_/A2 (gf180mcu_fd_sc_mcu9t5v0__xor2_2)
     1    0.01    0.08    0.29    2.22 v _359_/Z (gf180mcu_fd_sc_mcu9t5v0__xor2_2)
                                         _038_ (net)
                  0.08    0.00    2.22 v _376_/A2 (gf180mcu_fd_sc_mcu9t5v0__or4_2)
     1    0.02    0.14    0.33    2.54 v _376_/Z (gf180mcu_fd_sc_mcu9t5v0__or4_2)
                                         _055_ (net)
                  0.14    0.00    2.54 v _447_/B (gf180mcu_fd_sc_mcu9t5v0__oai211_2)
     1    0.01    0.20    0.14    2.68 ^ _447_/ZN (gf180mcu_fd_sc_mcu9t5v0__oai211_2)
                                         _000_ (net)
                  0.20    0.00    2.68 ^ zero_flag$_DFF_PN0_/D (gf180mcu_fd_sc_mcu9t5v0__dffrnq_2)
                                  2.68   data arrival time

                  0.00   10.00   10.00   clock core_clock (rise edge)
                          0.00   10.00   clock network delay (ideal)
                          0.00   10.00   clock reconvergence pessimism
                                 10.00 ^ zero_flag$_DFF_PN0_/CLK (gf180mcu_fd_sc_mcu9t5v0__dffrnq_2)
                         -0.16    9.84   library setup time
                                  9.84   data required time
-----------------------------------------------------------------------------
                                  9.84   data required time
                                 -2.68   data arrival time
-----------------------------------------------------------------------------
                                  7.16   slack (MET)



==========================================================================
resizer report_checks -unconstrained
--------------------------------------------------------------------------
Startpoint: rst_n (input port clocked by core_clock)
Endpoint: overflow_flag$_DFF_PN0_
          (recovery check against rising-edge clock core_clock)
Path Group: asynchronous
Path Type: max

Fanout     Cap    Slew   Delay    Time   Description
-----------------------------------------------------------------------------
                  0.00    0.00    0.00   clock core_clock (rise edge)
                          0.00    0.00   clock network delay (ideal)
                          0.20    0.20 ^ input external delay
     1    0.07    0.00    0.00    0.20 ^ rst_n (in)
                                         rst_n (net)
                  0.00    0.00    0.20 ^ hold1/I (gf180mcu_fd_sc_mcu9t5v0__buf_4)
    10    0.12    0.24    0.20    0.40 ^ hold1/Z (gf180mcu_fd_sc_mcu9t5v0__buf_4)
                                         net1 (net)
                  0.24    0.00    0.40 ^ overflow_flag$_DFF_PN0_/RN (gf180mcu_fd_sc_mcu9t5v0__dffrnq_2)
                                  0.40   data arrival time

                  0.00   10.00   10.00   clock core_clock (rise edge)
                          0.00   10.00   clock network delay (ideal)
                          0.00   10.00   clock reconvergence pessimism
                                 10.00 ^ overflow_flag$_DFF_PN0_/CLK (gf180mcu_fd_sc_mcu9t5v0__dffrnq_2)
                          0.09   10.09   library recovery time
                                 10.09   data required time
-----------------------------------------------------------------------------
                                 10.09   data required time
                                 -0.40   data arrival time
-----------------------------------------------------------------------------
                                  9.69   slack (MET)


Startpoint: b[1] (input port clocked by core_clock)
Endpoint: zero_flag$_DFF_PN0_
          (rising edge-triggered flip-flop clocked by core_clock)
Path Group: core_clock
Path Type: max

Fanout     Cap    Slew   Delay    Time   Description
-----------------------------------------------------------------------------
                  0.00    0.00    0.00   clock core_clock (rise edge)
                          0.00    0.00   clock network delay (ideal)
                          0.20    0.20 ^ input external delay
     1    0.01    0.00    0.00    0.20 ^ b[1] (in)
                                         b[1] (net)
                  0.00    0.00    0.20 ^ input10/I (gf180mcu_fd_sc_mcu9t5v0__buf_4)
     5    0.16    0.32    0.24    0.44 ^ input10/Z (gf180mcu_fd_sc_mcu9t5v0__buf_4)
                                         net11 (net)
                  0.32    0.00    0.44 ^ _389_/I (gf180mcu_fd_sc_mcu9t5v0__clkinv_2)
     3    0.05    0.23    0.19    0.63 v _389_/ZN (gf180mcu_fd_sc_mcu9t5v0__clkinv_2)
                                         _067_ (net)
                  0.23    0.00    0.63 v _392_/I (gf180mcu_fd_sc_mcu9t5v0__buf_4)
    11    0.16    0.19    0.27    0.90 v _392_/Z (gf180mcu_fd_sc_mcu9t5v0__buf_4)
                                         _251_ (net)
                  0.19    0.00    0.90 v _562_/B (gf180mcu_fd_sc_mcu9t5v0__addh_2)
     4    0.07    0.27    0.43    1.33 ^ _562_/S (gf180mcu_fd_sc_mcu9t5v0__addh_2)
                                         _242_ (net)
                  0.27    0.00    1.33 ^ _355_/A2 (gf180mcu_fd_sc_mcu9t5v0__aoi211_4)
     3    0.04    0.21    0.10    1.43 v _355_/ZN (gf180mcu_fd_sc_mcu9t5v0__aoi211_4)
                                         _034_ (net)
                  0.21    0.00    1.43 v _357_/A1 (gf180mcu_fd_sc_mcu9t5v0__or2_2)
     2    0.03    0.12    0.27    1.70 v _357_/Z (gf180mcu_fd_sc_mcu9t5v0__or2_2)
                                         _036_ (net)
                  0.12    0.00    1.70 v _358_/B2 (gf180mcu_fd_sc_mcu9t5v0__aoi22_2)
     2    0.03    0.32    0.23    1.93 ^ _358_/ZN (gf180mcu_fd_sc_mcu9t5v0__aoi22_2)
                                         _037_ (net)
                  0.32    0.00    1.93 ^ _359_/A2 (gf180mcu_fd_sc_mcu9t5v0__xor2_2)
     1    0.01    0.08    0.29    2.22 v _359_/Z (gf180mcu_fd_sc_mcu9t5v0__xor2_2)
                                         _038_ (net)
                  0.08    0.00    2.22 v _376_/A2 (gf180mcu_fd_sc_mcu9t5v0__or4_2)
     1    0.02    0.14    0.33    2.54 v _376_/Z (gf180mcu_fd_sc_mcu9t5v0__or4_2)
                                         _055_ (net)
                  0.14    0.00    2.54 v _447_/B (gf180mcu_fd_sc_mcu9t5v0__oai211_2)
     1    0.01    0.20    0.14    2.68 ^ _447_/ZN (gf180mcu_fd_sc_mcu9t5v0__oai211_2)
                                         _000_ (net)
                  0.20    0.00    2.68 ^ zero_flag$_DFF_PN0_/D (gf180mcu_fd_sc_mcu9t5v0__dffrnq_2)
                                  2.68   data arrival time

                  0.00   10.00   10.00   clock core_clock (rise edge)
                          0.00   10.00   clock network delay (ideal)
                          0.00   10.00   clock reconvergence pessimism
                                 10.00 ^ zero_flag$_DFF_PN0_/CLK (gf180mcu_fd_sc_mcu9t5v0__dffrnq_2)
                         -0.16    9.84   library setup time
                                  9.84   data required time
-----------------------------------------------------------------------------
                                  9.84   data required time
                                 -2.68   data arrival time
-----------------------------------------------------------------------------
                                  7.16   slack (MET)



==========================================================================
resizer report_check_types -max_slew -max_cap -max_fanout -violators
--------------------------------------------------------------------------

==========================================================================
resizer max_slew_check_slack
--------------------------------------------------------------------------
2.291422128677368

==========================================================================
resizer max_slew_check_limit
--------------------------------------------------------------------------
2.799999952316284

==========================================================================
resizer max_slew_check_slack_limit
--------------------------------------------------------------------------
0.8184

==========================================================================
resizer max_fanout_check_slack
--------------------------------------------------------------------------
1.0000000150474662e+30

==========================================================================
resizer max_fanout_check_limit
--------------------------------------------------------------------------
1.0000000150474662e+30

==========================================================================
resizer max_capacitance_check_slack
--------------------------------------------------------------------------
0.21146780252456665

==========================================================================
resizer max_capacitance_check_limit
--------------------------------------------------------------------------
0.22310000658035278

==========================================================================
resizer max_capacitance_check_slack_limit
--------------------------------------------------------------------------
0.9479

==========================================================================
resizer max_slew_violation_count
--------------------------------------------------------------------------
max slew violation count 0

==========================================================================
resizer max_fanout_violation_count
--------------------------------------------------------------------------
max fanout violation count 0

==========================================================================
resizer max_cap_violation_count
--------------------------------------------------------------------------
max cap violation count 0

==========================================================================
resizer setup_violation_count
--------------------------------------------------------------------------
setup violation count 0

==========================================================================
resizer hold_violation_count
--------------------------------------------------------------------------
hold violation count 0

==========================================================================
resizer report_checks -path_delay max reg to reg
--------------------------------------------------------------------------
No paths found.

==========================================================================
resizer report_checks -path_delay min reg to reg
--------------------------------------------------------------------------
No paths found.

==========================================================================
resizer critical path target clock latency max path
--------------------------------------------------------------------------
0.0000

==========================================================================
resizer critical path target clock latency min path
--------------------------------------------------------------------------
0.0000

==========================================================================
resizer critical path source clock latency min path
--------------------------------------------------------------------------
0.0000

==========================================================================
resizer critical path delay
--------------------------------------------------------------------------
2.6831

==========================================================================
resizer critical path slack
--------------------------------------------------------------------------
7.1603

==========================================================================
resizer slack div critical path delay
--------------------------------------------------------------------------
266.866684

==========================================================================
resizer report_power
--------------------------------------------------------------------------
Group                  Internal  Switching    Leakage      Total
                          Power      Power      Power      Power (Watts)
----------------------------------------------------------------
Sequential             1.23e-03   2.25e-04   5.89e-09   1.45e-03  20.2%
Combinational          3.35e-03   2.41e-03   7.64e-08   5.76e-03  79.8%
Clock                  0.00e+00   0.00e+00   9.12e-08   9.12e-08   0.0%
Macro                  0.00e+00   0.00e+00   0.00e+00   0.00e+00   0.0%
Pad                    0.00e+00   0.00e+00   0.00e+00   0.00e+00   0.0%
----------------------------------------------------------------
Total                  4.58e-03   2.63e-03   1.74e-07   7.21e-03 100.0%
                          63.5%      36.5%       0.0%
