
==========================================================================
resizer report_tns
--------------------------------------------------------------------------
tns 0.00

==========================================================================
resizer report_wns
--------------------------------------------------------------------------
wns 0.00

==========================================================================
resizer report_worst_slack
--------------------------------------------------------------------------
worst slack 4.18

==========================================================================
resizer report_checks -path_delay min
--------------------------------------------------------------------------
Startpoint: rst_n (input port clocked by core_clock)
Endpoint: counter_reg[0]$_DFFE_PN1P_
          (removal check against rising-edge clock core_clock)
Path Group: asynchronous
Path Type: min

Fanout     Cap    Slew   Delay    Time   Description
-----------------------------------------------------------------------------
                  0.00    0.00    0.00   clock core_clock (rise edge)
                          0.00    0.00   clock network delay (ideal)
                          0.20    0.20 ^ input external delay
     1    0.00    0.00    0.00    0.20 ^ rst_n (in)
                                         rst_n (net)
                  0.00    0.00    0.20 ^ input2/A (sky130_fd_sc_hd__clkbuf_1)
     2    0.01    0.14    0.13    0.33 ^ input2/X (sky130_fd_sc_hd__clkbuf_1)
                                         net3 (net)
                  0.14    0.00    0.33 ^ counter_reg[0]$_DFFE_PN1P_/SET_B (sky130_fd_sc_hd__dfstp_1)
                                  0.33   data arrival time

                  0.00    0.00    0.00   clock core_clock (rise edge)
                          0.00    0.00   clock network delay (ideal)
                          0.00    0.00   clock reconvergence pessimism
                                  0.00 ^ counter_reg[0]$_DFFE_PN1P_/CLK (sky130_fd_sc_hd__dfstp_1)
                          0.13    0.13   library removal time
                                  0.13   data required time
-----------------------------------------------------------------------------
                                  0.13   data required time
                                 -0.33   data arrival time
-----------------------------------------------------------------------------
                                  0.20   slack (MET)


Startpoint: counter_reg[2]$_DFFE_PN0P_
            (rising edge-triggered flip-flop clocked by core_clock)
Endpoint: counter_reg[2]$_DFFE_PN0P_
          (rising edge-triggered flip-flop clocked by core_clock)
Path Group: core_clock
Path Type: min

Fanout     Cap    Slew   Delay    Time   Description
-----------------------------------------------------------------------------
                  0.00    0.00    0.00   clock core_clock (rise edge)
                          0.00    0.00   clock network delay (ideal)
                  0.00    0.00    0.00 ^ counter_reg[2]$_DFFE_PN0P_/CLK (sky130_fd_sc_hd__dfrtp_1)
     3    0.01    0.08    0.33    0.33 ^ counter_reg[2]$_DFFE_PN0P_/Q (sky130_fd_sc_hd__dfrtp_1)
                                         net6 (net)
                  0.08    0.00    0.33 ^ _6_/A0 (sky130_fd_sc_hd__mux2_1)
     1    0.00    0.04    0.12    0.45 ^ _6_/X (sky130_fd_sc_hd__mux2_1)
                                         _2_ (net)
                  0.04    0.00    0.45 ^ counter_reg[2]$_DFFE_PN0P_/D (sky130_fd_sc_hd__dfrtp_1)
                                  0.45   data arrival time

                  0.00    0.00    0.00   clock core_clock (rise edge)
                          0.00    0.00   clock network delay (ideal)
                          0.00    0.00   clock reconvergence pessimism
                                  0.00 ^ counter_reg[2]$_DFFE_PN0P_/CLK (sky130_fd_sc_hd__dfrtp_1)
                         -0.04   -0.04   library hold time
                                 -0.04   data required time
-----------------------------------------------------------------------------
                                 -0.04   data required time
                                 -0.45   data arrival time
-----------------------------------------------------------------------------
                                  0.49   slack (MET)



==========================================================================
resizer report_checks -path_delay max
--------------------------------------------------------------------------
Startpoint: rst_n (input port clocked by core_clock)
Endpoint: counter_reg[1]$_DFFE_PN0P_
          (recovery check against rising-edge clock core_clock)
Path Group: asynchronous
Path Type: max

Fanout     Cap    Slew   Delay    Time   Description
-----------------------------------------------------------------------------
                  0.00    0.00    0.00   clock core_clock (rise edge)
                          0.00    0.00   clock network delay (ideal)
                          0.20    0.20 ^ input external delay
     1    0.00    0.00    0.00    0.20 ^ rst_n (in)
                                         rst_n (net)
                  0.00    0.00    0.20 ^ input2/A (sky130_fd_sc_hd__clkbuf_1)
     2    0.01    0.14    0.13    0.33 ^ input2/X (sky130_fd_sc_hd__clkbuf_1)
                                         net3 (net)
                  0.14    0.00    0.33 ^ hold1/A (sky130_fd_sc_hd__clkdlybuf4s50_1)
     3    0.01    0.12    0.56    0.89 ^ hold1/X (sky130_fd_sc_hd__clkdlybuf4s50_1)
                                         net1 (net)
                  0.12    0.00    0.89 ^ counter_reg[1]$_DFFE_PN0P_/RESET_B (sky130_fd_sc_hd__dfrtp_1)
                                  0.89   data arrival time

                  0.00    5.00    5.00   clock core_clock (rise edge)
                          0.00    5.00   clock network delay (ideal)
                          0.00    5.00   clock reconvergence pessimism
                                  5.00 ^ counter_reg[1]$_DFFE_PN0P_/CLK (sky130_fd_sc_hd__dfrtp_1)
                          0.20    5.20   library recovery time
                                  5.20   data required time
-----------------------------------------------------------------------------
                                  5.20   data required time
                                 -0.89   data arrival time
-----------------------------------------------------------------------------
                                  4.31   slack (MET)


Startpoint: enable (input port clocked by core_clock)
Endpoint: counter_reg[1]$_DFFE_PN0P_
          (rising edge-triggered flip-flop clocked by core_clock)
Path Group: core_clock
Path Type: max

Fanout     Cap    Slew   Delay    Time   Description
-----------------------------------------------------------------------------
                  0.00    0.00    0.00   clock core_clock (rise edge)
                          0.00    0.00   clock network delay (ideal)
                          0.20    0.20 ^ input external delay
     1    0.00    0.00    0.00    0.20 ^ enable (in)
                                         enable (net)
                  0.00    0.00    0.20 ^ input1/A (sky130_fd_sc_hd__dlymetal6s2s_1)
     4    0.02    0.17    0.16    0.36 ^ input1/X (sky130_fd_sc_hd__dlymetal6s2s_1)
                                         net2 (net)
                  0.17    0.00    0.36 ^ _5_/S (sky130_fd_sc_hd__mux2_1)
     1    0.00    0.05    0.33    0.70 v _5_/X (sky130_fd_sc_hd__mux2_1)
                                         _1_ (net)
                  0.05    0.00    0.70 v counter_reg[1]$_DFFE_PN0P_/D (sky130_fd_sc_hd__dfrtp_1)
                                  0.70   data arrival time

                  0.00    5.00    5.00   clock core_clock (rise edge)
                          0.00    5.00   clock network delay (ideal)
                          0.00    5.00   clock reconvergence pessimism
                                  5.00 ^ counter_reg[1]$_DFFE_PN0P_/CLK (sky130_fd_sc_hd__dfrtp_1)
                         -0.13    4.87   library setup time
                                  4.87   data required time
-----------------------------------------------------------------------------
                                  4.87   data required time
                                 -0.70   data arrival time
-----------------------------------------------------------------------------
                                  4.18   slack (MET)



==========================================================================
resizer report_checks -unconstrained
--------------------------------------------------------------------------
Startpoint: rst_n (input port clocked by core_clock)
Endpoint: counter_reg[1]$_DFFE_PN0P_
          (recovery check against rising-edge clock core_clock)
Path Group: asynchronous
Path Type: max

Fanout     Cap    Slew   Delay    Time   Description
-----------------------------------------------------------------------------
                  0.00    0.00    0.00   clock core_clock (rise edge)
                          0.00    0.00   clock network delay (ideal)
                          0.20    0.20 ^ input external delay
     1    0.00    0.00    0.00    0.20 ^ rst_n (in)
                                         rst_n (net)
                  0.00    0.00    0.20 ^ input2/A (sky130_fd_sc_hd__clkbuf_1)
     2    0.01    0.14    0.13    0.33 ^ input2/X (sky130_fd_sc_hd__clkbuf_1)
                                         net3 (net)
                  0.14    0.00    0.33 ^ hold1/A (sky130_fd_sc_hd__clkdlybuf4s50_1)
     3    0.01    0.12    0.56    0.89 ^ hold1/X (sky130_fd_sc_hd__clkdlybuf4s50_1)
                                         net1 (net)
                  0.12    0.00    0.89 ^ counter_reg[1]$_DFFE_PN0P_/RESET_B (sky130_fd_sc_hd__dfrtp_1)
                                  0.89   data arrival time

                  0.00    5.00    5.00   clock core_clock (rise edge)
                          0.00    5.00   clock network delay (ideal)
                          0.00    5.00   clock reconvergence pessimism
                                  5.00 ^ counter_reg[1]$_DFFE_PN0P_/CLK (sky130_fd_sc_hd__dfrtp_1)
                          0.20    5.20   library recovery time
                                  5.20   data required time
-----------------------------------------------------------------------------
                                  5.20   data required time
                                 -0.89   data arrival time
-----------------------------------------------------------------------------
                                  4.31   slack (MET)


Startpoint: enable (input port clocked by core_clock)
Endpoint: counter_reg[1]$_DFFE_PN0P_
          (rising edge-triggered flip-flop clocked by core_clock)
Path Group: core_clock
Path Type: max

Fanout     Cap    Slew   Delay    Time   Description
-----------------------------------------------------------------------------
                  0.00    0.00    0.00   clock core_clock (rise edge)
                          0.00    0.00   clock network delay (ideal)
                          0.20    0.20 ^ input external delay
     1    0.00    0.00    0.00    0.20 ^ enable (in)
                                         enable (net)
                  0.00    0.00    0.20 ^ input1/A (sky130_fd_sc_hd__dlymetal6s2s_1)
     4    0.02    0.17    0.16    0.36 ^ input1/X (sky130_fd_sc_hd__dlymetal6s2s_1)
                                         net2 (net)
                  0.17    0.00    0.36 ^ _5_/S (sky130_fd_sc_hd__mux2_1)
     1    0.00    0.05    0.33    0.70 v _5_/X (sky130_fd_sc_hd__mux2_1)
                                         _1_ (net)
                  0.05    0.00    0.70 v counter_reg[1]$_DFFE_PN0P_/D (sky130_fd_sc_hd__dfrtp_1)
                                  0.70   data arrival time

                  0.00    5.00    5.00   clock core_clock (rise edge)
                          0.00    5.00   clock network delay (ideal)
                          0.00    5.00   clock reconvergence pessimism
                                  5.00 ^ counter_reg[1]$_DFFE_PN0P_/CLK (sky130_fd_sc_hd__dfrtp_1)
                         -0.13    4.87   library setup time
                                  4.87   data required time
-----------------------------------------------------------------------------
                                  4.87   data required time
                                 -0.70   data arrival time
-----------------------------------------------------------------------------
                                  4.18   slack (MET)



==========================================================================
resizer report_check_types -max_slew -max_cap -max_fanout -violators
--------------------------------------------------------------------------

==========================================================================
resizer max_slew_check_slack
--------------------------------------------------------------------------
1.322737455368042

==========================================================================
resizer max_slew_check_limit
--------------------------------------------------------------------------
1.4975509643554688

==========================================================================
resizer max_slew_check_slack_limit
--------------------------------------------------------------------------
0.8833

==========================================================================
resizer max_fanout_check_slack
--------------------------------------------------------------------------
1.0000000150474662e+30

==========================================================================
resizer max_fanout_check_limit
--------------------------------------------------------------------------
1.0000000150474662e+30

==========================================================================
resizer max_capacitance_check_slack
--------------------------------------------------------------------------
0.11895965039730072

==========================================================================
resizer max_capacitance_check_limit
--------------------------------------------------------------------------
0.13001500070095062

==========================================================================
resizer max_capacitance_check_slack_limit
--------------------------------------------------------------------------
0.9150

==========================================================================
resizer max_slew_violation_count
--------------------------------------------------------------------------
max slew violation count 0

==========================================================================
resizer max_fanout_violation_count
--------------------------------------------------------------------------
max fanout violation count 0

==========================================================================
resizer max_cap_violation_count
--------------------------------------------------------------------------
max cap violation count 0

==========================================================================
resizer setup_violation_count
--------------------------------------------------------------------------
setup violation count 0

==========================================================================
resizer hold_violation_count
--------------------------------------------------------------------------
hold violation count 0

==========================================================================
resizer report_checks -path_delay max reg to reg
--------------------------------------------------------------------------
Startpoint: counter_reg[1]$_DFFE_PN0P_
            (rising edge-triggered flip-flop clocked by core_clock)
Endpoint: counter_reg[2]$_DFFE_PN0P_
          (rising edge-triggered flip-flop clocked by core_clock)
Path Group: core_clock
Path Type: max

  Delay    Time   Description
---------------------------------------------------------
   0.00    0.00   clock core_clock (rise edge)
   0.00    0.00   clock network delay (ideal)
   0.00    0.00 ^ counter_reg[1]$_DFFE_PN0P_/CLK (sky130_fd_sc_hd__dfrtp_1)
   0.36    0.36 v counter_reg[1]$_DFFE_PN0P_/Q (sky130_fd_sc_hd__dfrtp_1)
   0.29    0.65 v _6_/X (sky130_fd_sc_hd__mux2_1)
   0.00    0.65 v counter_reg[2]$_DFFE_PN0P_/D (sky130_fd_sc_hd__dfrtp_1)
           0.65   data arrival time

   5.00    5.00   clock core_clock (rise edge)
   0.00    5.00   clock network delay (ideal)
   0.00    5.00   clock reconvergence pessimism
           5.00 ^ counter_reg[2]$_DFFE_PN0P_/CLK (sky130_fd_sc_hd__dfrtp_1)
  -0.13    4.87   library setup time
           4.87   data required time
---------------------------------------------------------
           4.87   data required time
          -0.65   data arrival time
---------------------------------------------------------
           4.22   slack (MET)



==========================================================================
resizer report_checks -path_delay min reg to reg
--------------------------------------------------------------------------
Startpoint: counter_reg[2]$_DFFE_PN0P_
            (rising edge-triggered flip-flop clocked by core_clock)
Endpoint: counter_reg[2]$_DFFE_PN0P_
          (rising edge-triggered flip-flop clocked by core_clock)
Path Group: core_clock
Path Type: min

  Delay    Time   Description
---------------------------------------------------------
   0.00    0.00   clock core_clock (rise edge)
   0.00    0.00   clock network delay (ideal)
   0.00    0.00 ^ counter_reg[2]$_DFFE_PN0P_/CLK (sky130_fd_sc_hd__dfrtp_1)
   0.33    0.33 ^ counter_reg[2]$_DFFE_PN0P_/Q (sky130_fd_sc_hd__dfrtp_1)
   0.12    0.45 ^ _6_/X (sky130_fd_sc_hd__mux2_1)
   0.00    0.45 ^ counter_reg[2]$_DFFE_PN0P_/D (sky130_fd_sc_hd__dfrtp_1)
           0.45   data arrival time

   0.00    0.00   clock core_clock (rise edge)
   0.00    0.00   clock network delay (ideal)
   0.00    0.00   clock reconvergence pessimism
           0.00 ^ counter_reg[2]$_DFFE_PN0P_/CLK (sky130_fd_sc_hd__dfrtp_1)
  -0.04   -0.04   library hold time
          -0.04   data required time
---------------------------------------------------------
          -0.04   data required time
          -0.45   data arrival time
---------------------------------------------------------
           0.49   slack (MET)



==========================================================================
resizer critical path target clock latency max path
--------------------------------------------------------------------------
0.0000

==========================================================================
resizer critical path target clock latency min path
--------------------------------------------------------------------------
0.0000

==========================================================================
resizer critical path source clock latency min path
--------------------------------------------------------------------------
0.0000

==========================================================================
resizer critical path delay
--------------------------------------------------------------------------
0.6960

==========================================================================
resizer critical path slack
--------------------------------------------------------------------------
4.1758

==========================================================================
resizer slack div critical path delay
--------------------------------------------------------------------------
599.971264

==========================================================================
resizer report_power
--------------------------------------------------------------------------
Group                  Internal  Switching    Leakage      Total
                          Power      Power      Power      Power (Watts)
----------------------------------------------------------------
Sequential             3.29e-05   0.00e+00   5.25e-11   3.29e-05  91.6%
Combinational          1.78e-06   1.23e-06   4.94e-11   3.01e-06   8.4%
Clock                  0.00e+00   0.00e+00   0.00e+00   0.00e+00   0.0%
Macro                  0.00e+00   0.00e+00   0.00e+00   0.00e+00   0.0%
Pad                    0.00e+00   0.00e+00   0.00e+00   0.00e+00   0.0%
----------------------------------------------------------------
Total                  3.47e-05   1.23e-06   1.02e-10   3.59e-05 100.0%
                          96.6%       3.4%       0.0%
