
==========================================================================
cts final report_tns
--------------------------------------------------------------------------
tns 0.00

==========================================================================
cts final report_wns
--------------------------------------------------------------------------
wns 0.00

==========================================================================
cts final report_worst_slack
--------------------------------------------------------------------------
worst slack 3.13

==========================================================================
cts final report_clock_skew
--------------------------------------------------------------------------
Clock core_clock
   0.23 source latency binary_count[1]$_DFFE_PN0P_/CLK ^
  -0.23 target latency binary_count[3]$_DFFE_PN0P_/CLK ^
   0.00 CRPR
--------------
   0.00 setup skew


==========================================================================
cts final report_checks -path_delay min
--------------------------------------------------------------------------
Startpoint: rst_n (input port clocked by core_clock)
Endpoint: gray_out[1]$_DFFE_PN0P_
          (removal check against rising-edge clock core_clock)
Path Group: asynchronous
Path Type: min

Fanout     Cap    Slew   Delay    Time   Description
-----------------------------------------------------------------------------
                          0.00    0.00   clock core_clock (rise edge)
                          0.00    0.00   clock network delay (propagated)
                          0.20    0.20 ^ input external delay
     1    0.00    0.00    0.00    0.20 ^ rst_n (in)
                                         rst_n (net)
                  0.00    0.00    0.20 ^ hold2/A (sky130_fd_sc_hd__dlygate4sd3_1)
     1    0.01    0.08    0.54    0.74 ^ hold2/X (sky130_fd_sc_hd__dlygate4sd3_1)
                                         net16 (net)
                  0.08    0.00    0.74 ^ hold1/A (sky130_fd_sc_hd__buf_2)
     7    0.04    0.17    0.21    0.95 ^ hold1/X (sky130_fd_sc_hd__buf_2)
                                         net1 (net)
                  0.17    0.00    0.95 ^ gray_out[1]$_DFFE_PN0P_/RESET_B (sky130_fd_sc_hd__dfrtp_1)
                                  0.95   data arrival time

                          0.00    0.00   clock core_clock (rise edge)
                          0.00    0.00   clock source latency
     1    0.01    0.00    0.00    0.00 ^ clk (in)
                                         clk (net)
                  0.00    0.00    0.00 ^ clkbuf_0_clk/A (sky130_fd_sc_hd__clkbuf_8)
     2    0.01    0.04    0.11    0.11 ^ clkbuf_0_clk/X (sky130_fd_sc_hd__clkbuf_8)
                                         clknet_0_clk (net)
                  0.04    0.00    0.11 ^ clkbuf_1_0__f_clk/A (sky130_fd_sc_hd__clkbuf_8)
     4    0.01    0.04    0.12    0.23 ^ clkbuf_1_0__f_clk/X (sky130_fd_sc_hd__clkbuf_8)
                                         clknet_1_0__leaf_clk (net)
                  0.04    0.00    0.23 ^ gray_out[1]$_DFFE_PN0P_/CLK (sky130_fd_sc_hd__dfrtp_1)
                          0.00    0.23   clock reconvergence pessimism
                          0.35    0.58   library removal time
                                  0.58   data required time
-----------------------------------------------------------------------------
                                  0.58   data required time
                                 -0.95   data arrival time
-----------------------------------------------------------------------------
                                  0.37   slack (MET)


Startpoint: data_in[0] (input port clocked by core_clock)
Endpoint: binary_count[0]$_DFFE_PN0P_
          (rising edge-triggered flip-flop clocked by core_clock)
Path Group: core_clock
Path Type: min

Fanout     Cap    Slew   Delay    Time   Description
-----------------------------------------------------------------------------
                          0.00    0.00   clock core_clock (rise edge)
                          0.00    0.00   clock network delay (propagated)
                          0.20    0.20 v input external delay
     1    0.00    0.00    0.00    0.20 v data_in[0] (in)
                                         data_in[0] (net)
                  0.00    0.00    0.20 v input1/A (sky130_fd_sc_hd__clkbuf_1)
     2    0.01    0.06    0.10    0.30 v input1/X (sky130_fd_sc_hd__clkbuf_1)
                                         net2 (net)
                  0.06    0.00    0.30 v _50_/B (sky130_fd_sc_hd__nand2_1)
     1    0.00    0.04    0.06    0.36 ^ _50_/Y (sky130_fd_sc_hd__nand2_1)
                                         _09_ (net)
                  0.04    0.00    0.36 ^ _51_/B1 (sky130_fd_sc_hd__o21ai_0)
     1    0.00    0.05    0.07    0.43 v _51_/Y (sky130_fd_sc_hd__o21ai_0)
                                         _00_ (net)
                  0.05    0.00    0.43 v binary_count[0]$_DFFE_PN0P_/D (sky130_fd_sc_hd__dfrtp_4)
                                  0.43   data arrival time

                          0.00    0.00   clock core_clock (rise edge)
                          0.00    0.00   clock source latency
     1    0.01    0.00    0.00    0.00 ^ clk (in)
                                         clk (net)
                  0.00    0.00    0.00 ^ clkbuf_0_clk/A (sky130_fd_sc_hd__clkbuf_8)
     2    0.01    0.04    0.11    0.11 ^ clkbuf_0_clk/X (sky130_fd_sc_hd__clkbuf_8)
                                         clknet_0_clk (net)
                  0.04    0.00    0.11 ^ clkbuf_1_0__f_clk/A (sky130_fd_sc_hd__clkbuf_8)
     4    0.01    0.04    0.12    0.23 ^ clkbuf_1_0__f_clk/X (sky130_fd_sc_hd__clkbuf_8)
                                         clknet_1_0__leaf_clk (net)
                  0.04    0.00    0.23 ^ binary_count[0]$_DFFE_PN0P_/CLK (sky130_fd_sc_hd__dfrtp_4)
                          0.00    0.23   clock reconvergence pessimism
                         -0.04    0.18   library hold time
                                  0.18   data required time
-----------------------------------------------------------------------------
                                  0.18   data required time
                                 -0.43   data arrival time
-----------------------------------------------------------------------------
                                  0.25   slack (MET)



==========================================================================
cts final report_checks -path_delay max
--------------------------------------------------------------------------
Startpoint: rst_n (input port clocked by core_clock)
Endpoint: binary_count[0]$_DFFE_PN0P_
          (recovery check against rising-edge clock core_clock)
Path Group: asynchronous
Path Type: max

Fanout     Cap    Slew   Delay    Time   Description
-----------------------------------------------------------------------------
                          0.00    0.00   clock core_clock (rise edge)
                          0.00    0.00   clock network delay (propagated)
                          0.20    0.20 ^ input external delay
     1    0.00    0.00    0.00    0.20 ^ rst_n (in)
                                         rst_n (net)
                  0.00    0.00    0.20 ^ hold2/A (sky130_fd_sc_hd__dlygate4sd3_1)
     1    0.01    0.08    0.54    0.74 ^ hold2/X (sky130_fd_sc_hd__dlygate4sd3_1)
                                         net16 (net)
                  0.08    0.00    0.74 ^ hold1/A (sky130_fd_sc_hd__buf_2)
     7    0.04    0.17    0.21    0.95 ^ hold1/X (sky130_fd_sc_hd__buf_2)
                                         net1 (net)
                  0.17    0.00    0.95 ^ binary_count[0]$_DFFE_PN0P_/RESET_B (sky130_fd_sc_hd__dfrtp_4)
                                  0.95   data arrival time

                          5.00    5.00   clock core_clock (rise edge)
                          0.00    5.00   clock source latency
     1    0.01    0.00    0.00    5.00 ^ clk (in)
                                         clk (net)
                  0.00    0.00    5.00 ^ clkbuf_0_clk/A (sky130_fd_sc_hd__clkbuf_8)
     2    0.01    0.04    0.11    5.11 ^ clkbuf_0_clk/X (sky130_fd_sc_hd__clkbuf_8)
                                         clknet_0_clk (net)
                  0.04    0.00    5.11 ^ clkbuf_1_0__f_clk/A (sky130_fd_sc_hd__clkbuf_8)
     4    0.01    0.04    0.12    5.23 ^ clkbuf_1_0__f_clk/X (sky130_fd_sc_hd__clkbuf_8)
                                         clknet_1_0__leaf_clk (net)
                  0.04    0.00    5.23 ^ binary_count[0]$_DFFE_PN0P_/CLK (sky130_fd_sc_hd__dfrtp_4)
                          0.00    5.23   clock reconvergence pessimism
                          0.17    5.40   library recovery time
                                  5.40   data required time
-----------------------------------------------------------------------------
                                  5.40   data required time
                                 -0.95   data arrival time
-----------------------------------------------------------------------------
                                  4.45   slack (MET)


Startpoint: binary_count[2]$_DFFE_PN0P_
            (rising edge-triggered flip-flop clocked by core_clock)
Endpoint: binary_count[3]$_DFFE_PN0P_
          (rising edge-triggered flip-flop clocked by core_clock)
Path Group: core_clock
Path Type: max

Fanout     Cap    Slew   Delay    Time   Description
-----------------------------------------------------------------------------
                          0.00    0.00   clock core_clock (rise edge)
                          0.00    0.00   clock source latency
     1    0.01    0.00    0.00    0.00 ^ clk (in)
                                         clk (net)
                  0.00    0.00    0.00 ^ clkbuf_0_clk/A (sky130_fd_sc_hd__clkbuf_8)
     2    0.01    0.04    0.11    0.11 ^ clkbuf_0_clk/X (sky130_fd_sc_hd__clkbuf_8)
                                         clknet_0_clk (net)
                  0.04    0.00    0.11 ^ clkbuf_1_0__f_clk/A (sky130_fd_sc_hd__clkbuf_8)
     4    0.01    0.04    0.12    0.23 ^ clkbuf_1_0__f_clk/X (sky130_fd_sc_hd__clkbuf_8)
                                         clknet_1_0__leaf_clk (net)
                  0.04    0.00    0.23 ^ binary_count[2]$_DFFE_PN0P_/CLK (sky130_fd_sc_hd__dfrtp_1)
     3    0.02    0.10    0.42    0.65 v binary_count[2]$_DFFE_PN0P_/Q (sky130_fd_sc_hd__dfrtp_1)
                                         net10 (net)
                  0.10    0.00    0.65 v _92_/A (sky130_fd_sc_hd__ha_1)
     3    0.02    0.11    0.37    1.02 v _92_/SUM (sky130_fd_sc_hd__ha_1)
                                         _47_ (net)
                  0.11    0.00    1.02 v _63_/A1 (sky130_fd_sc_hd__a21oi_1)
     2    0.01    0.16    0.18    1.20 ^ _63_/Y (sky130_fd_sc_hd__a21oi_1)
                                         _19_ (net)
                  0.16    0.00    1.20 ^ _65_/A2 (sky130_fd_sc_hd__a21oi_1)
     4    0.01    0.10    0.13    1.34 v _65_/Y (sky130_fd_sc_hd__a21oi_1)
                                         _21_ (net)
                  0.10    0.00    1.34 v _68_/C (sky130_fd_sc_hd__or4_1)
     1    0.00    0.09    0.48    1.82 v _68_/X (sky130_fd_sc_hd__or4_1)
                                         _24_ (net)
                  0.09    0.00    1.82 v _70_/A3 (sky130_fd_sc_hd__a31oi_1)
     1    0.00    0.15    0.19    2.01 ^ _70_/Y (sky130_fd_sc_hd__a31oi_1)
                                         _03_ (net)
                  0.15    0.00    2.01 ^ binary_count[3]$_DFFE_PN0P_/D (sky130_fd_sc_hd__dfrtp_2)
                                  2.01   data arrival time

                          5.00    5.00   clock core_clock (rise edge)
                          0.00    5.00   clock source latency
     1    0.01    0.00    0.00    5.00 ^ clk (in)
                                         clk (net)
                  0.00    0.00    5.00 ^ clkbuf_0_clk/A (sky130_fd_sc_hd__clkbuf_8)
     2    0.01    0.04    0.11    5.11 ^ clkbuf_0_clk/X (sky130_fd_sc_hd__clkbuf_8)
                                         clknet_0_clk (net)
                  0.04    0.00    5.11 ^ clkbuf_1_1__f_clk/A (sky130_fd_sc_hd__clkbuf_8)
     4    0.01    0.04    0.12    5.23 ^ clkbuf_1_1__f_clk/X (sky130_fd_sc_hd__clkbuf_8)
                                         clknet_1_1__leaf_clk (net)
                  0.04    0.00    5.23 ^ binary_count[3]$_DFFE_PN0P_/CLK (sky130_fd_sc_hd__dfrtp_2)
                          0.00    5.23   clock reconvergence pessimism
                         -0.09    5.14   library setup time
                                  5.14   data required time
-----------------------------------------------------------------------------
                                  5.14   data required time
                                 -2.01   data arrival time
-----------------------------------------------------------------------------
                                  3.13   slack (MET)



==========================================================================
cts final report_checks -unconstrained
--------------------------------------------------------------------------
Startpoint: rst_n (input port clocked by core_clock)
Endpoint: binary_count[0]$_DFFE_PN0P_
          (recovery check against rising-edge clock core_clock)
Path Group: asynchronous
Path Type: max

Fanout     Cap    Slew   Delay    Time   Description
-----------------------------------------------------------------------------
                          0.00    0.00   clock core_clock (rise edge)
                          0.00    0.00   clock network delay (propagated)
                          0.20    0.20 ^ input external delay
     1    0.00    0.00    0.00    0.20 ^ rst_n (in)
                                         rst_n (net)
                  0.00    0.00    0.20 ^ hold2/A (sky130_fd_sc_hd__dlygate4sd3_1)
     1    0.01    0.08    0.54    0.74 ^ hold2/X (sky130_fd_sc_hd__dlygate4sd3_1)
                                         net16 (net)
                  0.08    0.00    0.74 ^ hold1/A (sky130_fd_sc_hd__buf_2)
     7    0.04    0.17    0.21    0.95 ^ hold1/X (sky130_fd_sc_hd__buf_2)
                                         net1 (net)
                  0.17    0.00    0.95 ^ binary_count[0]$_DFFE_PN0P_/RESET_B (sky130_fd_sc_hd__dfrtp_4)
                                  0.95   data arrival time

                          5.00    5.00   clock core_clock (rise edge)
                          0.00    5.00   clock source latency
     1    0.01    0.00    0.00    5.00 ^ clk (in)
                                         clk (net)
                  0.00    0.00    5.00 ^ clkbuf_0_clk/A (sky130_fd_sc_hd__clkbuf_8)
     2    0.01    0.04    0.11    5.11 ^ clkbuf_0_clk/X (sky130_fd_sc_hd__clkbuf_8)
                                         clknet_0_clk (net)
                  0.04    0.00    5.11 ^ clkbuf_1_0__f_clk/A (sky130_fd_sc_hd__clkbuf_8)
     4    0.01    0.04    0.12    5.23 ^ clkbuf_1_0__f_clk/X (sky130_fd_sc_hd__clkbuf_8)
                                         clknet_1_0__leaf_clk (net)
                  0.04    0.00    5.23 ^ binary_count[0]$_DFFE_PN0P_/CLK (sky130_fd_sc_hd__dfrtp_4)
                          0.00    5.23   clock reconvergence pessimism
                          0.17    5.40   library recovery time
                                  5.40   data required time
-----------------------------------------------------------------------------
                                  5.40   data required time
                                 -0.95   data arrival time
-----------------------------------------------------------------------------
                                  4.45   slack (MET)


Startpoint: binary_count[2]$_DFFE_PN0P_
            (rising edge-triggered flip-flop clocked by core_clock)
Endpoint: binary_count[3]$_DFFE_PN0P_
          (rising edge-triggered flip-flop clocked by core_clock)
Path Group: core_clock
Path Type: max

Fanout     Cap    Slew   Delay    Time   Description
-----------------------------------------------------------------------------
                          0.00    0.00   clock core_clock (rise edge)
                          0.00    0.00   clock source latency
     1    0.01    0.00    0.00    0.00 ^ clk (in)
                                         clk (net)
                  0.00    0.00    0.00 ^ clkbuf_0_clk/A (sky130_fd_sc_hd__clkbuf_8)
     2    0.01    0.04    0.11    0.11 ^ clkbuf_0_clk/X (sky130_fd_sc_hd__clkbuf_8)
                                         clknet_0_clk (net)
                  0.04    0.00    0.11 ^ clkbuf_1_0__f_clk/A (sky130_fd_sc_hd__clkbuf_8)
     4    0.01    0.04    0.12    0.23 ^ clkbuf_1_0__f_clk/X (sky130_fd_sc_hd__clkbuf_8)
                                         clknet_1_0__leaf_clk (net)
                  0.04    0.00    0.23 ^ binary_count[2]$_DFFE_PN0P_/CLK (sky130_fd_sc_hd__dfrtp_1)
     3    0.02    0.10    0.42    0.65 v binary_count[2]$_DFFE_PN0P_/Q (sky130_fd_sc_hd__dfrtp_1)
                                         net10 (net)
                  0.10    0.00    0.65 v _92_/A (sky130_fd_sc_hd__ha_1)
     3    0.02    0.11    0.37    1.02 v _92_/SUM (sky130_fd_sc_hd__ha_1)
                                         _47_ (net)
                  0.11    0.00    1.02 v _63_/A1 (sky130_fd_sc_hd__a21oi_1)
     2    0.01    0.16    0.18    1.20 ^ _63_/Y (sky130_fd_sc_hd__a21oi_1)
                                         _19_ (net)
                  0.16    0.00    1.20 ^ _65_/A2 (sky130_fd_sc_hd__a21oi_1)
     4    0.01    0.10    0.13    1.34 v _65_/Y (sky130_fd_sc_hd__a21oi_1)
                                         _21_ (net)
                  0.10    0.00    1.34 v _68_/C (sky130_fd_sc_hd__or4_1)
     1    0.00    0.09    0.48    1.82 v _68_/X (sky130_fd_sc_hd__or4_1)
                                         _24_ (net)
                  0.09    0.00    1.82 v _70_/A3 (sky130_fd_sc_hd__a31oi_1)
     1    0.00    0.15    0.19    2.01 ^ _70_/Y (sky130_fd_sc_hd__a31oi_1)
                                         _03_ (net)
                  0.15    0.00    2.01 ^ binary_count[3]$_DFFE_PN0P_/D (sky130_fd_sc_hd__dfrtp_2)
                                  2.01   data arrival time

                          5.00    5.00   clock core_clock (rise edge)
                          0.00    5.00   clock source latency
     1    0.01    0.00    0.00    5.00 ^ clk (in)
                                         clk (net)
                  0.00    0.00    5.00 ^ clkbuf_0_clk/A (sky130_fd_sc_hd__clkbuf_8)
     2    0.01    0.04    0.11    5.11 ^ clkbuf_0_clk/X (sky130_fd_sc_hd__clkbuf_8)
                                         clknet_0_clk (net)
                  0.04    0.00    5.11 ^ clkbuf_1_1__f_clk/A (sky130_fd_sc_hd__clkbuf_8)
     4    0.01    0.04    0.12    5.23 ^ clkbuf_1_1__f_clk/X (sky130_fd_sc_hd__clkbuf_8)
                                         clknet_1_1__leaf_clk (net)
                  0.04    0.00    5.23 ^ binary_count[3]$_DFFE_PN0P_/CLK (sky130_fd_sc_hd__dfrtp_2)
                          0.00    5.23   clock reconvergence pessimism
                         -0.09    5.14   library setup time
                                  5.14   data required time
-----------------------------------------------------------------------------
                                  5.14   data required time
                                 -2.01   data arrival time
-----------------------------------------------------------------------------
                                  3.13   slack (MET)



==========================================================================
cts final report_check_types -max_slew -max_cap -max_fanout -violators
--------------------------------------------------------------------------

==========================================================================
cts final max_slew_check_slack
--------------------------------------------------------------------------
1.2307225465774536

==========================================================================
cts final max_slew_check_limit
--------------------------------------------------------------------------
1.5

==========================================================================
cts final max_slew_check_slack_limit
--------------------------------------------------------------------------
0.8205

==========================================================================
cts final max_fanout_check_slack
--------------------------------------------------------------------------
1.0000000150474662e+30

==========================================================================
cts final max_fanout_check_limit
--------------------------------------------------------------------------
1.0000000150474662e+30

==========================================================================
cts final max_capacitance_check_slack
--------------------------------------------------------------------------
0.04477131739258766

==========================================================================
cts final max_capacitance_check_limit
--------------------------------------------------------------------------
0.047616999596357346

==========================================================================
cts final max_capacitance_check_slack_limit
--------------------------------------------------------------------------
0.9402

==========================================================================
cts final max_slew_violation_count
--------------------------------------------------------------------------
max slew violation count 0

==========================================================================
cts final max_fanout_violation_count
--------------------------------------------------------------------------
max fanout violation count 0

==========================================================================
cts final max_cap_violation_count
--------------------------------------------------------------------------
max cap violation count 0

==========================================================================
cts final setup_violation_count
--------------------------------------------------------------------------
setup violation count 0

==========================================================================
cts final hold_violation_count
--------------------------------------------------------------------------
hold violation count 0

==========================================================================
cts final report_checks -path_delay max reg to reg
--------------------------------------------------------------------------
Startpoint: binary_count[2]$_DFFE_PN0P_
            (rising edge-triggered flip-flop clocked by core_clock)
Endpoint: binary_count[3]$_DFFE_PN0P_
          (rising edge-triggered flip-flop clocked by core_clock)
Path Group: core_clock
Path Type: max

  Delay    Time   Description
---------------------------------------------------------
   0.00    0.00   clock core_clock (rise edge)
   0.00    0.00   clock source latency
   0.00    0.00 ^ clk (in)
   0.11    0.11 ^ clkbuf_0_clk/X (sky130_fd_sc_hd__clkbuf_8)
   0.12    0.23 ^ clkbuf_1_0__f_clk/X (sky130_fd_sc_hd__clkbuf_8)
   0.00    0.23 ^ binary_count[2]$_DFFE_PN0P_/CLK (sky130_fd_sc_hd__dfrtp_1)
   0.42    0.65 v binary_count[2]$_DFFE_PN0P_/Q (sky130_fd_sc_hd__dfrtp_1)
   0.37    1.02 v _92_/SUM (sky130_fd_sc_hd__ha_1)
   0.18    1.20 ^ _63_/Y (sky130_fd_sc_hd__a21oi_1)
   0.13    1.34 v _65_/Y (sky130_fd_sc_hd__a21oi_1)
   0.48    1.82 v _68_/X (sky130_fd_sc_hd__or4_1)
   0.19    2.01 ^ _70_/Y (sky130_fd_sc_hd__a31oi_1)
   0.00    2.01 ^ binary_count[3]$_DFFE_PN0P_/D (sky130_fd_sc_hd__dfrtp_2)
           2.01   data arrival time

   5.00    5.00   clock core_clock (rise edge)
   0.00    5.00   clock source latency
   0.00    5.00 ^ clk (in)
   0.11    5.11 ^ clkbuf_0_clk/X (sky130_fd_sc_hd__clkbuf_8)
   0.12    5.23 ^ clkbuf_1_1__f_clk/X (sky130_fd_sc_hd__clkbuf_8)
   0.00    5.23 ^ binary_count[3]$_DFFE_PN0P_/CLK (sky130_fd_sc_hd__dfrtp_2)
   0.00    5.23   clock reconvergence pessimism
  -0.09    5.14   library setup time
           5.14   data required time
---------------------------------------------------------
           5.14   data required time
          -2.01   data arrival time
---------------------------------------------------------
           3.13   slack (MET)



==========================================================================
cts final report_checks -path_delay min reg to reg
--------------------------------------------------------------------------
Startpoint: gray_out[2]$_DFFE_PN0P_
            (rising edge-triggered flip-flop clocked by core_clock)
Endpoint: gray_out[2]$_DFFE_PN0P_
          (rising edge-triggered flip-flop clocked by core_clock)
Path Group: core_clock
Path Type: min

  Delay    Time   Description
---------------------------------------------------------
   0.00    0.00   clock core_clock (rise edge)
   0.00    0.00   clock source latency
   0.00    0.00 ^ clk (in)
   0.11    0.11 ^ clkbuf_0_clk/X (sky130_fd_sc_hd__clkbuf_8)
   0.12    0.23 ^ clkbuf_1_1__f_clk/X (sky130_fd_sc_hd__clkbuf_8)
   0.00    0.23 ^ gray_out[2]$_DFFE_PN0P_/CLK (sky130_fd_sc_hd__dfrtp_1)
   0.38    0.60 ^ gray_out[2]$_DFFE_PN0P_/Q (sky130_fd_sc_hd__dfrtp_1)
   0.09    0.70 v _88_/Y (sky130_fd_sc_hd__a31oi_1)
   0.07    0.77 ^ _89_/Y (sky130_fd_sc_hd__nand3_1)
   0.00    0.77 ^ gray_out[2]$_DFFE_PN0P_/D (sky130_fd_sc_hd__dfrtp_1)
           0.77   data arrival time

   0.00    0.00   clock core_clock (rise edge)
   0.00    0.00   clock source latency
   0.00    0.00 ^ clk (in)
   0.11    0.11 ^ clkbuf_0_clk/X (sky130_fd_sc_hd__clkbuf_8)
   0.12    0.23 ^ clkbuf_1_1__f_clk/X (sky130_fd_sc_hd__clkbuf_8)
   0.00    0.23 ^ gray_out[2]$_DFFE_PN0P_/CLK (sky130_fd_sc_hd__dfrtp_1)
   0.00    0.23   clock reconvergence pessimism
  -0.04    0.19   library hold time
           0.19   data required time
---------------------------------------------------------
           0.19   data required time
          -0.77   data arrival time
---------------------------------------------------------
           0.58   slack (MET)



==========================================================================
cts final critical path target clock latency max path
--------------------------------------------------------------------------
0.2286

==========================================================================
cts final critical path target clock latency min path
--------------------------------------------------------------------------
0.2286

==========================================================================
cts final critical path source clock latency min path
--------------------------------------------------------------------------
0.0000

==========================================================================
cts final critical path delay
--------------------------------------------------------------------------
2.0087

==========================================================================
cts final critical path slack
--------------------------------------------------------------------------
3.1293

==========================================================================
cts final slack div critical path delay
--------------------------------------------------------------------------
155.787325

==========================================================================
cts final report_power
--------------------------------------------------------------------------
Group                  Internal  Switching    Leakage      Total
                          Power      Power      Power      Power (Watts)
----------------------------------------------------------------
Sequential             6.85e-05   1.36e-05   7.93e-11   8.21e-05  34.7%
Combinational          3.79e-05   3.64e-05   1.89e-10   7.43e-05  31.4%
Clock                  5.52e-05   2.51e-05   2.28e-11   8.03e-05  33.9%
Macro                  0.00e+00   0.00e+00   0.00e+00   0.00e+00   0.0%
Pad                    0.00e+00   0.00e+00   0.00e+00   0.00e+00   0.0%
----------------------------------------------------------------
Total                  1.62e-04   7.51e-05   2.91e-10   2.37e-04 100.0%
                          68.3%      31.7%       0.0%
