
==========================================================================
cts final report_tns
--------------------------------------------------------------------------
tns 0.00

==========================================================================
cts final report_wns
--------------------------------------------------------------------------
wns 0.00

==========================================================================
cts final report_worst_slack
--------------------------------------------------------------------------
worst slack INF

==========================================================================
cts final report_clock_skew
--------------------------------------------------------------------------

==========================================================================
cts final report_checks -path_delay min
--------------------------------------------------------------------------
No paths found.

==========================================================================
cts final report_checks -path_delay max
--------------------------------------------------------------------------
No paths found.

==========================================================================
cts final report_checks -unconstrained
--------------------------------------------------------------------------
Startpoint: cin (input port)
Endpoint: sum[31] (output port)
Path Group: unconstrained
Path Type: max

Fanout     Cap    Slew   Delay    Time   Description
-----------------------------------------------------------------------------
                          0.20    0.20 v input external delay
     1    0.00    0.00    0.00    0.20 v cin (in)
                                         cin (net)
                  0.00    0.00    0.20 v input65/A (sky130_fd_sc_hd__clkbuf_1)
     1    0.00    0.03    0.07    0.27 v input65/X (sky130_fd_sc_hd__clkbuf_1)
                                         net65 (net)
                  0.03    0.00    0.27 v _070_/A (sky130_fd_sc_hd__inv_1)
     1    0.01    0.09    0.08    0.35 ^ _070_/Y (sky130_fd_sc_hd__inv_1)
                                         _000_ (net)
                  0.09    0.00    0.35 ^ _109_/A (sky130_fd_sc_hd__fa_1)
     1    0.00    0.05    0.17    0.52 ^ _109_/COUT (sky130_fd_sc_hd__fa_1)
                                         _003_ (net)
                  0.05    0.00    0.52 ^ _108_/A (sky130_fd_sc_hd__inv_1)
     1    0.01    0.03    0.05    0.57 v _108_/Y (sky130_fd_sc_hd__inv_1)
                                         _025_ (net)
                  0.03    0.00    0.57 v _120_/CIN (sky130_fd_sc_hd__fa_1)
     1    0.01    0.08    0.37    0.94 v _120_/COUT (sky130_fd_sc_hd__fa_1)
                                         _026_ (net)
                  0.08    0.00    0.94 v _131_/CIN (sky130_fd_sc_hd__fa_1)
     1    0.01    0.09    0.39    1.34 v _131_/COUT (sky130_fd_sc_hd__fa_1)
                                         _048_ (net)
                  0.09    0.00    1.34 v _134_/CIN (sky130_fd_sc_hd__fa_1)
     1    0.01    0.10    0.41    1.75 v _134_/COUT (sky130_fd_sc_hd__fa_1)
                                         _057_ (net)
                  0.10    0.00    1.75 v _135_/CIN (sky130_fd_sc_hd__fa_1)
     1    0.01    0.09    0.40    2.14 v _135_/COUT (sky130_fd_sc_hd__fa_1)
                                         _059_ (net)
                  0.09    0.00    2.14 v _136_/CIN (sky130_fd_sc_hd__fa_1)
     1    0.01    0.09    0.40    2.55 v _136_/COUT (sky130_fd_sc_hd__fa_1)
                                         _061_ (net)
                  0.09    0.00    2.55 v _137_/CIN (sky130_fd_sc_hd__fa_1)
     1    0.01    0.09    0.40    2.94 v _137_/COUT (sky130_fd_sc_hd__fa_1)
                                         _063_ (net)
                  0.09    0.00    2.94 v _138_/CIN (sky130_fd_sc_hd__fa_1)
     1    0.01    0.10    0.42    3.36 v _138_/COUT (sky130_fd_sc_hd__fa_1)
                                         _065_ (net)
                  0.10    0.00    3.36 v _139_/CIN (sky130_fd_sc_hd__fa_1)
     1    0.01    0.10    0.42    3.77 v _139_/COUT (sky130_fd_sc_hd__fa_1)
                                         _067_ (net)
                  0.10    0.00    3.77 v _140_/CIN (sky130_fd_sc_hd__fa_1)
     1    0.01    0.08    0.39    4.16 v _140_/COUT (sky130_fd_sc_hd__fa_1)
                                         _004_ (net)
                  0.08    0.00    4.16 v _110_/CIN (sky130_fd_sc_hd__fa_1)
     1    0.01    0.09    0.39    4.56 v _110_/COUT (sky130_fd_sc_hd__fa_1)
                                         _005_ (net)
                  0.09    0.00    4.56 v _111_/CIN (sky130_fd_sc_hd__fa_1)
     1    0.01    0.09    0.39    4.95 v _111_/COUT (sky130_fd_sc_hd__fa_1)
                                         _007_ (net)
                  0.09    0.00    4.95 v _112_/CIN (sky130_fd_sc_hd__fa_1)
     1    0.01    0.09    0.39    5.35 v _112_/COUT (sky130_fd_sc_hd__fa_1)
                                         _009_ (net)
                  0.09    0.00    5.35 v _113_/CIN (sky130_fd_sc_hd__fa_1)
     1    0.01    0.09    0.39    5.74 v _113_/COUT (sky130_fd_sc_hd__fa_1)
                                         _011_ (net)
                  0.09    0.00    5.74 v _114_/CIN (sky130_fd_sc_hd__fa_1)
     1    0.01    0.09    0.40    6.14 v _114_/COUT (sky130_fd_sc_hd__fa_1)
                                         _013_ (net)
                  0.09    0.00    6.14 v _115_/CIN (sky130_fd_sc_hd__fa_4)
     1    0.07    0.17    0.58    6.71 v _115_/COUT (sky130_fd_sc_hd__fa_4)
                                         _015_ (net)
                  0.17    0.01    6.72 v _116_/CIN (sky130_fd_sc_hd__fa_1)
     1    0.01    0.08    0.42    7.15 v _116_/COUT (sky130_fd_sc_hd__fa_1)
                                         _017_ (net)
                  0.08    0.00    7.15 v _117_/CIN (sky130_fd_sc_hd__fa_1)
     1    0.01    0.09    0.39    7.54 v _117_/COUT (sky130_fd_sc_hd__fa_1)
                                         _019_ (net)
                  0.09    0.00    7.54 v _118_/CIN (sky130_fd_sc_hd__fa_1)
     1    0.01    0.09    0.39    7.93 v _118_/COUT (sky130_fd_sc_hd__fa_1)
                                         _021_ (net)
                  0.09    0.00    7.93 v _119_/CIN (sky130_fd_sc_hd__fa_1)
     1    0.01    0.09    0.39    8.32 v _119_/COUT (sky130_fd_sc_hd__fa_1)
                                         _023_ (net)
                  0.09    0.00    8.32 v _121_/CIN (sky130_fd_sc_hd__fa_1)
     1    0.01    0.09    0.39    8.71 v _121_/COUT (sky130_fd_sc_hd__fa_1)
                                         _028_ (net)
                  0.09    0.00    8.71 v _122_/CIN (sky130_fd_sc_hd__fa_1)
     1    0.01    0.09    0.39    9.10 v _122_/COUT (sky130_fd_sc_hd__fa_1)
                                         _030_ (net)
                  0.09    0.00    9.10 v _123_/CIN (sky130_fd_sc_hd__fa_1)
     1    0.01    0.09    0.39    9.49 v _123_/COUT (sky130_fd_sc_hd__fa_1)
                                         _032_ (net)
                  0.09    0.00    9.49 v _124_/CIN (sky130_fd_sc_hd__fa_1)
     1    0.01    0.09    0.39    9.88 v _124_/COUT (sky130_fd_sc_hd__fa_1)
                                         _034_ (net)
                  0.09    0.00    9.88 v _125_/CIN (sky130_fd_sc_hd__fa_1)
     1    0.01    0.11    0.42   10.31 v _125_/COUT (sky130_fd_sc_hd__fa_1)
                                         _036_ (net)
                  0.11    0.00   10.31 v _126_/CIN (sky130_fd_sc_hd__fa_1)
     1    0.01    0.09    0.40   10.71 v _126_/COUT (sky130_fd_sc_hd__fa_1)
                                         _038_ (net)
                  0.09    0.00   10.71 v _127_/CIN (sky130_fd_sc_hd__fa_1)
     1    0.01    0.08    0.39   11.10 v _127_/COUT (sky130_fd_sc_hd__fa_1)
                                         _040_ (net)
                  0.08    0.00   11.10 v _128_/CIN (sky130_fd_sc_hd__fa_1)
     1    0.01    0.09    0.39   11.49 v _128_/COUT (sky130_fd_sc_hd__fa_1)
                                         _042_ (net)
                  0.09    0.00   11.49 v _129_/CIN (sky130_fd_sc_hd__fa_1)
     1    0.01    0.09    0.39   11.88 v _129_/COUT (sky130_fd_sc_hd__fa_1)
                                         _044_ (net)
                  0.09    0.00   11.88 v _130_/CIN (sky130_fd_sc_hd__fa_1)
     1    0.01    0.09    0.39   12.27 v _130_/COUT (sky130_fd_sc_hd__fa_1)
                                         _046_ (net)
                  0.09    0.00   12.27 v _132_/CIN (sky130_fd_sc_hd__fa_1)
     1    0.00    0.07    0.37   12.65 v _132_/COUT (sky130_fd_sc_hd__fa_1)
                                         _050_ (net)
                  0.07    0.00   12.65 v _106_/A (sky130_fd_sc_hd__inv_1)
     1    0.01    0.06    0.08   12.72 ^ _106_/Y (sky130_fd_sc_hd__inv_1)
                                         _054_ (net)
                  0.06    0.00   12.72 ^ _133_/CIN (sky130_fd_sc_hd__fa_1)
     1    0.00    0.08    0.41   13.14 v _133_/SUM (sky130_fd_sc_hd__fa_1)
                                         _056_ (net)
                  0.08    0.00   13.14 v _098_/A (sky130_fd_sc_hd__inv_1)
     1    0.00    0.04    0.06   13.20 ^ _098_/Y (sky130_fd_sc_hd__inv_1)
                                         net91 (net)
                  0.04    0.00   13.20 ^ output91/A (sky130_fd_sc_hd__clkbuf_1)
     1    0.00    0.03    0.07   13.27 ^ output91/X (sky130_fd_sc_hd__clkbuf_1)
                                         sum[31] (net)
                  0.03    0.00   13.27 ^ sum[31] (out)
                                 13.27   data arrival time
-----------------------------------------------------------------------------
(Path is unconstrained)



==========================================================================
cts final report_check_types -max_slew -max_cap -max_fanout -violators
--------------------------------------------------------------------------

==========================================================================
cts final max_slew_check_slack
--------------------------------------------------------------------------
1.2805014848709106

==========================================================================
cts final max_slew_check_limit
--------------------------------------------------------------------------
1.4974509477615356

==========================================================================
cts final max_slew_check_slack_limit
--------------------------------------------------------------------------
0.8551

==========================================================================
cts final max_fanout_check_slack
--------------------------------------------------------------------------
1.0000000150474662e+30

==========================================================================
cts final max_fanout_check_limit
--------------------------------------------------------------------------
1.0000000150474662e+30

==========================================================================
cts final max_capacitance_check_slack
--------------------------------------------------------------------------
0.11674457043409348

==========================================================================
cts final max_capacitance_check_limit
--------------------------------------------------------------------------
0.13001500070095062

==========================================================================
cts final max_capacitance_check_slack_limit
--------------------------------------------------------------------------
0.8979

==========================================================================
cts final max_slew_violation_count
--------------------------------------------------------------------------
max slew violation count 0

==========================================================================
cts final max_fanout_violation_count
--------------------------------------------------------------------------
max fanout violation count 0

==========================================================================
cts final max_cap_violation_count
--------------------------------------------------------------------------
max cap violation count 0

==========================================================================
cts final setup_violation_count
--------------------------------------------------------------------------
setup violation count 0

==========================================================================
cts final hold_violation_count
--------------------------------------------------------------------------
hold violation count 0

==========================================================================
cts final critical path delay
--------------------------------------------------------------------------
-1

==========================================================================
cts final critical path slack
--------------------------------------------------------------------------
0

==========================================================================
cts final slack div critical path delay
--------------------------------------------------------------------------
0.000000

==========================================================================
cts final report_power
--------------------------------------------------------------------------
Group                  Internal  Switching    Leakage      Total
                          Power      Power      Power      Power (Watts)
----------------------------------------------------------------
Sequential             0.00e+00   0.00e+00   0.00e+00   0.00e+00   0.0%
Combinational          3.60e-13   3.79e-13   5.93e-10   5.93e-10 100.0%
Clock                  0.00e+00   0.00e+00   0.00e+00   0.00e+00   0.0%
Macro                  0.00e+00   0.00e+00   0.00e+00   0.00e+00   0.0%
Pad                    0.00e+00   0.00e+00   0.00e+00   0.00e+00   0.0%
----------------------------------------------------------------
Total                  3.60e-13   3.79e-13   5.93e-10   5.93e-10 100.0%
                           0.1%       0.1%      99.9%
