
==========================================================================
floorplan final report_tns
--------------------------------------------------------------------------
tns 0.00

==========================================================================
floorplan final report_wns
--------------------------------------------------------------------------
wns 0.00

==========================================================================
floorplan final report_worst_slack
--------------------------------------------------------------------------
worst slack 0.10

==========================================================================
floorplan final report_checks -path_delay min
--------------------------------------------------------------------------
Startpoint: rst_n (input port clocked by core_clock)
Endpoint: fifo_count[0]$_DFF_PN0_
          (removal check against rising-edge clock core_clock)
Path Group: asynchronous
Path Type: min

Fanout     Cap    Slew   Delay    Time   Description
-----------------------------------------------------------------------------
                  0.00    0.00    0.00   clock core_clock (rise edge)
                          0.00    0.00   clock network delay (ideal)
                          0.20    0.20 ^ input external delay
     1    0.01    0.00    0.00    0.20 ^ rst_n (in)
                                         rst_n (net)
                  0.00    0.00    0.20 ^ hold1/A (sky130_fd_sc_hd__buf_16)
    79    0.29    0.31    0.27    0.47 ^ hold1/X (sky130_fd_sc_hd__buf_16)
                                         net1 (net)
                  0.31    0.00    0.47 ^ fifo_count[0]$_DFF_PN0_/RESET_B (sky130_fd_sc_hd__dfrtp_1)
                                  0.47   data arrival time

                  0.00    0.00    0.00   clock core_clock (rise edge)
                          0.00    0.00   clock network delay (ideal)
                          0.00    0.00   clock reconvergence pessimism
                                  0.00 ^ fifo_count[0]$_DFF_PN0_/CLK (sky130_fd_sc_hd__dfrtp_1)
                          0.38    0.38   library removal time
                                  0.38   data required time
-----------------------------------------------------------------------------
                                  0.38   data required time
                                 -0.47   data arrival time
-----------------------------------------------------------------------------
                                  0.09   slack (MET)


Startpoint: wr_data[29] (input port clocked by core_clock)
Endpoint: mem[10][29]$_DFFE_PP_
          (rising edge-triggered flip-flop clocked by core_clock)
Path Group: core_clock
Path Type: min

Fanout     Cap    Slew   Delay    Time   Description
-----------------------------------------------------------------------------
                  0.00    0.00    0.00   clock core_clock (rise edge)
                          0.00    0.00   clock network delay (ideal)
                          0.20    0.20 ^ input external delay
     7    0.01    0.00    0.00    0.20 ^ wr_data[29] (in)
                                         wr_data[29] (net)
                  0.00    0.00    0.20 ^ _3153_/A0 (sky130_fd_sc_hd__mux2_2)
     1    0.00    0.03    0.11    0.31 ^ _3153_/X (sky130_fd_sc_hd__mux2_2)
                                         _0069_ (net)
                  0.03    0.00    0.31 ^ mem[10][29]$_DFFE_PP_/D (sky130_fd_sc_hd__edfxtp_1)
                                  0.31   data arrival time

                  0.00    0.00    0.00   clock core_clock (rise edge)
                          0.00    0.00   clock network delay (ideal)
                          0.00    0.00   clock reconvergence pessimism
                                  0.00 ^ mem[10][29]$_DFFE_PP_/CLK (sky130_fd_sc_hd__edfxtp_1)
                         -0.11   -0.11   library hold time
                                 -0.11   data required time
-----------------------------------------------------------------------------
                                 -0.11   data required time
                                 -0.31   data arrival time
-----------------------------------------------------------------------------
                                  0.42   slack (MET)



==========================================================================
floorplan final report_checks -path_delay max
--------------------------------------------------------------------------
Startpoint: rst_n (input port clocked by core_clock)
Endpoint: fifo_count[0]$_DFF_PN0_
          (recovery check against rising-edge clock core_clock)
Path Group: asynchronous
Path Type: max

Fanout     Cap    Slew   Delay    Time   Description
-----------------------------------------------------------------------------
                  0.00    0.00    0.00   clock core_clock (rise edge)
                          0.00    0.00   clock network delay (ideal)
                          0.20    0.20 ^ input external delay
     1    0.01    0.00    0.00    0.20 ^ rst_n (in)
                                         rst_n (net)
                  0.00    0.00    0.20 ^ hold1/A (sky130_fd_sc_hd__buf_16)
    79    0.29    0.31    0.27    0.47 ^ hold1/X (sky130_fd_sc_hd__buf_16)
                                         net1 (net)
                  0.31    0.00    0.47 ^ fifo_count[0]$_DFF_PN0_/RESET_B (sky130_fd_sc_hd__dfrtp_1)
                                  0.47   data arrival time

                  0.00    5.00    5.00   clock core_clock (rise edge)
                          0.00    5.00   clock network delay (ideal)
                          0.00    5.00   clock reconvergence pessimism
                                  5.00 ^ fifo_count[0]$_DFF_PN0_/CLK (sky130_fd_sc_hd__dfrtp_1)
                          0.15    5.15   library recovery time
                                  5.15   data required time
-----------------------------------------------------------------------------
                                  5.15   data required time
                                 -0.47   data arrival time
-----------------------------------------------------------------------------
                                  4.68   slack (MET)


Startpoint: fifo_count[4]$_DFF_PN0_
            (rising edge-triggered flip-flop clocked by core_clock)
Endpoint: fifo_count[4]$_DFF_PN0_
          (rising edge-triggered flip-flop clocked by core_clock)
Path Group: core_clock
Path Type: max

Fanout     Cap    Slew   Delay    Time   Description
-----------------------------------------------------------------------------
                  0.00    0.00    0.00   clock core_clock (rise edge)
                          0.00    0.00   clock network delay (ideal)
                  0.00    0.00    0.00 ^ fifo_count[4]$_DFF_PN0_/CLK (sky130_fd_sc_hd__dfrtp_1)
     7    0.01    0.08    0.39    0.39 v fifo_count[4]$_DFF_PN0_/Q (sky130_fd_sc_hd__dfrtp_1)
                                         data_count[4] (net)
                  0.08    0.00    0.39 v _2574_/A (sky130_fd_sc_hd__inv_1)
     9    0.02    0.20    0.18    0.57 ^ _2574_/Y (sky130_fd_sc_hd__inv_1)
                                         _2510_ (net)
                  0.20    0.00    0.57 ^ _5110_/B (sky130_fd_sc_hd__ha_1)
     6    0.01    0.14    0.25    0.82 ^ _5110_/COUT (sky130_fd_sc_hd__ha_1)
                                         _2557_ (net)
                  0.14    0.00    0.82 ^ _2698_/D_N (sky130_fd_sc_hd__or4b_1)
     1    0.00    0.07    0.43    1.25 v _2698_/X (sky130_fd_sc_hd__or4b_1)
                                         _0712_ (net)
                  0.07    0.00    1.25 v _2699_/A (sky130_fd_sc_hd__buf_2)
     6    0.02    0.06    0.17    1.41 v _2699_/X (sky130_fd_sc_hd__buf_2)
                                         _0713_ (net)
                  0.06    0.00    1.41 v _2700_/B (sky130_fd_sc_hd__nand2_4)
     8    0.02    0.08    0.10    1.51 ^ _2700_/Y (sky130_fd_sc_hd__nand2_4)
                                         _0714_ (net)
                  0.08    0.00    1.51 ^ _2701_/A (sky130_fd_sc_hd__inv_2)
     4    0.01    0.03    0.05    1.56 v _2701_/Y (sky130_fd_sc_hd__inv_2)
                                         _0715_ (net)
                  0.03    0.00    1.56 v _2702_/A (sky130_fd_sc_hd__buf_2)
    10    0.02    0.06    0.15    1.70 v _2702_/X (sky130_fd_sc_hd__buf_2)
                                         _0716_ (net)
                  0.06    0.00    1.70 v _2703_/A (sky130_fd_sc_hd__clkbuf_1)
    12    0.02    0.15    0.19    1.89 v _2703_/X (sky130_fd_sc_hd__clkbuf_1)
                                         _0529_ (net)
                  0.15    0.00    1.89 v _5092_/B (sky130_fd_sc_hd__ha_1)
     1    0.00    0.04    0.30    2.19 ^ _5092_/SUM (sky130_fd_sc_hd__ha_1)
                                         _2516_ (net)
                  0.04    0.00    2.19 ^ _2706_/C_N (sky130_fd_sc_hd__or4bb_1)
     1    0.00    0.08    0.46    2.65 v _2706_/X (sky130_fd_sc_hd__or4bb_1)
                                         _0719_ (net)
                  0.08    0.00    2.65 v _2707_/C1 (sky130_fd_sc_hd__o2111ai_1)
     4    0.01    0.32    0.16    2.81 ^ _2707_/Y (sky130_fd_sc_hd__o2111ai_1)
                                         _0720_ (net)
                  0.32    0.00    2.81 ^ _3327_/A (sky130_fd_sc_hd__clkbuf_1)
    10    0.03    0.31    0.31    3.12 ^ _3327_/X (sky130_fd_sc_hd__clkbuf_1)
                                         _2534_ (net)
                  0.31    0.00    3.12 ^ _5100_/A (sky130_fd_sc_hd__ha_1)
     2    0.01    0.07    0.30    3.42 v _5100_/SUM (sky130_fd_sc_hd__ha_1)
                                         _2536_ (net)
                  0.07    0.00    3.42 v _5105_/B (sky130_fd_sc_hd__ha_1)
     1    0.00    0.04    0.27    3.69 ^ _5105_/SUM (sky130_fd_sc_hd__ha_1)
                                         _2545_ (net)
                  0.04    0.00    3.69 ^ _3332_/A (sky130_fd_sc_hd__inv_1)
     1    0.00    0.02    0.03    3.73 v _3332_/Y (sky130_fd_sc_hd__inv_1)
                                         _2567_ (net)
                  0.02    0.00    3.73 v _5115_/A (sky130_fd_sc_hd__ha_1)
     2    0.01    0.07    0.21    3.94 v _5115_/COUT (sky130_fd_sc_hd__ha_1)
                                         _2496_ (net)
                  0.07    0.00    3.94 v _5086_/A (sky130_fd_sc_hd__fa_1)
     2    0.01    0.09    0.45    4.39 v _5086_/COUT (sky130_fd_sc_hd__fa_1)
                                         _2499_ (net)
                  0.09    0.00    4.39 v _5078_/A2 (sky130_fd_sc_hd__a21oi_1)
     1    0.00    0.10    0.15    4.54 ^ _5078_/Y (sky130_fd_sc_hd__a21oi_1)
                                         _2488_ (net)
                  0.10    0.00    4.54 ^ _5079_/B (sky130_fd_sc_hd__nor2_1)
     1    0.00    0.03    0.05    4.58 v _5079_/Y (sky130_fd_sc_hd__nor2_1)
                                         _2489_ (net)
                  0.03    0.00    4.58 v _5080_/B (sky130_fd_sc_hd__nor2_1)
     1    0.00    0.11    0.10    4.68 ^ _5080_/Y (sky130_fd_sc_hd__nor2_1)
                                         _2490_ (net)
                  0.11    0.00    4.68 ^ _5081_/B (sky130_fd_sc_hd__xor2_1)
     1    0.00    0.10    0.14    4.82 ^ _5081_/X (sky130_fd_sc_hd__xor2_1)
                                         next_count[4] (net)
                  0.10    0.00    4.82 ^ fifo_count[4]$_DFF_PN0_/D (sky130_fd_sc_hd__dfrtp_1)
                                  4.82   data arrival time

                  0.00    5.00    5.00   clock core_clock (rise edge)
                          0.00    5.00   clock network delay (ideal)
                          0.00    5.00   clock reconvergence pessimism
                                  5.00 ^ fifo_count[4]$_DFF_PN0_/CLK (sky130_fd_sc_hd__dfrtp_1)
                         -0.08    4.92   library setup time
                                  4.92   data required time
-----------------------------------------------------------------------------
                                  4.92   data required time
                                 -4.82   data arrival time
-----------------------------------------------------------------------------
                                  0.10   slack (MET)



==========================================================================
floorplan final report_checks -unconstrained
--------------------------------------------------------------------------
Startpoint: rst_n (input port clocked by core_clock)
Endpoint: fifo_count[0]$_DFF_PN0_
          (recovery check against rising-edge clock core_clock)
Path Group: asynchronous
Path Type: max

Fanout     Cap    Slew   Delay    Time   Description
-----------------------------------------------------------------------------
                  0.00    0.00    0.00   clock core_clock (rise edge)
                          0.00    0.00   clock network delay (ideal)
                          0.20    0.20 ^ input external delay
     1    0.01    0.00    0.00    0.20 ^ rst_n (in)
                                         rst_n (net)
                  0.00    0.00    0.20 ^ hold1/A (sky130_fd_sc_hd__buf_16)
    79    0.29    0.31    0.27    0.47 ^ hold1/X (sky130_fd_sc_hd__buf_16)
                                         net1 (net)
                  0.31    0.00    0.47 ^ fifo_count[0]$_DFF_PN0_/RESET_B (sky130_fd_sc_hd__dfrtp_1)
                                  0.47   data arrival time

                  0.00    5.00    5.00   clock core_clock (rise edge)
                          0.00    5.00   clock network delay (ideal)
                          0.00    5.00   clock reconvergence pessimism
                                  5.00 ^ fifo_count[0]$_DFF_PN0_/CLK (sky130_fd_sc_hd__dfrtp_1)
                          0.15    5.15   library recovery time
                                  5.15   data required time
-----------------------------------------------------------------------------
                                  5.15   data required time
                                 -0.47   data arrival time
-----------------------------------------------------------------------------
                                  4.68   slack (MET)


Startpoint: fifo_count[4]$_DFF_PN0_
            (rising edge-triggered flip-flop clocked by core_clock)
Endpoint: fifo_count[4]$_DFF_PN0_
          (rising edge-triggered flip-flop clocked by core_clock)
Path Group: core_clock
Path Type: max

Fanout     Cap    Slew   Delay    Time   Description
-----------------------------------------------------------------------------
                  0.00    0.00    0.00   clock core_clock (rise edge)
                          0.00    0.00   clock network delay (ideal)
                  0.00    0.00    0.00 ^ fifo_count[4]$_DFF_PN0_/CLK (sky130_fd_sc_hd__dfrtp_1)
     7    0.01    0.08    0.39    0.39 v fifo_count[4]$_DFF_PN0_/Q (sky130_fd_sc_hd__dfrtp_1)
                                         data_count[4] (net)
                  0.08    0.00    0.39 v _2574_/A (sky130_fd_sc_hd__inv_1)
     9    0.02    0.20    0.18    0.57 ^ _2574_/Y (sky130_fd_sc_hd__inv_1)
                                         _2510_ (net)
                  0.20    0.00    0.57 ^ _5110_/B (sky130_fd_sc_hd__ha_1)
     6    0.01    0.14    0.25    0.82 ^ _5110_/COUT (sky130_fd_sc_hd__ha_1)
                                         _2557_ (net)
                  0.14    0.00    0.82 ^ _2698_/D_N (sky130_fd_sc_hd__or4b_1)
     1    0.00    0.07    0.43    1.25 v _2698_/X (sky130_fd_sc_hd__or4b_1)
                                         _0712_ (net)
                  0.07    0.00    1.25 v _2699_/A (sky130_fd_sc_hd__buf_2)
     6    0.02    0.06    0.17    1.41 v _2699_/X (sky130_fd_sc_hd__buf_2)
                                         _0713_ (net)
                  0.06    0.00    1.41 v _2700_/B (sky130_fd_sc_hd__nand2_4)
     8    0.02    0.08    0.10    1.51 ^ _2700_/Y (sky130_fd_sc_hd__nand2_4)
                                         _0714_ (net)
                  0.08    0.00    1.51 ^ _2701_/A (sky130_fd_sc_hd__inv_2)
     4    0.01    0.03    0.05    1.56 v _2701_/Y (sky130_fd_sc_hd__inv_2)
                                         _0715_ (net)
                  0.03    0.00    1.56 v _2702_/A (sky130_fd_sc_hd__buf_2)
    10    0.02    0.06    0.15    1.70 v _2702_/X (sky130_fd_sc_hd__buf_2)
                                         _0716_ (net)
                  0.06    0.00    1.70 v _2703_/A (sky130_fd_sc_hd__clkbuf_1)
    12    0.02    0.15    0.19    1.89 v _2703_/X (sky130_fd_sc_hd__clkbuf_1)
                                         _0529_ (net)
                  0.15    0.00    1.89 v _5092_/B (sky130_fd_sc_hd__ha_1)
     1    0.00    0.04    0.30    2.19 ^ _5092_/SUM (sky130_fd_sc_hd__ha_1)
                                         _2516_ (net)
                  0.04    0.00    2.19 ^ _2706_/C_N (sky130_fd_sc_hd__or4bb_1)
     1    0.00    0.08    0.46    2.65 v _2706_/X (sky130_fd_sc_hd__or4bb_1)
                                         _0719_ (net)
                  0.08    0.00    2.65 v _2707_/C1 (sky130_fd_sc_hd__o2111ai_1)
     4    0.01    0.32    0.16    2.81 ^ _2707_/Y (sky130_fd_sc_hd__o2111ai_1)
                                         _0720_ (net)
                  0.32    0.00    2.81 ^ _3327_/A (sky130_fd_sc_hd__clkbuf_1)
    10    0.03    0.31    0.31    3.12 ^ _3327_/X (sky130_fd_sc_hd__clkbuf_1)
                                         _2534_ (net)
                  0.31    0.00    3.12 ^ _5100_/A (sky130_fd_sc_hd__ha_1)
     2    0.01    0.07    0.30    3.42 v _5100_/SUM (sky130_fd_sc_hd__ha_1)
                                         _2536_ (net)
                  0.07    0.00    3.42 v _5105_/B (sky130_fd_sc_hd__ha_1)
     1    0.00    0.04    0.27    3.69 ^ _5105_/SUM (sky130_fd_sc_hd__ha_1)
                                         _2545_ (net)
                  0.04    0.00    3.69 ^ _3332_/A (sky130_fd_sc_hd__inv_1)
     1    0.00    0.02    0.03    3.73 v _3332_/Y (sky130_fd_sc_hd__inv_1)
                                         _2567_ (net)
                  0.02    0.00    3.73 v _5115_/A (sky130_fd_sc_hd__ha_1)
     2    0.01    0.07    0.21    3.94 v _5115_/COUT (sky130_fd_sc_hd__ha_1)
                                         _2496_ (net)
                  0.07    0.00    3.94 v _5086_/A (sky130_fd_sc_hd__fa_1)
     2    0.01    0.09    0.45    4.39 v _5086_/COUT (sky130_fd_sc_hd__fa_1)
                                         _2499_ (net)
                  0.09    0.00    4.39 v _5078_/A2 (sky130_fd_sc_hd__a21oi_1)
     1    0.00    0.10    0.15    4.54 ^ _5078_/Y (sky130_fd_sc_hd__a21oi_1)
                                         _2488_ (net)
                  0.10    0.00    4.54 ^ _5079_/B (sky130_fd_sc_hd__nor2_1)
     1    0.00    0.03    0.05    4.58 v _5079_/Y (sky130_fd_sc_hd__nor2_1)
                                         _2489_ (net)
                  0.03    0.00    4.58 v _5080_/B (sky130_fd_sc_hd__nor2_1)
     1    0.00    0.11    0.10    4.68 ^ _5080_/Y (sky130_fd_sc_hd__nor2_1)
                                         _2490_ (net)
                  0.11    0.00    4.68 ^ _5081_/B (sky130_fd_sc_hd__xor2_1)
     1    0.00    0.10    0.14    4.82 ^ _5081_/X (sky130_fd_sc_hd__xor2_1)
                                         next_count[4] (net)
                  0.10    0.00    4.82 ^ fifo_count[4]$_DFF_PN0_/D (sky130_fd_sc_hd__dfrtp_1)
                                  4.82   data arrival time

                  0.00    5.00    5.00   clock core_clock (rise edge)
                          0.00    5.00   clock network delay (ideal)
                          0.00    5.00   clock reconvergence pessimism
                                  5.00 ^ fifo_count[4]$_DFF_PN0_/CLK (sky130_fd_sc_hd__dfrtp_1)
                         -0.08    4.92   library setup time
                                  4.92   data required time
-----------------------------------------------------------------------------
                                  4.92   data required time
                                 -4.82   data arrival time
-----------------------------------------------------------------------------
                                  0.10   slack (MET)



==========================================================================
floorplan final report_power
--------------------------------------------------------------------------
Group                  Internal  Switching    Leakage      Total
                          Power      Power      Power      Power (Watts)
----------------------------------------------------------------
Sequential             6.19e-03   1.75e-04   5.53e-09   6.37e-03  43.0%
Combinational          4.54e-03   3.92e-03   7.65e-09   8.45e-03  57.0%
Clock                  0.00e+00   0.00e+00   0.00e+00   0.00e+00   0.0%
Macro                  0.00e+00   0.00e+00   0.00e+00   0.00e+00   0.0%
Pad                    0.00e+00   0.00e+00   0.00e+00   0.00e+00   0.0%
----------------------------------------------------------------
Total                  1.07e-02   4.09e-03   1.32e-08   1.48e-02 100.0%
                          72.4%      27.6%       0.0%
