
==========================================================================
global route report_tns
--------------------------------------------------------------------------
tns 0.00

==========================================================================
global route report_wns
--------------------------------------------------------------------------
wns 0.00

==========================================================================
global route report_worst_slack
--------------------------------------------------------------------------
worst slack 0.54

==========================================================================
global route report_clock_skew
--------------------------------------------------------------------------
Clock core_clock
   0.05 source latency binary_count[1]$_SDFFE_PN0P_/CK ^
  -0.05 target latency binary_count[3]$_SDFFE_PN0P_/CK ^
   0.00 CRPR
--------------
   0.00 setup skew


==========================================================================
global route report_checks -path_delay min
--------------------------------------------------------------------------
Startpoint: binary_count[0]$_SDFFE_PN0P_
            (rising edge-triggered flip-flop clocked by core_clock)
Endpoint: binary_count[0]$_SDFFE_PN0P_
          (rising edge-triggered flip-flop clocked by core_clock)
Path Group: core_clock
Path Type: min

Fanout     Cap    Slew   Delay    Time   Description
-----------------------------------------------------------------------------
                          0.00    0.00   clock core_clock (rise edge)
                          0.00    0.00   clock source latency
     1    3.03    0.00    0.00    0.00 ^ clk (in)
                                         clk (net)
                  0.00    0.00    0.00 ^ clkbuf_0_clk/A (CLKBUF_X3)
     2    4.08    0.01    0.03    0.03 ^ clkbuf_0_clk/Z (CLKBUF_X3)
                                         clknet_0_clk (net)
                  0.01    0.00    0.03 ^ clkbuf_1_0__f_clk/A (CLKBUF_X3)
     3    3.37    0.01    0.03    0.05 ^ clkbuf_1_0__f_clk/Z (CLKBUF_X3)
                                         clknet_1_0__leaf_clk (net)
                  0.01    0.00    0.05 ^ binary_count[0]$_SDFFE_PN0P_/CK (DFF_X2)
     1    1.08    0.01    0.07    0.13 ^ binary_count[0]$_SDFFE_PN0P_/QN (DFF_X2)
                                         _00_ (net)
                  0.01    0.00    0.13 ^ _18_/B (MUX2_X1)
     1    1.11    0.01    0.03    0.16 ^ _18_/Z (MUX2_X1)
                                         _06_ (net)
                  0.01    0.00    0.16 ^ _19_/A2 (AND2_X1)
     1    1.59    0.01    0.03    0.19 ^ _19_/ZN (AND2_X1)
                                         _01_ (net)
                  0.01    0.00    0.19 ^ binary_count[0]$_SDFFE_PN0P_/D (DFF_X2)
                                  0.19   data arrival time

                          0.00    0.00   clock core_clock (rise edge)
                          0.00    0.00   clock source latency
     1    3.03    0.00    0.00    0.00 ^ clk (in)
                                         clk (net)
                  0.00    0.00    0.00 ^ clkbuf_0_clk/A (CLKBUF_X3)
     2    4.08    0.01    0.03    0.03 ^ clkbuf_0_clk/Z (CLKBUF_X3)
                                         clknet_0_clk (net)
                  0.01    0.00    0.03 ^ clkbuf_1_0__f_clk/A (CLKBUF_X3)
     3    3.37    0.01    0.03    0.05 ^ clkbuf_1_0__f_clk/Z (CLKBUF_X3)
                                         clknet_1_0__leaf_clk (net)
                  0.01    0.00    0.05 ^ binary_count[0]$_SDFFE_PN0P_/CK (DFF_X2)
                          0.00    0.05   clock reconvergence pessimism
                          0.01    0.06   library hold time
                                  0.06   data required time
-----------------------------------------------------------------------------
                                  0.06   data required time
                                 -0.19   data arrival time
-----------------------------------------------------------------------------
                                  0.13   slack (MET)



==========================================================================
global route report_checks -path_delay max
--------------------------------------------------------------------------
Startpoint: binary_count[1]$_SDFFE_PN0P_
            (rising edge-triggered flip-flop clocked by core_clock)
Endpoint: gray_out[0] (output port clocked by core_clock)
Path Group: core_clock
Path Type: max

Fanout     Cap    Slew   Delay    Time   Description
-----------------------------------------------------------------------------
                          0.00    0.00   clock core_clock (rise edge)
                          0.00    0.00   clock source latency
     1    3.03    0.00    0.00    0.00 ^ clk (in)
                                         clk (net)
                  0.00    0.00    0.00 ^ clkbuf_0_clk/A (CLKBUF_X3)
     2    4.08    0.01    0.03    0.03 ^ clkbuf_0_clk/Z (CLKBUF_X3)
                                         clknet_0_clk (net)
                  0.01    0.00    0.03 ^ clkbuf_1_0__f_clk/A (CLKBUF_X3)
     3    3.37    0.01    0.03    0.05 ^ clkbuf_1_0__f_clk/Z (CLKBUF_X3)
                                         clknet_1_0__leaf_clk (net)
                  0.01    0.00    0.05 ^ binary_count[1]$_SDFFE_PN0P_/CK (DFF_X2)
     4   10.48    0.02    0.12    0.18 ^ binary_count[1]$_SDFFE_PN0P_/Q (DFF_X2)
                                         net3 (net)
                  0.02    0.00    0.18 ^ _29_/B (HA_X1)
     2    3.25    0.03    0.06    0.23 ^ _29_/S (HA_X1)
                                         net6 (net)
                  0.03    0.00    0.23 ^ output6/A (BUF_X1)
     1    0.37    0.01    0.02    0.26 ^ output6/Z (BUF_X1)
                                         gray_out[0] (net)
                  0.01    0.00    0.26 ^ gray_out[0] (out)
                                  0.26   data arrival time

                          1.00    1.00   clock core_clock (rise edge)
                          0.00    1.00   clock network delay (propagated)
                          0.00    1.00   clock reconvergence pessimism
                         -0.20    0.80   output external delay
                                  0.80   data required time
-----------------------------------------------------------------------------
                                  0.80   data required time
                                 -0.26   data arrival time
-----------------------------------------------------------------------------
                                  0.54   slack (MET)



==========================================================================
global route report_checks -unconstrained
--------------------------------------------------------------------------
Startpoint: binary_count[1]$_SDFFE_PN0P_
            (rising edge-triggered flip-flop clocked by core_clock)
Endpoint: gray_out[0] (output port clocked by core_clock)
Path Group: core_clock
Path Type: max

Fanout     Cap    Slew   Delay    Time   Description
-----------------------------------------------------------------------------
                          0.00    0.00   clock core_clock (rise edge)
                          0.00    0.00   clock source latency
     1    3.03    0.00    0.00    0.00 ^ clk (in)
                                         clk (net)
                  0.00    0.00    0.00 ^ clkbuf_0_clk/A (CLKBUF_X3)
     2    4.08    0.01    0.03    0.03 ^ clkbuf_0_clk/Z (CLKBUF_X3)
                                         clknet_0_clk (net)
                  0.01    0.00    0.03 ^ clkbuf_1_0__f_clk/A (CLKBUF_X3)
     3    3.37    0.01    0.03    0.05 ^ clkbuf_1_0__f_clk/Z (CLKBUF_X3)
                                         clknet_1_0__leaf_clk (net)
                  0.01    0.00    0.05 ^ binary_count[1]$_SDFFE_PN0P_/CK (DFF_X2)
     4   10.48    0.02    0.12    0.18 ^ binary_count[1]$_SDFFE_PN0P_/Q (DFF_X2)
                                         net3 (net)
                  0.02    0.00    0.18 ^ _29_/B (HA_X1)
     2    3.25    0.03    0.06    0.23 ^ _29_/S (HA_X1)
                                         net6 (net)
                  0.03    0.00    0.23 ^ output6/A (BUF_X1)
     1    0.37    0.01    0.02    0.26 ^ output6/Z (BUF_X1)
                                         gray_out[0] (net)
                  0.01    0.00    0.26 ^ gray_out[0] (out)
                                  0.26   data arrival time

                          1.00    1.00   clock core_clock (rise edge)
                          0.00    1.00   clock network delay (propagated)
                          0.00    1.00   clock reconvergence pessimism
                         -0.20    0.80   output external delay
                                  0.80   data required time
-----------------------------------------------------------------------------
                                  0.80   data required time
                                 -0.26   data arrival time
-----------------------------------------------------------------------------
                                  0.54   slack (MET)



==========================================================================
global route report_check_types -max_slew -max_cap -max_fanout -violators
--------------------------------------------------------------------------

==========================================================================
global route max_slew_check_slack
--------------------------------------------------------------------------
0.16986815631389618

==========================================================================
global route max_slew_check_limit
--------------------------------------------------------------------------
0.1985349953174591

==========================================================================
global route max_slew_check_slack_limit
--------------------------------------------------------------------------
0.8556

==========================================================================
global route max_fanout_check_slack
--------------------------------------------------------------------------
1.0000000150474662e+30

==========================================================================
global route max_fanout_check_limit
--------------------------------------------------------------------------
1.0000000150474662e+30

==========================================================================
global route max_capacitance_check_slack
--------------------------------------------------------------------------
22.000734329223633

==========================================================================
global route max_capacitance_check_limit
--------------------------------------------------------------------------
25.253299713134766

==========================================================================
global route max_capacitance_check_slack_limit
--------------------------------------------------------------------------
0.8712

==========================================================================
global route max_slew_violation_count
--------------------------------------------------------------------------
max slew violation count 0

==========================================================================
global route max_fanout_violation_count
--------------------------------------------------------------------------
max fanout violation count 0

==========================================================================
global route max_cap_violation_count
--------------------------------------------------------------------------
max cap violation count 0

==========================================================================
global route setup_violation_count
--------------------------------------------------------------------------
setup violation count 0

==========================================================================
global route hold_violation_count
--------------------------------------------------------------------------
hold violation count 0

==========================================================================
global route report_checks -path_delay max reg to reg
--------------------------------------------------------------------------
Startpoint: binary_count[2]$_SDFFE_PN0P_
            (rising edge-triggered flip-flop clocked by core_clock)
Endpoint: binary_count[3]$_SDFFE_PN0P_
          (rising edge-triggered flip-flop clocked by core_clock)
Path Group: core_clock
Path Type: max

  Delay    Time   Description
---------------------------------------------------------
   0.00    0.00   clock core_clock (rise edge)
   0.00    0.00   clock source latency
   0.00    0.00 ^ clk (in)
   0.03    0.03 ^ clkbuf_0_clk/Z (CLKBUF_X3)
   0.03    0.05 ^ clkbuf_1_1__f_clk/Z (CLKBUF_X3)
   0.00    0.05 ^ binary_count[2]$_SDFFE_PN0P_/CK (DFF_X2)
   0.12    0.18 ^ binary_count[2]$_SDFFE_PN0P_/Q (DFF_X2)
   0.03    0.21 ^ _30_/CO (HA_X1)
   0.02    0.24 v _25_/ZN (NAND3_X1)
   0.04    0.28 v _26_/ZN (XNOR2_X1)
   0.03    0.31 v _27_/ZN (AND2_X1)
   0.00    0.31 v binary_count[3]$_SDFFE_PN0P_/D (DFF_X1)
           0.31   data arrival time

   1.00    1.00   clock core_clock (rise edge)
   0.00    1.00   clock source latency
   0.00    1.00 ^ clk (in)
   0.03    1.03 ^ clkbuf_0_clk/Z (CLKBUF_X3)
   0.03    1.05 ^ clkbuf_1_1__f_clk/Z (CLKBUF_X3)
   0.00    1.05 ^ binary_count[3]$_SDFFE_PN0P_/CK (DFF_X1)
   0.00    1.05   clock reconvergence pessimism
  -0.04    1.02   library setup time
           1.02   data required time
---------------------------------------------------------
           1.02   data required time
          -0.31   data arrival time
---------------------------------------------------------
           0.71   slack (MET)



==========================================================================
global route report_checks -path_delay min reg to reg
--------------------------------------------------------------------------
Startpoint: binary_count[0]$_SDFFE_PN0P_
            (rising edge-triggered flip-flop clocked by core_clock)
Endpoint: binary_count[0]$_SDFFE_PN0P_
          (rising edge-triggered flip-flop clocked by core_clock)
Path Group: core_clock
Path Type: min

  Delay    Time   Description
---------------------------------------------------------
   0.00    0.00   clock core_clock (rise edge)
   0.00    0.00   clock source latency
   0.00    0.00 ^ clk (in)
   0.03    0.03 ^ clkbuf_0_clk/Z (CLKBUF_X3)
   0.03    0.05 ^ clkbuf_1_0__f_clk/Z (CLKBUF_X3)
   0.00    0.05 ^ binary_count[0]$_SDFFE_PN0P_/CK (DFF_X2)
   0.07    0.13 ^ binary_count[0]$_SDFFE_PN0P_/QN (DFF_X2)
   0.03    0.16 ^ _18_/Z (MUX2_X1)
   0.03    0.19 ^ _19_/ZN (AND2_X1)
   0.00    0.19 ^ binary_count[0]$_SDFFE_PN0P_/D (DFF_X2)
           0.19   data arrival time

   0.00    0.00   clock core_clock (rise edge)
   0.00    0.00   clock source latency
   0.00    0.00 ^ clk (in)
   0.03    0.03 ^ clkbuf_0_clk/Z (CLKBUF_X3)
   0.03    0.05 ^ clkbuf_1_0__f_clk/Z (CLKBUF_X3)
   0.00    0.05 ^ binary_count[0]$_SDFFE_PN0P_/CK (DFF_X2)
   0.00    0.05   clock reconvergence pessimism
   0.01    0.06   library hold time
           0.06   data required time
---------------------------------------------------------
           0.06   data required time
          -0.19   data arrival time
---------------------------------------------------------
           0.13   slack (MET)



==========================================================================
global route critical path target clock latency max path
--------------------------------------------------------------------------
0.0539

==========================================================================
global route critical path target clock latency min path
--------------------------------------------------------------------------
0.0539

==========================================================================
global route critical path source clock latency min path
--------------------------------------------------------------------------
0.0000

==========================================================================
global route critical path delay
--------------------------------------------------------------------------
0.2564

==========================================================================
global route critical path slack
--------------------------------------------------------------------------
0.5436

==========================================================================
global route slack div critical path delay
--------------------------------------------------------------------------
212.012480

==========================================================================
global route report_power
--------------------------------------------------------------------------
Group                  Internal  Switching    Leakage      Total
                          Power      Power      Power      Power (Watts)
----------------------------------------------------------------
Sequential             2.91e-05   2.16e-06   4.12e-07   3.17e-05  36.0%
Combinational          7.44e-06   2.89e-06   7.15e-07   1.10e-05  12.6%
Clock                  3.21e-05   1.30e-05   1.03e-07   4.52e-05  51.4%
Macro                  0.00e+00   0.00e+00   0.00e+00   0.00e+00   0.0%
Pad                    0.00e+00   0.00e+00   0.00e+00   0.00e+00   0.0%
----------------------------------------------------------------
Total                  6.87e-05   1.80e-05   1.23e-06   8.79e-05 100.0%
                          78.1%      20.5%       1.4%
