
==========================================================================
finish report_tns
--------------------------------------------------------------------------
tns 0.00

==========================================================================
finish report_wns
--------------------------------------------------------------------------
wns 0.00

==========================================================================
finish report_worst_slack
--------------------------------------------------------------------------
worst slack 8.42

==========================================================================
finish report_clock_skew
--------------------------------------------------------------------------
Clock core_clock
   0.25 source latency counter_reg[3]$_DFFE_PN0P_/CLK ^
  -0.25 target latency counter_reg[0]$_DFFE_PN1P_/CLK ^
   0.00 CRPR
--------------
  -0.01 setup skew


==========================================================================
finish report_checks -path_delay min
--------------------------------------------------------------------------
Startpoint: rst_n (input port clocked by core_clock)
Endpoint: counter_reg[0]$_DFFE_PN1P_
          (removal check against rising-edge clock core_clock)
Path Group: asynchronous
Path Type: min

Fanout     Cap    Slew   Delay    Time   Description
-----------------------------------------------------------------------------
                          0.00    0.00   clock core_clock (rise edge)
                          0.00    0.00   clock network delay (propagated)
                          0.20    0.20 ^ input external delay
     1    0.00    0.00    0.00    0.20 ^ rst_n (in)
                                         rst_n (net)
                  0.00    0.00    0.20 ^ input2/I (gf180mcu_fd_sc_mcu9t5v0__dlyb_2)
     2    0.01    0.11    0.58    0.78 ^ input2/Z (gf180mcu_fd_sc_mcu9t5v0__dlyb_2)
                                         net3 (net)
                  0.11    0.00    0.78 ^ counter_reg[0]$_DFFE_PN1P_/SETN (gf180mcu_fd_sc_mcu9t5v0__dffsnq_2)
                                  0.78   data arrival time

                          0.00    0.00   clock core_clock (rise edge)
                          0.00    0.00   clock source latency
     1    0.02    0.00    0.00    0.00 ^ clk (in)
                                         clk (net)
                  0.00    0.00    0.00 ^ clkbuf_0_clk/I (gf180mcu_fd_sc_mcu9t5v0__clkbuf_3)
     2    0.02    0.08    0.12    0.12 ^ clkbuf_0_clk/Z (gf180mcu_fd_sc_mcu9t5v0__clkbuf_3)
                                         clknet_0_clk (net)
                  0.08    0.00    0.12 ^ clkbuf_1_1__f_clk/I (gf180mcu_fd_sc_mcu9t5v0__clkbuf_3)
     3    0.02    0.07    0.13    0.25 ^ clkbuf_1_1__f_clk/Z (gf180mcu_fd_sc_mcu9t5v0__clkbuf_3)
                                         clknet_1_1__leaf_clk (net)
                  0.07    0.00    0.25 ^ counter_reg[0]$_DFFE_PN1P_/CLK (gf180mcu_fd_sc_mcu9t5v0__dffsnq_2)
                          0.00    0.25   clock reconvergence pessimism
                          0.10    0.35   library removal time
                                  0.35   data required time
-----------------------------------------------------------------------------
                                  0.35   data required time
                                 -0.78   data arrival time
-----------------------------------------------------------------------------
                                  0.43   slack (MET)


Startpoint: enable (input port clocked by core_clock)
Endpoint: counter_reg[1]$_DFFE_PN0P_
          (rising edge-triggered flip-flop clocked by core_clock)
Path Group: core_clock
Path Type: min

Fanout     Cap    Slew   Delay    Time   Description
-----------------------------------------------------------------------------
                          0.00    0.00   clock core_clock (rise edge)
                          0.00    0.00   clock network delay (propagated)
                          0.20    0.20 v input external delay
     1    0.01    0.00    0.00    0.20 v enable (in)
                                         enable (net)
                  0.00    0.00    0.20 v input1/I (gf180mcu_fd_sc_mcu9t5v0__buf_2)
     4    0.06    0.15    0.19    0.39 v input1/Z (gf180mcu_fd_sc_mcu9t5v0__buf_2)
                                         net2 (net)
                  0.15    0.00    0.39 v _5_/S (gf180mcu_fd_sc_mcu9t5v0__mux2_2)
     1    0.01    0.07    0.19    0.58 v _5_/Z (gf180mcu_fd_sc_mcu9t5v0__mux2_2)
                                         _1_ (net)
                  0.07    0.00    0.58 v counter_reg[1]$_DFFE_PN0P_/D (gf180mcu_fd_sc_mcu9t5v0__dffrnq_2)
                                  0.58   data arrival time

                          0.00    0.00   clock core_clock (rise edge)
                          0.00    0.00   clock source latency
     1    0.02    0.00    0.00    0.00 ^ clk (in)
                                         clk (net)
                  0.00    0.00    0.00 ^ clkbuf_0_clk/I (gf180mcu_fd_sc_mcu9t5v0__clkbuf_3)
     2    0.02    0.08    0.12    0.12 ^ clkbuf_0_clk/Z (gf180mcu_fd_sc_mcu9t5v0__clkbuf_3)
                                         clknet_0_clk (net)
                  0.08    0.00    0.12 ^ clkbuf_1_1__f_clk/I (gf180mcu_fd_sc_mcu9t5v0__clkbuf_3)
     3    0.02    0.07    0.13    0.25 ^ clkbuf_1_1__f_clk/Z (gf180mcu_fd_sc_mcu9t5v0__clkbuf_3)
                                         clknet_1_1__leaf_clk (net)
                  0.07    0.00    0.25 ^ counter_reg[1]$_DFFE_PN0P_/CLK (gf180mcu_fd_sc_mcu9t5v0__dffrnq_2)
                          0.00    0.25   clock reconvergence pessimism
                          0.05    0.30   library hold time
                                  0.30   data required time
-----------------------------------------------------------------------------
                                  0.30   data required time
                                 -0.58   data arrival time
-----------------------------------------------------------------------------
                                  0.28   slack (MET)



==========================================================================
finish report_checks -path_delay max
--------------------------------------------------------------------------
Startpoint: rst_n (input port clocked by core_clock)
Endpoint: counter_reg[3]$_DFFE_PN0P_
          (recovery check against rising-edge clock core_clock)
Path Group: asynchronous
Path Type: max

Fanout     Cap    Slew   Delay    Time   Description
-----------------------------------------------------------------------------
                          0.00    0.00   clock core_clock (rise edge)
                          0.00    0.00   clock network delay (propagated)
                          0.20    0.20 ^ input external delay
     1    0.00    0.00    0.00    0.20 ^ rst_n (in)
                                         rst_n (net)
                  0.00    0.00    0.20 ^ input2/I (gf180mcu_fd_sc_mcu9t5v0__dlyb_2)
     2    0.01    0.11    0.58    0.78 ^ input2/Z (gf180mcu_fd_sc_mcu9t5v0__dlyb_2)
                                         net3 (net)
                  0.11    0.00    0.78 ^ hold1/I (gf180mcu_fd_sc_mcu9t5v0__dlyb_2)
     3    0.03    0.18    0.64    1.42 ^ hold1/Z (gf180mcu_fd_sc_mcu9t5v0__dlyb_2)
                                         net1 (net)
                  0.18    0.00    1.42 ^ counter_reg[3]$_DFFE_PN0P_/RN (gf180mcu_fd_sc_mcu9t5v0__dffrnq_2)
                                  1.42   data arrival time

                         10.00   10.00   clock core_clock (rise edge)
                          0.00   10.00   clock source latency
     1    0.02    0.00    0.00   10.00 ^ clk (in)
                                         clk (net)
                  0.00    0.00   10.00 ^ clkbuf_0_clk/I (gf180mcu_fd_sc_mcu9t5v0__clkbuf_3)
     2    0.02    0.08    0.12   10.12 ^ clkbuf_0_clk/Z (gf180mcu_fd_sc_mcu9t5v0__clkbuf_3)
                                         clknet_0_clk (net)
                  0.08    0.00   10.12 ^ clkbuf_1_0__f_clk/I (gf180mcu_fd_sc_mcu9t5v0__clkbuf_3)
     2    0.01    0.06    0.12   10.25 ^ clkbuf_1_0__f_clk/Z (gf180mcu_fd_sc_mcu9t5v0__clkbuf_3)
                                         clknet_1_0__leaf_clk (net)
                  0.06    0.00   10.25 ^ counter_reg[3]$_DFFE_PN0P_/CLK (gf180mcu_fd_sc_mcu9t5v0__dffrnq_2)
                          0.00   10.25   clock reconvergence pessimism
                          0.11   10.36   library recovery time
                                 10.36   data required time
-----------------------------------------------------------------------------
                                 10.36   data required time
                                 -1.42   data arrival time
-----------------------------------------------------------------------------
                                  8.94   slack (MET)


Startpoint: counter_reg[0]$_DFFE_PN1P_
            (rising edge-triggered flip-flop clocked by core_clock)
Endpoint: count[0] (output port clocked by core_clock)
Path Group: core_clock
Path Type: max

Fanout     Cap    Slew   Delay    Time   Description
-----------------------------------------------------------------------------
                          0.00    0.00   clock core_clock (rise edge)
                          0.00    0.00   clock source latency
     1    0.02    0.00    0.00    0.00 ^ clk (in)
                                         clk (net)
                  0.00    0.00    0.00 ^ clkbuf_0_clk/I (gf180mcu_fd_sc_mcu9t5v0__clkbuf_3)
     2    0.02    0.08    0.12    0.12 ^ clkbuf_0_clk/Z (gf180mcu_fd_sc_mcu9t5v0__clkbuf_3)
                                         clknet_0_clk (net)
                  0.08    0.00    0.12 ^ clkbuf_1_1__f_clk/I (gf180mcu_fd_sc_mcu9t5v0__clkbuf_3)
     3    0.02    0.07    0.13    0.25 ^ clkbuf_1_1__f_clk/Z (gf180mcu_fd_sc_mcu9t5v0__clkbuf_3)
                                         clknet_1_1__leaf_clk (net)
                  0.07    0.00    0.25 ^ counter_reg[0]$_DFFE_PN1P_/CLK (gf180mcu_fd_sc_mcu9t5v0__dffsnq_2)
     3    0.02    0.08    0.43    0.69 v counter_reg[0]$_DFFE_PN1P_/Q (gf180mcu_fd_sc_mcu9t5v0__dffsnq_2)
                                         net4 (net)
                  0.08    0.00    0.69 v output3/I (gf180mcu_fd_sc_mcu9t5v0__dlyb_2)
     1    0.00    0.14    0.69    1.38 v output3/Z (gf180mcu_fd_sc_mcu9t5v0__dlyb_2)
                                         count[0] (net)
                  0.14    0.00    1.38 v count[0] (out)
                                  1.38   data arrival time

                         10.00   10.00   clock core_clock (rise edge)
                          0.00   10.00   clock network delay (propagated)
                          0.00   10.00   clock reconvergence pessimism
                         -0.20    9.80   output external delay
                                  9.80   data required time
-----------------------------------------------------------------------------
                                  9.80   data required time
                                 -1.38   data arrival time
-----------------------------------------------------------------------------
                                  8.42   slack (MET)



==========================================================================
finish report_checks -unconstrained
--------------------------------------------------------------------------
Startpoint: rst_n (input port clocked by core_clock)
Endpoint: counter_reg[3]$_DFFE_PN0P_
          (recovery check against rising-edge clock core_clock)
Path Group: asynchronous
Path Type: max

Fanout     Cap    Slew   Delay    Time   Description
-----------------------------------------------------------------------------
                          0.00    0.00   clock core_clock (rise edge)
                          0.00    0.00   clock network delay (propagated)
                          0.20    0.20 ^ input external delay
     1    0.00    0.00    0.00    0.20 ^ rst_n (in)
                                         rst_n (net)
                  0.00    0.00    0.20 ^ input2/I (gf180mcu_fd_sc_mcu9t5v0__dlyb_2)
     2    0.01    0.11    0.58    0.78 ^ input2/Z (gf180mcu_fd_sc_mcu9t5v0__dlyb_2)
                                         net3 (net)
                  0.11    0.00    0.78 ^ hold1/I (gf180mcu_fd_sc_mcu9t5v0__dlyb_2)
     3    0.03    0.18    0.64    1.42 ^ hold1/Z (gf180mcu_fd_sc_mcu9t5v0__dlyb_2)
                                         net1 (net)
                  0.18    0.00    1.42 ^ counter_reg[3]$_DFFE_PN0P_/RN (gf180mcu_fd_sc_mcu9t5v0__dffrnq_2)
                                  1.42   data arrival time

                         10.00   10.00   clock core_clock (rise edge)
                          0.00   10.00   clock source latency
     1    0.02    0.00    0.00   10.00 ^ clk (in)
                                         clk (net)
                  0.00    0.00   10.00 ^ clkbuf_0_clk/I (gf180mcu_fd_sc_mcu9t5v0__clkbuf_3)
     2    0.02    0.08    0.12   10.12 ^ clkbuf_0_clk/Z (gf180mcu_fd_sc_mcu9t5v0__clkbuf_3)
                                         clknet_0_clk (net)
                  0.08    0.00   10.12 ^ clkbuf_1_0__f_clk/I (gf180mcu_fd_sc_mcu9t5v0__clkbuf_3)
     2    0.01    0.06    0.12   10.25 ^ clkbuf_1_0__f_clk/Z (gf180mcu_fd_sc_mcu9t5v0__clkbuf_3)
                                         clknet_1_0__leaf_clk (net)
                  0.06    0.00   10.25 ^ counter_reg[3]$_DFFE_PN0P_/CLK (gf180mcu_fd_sc_mcu9t5v0__dffrnq_2)
                          0.00   10.25   clock reconvergence pessimism
                          0.11   10.36   library recovery time
                                 10.36   data required time
-----------------------------------------------------------------------------
                                 10.36   data required time
                                 -1.42   data arrival time
-----------------------------------------------------------------------------
                                  8.94   slack (MET)


Startpoint: counter_reg[0]$_DFFE_PN1P_
            (rising edge-triggered flip-flop clocked by core_clock)
Endpoint: count[0] (output port clocked by core_clock)
Path Group: core_clock
Path Type: max

Fanout     Cap    Slew   Delay    Time   Description
-----------------------------------------------------------------------------
                          0.00    0.00   clock core_clock (rise edge)
                          0.00    0.00   clock source latency
     1    0.02    0.00    0.00    0.00 ^ clk (in)
                                         clk (net)
                  0.00    0.00    0.00 ^ clkbuf_0_clk/I (gf180mcu_fd_sc_mcu9t5v0__clkbuf_3)
     2    0.02    0.08    0.12    0.12 ^ clkbuf_0_clk/Z (gf180mcu_fd_sc_mcu9t5v0__clkbuf_3)
                                         clknet_0_clk (net)
                  0.08    0.00    0.12 ^ clkbuf_1_1__f_clk/I (gf180mcu_fd_sc_mcu9t5v0__clkbuf_3)
     3    0.02    0.07    0.13    0.25 ^ clkbuf_1_1__f_clk/Z (gf180mcu_fd_sc_mcu9t5v0__clkbuf_3)
                                         clknet_1_1__leaf_clk (net)
                  0.07    0.00    0.25 ^ counter_reg[0]$_DFFE_PN1P_/CLK (gf180mcu_fd_sc_mcu9t5v0__dffsnq_2)
     3    0.02    0.08    0.43    0.69 v counter_reg[0]$_DFFE_PN1P_/Q (gf180mcu_fd_sc_mcu9t5v0__dffsnq_2)
                                         net4 (net)
                  0.08    0.00    0.69 v output3/I (gf180mcu_fd_sc_mcu9t5v0__dlyb_2)
     1    0.00    0.14    0.69    1.38 v output3/Z (gf180mcu_fd_sc_mcu9t5v0__dlyb_2)
                                         count[0] (net)
                  0.14    0.00    1.38 v count[0] (out)
                                  1.38   data arrival time

                         10.00   10.00   clock core_clock (rise edge)
                          0.00   10.00   clock network delay (propagated)
                          0.00   10.00   clock reconvergence pessimism
                         -0.20    9.80   output external delay
                                  9.80   data required time
-----------------------------------------------------------------------------
                                  9.80   data required time
                                 -1.38   data arrival time
-----------------------------------------------------------------------------
                                  8.42   slack (MET)



==========================================================================
finish report_check_types -max_slew -max_cap -max_fanout -violators
--------------------------------------------------------------------------

==========================================================================
finish max_slew_check_slack
--------------------------------------------------------------------------
2.558357000350952

==========================================================================
finish max_slew_check_limit
--------------------------------------------------------------------------
2.799999952316284

==========================================================================
finish max_slew_check_slack_limit
--------------------------------------------------------------------------
0.9137

==========================================================================
finish max_fanout_check_slack
--------------------------------------------------------------------------
1.0000000150474662e+30

==========================================================================
finish max_fanout_check_limit
--------------------------------------------------------------------------
1.0000000150474662e+30

==========================================================================
finish max_capacitance_check_slack
--------------------------------------------------------------------------
0.3772999942302704

==========================================================================
finish max_capacitance_check_limit
--------------------------------------------------------------------------
0.3772999942302704

==========================================================================
finish max_capacitance_check_slack_limit
--------------------------------------------------------------------------
1.0000

==========================================================================
finish max_slew_violation_count
--------------------------------------------------------------------------
max slew violation count 0

==========================================================================
finish max_fanout_violation_count
--------------------------------------------------------------------------
max fanout violation count 0

==========================================================================
finish max_cap_violation_count
--------------------------------------------------------------------------
max cap violation count 0

==========================================================================
finish setup_violation_count
--------------------------------------------------------------------------
setup violation count 0

==========================================================================
finish hold_violation_count
--------------------------------------------------------------------------
hold violation count 0

==========================================================================
finish report_checks -path_delay max reg to reg
--------------------------------------------------------------------------
Startpoint: counter_reg[3]$_DFFE_PN0P_
            (rising edge-triggered flip-flop clocked by core_clock)
Endpoint: counter_reg[0]$_DFFE_PN1P_
          (rising edge-triggered flip-flop clocked by core_clock)
Path Group: core_clock
Path Type: max

  Delay    Time   Description
---------------------------------------------------------
   0.00    0.00   clock core_clock (rise edge)
   0.00    0.00   clock source latency
   0.00    0.00 ^ clk (in)
   0.12    0.12 ^ clkbuf_0_clk/Z (gf180mcu_fd_sc_mcu9t5v0__clkbuf_3)
   0.12    0.25 ^ clkbuf_1_0__f_clk/Z (gf180mcu_fd_sc_mcu9t5v0__clkbuf_3)
   0.00    0.25 ^ counter_reg[3]$_DFFE_PN0P_/CLK (gf180mcu_fd_sc_mcu9t5v0__dffrnq_2)
   0.46    0.71 ^ counter_reg[3]$_DFFE_PN0P_/Q (gf180mcu_fd_sc_mcu9t5v0__dffrnq_2)
   0.16    0.87 ^ _4_/Z (gf180mcu_fd_sc_mcu9t5v0__mux2_2)
   0.00    0.87 ^ counter_reg[0]$_DFFE_PN1P_/D (gf180mcu_fd_sc_mcu9t5v0__dffsnq_2)
           0.87   data arrival time

  10.00   10.00   clock core_clock (rise edge)
   0.00   10.00   clock source latency
   0.00   10.00 ^ clk (in)
   0.12   10.12 ^ clkbuf_0_clk/Z (gf180mcu_fd_sc_mcu9t5v0__clkbuf_3)
   0.13   10.25 ^ clkbuf_1_1__f_clk/Z (gf180mcu_fd_sc_mcu9t5v0__clkbuf_3)
   0.00   10.25 ^ counter_reg[0]$_DFFE_PN1P_/CLK (gf180mcu_fd_sc_mcu9t5v0__dffsnq_2)
   0.00   10.25   clock reconvergence pessimism
  -0.16   10.09   library setup time
          10.09   data required time
---------------------------------------------------------
          10.09   data required time
          -0.87   data arrival time
---------------------------------------------------------
           9.22   slack (MET)



==========================================================================
finish report_checks -path_delay min reg to reg
--------------------------------------------------------------------------
Startpoint: counter_reg[0]$_DFFE_PN1P_
            (rising edge-triggered flip-flop clocked by core_clock)
Endpoint: counter_reg[0]$_DFFE_PN1P_
          (rising edge-triggered flip-flop clocked by core_clock)
Path Group: core_clock
Path Type: min

  Delay    Time   Description
---------------------------------------------------------
   0.00    0.00   clock core_clock (rise edge)
   0.00    0.00   clock source latency
   0.00    0.00 ^ clk (in)
   0.12    0.12 ^ clkbuf_0_clk/Z (gf180mcu_fd_sc_mcu9t5v0__clkbuf_3)
   0.13    0.25 ^ clkbuf_1_1__f_clk/Z (gf180mcu_fd_sc_mcu9t5v0__clkbuf_3)
   0.00    0.25 ^ counter_reg[0]$_DFFE_PN1P_/CLK (gf180mcu_fd_sc_mcu9t5v0__dffsnq_2)
   0.38    0.63 ^ counter_reg[0]$_DFFE_PN1P_/Q (gf180mcu_fd_sc_mcu9t5v0__dffsnq_2)
   0.16    0.79 ^ _4_/Z (gf180mcu_fd_sc_mcu9t5v0__mux2_2)
   0.00    0.79 ^ counter_reg[0]$_DFFE_PN1P_/D (gf180mcu_fd_sc_mcu9t5v0__dffsnq_2)
           0.79   data arrival time

   0.00    0.00   clock core_clock (rise edge)
   0.00    0.00   clock source latency
   0.00    0.00 ^ clk (in)
   0.12    0.12 ^ clkbuf_0_clk/Z (gf180mcu_fd_sc_mcu9t5v0__clkbuf_3)
   0.13    0.25 ^ clkbuf_1_1__f_clk/Z (gf180mcu_fd_sc_mcu9t5v0__clkbuf_3)
   0.00    0.25 ^ counter_reg[0]$_DFFE_PN1P_/CLK (gf180mcu_fd_sc_mcu9t5v0__dffsnq_2)
   0.00    0.25   clock reconvergence pessimism
  -0.02    0.24   library hold time
           0.24   data required time
---------------------------------------------------------
           0.24   data required time
          -0.79   data arrival time
---------------------------------------------------------
           0.55   slack (MET)



==========================================================================
finish critical path target clock latency max path
--------------------------------------------------------------------------
0.2477

==========================================================================
finish critical path target clock latency min path
--------------------------------------------------------------------------
0.2549

==========================================================================
finish critical path source clock latency min path
--------------------------------------------------------------------------
0.0000

==========================================================================
finish critical path delay
--------------------------------------------------------------------------
1.3782

==========================================================================
finish critical path slack
--------------------------------------------------------------------------
8.4218

==========================================================================
finish slack div critical path delay
--------------------------------------------------------------------------
611.072413

==========================================================================
finish report_power
--------------------------------------------------------------------------
Group                  Internal  Switching    Leakage      Total
                          Power      Power      Power      Power (Watts)
----------------------------------------------------------------
Sequential             3.57e-04   0.00e+00   2.32e-09   3.57e-04  38.4%
Combinational          3.58e-05   1.64e-05   2.54e-09   5.22e-05   5.6%
Clock                  3.69e-04   1.52e-04   1.82e-08   5.21e-04  56.0%
Macro                  0.00e+00   0.00e+00   0.00e+00   0.00e+00   0.0%
Pad                    0.00e+00   0.00e+00   0.00e+00   0.00e+00   0.0%
----------------------------------------------------------------
Total                  7.62e-04   1.68e-04   2.30e-08   9.30e-04 100.0%
                          81.9%      18.1%       0.0%
