
==========================================================================
detailed place report_tns
--------------------------------------------------------------------------
tns 0.00

==========================================================================
detailed place report_wns
--------------------------------------------------------------------------
wns 0.00

==========================================================================
detailed place report_worst_slack
--------------------------------------------------------------------------
worst slack 8.54

==========================================================================
detailed place report_checks -path_delay min
--------------------------------------------------------------------------
Startpoint: rst_n (input port clocked by core_clock)
Endpoint: count[0]$_DFFE_PN0P_
          (removal check against rising-edge clock core_clock)
Path Group: asynchronous
Path Type: min

Fanout     Cap    Slew   Delay    Time   Description
-----------------------------------------------------------------------------
                  0.00    0.00    0.00   clock core_clock (rise edge)
                          0.00    0.00   clock network delay (ideal)
                          0.20    0.20 ^ input external delay
     1    0.01    0.00    0.00    0.20 ^ rst_n (in)
                                         rst_n (net)
                  0.00    0.00    0.20 ^ hold1/I (gf180mcu_fd_sc_mcu9t5v0__clkbuf_2)
     4    0.05    0.20    0.20    0.40 ^ hold1/Z (gf180mcu_fd_sc_mcu9t5v0__clkbuf_2)
                                         net1 (net)
                  0.20    0.00    0.40 ^ count[0]$_DFFE_PN0P_/RN (gf180mcu_fd_sc_mcu9t5v0__dffrnq_2)
                                  0.40   data arrival time

                  0.00    0.00    0.00   clock core_clock (rise edge)
                          0.00    0.00   clock network delay (ideal)
                          0.00    0.00   clock reconvergence pessimism
                                  0.00 ^ count[0]$_DFFE_PN0P_/CLK (gf180mcu_fd_sc_mcu9t5v0__dffrnq_2)
                          0.24    0.24   library removal time
                                  0.24   data required time
-----------------------------------------------------------------------------
                                  0.24   data required time
                                 -0.40   data arrival time
-----------------------------------------------------------------------------
                                  0.16   slack (MET)


Startpoint: enable (input port clocked by core_clock)
Endpoint: count[1]$_DFFE_PN0P_
          (rising edge-triggered flip-flop clocked by core_clock)
Path Group: core_clock
Path Type: min

Fanout     Cap    Slew   Delay    Time   Description
-----------------------------------------------------------------------------
                  0.00    0.00    0.00   clock core_clock (rise edge)
                          0.00    0.00   clock network delay (ideal)
                          0.20    0.20 v input external delay
     1    0.01    0.00    0.00    0.20 v enable (in)
                                         enable (net)
                  0.00    0.00    0.20 v input1/I (gf180mcu_fd_sc_mcu9t5v0__buf_2)
     4    0.06    0.16    0.19    0.39 v input1/Z (gf180mcu_fd_sc_mcu9t5v0__buf_2)
                                         net2 (net)
                  0.16    0.00    0.39 v _13_/S (gf180mcu_fd_sc_mcu9t5v0__mux2_2)
     1    0.01    0.07    0.19    0.58 v _13_/Z (gf180mcu_fd_sc_mcu9t5v0__mux2_2)
                                         _01_ (net)
                  0.07    0.00    0.58 v count[1]$_DFFE_PN0P_/D (gf180mcu_fd_sc_mcu9t5v0__dffrnq_2)
                                  0.58   data arrival time

                  0.00    0.00    0.00   clock core_clock (rise edge)
                          0.00    0.00   clock network delay (ideal)
                          0.00    0.00   clock reconvergence pessimism
                                  0.00 ^ count[1]$_DFFE_PN0P_/CLK (gf180mcu_fd_sc_mcu9t5v0__dffrnq_2)
                          0.04    0.04   library hold time
                                  0.04   data required time
-----------------------------------------------------------------------------
                                  0.04   data required time
                                 -0.58   data arrival time
-----------------------------------------------------------------------------
                                  0.54   slack (MET)



==========================================================================
detailed place report_checks -path_delay max
--------------------------------------------------------------------------
Startpoint: rst_n (input port clocked by core_clock)
Endpoint: count[0]$_DFFE_PN0P_
          (recovery check against rising-edge clock core_clock)
Path Group: asynchronous
Path Type: max

Fanout     Cap    Slew   Delay    Time   Description
-----------------------------------------------------------------------------
                  0.00    0.00    0.00   clock core_clock (rise edge)
                          0.00    0.00   clock network delay (ideal)
                          0.20    0.20 ^ input external delay
     1    0.01    0.00    0.00    0.20 ^ rst_n (in)
                                         rst_n (net)
                  0.00    0.00    0.20 ^ hold1/I (gf180mcu_fd_sc_mcu9t5v0__clkbuf_2)
     4    0.05    0.20    0.20    0.40 ^ hold1/Z (gf180mcu_fd_sc_mcu9t5v0__clkbuf_2)
                                         net1 (net)
                  0.20    0.00    0.40 ^ count[0]$_DFFE_PN0P_/RN (gf180mcu_fd_sc_mcu9t5v0__dffrnq_2)
                                  0.40   data arrival time

                  0.00   10.00   10.00   clock core_clock (rise edge)
                          0.00   10.00   clock network delay (ideal)
                          0.00   10.00   clock reconvergence pessimism
                                 10.00 ^ count[0]$_DFFE_PN0P_/CLK (gf180mcu_fd_sc_mcu9t5v0__dffrnq_2)
                          0.10   10.10   library recovery time
                                 10.10   data required time
-----------------------------------------------------------------------------
                                 10.10   data required time
                                 -0.40   data arrival time
-----------------------------------------------------------------------------
                                  9.70   slack (MET)


Startpoint: load_val[3] (input port clocked by core_clock)
Endpoint: count[3]$_DFFE_PN0P_
          (rising edge-triggered flip-flop clocked by core_clock)
Path Group: core_clock
Path Type: max

Fanout     Cap    Slew   Delay    Time   Description
-----------------------------------------------------------------------------
                  0.00    0.00    0.00   clock core_clock (rise edge)
                          0.00    0.00   clock network delay (ideal)
                          0.20    0.20 v input external delay
     1    0.00    0.00    0.00    0.20 v load_val[3] (in)
                                         load_val[3] (net)
                  0.00    0.00    0.20 v input6/I (gf180mcu_fd_sc_mcu9t5v0__dlyb_2)
     1    0.01    0.18    0.70    0.90 v input6/Z (gf180mcu_fd_sc_mcu9t5v0__dlyb_2)
                                         net7 (net)
                  0.18    0.00    0.90 v _16_/I1 (gf180mcu_fd_sc_mcu9t5v0__mux2_2)
     1    0.01    0.08    0.23    1.13 v _16_/Z (gf180mcu_fd_sc_mcu9t5v0__mux2_2)
                                         _08_ (net)
                  0.08    0.00    1.13 v _17_/I1 (gf180mcu_fd_sc_mcu9t5v0__mux2_2)
     1    0.01    0.08    0.21    1.35 v _17_/Z (gf180mcu_fd_sc_mcu9t5v0__mux2_2)
                                         _03_ (net)
                  0.08    0.00    1.35 v count[3]$_DFFE_PN0P_/D (gf180mcu_fd_sc_mcu9t5v0__dffrnq_2)
                                  1.35   data arrival time

                  0.00   10.00   10.00   clock core_clock (rise edge)
                          0.00   10.00   clock network delay (ideal)
                          0.00   10.00   clock reconvergence pessimism
                                 10.00 ^ count[3]$_DFFE_PN0P_/CLK (gf180mcu_fd_sc_mcu9t5v0__dffrnq_2)
                         -0.12    9.88   library setup time
                                  9.88   data required time
-----------------------------------------------------------------------------
                                  9.88   data required time
                                 -1.35   data arrival time
-----------------------------------------------------------------------------
                                  8.54   slack (MET)



==========================================================================
detailed place report_checks -unconstrained
--------------------------------------------------------------------------
Startpoint: rst_n (input port clocked by core_clock)
Endpoint: count[0]$_DFFE_PN0P_
          (recovery check against rising-edge clock core_clock)
Path Group: asynchronous
Path Type: max

Fanout     Cap    Slew   Delay    Time   Description
-----------------------------------------------------------------------------
                  0.00    0.00    0.00   clock core_clock (rise edge)
                          0.00    0.00   clock network delay (ideal)
                          0.20    0.20 ^ input external delay
     1    0.01    0.00    0.00    0.20 ^ rst_n (in)
                                         rst_n (net)
                  0.00    0.00    0.20 ^ hold1/I (gf180mcu_fd_sc_mcu9t5v0__clkbuf_2)
     4    0.05    0.20    0.20    0.40 ^ hold1/Z (gf180mcu_fd_sc_mcu9t5v0__clkbuf_2)
                                         net1 (net)
                  0.20    0.00    0.40 ^ count[0]$_DFFE_PN0P_/RN (gf180mcu_fd_sc_mcu9t5v0__dffrnq_2)
                                  0.40   data arrival time

                  0.00   10.00   10.00   clock core_clock (rise edge)
                          0.00   10.00   clock network delay (ideal)
                          0.00   10.00   clock reconvergence pessimism
                                 10.00 ^ count[0]$_DFFE_PN0P_/CLK (gf180mcu_fd_sc_mcu9t5v0__dffrnq_2)
                          0.10   10.10   library recovery time
                                 10.10   data required time
-----------------------------------------------------------------------------
                                 10.10   data required time
                                 -0.40   data arrival time
-----------------------------------------------------------------------------
                                  9.70   slack (MET)


Startpoint: load_val[3] (input port clocked by core_clock)
Endpoint: count[3]$_DFFE_PN0P_
          (rising edge-triggered flip-flop clocked by core_clock)
Path Group: core_clock
Path Type: max

Fanout     Cap    Slew   Delay    Time   Description
-----------------------------------------------------------------------------
                  0.00    0.00    0.00   clock core_clock (rise edge)
                          0.00    0.00   clock network delay (ideal)
                          0.20    0.20 v input external delay
     1    0.00    0.00    0.00    0.20 v load_val[3] (in)
                                         load_val[3] (net)
                  0.00    0.00    0.20 v input6/I (gf180mcu_fd_sc_mcu9t5v0__dlyb_2)
     1    0.01    0.18    0.70    0.90 v input6/Z (gf180mcu_fd_sc_mcu9t5v0__dlyb_2)
                                         net7 (net)
                  0.18    0.00    0.90 v _16_/I1 (gf180mcu_fd_sc_mcu9t5v0__mux2_2)
     1    0.01    0.08    0.23    1.13 v _16_/Z (gf180mcu_fd_sc_mcu9t5v0__mux2_2)
                                         _08_ (net)
                  0.08    0.00    1.13 v _17_/I1 (gf180mcu_fd_sc_mcu9t5v0__mux2_2)
     1    0.01    0.08    0.21    1.35 v _17_/Z (gf180mcu_fd_sc_mcu9t5v0__mux2_2)
                                         _03_ (net)
                  0.08    0.00    1.35 v count[3]$_DFFE_PN0P_/D (gf180mcu_fd_sc_mcu9t5v0__dffrnq_2)
                                  1.35   data arrival time

                  0.00   10.00   10.00   clock core_clock (rise edge)
                          0.00   10.00   clock network delay (ideal)
                          0.00   10.00   clock reconvergence pessimism
                                 10.00 ^ count[3]$_DFFE_PN0P_/CLK (gf180mcu_fd_sc_mcu9t5v0__dffrnq_2)
                         -0.12    9.88   library setup time
                                  9.88   data required time
-----------------------------------------------------------------------------
                                  9.88   data required time
                                 -1.35   data arrival time
-----------------------------------------------------------------------------
                                  8.54   slack (MET)



==========================================================================
detailed place report_check_types -max_slew -max_cap -max_fanout -violators
--------------------------------------------------------------------------

==========================================================================
detailed place max_slew_check_slack
--------------------------------------------------------------------------
2.5392932891845703

==========================================================================
detailed place max_slew_check_limit
--------------------------------------------------------------------------
2.799999952316284

==========================================================================
detailed place max_slew_check_slack_limit
--------------------------------------------------------------------------
0.9069

==========================================================================
detailed place max_fanout_check_slack
--------------------------------------------------------------------------
1.0000000150474662e+30

==========================================================================
detailed place max_fanout_check_limit
--------------------------------------------------------------------------
1.0000000150474662e+30

==========================================================================
detailed place max_capacitance_check_slack
--------------------------------------------------------------------------
0.6875419020652771

==========================================================================
detailed place max_capacitance_check_limit
--------------------------------------------------------------------------
0.7524999976158142

==========================================================================
detailed place max_capacitance_check_slack_limit
--------------------------------------------------------------------------
0.9137

==========================================================================
detailed place max_slew_violation_count
--------------------------------------------------------------------------
max slew violation count 0

==========================================================================
detailed place max_fanout_violation_count
--------------------------------------------------------------------------
max fanout violation count 0

==========================================================================
detailed place max_cap_violation_count
--------------------------------------------------------------------------
max cap violation count 0

==========================================================================
detailed place setup_violation_count
--------------------------------------------------------------------------
setup violation count 0

==========================================================================
detailed place hold_violation_count
--------------------------------------------------------------------------
hold violation count 0

==========================================================================
detailed place report_checks -path_delay max reg to reg
--------------------------------------------------------------------------
Startpoint: count[3]$_DFFE_PN0P_
            (rising edge-triggered flip-flop clocked by core_clock)
Endpoint: count[0]$_DFFE_PN0P_
          (rising edge-triggered flip-flop clocked by core_clock)
Path Group: core_clock
Path Type: max

  Delay    Time   Description
---------------------------------------------------------
   0.00    0.00   clock core_clock (rise edge)
   0.00    0.00   clock network delay (ideal)
   0.00    0.00 ^ count[3]$_DFFE_PN0P_/CLK (gf180mcu_fd_sc_mcu9t5v0__dffrnq_2)
   0.47    0.47 ^ count[3]$_DFFE_PN0P_/Q (gf180mcu_fd_sc_mcu9t5v0__dffrnq_2)
   0.06    0.53 v _09_/ZN (gf180mcu_fd_sc_mcu9t5v0__clkinv_2)
   0.21    0.73 v _10_/Z (gf180mcu_fd_sc_mcu9t5v0__mux2_2)
   0.21    0.94 v _11_/Z (gf180mcu_fd_sc_mcu9t5v0__mux2_2)
   0.00    0.94 v count[0]$_DFFE_PN0P_/D (gf180mcu_fd_sc_mcu9t5v0__dffrnq_2)
           0.94   data arrival time

  10.00   10.00   clock core_clock (rise edge)
   0.00   10.00   clock network delay (ideal)
   0.00   10.00   clock reconvergence pessimism
          10.00 ^ count[0]$_DFFE_PN0P_/CLK (gf180mcu_fd_sc_mcu9t5v0__dffrnq_2)
  -0.12    9.88   library setup time
           9.88   data required time
---------------------------------------------------------
           9.88   data required time
          -0.94   data arrival time
---------------------------------------------------------
           8.94   slack (MET)



==========================================================================
detailed place report_checks -path_delay min reg to reg
--------------------------------------------------------------------------
Startpoint: count[1]$_DFFE_PN0P_
            (rising edge-triggered flip-flop clocked by core_clock)
Endpoint: count[1]$_DFFE_PN0P_
          (rising edge-triggered flip-flop clocked by core_clock)
Path Group: core_clock
Path Type: min

  Delay    Time   Description
---------------------------------------------------------
   0.00    0.00   clock core_clock (rise edge)
   0.00    0.00   clock network delay (ideal)
   0.00    0.00 ^ count[1]$_DFFE_PN0P_/CLK (gf180mcu_fd_sc_mcu9t5v0__dffrnq_2)
   0.38    0.38 v count[1]$_DFFE_PN0P_/Q (gf180mcu_fd_sc_mcu9t5v0__dffrnq_2)
   0.20    0.58 v _13_/Z (gf180mcu_fd_sc_mcu9t5v0__mux2_2)
   0.00    0.58 v count[1]$_DFFE_PN0P_/D (gf180mcu_fd_sc_mcu9t5v0__dffrnq_2)
           0.58   data arrival time

   0.00    0.00   clock core_clock (rise edge)
   0.00    0.00   clock network delay (ideal)
   0.00    0.00   clock reconvergence pessimism
           0.00 ^ count[1]$_DFFE_PN0P_/CLK (gf180mcu_fd_sc_mcu9t5v0__dffrnq_2)
   0.04    0.04   library hold time
           0.04   data required time
---------------------------------------------------------
           0.04   data required time
          -0.58   data arrival time
---------------------------------------------------------
           0.55   slack (MET)



==========================================================================
detailed place critical path target clock latency max path
--------------------------------------------------------------------------
0.0000

==========================================================================
detailed place critical path target clock latency min path
--------------------------------------------------------------------------
0.0000

==========================================================================
detailed place critical path source clock latency min path
--------------------------------------------------------------------------
0.0000

==========================================================================
detailed place critical path delay
--------------------------------------------------------------------------
1.3459

==========================================================================
detailed place critical path slack
--------------------------------------------------------------------------
8.5375

==========================================================================
detailed place slack div critical path delay
--------------------------------------------------------------------------
634.333903

==========================================================================
detailed place report_power
--------------------------------------------------------------------------
Group                  Internal  Switching    Leakage      Total
                          Power      Power      Power      Power (Watts)
----------------------------------------------------------------
Sequential             5.83e-04   5.41e-05   2.41e-09   6.37e-04  54.5%
Combinational          4.58e-04   7.35e-05   4.45e-09   5.31e-04  45.5%
Clock                  0.00e+00   0.00e+00   3.51e-09   3.51e-09   0.0%
Macro                  0.00e+00   0.00e+00   0.00e+00   0.00e+00   0.0%
Pad                    0.00e+00   0.00e+00   0.00e+00   0.00e+00   0.0%
----------------------------------------------------------------
Total                  1.04e-03   1.28e-04   1.04e-08   1.17e-03 100.0%
                          89.1%      10.9%       0.0%
