
==========================================================================
floorplan final report_tns
--------------------------------------------------------------------------
tns 0.00

==========================================================================
floorplan final report_wns
--------------------------------------------------------------------------
wns 0.00

==========================================================================
floorplan final report_worst_slack
--------------------------------------------------------------------------
worst slack 2.92

==========================================================================
floorplan final report_checks -path_delay min
--------------------------------------------------------------------------
Startpoint: rst_n (input port clocked by core_clock)
Endpoint: spi_cs_n$_DFFE_PN1P_
          (removal check against rising-edge clock core_clock)
Path Group: asynchronous
Path Type: min

Fanout     Cap    Slew   Delay    Time   Description
-----------------------------------------------------------------------------
                  0.00    0.00    0.00   clock core_clock (rise edge)
                          0.00    0.00   clock network delay (ideal)
                          0.20    0.20 ^ input external delay
     3    0.01    0.00    0.00    0.20 ^ rst_n (in)
                                         rst_n (net)
                  0.00    0.00    0.20 ^ spi_cs_n$_DFFE_PN1P_/SET_B (sky130_fd_sc_hd__dfstp_2)
                                  0.20   data arrival time

                  0.00    0.00    0.00   clock core_clock (rise edge)
                          0.00    0.00   clock network delay (ideal)
                          0.00    0.00   clock reconvergence pessimism
                                  0.00 ^ spi_cs_n$_DFFE_PN1P_/CLK (sky130_fd_sc_hd__dfstp_2)
                          0.15    0.15   library removal time
                                  0.15   data required time
-----------------------------------------------------------------------------
                                  0.15   data required time
                                 -0.20   data arrival time
-----------------------------------------------------------------------------
                                  0.05   slack (MET)


Startpoint: tx_valid (input port clocked by core_clock)
Endpoint: spi_cs_n$_DFFE_PN1P_
          (rising edge-triggered flip-flop clocked by core_clock)
Path Group: core_clock
Path Type: min

Fanout     Cap    Slew   Delay    Time   Description
-----------------------------------------------------------------------------
                  0.00    0.00    0.00   clock core_clock (rise edge)
                          0.00    0.00   clock network delay (ideal)
                          0.20    0.20 ^ input external delay
     4    0.01    0.00    0.00    0.20 ^ tx_valid (in)
                                         tx_valid (net)
                  0.00    0.00    0.20 ^ _231_/A1 (sky130_fd_sc_hd__a21oi_1)
     1    0.00    0.03    0.04    0.24 v _231_/Y (sky130_fd_sc_hd__a21oi_1)
                                         _022_ (net)
                  0.03    0.00    0.24 v spi_cs_n$_DFFE_PN1P_/D (sky130_fd_sc_hd__dfstp_2)
                                  0.24   data arrival time

                  0.00    0.00    0.00   clock core_clock (rise edge)
                          0.00    0.00   clock network delay (ideal)
                          0.00    0.00   clock reconvergence pessimism
                                  0.00 ^ spi_cs_n$_DFFE_PN1P_/CLK (sky130_fd_sc_hd__dfstp_2)
                         -0.01   -0.01   library hold time
                                 -0.01   data required time
-----------------------------------------------------------------------------
                                 -0.01   data required time
                                 -0.24   data arrival time
-----------------------------------------------------------------------------
                                  0.25   slack (MET)



==========================================================================
floorplan final report_checks -path_delay max
--------------------------------------------------------------------------
Startpoint: rst_n (input port clocked by core_clock)
Endpoint: bit_counter[0]$_DFFE_PN0P_
          (recovery check against rising-edge clock core_clock)
Path Group: asynchronous
Path Type: max

Fanout     Cap    Slew   Delay    Time   Description
-----------------------------------------------------------------------------
                  0.00    0.00    0.00   clock core_clock (rise edge)
                          0.00    0.00   clock network delay (ideal)
                          0.20    0.20 ^ input external delay
     3    0.01    0.00    0.00    0.20 ^ rst_n (in)
                                         rst_n (net)
                  0.00    0.00    0.20 ^ hold1/A (sky130_fd_sc_hd__dlygate4sd3_1)
    32    0.12    1.13    1.28    1.48 ^ hold1/X (sky130_fd_sc_hd__dlygate4sd3_1)
                                         net1 (net)
                  1.13    0.00    1.48 ^ bit_counter[0]$_DFFE_PN0P_/RESET_B (sky130_fd_sc_hd__dfrtp_1)
                                  1.48   data arrival time

                  0.00    5.00    5.00   clock core_clock (rise edge)
                          0.00    5.00   clock network delay (ideal)
                          0.00    5.00   clock reconvergence pessimism
                                  5.00 ^ bit_counter[0]$_DFFE_PN0P_/CLK (sky130_fd_sc_hd__dfrtp_1)
                         -0.07    4.93   library recovery time
                                  4.93   data required time
-----------------------------------------------------------------------------
                                  4.93   data required time
                                 -1.48   data arrival time
-----------------------------------------------------------------------------
                                  3.45   slack (MET)


Startpoint: bit_counter[0]$_DFFE_PN0P_
            (rising edge-triggered flip-flop clocked by core_clock)
Endpoint: miso_capture[0]$_DFFE_PN0P_
          (rising edge-triggered flip-flop clocked by core_clock)
Path Group: core_clock
Path Type: max

Fanout     Cap    Slew   Delay    Time   Description
-----------------------------------------------------------------------------
                  0.00    0.00    0.00   clock core_clock (rise edge)
                          0.00    0.00   clock network delay (ideal)
                  0.00    0.00    0.00 ^ bit_counter[0]$_DFFE_PN0P_/CLK (sky130_fd_sc_hd__dfrtp_1)
     8    0.02    0.20    0.42    0.42 ^ bit_counter[0]$_DFFE_PN0P_/Q (sky130_fd_sc_hd__dfrtp_1)
                                         bit_counter[0] (net)
                  0.20    0.00    0.42 ^ _273_/A (sky130_fd_sc_hd__ha_1)
     1    0.00    0.05    0.17    0.59 ^ _273_/COUT (sky130_fd_sc_hd__ha_1)
                                         _136_ (net)
                  0.05    0.00    0.59 ^ _143_/A (sky130_fd_sc_hd__clkbuf_2)
     6    0.02    0.13    0.17    0.75 ^ _143_/X (sky130_fd_sc_hd__clkbuf_2)
                                         _119_ (net)
                  0.13    0.00    0.75 ^ _144_/C (sky130_fd_sc_hd__nand3_1)
     5    0.01    0.15    0.16    0.91 v _144_/Y (sky130_fd_sc_hd__nand3_1)
                                         _123_ (net)
                  0.15    0.00    0.91 v _268_/B (sky130_fd_sc_hd__ha_1)
     3    0.00    0.06    0.32    1.23 v _268_/SUM (sky130_fd_sc_hd__ha_1)
                                         _125_ (net)
                  0.06    0.00    1.23 v _171_/A_N (sky130_fd_sc_hd__and4bb_2)
     5    0.01    0.10    0.33    1.56 ^ _171_/X (sky130_fd_sc_hd__and4bb_2)
                                         _050_ (net)
                  0.10    0.00    1.56 ^ _176_/A1 (sky130_fd_sc_hd__o2111ai_1)
     2    0.00    0.14    0.14    1.70 v _176_/Y (sky130_fd_sc_hd__o2111ai_1)
                                         _055_ (net)
                  0.14    0.00    1.70 v _178_/A2 (sky130_fd_sc_hd__a21oi_1)
     1    0.00    0.10    0.17    1.87 ^ _178_/Y (sky130_fd_sc_hd__a21oi_1)
                                         _057_ (net)
                  0.10    0.00    1.87 ^ _180_/B1 (sky130_fd_sc_hd__o22ai_1)
     1    0.00    0.06    0.08    1.95 v _180_/Y (sky130_fd_sc_hd__o22ai_1)
                                         _005_ (net)
                  0.06    0.00    1.95 v miso_capture[0]$_DFFE_PN0P_/D (sky130_fd_sc_hd__dfrtp_1)
                                  1.95   data arrival time

                  0.00    5.00    5.00   clock core_clock (rise edge)
                          0.00    5.00   clock network delay (ideal)
                          0.00    5.00   clock reconvergence pessimism
                                  5.00 ^ miso_capture[0]$_DFFE_PN0P_/CLK (sky130_fd_sc_hd__dfrtp_1)
                         -0.13    4.87   library setup time
                                  4.87   data required time
-----------------------------------------------------------------------------
                                  4.87   data required time
                                 -1.95   data arrival time
-----------------------------------------------------------------------------
                                  2.92   slack (MET)



==========================================================================
floorplan final report_checks -unconstrained
--------------------------------------------------------------------------
Startpoint: rst_n (input port clocked by core_clock)
Endpoint: bit_counter[0]$_DFFE_PN0P_
          (recovery check against rising-edge clock core_clock)
Path Group: asynchronous
Path Type: max

Fanout     Cap    Slew   Delay    Time   Description
-----------------------------------------------------------------------------
                  0.00    0.00    0.00   clock core_clock (rise edge)
                          0.00    0.00   clock network delay (ideal)
                          0.20    0.20 ^ input external delay
     3    0.01    0.00    0.00    0.20 ^ rst_n (in)
                                         rst_n (net)
                  0.00    0.00    0.20 ^ hold1/A (sky130_fd_sc_hd__dlygate4sd3_1)
    32    0.12    1.13    1.28    1.48 ^ hold1/X (sky130_fd_sc_hd__dlygate4sd3_1)
                                         net1 (net)
                  1.13    0.00    1.48 ^ bit_counter[0]$_DFFE_PN0P_/RESET_B (sky130_fd_sc_hd__dfrtp_1)
                                  1.48   data arrival time

                  0.00    5.00    5.00   clock core_clock (rise edge)
                          0.00    5.00   clock network delay (ideal)
                          0.00    5.00   clock reconvergence pessimism
                                  5.00 ^ bit_counter[0]$_DFFE_PN0P_/CLK (sky130_fd_sc_hd__dfrtp_1)
                         -0.07    4.93   library recovery time
                                  4.93   data required time
-----------------------------------------------------------------------------
                                  4.93   data required time
                                 -1.48   data arrival time
-----------------------------------------------------------------------------
                                  3.45   slack (MET)


Startpoint: bit_counter[0]$_DFFE_PN0P_
            (rising edge-triggered flip-flop clocked by core_clock)
Endpoint: miso_capture[0]$_DFFE_PN0P_
          (rising edge-triggered flip-flop clocked by core_clock)
Path Group: core_clock
Path Type: max

Fanout     Cap    Slew   Delay    Time   Description
-----------------------------------------------------------------------------
                  0.00    0.00    0.00   clock core_clock (rise edge)
                          0.00    0.00   clock network delay (ideal)
                  0.00    0.00    0.00 ^ bit_counter[0]$_DFFE_PN0P_/CLK (sky130_fd_sc_hd__dfrtp_1)
     8    0.02    0.20    0.42    0.42 ^ bit_counter[0]$_DFFE_PN0P_/Q (sky130_fd_sc_hd__dfrtp_1)
                                         bit_counter[0] (net)
                  0.20    0.00    0.42 ^ _273_/A (sky130_fd_sc_hd__ha_1)
     1    0.00    0.05    0.17    0.59 ^ _273_/COUT (sky130_fd_sc_hd__ha_1)
                                         _136_ (net)
                  0.05    0.00    0.59 ^ _143_/A (sky130_fd_sc_hd__clkbuf_2)
     6    0.02    0.13    0.17    0.75 ^ _143_/X (sky130_fd_sc_hd__clkbuf_2)
                                         _119_ (net)
                  0.13    0.00    0.75 ^ _144_/C (sky130_fd_sc_hd__nand3_1)
     5    0.01    0.15    0.16    0.91 v _144_/Y (sky130_fd_sc_hd__nand3_1)
                                         _123_ (net)
                  0.15    0.00    0.91 v _268_/B (sky130_fd_sc_hd__ha_1)
     3    0.00    0.06    0.32    1.23 v _268_/SUM (sky130_fd_sc_hd__ha_1)
                                         _125_ (net)
                  0.06    0.00    1.23 v _171_/A_N (sky130_fd_sc_hd__and4bb_2)
     5    0.01    0.10    0.33    1.56 ^ _171_/X (sky130_fd_sc_hd__and4bb_2)
                                         _050_ (net)
                  0.10    0.00    1.56 ^ _176_/A1 (sky130_fd_sc_hd__o2111ai_1)
     2    0.00    0.14    0.14    1.70 v _176_/Y (sky130_fd_sc_hd__o2111ai_1)
                                         _055_ (net)
                  0.14    0.00    1.70 v _178_/A2 (sky130_fd_sc_hd__a21oi_1)
     1    0.00    0.10    0.17    1.87 ^ _178_/Y (sky130_fd_sc_hd__a21oi_1)
                                         _057_ (net)
                  0.10    0.00    1.87 ^ _180_/B1 (sky130_fd_sc_hd__o22ai_1)
     1    0.00    0.06    0.08    1.95 v _180_/Y (sky130_fd_sc_hd__o22ai_1)
                                         _005_ (net)
                  0.06    0.00    1.95 v miso_capture[0]$_DFFE_PN0P_/D (sky130_fd_sc_hd__dfrtp_1)
                                  1.95   data arrival time

                  0.00    5.00    5.00   clock core_clock (rise edge)
                          0.00    5.00   clock network delay (ideal)
                          0.00    5.00   clock reconvergence pessimism
                                  5.00 ^ miso_capture[0]$_DFFE_PN0P_/CLK (sky130_fd_sc_hd__dfrtp_1)
                         -0.13    4.87   library setup time
                                  4.87   data required time
-----------------------------------------------------------------------------
                                  4.87   data required time
                                 -1.95   data arrival time
-----------------------------------------------------------------------------
                                  2.92   slack (MET)



==========================================================================
floorplan final report_power
--------------------------------------------------------------------------
Group                  Internal  Switching    Leakage      Total
                          Power      Power      Power      Power (Watts)
----------------------------------------------------------------
Sequential             3.65e-04   4.63e-05   4.10e-10   4.12e-04  53.6%
Combinational          1.75e-04   1.81e-04   3.97e-10   3.56e-04  46.4%
Clock                  0.00e+00   0.00e+00   0.00e+00   0.00e+00   0.0%
Macro                  0.00e+00   0.00e+00   0.00e+00   0.00e+00   0.0%
Pad                    0.00e+00   0.00e+00   0.00e+00   0.00e+00   0.0%
----------------------------------------------------------------
Total                  5.41e-04   2.27e-04   8.07e-10   7.68e-04 100.0%
                          70.5%      29.5%       0.0%
