
==========================================================================
floorplan final report_tns
--------------------------------------------------------------------------
tns 0.00

==========================================================================
floorplan final report_wns
--------------------------------------------------------------------------
wns 0.00

==========================================================================
floorplan final report_worst_slack
--------------------------------------------------------------------------
worst slack 2.80

==========================================================================
floorplan final report_checks -path_delay min
--------------------------------------------------------------------------
Startpoint: rst_n (input port clocked by core_clock)
Endpoint: overflow_flag$_DFF_PN0_
          (removal check against rising-edge clock core_clock)
Path Group: asynchronous
Path Type: min

Fanout     Cap    Slew   Delay    Time   Description
-----------------------------------------------------------------------------
                  0.00    0.00    0.00   clock core_clock (rise edge)
                          0.00    0.00   clock network delay (ideal)
                          0.20    0.20 ^ input external delay
     1    0.00    0.00    0.00    0.20 ^ rst_n (in)
                                         rst_n (net)
                  0.00    0.00    0.20 ^ hold1/A (sky130_fd_sc_hd__dlygate4sd3_1)
    10    0.04    0.36    0.75    0.95 ^ hold1/X (sky130_fd_sc_hd__dlygate4sd3_1)
                                         net1 (net)
                  0.36    0.00    0.95 ^ overflow_flag$_DFF_PN0_/RESET_B (sky130_fd_sc_hd__dfrtp_1)
                                  0.95   data arrival time

                  0.00    0.00    0.00   clock core_clock (rise edge)
                          0.00    0.00   clock network delay (ideal)
                          0.00    0.00   clock reconvergence pessimism
                                  0.00 ^ overflow_flag$_DFF_PN0_/CLK (sky130_fd_sc_hd__dfrtp_1)
                          0.40    0.40   library removal time
                                  0.40   data required time
-----------------------------------------------------------------------------
                                  0.40   data required time
                                 -0.95   data arrival time
-----------------------------------------------------------------------------
                                  0.56   slack (MET)


Startpoint: op_code[0] (input port clocked by core_clock)
Endpoint: result[5]$_DFF_PN0_
          (rising edge-triggered flip-flop clocked by core_clock)
Path Group: core_clock
Path Type: min

Fanout     Cap    Slew   Delay    Time   Description
-----------------------------------------------------------------------------
                  0.00    0.00    0.00   clock core_clock (rise edge)
                          0.00    0.00   clock network delay (ideal)
                          0.20    0.20 ^ input external delay
     5    0.01    0.00    0.00    0.20 ^ op_code[0] (in)
                                         op_code[0] (net)
                  0.00    0.00    0.20 ^ _439_/C (sky130_fd_sc_hd__nor3_1)
     4    0.01    0.05    0.04    0.24 v _439_/Y (sky130_fd_sc_hd__nor3_1)
                                         _112_ (net)
                  0.05    0.00    0.24 v _523_/A1 (sky130_fd_sc_hd__a21oi_1)
     1    0.00    0.07    0.11    0.35 ^ _523_/Y (sky130_fd_sc_hd__a21oi_1)
                                         _233_ (net)
                  0.07    0.00    0.35 ^ result[5]$_DFF_PN0_/D (sky130_fd_sc_hd__dfrtp_1)
                                  0.35   data arrival time

                  0.00    0.00    0.00   clock core_clock (rise edge)
                          0.00    0.00   clock network delay (ideal)
                          0.00    0.00   clock reconvergence pessimism
                                  0.00 ^ result[5]$_DFF_PN0_/CLK (sky130_fd_sc_hd__dfrtp_1)
                         -0.05   -0.05   library hold time
                                 -0.05   data required time
-----------------------------------------------------------------------------
                                 -0.05   data required time
                                 -0.35   data arrival time
-----------------------------------------------------------------------------
                                  0.40   slack (MET)



==========================================================================
floorplan final report_checks -path_delay max
--------------------------------------------------------------------------
Startpoint: rst_n (input port clocked by core_clock)
Endpoint: overflow_flag$_DFF_PN0_
          (recovery check against rising-edge clock core_clock)
Path Group: asynchronous
Path Type: max

Fanout     Cap    Slew   Delay    Time   Description
-----------------------------------------------------------------------------
                  0.00    0.00    0.00   clock core_clock (rise edge)
                          0.00    0.00   clock network delay (ideal)
                          0.20    0.20 ^ input external delay
     1    0.00    0.00    0.00    0.20 ^ rst_n (in)
                                         rst_n (net)
                  0.00    0.00    0.20 ^ hold1/A (sky130_fd_sc_hd__dlygate4sd3_1)
    10    0.04    0.36    0.75    0.95 ^ hold1/X (sky130_fd_sc_hd__dlygate4sd3_1)
                                         net1 (net)
                  0.36    0.00    0.95 ^ overflow_flag$_DFF_PN0_/RESET_B (sky130_fd_sc_hd__dfrtp_1)
                                  0.95   data arrival time

                  0.00    5.00    5.00   clock core_clock (rise edge)
                          0.00    5.00   clock network delay (ideal)
                          0.00    5.00   clock reconvergence pessimism
                                  5.00 ^ overflow_flag$_DFF_PN0_/CLK (sky130_fd_sc_hd__dfrtp_1)
                          0.13    5.13   library recovery time
                                  5.13   data required time
-----------------------------------------------------------------------------
                                  5.13   data required time
                                 -0.95   data arrival time
-----------------------------------------------------------------------------
                                  4.18   slack (MET)


Startpoint: b[2] (input port clocked by core_clock)
Endpoint: zero_flag$_DFF_PN0_
          (rising edge-triggered flip-flop clocked by core_clock)
Path Group: core_clock
Path Type: max

Fanout     Cap    Slew   Delay    Time   Description
-----------------------------------------------------------------------------
                  0.00    0.00    0.00   clock core_clock (rise edge)
                          0.00    0.00   clock network delay (ideal)
                          0.20    0.20 v input external delay
     2    0.00    0.00    0.00    0.20 v b[2] (in)
                                         b[2] (net)
                  0.00    0.00    0.20 v _340_/A (sky130_fd_sc_hd__buf_2)
     9    0.02    0.06    0.13    0.33 v _340_/X (sky130_fd_sc_hd__buf_2)
                                         _018_ (net)
                  0.06    0.00    0.33 v _365_/A (sky130_fd_sc_hd__inv_1)
     8    0.02    0.16    0.15    0.48 ^ _365_/Y (sky130_fd_sc_hd__inv_1)
                                         _259_ (net)
                  0.16    0.00    0.48 ^ _567_/B (sky130_fd_sc_hd__ha_1)
     1    0.00    0.05    0.25    0.73 v _567_/SUM (sky130_fd_sc_hd__ha_1)
                                         _261_ (net)
                  0.05    0.00    0.73 v _310_/A (sky130_fd_sc_hd__clkbuf_1)
     9    0.02    0.13    0.17    0.90 v _310_/X (sky130_fd_sc_hd__clkbuf_1)
                                         _215_ (net)
                  0.13    0.00    0.90 v _311_/A (sky130_fd_sc_hd__or3_1)
     2    0.00    0.08    0.40    1.30 v _311_/X (sky130_fd_sc_hd__or3_1)
                                         _216_ (net)
                  0.08    0.00    1.30 v _409_/B (sky130_fd_sc_hd__nor3_1)
     2    0.01    0.27    0.26    1.56 ^ _409_/Y (sky130_fd_sc_hd__nor3_1)
                                         _082_ (net)
                  0.27    0.00    1.56 ^ _410_/S (sky130_fd_sc_hd__mux2i_1)
     1    0.00    0.11    0.21    1.77 ^ _410_/Y (sky130_fd_sc_hd__mux2i_1)
                                         _083_ (net)
                  0.11    0.00    1.77 ^ _420_/A2 (sky130_fd_sc_hd__a21oi_1)
     1    0.00    0.07    0.07    1.84 v _420_/Y (sky130_fd_sc_hd__a21oi_1)
                                         _093_ (net)
                  0.07    0.00    1.84 v _421_/C (sky130_fd_sc_hd__and3_1)
     1    0.00    0.04    0.18    2.02 v _421_/X (sky130_fd_sc_hd__and3_1)
                                         _094_ (net)
                  0.04    0.00    2.02 v _454_/B1 (sky130_fd_sc_hd__o311ai_1)
     1    0.00    0.20    0.07    2.09 ^ _454_/Y (sky130_fd_sc_hd__o311ai_1)
                                         _000_ (net)
                  0.20    0.00    2.09 ^ zero_flag$_DFF_PN0_/D (sky130_fd_sc_hd__dfrtp_1)
                                  2.09   data arrival time

                  0.00    5.00    5.00   clock core_clock (rise edge)
                          0.00    5.00   clock network delay (ideal)
                          0.00    5.00   clock reconvergence pessimism
                                  5.00 ^ zero_flag$_DFF_PN0_/CLK (sky130_fd_sc_hd__dfrtp_1)
                         -0.10    4.90   library setup time
                                  4.90   data required time
-----------------------------------------------------------------------------
                                  4.90   data required time
                                 -2.09   data arrival time
-----------------------------------------------------------------------------
                                  2.80   slack (MET)



==========================================================================
floorplan final report_checks -unconstrained
--------------------------------------------------------------------------
Startpoint: rst_n (input port clocked by core_clock)
Endpoint: overflow_flag$_DFF_PN0_
          (recovery check against rising-edge clock core_clock)
Path Group: asynchronous
Path Type: max

Fanout     Cap    Slew   Delay    Time   Description
-----------------------------------------------------------------------------
                  0.00    0.00    0.00   clock core_clock (rise edge)
                          0.00    0.00   clock network delay (ideal)
                          0.20    0.20 ^ input external delay
     1    0.00    0.00    0.00    0.20 ^ rst_n (in)
                                         rst_n (net)
                  0.00    0.00    0.20 ^ hold1/A (sky130_fd_sc_hd__dlygate4sd3_1)
    10    0.04    0.36    0.75    0.95 ^ hold1/X (sky130_fd_sc_hd__dlygate4sd3_1)
                                         net1 (net)
                  0.36    0.00    0.95 ^ overflow_flag$_DFF_PN0_/RESET_B (sky130_fd_sc_hd__dfrtp_1)
                                  0.95   data arrival time

                  0.00    5.00    5.00   clock core_clock (rise edge)
                          0.00    5.00   clock network delay (ideal)
                          0.00    5.00   clock reconvergence pessimism
                                  5.00 ^ overflow_flag$_DFF_PN0_/CLK (sky130_fd_sc_hd__dfrtp_1)
                          0.13    5.13   library recovery time
                                  5.13   data required time
-----------------------------------------------------------------------------
                                  5.13   data required time
                                 -0.95   data arrival time
-----------------------------------------------------------------------------
                                  4.18   slack (MET)


Startpoint: b[2] (input port clocked by core_clock)
Endpoint: zero_flag$_DFF_PN0_
          (rising edge-triggered flip-flop clocked by core_clock)
Path Group: core_clock
Path Type: max

Fanout     Cap    Slew   Delay    Time   Description
-----------------------------------------------------------------------------
                  0.00    0.00    0.00   clock core_clock (rise edge)
                          0.00    0.00   clock network delay (ideal)
                          0.20    0.20 v input external delay
     2    0.00    0.00    0.00    0.20 v b[2] (in)
                                         b[2] (net)
                  0.00    0.00    0.20 v _340_/A (sky130_fd_sc_hd__buf_2)
     9    0.02    0.06    0.13    0.33 v _340_/X (sky130_fd_sc_hd__buf_2)
                                         _018_ (net)
                  0.06    0.00    0.33 v _365_/A (sky130_fd_sc_hd__inv_1)
     8    0.02    0.16    0.15    0.48 ^ _365_/Y (sky130_fd_sc_hd__inv_1)
                                         _259_ (net)
                  0.16    0.00    0.48 ^ _567_/B (sky130_fd_sc_hd__ha_1)
     1    0.00    0.05    0.25    0.73 v _567_/SUM (sky130_fd_sc_hd__ha_1)
                                         _261_ (net)
                  0.05    0.00    0.73 v _310_/A (sky130_fd_sc_hd__clkbuf_1)
     9    0.02    0.13    0.17    0.90 v _310_/X (sky130_fd_sc_hd__clkbuf_1)
                                         _215_ (net)
                  0.13    0.00    0.90 v _311_/A (sky130_fd_sc_hd__or3_1)
     2    0.00    0.08    0.40    1.30 v _311_/X (sky130_fd_sc_hd__or3_1)
                                         _216_ (net)
                  0.08    0.00    1.30 v _409_/B (sky130_fd_sc_hd__nor3_1)
     2    0.01    0.27    0.26    1.56 ^ _409_/Y (sky130_fd_sc_hd__nor3_1)
                                         _082_ (net)
                  0.27    0.00    1.56 ^ _410_/S (sky130_fd_sc_hd__mux2i_1)
     1    0.00    0.11    0.21    1.77 ^ _410_/Y (sky130_fd_sc_hd__mux2i_1)
                                         _083_ (net)
                  0.11    0.00    1.77 ^ _420_/A2 (sky130_fd_sc_hd__a21oi_1)
     1    0.00    0.07    0.07    1.84 v _420_/Y (sky130_fd_sc_hd__a21oi_1)
                                         _093_ (net)
                  0.07    0.00    1.84 v _421_/C (sky130_fd_sc_hd__and3_1)
     1    0.00    0.04    0.18    2.02 v _421_/X (sky130_fd_sc_hd__and3_1)
                                         _094_ (net)
                  0.04    0.00    2.02 v _454_/B1 (sky130_fd_sc_hd__o311ai_1)
     1    0.00    0.20    0.07    2.09 ^ _454_/Y (sky130_fd_sc_hd__o311ai_1)
                                         _000_ (net)
                  0.20    0.00    2.09 ^ zero_flag$_DFF_PN0_/D (sky130_fd_sc_hd__dfrtp_1)
                                  2.09   data arrival time

                  0.00    5.00    5.00   clock core_clock (rise edge)
                          0.00    5.00   clock network delay (ideal)
                          0.00    5.00   clock reconvergence pessimism
                                  5.00 ^ zero_flag$_DFF_PN0_/CLK (sky130_fd_sc_hd__dfrtp_1)
                         -0.10    4.90   library setup time
                                  4.90   data required time
-----------------------------------------------------------------------------
                                  4.90   data required time
                                 -2.09   data arrival time
-----------------------------------------------------------------------------
                                  2.80   slack (MET)



==========================================================================
floorplan final report_power
--------------------------------------------------------------------------
Group                  Internal  Switching    Leakage      Total
                          Power      Power      Power      Power (Watts)
----------------------------------------------------------------
Sequential             9.22e-05   0.00e+00   1.25e-10   9.22e-05  37.5%
Combinational          7.88e-05   7.49e-05   8.18e-10   1.54e-04  62.5%
Clock                  0.00e+00   0.00e+00   0.00e+00   0.00e+00   0.0%
Macro                  0.00e+00   0.00e+00   0.00e+00   0.00e+00   0.0%
Pad                    0.00e+00   0.00e+00   0.00e+00   0.00e+00   0.0%
----------------------------------------------------------------
Total                  1.71e-04   7.49e-05   9.43e-10   2.46e-04 100.0%
                          69.5%      30.5%       0.0%
