
==========================================================================
detailed place report_tns
--------------------------------------------------------------------------
tns 0.00

==========================================================================
detailed place report_wns
--------------------------------------------------------------------------
wns 0.00

==========================================================================
detailed place report_worst_slack
--------------------------------------------------------------------------
worst slack 3.70

==========================================================================
detailed place report_checks -path_delay min
--------------------------------------------------------------------------
Startpoint: counter_reg[6]$_SDFFE_PP0P_
            (rising edge-triggered flip-flop clocked by core_clock)
Endpoint: counter_reg[6]$_SDFFE_PP0P_
          (rising edge-triggered flip-flop clocked by core_clock)
Path Group: core_clock
Path Type: min

Fanout     Cap    Slew   Delay    Time   Description
-----------------------------------------------------------------------------
                  0.00    0.00    0.00   clock core_clock (rise edge)
                          0.00    0.00   clock network delay (ideal)
                  0.00    0.00    0.00 ^ counter_reg[6]$_SDFFE_PP0P_/CLK (sky130_fd_sc_hd__dfxtp_1)
     4    0.01    0.06    0.31    0.31 v counter_reg[6]$_SDFFE_PP0P_/Q (sky130_fd_sc_hd__dfxtp_1)
                                         net7 (net)
                  0.06    0.00    0.31 v _61_/B1 (sky130_fd_sc_hd__o21ai_0)
     1    0.00    0.07    0.07    0.38 ^ _61_/Y (sky130_fd_sc_hd__o21ai_0)
                                         _28_ (net)
                  0.07    0.00    0.38 ^ _63_/A1 (sky130_fd_sc_hd__a21oi_1)
     1    0.00    0.04    0.06    0.44 v _63_/Y (sky130_fd_sc_hd__a21oi_1)
                                         _06_ (net)
                  0.04    0.00    0.44 v counter_reg[6]$_SDFFE_PP0P_/D (sky130_fd_sc_hd__dfxtp_1)
                                  0.44   data arrival time

                  0.00    0.00    0.00   clock core_clock (rise edge)
                          0.00    0.00   clock network delay (ideal)
                          0.00    0.00   clock reconvergence pessimism
                                  0.00 ^ counter_reg[6]$_SDFFE_PP0P_/CLK (sky130_fd_sc_hd__dfxtp_1)
                         -0.06   -0.06   library hold time
                                 -0.06   data required time
-----------------------------------------------------------------------------
                                 -0.06   data required time
                                 -0.44   data arrival time
-----------------------------------------------------------------------------
                                  0.50   slack (MET)



==========================================================================
detailed place report_checks -path_delay max
--------------------------------------------------------------------------
Startpoint: counter_reg[0]$_SDFFE_PP0P_
            (rising edge-triggered flip-flop clocked by core_clock)
Endpoint: counter_reg[6]$_SDFFE_PP0P_
          (rising edge-triggered flip-flop clocked by core_clock)
Path Group: core_clock
Path Type: max

Fanout     Cap    Slew   Delay    Time   Description
-----------------------------------------------------------------------------
                  0.00    0.00    0.00   clock core_clock (rise edge)
                          0.00    0.00   clock network delay (ideal)
                  0.00    0.00    0.00 ^ counter_reg[0]$_SDFFE_PP0P_/CLK (sky130_fd_sc_hd__dfxtp_1)
     6    0.02    0.18    0.38    0.38 ^ counter_reg[0]$_SDFFE_PP0P_/Q (sky130_fd_sc_hd__dfxtp_1)
                                         net1 (net)
                  0.18    0.00    0.38 ^ _67_/A (sky130_fd_sc_hd__ha_1)
     5    0.01    0.14    0.24    0.63 ^ _67_/COUT (sky130_fd_sc_hd__ha_1)
                                         _32_ (net)
                  0.14    0.00    0.63 ^ _60_/B (sky130_fd_sc_hd__nand3_1)
     3    0.01    0.12    0.14    0.77 v _60_/Y (sky130_fd_sc_hd__nand3_1)
                                         _27_ (net)
                  0.12    0.00    0.77 v _62_/C (sky130_fd_sc_hd__or3_1)
     1    0.00    0.07    0.32    1.09 v _62_/X (sky130_fd_sc_hd__or3_1)
                                         _29_ (net)
                  0.07    0.00    1.09 v _63_/A2 (sky130_fd_sc_hd__a21oi_1)
     1    0.00    0.10    0.14    1.23 ^ _63_/Y (sky130_fd_sc_hd__a21oi_1)
                                         _06_ (net)
                  0.10    0.00    1.23 ^ counter_reg[6]$_SDFFE_PP0P_/D (sky130_fd_sc_hd__dfxtp_1)
                                  1.23   data arrival time

                  0.00    5.00    5.00   clock core_clock (rise edge)
                          0.00    5.00   clock network delay (ideal)
                          0.00    5.00   clock reconvergence pessimism
                                  5.00 ^ counter_reg[6]$_SDFFE_PP0P_/CLK (sky130_fd_sc_hd__dfxtp_1)
                         -0.07    4.93   library setup time
                                  4.93   data required time
-----------------------------------------------------------------------------
                                  4.93   data required time
                                 -1.23   data arrival time
-----------------------------------------------------------------------------
                                  3.70   slack (MET)



==========================================================================
detailed place report_checks -unconstrained
--------------------------------------------------------------------------
Startpoint: counter_reg[0]$_SDFFE_PP0P_
            (rising edge-triggered flip-flop clocked by core_clock)
Endpoint: counter_reg[6]$_SDFFE_PP0P_
          (rising edge-triggered flip-flop clocked by core_clock)
Path Group: core_clock
Path Type: max

Fanout     Cap    Slew   Delay    Time   Description
-----------------------------------------------------------------------------
                  0.00    0.00    0.00   clock core_clock (rise edge)
                          0.00    0.00   clock network delay (ideal)
                  0.00    0.00    0.00 ^ counter_reg[0]$_SDFFE_PP0P_/CLK (sky130_fd_sc_hd__dfxtp_1)
     6    0.02    0.18    0.38    0.38 ^ counter_reg[0]$_SDFFE_PP0P_/Q (sky130_fd_sc_hd__dfxtp_1)
                                         net1 (net)
                  0.18    0.00    0.38 ^ _67_/A (sky130_fd_sc_hd__ha_1)
     5    0.01    0.14    0.24    0.63 ^ _67_/COUT (sky130_fd_sc_hd__ha_1)
                                         _32_ (net)
                  0.14    0.00    0.63 ^ _60_/B (sky130_fd_sc_hd__nand3_1)
     3    0.01    0.12    0.14    0.77 v _60_/Y (sky130_fd_sc_hd__nand3_1)
                                         _27_ (net)
                  0.12    0.00    0.77 v _62_/C (sky130_fd_sc_hd__or3_1)
     1    0.00    0.07    0.32    1.09 v _62_/X (sky130_fd_sc_hd__or3_1)
                                         _29_ (net)
                  0.07    0.00    1.09 v _63_/A2 (sky130_fd_sc_hd__a21oi_1)
     1    0.00    0.10    0.14    1.23 ^ _63_/Y (sky130_fd_sc_hd__a21oi_1)
                                         _06_ (net)
                  0.10    0.00    1.23 ^ counter_reg[6]$_SDFFE_PP0P_/D (sky130_fd_sc_hd__dfxtp_1)
                                  1.23   data arrival time

                  0.00    5.00    5.00   clock core_clock (rise edge)
                          0.00    5.00   clock network delay (ideal)
                          0.00    5.00   clock reconvergence pessimism
                                  5.00 ^ counter_reg[6]$_SDFFE_PP0P_/CLK (sky130_fd_sc_hd__dfxtp_1)
                         -0.07    4.93   library setup time
                                  4.93   data required time
-----------------------------------------------------------------------------
                                  4.93   data required time
                                 -1.23   data arrival time
-----------------------------------------------------------------------------
                                  3.70   slack (MET)



==========================================================================
detailed place report_check_types -max_slew -max_cap -max_fanout -violators
--------------------------------------------------------------------------

==========================================================================
detailed place max_slew_check_slack
--------------------------------------------------------------------------
1.2908215522766113

==========================================================================
detailed place max_slew_check_limit
--------------------------------------------------------------------------
1.4979510307312012

==========================================================================
detailed place max_slew_check_slack_limit
--------------------------------------------------------------------------
0.8617

==========================================================================
detailed place max_fanout_check_slack
--------------------------------------------------------------------------
1.0000000150474662e+30

==========================================================================
detailed place max_fanout_check_limit
--------------------------------------------------------------------------
1.0000000150474662e+30

==========================================================================
detailed place max_capacitance_check_slack
--------------------------------------------------------------------------
0.04176204651594162

==========================================================================
detailed place max_capacitance_check_limit
--------------------------------------------------------------------------
0.043954998254776

==========================================================================
detailed place max_capacitance_check_slack_limit
--------------------------------------------------------------------------
0.9501

==========================================================================
detailed place max_slew_violation_count
--------------------------------------------------------------------------
max slew violation count 0

==========================================================================
detailed place max_fanout_violation_count
--------------------------------------------------------------------------
max fanout violation count 0

==========================================================================
detailed place max_cap_violation_count
--------------------------------------------------------------------------
max cap violation count 0

==========================================================================
detailed place setup_violation_count
--------------------------------------------------------------------------
setup violation count 0

==========================================================================
detailed place hold_violation_count
--------------------------------------------------------------------------
hold violation count 0

==========================================================================
detailed place report_checks -path_delay max reg to reg
--------------------------------------------------------------------------
Startpoint: counter_reg[0]$_SDFFE_PP0P_
            (rising edge-triggered flip-flop clocked by core_clock)
Endpoint: counter_reg[6]$_SDFFE_PP0P_
          (rising edge-triggered flip-flop clocked by core_clock)
Path Group: core_clock
Path Type: max

  Delay    Time   Description
---------------------------------------------------------
   0.00    0.00   clock core_clock (rise edge)
   0.00    0.00   clock network delay (ideal)
   0.00    0.00 ^ counter_reg[0]$_SDFFE_PP0P_/CLK (sky130_fd_sc_hd__dfxtp_1)
   0.38    0.38 ^ counter_reg[0]$_SDFFE_PP0P_/Q (sky130_fd_sc_hd__dfxtp_1)
   0.24    0.63 ^ _67_/COUT (sky130_fd_sc_hd__ha_1)
   0.14    0.77 v _60_/Y (sky130_fd_sc_hd__nand3_1)
   0.32    1.09 v _62_/X (sky130_fd_sc_hd__or3_1)
   0.14    1.23 ^ _63_/Y (sky130_fd_sc_hd__a21oi_1)
   0.00    1.23 ^ counter_reg[6]$_SDFFE_PP0P_/D (sky130_fd_sc_hd__dfxtp_1)
           1.23   data arrival time

   5.00    5.00   clock core_clock (rise edge)
   0.00    5.00   clock network delay (ideal)
   0.00    5.00   clock reconvergence pessimism
           5.00 ^ counter_reg[6]$_SDFFE_PP0P_/CLK (sky130_fd_sc_hd__dfxtp_1)
  -0.07    4.93   library setup time
           4.93   data required time
---------------------------------------------------------
           4.93   data required time
          -1.23   data arrival time
---------------------------------------------------------
           3.70   slack (MET)



==========================================================================
detailed place report_checks -path_delay min reg to reg
--------------------------------------------------------------------------
Startpoint: counter_reg[6]$_SDFFE_PP0P_
            (rising edge-triggered flip-flop clocked by core_clock)
Endpoint: counter_reg[6]$_SDFFE_PP0P_
          (rising edge-triggered flip-flop clocked by core_clock)
Path Group: core_clock
Path Type: min

  Delay    Time   Description
---------------------------------------------------------
   0.00    0.00   clock core_clock (rise edge)
   0.00    0.00   clock network delay (ideal)
   0.00    0.00 ^ counter_reg[6]$_SDFFE_PP0P_/CLK (sky130_fd_sc_hd__dfxtp_1)
   0.31    0.31 v counter_reg[6]$_SDFFE_PP0P_/Q (sky130_fd_sc_hd__dfxtp_1)
   0.07    0.38 ^ _61_/Y (sky130_fd_sc_hd__o21ai_0)
   0.06    0.44 v _63_/Y (sky130_fd_sc_hd__a21oi_1)
   0.00    0.44 v counter_reg[6]$_SDFFE_PP0P_/D (sky130_fd_sc_hd__dfxtp_1)
           0.44   data arrival time

   0.00    0.00   clock core_clock (rise edge)
   0.00    0.00   clock network delay (ideal)
   0.00    0.00   clock reconvergence pessimism
           0.00 ^ counter_reg[6]$_SDFFE_PP0P_/CLK (sky130_fd_sc_hd__dfxtp_1)
  -0.06   -0.06   library hold time
          -0.06   data required time
---------------------------------------------------------
          -0.06   data required time
          -0.44   data arrival time
---------------------------------------------------------
           0.50   slack (MET)



==========================================================================
detailed place critical path target clock latency max path
--------------------------------------------------------------------------
0.0000

==========================================================================
detailed place critical path target clock latency min path
--------------------------------------------------------------------------
0.0000

==========================================================================
detailed place critical path source clock latency min path
--------------------------------------------------------------------------
0.0000

==========================================================================
detailed place critical path delay
--------------------------------------------------------------------------
1.2267

==========================================================================
detailed place critical path slack
--------------------------------------------------------------------------
3.7005

==========================================================================
detailed place slack div critical path delay
--------------------------------------------------------------------------
301.662998

==========================================================================
detailed place report_power
--------------------------------------------------------------------------
Group                  Internal  Switching    Leakage      Total
                          Power      Power      Power      Power (Watts)
----------------------------------------------------------------
Sequential             6.67e-05   2.00e-06   6.53e-11   6.87e-05  90.5%
Combinational          3.61e-06   3.59e-06   8.92e-11   7.19e-06   9.5%
Clock                  0.00e+00   0.00e+00   0.00e+00   0.00e+00   0.0%
Macro                  0.00e+00   0.00e+00   0.00e+00   0.00e+00   0.0%
Pad                    0.00e+00   0.00e+00   0.00e+00   0.00e+00   0.0%
----------------------------------------------------------------
Total                  7.03e-05   5.59e-06   1.55e-10   7.59e-05 100.0%
                          92.6%       7.4%       0.0%
