
==========================================================================
global route report_tns
--------------------------------------------------------------------------
tns max 0.00

==========================================================================
global route report_wns
--------------------------------------------------------------------------
wns max 0.00

==========================================================================
global route report_worst_slack
--------------------------------------------------------------------------
worst slack max 15.59

==========================================================================
global route report_clock_min_period
--------------------------------------------------------------------------
core_clock period_min = 4.41 fmax = 226.92

==========================================================================
global route report_clock_skew
--------------------------------------------------------------------------
Clock core_clock
   0.44 source latency bank_reg[2]$_DFFE_PN0P_/CLK ^
  -0.45 target latency active_row[6][1]$_DFFE_PP_/CLK ^
   0.00 CRPR
--------------
  -0.01 setup skew


==========================================================================
global route report_checks -path_delay min
--------------------------------------------------------------------------
Startpoint: rst_n (input port clocked by core_clock)
Endpoint: wr_ready_reg$_DFF_PN0_
          (removal check against rising-edge clock core_clock)
Path Group: asynchronous
Path Type: min

Fanout     Cap    Slew   Delay    Time   Description
-----------------------------------------------------------------------------
                          0.00    0.00   clock core_clock (rise edge)
                          0.00    0.00   clock network delay (propagated)
                          0.20    0.20 ^ input external delay
     1    0.00    0.00    0.00    0.20 ^ rst_n (in)
                                         rst_n (net)
                  0.00    0.00    0.20 ^ hold253/A (sky130_fd_sc_hd__dlygate4sd3_1)
     1    0.00    0.06    0.52    0.72 ^ hold253/X (sky130_fd_sc_hd__dlygate4sd3_1)
                                         net252 (net)
                  0.06    0.00    0.72 ^ input57/A (sky130_fd_sc_hd__buf_4)
    36    0.21    0.57    0.48    1.20 ^ input57/X (sky130_fd_sc_hd__buf_4)
                                         net56 (net)
                  0.57    0.00    1.21 ^ wr_ready_reg$_DFF_PN0_/RESET_B (sky130_fd_sc_hd__dfrtp_1)
                                  1.21   data arrival time

                          0.00    0.00   clock core_clock (rise edge)
                          0.00    0.00   clock source latency
     1    0.03    0.00    0.00    0.00 ^ clk (in)
                                         clk (net)
                  0.00    0.00    0.00 ^ clkbuf_0_clk/A (sky130_fd_sc_hd__clkbuf_16)
    16    0.20    0.21    0.23    0.23 ^ clkbuf_0_clk/X (sky130_fd_sc_hd__clkbuf_16)
                                         clknet_0_clk (net)
                  0.21    0.00    0.24 ^ clkbuf_4_5_0_clk/A (sky130_fd_sc_hd__clkbuf_16)
     8    0.05    0.07    0.21    0.44 ^ clkbuf_4_5_0_clk/X (sky130_fd_sc_hd__clkbuf_16)
                                         clknet_4_5_0_clk (net)
                  0.07    0.00    0.45 ^ wr_ready_reg$_DFF_PN0_/CLK (sky130_fd_sc_hd__dfrtp_1)
                          0.00    0.45   clock reconvergence pessimism
                          0.47    0.92   library removal time
                                  0.92   data required time
-----------------------------------------------------------------------------
                                  0.92   data required time
                                 -1.21   data arrival time
-----------------------------------------------------------------------------
                                  0.29   slack (MET)


Startpoint: cmd_addr[27] (input port clocked by core_clock)
Endpoint: addr_reg[13]$_DFFE_PN0P_
          (rising edge-triggered flip-flop clocked by core_clock)
Path Group: core_clock
Path Type: min

Fanout     Cap    Slew   Delay    Time   Description
-----------------------------------------------------------------------------
                          0.00    0.00   clock core_clock (rise edge)
                          0.00    0.00   clock network delay (propagated)
                          0.20    0.20 v input external delay
     1    0.01    0.00    0.00    0.20 v cmd_addr[27] (in)
                                         cmd_addr[27] (net)
                  0.00    0.00    0.20 v input40/A (sky130_fd_sc_hd__clkdlybuf4s50_1)
     2    0.01    0.10    0.45    0.65 v input40/X (sky130_fd_sc_hd__clkdlybuf4s50_1)
                                         net39 (net)
                  0.10    0.00    0.65 v _1167_/A (sky130_fd_sc_hd__nand2_1)
     1    0.00    0.04    0.08    0.73 ^ _1167_/Y (sky130_fd_sc_hd__nand2_1)
                                         _0524_ (net)
                  0.04    0.00    0.73 ^ _1168_/B (sky130_fd_sc_hd__nand2_1)
     1    0.00    0.04    0.05    0.78 v _1168_/Y (sky130_fd_sc_hd__nand2_1)
                                         _0056_ (net)
                  0.04    0.00    0.78 v addr_reg[13]$_DFFE_PN0P_/D (sky130_fd_sc_hd__dfrtp_1)
                                  0.78   data arrival time

                          0.00    0.00   clock core_clock (rise edge)
                          0.00    0.00   clock source latency
     1    0.03    0.00    0.00    0.00 ^ clk (in)
                                         clk (net)
                  0.00    0.00    0.00 ^ clkbuf_0_clk/A (sky130_fd_sc_hd__clkbuf_16)
    16    0.20    0.21    0.23    0.23 ^ clkbuf_0_clk/X (sky130_fd_sc_hd__clkbuf_16)
                                         clknet_0_clk (net)
                  0.21    0.00    0.24 ^ clkbuf_4_2_0_clk/A (sky130_fd_sc_hd__clkbuf_16)
    11    0.06    0.08    0.21    0.45 ^ clkbuf_4_2_0_clk/X (sky130_fd_sc_hd__clkbuf_16)
                                         clknet_4_2_0_clk (net)
                  0.08    0.00    0.45 ^ addr_reg[13]$_DFFE_PN0P_/CLK (sky130_fd_sc_hd__dfrtp_1)
                          0.00    0.45   clock reconvergence pessimism
                         -0.04    0.41   library hold time
                                  0.41   data required time
-----------------------------------------------------------------------------
                                  0.41   data required time
                                 -0.78   data arrival time
-----------------------------------------------------------------------------
                                  0.37   slack (MET)



==========================================================================
global route report_checks -path_delay max
--------------------------------------------------------------------------
Startpoint: rst_n (input port clocked by core_clock)
Endpoint: addr_reg[7]$_DFFE_PN0P_
          (recovery check against rising-edge clock core_clock)
Path Group: asynchronous
Path Type: max

Fanout     Cap    Slew   Delay    Time   Description
-----------------------------------------------------------------------------
                          0.00    0.00   clock core_clock (rise edge)
                          0.00    0.00   clock network delay (propagated)
                          0.20    0.20 ^ input external delay
     1    0.00    0.00    0.00    0.20 ^ rst_n (in)
                                         rst_n (net)
                  0.00    0.00    0.20 ^ hold253/A (sky130_fd_sc_hd__dlygate4sd3_1)
     1    0.00    0.06    0.52    0.72 ^ hold253/X (sky130_fd_sc_hd__dlygate4sd3_1)
                                         net252 (net)
                  0.06    0.00    0.72 ^ input57/A (sky130_fd_sc_hd__buf_4)
    36    0.21    0.57    0.48    1.20 ^ input57/X (sky130_fd_sc_hd__buf_4)
                                         net56 (net)
                  0.57    0.01    1.21 ^ place248/A (sky130_fd_sc_hd__buf_4)
    45    0.25    0.67    0.67    1.87 ^ place248/X (sky130_fd_sc_hd__buf_4)
                                         net247 (net)
                  0.67    0.02    1.89 ^ addr_reg[7]$_DFFE_PN0P_/RESET_B (sky130_fd_sc_hd__dfrtp_1)
                                  1.89   data arrival time

                         20.00   20.00   clock core_clock (rise edge)
                          0.00   20.00   clock source latency
     1    0.03    0.00    0.00   20.00 ^ clk (in)
                                         clk (net)
                  0.00    0.00   20.00 ^ clkbuf_0_clk/A (sky130_fd_sc_hd__clkbuf_16)
    16    0.20    0.21    0.23   20.23 ^ clkbuf_0_clk/X (sky130_fd_sc_hd__clkbuf_16)
                                         clknet_0_clk (net)
                  0.21    0.00   20.24 ^ clkbuf_4_3_0_clk/A (sky130_fd_sc_hd__clkbuf_16)
    11    0.05    0.07    0.21   20.45 ^ clkbuf_4_3_0_clk/X (sky130_fd_sc_hd__clkbuf_16)
                                         clknet_4_3_0_clk (net)
                  0.07    0.00   20.45 ^ addr_reg[7]$_DFFE_PN0P_/CLK (sky130_fd_sc_hd__dfrtp_1)
                          0.00   20.45   clock reconvergence pessimism
                          0.08   20.52   library recovery time
                                 20.52   data required time
-----------------------------------------------------------------------------
                                 20.52   data required time
                                 -1.89   data arrival time
-----------------------------------------------------------------------------
                                 18.63   slack (MET)


Startpoint: cmd_addr[11] (input port clocked by core_clock)
Endpoint: addr_reg[4]$_DFFE_PN0P_
          (rising edge-triggered flip-flop clocked by core_clock)
Path Group: core_clock
Path Type: max

Fanout     Cap    Slew   Delay    Time   Description
-----------------------------------------------------------------------------
                          0.00    0.00   clock core_clock (rise edge)
                          0.00    0.00   clock network delay (propagated)
                          0.20    0.20 ^ input external delay
     1    0.00    0.00    0.00    0.20 ^ cmd_addr[11] (in)
                                         cmd_addr[11] (net)
                  0.00    0.00    0.20 ^ input23/A (sky130_fd_sc_hd__clkdlybuf4s50_1)
     1    0.00    0.06    0.46    0.66 ^ input23/X (sky130_fd_sc_hd__clkdlybuf4s50_1)
                                         net22 (net)
                  0.06    0.00    0.66 ^ place252/A (sky130_fd_sc_hd__buf_4)
    31    0.20    0.53    0.46    1.12 ^ place252/X (sky130_fd_sc_hd__buf_4)
                                         net251 (net)
                  0.53    0.01    1.13 ^ _0728_/A (sky130_fd_sc_hd__clkinv_1)
    10    0.05    0.44    0.51    1.65 v _0728_/Y (sky130_fd_sc_hd__clkinv_1)
                                         _0135_ (net)
                  0.44    0.00    1.65 v _0803_/B1 (sky130_fd_sc_hd__o21ai_0)
     1    0.00    0.17    0.21    1.86 ^ _0803_/Y (sky130_fd_sc_hd__o21ai_0)
                                         _0210_ (net)
                  0.17    0.00    1.86 ^ _0804_/B1 (sky130_fd_sc_hd__o22ai_1)
     1    0.01    0.14    0.14    2.01 v _0804_/Y (sky130_fd_sc_hd__o22ai_1)
                                         _0211_ (net)
                  0.14    0.00    2.01 v _0805_/D (sky130_fd_sc_hd__nor4_1)
     1    0.02    0.67    0.54    2.55 ^ _0805_/Y (sky130_fd_sc_hd__nor4_1)
                                         _0212_ (net)
                  0.67    0.00    2.55 ^ _0806_/S (sky130_fd_sc_hd__mux2i_1)
     1    0.01    0.16    0.22    2.77 v _0806_/Y (sky130_fd_sc_hd__mux2i_1)
                                         _0213_ (net)
                  0.16    0.00    2.77 v _0818_/C (sky130_fd_sc_hd__nor4_2)
     2    0.01    0.32    0.34    3.11 ^ _0818_/Y (sky130_fd_sc_hd__nor4_2)
                                         _0225_ (net)
                  0.32    0.00    3.11 ^ _0929_/B (sky130_fd_sc_hd__and4_1)
    15    0.09    0.80    0.78    3.90 ^ _0929_/X (sky130_fd_sc_hd__and4_1)
                                         _0335_ (net)
                  0.80    0.00    3.90 ^ _1184_/S (sky130_fd_sc_hd__mux2_2)
     1    0.00    0.05    0.41    4.31 v _1184_/X (sky130_fd_sc_hd__mux2_2)
                                         _0537_ (net)
                  0.05    0.00    4.31 v _1185_/B1 (sky130_fd_sc_hd__a221oi_1)
     1    0.00    0.28    0.28    4.59 ^ _1185_/Y (sky130_fd_sc_hd__a221oi_1)
                                         _0538_ (net)
                  0.28    0.00    4.59 ^ _1188_/A2 (sky130_fd_sc_hd__o21ai_0)
     1    0.00    0.08    0.13    4.73 v _1188_/Y (sky130_fd_sc_hd__o21ai_0)
                                         _0060_ (net)
                  0.08    0.00    4.73 v addr_reg[4]$_DFFE_PN0P_/D (sky130_fd_sc_hd__dfrtp_1)
                                  4.73   data arrival time

                         20.00   20.00   clock core_clock (rise edge)
                          0.00   20.00   clock source latency
     1    0.03    0.00    0.00   20.00 ^ clk (in)
                                         clk (net)
                  0.00    0.00   20.00 ^ clkbuf_0_clk/A (sky130_fd_sc_hd__clkbuf_16)
    16    0.20    0.21    0.23   20.23 ^ clkbuf_0_clk/X (sky130_fd_sc_hd__clkbuf_16)
                                         clknet_0_clk (net)
                  0.21    0.00   20.24 ^ clkbuf_4_3_0_clk/A (sky130_fd_sc_hd__clkbuf_16)
    11    0.05    0.07    0.21   20.45 ^ clkbuf_4_3_0_clk/X (sky130_fd_sc_hd__clkbuf_16)
                                         clknet_4_3_0_clk (net)
                  0.07    0.00   20.45 ^ addr_reg[4]$_DFFE_PN0P_/CLK (sky130_fd_sc_hd__dfrtp_1)
                          0.00   20.45   clock reconvergence pessimism
                         -0.12   20.32   library setup time
                                 20.32   data required time
-----------------------------------------------------------------------------
                                 20.32   data required time
                                 -4.73   data arrival time
-----------------------------------------------------------------------------
                                 15.59   slack (MET)



==========================================================================
global route report_checks -unconstrained
--------------------------------------------------------------------------
Startpoint: rst_n (input port clocked by core_clock)
Endpoint: addr_reg[7]$_DFFE_PN0P_
          (recovery check against rising-edge clock core_clock)
Path Group: asynchronous
Path Type: max

Fanout     Cap    Slew   Delay    Time   Description
-----------------------------------------------------------------------------
                          0.00    0.00   clock core_clock (rise edge)
                          0.00    0.00   clock network delay (propagated)
                          0.20    0.20 ^ input external delay
     1    0.00    0.00    0.00    0.20 ^ rst_n (in)
                                         rst_n (net)
                  0.00    0.00    0.20 ^ hold253/A (sky130_fd_sc_hd__dlygate4sd3_1)
     1    0.00    0.06    0.52    0.72 ^ hold253/X (sky130_fd_sc_hd__dlygate4sd3_1)
                                         net252 (net)
                  0.06    0.00    0.72 ^ input57/A (sky130_fd_sc_hd__buf_4)
    36    0.21    0.57    0.48    1.20 ^ input57/X (sky130_fd_sc_hd__buf_4)
                                         net56 (net)
                  0.57    0.01    1.21 ^ place248/A (sky130_fd_sc_hd__buf_4)
    45    0.25    0.67    0.67    1.87 ^ place248/X (sky130_fd_sc_hd__buf_4)
                                         net247 (net)
                  0.67    0.02    1.89 ^ addr_reg[7]$_DFFE_PN0P_/RESET_B (sky130_fd_sc_hd__dfrtp_1)
                                  1.89   data arrival time

                         20.00   20.00   clock core_clock (rise edge)
                          0.00   20.00   clock source latency
     1    0.03    0.00    0.00   20.00 ^ clk (in)
                                         clk (net)
                  0.00    0.00   20.00 ^ clkbuf_0_clk/A (sky130_fd_sc_hd__clkbuf_16)
    16    0.20    0.21    0.23   20.23 ^ clkbuf_0_clk/X (sky130_fd_sc_hd__clkbuf_16)
                                         clknet_0_clk (net)
                  0.21    0.00   20.24 ^ clkbuf_4_3_0_clk/A (sky130_fd_sc_hd__clkbuf_16)
    11    0.05    0.07    0.21   20.45 ^ clkbuf_4_3_0_clk/X (sky130_fd_sc_hd__clkbuf_16)
                                         clknet_4_3_0_clk (net)
                  0.07    0.00   20.45 ^ addr_reg[7]$_DFFE_PN0P_/CLK (sky130_fd_sc_hd__dfrtp_1)
                          0.00   20.45   clock reconvergence pessimism
                          0.08   20.52   library recovery time
                                 20.52   data required time
-----------------------------------------------------------------------------
                                 20.52   data required time
                                 -1.89   data arrival time
-----------------------------------------------------------------------------
                                 18.63   slack (MET)


Startpoint: cmd_addr[11] (input port clocked by core_clock)
Endpoint: addr_reg[4]$_DFFE_PN0P_
          (rising edge-triggered flip-flop clocked by core_clock)
Path Group: core_clock
Path Type: max

Fanout     Cap    Slew   Delay    Time   Description
-----------------------------------------------------------------------------
                          0.00    0.00   clock core_clock (rise edge)
                          0.00    0.00   clock network delay (propagated)
                          0.20    0.20 ^ input external delay
     1    0.00    0.00    0.00    0.20 ^ cmd_addr[11] (in)
                                         cmd_addr[11] (net)
                  0.00    0.00    0.20 ^ input23/A (sky130_fd_sc_hd__clkdlybuf4s50_1)
     1    0.00    0.06    0.46    0.66 ^ input23/X (sky130_fd_sc_hd__clkdlybuf4s50_1)
                                         net22 (net)
                  0.06    0.00    0.66 ^ place252/A (sky130_fd_sc_hd__buf_4)
    31    0.20    0.53    0.46    1.12 ^ place252/X (sky130_fd_sc_hd__buf_4)
                                         net251 (net)
                  0.53    0.01    1.13 ^ _0728_/A (sky130_fd_sc_hd__clkinv_1)
    10    0.05    0.44    0.51    1.65 v _0728_/Y (sky130_fd_sc_hd__clkinv_1)
                                         _0135_ (net)
                  0.44    0.00    1.65 v _0803_/B1 (sky130_fd_sc_hd__o21ai_0)
     1    0.00    0.17    0.21    1.86 ^ _0803_/Y (sky130_fd_sc_hd__o21ai_0)
                                         _0210_ (net)
                  0.17    0.00    1.86 ^ _0804_/B1 (sky130_fd_sc_hd__o22ai_1)
     1    0.01    0.14    0.14    2.01 v _0804_/Y (sky130_fd_sc_hd__o22ai_1)
                                         _0211_ (net)
                  0.14    0.00    2.01 v _0805_/D (sky130_fd_sc_hd__nor4_1)
     1    0.02    0.67    0.54    2.55 ^ _0805_/Y (sky130_fd_sc_hd__nor4_1)
                                         _0212_ (net)
                  0.67    0.00    2.55 ^ _0806_/S (sky130_fd_sc_hd__mux2i_1)
     1    0.01    0.16    0.22    2.77 v _0806_/Y (sky130_fd_sc_hd__mux2i_1)
                                         _0213_ (net)
                  0.16    0.00    2.77 v _0818_/C (sky130_fd_sc_hd__nor4_2)
     2    0.01    0.32    0.34    3.11 ^ _0818_/Y (sky130_fd_sc_hd__nor4_2)
                                         _0225_ (net)
                  0.32    0.00    3.11 ^ _0929_/B (sky130_fd_sc_hd__and4_1)
    15    0.09    0.80    0.78    3.90 ^ _0929_/X (sky130_fd_sc_hd__and4_1)
                                         _0335_ (net)
                  0.80    0.00    3.90 ^ _1184_/S (sky130_fd_sc_hd__mux2_2)
     1    0.00    0.05    0.41    4.31 v _1184_/X (sky130_fd_sc_hd__mux2_2)
                                         _0537_ (net)
                  0.05    0.00    4.31 v _1185_/B1 (sky130_fd_sc_hd__a221oi_1)
     1    0.00    0.28    0.28    4.59 ^ _1185_/Y (sky130_fd_sc_hd__a221oi_1)
                                         _0538_ (net)
                  0.28    0.00    4.59 ^ _1188_/A2 (sky130_fd_sc_hd__o21ai_0)
     1    0.00    0.08    0.13    4.73 v _1188_/Y (sky130_fd_sc_hd__o21ai_0)
                                         _0060_ (net)
                  0.08    0.00    4.73 v addr_reg[4]$_DFFE_PN0P_/D (sky130_fd_sc_hd__dfrtp_1)
                                  4.73   data arrival time

                         20.00   20.00   clock core_clock (rise edge)
                          0.00   20.00   clock source latency
     1    0.03    0.00    0.00   20.00 ^ clk (in)
                                         clk (net)
                  0.00    0.00   20.00 ^ clkbuf_0_clk/A (sky130_fd_sc_hd__clkbuf_16)
    16    0.20    0.21    0.23   20.23 ^ clkbuf_0_clk/X (sky130_fd_sc_hd__clkbuf_16)
                                         clknet_0_clk (net)
                  0.21    0.00   20.24 ^ clkbuf_4_3_0_clk/A (sky130_fd_sc_hd__clkbuf_16)
    11    0.05    0.07    0.21   20.45 ^ clkbuf_4_3_0_clk/X (sky130_fd_sc_hd__clkbuf_16)
                                         clknet_4_3_0_clk (net)
                  0.07    0.00   20.45 ^ addr_reg[4]$_DFFE_PN0P_/CLK (sky130_fd_sc_hd__dfrtp_1)
                          0.00   20.45   clock reconvergence pessimism
                         -0.12   20.32   library setup time
                                 20.32   data required time
-----------------------------------------------------------------------------
                                 20.32   data required time
                                 -4.73   data arrival time
-----------------------------------------------------------------------------
                                 15.59   slack (MET)



==========================================================================
global route report_check_types -max_slew -max_cap -max_fanout -violators
--------------------------------------------------------------------------

==========================================================================
global route max_slew_check_slack
--------------------------------------------------------------------------
0.5148409605026245

==========================================================================
global route max_slew_check_limit
--------------------------------------------------------------------------
1.5

==========================================================================
global route max_slew_check_slack_limit
--------------------------------------------------------------------------
0.3432

==========================================================================
global route max_fanout_check_slack
--------------------------------------------------------------------------
1.0000000150474662e+30

==========================================================================
global route max_fanout_check_limit
--------------------------------------------------------------------------
1.0000000150474662e+30

==========================================================================
global route max_capacitance_check_slack
--------------------------------------------------------------------------
0.016481438651680946

==========================================================================
global route max_capacitance_check_limit
--------------------------------------------------------------------------
0.021067000925540924

==========================================================================
global route max_capacitance_check_slack_limit
--------------------------------------------------------------------------
0.7823

==========================================================================
global route max_slew_violation_count
--------------------------------------------------------------------------
max slew violation count 0

==========================================================================
global route max_fanout_violation_count
--------------------------------------------------------------------------
max fanout violation count 0

==========================================================================
global route max_cap_violation_count
--------------------------------------------------------------------------
max cap violation count 0

==========================================================================
global route setup_violation_count
--------------------------------------------------------------------------
setup violation count 0

==========================================================================
global route hold_violation_count
--------------------------------------------------------------------------
hold violation count 0

==========================================================================
global route report_checks -path_delay max reg to reg
--------------------------------------------------------------------------
Startpoint: timer[1]$_DFF_PN0_
            (rising edge-triggered flip-flop clocked by core_clock)
Endpoint: timer[1]$_DFF_PN0_
          (rising edge-triggered flip-flop clocked by core_clock)
Path Group: core_clock
Path Type: max

  Delay    Time   Description
---------------------------------------------------------
   0.00    0.00   clock core_clock (rise edge)
   0.00    0.00   clock source latency
   0.00    0.00 ^ clk (in)
   0.23    0.23 ^ clkbuf_0_clk/X (sky130_fd_sc_hd__clkbuf_16)
   0.21    0.44 ^ clkbuf_4_4_0_clk/X (sky130_fd_sc_hd__clkbuf_16)
   0.00    0.44 ^ timer[1]$_DFF_PN0_/CLK (sky130_fd_sc_hd__dfrtp_1)
   0.44    0.89 v timer[1]$_DFF_PN0_/Q (sky130_fd_sc_hd__dfrtp_1)
   0.16    1.05 ^ _1017_/Y (sky130_fd_sc_hd__inv_1)
   0.23    1.28 ^ _1294_/COUT (sky130_fd_sc_hd__ha_1)
   0.58    1.86 v _0660_/X (sky130_fd_sc_hd__or3b_2)
   0.39    2.25 ^ _0665_/Y (sky130_fd_sc_hd__nor3_4)
   0.18    2.44 ^ _0668_/X (sky130_fd_sc_hd__and2_1)
   0.28    2.72 ^ place241/X (sky130_fd_sc_hd__buf_4)
   0.26    2.98 v _0913_/Y (sky130_fd_sc_hd__inv_2)
   0.72    3.70 ^ _0915_/Y (sky130_fd_sc_hd__o21ai_0)
   0.24    3.94 v _1032_/Y (sky130_fd_sc_hd__nand3_1)
   0.24    4.18 ^ _1033_/Y (sky130_fd_sc_hd__a32oi_1)
   0.14    4.32 v _1034_/Y (sky130_fd_sc_hd__o21ai_0)
   0.00    4.32 v timer[1]$_DFF_PN0_/D (sky130_fd_sc_hd__dfrtp_1)
           4.32   data arrival time

  20.00   20.00   clock core_clock (rise edge)
   0.00   20.00   clock source latency
   0.00   20.00 ^ clk (in)
   0.23   20.23 ^ clkbuf_0_clk/X (sky130_fd_sc_hd__clkbuf_16)
   0.21   20.44 ^ clkbuf_4_4_0_clk/X (sky130_fd_sc_hd__clkbuf_16)
   0.00   20.44 ^ timer[1]$_DFF_PN0_/CLK (sky130_fd_sc_hd__dfrtp_1)
   0.00   20.44   clock reconvergence pessimism
  -0.13   20.31   library setup time
          20.31   data required time
---------------------------------------------------------
          20.31   data required time
          -4.32   data arrival time
---------------------------------------------------------
          15.99   slack (MET)



==========================================================================
global route report_checks -path_delay min reg to reg
--------------------------------------------------------------------------
Startpoint: refresh_counter[11]$_DFF_PN0_
            (rising edge-triggered flip-flop clocked by core_clock)
Endpoint: refresh_counter[11]$_DFF_PN0_
          (rising edge-triggered flip-flop clocked by core_clock)
Path Group: core_clock
Path Type: min

  Delay    Time   Description
---------------------------------------------------------
   0.00    0.00   clock core_clock (rise edge)
   0.00    0.00   clock source latency
   0.00    0.00 ^ clk (in)
   0.23    0.23 ^ clkbuf_0_clk/X (sky130_fd_sc_hd__clkbuf_16)
   0.21    0.45 ^ clkbuf_4_0_0_clk/X (sky130_fd_sc_hd__clkbuf_16)
   0.00    0.45 ^ refresh_counter[11]$_DFF_PN0_/CLK (sky130_fd_sc_hd__dfrtp_1)
   0.34    0.79 ^ refresh_counter[11]$_DFF_PN0_/Q (sky130_fd_sc_hd__dfrtp_1)
   0.14    0.93 ^ _0985_/Y (sky130_fd_sc_hd__nor2b_1)
   0.00    0.93 ^ refresh_counter[11]$_DFF_PN0_/D (sky130_fd_sc_hd__dfrtp_1)
           0.93   data arrival time

   0.00    0.00   clock core_clock (rise edge)
   0.00    0.00   clock source latency
   0.00    0.00 ^ clk (in)
   0.23    0.23 ^ clkbuf_0_clk/X (sky130_fd_sc_hd__clkbuf_16)
   0.21    0.45 ^ clkbuf_4_0_0_clk/X (sky130_fd_sc_hd__clkbuf_16)
   0.00    0.45 ^ refresh_counter[11]$_DFF_PN0_/CLK (sky130_fd_sc_hd__dfrtp_1)
   0.00    0.45   clock reconvergence pessimism
  -0.04    0.41   library hold time
           0.41   data required time
---------------------------------------------------------
           0.41   data required time
          -0.93   data arrival time
---------------------------------------------------------
           0.52   slack (MET)



==========================================================================
global route critical path target clock latency max path
--------------------------------------------------------------------------
0.4462

==========================================================================
global route critical path target clock latency min path
--------------------------------------------------------------------------
0.4464

==========================================================================
global route critical path source clock latency min path
--------------------------------------------------------------------------
0.0000

==========================================================================
global route critical path delay
--------------------------------------------------------------------------
4.7287

==========================================================================
global route critical path slack
--------------------------------------------------------------------------
15.5932

==========================================================================
global route slack div critical path delay
--------------------------------------------------------------------------
329.756593

==========================================================================
global route report_power
--------------------------------------------------------------------------
Group                  Internal  Switching    Leakage      Total
                          Power      Power      Power      Power (Watts)
----------------------------------------------------------------
Sequential             4.21e-04   0.00e+00   2.86e-09   4.21e-04  50.0%
Combinational          3.48e-05   3.27e-05   2.80e-09   6.76e-05   8.0%
Clock                  1.76e-04   1.77e-04   2.76e-10   3.53e-04  42.0%
Macro                  0.00e+00   0.00e+00   0.00e+00   0.00e+00   0.0%
Pad                    0.00e+00   0.00e+00   0.00e+00   0.00e+00   0.0%
----------------------------------------------------------------
Total                  6.32e-04   2.10e-04   5.93e-09   8.42e-04 100.0%
                          75.0%      25.0%       0.0%
