
==========================================================================
floorplan final report_tns
--------------------------------------------------------------------------
tns 0.00

==========================================================================
floorplan final report_wns
--------------------------------------------------------------------------
wns 0.00

==========================================================================
floorplan final report_worst_slack
--------------------------------------------------------------------------
worst slack INF

==========================================================================
floorplan final report_checks -path_delay min
--------------------------------------------------------------------------
No paths found.

==========================================================================
floorplan final report_checks -path_delay max
--------------------------------------------------------------------------
No paths found.

==========================================================================
floorplan final report_checks -unconstrained
--------------------------------------------------------------------------
Startpoint: b[11] (input port)
Endpoint: result (output port)
Path Group: unconstrained
Path Type: max

Fanout     Cap    Slew   Delay    Time   Description
-----------------------------------------------------------------------------
                          0.20    0.20 v input external delay
     1    0.01    0.00    0.00    0.20 v b[11] (in)
                                         b[11] (net)
                  0.00    0.00    0.20 v _089_/I (gf180mcu_fd_sc_mcu9t5v0__clkinv_2)
     1    0.01    0.04    0.03    0.23 ^ _089_/ZN (gf180mcu_fd_sc_mcu9t5v0__clkinv_2)
                                         _048_ (net)
                  0.04    0.00    0.23 ^ _141_/B (gf180mcu_fd_sc_mcu9t5v0__addh_1)
     3    0.04    0.22    0.41    0.64 v _141_/S (gf180mcu_fd_sc_mcu9t5v0__addh_1)
                                         _050_ (net)
                  0.22    0.00    0.64 v _101_/A1 (gf180mcu_fd_sc_mcu9t5v0__and4_4)
     1    0.01    0.08    0.20    0.84 v _101_/Z (gf180mcu_fd_sc_mcu9t5v0__and4_4)
                                         _023_ (net)
                  0.08    0.00    0.84 v _102_/A2 (gf180mcu_fd_sc_mcu9t5v0__and2_4)
     3    0.03    0.07    0.16    1.00 v _102_/Z (gf180mcu_fd_sc_mcu9t5v0__and2_4)
                                         _024_ (net)
                  0.07    0.00    1.00 v _124_/B2 (gf180mcu_fd_sc_mcu9t5v0__aoi221_2)
     1    0.01    0.36    0.27    1.27 ^ _124_/ZN (gf180mcu_fd_sc_mcu9t5v0__aoi221_2)
                                         _010_ (net)
                  0.36    0.00    1.27 ^ _125_/C (gf180mcu_fd_sc_mcu9t5v0__oai211_2)
     1    0.01    0.19    0.12    1.39 v _125_/ZN (gf180mcu_fd_sc_mcu9t5v0__oai211_2)
                                         _011_ (net)
                  0.19    0.00    1.39 v _128_/A1 (gf180mcu_fd_sc_mcu9t5v0__xnor2_2)
     2    0.02    0.11    0.37    1.76 ^ _128_/ZN (gf180mcu_fd_sc_mcu9t5v0__xnor2_2)
                                         _014_ (net)
                  0.11    0.00    1.76 ^ _132_/A1 (gf180mcu_fd_sc_mcu9t5v0__or2_2)
     1    0.01    0.05    0.11    1.87 ^ _132_/Z (gf180mcu_fd_sc_mcu9t5v0__or2_2)
                                         _018_ (net)
                  0.05    0.00    1.87 ^ _136_/A2 (gf180mcu_fd_sc_mcu9t5v0__and4_2)
     1    0.00    0.05    0.18    2.05 ^ _136_/Z (gf180mcu_fd_sc_mcu9t5v0__and4_2)
                                         result (net)
                  0.05    0.00    2.05 ^ result (out)
                                  2.05   data arrival time
-----------------------------------------------------------------------------
(Path is unconstrained)



==========================================================================
floorplan final report_power
--------------------------------------------------------------------------
Group                  Internal  Switching    Leakage      Total
                          Power      Power      Power      Power (Watts)
----------------------------------------------------------------
Sequential             0.00e+00   0.00e+00   0.00e+00   0.00e+00   0.0%
Combinational          4.82e-12   2.42e-12   1.41e-08   1.41e-08 100.0%
Clock                  0.00e+00   0.00e+00   0.00e+00   0.00e+00   0.0%
Macro                  0.00e+00   0.00e+00   0.00e+00   0.00e+00   0.0%
Pad                    0.00e+00   0.00e+00   0.00e+00   0.00e+00   0.0%
----------------------------------------------------------------
Total                  4.82e-12   2.42e-12   1.41e-08   1.41e-08 100.0%
                           0.0%       0.0%      99.9%
