
==========================================================================
finish report_tns
--------------------------------------------------------------------------
tns 0.00

==========================================================================
finish report_wns
--------------------------------------------------------------------------
wns 0.00

==========================================================================
finish report_worst_slack
--------------------------------------------------------------------------
worst slack INF

==========================================================================
finish report_clock_skew
--------------------------------------------------------------------------

==========================================================================
finish report_checks -path_delay min
--------------------------------------------------------------------------
No paths found.

==========================================================================
finish report_checks -path_delay max
--------------------------------------------------------------------------
No paths found.

==========================================================================
finish report_checks -unconstrained
--------------------------------------------------------------------------
Startpoint: a[0] (input port)
Endpoint: sum[51] (output port)
Path Group: unconstrained
Path Type: max

Fanout     Cap    Slew   Delay    Time   Description
-----------------------------------------------------------------------------
                          0.20    0.20 v input external delay
     1    1.06    0.00    0.00    0.20 v a[0] (in)
                                         a[0] (net)
                  0.00    0.00    0.20 v input1/A (BUF_X1)
     1    1.73    0.01    0.02    0.22 v input1/Z (BUF_X1)
                                         net1 (net)
                  0.01    0.00    0.22 v _465_/A (INV_X1)
     1    3.84    0.01    0.02    0.24 ^ _465_/ZN (INV_X1)
                                         _306_ (net)
                  0.01    0.00    0.24 ^ _853_/A (FA_X1)
     1    1.73    0.01    0.05    0.28 ^ _853_/CO (FA_X1)
                                         _309_ (net)
                  0.01    0.00    0.28 ^ _468_/A (INV_X1)
     1    2.88    0.01    0.01    0.29 v _468_/ZN (INV_X1)
                                         _310_ (net)
                  0.01    0.00    0.29 v _854_/CI (FA_X1)
     1    2.78    0.01    0.07    0.36 v _854_/CO (FA_X1)
                                         _311_ (net)
                  0.01    0.00    0.36 v _855_/CI (FA_X1)
     1    2.85    0.01    0.07    0.43 v _855_/CO (FA_X1)
                                         _313_ (net)
                  0.01    0.00    0.43 v _856_/CI (FA_X1)
     1    2.84    0.01    0.07    0.51 v _856_/CO (FA_X1)
                                         _315_ (net)
                  0.01    0.00    0.51 v _857_/CI (FA_X1)
     1    2.85    0.01    0.07    0.58 v _857_/CO (FA_X1)
                                         _317_ (net)
                  0.01    0.00    0.58 v _858_/CI (FA_X1)
     1    2.86    0.01    0.07    0.65 v _858_/CO (FA_X1)
                                         _319_ (net)
                  0.01    0.00    0.65 v _859_/CI (FA_X1)
     1    2.76    0.01    0.07    0.72 v _859_/CO (FA_X1)
                                         _321_ (net)
                  0.01    0.00    0.72 v _860_/CI (FA_X1)
     2    5.11    0.02    0.08    0.80 v _860_/CO (FA_X1)
                                         _323_ (net)
                  0.02    0.00    0.80 v _580_/S (MUX2_X2)
     3   10.88    0.01    0.05    0.85 v _580_/Z (MUX2_X2)
                                         _090_ (net)
                  0.01    0.00    0.85 v _581_/B2 (OAI21_X4)
     5   22.52    0.04    0.05    0.90 ^ _581_/ZN (OAI21_X4)
                                         _091_ (net)
                  0.04    0.01    0.91 ^ _610_/A3 (AND4_X2)
     2   20.53    0.03    0.08    0.99 ^ _610_/ZN (AND4_X2)
                                         _120_ (net)
                  0.03    0.01    1.00 ^ _611_/A2 (NOR2_X4)
     3   17.50    0.01    0.02    1.01 v _611_/ZN (NOR2_X4)
                                         _121_ (net)
                  0.01    0.00    1.01 v _612_/C2 (AOI221_X4)
     4   14.99    0.01    0.11    1.12 ^ _612_/ZN (AOI221_X4)
                                         _122_ (net)
                  0.01    0.00    1.12 ^ _642_/A1 (NAND3_X4)
     4   17.40    0.02    0.03    1.15 v _642_/ZN (NAND3_X4)
                                         _152_ (net)
                  0.02    0.00    1.15 v _669_/A3 (AND4_X2)
     2   13.09    0.01    0.05    1.19 v _669_/ZN (AND4_X2)
                                         _179_ (net)
                  0.01    0.00    1.20 v _810_/A3 (NOR3_X4)
     7   33.17    0.07    0.10    1.29 ^ _810_/ZN (NOR3_X4)
                                         _281_ (net)
                  0.07    0.02    1.31 ^ _812_/S (MUX2_X1)
     2    8.40    0.02    0.08    1.39 v _812_/Z (MUX2_X1)
                                         _282_ (net)
                  0.02    0.00    1.39 v _814_/B2 (AOI21_X2)
     2    4.73    0.02    0.04    1.42 ^ _814_/ZN (AOI21_X2)
                                         _283_ (net)
                  0.02    0.00    1.42 ^ _816_/B2 (OAI21_X1)
     1    2.77    0.01    0.02    1.45 v _816_/ZN (OAI21_X1)
                                         _284_ (net)
                  0.01    0.00    1.45 v _817_/B (XOR2_X1)
     1    0.97    0.01    0.06    1.50 v _817_/Z (XOR2_X1)
                                         net177 (net)
                  0.01    0.00    1.50 v output177/A (BUF_X1)
     1    0.11    0.00    0.02    1.53 v output177/Z (BUF_X1)
                                         sum[51] (net)
                  0.00    0.00    1.53 v sum[51] (out)
                                  1.53   data arrival time
-----------------------------------------------------------------------------
(Path is unconstrained)



==========================================================================
finish report_check_types -max_slew -max_cap -max_fanout -violators
--------------------------------------------------------------------------

==========================================================================
finish max_slew_check_slack
--------------------------------------------------------------------------
0.10134509205818176

==========================================================================
finish max_slew_check_limit
--------------------------------------------------------------------------
0.1985349953174591

==========================================================================
finish max_slew_check_slack_limit
--------------------------------------------------------------------------
0.5105

==========================================================================
finish max_fanout_check_slack
--------------------------------------------------------------------------
1.0000000150474662e+30

==========================================================================
finish max_fanout_check_limit
--------------------------------------------------------------------------
1.0000000150474662e+30

==========================================================================
finish max_capacitance_check_slack
--------------------------------------------------------------------------
7.513552188873291

==========================================================================
finish max_capacitance_check_limit
--------------------------------------------------------------------------
11.482199668884277

==========================================================================
finish max_capacitance_check_slack_limit
--------------------------------------------------------------------------
0.6544

==========================================================================
finish max_slew_violation_count
--------------------------------------------------------------------------
max slew violation count 0

==========================================================================
finish max_fanout_violation_count
--------------------------------------------------------------------------
max fanout violation count 0

==========================================================================
finish max_cap_violation_count
--------------------------------------------------------------------------
max cap violation count 0

==========================================================================
finish setup_violation_count
--------------------------------------------------------------------------
setup violation count 0

==========================================================================
finish hold_violation_count
--------------------------------------------------------------------------
hold violation count 0

==========================================================================
finish critical path delay
--------------------------------------------------------------------------
-1

==========================================================================
finish critical path slack
--------------------------------------------------------------------------
0

==========================================================================
finish slack div critical path delay
--------------------------------------------------------------------------
0.000000

==========================================================================
finish report_power
--------------------------------------------------------------------------
Group                  Internal  Switching    Leakage      Total
                          Power      Power      Power      Power (Watts)
----------------------------------------------------------------
Sequential             0.00e+00   0.00e+00   0.00e+00   0.00e+00   0.0%
Combinational          5.14e-13   4.51e-13   2.44e-05   2.44e-05 100.0%
Clock                  0.00e+00   0.00e+00   0.00e+00   0.00e+00   0.0%
Macro                  0.00e+00   0.00e+00   0.00e+00   0.00e+00   0.0%
Pad                    0.00e+00   0.00e+00   0.00e+00   0.00e+00   0.0%
----------------------------------------------------------------
Total                  5.14e-13   4.51e-13   2.44e-05   2.44e-05 100.0%
                           0.0%       0.0%     100.0%
