
==========================================================================
global route report_tns
--------------------------------------------------------------------------
tns 0.00

==========================================================================
global route report_wns
--------------------------------------------------------------------------
wns 0.00

==========================================================================
global route report_worst_slack
--------------------------------------------------------------------------
worst slack 4.00

==========================================================================
global route report_clock_skew
--------------------------------------------------------------------------
Clock core_clock
No launch/capture paths found.


==========================================================================
global route report_checks -path_delay min
--------------------------------------------------------------------------
Startpoint: a[0] (input port clocked by core_clock)
Endpoint: product[0] (output port clocked by core_clock)
Path Group: core_clock
Path Type: min

Fanout     Cap    Slew   Delay    Time   Description
-----------------------------------------------------------------------------
                  0.00    0.00    0.00   clock core_clock (rise edge)
                          0.00    0.00   clock network delay (ideal)
                          0.20    0.20 ^ input external delay
     1    0.03    0.00    0.00    0.20 ^ a[0] (in)
                                         a[0] (net)
                  0.00    0.00    0.20 ^ input1/I (gf180mcu_fd_sc_mcu9t5v0__buf_8)
     9    0.22    0.22    0.19    0.39 ^ input1/Z (gf180mcu_fd_sc_mcu9t5v0__buf_8)
                                         net1 (net)
                  0.22    0.00    0.39 ^ _691_/A2 (gf180mcu_fd_sc_mcu9t5v0__and2_4)
     4    0.11    0.22    0.24    0.64 ^ _691_/Z (gf180mcu_fd_sc_mcu9t5v0__and2_4)
                                         net18 (net)
                  0.22    0.00    0.64 ^ output18/I (gf180mcu_fd_sc_mcu9t5v0__dlyb_2)
     1    0.00    0.08    0.57    1.21 ^ output18/Z (gf180mcu_fd_sc_mcu9t5v0__dlyb_2)
                                         product[0] (net)
                  0.08    0.00    1.21 ^ product[0] (out)
                                  1.21   data arrival time

                  0.00    0.00    0.00   clock core_clock (rise edge)
                          0.00    0.00   clock network delay (ideal)
                          0.00    0.00   clock reconvergence pessimism
                         -0.20   -0.20   output external delay
                                 -0.20   data required time
-----------------------------------------------------------------------------
                                 -0.20   data required time
                                 -1.21   data arrival time
-----------------------------------------------------------------------------
                                  1.41   slack (MET)



==========================================================================
global route report_checks -path_delay max
--------------------------------------------------------------------------
Startpoint: b[0] (input port clocked by core_clock)
Endpoint: product[14] (output port clocked by core_clock)
Path Group: core_clock
Path Type: max

Fanout     Cap    Slew   Delay    Time   Description
-----------------------------------------------------------------------------
                  0.00    0.00    0.00   clock core_clock (rise edge)
                          0.00    0.00   clock network delay (ideal)
                          0.20    0.20 v input external delay
     1    0.01    0.00    0.00    0.20 v b[0] (in)
                                         b[0] (net)
                  0.00    0.00    0.20 v input9/I (gf180mcu_fd_sc_mcu9t5v0__buf_4)
     2    0.13    0.15    0.18    0.38 v input9/Z (gf180mcu_fd_sc_mcu9t5v0__buf_4)
                                         net9 (net)
                  0.15    0.00    0.38 v _514_/I (gf180mcu_fd_sc_mcu9t5v0__buf_4)
    10    0.15    0.17    0.24    0.62 v _514_/Z (gf180mcu_fd_sc_mcu9t5v0__buf_4)
                                         _000_ (net)
                  0.17    0.00    0.62 v _588_/A1 (gf180mcu_fd_sc_mcu9t5v0__nand2_2)
     2    0.03    0.19    0.15    0.77 ^ _588_/ZN (gf180mcu_fd_sc_mcu9t5v0__nand2_2)
                                         _176_ (net)
                  0.19    0.00    0.77 ^ _660_/A2 (gf180mcu_fd_sc_mcu9t5v0__xnor2_2)
     1    0.01    0.08    0.27    1.03 v _660_/ZN (gf180mcu_fd_sc_mcu9t5v0__xnor2_2)
                                         _422_ (net)
                  0.08    0.00    1.03 v _892_/B (gf180mcu_fd_sc_mcu9t5v0__addh_1)
     1    0.01    0.10    0.20    1.23 v _892_/CO (gf180mcu_fd_sc_mcu9t5v0__addh_1)
                                         _423_ (net)
                  0.10    0.00    1.23 v _664_/A1 (gf180mcu_fd_sc_mcu9t5v0__or2_2)
     1    0.02    0.09    0.20    1.43 v _664_/Z (gf180mcu_fd_sc_mcu9t5v0__or2_2)
                                         _231_ (net)
                  0.09    0.00    1.43 v _838_/CI (gf180mcu_fd_sc_mcu9t5v0__addf_1)
     1    0.02    0.19    0.52    1.95 ^ _838_/S (gf180mcu_fd_sc_mcu9t5v0__addf_1)
                                         _233_ (net)
                  0.19    0.00    1.95 ^ _609_/I (gf180mcu_fd_sc_mcu9t5v0__clkinv_2)
     1    0.02    0.10    0.09    2.04 v _609_/ZN (gf180mcu_fd_sc_mcu9t5v0__clkinv_2)
                                         _237_ (net)
                  0.10    0.00    2.04 v _840_/B (gf180mcu_fd_sc_mcu9t5v0__addf_1)
     1    0.02    0.18    0.54    2.58 ^ _840_/S (gf180mcu_fd_sc_mcu9t5v0__addf_1)
                                         _239_ (net)
                  0.18    0.00    2.58 ^ _841_/B (gf180mcu_fd_sc_mcu9t5v0__addf_1)
     1    0.01    0.16    0.45    3.03 v _841_/S (gf180mcu_fd_sc_mcu9t5v0__addf_1)
                                         _242_ (net)
                  0.16    0.00    3.03 v _667_/I (gf180mcu_fd_sc_mcu9t5v0__clkinv_2)
     1    0.01    0.09    0.08    3.11 ^ _667_/ZN (gf180mcu_fd_sc_mcu9t5v0__clkinv_2)
                                         _445_ (net)
                  0.09    0.00    3.11 ^ _901_/B (gf180mcu_fd_sc_mcu9t5v0__addh_2)
     4    0.05    0.16    0.35    3.47 v _901_/S (gf180mcu_fd_sc_mcu9t5v0__addh_2)
                                         _447_ (net)
                  0.16    0.00    3.47 v _694_/A1 (gf180mcu_fd_sc_mcu9t5v0__nand2_2)
     2    0.03    0.17    0.14    3.60 ^ _694_/ZN (gf180mcu_fd_sc_mcu9t5v0__nand2_2)
                                         _016_ (net)
                  0.17    0.00    3.60 ^ _695_/A3 (gf180mcu_fd_sc_mcu9t5v0__nor3_2)
     1    0.01    0.15    0.10    3.70 v _695_/ZN (gf180mcu_fd_sc_mcu9t5v0__nor3_2)
                                         _017_ (net)
                  0.15    0.00    3.70 v _698_/A2 (gf180mcu_fd_sc_mcu9t5v0__or4_2)
     3    0.05    0.20    0.40    4.10 v _698_/Z (gf180mcu_fd_sc_mcu9t5v0__or4_2)
                                         _020_ (net)
                  0.20    0.00    4.10 v _761_/A4 (gf180mcu_fd_sc_mcu9t5v0__and4_2)
     1    0.01    0.09    0.26    4.37 v _761_/Z (gf180mcu_fd_sc_mcu9t5v0__and4_2)
                                         _079_ (net)
                  0.09    0.00    4.37 v _762_/B (gf180mcu_fd_sc_mcu9t5v0__aoi211_2)
     1    0.02    0.37    0.25    4.62 ^ _762_/ZN (gf180mcu_fd_sc_mcu9t5v0__aoi211_2)
                                         _080_ (net)
                  0.37    0.00    4.62 ^ _763_/S (gf180mcu_fd_sc_mcu9t5v0__mux2_2)
     1    0.03    0.14    0.23    4.85 ^ _763_/Z (gf180mcu_fd_sc_mcu9t5v0__mux2_2)
                                         _081_ (net)
                  0.14    0.00    4.85 ^ _771_/A2 (gf180mcu_fd_sc_mcu9t5v0__nand3_4)
     1    0.11    0.26    0.19    5.04 v _771_/ZN (gf180mcu_fd_sc_mcu9t5v0__nand3_4)
                                         net23 (net)
                  0.26    0.00    5.04 v output23/I (gf180mcu_fd_sc_mcu9t5v0__dlyb_2)
     1    0.00    0.15    0.76    5.80 v output23/Z (gf180mcu_fd_sc_mcu9t5v0__dlyb_2)
                                         product[14] (net)
                  0.15    0.00    5.80 v product[14] (out)
                                  5.80   data arrival time

                  0.00   10.00   10.00   clock core_clock (rise edge)
                          0.00   10.00   clock network delay (ideal)
                          0.00   10.00   clock reconvergence pessimism
                         -0.20    9.80   output external delay
                                  9.80   data required time
-----------------------------------------------------------------------------
                                  9.80   data required time
                                 -5.80   data arrival time
-----------------------------------------------------------------------------
                                  4.00   slack (MET)



==========================================================================
global route report_checks -unconstrained
--------------------------------------------------------------------------
Startpoint: b[0] (input port clocked by core_clock)
Endpoint: product[14] (output port clocked by core_clock)
Path Group: core_clock
Path Type: max

Fanout     Cap    Slew   Delay    Time   Description
-----------------------------------------------------------------------------
                  0.00    0.00    0.00   clock core_clock (rise edge)
                          0.00    0.00   clock network delay (ideal)
                          0.20    0.20 v input external delay
     1    0.01    0.00    0.00    0.20 v b[0] (in)
                                         b[0] (net)
                  0.00    0.00    0.20 v input9/I (gf180mcu_fd_sc_mcu9t5v0__buf_4)
     2    0.13    0.15    0.18    0.38 v input9/Z (gf180mcu_fd_sc_mcu9t5v0__buf_4)
                                         net9 (net)
                  0.15    0.00    0.38 v _514_/I (gf180mcu_fd_sc_mcu9t5v0__buf_4)
    10    0.15    0.17    0.24    0.62 v _514_/Z (gf180mcu_fd_sc_mcu9t5v0__buf_4)
                                         _000_ (net)
                  0.17    0.00    0.62 v _588_/A1 (gf180mcu_fd_sc_mcu9t5v0__nand2_2)
     2    0.03    0.19    0.15    0.77 ^ _588_/ZN (gf180mcu_fd_sc_mcu9t5v0__nand2_2)
                                         _176_ (net)
                  0.19    0.00    0.77 ^ _660_/A2 (gf180mcu_fd_sc_mcu9t5v0__xnor2_2)
     1    0.01    0.08    0.27    1.03 v _660_/ZN (gf180mcu_fd_sc_mcu9t5v0__xnor2_2)
                                         _422_ (net)
                  0.08    0.00    1.03 v _892_/B (gf180mcu_fd_sc_mcu9t5v0__addh_1)
     1    0.01    0.10    0.20    1.23 v _892_/CO (gf180mcu_fd_sc_mcu9t5v0__addh_1)
                                         _423_ (net)
                  0.10    0.00    1.23 v _664_/A1 (gf180mcu_fd_sc_mcu9t5v0__or2_2)
     1    0.02    0.09    0.20    1.43 v _664_/Z (gf180mcu_fd_sc_mcu9t5v0__or2_2)
                                         _231_ (net)
                  0.09    0.00    1.43 v _838_/CI (gf180mcu_fd_sc_mcu9t5v0__addf_1)
     1    0.02    0.19    0.52    1.95 ^ _838_/S (gf180mcu_fd_sc_mcu9t5v0__addf_1)
                                         _233_ (net)
                  0.19    0.00    1.95 ^ _609_/I (gf180mcu_fd_sc_mcu9t5v0__clkinv_2)
     1    0.02    0.10    0.09    2.04 v _609_/ZN (gf180mcu_fd_sc_mcu9t5v0__clkinv_2)
                                         _237_ (net)
                  0.10    0.00    2.04 v _840_/B (gf180mcu_fd_sc_mcu9t5v0__addf_1)
     1    0.02    0.18    0.54    2.58 ^ _840_/S (gf180mcu_fd_sc_mcu9t5v0__addf_1)
                                         _239_ (net)
                  0.18    0.00    2.58 ^ _841_/B (gf180mcu_fd_sc_mcu9t5v0__addf_1)
     1    0.01    0.16    0.45    3.03 v _841_/S (gf180mcu_fd_sc_mcu9t5v0__addf_1)
                                         _242_ (net)
                  0.16    0.00    3.03 v _667_/I (gf180mcu_fd_sc_mcu9t5v0__clkinv_2)
     1    0.01    0.09    0.08    3.11 ^ _667_/ZN (gf180mcu_fd_sc_mcu9t5v0__clkinv_2)
                                         _445_ (net)
                  0.09    0.00    3.11 ^ _901_/B (gf180mcu_fd_sc_mcu9t5v0__addh_2)
     4    0.05    0.16    0.35    3.47 v _901_/S (gf180mcu_fd_sc_mcu9t5v0__addh_2)
                                         _447_ (net)
                  0.16    0.00    3.47 v _694_/A1 (gf180mcu_fd_sc_mcu9t5v0__nand2_2)
     2    0.03    0.17    0.14    3.60 ^ _694_/ZN (gf180mcu_fd_sc_mcu9t5v0__nand2_2)
                                         _016_ (net)
                  0.17    0.00    3.60 ^ _695_/A3 (gf180mcu_fd_sc_mcu9t5v0__nor3_2)
     1    0.01    0.15    0.10    3.70 v _695_/ZN (gf180mcu_fd_sc_mcu9t5v0__nor3_2)
                                         _017_ (net)
                  0.15    0.00    3.70 v _698_/A2 (gf180mcu_fd_sc_mcu9t5v0__or4_2)
     3    0.05    0.20    0.40    4.10 v _698_/Z (gf180mcu_fd_sc_mcu9t5v0__or4_2)
                                         _020_ (net)
                  0.20    0.00    4.10 v _761_/A4 (gf180mcu_fd_sc_mcu9t5v0__and4_2)
     1    0.01    0.09    0.26    4.37 v _761_/Z (gf180mcu_fd_sc_mcu9t5v0__and4_2)
                                         _079_ (net)
                  0.09    0.00    4.37 v _762_/B (gf180mcu_fd_sc_mcu9t5v0__aoi211_2)
     1    0.02    0.37    0.25    4.62 ^ _762_/ZN (gf180mcu_fd_sc_mcu9t5v0__aoi211_2)
                                         _080_ (net)
                  0.37    0.00    4.62 ^ _763_/S (gf180mcu_fd_sc_mcu9t5v0__mux2_2)
     1    0.03    0.14    0.23    4.85 ^ _763_/Z (gf180mcu_fd_sc_mcu9t5v0__mux2_2)
                                         _081_ (net)
                  0.14    0.00    4.85 ^ _771_/A2 (gf180mcu_fd_sc_mcu9t5v0__nand3_4)
     1    0.11    0.26    0.19    5.04 v _771_/ZN (gf180mcu_fd_sc_mcu9t5v0__nand3_4)
                                         net23 (net)
                  0.26    0.00    5.04 v output23/I (gf180mcu_fd_sc_mcu9t5v0__dlyb_2)
     1    0.00    0.15    0.76    5.80 v output23/Z (gf180mcu_fd_sc_mcu9t5v0__dlyb_2)
                                         product[14] (net)
                  0.15    0.00    5.80 v product[14] (out)
                                  5.80   data arrival time

                  0.00   10.00   10.00   clock core_clock (rise edge)
                          0.00   10.00   clock network delay (ideal)
                          0.00   10.00   clock reconvergence pessimism
                         -0.20    9.80   output external delay
                                  9.80   data required time
-----------------------------------------------------------------------------
                                  9.80   data required time
                                 -5.80   data arrival time
-----------------------------------------------------------------------------
                                  4.00   slack (MET)



==========================================================================
global route report_check_types -max_slew -max_cap -max_fanout -violators
--------------------------------------------------------------------------

==========================================================================
global route max_slew_check_slack
--------------------------------------------------------------------------
2.3547885417938232

==========================================================================
global route max_slew_check_limit
--------------------------------------------------------------------------
2.799999952316284

==========================================================================
global route max_slew_check_slack_limit
--------------------------------------------------------------------------
0.8410

==========================================================================
global route max_fanout_check_slack
--------------------------------------------------------------------------
1.0000000150474662e+30

==========================================================================
global route max_fanout_check_limit
--------------------------------------------------------------------------
1.0000000150474662e+30

==========================================================================
global route max_capacitance_check_slack
--------------------------------------------------------------------------
0.2670649588108063

==========================================================================
global route max_capacitance_check_limit
--------------------------------------------------------------------------
0.29190000891685486

==========================================================================
global route max_capacitance_check_slack_limit
--------------------------------------------------------------------------
0.9149

==========================================================================
global route max_slew_violation_count
--------------------------------------------------------------------------
max slew violation count 0

==========================================================================
global route max_fanout_violation_count
--------------------------------------------------------------------------
max fanout violation count 0

==========================================================================
global route max_cap_violation_count
--------------------------------------------------------------------------
max cap violation count 0

==========================================================================
global route setup_violation_count
--------------------------------------------------------------------------
setup violation count 0

==========================================================================
global route hold_violation_count
--------------------------------------------------------------------------
hold violation count 0

==========================================================================
global route critical path delay
--------------------------------------------------------------------------
5.8031

==========================================================================
global route critical path slack
--------------------------------------------------------------------------
3.9969

==========================================================================
global route slack div critical path delay
--------------------------------------------------------------------------
68.875256

==========================================================================
global route report_power
--------------------------------------------------------------------------
Group                  Internal  Switching    Leakage      Total
                          Power      Power      Power      Power (Watts)
----------------------------------------------------------------
Sequential             0.00e+00   0.00e+00   0.00e+00   0.00e+00   0.0%
Combinational          2.60e-02   1.97e-02   1.00e-07   4.57e-02 100.0%
Clock                 -1.47e-09   0.00e+00   2.18e-07   2.16e-07   0.0%
Macro                  0.00e+00   0.00e+00   0.00e+00   0.00e+00   0.0%
Pad                    0.00e+00   0.00e+00   0.00e+00   0.00e+00   0.0%
----------------------------------------------------------------
Total                  2.60e-02   1.97e-02   3.18e-07   4.57e-02 100.0%
                          56.9%      43.1%       0.0%
