
==========================================================================
detailed place report_tns
--------------------------------------------------------------------------
tns 0.00

==========================================================================
detailed place report_wns
--------------------------------------------------------------------------
wns 0.00

==========================================================================
detailed place report_worst_slack
--------------------------------------------------------------------------
worst slack 0.52

==========================================================================
detailed place report_checks -path_delay min
--------------------------------------------------------------------------
Startpoint: clk_in (input port clocked by core_clock)
Endpoint: clk_out (output port clocked by core_clock)
Path Group: core_clock
Path Type: min

Fanout     Cap    Slew   Delay    Time   Description
-----------------------------------------------------------------------------
                  0.00    0.00    0.00   clock core_clock (rise edge)
                          0.00    0.00   clock network delay (ideal)
                          0.20    0.20 ^ input external delay
     1    1.22    0.00    0.00    0.20 ^ clk_in (in)
                                         clk_in (net)
                  0.00    0.00    0.20 ^ input1/A (BUF_X1)
     4    4.49    0.01    0.03    0.23 ^ input1/Z (BUF_X1)
                                         net1 (net)
                  0.01    0.00    0.23 ^ _4_/A2 (AND2_X1)
     1    1.02    0.01    0.03    0.26 ^ _4_/ZN (AND2_X1)
                                         net4 (net)
                  0.01    0.00    0.26 ^ output4/A (BUF_X1)
     1    0.17    0.00    0.02    0.27 ^ output4/Z (BUF_X1)
                                         clk_out (net)
                  0.00    0.00    0.27 ^ clk_out (out)
                                  0.27   data arrival time

                  0.00    0.00    0.00   clock core_clock (rise edge)
                          0.00    0.00   clock network delay (ideal)
                          0.00    0.00   clock reconvergence pessimism
                         -0.20   -0.20   output external delay
                                 -0.20   data required time
-----------------------------------------------------------------------------
                                 -0.20   data required time
                                 -0.27   data arrival time
-----------------------------------------------------------------------------
                                  0.47   slack (MET)



==========================================================================
detailed place report_checks -path_delay max
--------------------------------------------------------------------------
Startpoint: clk_in (input port clocked by core_clock)
Endpoint: clk_out (output port clocked by core_clock)
Path Group: core_clock
Path Type: max

Fanout     Cap    Slew   Delay    Time   Description
-----------------------------------------------------------------------------
                  0.00    0.00    0.00   clock core_clock (rise edge)
                          0.00    0.00   clock network delay (ideal)
                          0.20    0.20 v input external delay
     1    1.13    0.00    0.00    0.20 v clk_in (in)
                                         clk_in (net)
                  0.00    0.00    0.20 v input1/A (BUF_X1)
     4    4.13    0.01    0.03    0.23 v input1/Z (BUF_X1)
                                         net1 (net)
                  0.01    0.00    0.23 v _4_/A2 (AND2_X1)
     1    0.92    0.01    0.03    0.26 v _4_/ZN (AND2_X1)
                                         net4 (net)
                  0.01    0.00    0.26 v output4/A (BUF_X1)
     1    0.17    0.00    0.02    0.28 v output4/Z (BUF_X1)
                                         clk_out (net)
                  0.00    0.00    0.28 v clk_out (out)
                                  0.28   data arrival time

                  0.00    1.00    1.00   clock core_clock (rise edge)
                          0.00    1.00   clock network delay (ideal)
                          0.00    1.00   clock reconvergence pessimism
                         -0.20    0.80   output external delay
                                  0.80   data required time
-----------------------------------------------------------------------------
                                  0.80   data required time
                                 -0.28   data arrival time
-----------------------------------------------------------------------------
                                  0.52   slack (MET)



==========================================================================
detailed place report_checks -unconstrained
--------------------------------------------------------------------------
Startpoint: clk_in (input port clocked by core_clock)
Endpoint: clk_out (output port clocked by core_clock)
Path Group: core_clock
Path Type: max

Fanout     Cap    Slew   Delay    Time   Description
-----------------------------------------------------------------------------
                  0.00    0.00    0.00   clock core_clock (rise edge)
                          0.00    0.00   clock network delay (ideal)
                          0.20    0.20 v input external delay
     1    1.13    0.00    0.00    0.20 v clk_in (in)
                                         clk_in (net)
                  0.00    0.00    0.20 v input1/A (BUF_X1)
     4    4.13    0.01    0.03    0.23 v input1/Z (BUF_X1)
                                         net1 (net)
                  0.01    0.00    0.23 v _4_/A2 (AND2_X1)
     1    0.92    0.01    0.03    0.26 v _4_/ZN (AND2_X1)
                                         net4 (net)
                  0.01    0.00    0.26 v output4/A (BUF_X1)
     1    0.17    0.00    0.02    0.28 v output4/Z (BUF_X1)
                                         clk_out (net)
                  0.00    0.00    0.28 v clk_out (out)
                                  0.28   data arrival time

                  0.00    1.00    1.00   clock core_clock (rise edge)
                          0.00    1.00   clock network delay (ideal)
                          0.00    1.00   clock reconvergence pessimism
                         -0.20    0.80   output external delay
                                  0.80   data required time
-----------------------------------------------------------------------------
                                  0.80   data required time
                                 -0.28   data arrival time
-----------------------------------------------------------------------------
                                  0.52   slack (MET)



==========================================================================
detailed place report_check_types -max_slew -max_cap -max_fanout -violators
--------------------------------------------------------------------------

==========================================================================
detailed place max_slew_check_slack
--------------------------------------------------------------------------
0.1853652149438858

==========================================================================
detailed place max_slew_check_limit
--------------------------------------------------------------------------
0.1985349953174591

==========================================================================
detailed place max_slew_check_slack_limit
--------------------------------------------------------------------------
0.9337

==========================================================================
detailed place max_fanout_check_slack
--------------------------------------------------------------------------
1.0000000150474662e+30

==========================================================================
detailed place max_fanout_check_limit
--------------------------------------------------------------------------
1.0000000150474662e+30

==========================================================================
detailed place max_capacitance_check_slack
--------------------------------------------------------------------------
55.97126770019531

==========================================================================
detailed place max_capacitance_check_limit
--------------------------------------------------------------------------
60.65370559692383

==========================================================================
detailed place max_capacitance_check_slack_limit
--------------------------------------------------------------------------
0.9228

==========================================================================
detailed place max_slew_violation_count
--------------------------------------------------------------------------
max slew violation count 0

==========================================================================
detailed place max_fanout_violation_count
--------------------------------------------------------------------------
max fanout violation count 0

==========================================================================
detailed place max_cap_violation_count
--------------------------------------------------------------------------
max cap violation count 0

==========================================================================
detailed place setup_violation_count
--------------------------------------------------------------------------
setup violation count 0

==========================================================================
detailed place hold_violation_count
--------------------------------------------------------------------------
hold violation count 0

==========================================================================
detailed place report_checks -path_delay max reg to reg
--------------------------------------------------------------------------
No paths found.

==========================================================================
detailed place report_checks -path_delay min reg to reg
--------------------------------------------------------------------------
No paths found.

==========================================================================
detailed place critical path target clock latency max path
--------------------------------------------------------------------------
0

==========================================================================
detailed place critical path target clock latency min path
--------------------------------------------------------------------------
0

==========================================================================
detailed place critical path source clock latency min path
--------------------------------------------------------------------------
0

==========================================================================
detailed place critical path delay
--------------------------------------------------------------------------
0.2770

==========================================================================
detailed place critical path slack
--------------------------------------------------------------------------
0.5230

==========================================================================
detailed place slack div critical path delay
--------------------------------------------------------------------------
188.808664

==========================================================================
detailed place report_power
--------------------------------------------------------------------------
Group                  Internal  Switching    Leakage      Total
                          Power      Power      Power      Power (Watts)
----------------------------------------------------------------
Sequential             2.84e-06   2.01e-07   2.00e-07   3.24e-06  57.3%
Combinational          1.51e-06   7.66e-07   1.34e-07   2.41e-06  42.7%
Clock                  0.00e+00   0.00e+00   0.00e+00   0.00e+00   0.0%
Macro                  0.00e+00   0.00e+00   0.00e+00   0.00e+00   0.0%
Pad                    0.00e+00   0.00e+00   0.00e+00   0.00e+00   0.0%
----------------------------------------------------------------
Total                  4.35e-06   9.67e-07   3.34e-07   5.65e-06 100.0%
                          77.0%      17.1%       5.9%
