
==========================================================================
floorplan final report_tns
--------------------------------------------------------------------------
tns 0.00

==========================================================================
floorplan final report_wns
--------------------------------------------------------------------------
wns 0.00

==========================================================================
floorplan final report_worst_slack
--------------------------------------------------------------------------
worst slack INF

==========================================================================
floorplan final report_checks -path_delay min
--------------------------------------------------------------------------
No paths found.

==========================================================================
floorplan final report_checks -path_delay max
--------------------------------------------------------------------------
No paths found.

==========================================================================
floorplan final report_checks -unconstrained
--------------------------------------------------------------------------
Startpoint: b[0] (input port)
Endpoint: sum[59] (output port)
Path Group: unconstrained
Path Type: max

Fanout     Cap    Slew   Delay    Time   Description
-----------------------------------------------------------------------------
                          0.20    0.20 v input external delay
     1    0.01    0.00    0.00    0.20 v b[0] (in)
                                         b[0] (net)
                  0.00    0.00    0.20 v _430_/I (gf180mcu_fd_sc_mcu9t5v0__clkinv_2)
     1    0.01    0.07    0.04    0.24 ^ _430_/ZN (gf180mcu_fd_sc_mcu9t5v0__clkinv_2)
                                         _271_ (net)
                  0.07    0.00    0.24 ^ _781_/B (gf180mcu_fd_sc_mcu9t5v0__addf_1)
     1    0.01    0.13    0.29    0.53 ^ _781_/CO (gf180mcu_fd_sc_mcu9t5v0__addf_1)
                                         _273_ (net)
                  0.13    0.00    0.53 ^ _432_/I (gf180mcu_fd_sc_mcu9t5v0__clkinv_2)
     1    0.01    0.07    0.07    0.60 v _432_/ZN (gf180mcu_fd_sc_mcu9t5v0__clkinv_2)
                                         _274_ (net)
                  0.07    0.00    0.60 v _782_/CI (gf180mcu_fd_sc_mcu9t5v0__addf_1)
     1    0.01    0.14    0.29    0.89 v _782_/CO (gf180mcu_fd_sc_mcu9t5v0__addf_1)
                                         _275_ (net)
                  0.14    0.00    0.89 v _783_/CI (gf180mcu_fd_sc_mcu9t5v0__addf_1)
     1    0.01    0.14    0.31    1.20 v _783_/CO (gf180mcu_fd_sc_mcu9t5v0__addf_1)
                                         _277_ (net)
                  0.14    0.00    1.20 v _784_/CI (gf180mcu_fd_sc_mcu9t5v0__addf_1)
     1    0.01    0.14    0.31    1.51 v _784_/CO (gf180mcu_fd_sc_mcu9t5v0__addf_1)
                                         _279_ (net)
                  0.14    0.00    1.51 v _785_/CI (gf180mcu_fd_sc_mcu9t5v0__addf_1)
     1    0.01    0.14    0.31    1.83 v _785_/CO (gf180mcu_fd_sc_mcu9t5v0__addf_1)
                                         _281_ (net)
                  0.14    0.00    1.83 v _786_/CI (gf180mcu_fd_sc_mcu9t5v0__addf_1)
     1    0.01    0.14    0.31    2.14 v _786_/CO (gf180mcu_fd_sc_mcu9t5v0__addf_1)
                                         _283_ (net)
                  0.14    0.00    2.14 v _787_/CI (gf180mcu_fd_sc_mcu9t5v0__addf_1)
     1    0.01    0.14    0.31    2.45 v _787_/CO (gf180mcu_fd_sc_mcu9t5v0__addf_1)
                                         _285_ (net)
                  0.14    0.00    2.45 v _788_/CI (gf180mcu_fd_sc_mcu9t5v0__addf_1)
     2    0.02    0.20    0.36    2.81 v _788_/CO (gf180mcu_fd_sc_mcu9t5v0__addf_1)
                                         _287_ (net)
                  0.20    0.00    2.81 v _519_/S (gf180mcu_fd_sc_mcu9t5v0__mux2_2)
     3    0.05    0.22    0.35    3.16 ^ _519_/Z (gf180mcu_fd_sc_mcu9t5v0__mux2_2)
                                         _065_ (net)
                  0.22    0.00    3.16 ^ _522_/A1 (gf180mcu_fd_sc_mcu9t5v0__aoi21_4)
     4    0.05    0.15    0.10    3.26 v _522_/ZN (gf180mcu_fd_sc_mcu9t5v0__aoi21_4)
                                         _068_ (net)
                  0.15    0.00    3.26 v _524_/A3 (gf180mcu_fd_sc_mcu9t5v0__or4_4)
     4    0.03    0.13    0.35    3.61 v _524_/Z (gf180mcu_fd_sc_mcu9t5v0__or4_4)
                                         _070_ (net)
                  0.13    0.00    3.61 v _525_/A4 (gf180mcu_fd_sc_mcu9t5v0__and4_2)
     2    0.02    0.12    0.27    3.88 v _525_/Z (gf180mcu_fd_sc_mcu9t5v0__and4_2)
                                         _071_ (net)
                  0.12    0.00    3.88 v _541_/A1 (gf180mcu_fd_sc_mcu9t5v0__or3_4)
     2    0.03    0.10    0.23    4.11 v _541_/Z (gf180mcu_fd_sc_mcu9t5v0__or3_4)
                                         _087_ (net)
                  0.10    0.00    4.11 v _574_/A2 (gf180mcu_fd_sc_mcu9t5v0__or4_4)
     5    0.06    0.17    0.35    4.46 v _574_/Z (gf180mcu_fd_sc_mcu9t5v0__or4_4)
                                         _120_ (net)
                  0.17    0.00    4.46 v _615_/A3 (gf180mcu_fd_sc_mcu9t5v0__and4_2)
     2    0.03    0.13    0.27    4.74 v _615_/Z (gf180mcu_fd_sc_mcu9t5v0__and4_2)
                                         _161_ (net)
                  0.13    0.00    4.74 v _763_/A2 (gf180mcu_fd_sc_mcu9t5v0__or3_2)
     1    0.03    0.14    0.30    5.04 v _763_/Z (gf180mcu_fd_sc_mcu9t5v0__or3_2)
                                         _260_ (net)
                  0.14    0.00    5.04 v _767_/A2 (gf180mcu_fd_sc_mcu9t5v0__aoi221_4)
     2    0.03    0.38    0.23    5.26 ^ _767_/ZN (gf180mcu_fd_sc_mcu9t5v0__aoi221_4)
                                         _264_ (net)
                  0.38    0.00    5.26 ^ _768_/S (gf180mcu_fd_sc_mcu9t5v0__mux2_2)
     2    0.02    0.12    0.28    5.54 v _768_/Z (gf180mcu_fd_sc_mcu9t5v0__mux2_2)
                                         _265_ (net)
                  0.12    0.00    5.54 v _770_/A2 (gf180mcu_fd_sc_mcu9t5v0__aoi21_2)
     1    0.01    0.19    0.13    5.67 ^ _770_/ZN (gf180mcu_fd_sc_mcu9t5v0__aoi21_2)
                                         _266_ (net)
                  0.19    0.00    5.67 ^ _771_/A2 (gf180mcu_fd_sc_mcu9t5v0__xnor2_2)
     1    0.00    0.05    0.24    5.91 v _771_/ZN (gf180mcu_fd_sc_mcu9t5v0__xnor2_2)
                                         sum[59] (net)
                  0.05    0.00    5.91 v sum[59] (out)
                                  5.91   data arrival time
-----------------------------------------------------------------------------
(Path is unconstrained)



==========================================================================
floorplan final report_power
--------------------------------------------------------------------------
Group                  Internal  Switching    Leakage      Total
                          Power      Power      Power      Power (Watts)
----------------------------------------------------------------
Sequential             0.00e+00   0.00e+00   0.00e+00   0.00e+00   0.0%
Combinational          6.84e-11   2.29e-11   9.82e-08   9.83e-08 100.0%
Clock                  0.00e+00   0.00e+00   0.00e+00   0.00e+00   0.0%
Macro                  0.00e+00   0.00e+00   0.00e+00   0.00e+00   0.0%
Pad                    0.00e+00   0.00e+00   0.00e+00   0.00e+00   0.0%
----------------------------------------------------------------
Total                  6.84e-11   2.29e-11   9.82e-08   9.83e-08 100.0%
                           0.1%       0.0%      99.9%
