
==========================================================================
global route report_tns
--------------------------------------------------------------------------
tns 0.00

==========================================================================
global route report_wns
--------------------------------------------------------------------------
wns 0.00

==========================================================================
global route report_worst_slack
--------------------------------------------------------------------------
worst slack 0.62

==========================================================================
global route report_clock_skew
--------------------------------------------------------------------------
Clock core_clock
No launch/capture paths found.


==========================================================================
global route report_checks -path_delay min
--------------------------------------------------------------------------
Startpoint: rst_n (input port clocked by core_clock)
Endpoint: data_out[8]$_SDFF_PN0_
          (rising edge-triggered flip-flop clocked by core_clock)
Path Group: core_clock
Path Type: min

Fanout     Cap    Slew   Delay    Time   Description
-----------------------------------------------------------------------------
                          0.00    0.00   clock core_clock (rise edge)
                          0.00    0.00   clock network delay (propagated)
                          0.20    0.20 v input external delay
     1    6.00    0.00    0.00    0.20 v rst_n (in)
                                         rst_n (net)
                  0.00    0.00    0.20 v _382_/A (BUF_X8)
     8   47.35    0.01    0.03    0.23 v _382_/Z (BUF_X8)
                                         _163_ (net)
                  0.01    0.00    0.23 v _393_/A2 (NAND2_X4)
     8   19.78    0.01    0.02    0.25 ^ _393_/ZN (NAND2_X4)
                                         _173_ (net)
                  0.01    0.00    0.25 ^ _371_/A1 (OAI22_X1)
     1    1.35    0.01    0.01    0.27 v _371_/ZN (OAI22_X1)
                                         _030_ (net)
                  0.01    0.00    0.27 v data_out[8]$_SDFF_PN0_/D (DFF_X1)
                                  0.27   data arrival time

                          0.00    0.00   clock core_clock (rise edge)
                          0.00    0.00   clock source latency
     1    4.30    0.00    0.00    0.00 ^ clk (in)
                                         clk (net)
                  0.00    0.00    0.00 ^ clkbuf_0_clk/A (CLKBUF_X3)
     4    9.18    0.01    0.03    0.03 ^ clkbuf_0_clk/Z (CLKBUF_X3)
                                         clknet_0_clk (net)
                  0.01    0.00    0.03 ^ clkbuf_2_2__f_clk/A (CLKBUF_X3)
     9   12.27    0.01    0.04    0.07 ^ clkbuf_2_2__f_clk/Z (CLKBUF_X3)
                                         clknet_2_2__leaf_clk (net)
                  0.01    0.00    0.07 ^ data_out[8]$_SDFF_PN0_/CK (DFF_X1)
                          0.00    0.07   clock reconvergence pessimism
                          0.00    0.07   library hold time
                                  0.07   data required time
-----------------------------------------------------------------------------
                                  0.07   data required time
                                 -0.27   data arrival time
-----------------------------------------------------------------------------
                                  0.19   slack (MET)



==========================================================================
global route report_checks -path_delay max
--------------------------------------------------------------------------
Startpoint: data_out[30]$_SDFF_PN0_
            (rising edge-triggered flip-flop clocked by core_clock)
Endpoint: data_out[30] (output port clocked by core_clock)
Path Group: core_clock
Path Type: max

Fanout     Cap    Slew   Delay    Time   Description
-----------------------------------------------------------------------------
                          0.00    0.00   clock core_clock (rise edge)
                          0.00    0.00   clock source latency
     1    4.30    0.00    0.00    0.00 ^ clk (in)
                                         clk (net)
                  0.00    0.00    0.00 ^ clkbuf_0_clk/A (CLKBUF_X3)
     4    9.18    0.01    0.03    0.03 ^ clkbuf_0_clk/Z (CLKBUF_X3)
                                         clknet_0_clk (net)
                  0.01    0.00    0.03 ^ clkbuf_2_0__f_clk/A (CLKBUF_X3)
     8   12.47    0.01    0.04    0.07 ^ clkbuf_2_0__f_clk/Z (CLKBUF_X3)
                                         clknet_2_0__leaf_clk (net)
                  0.01    0.00    0.07 ^ data_out[30]$_SDFF_PN0_/CK (DFF_X1)
     1    3.57    0.01    0.09    0.16 ^ data_out[30]$_SDFF_PN0_/Q (DFF_X1)
                                         net60 (net)
                  0.01    0.00    0.16 ^ output60/A (BUF_X1)
     1    0.42    0.00    0.02    0.18 ^ output60/Z (BUF_X1)
                                         data_out[30] (net)
                  0.00    0.00    0.18 ^ data_out[30] (out)
                                  0.18   data arrival time

                          1.00    1.00   clock core_clock (rise edge)
                          0.00    1.00   clock network delay (propagated)
                          0.00    1.00   clock reconvergence pessimism
                         -0.20    0.80   output external delay
                                  0.80   data required time
-----------------------------------------------------------------------------
                                  0.80   data required time
                                 -0.18   data arrival time
-----------------------------------------------------------------------------
                                  0.62   slack (MET)



==========================================================================
global route report_checks -unconstrained
--------------------------------------------------------------------------
Startpoint: data_out[30]$_SDFF_PN0_
            (rising edge-triggered flip-flop clocked by core_clock)
Endpoint: data_out[30] (output port clocked by core_clock)
Path Group: core_clock
Path Type: max

Fanout     Cap    Slew   Delay    Time   Description
-----------------------------------------------------------------------------
                          0.00    0.00   clock core_clock (rise edge)
                          0.00    0.00   clock source latency
     1    4.30    0.00    0.00    0.00 ^ clk (in)
                                         clk (net)
                  0.00    0.00    0.00 ^ clkbuf_0_clk/A (CLKBUF_X3)
     4    9.18    0.01    0.03    0.03 ^ clkbuf_0_clk/Z (CLKBUF_X3)
                                         clknet_0_clk (net)
                  0.01    0.00    0.03 ^ clkbuf_2_0__f_clk/A (CLKBUF_X3)
     8   12.47    0.01    0.04    0.07 ^ clkbuf_2_0__f_clk/Z (CLKBUF_X3)
                                         clknet_2_0__leaf_clk (net)
                  0.01    0.00    0.07 ^ data_out[30]$_SDFF_PN0_/CK (DFF_X1)
     1    3.57    0.01    0.09    0.16 ^ data_out[30]$_SDFF_PN0_/Q (DFF_X1)
                                         net60 (net)
                  0.01    0.00    0.16 ^ output60/A (BUF_X1)
     1    0.42    0.00    0.02    0.18 ^ output60/Z (BUF_X1)
                                         data_out[30] (net)
                  0.00    0.00    0.18 ^ data_out[30] (out)
                                  0.18   data arrival time

                          1.00    1.00   clock core_clock (rise edge)
                          0.00    1.00   clock network delay (propagated)
                          0.00    1.00   clock reconvergence pessimism
                         -0.20    0.80   output external delay
                                  0.80   data required time
-----------------------------------------------------------------------------
                                  0.80   data required time
                                 -0.18   data arrival time
-----------------------------------------------------------------------------
                                  0.62   slack (MET)



==========================================================================
global route report_check_types -max_slew -max_cap -max_fanout -violators
--------------------------------------------------------------------------

==========================================================================
global route max_slew_check_slack
--------------------------------------------------------------------------
0.16539229452610016

==========================================================================
global route max_slew_check_limit
--------------------------------------------------------------------------
0.1985349953174591

==========================================================================
global route max_slew_check_slack_limit
--------------------------------------------------------------------------
0.8331

==========================================================================
global route max_fanout_check_slack
--------------------------------------------------------------------------
1.0000000150474662e+30

==========================================================================
global route max_fanout_check_limit
--------------------------------------------------------------------------
1.0000000150474662e+30

==========================================================================
global route max_capacitance_check_slack
--------------------------------------------------------------------------
20.778886795043945

==========================================================================
global route max_capacitance_check_limit
--------------------------------------------------------------------------
23.23150062561035

==========================================================================
global route max_capacitance_check_slack_limit
--------------------------------------------------------------------------
0.8944

==========================================================================
global route max_slew_violation_count
--------------------------------------------------------------------------
max slew violation count 0

==========================================================================
global route max_fanout_violation_count
--------------------------------------------------------------------------
max fanout violation count 0

==========================================================================
global route max_cap_violation_count
--------------------------------------------------------------------------
max cap violation count 0

==========================================================================
global route setup_violation_count
--------------------------------------------------------------------------
setup violation count 0

==========================================================================
global route hold_violation_count
--------------------------------------------------------------------------
hold violation count 0

==========================================================================
global route report_checks -path_delay max reg to reg
--------------------------------------------------------------------------
No paths found.

==========================================================================
global route report_checks -path_delay min reg to reg
--------------------------------------------------------------------------
No paths found.

==========================================================================
global route critical path target clock latency max path
--------------------------------------------------------------------------
0.0702

==========================================================================
global route critical path target clock latency min path
--------------------------------------------------------------------------
0.0702

==========================================================================
global route critical path source clock latency min path
--------------------------------------------------------------------------
0.0000

==========================================================================
global route critical path delay
--------------------------------------------------------------------------
0.1841

==========================================================================
global route critical path slack
--------------------------------------------------------------------------
0.6159

==========================================================================
global route slack div critical path delay
--------------------------------------------------------------------------
334.546442

==========================================================================
global route report_power
--------------------------------------------------------------------------
Group                  Internal  Switching    Leakage      Total
                          Power      Power      Power      Power (Watts)
----------------------------------------------------------------
Sequential             1.92e-04   4.48e-06   2.52e-06   1.99e-04  40.0%
Combinational          9.01e-05   6.79e-05   8.17e-06   1.66e-04  33.5%
Clock                  6.04e-05   7.06e-05   1.90e-07   1.31e-04  26.4%
Macro                  0.00e+00   0.00e+00   0.00e+00   0.00e+00   0.0%
Pad                    0.00e+00   0.00e+00   0.00e+00   0.00e+00   0.0%
----------------------------------------------------------------
Total                  3.42e-04   1.43e-04   1.09e-05   4.96e-04 100.0%
                          69.0%      28.8%       2.2%
