
==========================================================================
detailed place report_tns
--------------------------------------------------------------------------
tns 0.00

==========================================================================
detailed place report_wns
--------------------------------------------------------------------------
wns 0.00

==========================================================================
detailed place report_worst_slack
--------------------------------------------------------------------------
worst slack 0.63

==========================================================================
detailed place report_checks -path_delay min
--------------------------------------------------------------------------
Startpoint: parallel_out[1]$_SDFFE_PN0P_
            (rising edge-triggered flip-flop clocked by core_clock)
Endpoint: parallel_out[1]$_SDFFE_PN0P_
          (rising edge-triggered flip-flop clocked by core_clock)
Path Group: core_clock
Path Type: min

Fanout     Cap    Slew   Delay    Time   Description
-----------------------------------------------------------------------------
                  0.00    0.00    0.00   clock core_clock (rise edge)
                          0.00    0.00   clock network delay (ideal)
                  0.00    0.00    0.00 ^ parallel_out[1]$_SDFFE_PN0P_/CK (DFF_X2)
     5    9.11    0.01    0.09    0.09 v parallel_out[1]$_SDFFE_PN0P_/Q (DFF_X2)
                                         net6 (net)
                  0.01    0.00    0.09 v _04_/B2 (OAI21_X1)
     1    1.83    0.01    0.03    0.13 ^ _04_/ZN (OAI21_X1)
                                         _01_ (net)
                  0.01    0.00    0.13 ^ _05_/A (INV_X1)
     1    1.25    0.00    0.01    0.13 v _05_/ZN (INV_X1)
                                         _00_ (net)
                  0.00    0.00    0.13 v parallel_out[1]$_SDFFE_PN0P_/D (DFF_X2)
                                  0.13   data arrival time

                  0.00    0.00    0.00   clock core_clock (rise edge)
                          0.00    0.00   clock network delay (ideal)
                          0.00    0.00   clock reconvergence pessimism
                                  0.00 ^ parallel_out[1]$_SDFFE_PN0P_/CK (DFF_X2)
                          0.00    0.00   library hold time
                                  0.00   data required time
-----------------------------------------------------------------------------
                                  0.00   data required time
                                 -0.13   data arrival time
-----------------------------------------------------------------------------
                                  0.13   slack (MET)



==========================================================================
detailed place report_checks -path_delay max
--------------------------------------------------------------------------
Startpoint: parallel_out[1]$_SDFFE_PN0P_
            (rising edge-triggered flip-flop clocked by core_clock)
Endpoint: parallel_out[3] (output port clocked by core_clock)
Path Group: core_clock
Path Type: max

Fanout     Cap    Slew   Delay    Time   Description
-----------------------------------------------------------------------------
                  0.00    0.00    0.00   clock core_clock (rise edge)
                          0.00    0.00   clock network delay (ideal)
                  0.00    0.00    0.00 ^ parallel_out[1]$_SDFFE_PN0P_/CK (DFF_X2)
     5    9.53    0.02    0.12    0.12 ^ parallel_out[1]$_SDFFE_PN0P_/Q (DFF_X2)
                                         net6 (net)
                  0.02    0.00    0.12 ^ _10_/A (BUF_X1)
     1    2.73    0.01    0.03    0.15 ^ _10_/Z (BUF_X1)
                                         net4 (net)
                  0.01    0.00    0.15 ^ output4/A (BUF_X1)
     1    1.47    0.01    0.02    0.17 ^ output4/Z (BUF_X1)
                                         parallel_out[3] (net)
                  0.01    0.00    0.17 ^ parallel_out[3] (out)
                                  0.17   data arrival time

                  0.00    1.00    1.00   clock core_clock (rise edge)
                          0.00    1.00   clock network delay (ideal)
                          0.00    1.00   clock reconvergence pessimism
                         -0.20    0.80   output external delay
                                  0.80   data required time
-----------------------------------------------------------------------------
                                  0.80   data required time
                                 -0.17   data arrival time
-----------------------------------------------------------------------------
                                  0.63   slack (MET)



==========================================================================
detailed place report_checks -unconstrained
--------------------------------------------------------------------------
Startpoint: parallel_out[1]$_SDFFE_PN0P_
            (rising edge-triggered flip-flop clocked by core_clock)
Endpoint: parallel_out[3] (output port clocked by core_clock)
Path Group: core_clock
Path Type: max

Fanout     Cap    Slew   Delay    Time   Description
-----------------------------------------------------------------------------
                  0.00    0.00    0.00   clock core_clock (rise edge)
                          0.00    0.00   clock network delay (ideal)
                  0.00    0.00    0.00 ^ parallel_out[1]$_SDFFE_PN0P_/CK (DFF_X2)
     5    9.53    0.02    0.12    0.12 ^ parallel_out[1]$_SDFFE_PN0P_/Q (DFF_X2)
                                         net6 (net)
                  0.02    0.00    0.12 ^ _10_/A (BUF_X1)
     1    2.73    0.01    0.03    0.15 ^ _10_/Z (BUF_X1)
                                         net4 (net)
                  0.01    0.00    0.15 ^ output4/A (BUF_X1)
     1    1.47    0.01    0.02    0.17 ^ output4/Z (BUF_X1)
                                         parallel_out[3] (net)
                  0.01    0.00    0.17 ^ parallel_out[3] (out)
                                  0.17   data arrival time

                  0.00    1.00    1.00   clock core_clock (rise edge)
                          0.00    1.00   clock network delay (ideal)
                          0.00    1.00   clock reconvergence pessimism
                         -0.20    0.80   output external delay
                                  0.80   data required time
-----------------------------------------------------------------------------
                                  0.80   data required time
                                 -0.17   data arrival time
-----------------------------------------------------------------------------
                                  0.63   slack (MET)



==========================================================================
detailed place report_check_types -max_slew -max_cap -max_fanout -violators
--------------------------------------------------------------------------

==========================================================================
detailed place max_slew_check_slack
--------------------------------------------------------------------------
0.1797378808259964

==========================================================================
detailed place max_slew_check_limit
--------------------------------------------------------------------------
0.1985349953174591

==========================================================================
detailed place max_slew_check_slack_limit
--------------------------------------------------------------------------
0.9053

==========================================================================
detailed place max_fanout_check_slack
--------------------------------------------------------------------------
1.0000000150474662e+30

==========================================================================
detailed place max_fanout_check_limit
--------------------------------------------------------------------------
1.0000000150474662e+30

==========================================================================
detailed place max_capacitance_check_slack
--------------------------------------------------------------------------
24.219566345214844

==========================================================================
detailed place max_capacitance_check_limit
--------------------------------------------------------------------------
26.054399490356445

==========================================================================
detailed place max_capacitance_check_slack_limit
--------------------------------------------------------------------------
0.9296

==========================================================================
detailed place max_slew_violation_count
--------------------------------------------------------------------------
max slew violation count 0

==========================================================================
detailed place max_fanout_violation_count
--------------------------------------------------------------------------
max fanout violation count 0

==========================================================================
detailed place max_cap_violation_count
--------------------------------------------------------------------------
max cap violation count 0

==========================================================================
detailed place setup_violation_count
--------------------------------------------------------------------------
setup violation count 0

==========================================================================
detailed place hold_violation_count
--------------------------------------------------------------------------
hold violation count 0

==========================================================================
detailed place report_checks -path_delay max reg to reg
--------------------------------------------------------------------------
Startpoint: parallel_out[1]$_SDFFE_PN0P_
            (rising edge-triggered flip-flop clocked by core_clock)
Endpoint: parallel_out[1]$_SDFFE_PN0P_
          (rising edge-triggered flip-flop clocked by core_clock)
Path Group: core_clock
Path Type: max

  Delay    Time   Description
---------------------------------------------------------
   0.00    0.00   clock core_clock (rise edge)
   0.00    0.00   clock network delay (ideal)
   0.00    0.00 ^ parallel_out[1]$_SDFFE_PN0P_/CK (DFF_X2)
   0.12    0.12 ^ parallel_out[1]$_SDFFE_PN0P_/Q (DFF_X2)
   0.02    0.14 v _04_/ZN (OAI21_X1)
   0.01    0.15 ^ _05_/ZN (INV_X1)
   0.00    0.15 ^ parallel_out[1]$_SDFFE_PN0P_/D (DFF_X2)
           0.15   data arrival time

   1.00    1.00   clock core_clock (rise edge)
   0.00    1.00   clock network delay (ideal)
   0.00    1.00   clock reconvergence pessimism
           1.00 ^ parallel_out[1]$_SDFFE_PN0P_/CK (DFF_X2)
  -0.03    0.97   library setup time
           0.97   data required time
---------------------------------------------------------
           0.97   data required time
          -0.15   data arrival time
---------------------------------------------------------
           0.82   slack (MET)



==========================================================================
detailed place report_checks -path_delay min reg to reg
--------------------------------------------------------------------------
Startpoint: parallel_out[1]$_SDFFE_PN0P_
            (rising edge-triggered flip-flop clocked by core_clock)
Endpoint: parallel_out[1]$_SDFFE_PN0P_
          (rising edge-triggered flip-flop clocked by core_clock)
Path Group: core_clock
Path Type: min

  Delay    Time   Description
---------------------------------------------------------
   0.00    0.00   clock core_clock (rise edge)
   0.00    0.00   clock network delay (ideal)
   0.00    0.00 ^ parallel_out[1]$_SDFFE_PN0P_/CK (DFF_X2)
   0.09    0.09 v parallel_out[1]$_SDFFE_PN0P_/Q (DFF_X2)
   0.03    0.13 ^ _04_/ZN (OAI21_X1)
   0.01    0.13 v _05_/ZN (INV_X1)
   0.00    0.13 v parallel_out[1]$_SDFFE_PN0P_/D (DFF_X2)
           0.13   data arrival time

   0.00    0.00   clock core_clock (rise edge)
   0.00    0.00   clock network delay (ideal)
   0.00    0.00   clock reconvergence pessimism
           0.00 ^ parallel_out[1]$_SDFFE_PN0P_/CK (DFF_X2)
   0.00    0.00   library hold time
           0.00   data required time
---------------------------------------------------------
           0.00   data required time
          -0.13   data arrival time
---------------------------------------------------------
           0.13   slack (MET)



==========================================================================
detailed place critical path target clock latency max path
--------------------------------------------------------------------------
0.0000

==========================================================================
detailed place critical path target clock latency min path
--------------------------------------------------------------------------
0.0000

==========================================================================
detailed place critical path source clock latency min path
--------------------------------------------------------------------------
0.0000

==========================================================================
detailed place critical path delay
--------------------------------------------------------------------------
0.1678

==========================================================================
detailed place critical path slack
--------------------------------------------------------------------------
0.6322

==========================================================================
detailed place slack div critical path delay
--------------------------------------------------------------------------
376.758045

==========================================================================
detailed place report_power
--------------------------------------------------------------------------
Group                  Internal  Switching    Leakage      Total
                          Power      Power      Power      Power (Watts)
----------------------------------------------------------------
Sequential             6.02e-06   7.65e-07   1.14e-07   6.90e-06  59.6%
Combinational          2.93e-06   1.42e-06   3.30e-07   4.69e-06  40.4%
Clock                  0.00e+00   0.00e+00   0.00e+00   0.00e+00   0.0%
Macro                  0.00e+00   0.00e+00   0.00e+00   0.00e+00   0.0%
Pad                    0.00e+00   0.00e+00   0.00e+00   0.00e+00   0.0%
----------------------------------------------------------------
Total                  8.95e-06   2.19e-06   4.45e-07   1.16e-05 100.0%
                          77.3%      18.9%       3.8%
