
==========================================================================
global place report_tns
--------------------------------------------------------------------------
tns 0.00

==========================================================================
global place report_wns
--------------------------------------------------------------------------
wns 0.00

==========================================================================
global place report_worst_slack
--------------------------------------------------------------------------
worst slack 2.49

==========================================================================
global place report_checks -path_delay min
--------------------------------------------------------------------------
Startpoint: rst_n (input port clocked by core_clock)
Endpoint: spi_cs_n$_DFFE_PN1P_
          (removal check against rising-edge clock core_clock)
Path Group: asynchronous
Path Type: min

Fanout     Cap    Slew   Delay    Time   Description
-----------------------------------------------------------------------------
                  0.00    0.00    0.00   clock core_clock (rise edge)
                          0.00    0.00   clock network delay (ideal)
                          0.20    0.20 ^ input external delay
     3    0.01    0.00    0.00    0.20 ^ rst_n (in)
                                         rst_n (net)
                  0.00    0.00    0.20 ^ spi_cs_n$_DFFE_PN1P_/SET_B (sky130_fd_sc_hd__dfstp_2)
                                  0.20   data arrival time

                  0.00    0.00    0.00   clock core_clock (rise edge)
                          0.00    0.00   clock network delay (ideal)
                          0.00    0.00   clock reconvergence pessimism
                                  0.00 ^ spi_cs_n$_DFFE_PN1P_/CLK (sky130_fd_sc_hd__dfstp_2)
                          0.15    0.15   library removal time
                                  0.15   data required time
-----------------------------------------------------------------------------
                                  0.15   data required time
                                 -0.20   data arrival time
-----------------------------------------------------------------------------
                                  0.05   slack (MET)


Startpoint: tx_valid (input port clocked by core_clock)
Endpoint: spi_cs_n$_DFFE_PN1P_
          (rising edge-triggered flip-flop clocked by core_clock)
Path Group: core_clock
Path Type: min

Fanout     Cap    Slew   Delay    Time   Description
-----------------------------------------------------------------------------
                  0.00    0.00    0.00   clock core_clock (rise edge)
                          0.00    0.00   clock network delay (ideal)
                          0.20    0.20 ^ input external delay
     5    0.02    0.00    0.00    0.20 ^ tx_valid (in)
                                         tx_valid (net)
                  0.00    0.00    0.20 ^ _245_/A1 (sky130_fd_sc_hd__a21oi_1)
     1    0.00    0.04    0.04    0.24 v _245_/Y (sky130_fd_sc_hd__a21oi_1)
                                         _022_ (net)
                  0.04    0.00    0.24 v spi_cs_n$_DFFE_PN1P_/D (sky130_fd_sc_hd__dfstp_2)
                                  0.24   data arrival time

                  0.00    0.00    0.00   clock core_clock (rise edge)
                          0.00    0.00   clock network delay (ideal)
                          0.00    0.00   clock reconvergence pessimism
                                  0.00 ^ spi_cs_n$_DFFE_PN1P_/CLK (sky130_fd_sc_hd__dfstp_2)
                         -0.02   -0.02   library hold time
                                 -0.02   data required time
-----------------------------------------------------------------------------
                                 -0.02   data required time
                                 -0.24   data arrival time
-----------------------------------------------------------------------------
                                  0.26   slack (MET)



==========================================================================
global place report_checks -path_delay max
--------------------------------------------------------------------------
Startpoint: rst_n (input port clocked by core_clock)
Endpoint: rx_data[1]$_DFFE_PN0P_
          (recovery check against rising-edge clock core_clock)
Path Group: asynchronous
Path Type: max

Fanout     Cap    Slew   Delay    Time   Description
-----------------------------------------------------------------------------
                  0.00    0.00    0.00   clock core_clock (rise edge)
                          0.00    0.00   clock network delay (ideal)
                          0.20    0.20 ^ input external delay
     3    0.01    0.00    0.00    0.20 ^ rst_n (in)
                                         rst_n (net)
                  0.00    0.00    0.20 ^ hold1/A (sky130_fd_sc_hd__dlygate4sd3_1)
    32    0.15    1.49    1.54    1.74 ^ hold1/X (sky130_fd_sc_hd__dlygate4sd3_1)
                                         net1 (net)
                  1.49    0.00    1.74 ^ rx_data[1]$_DFFE_PN0P_/RESET_B (sky130_fd_sc_hd__dfrtp_1)
                                  1.74   data arrival time

                  0.00    5.00    5.00   clock core_clock (rise edge)
                          0.00    5.00   clock network delay (ideal)
                          0.00    5.00   clock reconvergence pessimism
                                  5.00 ^ rx_data[1]$_DFFE_PN0P_/CLK (sky130_fd_sc_hd__dfrtp_1)
                         -0.17    4.83   library recovery time
                                  4.83   data required time
-----------------------------------------------------------------------------
                                  4.83   data required time
                                 -1.74   data arrival time
-----------------------------------------------------------------------------
                                  3.09   slack (MET)


Startpoint: bit_count[0]$_DFFE_PN0P_
            (rising edge-triggered flip-flop clocked by core_clock)
Endpoint: debug_miso_samples[7]$_DFFE_PN0P_
          (rising edge-triggered flip-flop clocked by core_clock)
Path Group: core_clock
Path Type: max

Fanout     Cap    Slew   Delay    Time   Description
-----------------------------------------------------------------------------
                  0.00    0.00    0.00   clock core_clock (rise edge)
                          0.00    0.00   clock network delay (ideal)
                  0.00    0.00    0.00 ^ bit_count[0]$_DFFE_PN0P_/CLK (sky130_fd_sc_hd__dfrtp_1)
     8    0.03    0.23    0.44    0.44 ^ bit_count[0]$_DFFE_PN0P_/Q (sky130_fd_sc_hd__dfrtp_1)
                                         bit_count[0] (net)
                  0.23    0.00    0.44 ^ _285_/A (sky130_fd_sc_hd__ha_1)
     5    0.02    0.20    0.30    0.74 ^ _285_/COUT (sky130_fd_sc_hd__ha_1)
                                         _142_ (net)
                  0.20    0.00    0.74 ^ _149_/C (sky130_fd_sc_hd__nand3_1)
     4    0.01    0.15    0.17    0.91 v _149_/Y (sky130_fd_sc_hd__nand3_1)
                                         _128_ (net)
                  0.15    0.00    0.91 v _280_/B (sky130_fd_sc_hd__ha_1)
     7    0.03    0.15    0.42    1.33 v _280_/SUM (sky130_fd_sc_hd__ha_1)
                                         _130_ (net)
                  0.15    0.00    1.33 v _174_/A (sky130_fd_sc_hd__nor4b_4)
     3    0.01    0.24    0.34    1.67 ^ _174_/Y (sky130_fd_sc_hd__nor4b_4)
                                         _050_ (net)
                  0.24    0.00    1.67 ^ _208_/A2 (sky130_fd_sc_hd__a32oi_1)
     4    0.01    0.15    0.21    1.88 v _208_/Y (sky130_fd_sc_hd__a32oi_1)
                                         _081_ (net)
                  0.15    0.00    1.88 v _212_/C (sky130_fd_sc_hd__or3_1)
     3    0.01    0.10    0.38    2.25 v _212_/X (sky130_fd_sc_hd__or3_1)
                                         _085_ (net)
                  0.10    0.00    2.25 v _228_/A1 (sky130_fd_sc_hd__o22ai_1)
     1    0.00    0.12    0.17    2.42 ^ _228_/Y (sky130_fd_sc_hd__o22ai_1)
                                         _011_ (net)
                  0.12    0.00    2.42 ^ debug_miso_samples[7]$_DFFE_PN0P_/D (sky130_fd_sc_hd__dfrtp_1)
                                  2.42   data arrival time

                  0.00    5.00    5.00   clock core_clock (rise edge)
                          0.00    5.00   clock network delay (ideal)
                          0.00    5.00   clock reconvergence pessimism
                                  5.00 ^ debug_miso_samples[7]$_DFFE_PN0P_/CLK (sky130_fd_sc_hd__dfrtp_1)
                         -0.08    4.92   library setup time
                                  4.92   data required time
-----------------------------------------------------------------------------
                                  4.92   data required time
                                 -2.42   data arrival time
-----------------------------------------------------------------------------
                                  2.49   slack (MET)



==========================================================================
global place report_checks -unconstrained
--------------------------------------------------------------------------
Startpoint: rst_n (input port clocked by core_clock)
Endpoint: rx_data[1]$_DFFE_PN0P_
          (recovery check against rising-edge clock core_clock)
Path Group: asynchronous
Path Type: max

Fanout     Cap    Slew   Delay    Time   Description
-----------------------------------------------------------------------------
                  0.00    0.00    0.00   clock core_clock (rise edge)
                          0.00    0.00   clock network delay (ideal)
                          0.20    0.20 ^ input external delay
     3    0.01    0.00    0.00    0.20 ^ rst_n (in)
                                         rst_n (net)
                  0.00    0.00    0.20 ^ hold1/A (sky130_fd_sc_hd__dlygate4sd3_1)
    32    0.15    1.49    1.54    1.74 ^ hold1/X (sky130_fd_sc_hd__dlygate4sd3_1)
                                         net1 (net)
                  1.49    0.00    1.74 ^ rx_data[1]$_DFFE_PN0P_/RESET_B (sky130_fd_sc_hd__dfrtp_1)
                                  1.74   data arrival time

                  0.00    5.00    5.00   clock core_clock (rise edge)
                          0.00    5.00   clock network delay (ideal)
                          0.00    5.00   clock reconvergence pessimism
                                  5.00 ^ rx_data[1]$_DFFE_PN0P_/CLK (sky130_fd_sc_hd__dfrtp_1)
                         -0.17    4.83   library recovery time
                                  4.83   data required time
-----------------------------------------------------------------------------
                                  4.83   data required time
                                 -1.74   data arrival time
-----------------------------------------------------------------------------
                                  3.09   slack (MET)


Startpoint: bit_count[0]$_DFFE_PN0P_
            (rising edge-triggered flip-flop clocked by core_clock)
Endpoint: debug_miso_samples[7]$_DFFE_PN0P_
          (rising edge-triggered flip-flop clocked by core_clock)
Path Group: core_clock
Path Type: max

Fanout     Cap    Slew   Delay    Time   Description
-----------------------------------------------------------------------------
                  0.00    0.00    0.00   clock core_clock (rise edge)
                          0.00    0.00   clock network delay (ideal)
                  0.00    0.00    0.00 ^ bit_count[0]$_DFFE_PN0P_/CLK (sky130_fd_sc_hd__dfrtp_1)
     8    0.03    0.23    0.44    0.44 ^ bit_count[0]$_DFFE_PN0P_/Q (sky130_fd_sc_hd__dfrtp_1)
                                         bit_count[0] (net)
                  0.23    0.00    0.44 ^ _285_/A (sky130_fd_sc_hd__ha_1)
     5    0.02    0.20    0.30    0.74 ^ _285_/COUT (sky130_fd_sc_hd__ha_1)
                                         _142_ (net)
                  0.20    0.00    0.74 ^ _149_/C (sky130_fd_sc_hd__nand3_1)
     4    0.01    0.15    0.17    0.91 v _149_/Y (sky130_fd_sc_hd__nand3_1)
                                         _128_ (net)
                  0.15    0.00    0.91 v _280_/B (sky130_fd_sc_hd__ha_1)
     7    0.03    0.15    0.42    1.33 v _280_/SUM (sky130_fd_sc_hd__ha_1)
                                         _130_ (net)
                  0.15    0.00    1.33 v _174_/A (sky130_fd_sc_hd__nor4b_4)
     3    0.01    0.24    0.34    1.67 ^ _174_/Y (sky130_fd_sc_hd__nor4b_4)
                                         _050_ (net)
                  0.24    0.00    1.67 ^ _208_/A2 (sky130_fd_sc_hd__a32oi_1)
     4    0.01    0.15    0.21    1.88 v _208_/Y (sky130_fd_sc_hd__a32oi_1)
                                         _081_ (net)
                  0.15    0.00    1.88 v _212_/C (sky130_fd_sc_hd__or3_1)
     3    0.01    0.10    0.38    2.25 v _212_/X (sky130_fd_sc_hd__or3_1)
                                         _085_ (net)
                  0.10    0.00    2.25 v _228_/A1 (sky130_fd_sc_hd__o22ai_1)
     1    0.00    0.12    0.17    2.42 ^ _228_/Y (sky130_fd_sc_hd__o22ai_1)
                                         _011_ (net)
                  0.12    0.00    2.42 ^ debug_miso_samples[7]$_DFFE_PN0P_/D (sky130_fd_sc_hd__dfrtp_1)
                                  2.42   data arrival time

                  0.00    5.00    5.00   clock core_clock (rise edge)
                          0.00    5.00   clock network delay (ideal)
                          0.00    5.00   clock reconvergence pessimism
                                  5.00 ^ debug_miso_samples[7]$_DFFE_PN0P_/CLK (sky130_fd_sc_hd__dfrtp_1)
                         -0.08    4.92   library setup time
                                  4.92   data required time
-----------------------------------------------------------------------------
                                  4.92   data required time
                                 -2.42   data arrival time
-----------------------------------------------------------------------------
                                  2.49   slack (MET)



==========================================================================
global place report_power
--------------------------------------------------------------------------
Group                  Internal  Switching    Leakage      Total
                          Power      Power      Power      Power (Watts)
----------------------------------------------------------------
Sequential             4.04e-04   6.75e-05   4.31e-10   4.71e-04  41.1%
Combinational          2.98e-04   3.78e-04   4.29e-10   6.76e-04  58.9%
Clock                  0.00e+00   0.00e+00   0.00e+00   0.00e+00   0.0%
Macro                  0.00e+00   0.00e+00   0.00e+00   0.00e+00   0.0%
Pad                    0.00e+00   0.00e+00   0.00e+00   0.00e+00   0.0%
----------------------------------------------------------------
Total                  7.01e-04   4.46e-04   8.60e-10   1.15e-03 100.0%
                          61.1%      38.9%       0.0%
