
==========================================================================
resizer report_tns
--------------------------------------------------------------------------
tns max -0.13

==========================================================================
resizer report_wns
--------------------------------------------------------------------------
wns max -0.13

==========================================================================
resizer report_worst_slack
--------------------------------------------------------------------------
worst slack max -0.13

==========================================================================
resizer report_checks -path_delay min
--------------------------------------------------------------------------
Startpoint: reset (input port clocked by clk)
Endpoint: dp.pcreg.q[26]$_DFF_PP0_ (removal check against rising-edge clock clk)
Path Group: asynchronous
Path Type: min

Fanout     Cap    Slew   Delay    Time   Description
-----------------------------------------------------------------------------
                  0.00    0.00    0.00   clock clk (rise edge)
                          0.00    0.00   clock network delay (ideal)
                          2.00    2.00 v input external delay
     1    0.04    0.00    0.00    2.00 v reset (in)
                                         reset (net)
                  0.00    0.00    2.00 v input65/I (gf180mcu_fd_sc_mcu9t5v0__buf_8)
     1    0.14    0.10    0.14    2.14 v input65/Z (gf180mcu_fd_sc_mcu9t5v0__buf_8)
                                         net65 (net)
                  0.10    0.00    2.14 v _08491_/I (gf180mcu_fd_sc_mcu9t5v0__inv_20)
    32    0.47    0.20    0.15    2.29 ^ _08491_/ZN (gf180mcu_fd_sc_mcu9t5v0__inv_20)
                                         _00000_ (net)
                  0.20    0.00    2.29 ^ dp.pcreg.q[26]$_DFF_PP0_/RN (gf180mcu_fd_sc_mcu9t5v0__dffrnq_2)
                                  2.29   data arrival time

                  0.00    0.00    0.00   clock clk (rise edge)
                          0.00    0.00   clock network delay (ideal)
                          0.00    0.00   clock reconvergence pessimism
                                  0.00 ^ dp.pcreg.q[26]$_DFF_PP0_/CLK (gf180mcu_fd_sc_mcu9t5v0__dffrnq_2)
                          0.24    0.24   library removal time
                                  0.24   data required time
-----------------------------------------------------------------------------
                                  0.24   data required time
                                 -2.29   data arrival time
-----------------------------------------------------------------------------
                                  2.05   slack (MET)


Startpoint: dp.rf.rf[0][2]$_DFFE_PP_
            (rising edge-triggered flip-flop clocked by clk)
Endpoint: dp.rf.rf[0][2]$_DFFE_PP_
          (rising edge-triggered flip-flop clocked by clk)
Path Group: clk
Path Type: min

Fanout     Cap    Slew   Delay    Time   Description
-----------------------------------------------------------------------------
                  0.00    0.00    0.00   clock clk (rise edge)
                          0.00    0.00   clock network delay (ideal)
                  0.00    0.00    0.00 ^ dp.rf.rf[0][2]$_DFFE_PP_/CLK (gf180mcu_fd_sc_mcu9t5v0__dffq_2)
     2    0.01    0.06    0.36    0.36 v dp.rf.rf[0][2]$_DFFE_PP_/Q (gf180mcu_fd_sc_mcu9t5v0__dffq_2)
                                         dp.rf.rf[0][2] (net)
                  0.06    0.00    0.36 v dp.rf.rf[0][2]$_DFFE_PP_/D (gf180mcu_fd_sc_mcu9t5v0__dffq_2)
                                  0.36   data arrival time

                  0.00    0.00    0.00   clock clk (rise edge)
                          0.00    0.00   clock network delay (ideal)
                          0.00    0.00   clock reconvergence pessimism
                                  0.00 ^ dp.rf.rf[0][2]$_DFFE_PP_/CLK (gf180mcu_fd_sc_mcu9t5v0__dffq_2)
                          0.07    0.07   library hold time
                                  0.07   data required time
-----------------------------------------------------------------------------
                                  0.07   data required time
                                 -0.36   data arrival time
-----------------------------------------------------------------------------
                                  0.29   slack (MET)



==========================================================================
resizer report_checks -path_delay max
--------------------------------------------------------------------------
Startpoint: reset (input port clocked by clk)
Endpoint: dp.pcreg.q[0]$_DFFE_PP0P_
          (recovery check against rising-edge clock clk)
Path Group: asynchronous
Path Type: max

Fanout     Cap    Slew   Delay    Time   Description
-----------------------------------------------------------------------------
                  0.00    0.00    0.00   clock clk (rise edge)
                          0.00    0.00   clock network delay (ideal)
                          2.00    2.00 v input external delay
     1    0.04    0.00    0.00    2.00 v reset (in)
                                         reset (net)
                  0.00    0.00    2.00 v input65/I (gf180mcu_fd_sc_mcu9t5v0__buf_8)
     1    0.14    0.10    0.14    2.14 v input65/Z (gf180mcu_fd_sc_mcu9t5v0__buf_8)
                                         net65 (net)
                  0.10    0.00    2.14 v _08491_/I (gf180mcu_fd_sc_mcu9t5v0__inv_20)
    32    0.47    0.20    0.15    2.29 ^ _08491_/ZN (gf180mcu_fd_sc_mcu9t5v0__inv_20)
                                         _00000_ (net)
                  0.20    0.00    2.29 ^ dp.pcreg.q[0]$_DFFE_PP0P_/RN (gf180mcu_fd_sc_mcu9t5v0__dffrnq_2)
                                  2.29   data arrival time

                  0.00   10.00   10.00   clock clk (rise edge)
                          0.00   10.00   clock network delay (ideal)
                          0.00   10.00   clock reconvergence pessimism
                                 10.00 ^ dp.pcreg.q[0]$_DFFE_PP0P_/CLK (gf180mcu_fd_sc_mcu9t5v0__dffrnq_2)
                          0.10   10.10   library recovery time
                                 10.10   data required time
-----------------------------------------------------------------------------
                                 10.10   data required time
                                 -2.29   data arrival time
-----------------------------------------------------------------------------
                                  7.81   slack (MET)


Startpoint: instr[3] (input port clocked by clk)
Endpoint: aluout[0] (output port clocked by clk)
Path Group: clk
Path Type: max

Fanout     Cap    Slew   Delay    Time   Description
-----------------------------------------------------------------------------
                  0.00    0.00    0.00   clock clk (rise edge)
                          0.00    0.00   clock network delay (ideal)
                          2.00    2.00 v input external delay
     1    0.08    0.00    0.00    2.00 v instr[3] (in)
                                         instr[3] (net)
                  0.00    0.00    2.00 v input26/I (gf180mcu_fd_sc_mcu9t5v0__buf_4)
     7    0.10    0.13    0.16    2.16 v input26/Z (gf180mcu_fd_sc_mcu9t5v0__buf_4)
                                         net26 (net)
                  0.13    0.00    2.16 v _05580_/A1 (gf180mcu_fd_sc_mcu9t5v0__or2_4)
    18    0.31    0.36    0.41    2.57 v _05580_/Z (gf180mcu_fd_sc_mcu9t5v0__or2_4)
                                         _01125_ (net)
                  0.36    0.00    2.57 v _05581_/A3 (gf180mcu_fd_sc_mcu9t5v0__or3_4)
    28    0.59    0.67    0.73    3.30 v _05581_/Z (gf180mcu_fd_sc_mcu9t5v0__or3_4)
                                         _01126_ (net)
                  0.67    0.00    3.30 v place527/I (gf180mcu_fd_sc_mcu9t5v0__buf_8)
    11    0.19    0.14    0.34    3.64 v place527/Z (gf180mcu_fd_sc_mcu9t5v0__buf_8)
                                         net527 (net)
                  0.14    0.00    3.64 v _05786_/A3 (gf180mcu_fd_sc_mcu9t5v0__and3_4)
     6    0.09    0.14    0.26    3.91 v _05786_/Z (gf180mcu_fd_sc_mcu9t5v0__and3_4)
                                         _01324_ (net)
                  0.14    0.00    3.91 v _07380_/B (gf180mcu_fd_sc_mcu9t5v0__aoi211_2)
     1    0.03    0.42    0.29    4.19 ^ _07380_/ZN (gf180mcu_fd_sc_mcu9t5v0__aoi211_2)
                                         _02790_ (net)
                  0.42    0.00    4.19 ^ _07382_/A3 (gf180mcu_fd_sc_mcu9t5v0__oai32_4)
     3    0.07    0.26    0.18    4.38 v _07382_/ZN (gf180mcu_fd_sc_mcu9t5v0__oai32_4)
                                         _05363_[0] (net)
                  0.26    0.00    4.38 v _07395_/I0 (gf180mcu_fd_sc_mcu9t5v0__mux2_2)
     2    0.07    0.21    0.35    4.73 v _07395_/Z (gf180mcu_fd_sc_mcu9t5v0__mux2_2)
                                         _02803_ (net)
                  0.21    0.00    4.73 v _07399_/A2 (gf180mcu_fd_sc_mcu9t5v0__xnor2_2)
     2    0.03    0.17    0.41    5.14 ^ _07399_/ZN (gf180mcu_fd_sc_mcu9t5v0__xnor2_2)
                                         _05344_[0] (net)
                  0.17    0.00    5.14 ^ _10923_/B (gf180mcu_fd_sc_mcu9t5v0__addh_4)
     7    0.10    0.16    0.34    5.48 v _10923_/S (gf180mcu_fd_sc_mcu9t5v0__addh_4)
                                         _05346_[0] (net)
                  0.16    0.00    5.48 v _07598_/A2 (gf180mcu_fd_sc_mcu9t5v0__aoi21_2)
     1    0.02    0.24    0.18    5.66 ^ _07598_/ZN (gf180mcu_fd_sc_mcu9t5v0__aoi21_2)
                                         _02980_ (net)
                  0.24    0.00    5.66 ^ _07600_/A2 (gf180mcu_fd_sc_mcu9t5v0__oai21_2)
     3    0.04    0.20    0.15    5.82 v _07600_/ZN (gf180mcu_fd_sc_mcu9t5v0__oai21_2)
                                         _02982_ (net)
                  0.20    0.00    5.82 v _07602_/A2 (gf180mcu_fd_sc_mcu9t5v0__aoi21_2)
     2    0.05    0.40    0.28    6.09 ^ _07602_/ZN (gf180mcu_fd_sc_mcu9t5v0__aoi21_2)
                                         _02984_ (net)
                  0.40    0.00    6.09 ^ _07622_/A1 (gf180mcu_fd_sc_mcu9t5v0__oai211_2)
     2    0.05    0.34    0.22    6.31 v _07622_/ZN (gf180mcu_fd_sc_mcu9t5v0__oai211_2)
                                         _03004_ (net)
                  0.34    0.00    6.31 v _07634_/A1 (gf180mcu_fd_sc_mcu9t5v0__nand4_4)
     2    0.06    0.31    0.22    6.53 ^ _07634_/ZN (gf180mcu_fd_sc_mcu9t5v0__nand4_4)
                                         _03016_ (net)
                  0.31    0.00    6.53 ^ _07645_/A1 (gf180mcu_fd_sc_mcu9t5v0__aoi21_2)
     2    0.02    0.15    0.10    6.63 v _07645_/ZN (gf180mcu_fd_sc_mcu9t5v0__aoi21_2)
                                         _03027_ (net)
                  0.15    0.00    6.63 v _07650_/A2 (gf180mcu_fd_sc_mcu9t5v0__or4_2)
     1    0.01    0.13    0.33    6.96 v _07650_/Z (gf180mcu_fd_sc_mcu9t5v0__or4_2)
                                         _03032_ (net)
                  0.13    0.00    6.96 v _07653_/A1 (gf180mcu_fd_sc_mcu9t5v0__nand3_2)
     4    0.05    0.31    0.19    7.15 ^ _07653_/ZN (gf180mcu_fd_sc_mcu9t5v0__nand3_2)
                                         _03035_ (net)
                  0.31    0.00    7.15 ^ _07656_/A1 (gf180mcu_fd_sc_mcu9t5v0__oai21_2)
     1    0.02    0.15    0.09    7.24 v _07656_/ZN (gf180mcu_fd_sc_mcu9t5v0__oai21_2)
                                         _03038_ (net)
                  0.15    0.00    7.24 v _07657_/A2 (gf180mcu_fd_sc_mcu9t5v0__nand2_2)
     1    0.02    0.16    0.14    7.37 ^ _07657_/ZN (gf180mcu_fd_sc_mcu9t5v0__nand2_2)
                                         _03039_ (net)
                  0.16    0.00    7.37 ^ _07658_/S (gf180mcu_fd_sc_mcu9t5v0__mux2_2)
     1    0.03    0.12    0.27    7.65 v _07658_/Z (gf180mcu_fd_sc_mcu9t5v0__mux2_2)
                                         _03040_ (net)
                  0.12    0.00    7.65 v _07681_/B1 (gf180mcu_fd_sc_mcu9t5v0__aoi22_2)
     2    0.05    0.45    0.29    7.94 ^ _07681_/ZN (gf180mcu_fd_sc_mcu9t5v0__aoi22_2)
                                         net66 (net)
                  0.45    0.00    7.94 ^ output66/I (gf180mcu_fd_sc_mcu9t5v0__buf_4)
     1    0.08    0.16    0.19    8.13 ^ output66/Z (gf180mcu_fd_sc_mcu9t5v0__buf_4)
                                         aluout[0] (net)
                  0.16    0.00    8.13 ^ aluout[0] (out)
                                  8.13   data arrival time

                  0.00   10.00   10.00   clock clk (rise edge)
                          0.00   10.00   clock network delay (ideal)
                          0.00   10.00   clock reconvergence pessimism
                         -2.00    8.00   output external delay
                                  8.00   data required time
-----------------------------------------------------------------------------
                                  8.00   data required time
                                 -8.13   data arrival time
-----------------------------------------------------------------------------
                                 -0.13   slack (VIOLATED)



==========================================================================
resizer report_checks -unconstrained
--------------------------------------------------------------------------
Startpoint: reset (input port clocked by clk)
Endpoint: dp.pcreg.q[0]$_DFFE_PP0P_
          (recovery check against rising-edge clock clk)
Path Group: asynchronous
Path Type: max

Fanout     Cap    Slew   Delay    Time   Description
-----------------------------------------------------------------------------
                  0.00    0.00    0.00   clock clk (rise edge)
                          0.00    0.00   clock network delay (ideal)
                          2.00    2.00 v input external delay
     1    0.04    0.00    0.00    2.00 v reset (in)
                                         reset (net)
                  0.00    0.00    2.00 v input65/I (gf180mcu_fd_sc_mcu9t5v0__buf_8)
     1    0.14    0.10    0.14    2.14 v input65/Z (gf180mcu_fd_sc_mcu9t5v0__buf_8)
                                         net65 (net)
                  0.10    0.00    2.14 v _08491_/I (gf180mcu_fd_sc_mcu9t5v0__inv_20)
    32    0.47    0.20    0.15    2.29 ^ _08491_/ZN (gf180mcu_fd_sc_mcu9t5v0__inv_20)
                                         _00000_ (net)
                  0.20    0.00    2.29 ^ dp.pcreg.q[0]$_DFFE_PP0P_/RN (gf180mcu_fd_sc_mcu9t5v0__dffrnq_2)
                                  2.29   data arrival time

                  0.00   10.00   10.00   clock clk (rise edge)
                          0.00   10.00   clock network delay (ideal)
                          0.00   10.00   clock reconvergence pessimism
                                 10.00 ^ dp.pcreg.q[0]$_DFFE_PP0P_/CLK (gf180mcu_fd_sc_mcu9t5v0__dffrnq_2)
                          0.10   10.10   library recovery time
                                 10.10   data required time
-----------------------------------------------------------------------------
                                 10.10   data required time
                                 -2.29   data arrival time
-----------------------------------------------------------------------------
                                  7.81   slack (MET)


Startpoint: instr[3] (input port clocked by clk)
Endpoint: aluout[0] (output port clocked by clk)
Path Group: clk
Path Type: max

Fanout     Cap    Slew   Delay    Time   Description
-----------------------------------------------------------------------------
                  0.00    0.00    0.00   clock clk (rise edge)
                          0.00    0.00   clock network delay (ideal)
                          2.00    2.00 v input external delay
     1    0.08    0.00    0.00    2.00 v instr[3] (in)
                                         instr[3] (net)
                  0.00    0.00    2.00 v input26/I (gf180mcu_fd_sc_mcu9t5v0__buf_4)
     7    0.10    0.13    0.16    2.16 v input26/Z (gf180mcu_fd_sc_mcu9t5v0__buf_4)
                                         net26 (net)
                  0.13    0.00    2.16 v _05580_/A1 (gf180mcu_fd_sc_mcu9t5v0__or2_4)
    18    0.31    0.36    0.41    2.57 v _05580_/Z (gf180mcu_fd_sc_mcu9t5v0__or2_4)
                                         _01125_ (net)
                  0.36    0.00    2.57 v _05581_/A3 (gf180mcu_fd_sc_mcu9t5v0__or3_4)
    28    0.59    0.67    0.73    3.30 v _05581_/Z (gf180mcu_fd_sc_mcu9t5v0__or3_4)
                                         _01126_ (net)
                  0.67    0.00    3.30 v place527/I (gf180mcu_fd_sc_mcu9t5v0__buf_8)
    11    0.19    0.14    0.34    3.64 v place527/Z (gf180mcu_fd_sc_mcu9t5v0__buf_8)
                                         net527 (net)
                  0.14    0.00    3.64 v _05786_/A3 (gf180mcu_fd_sc_mcu9t5v0__and3_4)
     6    0.09    0.14    0.26    3.91 v _05786_/Z (gf180mcu_fd_sc_mcu9t5v0__and3_4)
                                         _01324_ (net)
                  0.14    0.00    3.91 v _07380_/B (gf180mcu_fd_sc_mcu9t5v0__aoi211_2)
     1    0.03    0.42    0.29    4.19 ^ _07380_/ZN (gf180mcu_fd_sc_mcu9t5v0__aoi211_2)
                                         _02790_ (net)
                  0.42    0.00    4.19 ^ _07382_/A3 (gf180mcu_fd_sc_mcu9t5v0__oai32_4)
     3    0.07    0.26    0.18    4.38 v _07382_/ZN (gf180mcu_fd_sc_mcu9t5v0__oai32_4)
                                         _05363_[0] (net)
                  0.26    0.00    4.38 v _07395_/I0 (gf180mcu_fd_sc_mcu9t5v0__mux2_2)
     2    0.07    0.21    0.35    4.73 v _07395_/Z (gf180mcu_fd_sc_mcu9t5v0__mux2_2)
                                         _02803_ (net)
                  0.21    0.00    4.73 v _07399_/A2 (gf180mcu_fd_sc_mcu9t5v0__xnor2_2)
     2    0.03    0.17    0.41    5.14 ^ _07399_/ZN (gf180mcu_fd_sc_mcu9t5v0__xnor2_2)
                                         _05344_[0] (net)
                  0.17    0.00    5.14 ^ _10923_/B (gf180mcu_fd_sc_mcu9t5v0__addh_4)
     7    0.10    0.16    0.34    5.48 v _10923_/S (gf180mcu_fd_sc_mcu9t5v0__addh_4)
                                         _05346_[0] (net)
                  0.16    0.00    5.48 v _07598_/A2 (gf180mcu_fd_sc_mcu9t5v0__aoi21_2)
     1    0.02    0.24    0.18    5.66 ^ _07598_/ZN (gf180mcu_fd_sc_mcu9t5v0__aoi21_2)
                                         _02980_ (net)
                  0.24    0.00    5.66 ^ _07600_/A2 (gf180mcu_fd_sc_mcu9t5v0__oai21_2)
     3    0.04    0.20    0.15    5.82 v _07600_/ZN (gf180mcu_fd_sc_mcu9t5v0__oai21_2)
                                         _02982_ (net)
                  0.20    0.00    5.82 v _07602_/A2 (gf180mcu_fd_sc_mcu9t5v0__aoi21_2)
     2    0.05    0.40    0.28    6.09 ^ _07602_/ZN (gf180mcu_fd_sc_mcu9t5v0__aoi21_2)
                                         _02984_ (net)
                  0.40    0.00    6.09 ^ _07622_/A1 (gf180mcu_fd_sc_mcu9t5v0__oai211_2)
     2    0.05    0.34    0.22    6.31 v _07622_/ZN (gf180mcu_fd_sc_mcu9t5v0__oai211_2)
                                         _03004_ (net)
                  0.34    0.00    6.31 v _07634_/A1 (gf180mcu_fd_sc_mcu9t5v0__nand4_4)
     2    0.06    0.31    0.22    6.53 ^ _07634_/ZN (gf180mcu_fd_sc_mcu9t5v0__nand4_4)
                                         _03016_ (net)
                  0.31    0.00    6.53 ^ _07645_/A1 (gf180mcu_fd_sc_mcu9t5v0__aoi21_2)
     2    0.02    0.15    0.10    6.63 v _07645_/ZN (gf180mcu_fd_sc_mcu9t5v0__aoi21_2)
                                         _03027_ (net)
                  0.15    0.00    6.63 v _07650_/A2 (gf180mcu_fd_sc_mcu9t5v0__or4_2)
     1    0.01    0.13    0.33    6.96 v _07650_/Z (gf180mcu_fd_sc_mcu9t5v0__or4_2)
                                         _03032_ (net)
                  0.13    0.00    6.96 v _07653_/A1 (gf180mcu_fd_sc_mcu9t5v0__nand3_2)
     4    0.05    0.31    0.19    7.15 ^ _07653_/ZN (gf180mcu_fd_sc_mcu9t5v0__nand3_2)
                                         _03035_ (net)
                  0.31    0.00    7.15 ^ _07656_/A1 (gf180mcu_fd_sc_mcu9t5v0__oai21_2)
     1    0.02    0.15    0.09    7.24 v _07656_/ZN (gf180mcu_fd_sc_mcu9t5v0__oai21_2)
                                         _03038_ (net)
                  0.15    0.00    7.24 v _07657_/A2 (gf180mcu_fd_sc_mcu9t5v0__nand2_2)
     1    0.02    0.16    0.14    7.37 ^ _07657_/ZN (gf180mcu_fd_sc_mcu9t5v0__nand2_2)
                                         _03039_ (net)
                  0.16    0.00    7.37 ^ _07658_/S (gf180mcu_fd_sc_mcu9t5v0__mux2_2)
     1    0.03    0.12    0.27    7.65 v _07658_/Z (gf180mcu_fd_sc_mcu9t5v0__mux2_2)
                                         _03040_ (net)
                  0.12    0.00    7.65 v _07681_/B1 (gf180mcu_fd_sc_mcu9t5v0__aoi22_2)
     2    0.05    0.45    0.29    7.94 ^ _07681_/ZN (gf180mcu_fd_sc_mcu9t5v0__aoi22_2)
                                         net66 (net)
                  0.45    0.00    7.94 ^ output66/I (gf180mcu_fd_sc_mcu9t5v0__buf_4)
     1    0.08    0.16    0.19    8.13 ^ output66/Z (gf180mcu_fd_sc_mcu9t5v0__buf_4)
                                         aluout[0] (net)
                  0.16    0.00    8.13 ^ aluout[0] (out)
                                  8.13   data arrival time

                  0.00   10.00   10.00   clock clk (rise edge)
                          0.00   10.00   clock network delay (ideal)
                          0.00   10.00   clock reconvergence pessimism
                         -2.00    8.00   output external delay
                                  8.00   data required time
-----------------------------------------------------------------------------
                                  8.00   data required time
                                 -8.13   data arrival time
-----------------------------------------------------------------------------
                                 -0.13   slack (VIOLATED)



==========================================================================
resizer report_check_types -max_slew -max_cap -max_fanout -violators
--------------------------------------------------------------------------

==========================================================================
resizer max_slew_check_slack
--------------------------------------------------------------------------
1.210408091545105

==========================================================================
resizer max_slew_check_limit
--------------------------------------------------------------------------
2.799999952316284

==========================================================================
resizer max_slew_check_slack_limit
--------------------------------------------------------------------------
0.4323

==========================================================================
resizer max_fanout_check_slack
--------------------------------------------------------------------------
1.0000000150474662e+30

==========================================================================
resizer max_fanout_check_limit
--------------------------------------------------------------------------
1.0000000150474662e+30

==========================================================================
resizer max_capacitance_check_slack
--------------------------------------------------------------------------
0.20647366344928741

==========================================================================
resizer max_capacitance_check_limit
--------------------------------------------------------------------------
0.22310000658035278

==========================================================================
resizer max_capacitance_check_slack_limit
--------------------------------------------------------------------------
0.9255

==========================================================================
resizer max_slew_violation_count
--------------------------------------------------------------------------
max slew violation count 0

==========================================================================
resizer max_fanout_violation_count
--------------------------------------------------------------------------
max fanout violation count 0

==========================================================================
resizer max_cap_violation_count
--------------------------------------------------------------------------
max cap violation count 0

==========================================================================
resizer setup_violation_count
--------------------------------------------------------------------------
setup violation count 1

==========================================================================
resizer hold_violation_count
--------------------------------------------------------------------------
hold violation count 0

==========================================================================
resizer report_checks -path_delay max reg to reg
--------------------------------------------------------------------------
Startpoint: dp.rf.rf[10][8]$_DFFE_PP_
            (rising edge-triggered flip-flop clocked by clk)
Endpoint: dp.rf.rf[10][30]$_DFFE_PP_
          (rising edge-triggered flip-flop clocked by clk)
Path Group: clk
Path Type: max

  Delay    Time   Description
---------------------------------------------------------
   0.00    0.00   clock clk (rise edge)
   0.00    0.00   clock network delay (ideal)
   0.00    0.00 ^ dp.rf.rf[10][8]$_DFFE_PP_/CLK (gf180mcu_fd_sc_mcu9t5v0__dffq_2)
   0.39    0.39 v dp.rf.rf[10][8]$_DFFE_PP_/Q (gf180mcu_fd_sc_mcu9t5v0__dffq_2)
   0.30    0.69 v _07089_/Z (gf180mcu_fd_sc_mcu9t5v0__mux4_2)
   0.29    0.98 v _07090_/Z (gf180mcu_fd_sc_mcu9t5v0__mux2_2)
   0.21    1.19 v _07091_/Z (gf180mcu_fd_sc_mcu9t5v0__or2_2)
   0.18    1.37 v _07092_/Z (gf180mcu_fd_sc_mcu9t5v0__and2_4)
   0.26    1.63 ^ _07093_/ZN (gf180mcu_fd_sc_mcu9t5v0__oai221_4)
   0.14    1.77 v _07094_/ZN (gf180mcu_fd_sc_mcu9t5v0__clkinv_2)
   0.24    2.02 v _07095_/Z (gf180mcu_fd_sc_mcu9t5v0__mux2_2)
   0.37    2.39 ^ _07096_/ZN (gf180mcu_fd_sc_mcu9t5v0__xnor2_2)
   0.36    2.75 v _10911_/S (gf180mcu_fd_sc_mcu9t5v0__addh_4)
   0.20    2.95 ^ _07610_/ZN (gf180mcu_fd_sc_mcu9t5v0__aoi21_2)
   0.14    3.09 v _07612_/ZN (gf180mcu_fd_sc_mcu9t5v0__oai21_4)
   0.33    3.42 ^ _07613_/ZN (gf180mcu_fd_sc_mcu9t5v0__aoi221_2)
   0.24    3.67 v _07622_/ZN (gf180mcu_fd_sc_mcu9t5v0__oai211_2)
   0.22    3.89 ^ _07634_/ZN (gf180mcu_fd_sc_mcu9t5v0__nand4_4)
   0.10    3.99 v _07645_/ZN (gf180mcu_fd_sc_mcu9t5v0__aoi21_2)
   0.33    4.31 v _07650_/Z (gf180mcu_fd_sc_mcu9t5v0__or4_2)
   0.19    4.50 ^ _07653_/ZN (gf180mcu_fd_sc_mcu9t5v0__nand3_2)
   0.23    4.73 ^ _08464_/Z (gf180mcu_fd_sc_mcu9t5v0__and4_2)
   0.18    4.91 ^ _08465_/Z (gf180mcu_fd_sc_mcu9t5v0__or3_2)
   0.19    5.10 ^ _08466_/Z (gf180mcu_fd_sc_mcu9t5v0__and3_4)
   0.21    5.30 ^ _09154_/Z (gf180mcu_fd_sc_mcu9t5v0__mux2_2)
   0.10    5.40 v _09155_/ZN (gf180mcu_fd_sc_mcu9t5v0__oai32_2)
   0.27    5.67 ^ _09156_/ZN (gf180mcu_fd_sc_mcu9t5v0__aoi21_2)
   0.26    5.93 ^ place477/Z (gf180mcu_fd_sc_mcu9t5v0__buf_8)
   0.17    6.09 ^ _09158_/Z (gf180mcu_fd_sc_mcu9t5v0__mux2_2)
   0.00    6.09 ^ dp.rf.rf[10][30]$_DFFE_PP_/D (gf180mcu_fd_sc_mcu9t5v0__dffq_2)
           6.09   data arrival time

  10.00   10.00   clock clk (rise edge)
   0.00   10.00   clock network delay (ideal)
   0.00   10.00   clock reconvergence pessimism
          10.00 ^ dp.rf.rf[10][30]$_DFFE_PP_/CLK (gf180mcu_fd_sc_mcu9t5v0__dffq_2)
  -0.13    9.87   library setup time
           9.87   data required time
---------------------------------------------------------
           9.87   data required time
          -6.09   data arrival time
---------------------------------------------------------
           3.78   slack (MET)



==========================================================================
resizer report_checks -path_delay min reg to reg
--------------------------------------------------------------------------
Startpoint: dp.rf.rf[0][2]$_DFFE_PP_
            (rising edge-triggered flip-flop clocked by clk)
Endpoint: dp.rf.rf[0][2]$_DFFE_PP_
          (rising edge-triggered flip-flop clocked by clk)
Path Group: clk
Path Type: min

  Delay    Time   Description
---------------------------------------------------------
   0.00    0.00   clock clk (rise edge)
   0.00    0.00   clock network delay (ideal)
   0.00    0.00 ^ dp.rf.rf[0][2]$_DFFE_PP_/CLK (gf180mcu_fd_sc_mcu9t5v0__dffq_2)
   0.36    0.36 v dp.rf.rf[0][2]$_DFFE_PP_/Q (gf180mcu_fd_sc_mcu9t5v0__dffq_2)
   0.00    0.36 v dp.rf.rf[0][2]$_DFFE_PP_/D (gf180mcu_fd_sc_mcu9t5v0__dffq_2)
           0.36   data arrival time

   0.00    0.00   clock clk (rise edge)
   0.00    0.00   clock network delay (ideal)
   0.00    0.00   clock reconvergence pessimism
           0.00 ^ dp.rf.rf[0][2]$_DFFE_PP_/CLK (gf180mcu_fd_sc_mcu9t5v0__dffq_2)
   0.07    0.07   library hold time
           0.07   data required time
---------------------------------------------------------
           0.07   data required time
          -0.36   data arrival time
---------------------------------------------------------
           0.29   slack (MET)



==========================================================================
resizer critical path target clock latency max path
--------------------------------------------------------------------------
0.0000

==========================================================================
resizer critical path target clock latency min path
--------------------------------------------------------------------------
0.0000

==========================================================================
resizer critical path source clock latency min path
--------------------------------------------------------------------------
0.0000

==========================================================================
resizer critical path delay
--------------------------------------------------------------------------
8.1305

==========================================================================
resizer critical path slack
--------------------------------------------------------------------------
-0.1305

==========================================================================
resizer slack div critical path delay
--------------------------------------------------------------------------
-1.605067

==========================================================================
resizer report_power
--------------------------------------------------------------------------
Group                  Internal  Switching    Leakage      Total
                          Power      Power      Power      Power (Watts)
----------------------------------------------------------------
Sequential             1.06e-01   8.76e-03   6.25e-07   1.15e-01  40.5%
Combinational          1.02e-01   6.71e-02   1.47e-06   1.69e-01  59.5%
Clock                  0.00e+00   0.00e+00   6.00e-08   6.00e-08   0.0%
Macro                  0.00e+00   0.00e+00   0.00e+00   0.00e+00   0.0%
Pad                    0.00e+00   0.00e+00   0.00e+00   0.00e+00   0.0%
----------------------------------------------------------------
Total                  2.08e-01   7.59e-02   2.16e-06   2.84e-01 100.0%
                          73.2%      26.8%       0.0%
