
==========================================================================
global route report_tns
--------------------------------------------------------------------------
tns 0.00

==========================================================================
global route report_wns
--------------------------------------------------------------------------
wns 0.00

==========================================================================
global route report_worst_slack
--------------------------------------------------------------------------
worst slack 0.59

==========================================================================
global route report_clock_skew
--------------------------------------------------------------------------
Clock core_clock
   0.06 source latency counter_reg[0]$_SDFFE_PN0P_/CK ^
  -0.06 target latency counter_reg[5]$_SDFFE_PN0P_/CK ^
   0.00 CRPR
--------------
   0.00 setup skew


==========================================================================
global route report_checks -path_delay min
--------------------------------------------------------------------------
Startpoint: counter_reg[5]$_SDFFE_PN0P_
            (rising edge-triggered flip-flop clocked by core_clock)
Endpoint: counter_reg[5]$_SDFFE_PN0P_
          (rising edge-triggered flip-flop clocked by core_clock)
Path Group: core_clock
Path Type: min

Fanout     Cap    Slew   Delay    Time   Description
-----------------------------------------------------------------------------
                          0.00    0.00   clock core_clock (rise edge)
                          0.00    0.00   clock source latency
     1    4.62    0.00    0.00    0.00 ^ clk (in)
                                         clk (net)
                  0.00    0.00    0.00 ^ clkbuf_0_clk/A (CLKBUF_X3)
     2    4.11    0.01    0.03    0.03 ^ clkbuf_0_clk/Z (CLKBUF_X3)
                                         clknet_0_clk (net)
                  0.01    0.00    0.03 ^ clkbuf_1_1__f_clk/A (CLKBUF_X3)
     4    5.23    0.01    0.03    0.06 ^ clkbuf_1_1__f_clk/Z (CLKBUF_X3)
                                         clknet_1_1__leaf_clk (net)
                  0.01    0.00    0.06 ^ counter_reg[5]$_SDFFE_PN0P_/CK (DFF_X1)
     3    6.52    0.02    0.10    0.16 ^ counter_reg[5]$_SDFFE_PN0P_/Q (DFF_X1)
                                         net14 (net)
                  0.02    0.00    0.16 ^ _086_/A (XOR2_X1)
     1    1.82    0.01    0.02    0.17 v _086_/Z (XOR2_X1)
                                         _035_ (net)
                  0.01    0.00    0.17 v _087_/B1 (AOI21_X1)
     1    1.60    0.02    0.02    0.20 ^ _087_/ZN (AOI21_X1)
                                         _006_ (net)
                  0.02    0.00    0.20 ^ counter_reg[5]$_SDFFE_PN0P_/D (DFF_X1)
                                  0.20   data arrival time

                          0.00    0.00   clock core_clock (rise edge)
                          0.00    0.00   clock source latency
     1    4.62    0.00    0.00    0.00 ^ clk (in)
                                         clk (net)
                  0.00    0.00    0.00 ^ clkbuf_0_clk/A (CLKBUF_X3)
     2    4.11    0.01    0.03    0.03 ^ clkbuf_0_clk/Z (CLKBUF_X3)
                                         clknet_0_clk (net)
                  0.01    0.00    0.03 ^ clkbuf_1_1__f_clk/A (CLKBUF_X3)
     4    5.23    0.01    0.03    0.06 ^ clkbuf_1_1__f_clk/Z (CLKBUF_X3)
                                         clknet_1_1__leaf_clk (net)
                  0.01    0.00    0.06 ^ counter_reg[5]$_SDFFE_PN0P_/CK (DFF_X1)
                          0.00    0.06   clock reconvergence pessimism
                          0.01    0.07   library hold time
                                  0.07   data required time
-----------------------------------------------------------------------------
                                  0.07   data required time
                                 -0.20   data arrival time
-----------------------------------------------------------------------------
                                  0.13   slack (MET)



==========================================================================
global route report_checks -path_delay max
--------------------------------------------------------------------------
Startpoint: counter_reg[1]$_SDFFE_PN0P_
            (rising edge-triggered flip-flop clocked by core_clock)
Endpoint: count[1] (output port clocked by core_clock)
Path Group: core_clock
Path Type: max

Fanout     Cap    Slew   Delay    Time   Description
-----------------------------------------------------------------------------
                          0.00    0.00   clock core_clock (rise edge)
                          0.00    0.00   clock source latency
     1    4.62    0.00    0.00    0.00 ^ clk (in)
                                         clk (net)
                  0.00    0.00    0.00 ^ clkbuf_0_clk/A (CLKBUF_X3)
     2    4.11    0.01    0.03    0.03 ^ clkbuf_0_clk/Z (CLKBUF_X3)
                                         clknet_0_clk (net)
                  0.01    0.00    0.03 ^ clkbuf_1_0__f_clk/A (CLKBUF_X3)
     4    5.51    0.01    0.03    0.06 ^ clkbuf_1_0__f_clk/Z (CLKBUF_X3)
                                         clknet_1_0__leaf_clk (net)
                  0.01    0.00    0.06 ^ counter_reg[1]$_SDFFE_PN0P_/CK (DFF_X2)
     6   13.20    0.02    0.13    0.18 ^ counter_reg[1]$_SDFFE_PN0P_/Q (DFF_X2)
                                         net10 (net)
                  0.02    0.00    0.18 ^ output10/A (BUF_X1)
     1    0.59    0.01    0.02    0.21 ^ output10/Z (BUF_X1)
                                         count[1] (net)
                  0.01    0.00    0.21 ^ count[1] (out)
                                  0.21   data arrival time

                          1.00    1.00   clock core_clock (rise edge)
                          0.00    1.00   clock network delay (propagated)
                          0.00    1.00   clock reconvergence pessimism
                         -0.20    0.80   output external delay
                                  0.80   data required time
-----------------------------------------------------------------------------
                                  0.80   data required time
                                 -0.21   data arrival time
-----------------------------------------------------------------------------
                                  0.59   slack (MET)



==========================================================================
global route report_checks -unconstrained
--------------------------------------------------------------------------
Startpoint: counter_reg[1]$_SDFFE_PN0P_
            (rising edge-triggered flip-flop clocked by core_clock)
Endpoint: count[1] (output port clocked by core_clock)
Path Group: core_clock
Path Type: max

Fanout     Cap    Slew   Delay    Time   Description
-----------------------------------------------------------------------------
                          0.00    0.00   clock core_clock (rise edge)
                          0.00    0.00   clock source latency
     1    4.62    0.00    0.00    0.00 ^ clk (in)
                                         clk (net)
                  0.00    0.00    0.00 ^ clkbuf_0_clk/A (CLKBUF_X3)
     2    4.11    0.01    0.03    0.03 ^ clkbuf_0_clk/Z (CLKBUF_X3)
                                         clknet_0_clk (net)
                  0.01    0.00    0.03 ^ clkbuf_1_0__f_clk/A (CLKBUF_X3)
     4    5.51    0.01    0.03    0.06 ^ clkbuf_1_0__f_clk/Z (CLKBUF_X3)
                                         clknet_1_0__leaf_clk (net)
                  0.01    0.00    0.06 ^ counter_reg[1]$_SDFFE_PN0P_/CK (DFF_X2)
     6   13.20    0.02    0.13    0.18 ^ counter_reg[1]$_SDFFE_PN0P_/Q (DFF_X2)
                                         net10 (net)
                  0.02    0.00    0.18 ^ output10/A (BUF_X1)
     1    0.59    0.01    0.02    0.21 ^ output10/Z (BUF_X1)
                                         count[1] (net)
                  0.01    0.00    0.21 ^ count[1] (out)
                                  0.21   data arrival time

                          1.00    1.00   clock core_clock (rise edge)
                          0.00    1.00   clock network delay (propagated)
                          0.00    1.00   clock reconvergence pessimism
                         -0.20    0.80   output external delay
                                  0.80   data required time
-----------------------------------------------------------------------------
                                  0.80   data required time
                                 -0.21   data arrival time
-----------------------------------------------------------------------------
                                  0.59   slack (MET)



==========================================================================
global route report_check_types -max_slew -max_cap -max_fanout -violators
--------------------------------------------------------------------------

==========================================================================
global route max_slew_check_slack
--------------------------------------------------------------------------
0.16884902119636536

==========================================================================
global route max_slew_check_limit
--------------------------------------------------------------------------
0.1985349953174591

==========================================================================
global route max_slew_check_slack_limit
--------------------------------------------------------------------------
0.8505

==========================================================================
global route max_fanout_check_slack
--------------------------------------------------------------------------
1.0000000150474662e+30

==========================================================================
global route max_fanout_check_limit
--------------------------------------------------------------------------
1.0000000150474662e+30

==========================================================================
global route max_capacitance_check_slack
--------------------------------------------------------------------------
14.37915325164795

==========================================================================
global route max_capacitance_check_limit
--------------------------------------------------------------------------
16.021699905395508

==========================================================================
global route max_capacitance_check_slack_limit
--------------------------------------------------------------------------
0.8975

==========================================================================
global route max_slew_violation_count
--------------------------------------------------------------------------
max slew violation count 0

==========================================================================
global route max_fanout_violation_count
--------------------------------------------------------------------------
max fanout violation count 0

==========================================================================
global route max_cap_violation_count
--------------------------------------------------------------------------
max cap violation count 0

==========================================================================
global route setup_violation_count
--------------------------------------------------------------------------
setup violation count 0

==========================================================================
global route hold_violation_count
--------------------------------------------------------------------------
hold violation count 0

==========================================================================
global route report_checks -path_delay max reg to reg
--------------------------------------------------------------------------
Startpoint: counter_reg[3]$_SDFFE_PN0P_
            (rising edge-triggered flip-flop clocked by core_clock)
Endpoint: counter_reg[5]$_SDFFE_PN0P_
          (rising edge-triggered flip-flop clocked by core_clock)
Path Group: core_clock
Path Type: max

  Delay    Time   Description
---------------------------------------------------------
   0.00    0.00   clock core_clock (rise edge)
   0.00    0.00   clock source latency
   0.00    0.00 ^ clk (in)
   0.03    0.03 ^ clkbuf_0_clk/Z (CLKBUF_X3)
   0.03    0.06 ^ clkbuf_1_1__f_clk/Z (CLKBUF_X3)
   0.00    0.06 ^ counter_reg[3]$_SDFFE_PN0P_/CK (DFF_X2)
   0.12    0.18 ^ counter_reg[3]$_SDFFE_PN0P_/Q (DFF_X2)
   0.04    0.22 ^ _084_/ZN (AND3_X1)
   0.04    0.26 v _085_/ZN (NAND4_X1)
   0.06    0.32 v _086_/Z (XOR2_X1)
   0.03    0.35 ^ _087_/ZN (AOI21_X1)
   0.00    0.35 ^ counter_reg[5]$_SDFFE_PN0P_/D (DFF_X1)
           0.35   data arrival time

   1.00    1.00   clock core_clock (rise edge)
   0.00    1.00   clock source latency
   0.00    1.00 ^ clk (in)
   0.03    1.03 ^ clkbuf_0_clk/Z (CLKBUF_X3)
   0.03    1.06 ^ clkbuf_1_1__f_clk/Z (CLKBUF_X3)
   0.00    1.06 ^ counter_reg[5]$_SDFFE_PN0P_/CK (DFF_X1)
   0.00    1.06   clock reconvergence pessimism
  -0.03    1.02   library setup time
           1.02   data required time
---------------------------------------------------------
           1.02   data required time
          -0.35   data arrival time
---------------------------------------------------------
           0.68   slack (MET)



==========================================================================
global route report_checks -path_delay min reg to reg
--------------------------------------------------------------------------
Startpoint: counter_reg[5]$_SDFFE_PN0P_
            (rising edge-triggered flip-flop clocked by core_clock)
Endpoint: counter_reg[5]$_SDFFE_PN0P_
          (rising edge-triggered flip-flop clocked by core_clock)
Path Group: core_clock
Path Type: min

  Delay    Time   Description
---------------------------------------------------------
   0.00    0.00   clock core_clock (rise edge)
   0.00    0.00   clock source latency
   0.00    0.00 ^ clk (in)
   0.03    0.03 ^ clkbuf_0_clk/Z (CLKBUF_X3)
   0.03    0.06 ^ clkbuf_1_1__f_clk/Z (CLKBUF_X3)
   0.00    0.06 ^ counter_reg[5]$_SDFFE_PN0P_/CK (DFF_X1)
   0.10    0.16 ^ counter_reg[5]$_SDFFE_PN0P_/Q (DFF_X1)
   0.02    0.17 v _086_/Z (XOR2_X1)
   0.02    0.20 ^ _087_/ZN (AOI21_X1)
   0.00    0.20 ^ counter_reg[5]$_SDFFE_PN0P_/D (DFF_X1)
           0.20   data arrival time

   0.00    0.00   clock core_clock (rise edge)
   0.00    0.00   clock source latency
   0.00    0.00 ^ clk (in)
   0.03    0.03 ^ clkbuf_0_clk/Z (CLKBUF_X3)
   0.03    0.06 ^ clkbuf_1_1__f_clk/Z (CLKBUF_X3)
   0.00    0.06 ^ counter_reg[5]$_SDFFE_PN0P_/CK (DFF_X1)
   0.00    0.06   clock reconvergence pessimism
   0.01    0.07   library hold time
           0.07   data required time
---------------------------------------------------------
           0.07   data required time
          -0.20   data arrival time
---------------------------------------------------------
           0.13   slack (MET)



==========================================================================
global route critical path target clock latency max path
--------------------------------------------------------------------------
0.0567

==========================================================================
global route critical path target clock latency min path
--------------------------------------------------------------------------
0.0563

==========================================================================
global route critical path source clock latency min path
--------------------------------------------------------------------------
0.0000

==========================================================================
global route critical path delay
--------------------------------------------------------------------------
0.2056

==========================================================================
global route critical path slack
--------------------------------------------------------------------------
0.5944

==========================================================================
global route slack div critical path delay
--------------------------------------------------------------------------
289.105058

==========================================================================
global route report_power
--------------------------------------------------------------------------
Group                  Internal  Switching    Leakage      Total
                          Power      Power      Power      Power (Watts)
----------------------------------------------------------------
Sequential             5.03e-05   6.02e-06   7.69e-07   5.71e-05  41.7%
Combinational          1.84e-05   1.24e-05   1.70e-06   3.25e-05  23.7%
Clock                  2.95e-05   1.80e-05   9.17e-08   4.75e-05  34.7%
Macro                  0.00e+00   0.00e+00   0.00e+00   0.00e+00   0.0%
Pad                    0.00e+00   0.00e+00   0.00e+00   0.00e+00   0.0%
----------------------------------------------------------------
Total                  9.82e-05   3.64e-05   2.56e-06   1.37e-04 100.0%
                          71.6%      26.5%       1.9%
