
==========================================================================
global place report_tns
--------------------------------------------------------------------------
tns 0.00

==========================================================================
global place report_wns
--------------------------------------------------------------------------
wns 0.00

==========================================================================
global place report_worst_slack
--------------------------------------------------------------------------
worst slack 0.36

==========================================================================
global place report_checks -path_delay min
--------------------------------------------------------------------------
Startpoint: data_in[1] (input port clocked by core_clock)
Endpoint: zero_count[2] (output port clocked by core_clock)
Path Group: core_clock
Path Type: min

Fanout     Cap    Slew   Delay    Time   Description
-----------------------------------------------------------------------------
                  0.00    0.00    0.00   clock core_clock (rise edge)
                          0.00    0.00   clock network delay (ideal)
                          0.20    0.20 ^ input external delay
     3    6.83    0.00    0.00    0.20 ^ data_in[1] (in)
                                         data_in[1] (net)
                  0.00    0.00    0.20 ^ _138_/A1 (OR4_X2)
     1    1.43    0.01    0.02    0.22 ^ _138_/ZN (OR4_X2)
                                         zero_count[2] (net)
                  0.01    0.00    0.22 ^ zero_count[2] (out)
                                  0.22   data arrival time

                  0.00    0.00    0.00   clock core_clock (rise edge)
                          0.00    0.00   clock network delay (ideal)
                          0.00    0.00   clock reconvergence pessimism
                         -0.20   -0.20   output external delay
                                 -0.20   data required time
-----------------------------------------------------------------------------
                                 -0.20   data required time
                                 -0.22   data arrival time
-----------------------------------------------------------------------------
                                  0.42   slack (MET)



==========================================================================
global place report_checks -path_delay max
--------------------------------------------------------------------------
Startpoint: data_in[26] (input port clocked by core_clock)
Endpoint: zero_count[2] (output port clocked by core_clock)
Path Group: core_clock
Path Type: max

Fanout     Cap    Slew   Delay    Time   Description
-----------------------------------------------------------------------------
                  0.00    0.00    0.00   clock core_clock (rise edge)
                          0.00    0.00   clock network delay (ideal)
                          0.20    0.20 v input external delay
     4   10.98    0.00    0.00    0.20 v data_in[26] (in)
                                         data_in[26] (net)
                  0.00    0.00    0.20 v _081_/A4 (NOR4_X4)
     3    5.75    0.04    0.08    0.28 ^ _081_/ZN (NOR4_X4)
                                         _024_ (net)
                  0.04    0.00    0.28 ^ _135_/B2 (OAI21_X1)
     1    1.84    0.02    0.02    0.30 v _135_/ZN (OAI21_X1)
                                         _007_ (net)
                  0.02    0.00    0.30 v _136_/A2 (NAND2_X1)
     1    1.97    0.01    0.02    0.32 ^ _136_/ZN (NAND2_X1)
                                         _008_ (net)
                  0.01    0.00    0.32 ^ _137_/B1 (AOI21_X1)
     1    1.85    0.01    0.01    0.34 v _137_/ZN (AOI21_X1)
                                         _009_ (net)
                  0.01    0.00    0.34 v _138_/A4 (OR4_X2)
     1    1.43    0.02    0.11    0.44 v _138_/ZN (OR4_X2)
                                         zero_count[2] (net)
                  0.02    0.00    0.44 v zero_count[2] (out)
                                  0.44   data arrival time

                  0.00    1.00    1.00   clock core_clock (rise edge)
                          0.00    1.00   clock network delay (ideal)
                          0.00    1.00   clock reconvergence pessimism
                         -0.20    0.80   output external delay
                                  0.80   data required time
-----------------------------------------------------------------------------
                                  0.80   data required time
                                 -0.44   data arrival time
-----------------------------------------------------------------------------
                                  0.36   slack (MET)



==========================================================================
global place report_checks -unconstrained
--------------------------------------------------------------------------
Startpoint: data_in[26] (input port clocked by core_clock)
Endpoint: zero_count[2] (output port clocked by core_clock)
Path Group: core_clock
Path Type: max

Fanout     Cap    Slew   Delay    Time   Description
-----------------------------------------------------------------------------
                  0.00    0.00    0.00   clock core_clock (rise edge)
                          0.00    0.00   clock network delay (ideal)
                          0.20    0.20 v input external delay
     4   10.98    0.00    0.00    0.20 v data_in[26] (in)
                                         data_in[26] (net)
                  0.00    0.00    0.20 v _081_/A4 (NOR4_X4)
     3    5.75    0.04    0.08    0.28 ^ _081_/ZN (NOR4_X4)
                                         _024_ (net)
                  0.04    0.00    0.28 ^ _135_/B2 (OAI21_X1)
     1    1.84    0.02    0.02    0.30 v _135_/ZN (OAI21_X1)
                                         _007_ (net)
                  0.02    0.00    0.30 v _136_/A2 (NAND2_X1)
     1    1.97    0.01    0.02    0.32 ^ _136_/ZN (NAND2_X1)
                                         _008_ (net)
                  0.01    0.00    0.32 ^ _137_/B1 (AOI21_X1)
     1    1.85    0.01    0.01    0.34 v _137_/ZN (AOI21_X1)
                                         _009_ (net)
                  0.01    0.00    0.34 v _138_/A4 (OR4_X2)
     1    1.43    0.02    0.11    0.44 v _138_/ZN (OR4_X2)
                                         zero_count[2] (net)
                  0.02    0.00    0.44 v zero_count[2] (out)
                                  0.44   data arrival time

                  0.00    1.00    1.00   clock core_clock (rise edge)
                          0.00    1.00   clock network delay (ideal)
                          0.00    1.00   clock reconvergence pessimism
                         -0.20    0.80   output external delay
                                  0.80   data required time
-----------------------------------------------------------------------------
                                  0.80   data required time
                                 -0.44   data arrival time
-----------------------------------------------------------------------------
                                  0.36   slack (MET)



==========================================================================
global place report_power
--------------------------------------------------------------------------
Group                  Internal  Switching    Leakage      Total
                          Power      Power      Power      Power (Watts)
----------------------------------------------------------------
Sequential             0.00e+00   0.00e+00   0.00e+00   0.00e+00   0.0%
Combinational          1.11e-05   8.44e-06   1.80e-06   2.14e-05 100.0%
Clock                  0.00e+00   0.00e+00   0.00e+00   0.00e+00   0.0%
Macro                  0.00e+00   0.00e+00   0.00e+00   0.00e+00   0.0%
Pad                    0.00e+00   0.00e+00   0.00e+00   0.00e+00   0.0%
----------------------------------------------------------------
Total                  1.11e-05   8.44e-06   1.80e-06   2.14e-05 100.0%
                          52.1%      39.5%       8.4%
