
==========================================================================
detailed place report_tns
--------------------------------------------------------------------------
tns max 0.00

==========================================================================
detailed place report_wns
--------------------------------------------------------------------------
wns max 0.00

==========================================================================
detailed place report_worst_slack
--------------------------------------------------------------------------
worst slack max 0.48

==========================================================================
detailed place report_clock_min_period
--------------------------------------------------------------------------
core_clock period_min = 4.52 fmax = 221.09

==========================================================================
detailed place report_checks -path_delay min
--------------------------------------------------------------------------
Startpoint: rst_n (input port clocked by core_clock)
Endpoint: transfer_count[2][24]$_DFF_PN0_
          (removal check against rising-edge clock core_clock)
Path Group: asynchronous
Path Type: min

Fanout     Cap    Slew   Delay    Time   Description
-----------------------------------------------------------------------------
                  0.00    0.00    0.00   clock core_clock (rise edge)
                          0.00    0.00   clock network delay (ideal)
                          0.20    0.20 ^ input external delay
     1    0.01    0.00    0.00    0.20 ^ rst_n (in)
                                         rst_n (net)
                  0.00    0.00    0.20 ^ input405/A (sky130_fd_sc_hd__buf_8)
    47    0.41    0.65    0.46    0.66 ^ input405/X (sky130_fd_sc_hd__buf_8)
                                         net405 (net)
                  0.66    0.04    0.70 ^ transfer_count[2][24]$_DFF_PN0_/RESET_B (sky130_fd_sc_hd__dfrtp_1)
                                  0.70   data arrival time

                  0.00    0.00    0.00   clock core_clock (rise edge)
                          0.00    0.00   clock network delay (ideal)
                          0.00    0.00   clock reconvergence pessimism
                                  0.00 ^ transfer_count[2][24]$_DFF_PN0_/CLK (sky130_fd_sc_hd__dfrtp_1)
                          0.47    0.47   library removal time
                                  0.47   data required time
-----------------------------------------------------------------------------
                                  0.47   data required time
                                 -0.70   data arrival time
-----------------------------------------------------------------------------
                                  0.23   slack (MET)


Startpoint: active_channel_count[1]$_DFF_PN0_
            (rising edge-triggered flip-flop clocked by core_clock)
Endpoint: debug_active_channels[1]$_DFF_PN0_
          (rising edge-triggered flip-flop clocked by core_clock)
Path Group: core_clock
Path Type: min

Fanout     Cap    Slew   Delay    Time   Description
-----------------------------------------------------------------------------
                  0.00    0.00    0.00   clock core_clock (rise edge)
                          0.00    0.00   clock network delay (ideal)
                  0.00    0.00    0.00 ^ active_channel_count[1]$_DFF_PN0_/CLK (sky130_fd_sc_hd__dfrtp_1)
     4    0.01    0.13    0.37    0.37 ^ active_channel_count[1]$_DFF_PN0_/Q (sky130_fd_sc_hd__dfrtp_1)
                                         active_channel_count[1] (net)
                  0.13    0.00    0.37 ^ debug_active_channels[1]$_DFF_PN0_/D (sky130_fd_sc_hd__dfrtp_1)
                                  0.37   data arrival time

                  0.00    0.00    0.00   clock core_clock (rise edge)
                          0.00    0.00   clock network delay (ideal)
                          0.00    0.00   clock reconvergence pessimism
                                  0.00 ^ debug_active_channels[1]$_DFF_PN0_/CLK (sky130_fd_sc_hd__dfrtp_1)
                         -0.06   -0.06   library hold time
                                 -0.06   data required time
-----------------------------------------------------------------------------
                                 -0.06   data required time
                                 -0.37   data arrival time
-----------------------------------------------------------------------------
                                  0.43   slack (MET)



==========================================================================
detailed place report_checks -path_delay max
--------------------------------------------------------------------------
Startpoint: rst_n (input port clocked by core_clock)
Endpoint: current_src_addr[0][21]$_DFF_PN0_
          (recovery check against rising-edge clock core_clock)
Path Group: asynchronous
Path Type: max

Fanout     Cap    Slew   Delay    Time   Description
-----------------------------------------------------------------------------
                  0.00    0.00    0.00   clock core_clock (rise edge)
                          0.00    0.00   clock network delay (ideal)
                          0.20    0.20 ^ input external delay
     1    0.01    0.00    0.00    0.20 ^ rst_n (in)
                                         rst_n (net)
                  0.00    0.00    0.20 ^ input405/A (sky130_fd_sc_hd__buf_8)
    47    0.41    0.65    0.46    0.66 ^ input405/X (sky130_fd_sc_hd__buf_8)
                                         net405 (net)
                  0.65    0.04    0.70 ^ place1277/A (sky130_fd_sc_hd__buf_12)
    92    0.49    0.55    0.52    1.22 ^ place1277/X (sky130_fd_sc_hd__buf_12)
                                         net1277 (net)
                  0.56    0.06    1.28 ^ place1279/A (sky130_fd_sc_hd__buf_4)
    54    0.29    0.77    0.73    2.01 ^ place1279/X (sky130_fd_sc_hd__buf_4)
                                         net1279 (net)
                  0.77    0.02    2.03 ^ current_src_addr[0][21]$_DFF_PN0_/RESET_B (sky130_fd_sc_hd__dfrtp_1)
                                  2.03   data arrival time

                  0.00    5.00    5.00   clock core_clock (rise edge)
                          0.00    5.00   clock network delay (ideal)
                          0.00    5.00   clock reconvergence pessimism
                                  5.00 ^ current_src_addr[0][21]$_DFF_PN0_/CLK (sky130_fd_sc_hd__dfrtp_1)
                          0.02    5.02   library recovery time
                                  5.02   data required time
-----------------------------------------------------------------------------
                                  5.02   data required time
                                 -2.03   data arrival time
-----------------------------------------------------------------------------
                                  3.00   slack (MET)


Startpoint: transfer_count[2][0]$_DFF_PN0_
            (rising edge-triggered flip-flop clocked by core_clock)
Endpoint: channel_state[2][2]$_DFF_PN0_
          (rising edge-triggered flip-flop clocked by core_clock)
Path Group: core_clock
Path Type: max

Fanout     Cap    Slew   Delay    Time   Description
-----------------------------------------------------------------------------
                  0.00    0.00    0.00   clock core_clock (rise edge)
                          0.00    0.00   clock network delay (ideal)
                  0.00    0.00    0.00 ^ transfer_count[2][0]$_DFF_PN0_/CLK (sky130_fd_sc_hd__dfrtp_1)
    10    0.03    0.27    0.47    0.47 ^ transfer_count[2][0]$_DFF_PN0_/Q (sky130_fd_sc_hd__dfrtp_1)
                                         net655 (net)
                  0.27    0.00    0.47 ^ _6613_/A (sky130_fd_sc_hd__ha_1)
     5    0.02    0.17    0.29    0.76 ^ _6613_/COUT (sky130_fd_sc_hd__ha_1)
                                         _0399_ (net)
                  0.17    0.00    0.76 ^ _4942_/B (sky130_fd_sc_hd__and4_1)
     4    0.03    0.33    0.42    1.18 ^ _4942_/X (sky130_fd_sc_hd__and4_1)
                                         _2632_ (net)
                  0.33    0.00    1.18 ^ _4982_/B (sky130_fd_sc_hd__nand4_1)
     8    0.04    0.48    0.47    1.65 v _4982_/Y (sky130_fd_sc_hd__nand4_1)
                                         _2660_ (net)
                  0.48    0.00    1.65 v _5061_/B (sky130_fd_sc_hd__nor3_2)
     8    0.03    0.50    0.58    2.24 ^ _5061_/Y (sky130_fd_sc_hd__nor3_2)
                                         _2715_ (net)
                  0.50    0.00    2.24 ^ _5085_/B (sky130_fd_sc_hd__nand3_1)
     3    0.01    0.17    0.22    2.46 v _5085_/Y (sky130_fd_sc_hd__nand3_1)
                                         _2731_ (net)
                  0.17    0.00    2.46 v _5086_/B (sky130_fd_sc_hd__xnor2_1)
     1    0.00    0.07    0.17    2.63 v _5086_/Y (sky130_fd_sc_hd__xnor2_1)
                                         _0859_ (net)
                  0.07    0.00    2.63 v _6733_/B (sky130_fd_sc_hd__ha_1)
     1    0.00    0.04    0.18    2.81 v _6733_/COUT (sky130_fd_sc_hd__ha_1)
                                         _0860_ (net)
                  0.04    0.00    2.81 v _5749_/A2 (sky130_fd_sc_hd__a211oi_1)
     1    0.00    0.22    0.25    3.07 ^ _5749_/Y (sky130_fd_sc_hd__a211oi_1)
                                         _3255_ (net)
                  0.22    0.00    3.07 ^ _5751_/A (sky130_fd_sc_hd__nor2_1)
     1    0.00    0.06    0.08    3.15 v _5751_/Y (sky130_fd_sc_hd__nor2_1)
                                         _3257_ (net)
                  0.06    0.00    3.15 v _5754_/B (sky130_fd_sc_hd__nor3_1)
     1    0.00    0.18    0.20    3.34 ^ _5754_/Y (sky130_fd_sc_hd__nor3_1)
                                         _3260_ (net)
                  0.18    0.00    3.34 ^ _5761_/B1 (sky130_fd_sc_hd__o211ai_1)
     1    0.00    0.09    0.13    3.47 v _5761_/Y (sky130_fd_sc_hd__o211ai_1)
                                         _3267_ (net)
                  0.09    0.00    3.47 v _5762_/B1 (sky130_fd_sc_hd__a41oi_1)
     1    0.03    0.68    0.56    4.03 ^ _5762_/Y (sky130_fd_sc_hd__a41oi_1)
                                         _3268_ (net)
                  0.68    0.00    4.03 ^ place1227/A (sky130_fd_sc_hd__buf_4)
     3    0.02    0.08    0.26    4.29 ^ place1227/X (sky130_fd_sc_hd__buf_4)
                                         net1227 (net)
                  0.08    0.00    4.29 ^ _5792_/A1 (sky130_fd_sc_hd__o21ai_0)
     1    0.00    0.08    0.10    4.38 v _5792_/Y (sky130_fd_sc_hd__o21ai_0)
                                         _3436_ (net)
                  0.08    0.00    4.38 v channel_state[2][2]$_DFF_PN0_/D (sky130_fd_sc_hd__dfrtp_1)
                                  4.38   data arrival time

                  0.00    5.00    5.00   clock core_clock (rise edge)
                          0.00    5.00   clock network delay (ideal)
                          0.00    5.00   clock reconvergence pessimism
                                  5.00 ^ channel_state[2][2]$_DFF_PN0_/CLK (sky130_fd_sc_hd__dfrtp_1)
                         -0.14    4.86   library setup time
                                  4.86   data required time
-----------------------------------------------------------------------------
                                  4.86   data required time
                                 -4.38   data arrival time
-----------------------------------------------------------------------------
                                  0.48   slack (MET)



==========================================================================
detailed place report_checks -unconstrained
--------------------------------------------------------------------------
Startpoint: rst_n (input port clocked by core_clock)
Endpoint: current_src_addr[0][21]$_DFF_PN0_
          (recovery check against rising-edge clock core_clock)
Path Group: asynchronous
Path Type: max

Fanout     Cap    Slew   Delay    Time   Description
-----------------------------------------------------------------------------
                  0.00    0.00    0.00   clock core_clock (rise edge)
                          0.00    0.00   clock network delay (ideal)
                          0.20    0.20 ^ input external delay
     1    0.01    0.00    0.00    0.20 ^ rst_n (in)
                                         rst_n (net)
                  0.00    0.00    0.20 ^ input405/A (sky130_fd_sc_hd__buf_8)
    47    0.41    0.65    0.46    0.66 ^ input405/X (sky130_fd_sc_hd__buf_8)
                                         net405 (net)
                  0.65    0.04    0.70 ^ place1277/A (sky130_fd_sc_hd__buf_12)
    92    0.49    0.55    0.52    1.22 ^ place1277/X (sky130_fd_sc_hd__buf_12)
                                         net1277 (net)
                  0.56    0.06    1.28 ^ place1279/A (sky130_fd_sc_hd__buf_4)
    54    0.29    0.77    0.73    2.01 ^ place1279/X (sky130_fd_sc_hd__buf_4)
                                         net1279 (net)
                  0.77    0.02    2.03 ^ current_src_addr[0][21]$_DFF_PN0_/RESET_B (sky130_fd_sc_hd__dfrtp_1)
                                  2.03   data arrival time

                  0.00    5.00    5.00   clock core_clock (rise edge)
                          0.00    5.00   clock network delay (ideal)
                          0.00    5.00   clock reconvergence pessimism
                                  5.00 ^ current_src_addr[0][21]$_DFF_PN0_/CLK (sky130_fd_sc_hd__dfrtp_1)
                          0.02    5.02   library recovery time
                                  5.02   data required time
-----------------------------------------------------------------------------
                                  5.02   data required time
                                 -2.03   data arrival time
-----------------------------------------------------------------------------
                                  3.00   slack (MET)


Startpoint: transfer_count[2][0]$_DFF_PN0_
            (rising edge-triggered flip-flop clocked by core_clock)
Endpoint: channel_state[2][2]$_DFF_PN0_
          (rising edge-triggered flip-flop clocked by core_clock)
Path Group: core_clock
Path Type: max

Fanout     Cap    Slew   Delay    Time   Description
-----------------------------------------------------------------------------
                  0.00    0.00    0.00   clock core_clock (rise edge)
                          0.00    0.00   clock network delay (ideal)
                  0.00    0.00    0.00 ^ transfer_count[2][0]$_DFF_PN0_/CLK (sky130_fd_sc_hd__dfrtp_1)
    10    0.03    0.27    0.47    0.47 ^ transfer_count[2][0]$_DFF_PN0_/Q (sky130_fd_sc_hd__dfrtp_1)
                                         net655 (net)
                  0.27    0.00    0.47 ^ _6613_/A (sky130_fd_sc_hd__ha_1)
     5    0.02    0.17    0.29    0.76 ^ _6613_/COUT (sky130_fd_sc_hd__ha_1)
                                         _0399_ (net)
                  0.17    0.00    0.76 ^ _4942_/B (sky130_fd_sc_hd__and4_1)
     4    0.03    0.33    0.42    1.18 ^ _4942_/X (sky130_fd_sc_hd__and4_1)
                                         _2632_ (net)
                  0.33    0.00    1.18 ^ _4982_/B (sky130_fd_sc_hd__nand4_1)
     8    0.04    0.48    0.47    1.65 v _4982_/Y (sky130_fd_sc_hd__nand4_1)
                                         _2660_ (net)
                  0.48    0.00    1.65 v _5061_/B (sky130_fd_sc_hd__nor3_2)
     8    0.03    0.50    0.58    2.24 ^ _5061_/Y (sky130_fd_sc_hd__nor3_2)
                                         _2715_ (net)
                  0.50    0.00    2.24 ^ _5085_/B (sky130_fd_sc_hd__nand3_1)
     3    0.01    0.17    0.22    2.46 v _5085_/Y (sky130_fd_sc_hd__nand3_1)
                                         _2731_ (net)
                  0.17    0.00    2.46 v _5086_/B (sky130_fd_sc_hd__xnor2_1)
     1    0.00    0.07    0.17    2.63 v _5086_/Y (sky130_fd_sc_hd__xnor2_1)
                                         _0859_ (net)
                  0.07    0.00    2.63 v _6733_/B (sky130_fd_sc_hd__ha_1)
     1    0.00    0.04    0.18    2.81 v _6733_/COUT (sky130_fd_sc_hd__ha_1)
                                         _0860_ (net)
                  0.04    0.00    2.81 v _5749_/A2 (sky130_fd_sc_hd__a211oi_1)
     1    0.00    0.22    0.25    3.07 ^ _5749_/Y (sky130_fd_sc_hd__a211oi_1)
                                         _3255_ (net)
                  0.22    0.00    3.07 ^ _5751_/A (sky130_fd_sc_hd__nor2_1)
     1    0.00    0.06    0.08    3.15 v _5751_/Y (sky130_fd_sc_hd__nor2_1)
                                         _3257_ (net)
                  0.06    0.00    3.15 v _5754_/B (sky130_fd_sc_hd__nor3_1)
     1    0.00    0.18    0.20    3.34 ^ _5754_/Y (sky130_fd_sc_hd__nor3_1)
                                         _3260_ (net)
                  0.18    0.00    3.34 ^ _5761_/B1 (sky130_fd_sc_hd__o211ai_1)
     1    0.00    0.09    0.13    3.47 v _5761_/Y (sky130_fd_sc_hd__o211ai_1)
                                         _3267_ (net)
                  0.09    0.00    3.47 v _5762_/B1 (sky130_fd_sc_hd__a41oi_1)
     1    0.03    0.68    0.56    4.03 ^ _5762_/Y (sky130_fd_sc_hd__a41oi_1)
                                         _3268_ (net)
                  0.68    0.00    4.03 ^ place1227/A (sky130_fd_sc_hd__buf_4)
     3    0.02    0.08    0.26    4.29 ^ place1227/X (sky130_fd_sc_hd__buf_4)
                                         net1227 (net)
                  0.08    0.00    4.29 ^ _5792_/A1 (sky130_fd_sc_hd__o21ai_0)
     1    0.00    0.08    0.10    4.38 v _5792_/Y (sky130_fd_sc_hd__o21ai_0)
                                         _3436_ (net)
                  0.08    0.00    4.38 v channel_state[2][2]$_DFF_PN0_/D (sky130_fd_sc_hd__dfrtp_1)
                                  4.38   data arrival time

                  0.00    5.00    5.00   clock core_clock (rise edge)
                          0.00    5.00   clock network delay (ideal)
                          0.00    5.00   clock reconvergence pessimism
                                  5.00 ^ channel_state[2][2]$_DFF_PN0_/CLK (sky130_fd_sc_hd__dfrtp_1)
                         -0.14    4.86   library setup time
                                  4.86   data required time
-----------------------------------------------------------------------------
                                  4.86   data required time
                                 -4.38   data arrival time
-----------------------------------------------------------------------------
                                  0.48   slack (MET)



==========================================================================
detailed place report_check_types -max_slew -max_cap -max_fanout -violators
--------------------------------------------------------------------------

==========================================================================
detailed place max_slew_check_slack
--------------------------------------------------------------------------
0.4066850244998932

==========================================================================
detailed place max_slew_check_limit
--------------------------------------------------------------------------
1.4953149557113647

==========================================================================
detailed place max_slew_check_slack_limit
--------------------------------------------------------------------------
0.2720

==========================================================================
detailed place max_fanout_check_slack
--------------------------------------------------------------------------
1.0000000150474662e+30

==========================================================================
detailed place max_fanout_check_limit
--------------------------------------------------------------------------
1.0000000150474662e+30

==========================================================================
detailed place max_capacitance_check_slack
--------------------------------------------------------------------------
0.016014007851481438

==========================================================================
detailed place max_capacitance_check_limit
--------------------------------------------------------------------------
0.021067000925540924

==========================================================================
detailed place max_capacitance_check_slack_limit
--------------------------------------------------------------------------
0.7601

==========================================================================
detailed place max_slew_violation_count
--------------------------------------------------------------------------
max slew violation count 0

==========================================================================
detailed place max_fanout_violation_count
--------------------------------------------------------------------------
max fanout violation count 0

==========================================================================
detailed place max_cap_violation_count
--------------------------------------------------------------------------
max cap violation count 0

==========================================================================
detailed place setup_violation_count
--------------------------------------------------------------------------
setup violation count 0

==========================================================================
detailed place hold_violation_count
--------------------------------------------------------------------------
hold violation count 0

==========================================================================
detailed place report_checks -path_delay max reg to reg
--------------------------------------------------------------------------
Startpoint: transfer_count[2][0]$_DFF_PN0_
            (rising edge-triggered flip-flop clocked by core_clock)
Endpoint: channel_state[2][2]$_DFF_PN0_
          (rising edge-triggered flip-flop clocked by core_clock)
Path Group: core_clock
Path Type: max

  Delay    Time   Description
---------------------------------------------------------
   0.00    0.00   clock core_clock (rise edge)
   0.00    0.00   clock network delay (ideal)
   0.00    0.00 ^ transfer_count[2][0]$_DFF_PN0_/CLK (sky130_fd_sc_hd__dfrtp_1)
   0.47    0.47 ^ transfer_count[2][0]$_DFF_PN0_/Q (sky130_fd_sc_hd__dfrtp_1)
   0.29    0.76 ^ _6613_/COUT (sky130_fd_sc_hd__ha_1)
   0.42    1.18 ^ _4942_/X (sky130_fd_sc_hd__and4_1)
   0.48    1.65 v _4982_/Y (sky130_fd_sc_hd__nand4_1)
   0.58    2.24 ^ _5061_/Y (sky130_fd_sc_hd__nor3_2)
   0.22    2.46 v _5085_/Y (sky130_fd_sc_hd__nand3_1)
   0.17    2.63 v _5086_/Y (sky130_fd_sc_hd__xnor2_1)
   0.18    2.81 v _6733_/COUT (sky130_fd_sc_hd__ha_1)
   0.25    3.07 ^ _5749_/Y (sky130_fd_sc_hd__a211oi_1)
   0.08    3.15 v _5751_/Y (sky130_fd_sc_hd__nor2_1)
   0.20    3.34 ^ _5754_/Y (sky130_fd_sc_hd__nor3_1)
   0.13    3.47 v _5761_/Y (sky130_fd_sc_hd__o211ai_1)
   0.56    4.03 ^ _5762_/Y (sky130_fd_sc_hd__a41oi_1)
   0.26    4.29 ^ place1227/X (sky130_fd_sc_hd__buf_4)
   0.10    4.38 v _5792_/Y (sky130_fd_sc_hd__o21ai_0)
   0.00    4.38 v channel_state[2][2]$_DFF_PN0_/D (sky130_fd_sc_hd__dfrtp_1)
           4.38   data arrival time

   5.00    5.00   clock core_clock (rise edge)
   0.00    5.00   clock network delay (ideal)
   0.00    5.00   clock reconvergence pessimism
           5.00 ^ channel_state[2][2]$_DFF_PN0_/CLK (sky130_fd_sc_hd__dfrtp_1)
  -0.14    4.86   library setup time
           4.86   data required time
---------------------------------------------------------
           4.86   data required time
          -4.38   data arrival time
---------------------------------------------------------
           0.48   slack (MET)



==========================================================================
detailed place report_checks -path_delay min reg to reg
--------------------------------------------------------------------------
Startpoint: active_channel_count[1]$_DFF_PN0_
            (rising edge-triggered flip-flop clocked by core_clock)
Endpoint: debug_active_channels[1]$_DFF_PN0_
          (rising edge-triggered flip-flop clocked by core_clock)
Path Group: core_clock
Path Type: min

  Delay    Time   Description
---------------------------------------------------------
   0.00    0.00   clock core_clock (rise edge)
   0.00    0.00   clock network delay (ideal)
   0.00    0.00 ^ active_channel_count[1]$_DFF_PN0_/CLK (sky130_fd_sc_hd__dfrtp_1)
   0.37    0.37 ^ active_channel_count[1]$_DFF_PN0_/Q (sky130_fd_sc_hd__dfrtp_1)
   0.00    0.37 ^ debug_active_channels[1]$_DFF_PN0_/D (sky130_fd_sc_hd__dfrtp_1)
           0.37   data arrival time

   0.00    0.00   clock core_clock (rise edge)
   0.00    0.00   clock network delay (ideal)
   0.00    0.00   clock reconvergence pessimism
           0.00 ^ debug_active_channels[1]$_DFF_PN0_/CLK (sky130_fd_sc_hd__dfrtp_1)
  -0.06   -0.06   library hold time
          -0.06   data required time
---------------------------------------------------------
          -0.06   data required time
          -0.37   data arrival time
---------------------------------------------------------
           0.43   slack (MET)



==========================================================================
detailed place critical path target clock latency max path
--------------------------------------------------------------------------
0.0000

==========================================================================
detailed place critical path target clock latency min path
--------------------------------------------------------------------------
0.0000

==========================================================================
detailed place critical path source clock latency min path
--------------------------------------------------------------------------
0.0000

==========================================================================
detailed place critical path delay
--------------------------------------------------------------------------
4.3839

==========================================================================
detailed place critical path slack
--------------------------------------------------------------------------
0.4770

==========================================================================
detailed place slack div critical path delay
--------------------------------------------------------------------------
10.880723

==========================================================================
detailed place report_power
--------------------------------------------------------------------------
Group                  Internal  Switching    Leakage      Total
                          Power      Power      Power      Power (Watts)
----------------------------------------------------------------
Sequential             1.12e-02   2.77e-03   1.10e-08   1.40e-02  53.1%
Combinational          7.33e-03   5.04e-03   1.31e-08   1.24e-02  46.9%
Clock                  0.00e+00   0.00e+00   0.00e+00   0.00e+00   0.0%
Macro                  0.00e+00   0.00e+00   0.00e+00   0.00e+00   0.0%
Pad                    0.00e+00   0.00e+00   0.00e+00   0.00e+00   0.0%
----------------------------------------------------------------
Total                  1.86e-02   7.81e-03   2.41e-08   2.64e-02 100.0%
                          70.4%      29.6%       0.0%
