
==========================================================================
cts final report_tns
--------------------------------------------------------------------------
tns 0.00

==========================================================================
cts final report_wns
--------------------------------------------------------------------------
wns 0.00

==========================================================================
cts final report_worst_slack
--------------------------------------------------------------------------
worst slack 3.92

==========================================================================
cts final report_clock_skew
--------------------------------------------------------------------------
Clock core_clock
   0.22 source latency parallel_out[3]$_DFFE_PN0P_/CLK ^
  -0.22 target latency parallel_out[4]$_DFFE_PN0P_/CLK ^
   0.00 CRPR
--------------
   0.00 setup skew


==========================================================================
cts final report_checks -path_delay min
--------------------------------------------------------------------------
Startpoint: rst_n (input port clocked by core_clock)
Endpoint: parallel_out[3]$_DFFE_PN0P_
          (removal check against rising-edge clock core_clock)
Path Group: asynchronous
Path Type: min

Fanout     Cap    Slew   Delay    Time   Description
-----------------------------------------------------------------------------
                          0.00    0.00   clock core_clock (rise edge)
                          0.00    0.00   clock network delay (propagated)
                          0.20    0.20 ^ input external delay
     1    0.00    0.00    0.00    0.20 ^ rst_n (in)
                                         rst_n (net)
                  0.00    0.00    0.20 ^ hold2/A (sky130_fd_sc_hd__dlygate4sd3_1)
     1    0.00    0.05    0.52    0.72 ^ hold2/X (sky130_fd_sc_hd__dlygate4sd3_1)
                                         net21 (net)
                  0.05    0.00    0.72 ^ hold1/A (sky130_fd_sc_hd__buf_2)
     8    0.04    0.20    0.22    0.94 ^ hold1/X (sky130_fd_sc_hd__buf_2)
                                         net1 (net)
                  0.20    0.00    0.94 ^ parallel_out[3]$_DFFE_PN0P_/RESET_B (sky130_fd_sc_hd__dfrtp_1)
                                  0.94   data arrival time

                          0.00    0.00   clock core_clock (rise edge)
                          0.00    0.00   clock source latency
     1    0.01    0.00    0.00    0.00 ^ clk (in)
                                         clk (net)
                  0.00    0.00    0.00 ^ clkbuf_0_clk/A (sky130_fd_sc_hd__clkbuf_8)
     2    0.01    0.04    0.11    0.11 ^ clkbuf_0_clk/X (sky130_fd_sc_hd__clkbuf_8)
                                         clknet_0_clk (net)
                  0.04    0.00    0.11 ^ clkbuf_1_0__f_clk/A (sky130_fd_sc_hd__clkbuf_8)
     4    0.01    0.04    0.12    0.22 ^ clkbuf_1_0__f_clk/X (sky130_fd_sc_hd__clkbuf_8)
                                         clknet_1_0__leaf_clk (net)
                  0.04    0.00    0.22 ^ parallel_out[3]$_DFFE_PN0P_/CLK (sky130_fd_sc_hd__dfrtp_1)
                          0.00    0.22   clock reconvergence pessimism
                          0.36    0.59   library removal time
                                  0.59   data required time
-----------------------------------------------------------------------------
                                  0.59   data required time
                                 -0.94   data arrival time
-----------------------------------------------------------------------------
                                  0.36   slack (MET)


Startpoint: parallel_in[0] (input port clocked by core_clock)
Endpoint: parallel_out[0]$_DFFE_PN0P_
          (rising edge-triggered flip-flop clocked by core_clock)
Path Group: core_clock
Path Type: min

Fanout     Cap    Slew   Delay    Time   Description
-----------------------------------------------------------------------------
                          0.00    0.00   clock core_clock (rise edge)
                          0.00    0.00   clock network delay (propagated)
                          0.20    0.20 v input external delay
     1    0.00    0.00    0.00    0.20 v parallel_in[0] (in)
                                         parallel_in[0] (net)
                  0.00    0.00    0.20 v input2/A (sky130_fd_sc_hd__clkbuf_1)
     1    0.00    0.03    0.07    0.27 v input2/X (sky130_fd_sc_hd__clkbuf_1)
                                         net3 (net)
                  0.03    0.00    0.27 v _41_/A1 (sky130_fd_sc_hd__mux2i_1)
     1    0.00    0.10    0.11    0.38 ^ _41_/Y (sky130_fd_sc_hd__mux2i_1)
                                         _13_ (net)
                  0.10    0.00    0.38 ^ _43_/A2 (sky130_fd_sc_hd__o21ai_0)
     1    0.00    0.06    0.09    0.47 v _43_/Y (sky130_fd_sc_hd__o21ai_0)
                                         _00_ (net)
                  0.06    0.00    0.47 v parallel_out[0]$_DFFE_PN0P_/D (sky130_fd_sc_hd__dfrtp_1)
                                  0.47   data arrival time

                          0.00    0.00   clock core_clock (rise edge)
                          0.00    0.00   clock source latency
     1    0.01    0.00    0.00    0.00 ^ clk (in)
                                         clk (net)
                  0.00    0.00    0.00 ^ clkbuf_0_clk/A (sky130_fd_sc_hd__clkbuf_8)
     2    0.01    0.04    0.11    0.11 ^ clkbuf_0_clk/X (sky130_fd_sc_hd__clkbuf_8)
                                         clknet_0_clk (net)
                  0.04    0.00    0.11 ^ clkbuf_1_0__f_clk/A (sky130_fd_sc_hd__clkbuf_8)
     4    0.01    0.04    0.12    0.22 ^ clkbuf_1_0__f_clk/X (sky130_fd_sc_hd__clkbuf_8)
                                         clknet_1_0__leaf_clk (net)
                  0.04    0.00    0.22 ^ parallel_out[0]$_DFFE_PN0P_/CLK (sky130_fd_sc_hd__dfrtp_1)
                          0.00    0.22   clock reconvergence pessimism
                         -0.05    0.17   library hold time
                                  0.17   data required time
-----------------------------------------------------------------------------
                                  0.17   data required time
                                 -0.47   data arrival time
-----------------------------------------------------------------------------
                                  0.30   slack (MET)



==========================================================================
cts final report_checks -path_delay max
--------------------------------------------------------------------------
Startpoint: rst_n (input port clocked by core_clock)
Endpoint: parallel_out[7]$_DFFE_PN0P_
          (recovery check against rising-edge clock core_clock)
Path Group: asynchronous
Path Type: max

Fanout     Cap    Slew   Delay    Time   Description
-----------------------------------------------------------------------------
                          0.00    0.00   clock core_clock (rise edge)
                          0.00    0.00   clock network delay (propagated)
                          0.20    0.20 ^ input external delay
     1    0.00    0.00    0.00    0.20 ^ rst_n (in)
                                         rst_n (net)
                  0.00    0.00    0.20 ^ hold2/A (sky130_fd_sc_hd__dlygate4sd3_1)
     1    0.00    0.05    0.52    0.72 ^ hold2/X (sky130_fd_sc_hd__dlygate4sd3_1)
                                         net21 (net)
                  0.05    0.00    0.72 ^ hold1/A (sky130_fd_sc_hd__buf_2)
     8    0.04    0.20    0.22    0.94 ^ hold1/X (sky130_fd_sc_hd__buf_2)
                                         net1 (net)
                  0.20    0.00    0.94 ^ parallel_out[7]$_DFFE_PN0P_/RESET_B (sky130_fd_sc_hd__dfrtp_1)
                                  0.94   data arrival time

                          5.00    5.00   clock core_clock (rise edge)
                          0.00    5.00   clock source latency
     1    0.01    0.00    0.00    5.00 ^ clk (in)
                                         clk (net)
                  0.00    0.00    5.00 ^ clkbuf_0_clk/A (sky130_fd_sc_hd__clkbuf_8)
     2    0.01    0.04    0.11    5.11 ^ clkbuf_0_clk/X (sky130_fd_sc_hd__clkbuf_8)
                                         clknet_0_clk (net)
                  0.04    0.00    5.11 ^ clkbuf_1_1__f_clk/A (sky130_fd_sc_hd__clkbuf_8)
     4    0.01    0.04    0.12    5.22 ^ clkbuf_1_1__f_clk/X (sky130_fd_sc_hd__clkbuf_8)
                                         clknet_1_1__leaf_clk (net)
                  0.04    0.00    5.22 ^ parallel_out[7]$_DFFE_PN0P_/CLK (sky130_fd_sc_hd__dfrtp_1)
                          0.00    5.22   clock reconvergence pessimism
                          0.19    5.41   library recovery time
                                  5.41   data required time
-----------------------------------------------------------------------------
                                  5.41   data required time
                                 -0.94   data arrival time
-----------------------------------------------------------------------------
                                  4.47   slack (MET)


Startpoint: parallel_out[5]$_DFFE_PN0P_
            (rising edge-triggered flip-flop clocked by core_clock)
Endpoint: parallel_out[6]$_DFFE_PN0P_
          (rising edge-triggered flip-flop clocked by core_clock)
Path Group: core_clock
Path Type: max

Fanout     Cap    Slew   Delay    Time   Description
-----------------------------------------------------------------------------
                          0.00    0.00   clock core_clock (rise edge)
                          0.00    0.00   clock source latency
     1    0.01    0.00    0.00    0.00 ^ clk (in)
                                         clk (net)
                  0.00    0.00    0.00 ^ clkbuf_0_clk/A (sky130_fd_sc_hd__clkbuf_8)
     2    0.01    0.04    0.11    0.11 ^ clkbuf_0_clk/X (sky130_fd_sc_hd__clkbuf_8)
                                         clknet_0_clk (net)
                  0.04    0.00    0.11 ^ clkbuf_1_1__f_clk/A (sky130_fd_sc_hd__clkbuf_8)
     4    0.01    0.04    0.12    0.22 ^ clkbuf_1_1__f_clk/X (sky130_fd_sc_hd__clkbuf_8)
                                         clknet_1_1__leaf_clk (net)
                  0.04    0.00    0.22 ^ parallel_out[5]$_DFFE_PN0P_/CLK (sky130_fd_sc_hd__dfrtp_1)
     4    0.01    0.09    0.41    0.63 v parallel_out[5]$_DFFE_PN0P_/Q (sky130_fd_sc_hd__dfrtp_1)
                                         net18 (net)
                  0.09    0.00    0.63 v _64_/A1 (sky130_fd_sc_hd__mux2_1)
     1    0.00    0.06    0.31    0.94 v _64_/X (sky130_fd_sc_hd__mux2_1)
                                         _30_ (net)
                  0.06    0.00    0.94 v _65_/A0 (sky130_fd_sc_hd__mux2i_1)
     1    0.00    0.12    0.12    1.07 ^ _65_/Y (sky130_fd_sc_hd__mux2i_1)
                                         _31_ (net)
                  0.12    0.00    1.07 ^ _67_/A2 (sky130_fd_sc_hd__o21ai_0)
     1    0.00    0.09    0.10    1.17 v _67_/Y (sky130_fd_sc_hd__o21ai_0)
                                         _06_ (net)
                  0.09    0.00    1.17 v parallel_out[6]$_DFFE_PN0P_/D (sky130_fd_sc_hd__dfrtp_1)
                                  1.17   data arrival time

                          5.00    5.00   clock core_clock (rise edge)
                          0.00    5.00   clock source latency
     1    0.01    0.00    0.00    5.00 ^ clk (in)
                                         clk (net)
                  0.00    0.00    5.00 ^ clkbuf_0_clk/A (sky130_fd_sc_hd__clkbuf_8)
     2    0.01    0.04    0.11    5.11 ^ clkbuf_0_clk/X (sky130_fd_sc_hd__clkbuf_8)
                                         clknet_0_clk (net)
                  0.04    0.00    5.11 ^ clkbuf_1_1__f_clk/A (sky130_fd_sc_hd__clkbuf_8)
     4    0.01    0.04    0.12    5.22 ^ clkbuf_1_1__f_clk/X (sky130_fd_sc_hd__clkbuf_8)
                                         clknet_1_1__leaf_clk (net)
                  0.04    0.00    5.22 ^ parallel_out[6]$_DFFE_PN0P_/CLK (sky130_fd_sc_hd__dfrtp_1)
                          0.00    5.22   clock reconvergence pessimism
                         -0.14    5.09   library setup time
                                  5.09   data required time
-----------------------------------------------------------------------------
                                  5.09   data required time
                                 -1.17   data arrival time
-----------------------------------------------------------------------------
                                  3.92   slack (MET)



==========================================================================
cts final report_checks -unconstrained
--------------------------------------------------------------------------
Startpoint: rst_n (input port clocked by core_clock)
Endpoint: parallel_out[7]$_DFFE_PN0P_
          (recovery check against rising-edge clock core_clock)
Path Group: asynchronous
Path Type: max

Fanout     Cap    Slew   Delay    Time   Description
-----------------------------------------------------------------------------
                          0.00    0.00   clock core_clock (rise edge)
                          0.00    0.00   clock network delay (propagated)
                          0.20    0.20 ^ input external delay
     1    0.00    0.00    0.00    0.20 ^ rst_n (in)
                                         rst_n (net)
                  0.00    0.00    0.20 ^ hold2/A (sky130_fd_sc_hd__dlygate4sd3_1)
     1    0.00    0.05    0.52    0.72 ^ hold2/X (sky130_fd_sc_hd__dlygate4sd3_1)
                                         net21 (net)
                  0.05    0.00    0.72 ^ hold1/A (sky130_fd_sc_hd__buf_2)
     8    0.04    0.20    0.22    0.94 ^ hold1/X (sky130_fd_sc_hd__buf_2)
                                         net1 (net)
                  0.20    0.00    0.94 ^ parallel_out[7]$_DFFE_PN0P_/RESET_B (sky130_fd_sc_hd__dfrtp_1)
                                  0.94   data arrival time

                          5.00    5.00   clock core_clock (rise edge)
                          0.00    5.00   clock source latency
     1    0.01    0.00    0.00    5.00 ^ clk (in)
                                         clk (net)
                  0.00    0.00    5.00 ^ clkbuf_0_clk/A (sky130_fd_sc_hd__clkbuf_8)
     2    0.01    0.04    0.11    5.11 ^ clkbuf_0_clk/X (sky130_fd_sc_hd__clkbuf_8)
                                         clknet_0_clk (net)
                  0.04    0.00    5.11 ^ clkbuf_1_1__f_clk/A (sky130_fd_sc_hd__clkbuf_8)
     4    0.01    0.04    0.12    5.22 ^ clkbuf_1_1__f_clk/X (sky130_fd_sc_hd__clkbuf_8)
                                         clknet_1_1__leaf_clk (net)
                  0.04    0.00    5.22 ^ parallel_out[7]$_DFFE_PN0P_/CLK (sky130_fd_sc_hd__dfrtp_1)
                          0.00    5.22   clock reconvergence pessimism
                          0.19    5.41   library recovery time
                                  5.41   data required time
-----------------------------------------------------------------------------
                                  5.41   data required time
                                 -0.94   data arrival time
-----------------------------------------------------------------------------
                                  4.47   slack (MET)


Startpoint: parallel_out[5]$_DFFE_PN0P_
            (rising edge-triggered flip-flop clocked by core_clock)
Endpoint: parallel_out[6]$_DFFE_PN0P_
          (rising edge-triggered flip-flop clocked by core_clock)
Path Group: core_clock
Path Type: max

Fanout     Cap    Slew   Delay    Time   Description
-----------------------------------------------------------------------------
                          0.00    0.00   clock core_clock (rise edge)
                          0.00    0.00   clock source latency
     1    0.01    0.00    0.00    0.00 ^ clk (in)
                                         clk (net)
                  0.00    0.00    0.00 ^ clkbuf_0_clk/A (sky130_fd_sc_hd__clkbuf_8)
     2    0.01    0.04    0.11    0.11 ^ clkbuf_0_clk/X (sky130_fd_sc_hd__clkbuf_8)
                                         clknet_0_clk (net)
                  0.04    0.00    0.11 ^ clkbuf_1_1__f_clk/A (sky130_fd_sc_hd__clkbuf_8)
     4    0.01    0.04    0.12    0.22 ^ clkbuf_1_1__f_clk/X (sky130_fd_sc_hd__clkbuf_8)
                                         clknet_1_1__leaf_clk (net)
                  0.04    0.00    0.22 ^ parallel_out[5]$_DFFE_PN0P_/CLK (sky130_fd_sc_hd__dfrtp_1)
     4    0.01    0.09    0.41    0.63 v parallel_out[5]$_DFFE_PN0P_/Q (sky130_fd_sc_hd__dfrtp_1)
                                         net18 (net)
                  0.09    0.00    0.63 v _64_/A1 (sky130_fd_sc_hd__mux2_1)
     1    0.00    0.06    0.31    0.94 v _64_/X (sky130_fd_sc_hd__mux2_1)
                                         _30_ (net)
                  0.06    0.00    0.94 v _65_/A0 (sky130_fd_sc_hd__mux2i_1)
     1    0.00    0.12    0.12    1.07 ^ _65_/Y (sky130_fd_sc_hd__mux2i_1)
                                         _31_ (net)
                  0.12    0.00    1.07 ^ _67_/A2 (sky130_fd_sc_hd__o21ai_0)
     1    0.00    0.09    0.10    1.17 v _67_/Y (sky130_fd_sc_hd__o21ai_0)
                                         _06_ (net)
                  0.09    0.00    1.17 v parallel_out[6]$_DFFE_PN0P_/D (sky130_fd_sc_hd__dfrtp_1)
                                  1.17   data arrival time

                          5.00    5.00   clock core_clock (rise edge)
                          0.00    5.00   clock source latency
     1    0.01    0.00    0.00    5.00 ^ clk (in)
                                         clk (net)
                  0.00    0.00    5.00 ^ clkbuf_0_clk/A (sky130_fd_sc_hd__clkbuf_8)
     2    0.01    0.04    0.11    5.11 ^ clkbuf_0_clk/X (sky130_fd_sc_hd__clkbuf_8)
                                         clknet_0_clk (net)
                  0.04    0.00    5.11 ^ clkbuf_1_1__f_clk/A (sky130_fd_sc_hd__clkbuf_8)
     4    0.01    0.04    0.12    5.22 ^ clkbuf_1_1__f_clk/X (sky130_fd_sc_hd__clkbuf_8)
                                         clknet_1_1__leaf_clk (net)
                  0.04    0.00    5.22 ^ parallel_out[6]$_DFFE_PN0P_/CLK (sky130_fd_sc_hd__dfrtp_1)
                          0.00    5.22   clock reconvergence pessimism
                         -0.14    5.09   library setup time
                                  5.09   data required time
-----------------------------------------------------------------------------
                                  5.09   data required time
                                 -1.17   data arrival time
-----------------------------------------------------------------------------
                                  3.92   slack (MET)



==========================================================================
cts final report_check_types -max_slew -max_cap -max_fanout -violators
--------------------------------------------------------------------------

==========================================================================
cts final max_slew_check_slack
--------------------------------------------------------------------------
1.2730910778045654

==========================================================================
cts final max_slew_check_limit
--------------------------------------------------------------------------
1.4943389892578125

==========================================================================
cts final max_slew_check_slack_limit
--------------------------------------------------------------------------
0.8519

==========================================================================
cts final max_fanout_check_slack
--------------------------------------------------------------------------
1.0000000150474662e+30

==========================================================================
cts final max_fanout_check_limit
--------------------------------------------------------------------------
1.0000000150474662e+30

==========================================================================
cts final max_capacitance_check_slack
--------------------------------------------------------------------------
0.04543641582131386

==========================================================================
cts final max_capacitance_check_limit
--------------------------------------------------------------------------
0.05036399886012077

==========================================================================
cts final max_capacitance_check_slack_limit
--------------------------------------------------------------------------
0.9022

==========================================================================
cts final max_slew_violation_count
--------------------------------------------------------------------------
max slew violation count 0

==========================================================================
cts final max_fanout_violation_count
--------------------------------------------------------------------------
max fanout violation count 0

==========================================================================
cts final max_cap_violation_count
--------------------------------------------------------------------------
max cap violation count 0

==========================================================================
cts final setup_violation_count
--------------------------------------------------------------------------
setup violation count 0

==========================================================================
cts final hold_violation_count
--------------------------------------------------------------------------
hold violation count 0

==========================================================================
cts final report_checks -path_delay max reg to reg
--------------------------------------------------------------------------
Startpoint: parallel_out[5]$_DFFE_PN0P_
            (rising edge-triggered flip-flop clocked by core_clock)
Endpoint: parallel_out[6]$_DFFE_PN0P_
          (rising edge-triggered flip-flop clocked by core_clock)
Path Group: core_clock
Path Type: max

  Delay    Time   Description
---------------------------------------------------------
   0.00    0.00   clock core_clock (rise edge)
   0.00    0.00   clock source latency
   0.00    0.00 ^ clk (in)
   0.11    0.11 ^ clkbuf_0_clk/X (sky130_fd_sc_hd__clkbuf_8)
   0.12    0.22 ^ clkbuf_1_1__f_clk/X (sky130_fd_sc_hd__clkbuf_8)
   0.00    0.22 ^ parallel_out[5]$_DFFE_PN0P_/CLK (sky130_fd_sc_hd__dfrtp_1)
   0.41    0.63 v parallel_out[5]$_DFFE_PN0P_/Q (sky130_fd_sc_hd__dfrtp_1)
   0.31    0.94 v _64_/X (sky130_fd_sc_hd__mux2_1)
   0.12    1.07 ^ _65_/Y (sky130_fd_sc_hd__mux2i_1)
   0.10    1.17 v _67_/Y (sky130_fd_sc_hd__o21ai_0)
   0.00    1.17 v parallel_out[6]$_DFFE_PN0P_/D (sky130_fd_sc_hd__dfrtp_1)
           1.17   data arrival time

   5.00    5.00   clock core_clock (rise edge)
   0.00    5.00   clock source latency
   0.00    5.00 ^ clk (in)
   0.11    5.11 ^ clkbuf_0_clk/X (sky130_fd_sc_hd__clkbuf_8)
   0.12    5.22 ^ clkbuf_1_1__f_clk/X (sky130_fd_sc_hd__clkbuf_8)
   0.00    5.22 ^ parallel_out[6]$_DFFE_PN0P_/CLK (sky130_fd_sc_hd__dfrtp_1)
   0.00    5.22   clock reconvergence pessimism
  -0.14    5.09   library setup time
           5.09   data required time
---------------------------------------------------------
           5.09   data required time
          -1.17   data arrival time
---------------------------------------------------------
           3.92   slack (MET)



==========================================================================
cts final report_checks -path_delay min reg to reg
--------------------------------------------------------------------------
Startpoint: parallel_out[0]$_DFFE_PN0P_
            (rising edge-triggered flip-flop clocked by core_clock)
Endpoint: parallel_out[0]$_DFFE_PN0P_
          (rising edge-triggered flip-flop clocked by core_clock)
Path Group: core_clock
Path Type: min

  Delay    Time   Description
---------------------------------------------------------
   0.00    0.00   clock core_clock (rise edge)
   0.00    0.00   clock source latency
   0.00    0.00 ^ clk (in)
   0.11    0.11 ^ clkbuf_0_clk/X (sky130_fd_sc_hd__clkbuf_8)
   0.12    0.22 ^ clkbuf_1_0__f_clk/X (sky130_fd_sc_hd__clkbuf_8)
   0.00    0.22 ^ parallel_out[0]$_DFFE_PN0P_/CLK (sky130_fd_sc_hd__dfrtp_1)
   0.35    0.58 ^ parallel_out[0]$_DFFE_PN0P_/Q (sky130_fd_sc_hd__dfrtp_1)
   0.05    0.63 v _42_/Y (sky130_fd_sc_hd__nand2_1)
   0.07    0.70 ^ _43_/Y (sky130_fd_sc_hd__o21ai_0)
   0.00    0.70 ^ parallel_out[0]$_DFFE_PN0P_/D (sky130_fd_sc_hd__dfrtp_1)
           0.70   data arrival time

   0.00    0.00   clock core_clock (rise edge)
   0.00    0.00   clock source latency
   0.00    0.00 ^ clk (in)
   0.11    0.11 ^ clkbuf_0_clk/X (sky130_fd_sc_hd__clkbuf_8)
   0.12    0.22 ^ clkbuf_1_0__f_clk/X (sky130_fd_sc_hd__clkbuf_8)
   0.00    0.22 ^ parallel_out[0]$_DFFE_PN0P_/CLK (sky130_fd_sc_hd__dfrtp_1)
   0.00    0.22   clock reconvergence pessimism
  -0.04    0.18   library hold time
           0.18   data required time
---------------------------------------------------------
           0.18   data required time
          -0.70   data arrival time
---------------------------------------------------------
           0.52   slack (MET)



==========================================================================
cts final critical path target clock latency max path
--------------------------------------------------------------------------
0.2244

==========================================================================
cts final critical path target clock latency min path
--------------------------------------------------------------------------
0.2250

==========================================================================
cts final critical path source clock latency min path
--------------------------------------------------------------------------
0.0000

==========================================================================
cts final critical path delay
--------------------------------------------------------------------------
1.1725

==========================================================================
cts final critical path slack
--------------------------------------------------------------------------
3.9155

==========================================================================
cts final slack div critical path delay
--------------------------------------------------------------------------
333.944563

==========================================================================
cts final report_power
--------------------------------------------------------------------------
Group                  Internal  Switching    Leakage      Total
                          Power      Power      Power      Power (Watts)
----------------------------------------------------------------
Sequential             7.64e-05   1.14e-05   9.99e-11   8.79e-05  42.3%
Combinational          2.45e-05   2.01e-05   1.64e-10   4.45e-05  21.4%
Clock                  5.20e-05   2.35e-05   2.16e-11   7.54e-05  36.3%
Macro                  0.00e+00   0.00e+00   0.00e+00   0.00e+00   0.0%
Pad                    0.00e+00   0.00e+00   0.00e+00   0.00e+00   0.0%
----------------------------------------------------------------
Total                  1.53e-04   5.49e-05   2.85e-10   2.08e-04 100.0%
                          73.6%      26.4%       0.0%
