
==========================================================================
floorplan final report_tns
--------------------------------------------------------------------------
tns 0.00

==========================================================================
floorplan final report_wns
--------------------------------------------------------------------------
wns 0.00

==========================================================================
floorplan final report_worst_slack
--------------------------------------------------------------------------
worst slack INF

==========================================================================
floorplan final report_checks -path_delay min
--------------------------------------------------------------------------
No paths found.

==========================================================================
floorplan final report_checks -path_delay max
--------------------------------------------------------------------------
No paths found.

==========================================================================
floorplan final report_checks -unconstrained
--------------------------------------------------------------------------
Startpoint: wr_ptr_gray_sync2[3]$_DFF_PN0_ (rising edge-triggered flip-flop)
Endpoint: rd_almost_empty (output port)
Path Group: unconstrained
Path Type: max

Fanout     Cap    Slew   Delay    Time   Description
-----------------------------------------------------------------------------
                  0.00    0.00    0.00 ^ wr_ptr_gray_sync2[3]$_DFF_PN0_/CLK (sky130_fd_sc_hd__dfrtp_1)
     2    0.01    0.08    0.39    0.39 v wr_ptr_gray_sync2[3]$_DFF_PN0_/Q (sky130_fd_sc_hd__dfrtp_1)
                                         wr_ptr_bin_sync[3] (net)
                  0.08    0.00    0.39 v _203_/B (sky130_fd_sc_hd__xor2_1)
     2    0.01    0.20    0.20    0.59 ^ _203_/X (sky130_fd_sc_hd__xor2_1)
                                         _136_ (net)
                  0.20    0.00    0.59 ^ _204_/B (sky130_fd_sc_hd__xor2_1)
     3    0.01    0.32    0.31    0.90 ^ _204_/X (sky130_fd_sc_hd__xor2_1)
                                         _126_ (net)
                  0.32    0.00    0.90 ^ _210_/B (sky130_fd_sc_hd__xnor2_1)
     1    0.00    0.12    0.16    1.06 ^ _210_/Y (sky130_fd_sc_hd__xnor2_1)
                                         _149_ (net)
                  0.12    0.00    1.06 ^ _308_/B (sky130_fd_sc_hd__ha_1)
     2    0.00    0.07    0.17    1.23 ^ _308_/COUT (sky130_fd_sc_hd__ha_1)
                                         _150_ (net)
                  0.07    0.00    1.23 ^ _209_/A (sky130_fd_sc_hd__inv_1)
     1    0.01    0.04    0.06    1.28 v _209_/Y (sky130_fd_sc_hd__inv_1)
                                         _125_ (net)
                  0.04    0.00    1.28 v _300_/A (sky130_fd_sc_hd__fa_1)
     1    0.00    0.05    0.52    1.81 ^ _300_/SUM (sky130_fd_sc_hd__fa_1)
                                         _129_ (net)
                  0.05    0.00    1.81 ^ _295_/A (sky130_fd_sc_hd__inv_1)
     2    0.00    0.02    0.03    1.84 v _295_/Y (sky130_fd_sc_hd__inv_1)
                                         rd_count[1] (net)
                  0.02    0.00    1.84 v _296_/A1 (sky130_fd_sc_hd__a221oi_1)
     1    0.00    0.15    0.18    2.02 ^ _296_/Y (sky130_fd_sc_hd__a221oi_1)
                                         rd_almost_empty (net)
                  0.15    0.00    2.02 ^ rd_almost_empty (out)
                                  2.02   data arrival time
-----------------------------------------------------------------------------
(Path is unconstrained)



==========================================================================
floorplan final report_power
--------------------------------------------------------------------------
Group                  Internal  Switching    Leakage      Total
                          Power      Power      Power      Power (Watts)
----------------------------------------------------------------
Sequential             2.60e-04   9.13e-05   1.04e-09   3.52e-04  64.7%
Combinational          9.91e-05   9.25e-05   5.83e-10   1.92e-04  35.3%
Clock                  0.00e+00   0.00e+00   0.00e+00   0.00e+00   0.0%
Macro                  0.00e+00   0.00e+00   0.00e+00   0.00e+00   0.0%
Pad                    0.00e+00   0.00e+00   0.00e+00   0.00e+00   0.0%
----------------------------------------------------------------
Total                  3.60e-04   1.84e-04   1.62e-09   5.43e-04 100.0%
                          66.2%      33.8%       0.0%
