
==========================================================================
global route report_tns
--------------------------------------------------------------------------
tns 0.00

==========================================================================
global route report_wns
--------------------------------------------------------------------------
wns 0.00

==========================================================================
global route report_worst_slack
--------------------------------------------------------------------------
worst slack INF

==========================================================================
global route report_clock_skew
--------------------------------------------------------------------------
Clock core_clock
No launch/capture paths found.


==========================================================================
global route report_checks -path_delay min
--------------------------------------------------------------------------
No paths found.

==========================================================================
global route report_checks -path_delay max
--------------------------------------------------------------------------
No paths found.

==========================================================================
global route report_checks -unconstrained
--------------------------------------------------------------------------
Startpoint: wr_ptr_gray_sync2[2]$_DFF_PN0_ (rising edge-triggered flip-flop)
Endpoint: rd_almost_empty (output port)
Path Group: unconstrained
Path Type: max

Fanout     Cap    Slew   Delay    Time   Description
-----------------------------------------------------------------------------
                  0.17    0.00    0.00 ^ wr_ptr_gray_sync2[2]$_DFF_PN0_/CLK (sky130_fd_sc_hd__dfrtp_1)
     2    0.02    0.11    0.47    0.47 v wr_ptr_gray_sync2[2]$_DFF_PN0_/Q (sky130_fd_sc_hd__dfrtp_1)
                                         wr_ptr_gray_sync2[2] (net)
                  0.11    0.00    0.47 v _203_/A (sky130_fd_sc_hd__xor2_2)
     2    0.02    0.23    0.27    0.74 ^ _203_/X (sky130_fd_sc_hd__xor2_2)
                                         _136_ (net)
                  0.23    0.00    0.74 ^ _204_/B (sky130_fd_sc_hd__xor2_2)
     3    0.02    0.25    0.27    1.01 ^ _204_/X (sky130_fd_sc_hd__xor2_2)
                                         _126_ (net)
                  0.25    0.00    1.01 ^ _210_/B (sky130_fd_sc_hd__xnor2_1)
     1    0.00    0.13    0.16    1.17 ^ _210_/Y (sky130_fd_sc_hd__xnor2_1)
                                         _149_ (net)
                  0.13    0.00    1.17 ^ _308_/B (sky130_fd_sc_hd__ha_1)
     2    0.01    0.10    0.20    1.37 ^ _308_/COUT (sky130_fd_sc_hd__ha_1)
                                         _150_ (net)
                  0.10    0.00    1.37 ^ _209_/A (sky130_fd_sc_hd__inv_1)
     1    0.01    0.05    0.08    1.45 v _209_/Y (sky130_fd_sc_hd__inv_1)
                                         _125_ (net)
                  0.05    0.00    1.45 v _300_/A (sky130_fd_sc_hd__fa_1)
     1    0.00    0.06    0.54    1.98 ^ _300_/SUM (sky130_fd_sc_hd__fa_1)
                                         _129_ (net)
                  0.06    0.00    1.98 ^ _295_/A (sky130_fd_sc_hd__inv_1)
     2    0.01    0.04    0.06    2.04 v _295_/Y (sky130_fd_sc_hd__inv_1)
                                         net17 (net)
                  0.04    0.00    2.04 v _296_/A1 (sky130_fd_sc_hd__a221oi_1)
     1    0.00    0.26    0.28    2.33 ^ _296_/Y (sky130_fd_sc_hd__a221oi_1)
                                         net15 (net)
                  0.26    0.00    2.33 ^ output15/A (sky130_fd_sc_hd__clkbuf_1)
     1    0.00    0.04    0.11    2.44 ^ output15/X (sky130_fd_sc_hd__clkbuf_1)
                                         rd_almost_empty (net)
                  0.04    0.00    2.44 ^ rd_almost_empty (out)
                                  2.44   data arrival time
-----------------------------------------------------------------------------
(Path is unconstrained)



==========================================================================
global route report_check_types -max_slew -max_cap -max_fanout -violators
--------------------------------------------------------------------------

==========================================================================
global route max_slew_check_slack
--------------------------------------------------------------------------
0.7848406434059143

==========================================================================
global route max_slew_check_limit
--------------------------------------------------------------------------
1.4951449632644653

==========================================================================
global route max_slew_check_slack_limit
--------------------------------------------------------------------------
0.5249

==========================================================================
global route max_fanout_check_slack
--------------------------------------------------------------------------
1.0000000150474662e+30

==========================================================================
global route max_fanout_check_limit
--------------------------------------------------------------------------
1.0000000150474662e+30

==========================================================================
global route max_capacitance_check_slack
--------------------------------------------------------------------------
0.030648738145828247

==========================================================================
global route max_capacitance_check_limit
--------------------------------------------------------------------------
0.03663099929690361

==========================================================================
global route max_capacitance_check_slack_limit
--------------------------------------------------------------------------
0.8367

==========================================================================
global route max_slew_violation_count
--------------------------------------------------------------------------
max slew violation count 0

==========================================================================
global route max_fanout_violation_count
--------------------------------------------------------------------------
max fanout violation count 0

==========================================================================
global route max_cap_violation_count
--------------------------------------------------------------------------
max cap violation count 0

==========================================================================
global route setup_violation_count
--------------------------------------------------------------------------
setup violation count 0

==========================================================================
global route hold_violation_count
--------------------------------------------------------------------------
hold violation count 0

==========================================================================
global route report_checks -path_delay max reg to reg
--------------------------------------------------------------------------
No paths found.

==========================================================================
global route report_checks -path_delay min reg to reg
--------------------------------------------------------------------------
No paths found.

==========================================================================
global route critical path target clock latency max path
--------------------------------------------------------------------------
0

==========================================================================
global route critical path target clock latency min path
--------------------------------------------------------------------------
0

==========================================================================
global route critical path source clock latency min path
--------------------------------------------------------------------------
0

==========================================================================
global route critical path delay
--------------------------------------------------------------------------
-1

==========================================================================
global route critical path slack
--------------------------------------------------------------------------
0

==========================================================================
global route slack div critical path delay
--------------------------------------------------------------------------
0.000000

==========================================================================
global route report_power
--------------------------------------------------------------------------
Group                  Internal  Switching    Leakage      Total
                          Power      Power      Power      Power (Watts)
----------------------------------------------------------------
Sequential             2.41e-04   2.03e-04   1.03e-09   4.44e-04  56.1%
Combinational          1.18e-04   2.30e-04   8.68e-10   3.48e-04  43.9%
Clock                  0.00e+00   0.00e+00   0.00e+00   0.00e+00   0.0%
Macro                  0.00e+00   0.00e+00   0.00e+00   0.00e+00   0.0%
Pad                    0.00e+00   0.00e+00   0.00e+00   0.00e+00   0.0%
----------------------------------------------------------------
Total                  3.59e-04   4.33e-04   1.90e-09   7.92e-04 100.0%
                          45.3%      54.7%       0.0%
