
==========================================================================
resizer report_tns
--------------------------------------------------------------------------
tns 0.00

==========================================================================
resizer report_wns
--------------------------------------------------------------------------
wns 0.00

==========================================================================
resizer report_worst_slack
--------------------------------------------------------------------------
worst slack 4.27

==========================================================================
resizer report_checks -path_delay min
--------------------------------------------------------------------------
Startpoint: rst_n (input port clocked by core_clock)
Endpoint: data_out[5]$_DFFE_PN0P_
          (removal check against rising-edge clock core_clock)
Path Group: asynchronous
Path Type: min

Fanout     Cap    Slew   Delay    Time   Description
-----------------------------------------------------------------------------
                  0.00    0.00    0.00   clock core_clock (rise edge)
                          0.00    0.00   clock network delay (ideal)
                          0.20    0.20 ^ input external delay
     1    0.01    0.00    0.00    0.20 ^ rst_n (in)
                                         rst_n (net)
                  0.00    0.00    0.20 ^ hold1/A (sky130_fd_sc_hd__clkbuf_4)
     8    0.04    0.13    0.18    0.38 ^ hold1/X (sky130_fd_sc_hd__clkbuf_4)
                                         net1 (net)
                  0.13    0.00    0.38 ^ data_out[5]$_DFFE_PN0P_/RESET_B (sky130_fd_sc_hd__dfrtp_1)
                                  0.38   data arrival time

                  0.00    0.00    0.00   clock core_clock (rise edge)
                          0.00    0.00   clock network delay (ideal)
                          0.00    0.00   clock reconvergence pessimism
                                  0.00 ^ data_out[5]$_DFFE_PN0P_/CLK (sky130_fd_sc_hd__dfrtp_1)
                          0.33    0.33   library removal time
                                  0.33   data required time
-----------------------------------------------------------------------------
                                  0.33   data required time
                                 -0.38   data arrival time
-----------------------------------------------------------------------------
                                  0.05   slack (MET)


Startpoint: sync_rst (input port clocked by core_clock)
Endpoint: data_out[1]$_DFFE_PN0P_
          (rising edge-triggered flip-flop clocked by core_clock)
Path Group: core_clock
Path Type: min

Fanout     Cap    Slew   Delay    Time   Description
-----------------------------------------------------------------------------
                  0.00    0.00    0.00   clock core_clock (rise edge)
                          0.00    0.00   clock network delay (ideal)
                          0.20    0.20 ^ input external delay
     1    0.01    0.00    0.00    0.20 ^ sync_rst (in)
                                         sync_rst (net)
                  0.00    0.00    0.20 ^ _22_/A (sky130_fd_sc_hd__buf_2)
     8    0.03    0.15    0.17    0.37 ^ _22_/X (sky130_fd_sc_hd__buf_2)
                                         _11_ (net)
                  0.15    0.00    0.37 ^ _25_/B1 (sky130_fd_sc_hd__a21oi_1)
     1    0.00    0.04    0.05    0.42 v _25_/Y (sky130_fd_sc_hd__a21oi_1)
                                         _01_ (net)
                  0.04    0.00    0.42 v data_out[1]$_DFFE_PN0P_/D (sky130_fd_sc_hd__dfrtp_1)
                                  0.42   data arrival time

                  0.00    0.00    0.00   clock core_clock (rise edge)
                          0.00    0.00   clock network delay (ideal)
                          0.00    0.00   clock reconvergence pessimism
                                  0.00 ^ data_out[1]$_DFFE_PN0P_/CLK (sky130_fd_sc_hd__dfrtp_1)
                         -0.06   -0.06   library hold time
                                 -0.06   data required time
-----------------------------------------------------------------------------
                                 -0.06   data required time
                                 -0.42   data arrival time
-----------------------------------------------------------------------------
                                  0.47   slack (MET)



==========================================================================
resizer report_checks -path_delay max
--------------------------------------------------------------------------
Startpoint: rst_n (input port clocked by core_clock)
Endpoint: data_out[4]$_DFFE_PN0P_
          (recovery check against rising-edge clock core_clock)
Path Group: asynchronous
Path Type: max

Fanout     Cap    Slew   Delay    Time   Description
-----------------------------------------------------------------------------
                  0.00    0.00    0.00   clock core_clock (rise edge)
                          0.00    0.00   clock network delay (ideal)
                          0.20    0.20 ^ input external delay
     1    0.01    0.00    0.00    0.20 ^ rst_n (in)
                                         rst_n (net)
                  0.00    0.00    0.20 ^ hold1/A (sky130_fd_sc_hd__clkbuf_4)
     8    0.04    0.13    0.18    0.38 ^ hold1/X (sky130_fd_sc_hd__clkbuf_4)
                                         net1 (net)
                  0.13    0.00    0.38 ^ data_out[4]$_DFFE_PN0P_/RESET_B (sky130_fd_sc_hd__dfrtp_1)
                                  0.38   data arrival time

                  0.00    5.00    5.00   clock core_clock (rise edge)
                          0.00    5.00   clock network delay (ideal)
                          0.00    5.00   clock reconvergence pessimism
                                  5.00 ^ data_out[4]$_DFFE_PN0P_/CLK (sky130_fd_sc_hd__dfrtp_1)
                          0.19    5.19   library recovery time
                                  5.19   data required time
-----------------------------------------------------------------------------
                                  5.19   data required time
                                 -0.38   data arrival time
-----------------------------------------------------------------------------
                                  4.81   slack (MET)


Startpoint: enable (input port clocked by core_clock)
Endpoint: data_out[0]$_DFFE_PN0P_
          (rising edge-triggered flip-flop clocked by core_clock)
Path Group: core_clock
Path Type: max

Fanout     Cap    Slew   Delay    Time   Description
-----------------------------------------------------------------------------
                  0.00    0.00    0.00   clock core_clock (rise edge)
                          0.00    0.00   clock network delay (ideal)
                          0.20    0.20 ^ input external delay
     1    0.01    0.00    0.00    0.20 ^ enable (in)
                                         enable (net)
                  0.00    0.00    0.20 ^ _20_/A (sky130_fd_sc_hd__buf_6)
     8    0.05    0.11    0.13    0.33 ^ _20_/X (sky130_fd_sc_hd__buf_6)
                                         _09_ (net)
                  0.11    0.00    0.33 ^ _21_/S (sky130_fd_sc_hd__mux2i_1)
     1    0.00    0.13    0.20    0.53 ^ _21_/Y (sky130_fd_sc_hd__mux2i_1)
                                         _10_ (net)
                  0.13    0.00    0.53 ^ _23_/A2 (sky130_fd_sc_hd__a21oi_1)
     1    0.00    0.05    0.08    0.61 v _23_/Y (sky130_fd_sc_hd__a21oi_1)
                                         _00_ (net)
                  0.05    0.00    0.61 v data_out[0]$_DFFE_PN0P_/D (sky130_fd_sc_hd__dfrtp_1)
                                  0.61   data arrival time

                  0.00    5.00    5.00   clock core_clock (rise edge)
                          0.00    5.00   clock network delay (ideal)
                          0.00    5.00   clock reconvergence pessimism
                                  5.00 ^ data_out[0]$_DFFE_PN0P_/CLK (sky130_fd_sc_hd__dfrtp_1)
                         -0.13    4.87   library setup time
                                  4.87   data required time
-----------------------------------------------------------------------------
                                  4.87   data required time
                                 -0.61   data arrival time
-----------------------------------------------------------------------------
                                  4.27   slack (MET)



==========================================================================
resizer report_checks -unconstrained
--------------------------------------------------------------------------
Startpoint: rst_n (input port clocked by core_clock)
Endpoint: data_out[4]$_DFFE_PN0P_
          (recovery check against rising-edge clock core_clock)
Path Group: asynchronous
Path Type: max

Fanout     Cap    Slew   Delay    Time   Description
-----------------------------------------------------------------------------
                  0.00    0.00    0.00   clock core_clock (rise edge)
                          0.00    0.00   clock network delay (ideal)
                          0.20    0.20 ^ input external delay
     1    0.01    0.00    0.00    0.20 ^ rst_n (in)
                                         rst_n (net)
                  0.00    0.00    0.20 ^ hold1/A (sky130_fd_sc_hd__clkbuf_4)
     8    0.04    0.13    0.18    0.38 ^ hold1/X (sky130_fd_sc_hd__clkbuf_4)
                                         net1 (net)
                  0.13    0.00    0.38 ^ data_out[4]$_DFFE_PN0P_/RESET_B (sky130_fd_sc_hd__dfrtp_1)
                                  0.38   data arrival time

                  0.00    5.00    5.00   clock core_clock (rise edge)
                          0.00    5.00   clock network delay (ideal)
                          0.00    5.00   clock reconvergence pessimism
                                  5.00 ^ data_out[4]$_DFFE_PN0P_/CLK (sky130_fd_sc_hd__dfrtp_1)
                          0.19    5.19   library recovery time
                                  5.19   data required time
-----------------------------------------------------------------------------
                                  5.19   data required time
                                 -0.38   data arrival time
-----------------------------------------------------------------------------
                                  4.81   slack (MET)


Startpoint: enable (input port clocked by core_clock)
Endpoint: data_out[0]$_DFFE_PN0P_
          (rising edge-triggered flip-flop clocked by core_clock)
Path Group: core_clock
Path Type: max

Fanout     Cap    Slew   Delay    Time   Description
-----------------------------------------------------------------------------
                  0.00    0.00    0.00   clock core_clock (rise edge)
                          0.00    0.00   clock network delay (ideal)
                          0.20    0.20 ^ input external delay
     1    0.01    0.00    0.00    0.20 ^ enable (in)
                                         enable (net)
                  0.00    0.00    0.20 ^ _20_/A (sky130_fd_sc_hd__buf_6)
     8    0.05    0.11    0.13    0.33 ^ _20_/X (sky130_fd_sc_hd__buf_6)
                                         _09_ (net)
                  0.11    0.00    0.33 ^ _21_/S (sky130_fd_sc_hd__mux2i_1)
     1    0.00    0.13    0.20    0.53 ^ _21_/Y (sky130_fd_sc_hd__mux2i_1)
                                         _10_ (net)
                  0.13    0.00    0.53 ^ _23_/A2 (sky130_fd_sc_hd__a21oi_1)
     1    0.00    0.05    0.08    0.61 v _23_/Y (sky130_fd_sc_hd__a21oi_1)
                                         _00_ (net)
                  0.05    0.00    0.61 v data_out[0]$_DFFE_PN0P_/D (sky130_fd_sc_hd__dfrtp_1)
                                  0.61   data arrival time

                  0.00    5.00    5.00   clock core_clock (rise edge)
                          0.00    5.00   clock network delay (ideal)
                          0.00    5.00   clock reconvergence pessimism
                                  5.00 ^ data_out[0]$_DFFE_PN0P_/CLK (sky130_fd_sc_hd__dfrtp_1)
                         -0.13    4.87   library setup time
                                  4.87   data required time
-----------------------------------------------------------------------------
                                  4.87   data required time
                                 -0.61   data arrival time
-----------------------------------------------------------------------------
                                  4.27   slack (MET)



==========================================================================
resizer report_check_types -max_slew -max_cap -max_fanout -violators
--------------------------------------------------------------------------

==========================================================================
resizer max_slew_check_slack
--------------------------------------------------------------------------
1.3273866176605225

==========================================================================
resizer max_slew_check_limit
--------------------------------------------------------------------------
1.4582829475402832

==========================================================================
resizer max_slew_check_slack_limit
--------------------------------------------------------------------------
0.9102

==========================================================================
resizer max_fanout_check_slack
--------------------------------------------------------------------------
1.0000000150474662e+30

==========================================================================
resizer max_fanout_check_limit
--------------------------------------------------------------------------
1.0000000150474662e+30

==========================================================================
resizer max_capacitance_check_slack
--------------------------------------------------------------------------
0.06511435657739639

==========================================================================
resizer max_capacitance_check_limit
--------------------------------------------------------------------------
0.06867499649524689

==========================================================================
resizer max_capacitance_check_slack_limit
--------------------------------------------------------------------------
0.9482

==========================================================================
resizer max_slew_violation_count
--------------------------------------------------------------------------
max slew violation count 0

==========================================================================
resizer max_fanout_violation_count
--------------------------------------------------------------------------
max fanout violation count 0

==========================================================================
resizer max_cap_violation_count
--------------------------------------------------------------------------
max cap violation count 0

==========================================================================
resizer setup_violation_count
--------------------------------------------------------------------------
setup violation count 0

==========================================================================
resizer hold_violation_count
--------------------------------------------------------------------------
hold violation count 0

==========================================================================
resizer report_checks -path_delay max reg to reg
--------------------------------------------------------------------------
Startpoint: data_out[5]$_DFFE_PN0P_
            (rising edge-triggered flip-flop clocked by core_clock)
Endpoint: data_out[5]$_DFFE_PN0P_
          (rising edge-triggered flip-flop clocked by core_clock)
Path Group: core_clock
Path Type: max

  Delay    Time   Description
---------------------------------------------------------
   0.00    0.00   clock core_clock (rise edge)
   0.00    0.00   clock network delay (ideal)
   0.00    0.00 ^ data_out[5]$_DFFE_PN0P_/CLK (sky130_fd_sc_hd__dfrtp_1)
   0.36    0.36 v data_out[5]$_DFFE_PN0P_/Q (sky130_fd_sc_hd__dfrtp_1)
   0.13    0.49 ^ _32_/Y (sky130_fd_sc_hd__mux2i_1)
   0.08    0.57 v _33_/Y (sky130_fd_sc_hd__a21oi_1)
   0.00    0.57 v data_out[5]$_DFFE_PN0P_/D (sky130_fd_sc_hd__dfrtp_1)
           0.57   data arrival time

   5.00    5.00   clock core_clock (rise edge)
   0.00    5.00   clock network delay (ideal)
   0.00    5.00   clock reconvergence pessimism
           5.00 ^ data_out[5]$_DFFE_PN0P_/CLK (sky130_fd_sc_hd__dfrtp_1)
  -0.13    4.87   library setup time
           4.87   data required time
---------------------------------------------------------
           4.87   data required time
          -0.57   data arrival time
---------------------------------------------------------
           4.30   slack (MET)



==========================================================================
resizer report_checks -path_delay min reg to reg
--------------------------------------------------------------------------
Startpoint: data_out[1]$_DFFE_PN0P_
            (rising edge-triggered flip-flop clocked by core_clock)
Endpoint: data_out[1]$_DFFE_PN0P_
          (rising edge-triggered flip-flop clocked by core_clock)
Path Group: core_clock
Path Type: min

  Delay    Time   Description
---------------------------------------------------------
   0.00    0.00   clock core_clock (rise edge)
   0.00    0.00   clock network delay (ideal)
   0.00    0.00 ^ data_out[1]$_DFFE_PN0P_/CLK (sky130_fd_sc_hd__dfrtp_1)
   0.32    0.32 ^ data_out[1]$_DFFE_PN0P_/Q (sky130_fd_sc_hd__dfrtp_1)
   0.07    0.40 v _24_/Y (sky130_fd_sc_hd__mux2i_1)
   0.13    0.52 ^ _25_/Y (sky130_fd_sc_hd__a21oi_1)
   0.00    0.52 ^ data_out[1]$_DFFE_PN0P_/D (sky130_fd_sc_hd__dfrtp_1)
           0.52   data arrival time

   0.00    0.00   clock core_clock (rise edge)
   0.00    0.00   clock network delay (ideal)
   0.00    0.00   clock reconvergence pessimism
           0.00 ^ data_out[1]$_DFFE_PN0P_/CLK (sky130_fd_sc_hd__dfrtp_1)
  -0.05   -0.05   library hold time
          -0.05   data required time
---------------------------------------------------------
          -0.05   data required time
          -0.52   data arrival time
---------------------------------------------------------
           0.57   slack (MET)



==========================================================================
resizer critical path target clock latency max path
--------------------------------------------------------------------------
0.0000

==========================================================================
resizer critical path target clock latency min path
--------------------------------------------------------------------------
0.0000

==========================================================================
resizer critical path source clock latency min path
--------------------------------------------------------------------------
0.0000

==========================================================================
resizer critical path delay
--------------------------------------------------------------------------
0.6062

==========================================================================
resizer critical path slack
--------------------------------------------------------------------------
4.2684

==========================================================================
resizer slack div critical path delay
--------------------------------------------------------------------------
704.124051

==========================================================================
resizer report_power
--------------------------------------------------------------------------
Group                  Internal  Switching    Leakage      Total
                          Power      Power      Power      Power (Watts)
----------------------------------------------------------------
Sequential             7.07e-05   2.67e-06   9.90e-11   7.34e-05  79.9%
Combinational          9.55e-06   8.90e-06   9.81e-11   1.85e-05  20.1%
Clock                  0.00e+00   0.00e+00   0.00e+00   0.00e+00   0.0%
Macro                  0.00e+00   0.00e+00   0.00e+00   0.00e+00   0.0%
Pad                    0.00e+00   0.00e+00   0.00e+00   0.00e+00   0.0%
----------------------------------------------------------------
Total                  8.03e-05   1.16e-05   1.97e-10   9.19e-05 100.0%
                          87.4%      12.6%       0.0%
