
==========================================================================
global route report_tns
--------------------------------------------------------------------------
tns -162.24

==========================================================================
global route report_wns
--------------------------------------------------------------------------
wns -0.31

==========================================================================
global route report_worst_slack
--------------------------------------------------------------------------
worst slack -0.31

==========================================================================
global route report_clock_skew
--------------------------------------------------------------------------
Clock core_clock
   0.46 source latency dmi_wrapper.i_jtag_tap.wr_data[25]$_DFFE_PN0P_/CK ^
  -0.34 target latency dbg.dbg_data0_reg.genblock_dff.dout[25]$_DFF_PN0_/CK ^
   0.00 CRPR
--------------
   0.11 setup skew


==========================================================================
global route report_checks -path_delay min
--------------------------------------------------------------------------
Startpoint: dbg.dmcontrolff.dffs.dout[0]$_DFFE_PN0P_
            (rising edge-triggered flip-flop clocked by core_clock)
Endpoint: dec.decode.i0wbinstff.genblock_dff.dout[4]$_DFF_PN0_
          (removal check against rising-edge clock core_clock)
Path Group: asynchronous
Path Type: min

Fanout     Cap    Slew   Delay    Time   Description
-----------------------------------------------------------------------------
                          0.00    0.00   clock core_clock (rise edge)
                          0.00    0.00   clock source latency
     1   50.88    0.00    0.00    0.00 ^ clk (in)
                                         clk (net)
                  0.00    0.00    0.00 ^ clkbuf_0_clk/A (CLKBUF_X3)
     4   40.65    0.03    0.06    0.06 ^ clkbuf_0_clk/Z (CLKBUF_X3)
                                         clknet_0_clk (net)
                  0.03    0.01    0.06 ^ clkbuf_2_2_0_clk/A (CLKBUF_X3)
     2   34.33    0.03    0.06    0.12 ^ clkbuf_2_2_0_clk/Z (CLKBUF_X3)
                                         clknet_2_2_0_clk (net)
                  0.03    0.01    0.13 ^ clkbuf_3_5_0_clk/A (CLKBUF_X3)
     8   47.85    0.04    0.07    0.21 ^ clkbuf_3_5_0_clk/Z (CLKBUF_X3)
                                         clknet_3_5_0_clk (net)
                  0.04    0.00    0.21 ^ clkbuf_6_40_0_clk/A (CLKBUF_X3)
     2    6.51    0.01    0.04    0.25 ^ clkbuf_6_40_0_clk/Z (CLKBUF_X3)
                                         clknet_6_40_0_clk (net)
                  0.01    0.00    0.25 ^ clkbuf_7_81__f_clk/A (CLKBUF_X3)
    10   30.75    0.03    0.05    0.30 ^ clkbuf_7_81__f_clk/Z (CLKBUF_X3)
                                         clknet_7_81__leaf_clk (net)
                  0.03    0.00    0.31 ^ clkbuf_leaf_294_clk/A (CLKBUF_X3)
     4   10.36    0.01    0.04    0.35 ^ clkbuf_leaf_294_clk/Z (CLKBUF_X3)
                                         clknet_leaf_294_clk (net)
                  0.01    0.00    0.35 ^ dbg.dmcontrolff.dffs.dout[0]$_DFFE_PN0P_/CK (DFFR_X2)
    11  100.16    0.05    0.14    0.49 v dbg.dmcontrolff.dffs.dout[0]$_DFFE_PN0P_/Q (DFFR_X2)
                                         dbg.dmcontrol_reg_1 (net)
                  0.06    0.02    0.51 v clone11/B2 (AOI21_X4)
     5   27.43    0.04    0.08    0.59 ^ clone11/ZN (AOI21_X4)
                                         net11 (net)
                  0.04    0.00    0.59 ^ dec.decode.i0wbinstff.genblock_dff.dout[4]$_DFF_PN0_/RN (DFFR_X1)
                                  0.59   data arrival time

                          0.00    0.00   clock core_clock (rise edge)
                          0.00    0.00   clock source latency
     1   50.88    0.00    0.00    0.00 ^ clk (in)
                                         clk (net)
                  0.00    0.00    0.00 ^ clkbuf_0_clk/A (CLKBUF_X3)
     4   40.65    0.03    0.06    0.06 ^ clkbuf_0_clk/Z (CLKBUF_X3)
                                         clknet_0_clk (net)
                  0.03    0.01    0.06 ^ clkbuf_2_2_0_clk/A (CLKBUF_X3)
     2   34.33    0.03    0.06    0.12 ^ clkbuf_2_2_0_clk/Z (CLKBUF_X3)
                                         clknet_2_2_0_clk (net)
                  0.03    0.01    0.13 ^ clkbuf_3_5_0_clk/A (CLKBUF_X3)
     8   47.85    0.04    0.07    0.21 ^ clkbuf_3_5_0_clk/Z (CLKBUF_X3)
                                         clknet_3_5_0_clk (net)
                  0.04    0.01    0.21 ^ clkbuf_6_45_0_clk/A (CLKBUF_X3)
     2    6.85    0.01    0.04    0.25 ^ clkbuf_6_45_0_clk/Z (CLKBUF_X3)
                                         clknet_6_45_0_clk (net)
                  0.01    0.00    0.25 ^ clkbuf_7_90__f_clk/A (CLKBUF_X3)
    12   32.52    0.03    0.05    0.31 ^ clkbuf_7_90__f_clk/Z (CLKBUF_X3)
                                         clknet_7_90__leaf_clk (net)
                  0.03    0.00    0.31 ^ clkbuf_leaf_446_clk/A (CLKBUF_X3)
     7   10.04    0.01    0.04    0.35 ^ clkbuf_leaf_446_clk/Z (CLKBUF_X3)
                                         clknet_leaf_446_clk (net)
                  0.01    0.00    0.35 ^ dec.decode.i0wbinstff.genblock_dff.dout[4]$_DFF_PN0_/CK (DFFR_X1)
                          0.00    0.35   clock reconvergence pessimism
                          0.23    0.58   library removal time
                                  0.58   data required time
-----------------------------------------------------------------------------
                                  0.58   data required time
                                 -0.59   data arrival time
-----------------------------------------------------------------------------
                                  0.01   slack (MET)


Startpoint: lsu_axi_rdata[41] (input port clocked by core_clock)
Endpoint: lsu.bus_intf.bus_buffer.lsu_axi_rdata_ff.genblock_dff.dout[41]$_DFF_PN0_
          (rising edge-triggered flip-flop clocked by core_clock)
Path Group: core_clock
Path Type: min

Fanout     Cap    Slew   Delay    Time   Description
-----------------------------------------------------------------------------
                          0.00    0.00   clock core_clock (rise edge)
                          0.00    0.00   clock network delay (propagated)
                          0.40    0.40 ^ input external delay
     1    1.88    0.00    0.00    0.40 ^ lsu_axi_rdata[41] (in)
                                         lsu_axi_rdata[41] (net)
                  0.00    0.00    0.40 ^ input552/A (BUF_X1)
     1    3.92    0.01    0.02    0.42 ^ input552/Z (BUF_X1)
                                         net569 (net)
                  0.01    0.00    0.42 ^ lsu.bus_intf.bus_buffer.lsu_axi_rdata_ff.genblock_dff.dout[41]$_DFF_PN0_/D (DFFR_X1)
                                  0.42   data arrival time

                          0.00    0.00   clock core_clock (rise edge)
                          0.00    0.00   clock source latency
     1   50.88    0.00    0.00    0.00 ^ clk (in)
                                         clk (net)
                  0.00    0.00    0.00 ^ clkbuf_0_clk/A (CLKBUF_X3)
     4   40.65    0.03    0.06    0.06 ^ clkbuf_0_clk/Z (CLKBUF_X3)
                                         clknet_0_clk (net)
                  0.03    0.00    0.06 ^ clkbuf_2_0_0_clk/A (CLKBUF_X3)
     2   28.58    0.02    0.06    0.12 ^ clkbuf_2_0_0_clk/Z (CLKBUF_X3)
                                         clknet_2_0_0_clk (net)
                  0.02    0.01    0.13 ^ clkbuf_3_0_0_clk/A (CLKBUF_X3)
     8   53.31    0.04    0.08    0.20 ^ clkbuf_3_0_0_clk/Z (CLKBUF_X3)
                                         clknet_3_0_0_clk (net)
                  0.04    0.00    0.20 ^ clkbuf_6_2_0_clk/A (CLKBUF_X3)
     2    8.88    0.01    0.05    0.25 ^ clkbuf_6_2_0_clk/Z (CLKBUF_X3)
                                         clknet_6_2_0_clk (net)
                  0.01    0.00    0.25 ^ clkbuf_7_5__f_clk/A (CLKBUF_X3)
    20   53.33    0.04    0.07    0.32 ^ clkbuf_7_5__f_clk/Z (CLKBUF_X3)
                                         clknet_7_5__leaf_clk (net)
                  0.04    0.01    0.33 ^ clkbuf_leaf_0_clk/A (CLKBUF_X3)
     7   11.39    0.01    0.05    0.38 ^ clkbuf_leaf_0_clk/Z (CLKBUF_X3)
                                         clknet_leaf_0_clk (net)
                  0.01    0.00    0.38 ^ lsu.bus_intf.bus_buffer.lsu_axi_rdata_ff.genblock_dff.dout[41]$_DFF_PN0_/CK (DFFR_X1)
                          0.00    0.38   clock reconvergence pessimism
                          0.01    0.39   library hold time
                                  0.39   data required time
-----------------------------------------------------------------------------
                                  0.39   data required time
                                 -0.42   data arrival time
-----------------------------------------------------------------------------
                                  0.04   slack (MET)



==========================================================================
global route report_checks -path_delay max
--------------------------------------------------------------------------
Startpoint: rst_l (input port clocked by core_clock)
Endpoint: ifu.aln.q0ff.genblock_dff.dout[8]$_DFF_PN0_
          (recovery check against rising-edge clock core_clock)
Path Group: asynchronous
Path Type: max

Fanout     Cap    Slew   Delay    Time   Description
-----------------------------------------------------------------------------
                          0.00    0.00   clock core_clock (rise edge)
                          0.00    0.00   clock network delay (propagated)
                          0.40    0.40 ^ input external delay
     1    1.85    0.00    0.00    0.40 ^ rst_l (in)
                                         rst_l (net)
                  0.00    0.00    0.40 ^ hold246/A (CLKBUF_X1)
     1    0.90    0.01    0.02    0.42 ^ hold246/Z (CLKBUF_X1)
                                         net2658 (net)
                  0.01    0.00    0.42 ^ hold244/A (CLKBUF_X1)
     1    0.98    0.01    0.03    0.45 ^ hold244/Z (CLKBUF_X1)
                                         net2656 (net)
                  0.01    0.00    0.45 ^ hold247/A (CLKBUF_X1)
     1    6.92    0.02    0.04    0.49 ^ hold247/Z (CLKBUF_X1)
                                         net2659 (net)
                  0.02    0.00    0.49 ^ input624/A (BUF_X8)
     1    5.42    0.01    0.02    0.51 ^ input624/Z (BUF_X8)
                                         net641 (net)
                  0.01    0.00    0.51 ^ hold248/A (CLKBUF_X1)
     1   12.42    0.03    0.05    0.57 ^ hold248/Z (CLKBUF_X1)
                                         net2660 (net)
                  0.03    0.00    0.57 ^ hold245/A (BUF_X8)
     9   95.29    0.02    0.04    0.61 ^ hold245/Z (BUF_X8)
                                         net2657 (net)
                  0.04    0.02    0.63 ^ _116368_/A (INV_X32)
    18  152.93    0.01    0.01    0.64 v _116368_/ZN (INV_X32)
                                         _032636_ (net)
                  0.07    0.06    0.70 v clone14/A (AOI21_X4)
    31   97.89    0.12    0.17    0.87 ^ clone14/ZN (AOI21_X4)
                                         net14 (net)
                  0.12    0.01    0.88 ^ max_cap2018/A (BUF_X16)
    21   97.12    0.01    0.04    0.91 ^ max_cap2018/Z (BUF_X16)
                                         net2035 (net)
                  0.04    0.03    0.95 ^ max_cap2015/A (BUF_X16)
    25   90.65    0.01    0.03    0.98 ^ max_cap2015/Z (BUF_X16)
                                         net2032 (net)
                  0.04    0.03    1.00 ^ max_cap2014/A (BUF_X16)
    42  105.36    0.01    0.03    1.04 ^ max_cap2014/Z (BUF_X16)
                                         net2031 (net)
                  0.02    0.01    1.05 ^ max_cap2013/A (BUF_X16)
    24   78.66    0.01    0.03    1.08 ^ max_cap2013/Z (BUF_X16)
                                         net2030 (net)
                  0.02    0.01    1.09 ^ wire2010/A (BUF_X16)
    36  111.81    0.01    0.03    1.12 ^ wire2010/Z (BUF_X16)
                                         net2027 (net)
                  0.03    0.02    1.14 ^ wire2008/A (BUF_X16)
    39  112.75    0.01    0.03    1.17 ^ wire2008/Z (BUF_X16)
                                         net2025 (net)
                  0.03    0.02    1.19 ^ max_cap2007/A (BUF_X16)
    40  110.86    0.01    0.03    1.22 ^ max_cap2007/Z (BUF_X16)
                                         net2024 (net)
                  0.04    0.03    1.25 ^ max_cap2006/A (BUF_X16)
    44  104.50    0.02    0.04    1.29 ^ max_cap2006/Z (BUF_X16)
                                         net2023 (net)
                  0.02    0.00    1.29 ^ max_cap2005/A (BUF_X16)
    49  105.27    0.01    0.03    1.32 ^ max_cap2005/Z (BUF_X16)
                                         net2022 (net)
                  0.02    0.01    1.33 ^ ifu.aln.q0ff.genblock_dff.dout[8]$_DFF_PN0_/RN (DFFR_X1)
                                  1.33   data arrival time

                          2.00    2.00   clock core_clock (rise edge)
                          0.00    2.00   clock source latency
     1   50.88    0.00    0.00    2.00 ^ clk (in)
                                         clk (net)
                  0.00    0.00    2.00 ^ clkbuf_0_clk/A (CLKBUF_X3)
     4   40.65    0.03    0.06    2.06 ^ clkbuf_0_clk/Z (CLKBUF_X3)
                                         clknet_0_clk (net)
                  0.03    0.00    2.06 ^ clkbuf_2_0_0_clk/A (CLKBUF_X3)
     2   28.58    0.02    0.06    2.12 ^ clkbuf_2_0_0_clk/Z (CLKBUF_X3)
                                         clknet_2_0_0_clk (net)
                  0.02    0.01    2.13 ^ clkbuf_3_0_0_clk/A (CLKBUF_X3)
     8   53.31    0.04    0.08    2.20 ^ clkbuf_3_0_0_clk/Z (CLKBUF_X3)
                                         clknet_3_0_0_clk (net)
                  0.04    0.00    2.20 ^ clkbuf_6_4_0_clk/A (CLKBUF_X3)
     2    6.32    0.01    0.04    2.25 ^ clkbuf_6_4_0_clk/Z (CLKBUF_X3)
                                         clknet_6_4_0_clk (net)
                  0.01    0.00    2.25 ^ clkbuf_7_9__f_clk/A (CLKBUF_X3)
    14   31.66    0.03    0.05    2.30 ^ clkbuf_7_9__f_clk/Z (CLKBUF_X3)
                                         clknet_7_9__leaf_clk (net)
                  0.03    0.00    2.30 ^ clkbuf_leaf_1249_clk/A (CLKBUF_X3)
     8    9.38    0.01    0.04    2.34 ^ clkbuf_leaf_1249_clk/Z (CLKBUF_X3)
                                         clknet_leaf_1249_clk (net)
                  0.01    0.00    2.35 ^ ifu.aln.q0ff.genblock_dff.dout[8]$_DFF_PN0_/CK (DFFR_X1)
                          0.00    2.35   clock reconvergence pessimism
                          0.06    2.40   library recovery time
                                  2.40   data required time
-----------------------------------------------------------------------------
                                  2.40   data required time
                                 -1.33   data arrival time
-----------------------------------------------------------------------------
                                  1.07   slack (MET)


Startpoint: lsu.lsu_lsc_ctl.addr_in_pic_dc3ff.dout$_DFF_PN0_
            (rising edge-triggered flip-flop clocked by core_clock)
Endpoint: exu.div_e1.miscf.dffs.dout[1]$_DFFE_PN0P_
          (rising edge-triggered flip-flop clocked by core_clock)
Path Group: core_clock
Path Type: max

Fanout     Cap    Slew   Delay    Time   Description
-----------------------------------------------------------------------------
                          0.00    0.00   clock core_clock (rise edge)
                          0.00    0.00   clock source latency
     1   50.88    0.00    0.00    0.00 ^ clk (in)
                                         clk (net)
                  0.00    0.00    0.00 ^ clkbuf_0_clk/A (CLKBUF_X3)
     4   40.65    0.03    0.06    0.06 ^ clkbuf_0_clk/Z (CLKBUF_X3)
                                         clknet_0_clk (net)
                  0.03    0.01    0.06 ^ clkbuf_2_2_0_clk/A (CLKBUF_X3)
     2   34.33    0.03    0.06    0.12 ^ clkbuf_2_2_0_clk/Z (CLKBUF_X3)
                                         clknet_2_2_0_clk (net)
                  0.03    0.01    0.13 ^ clkbuf_3_4_0_clk/A (CLKBUF_X3)
     8   44.81    0.04    0.07    0.20 ^ clkbuf_3_4_0_clk/Z (CLKBUF_X3)
                                         clknet_3_4_0_clk (net)
                  0.04    0.00    0.21 ^ clkbuf_6_37_0_clk/A (CLKBUF_X3)
     2    6.17    0.01    0.04    0.25 ^ clkbuf_6_37_0_clk/Z (CLKBUF_X3)
                                         clknet_6_37_0_clk (net)
                  0.01    0.00    0.25 ^ clkbuf_7_74__f_clk/A (CLKBUF_X3)
    18   45.90    0.04    0.06    0.31 ^ clkbuf_7_74__f_clk/Z (CLKBUF_X3)
                                         clknet_7_74__leaf_clk (net)
                  0.04    0.00    0.31 ^ clkbuf_leaf_111_clk/A (CLKBUF_X3)
     9   10.87    0.01    0.05    0.36 ^ clkbuf_leaf_111_clk/Z (CLKBUF_X3)
                                         clknet_leaf_111_clk (net)
                  0.01    0.00    0.36 ^ lsu.lsu_lsc_ctl.addr_in_pic_dc3ff.dout$_DFF_PN0_/CK (DFFR_X2)
     4   12.38    0.02    0.14    0.50 ^ lsu.lsu_lsc_ctl.addr_in_pic_dc3ff.dout$_DFF_PN0_/Q (DFFR_X2)
                                         lsu.addr_in_pic_dc3 (net)
                  0.02    0.00    0.50 ^ rebuffer30/A (BUF_X8)
     3   12.96    0.01    0.02    0.53 ^ rebuffer30/Z (BUF_X8)
                                         net2442 (net)
                  0.01    0.00    0.53 ^ rebuffer168/A (BUF_X8)
     2   15.69    0.01    0.02    0.55 ^ rebuffer168/Z (BUF_X8)
                                         net2580 (net)
                  0.01    0.00    0.55 ^ _084311_/A (BUF_X16)
     8   54.99    0.01    0.02    0.58 ^ _084311_/Z (BUF_X16)
                                         _005355_ (net)
                  0.01    0.00    0.58 ^ _084312_/A (BUF_X32)
     6   29.84    0.01    0.02    0.60 ^ _084312_/Z (BUF_X32)
                                         _005356_ (net)
                  0.01    0.00    0.60 ^ _084313_/A (BUF_X16)
     5   13.37    0.01    0.02    0.62 ^ _084313_/Z (BUF_X16)
                                         _005357_ (net)
                  0.01    0.00    0.62 ^ _088006_/B2 (OAI21_X2)
     1    1.15    0.01    0.01    0.63 v _088006_/ZN (OAI21_X2)
                                         _008840_ (net)
                  0.01    0.00    0.63 v _088007_/B (MUX2_X1)
     1    1.36    0.01    0.06    0.69 v _088007_/Z (MUX2_X1)
                                         _008841_ (net)
                  0.01    0.00    0.69 v _088009_/B (MUX2_X1)
     1    3.37    0.01    0.06    0.75 v _088009_/Z (MUX2_X1)
                                         _008843_ (net)
                  0.01    0.00    0.75 v _088010_/B (MUX2_X1)
     1    7.05    0.02    0.07    0.82 v _088010_/Z (MUX2_X1)
                                         _008844_ (net)
                  0.02    0.00    0.82 v _088011_/B1 (OAI21_X4)
     2    4.87    0.02    0.03    0.85 ^ _088011_/ZN (OAI21_X4)
                                         _008845_ (net)
                  0.02    0.00    0.85 ^ _088012_/A1 (AND2_X4)
     2    5.88    0.01    0.03    0.88 ^ _088012_/ZN (AND2_X4)
                                         _008846_ (net)
                  0.01    0.00    0.88 ^ _088015_/B (MUX2_X2)
     2   10.46    0.02    0.04    0.92 ^ _088015_/Z (MUX2_X2)
                                         _082347_ (net)
                  0.02    0.00    0.93 ^ rebuffer22/A (BUF_X4)
     1    3.75    0.01    0.02    0.95 ^ rebuffer22/Z (BUF_X4)
                                         net2434 (net)
                  0.01    0.00    0.95 ^ _158644_/A (HA_X1)
     2    5.42    0.02    0.04    0.99 ^ _158644_/CO (HA_X1)
                                         _082348_ (net)
                  0.02    0.00    0.99 ^ _106139_/A (INV_X2)
     1    3.29    0.01    0.01    0.99 v _106139_/ZN (INV_X2)
                                         _079581_ (net)
                  0.01    0.00    0.99 v _157601_/CI (FA_X1)
     2    5.15    0.02    0.07    1.07 v _157601_/CO (FA_X1)
                                         _079582_ (net)
                  0.02    0.00    1.07 v rebuffer5/A (BUF_X2)
     1    4.45    0.01    0.03    1.10 v rebuffer5/Z (BUF_X2)
                                         net2417 (net)
                  0.01    0.00    1.10 v _088023_/A (XNOR2_X2)
     4   14.71    0.02    0.05    1.15 v _088023_/ZN (XNOR2_X2)
                                         lsu.bus_intf.end_addr_dc1[2] (net)
                  0.02    0.00    1.15 v _088025_/A (XNOR2_X2)
     3   11.23    0.02    0.05    1.20 v _088025_/ZN (XNOR2_X2)
                                         _008851_ (net)
                  0.02    0.00    1.20 v _088026_/A2 (NOR3_X4)
     1   11.77    0.04    0.06    1.26 ^ _088026_/ZN (NOR3_X4)
                                         _080726_ (net)
                  0.04    0.00    1.26 ^ _158013_/A (HA_X1)
     1    2.02    0.02    0.05    1.32 ^ _158013_/S (HA_X1)
                                         _080728_ (net)
                  0.02    0.00    1.32 ^ _107488_/A (INV_X1)
     1    3.21    0.01    0.01    1.33 v _107488_/ZN (INV_X1)
                                         _075168_ (net)
                  0.01    0.00    1.33 v _156468_/CI (FA_X1)
     1    3.72    0.02    0.11    1.44 ^ _156468_/S (FA_X1)
                                         _075169_ (net)
                  0.02    0.00    1.44 ^ _106975_/A (INV_X2)
     1    3.01    0.01    0.01    1.45 v _106975_/ZN (INV_X2)
                                         _075180_ (net)
                  0.01    0.00    1.45 v _156471_/CI (FA_X1)
     1    3.23    0.01    0.11    1.56 ^ _156471_/S (FA_X1)
                                         _075183_ (net)
                  0.01    0.00    1.57 ^ _156474_/CI (FA_X1)
     2    6.19    0.02    0.10    1.67 v _156474_/S (FA_X1)
                                         _075196_ (net)
                  0.02    0.00    1.67 v _158016_/A (HA_X1)
     1    1.78    0.01    0.05    1.72 v _158016_/S (HA_X1)
                                         _080735_ (net)
                  0.01    0.00    1.72 v _088133_/B2 (AOI21_X1)
     1    2.04    0.02    0.03    1.75 ^ _088133_/ZN (AOI21_X1)
                                         _008955_ (net)
                  0.02    0.00    1.75 ^ _088134_/A (INV_X1)
     1    3.12    0.01    0.01    1.77 v _088134_/ZN (INV_X1)
                                         _008956_ (net)
                  0.01    0.00    1.77 v _088135_/B2 (AOI21_X2)
     1    5.23    0.03    0.04    1.80 ^ _088135_/ZN (AOI21_X2)
                                         _008957_ (net)
                  0.03    0.00    1.80 ^ _088137_/B (XNOR2_X2)
     1    6.24    0.02    0.04    1.85 ^ _088137_/ZN (XNOR2_X2)
                                         _008959_ (net)
                  0.02    0.00    1.85 ^ _088138_/A1 (NAND2_X4)
     3   45.50    0.02    0.04    1.88 v _088138_/ZN (NAND2_X4)
                                         _008960_ (net)
                  0.02    0.01    1.89 v _088199_/A2 (NOR3_X4)
     1    4.05    0.02    0.05    1.94 ^ _088199_/ZN (NOR3_X4)
                                         _009021_ (net)
                  0.02    0.00    1.94 ^ _088200_/B1 (OAI21_X2)
     1    3.47    0.01    0.02    1.96 v _088200_/ZN (OAI21_X2)
                                         _009022_ (net)
                  0.01    0.00    1.96 v _088201_/A1 (NAND2_X2)
     2    7.06    0.02    0.02    1.98 ^ _088201_/ZN (NAND2_X2)
                                         _009023_ (net)
                  0.02    0.00    1.98 ^ _088458_/A2 (NAND4_X4)
     1    3.67    0.03    0.03    2.00 v _088458_/ZN (NAND4_X4)
                                         _009280_ (net)
                  0.03    0.00    2.00 v _089059_/A (AOI211_X2)
     1    6.13    0.05    0.08    2.09 ^ _089059_/ZN (AOI211_X2)
                                         _009881_ (net)
                  0.05    0.00    2.09 ^ _089101_/A1 (NAND2_X4)
     8   55.80    0.03    0.05    2.13 v _089101_/ZN (NAND2_X4)
                                         _009923_ (net)
                  0.03    0.01    2.14 v _089102_/A (INV_X8)
     5   26.61    0.01    0.03    2.17 ^ _089102_/ZN (INV_X8)
                                         _009924_ (net)
                  0.01    0.00    2.17 ^ _089251_/A2 (NAND2_X4)
     2   26.71    0.02    0.03    2.19 v _089251_/ZN (NAND2_X4)
                                         _010072_ (net)
                  0.02    0.00    2.20 v _089252_/A (INV_X16)
     7   51.50    0.01    0.02    2.21 ^ _089252_/ZN (INV_X16)
                                         dec.decode.N388 (net)
                  0.01    0.01    2.22 ^ _110421_/A2 (AND4_X2)
     1    1.78    0.01    0.05    2.27 ^ _110421_/ZN (AND4_X2)
                                         _027620_ (net)
                  0.01    0.00    2.27 ^ _110422_/A3 (NAND3_X1)
     1    1.73    0.01    0.02    2.29 v _110422_/ZN (NAND3_X1)
                                         _027621_ (net)
                  0.01    0.00    2.29 v _110424_/A3 (OR4_X2)
     1    3.39    0.02    0.11    2.40 v _110424_/ZN (OR4_X2)
                                         _027623_ (net)
                  0.02    0.00    2.40 v _110425_/A3 (OR4_X4)
     1    6.01    0.02    0.10    2.50 v _110425_/ZN (OR4_X4)
                                         _027624_ (net)
                  0.02    0.00    2.50 v _110426_/A3 (NOR4_X4)
     1    2.25    0.03    0.07    2.57 ^ _110426_/ZN (NOR4_X4)
                                         _027625_ (net)
                  0.03    0.00    2.57 ^ _110427_/B1 (AOI21_X1)
     1    1.60    0.01    0.02    2.59 v _110427_/ZN (AOI21_X1)
                                         _002565_ (net)
                  0.01    0.00    2.59 v exu.div_e1.miscf.dffs.dout[1]$_DFFE_PN0P_/D (DFFR_X1)
                                  2.59   data arrival time

                          2.00    2.00   clock core_clock (rise edge)
                          0.00    2.00   clock source latency
     1   50.88    0.00    0.00    2.00 ^ clk (in)
                                         clk (net)
                  0.00    0.00    2.00 ^ clkbuf_0_clk/A (CLKBUF_X3)
     4   40.65    0.03    0.06    2.06 ^ clkbuf_0_clk/Z (CLKBUF_X3)
                                         clknet_0_clk (net)
                  0.03    0.01    2.06 ^ clkbuf_2_3_0_clk/A (CLKBUF_X3)
     2   23.07    0.02    0.05    2.12 ^ clkbuf_2_3_0_clk/Z (CLKBUF_X3)
                                         clknet_2_3_0_clk (net)
                  0.02    0.00    2.12 ^ clkbuf_3_7_0_clk/A (CLKBUF_X3)
     8   43.00    0.03    0.07    2.19 ^ clkbuf_3_7_0_clk/Z (CLKBUF_X3)
                                         clknet_3_7_0_clk (net)
                  0.03    0.00    2.19 ^ clkbuf_6_56_0_clk/A (CLKBUF_X3)
     2    6.31    0.01    0.04    2.23 ^ clkbuf_6_56_0_clk/Z (CLKBUF_X3)
                                         clknet_6_56_0_clk (net)
                  0.01    0.00    2.23 ^ clkbuf_7_113__f_clk/A (CLKBUF_X3)
    10   22.77    0.02    0.04    2.27 ^ clkbuf_7_113__f_clk/Z (CLKBUF_X3)
                                         clknet_7_113__leaf_clk (net)
                  0.02    0.00    2.28 ^ clkbuf_leaf_550_clk/A (CLKBUF_X3)
     7   10.25    0.01    0.04    2.32 ^ clkbuf_leaf_550_clk/Z (CLKBUF_X3)
                                         clknet_leaf_550_clk (net)
                  0.01    0.00    2.32 ^ exu.div_e1.miscf.dffs.dout[1]$_DFFE_PN0P_/CK (DFFR_X1)
                          0.00    2.32   clock reconvergence pessimism
                         -0.04    2.28   library setup time
                                  2.28   data required time
-----------------------------------------------------------------------------
                                  2.28   data required time
                                 -2.59   data arrival time
-----------------------------------------------------------------------------
                                 -0.31   slack (VIOLATED)



==========================================================================
global route report_checks -unconstrained
--------------------------------------------------------------------------
Startpoint: rst_l (input port clocked by core_clock)
Endpoint: ifu.aln.q0ff.genblock_dff.dout[8]$_DFF_PN0_
          (recovery check against rising-edge clock core_clock)
Path Group: asynchronous
Path Type: max

Fanout     Cap    Slew   Delay    Time   Description
-----------------------------------------------------------------------------
                          0.00    0.00   clock core_clock (rise edge)
                          0.00    0.00   clock network delay (propagated)
                          0.40    0.40 ^ input external delay
     1    1.85    0.00    0.00    0.40 ^ rst_l (in)
                                         rst_l (net)
                  0.00    0.00    0.40 ^ hold246/A (CLKBUF_X1)
     1    0.90    0.01    0.02    0.42 ^ hold246/Z (CLKBUF_X1)
                                         net2658 (net)
                  0.01    0.00    0.42 ^ hold244/A (CLKBUF_X1)
     1    0.98    0.01    0.03    0.45 ^ hold244/Z (CLKBUF_X1)
                                         net2656 (net)
                  0.01    0.00    0.45 ^ hold247/A (CLKBUF_X1)
     1    6.92    0.02    0.04    0.49 ^ hold247/Z (CLKBUF_X1)
                                         net2659 (net)
                  0.02    0.00    0.49 ^ input624/A (BUF_X8)
     1    5.42    0.01    0.02    0.51 ^ input624/Z (BUF_X8)
                                         net641 (net)
                  0.01    0.00    0.51 ^ hold248/A (CLKBUF_X1)
     1   12.42    0.03    0.05    0.57 ^ hold248/Z (CLKBUF_X1)
                                         net2660 (net)
                  0.03    0.00    0.57 ^ hold245/A (BUF_X8)
     9   95.29    0.02    0.04    0.61 ^ hold245/Z (BUF_X8)
                                         net2657 (net)
                  0.04    0.02    0.63 ^ _116368_/A (INV_X32)
    18  152.93    0.01    0.01    0.64 v _116368_/ZN (INV_X32)
                                         _032636_ (net)
                  0.07    0.06    0.70 v clone14/A (AOI21_X4)
    31   97.89    0.12    0.17    0.87 ^ clone14/ZN (AOI21_X4)
                                         net14 (net)
                  0.12    0.01    0.88 ^ max_cap2018/A (BUF_X16)
    21   97.12    0.01    0.04    0.91 ^ max_cap2018/Z (BUF_X16)
                                         net2035 (net)
                  0.04    0.03    0.95 ^ max_cap2015/A (BUF_X16)
    25   90.65    0.01    0.03    0.98 ^ max_cap2015/Z (BUF_X16)
                                         net2032 (net)
                  0.04    0.03    1.00 ^ max_cap2014/A (BUF_X16)
    42  105.36    0.01    0.03    1.04 ^ max_cap2014/Z (BUF_X16)
                                         net2031 (net)
                  0.02    0.01    1.05 ^ max_cap2013/A (BUF_X16)
    24   78.66    0.01    0.03    1.08 ^ max_cap2013/Z (BUF_X16)
                                         net2030 (net)
                  0.02    0.01    1.09 ^ wire2010/A (BUF_X16)
    36  111.81    0.01    0.03    1.12 ^ wire2010/Z (BUF_X16)
                                         net2027 (net)
                  0.03    0.02    1.14 ^ wire2008/A (BUF_X16)
    39  112.75    0.01    0.03    1.17 ^ wire2008/Z (BUF_X16)
                                         net2025 (net)
                  0.03    0.02    1.19 ^ max_cap2007/A (BUF_X16)
    40  110.86    0.01    0.03    1.22 ^ max_cap2007/Z (BUF_X16)
                                         net2024 (net)
                  0.04    0.03    1.25 ^ max_cap2006/A (BUF_X16)
    44  104.50    0.02    0.04    1.29 ^ max_cap2006/Z (BUF_X16)
                                         net2023 (net)
                  0.02    0.00    1.29 ^ max_cap2005/A (BUF_X16)
    49  105.27    0.01    0.03    1.32 ^ max_cap2005/Z (BUF_X16)
                                         net2022 (net)
                  0.02    0.01    1.33 ^ ifu.aln.q0ff.genblock_dff.dout[8]$_DFF_PN0_/RN (DFFR_X1)
                                  1.33   data arrival time

                          2.00    2.00   clock core_clock (rise edge)
                          0.00    2.00   clock source latency
     1   50.88    0.00    0.00    2.00 ^ clk (in)
                                         clk (net)
                  0.00    0.00    2.00 ^ clkbuf_0_clk/A (CLKBUF_X3)
     4   40.65    0.03    0.06    2.06 ^ clkbuf_0_clk/Z (CLKBUF_X3)
                                         clknet_0_clk (net)
                  0.03    0.00    2.06 ^ clkbuf_2_0_0_clk/A (CLKBUF_X3)
     2   28.58    0.02    0.06    2.12 ^ clkbuf_2_0_0_clk/Z (CLKBUF_X3)
                                         clknet_2_0_0_clk (net)
                  0.02    0.01    2.13 ^ clkbuf_3_0_0_clk/A (CLKBUF_X3)
     8   53.31    0.04    0.08    2.20 ^ clkbuf_3_0_0_clk/Z (CLKBUF_X3)
                                         clknet_3_0_0_clk (net)
                  0.04    0.00    2.20 ^ clkbuf_6_4_0_clk/A (CLKBUF_X3)
     2    6.32    0.01    0.04    2.25 ^ clkbuf_6_4_0_clk/Z (CLKBUF_X3)
                                         clknet_6_4_0_clk (net)
                  0.01    0.00    2.25 ^ clkbuf_7_9__f_clk/A (CLKBUF_X3)
    14   31.66    0.03    0.05    2.30 ^ clkbuf_7_9__f_clk/Z (CLKBUF_X3)
                                         clknet_7_9__leaf_clk (net)
                  0.03    0.00    2.30 ^ clkbuf_leaf_1249_clk/A (CLKBUF_X3)
     8    9.38    0.01    0.04    2.34 ^ clkbuf_leaf_1249_clk/Z (CLKBUF_X3)
                                         clknet_leaf_1249_clk (net)
                  0.01    0.00    2.35 ^ ifu.aln.q0ff.genblock_dff.dout[8]$_DFF_PN0_/CK (DFFR_X1)
                          0.00    2.35   clock reconvergence pessimism
                          0.06    2.40   library recovery time
                                  2.40   data required time
-----------------------------------------------------------------------------
                                  2.40   data required time
                                 -1.33   data arrival time
-----------------------------------------------------------------------------
                                  1.07   slack (MET)


Startpoint: lsu.lsu_lsc_ctl.addr_in_pic_dc3ff.dout$_DFF_PN0_
            (rising edge-triggered flip-flop clocked by core_clock)
Endpoint: exu.div_e1.miscf.dffs.dout[1]$_DFFE_PN0P_
          (rising edge-triggered flip-flop clocked by core_clock)
Path Group: core_clock
Path Type: max

Fanout     Cap    Slew   Delay    Time   Description
-----------------------------------------------------------------------------
                          0.00    0.00   clock core_clock (rise edge)
                          0.00    0.00   clock source latency
     1   50.88    0.00    0.00    0.00 ^ clk (in)
                                         clk (net)
                  0.00    0.00    0.00 ^ clkbuf_0_clk/A (CLKBUF_X3)
     4   40.65    0.03    0.06    0.06 ^ clkbuf_0_clk/Z (CLKBUF_X3)
                                         clknet_0_clk (net)
                  0.03    0.01    0.06 ^ clkbuf_2_2_0_clk/A (CLKBUF_X3)
     2   34.33    0.03    0.06    0.12 ^ clkbuf_2_2_0_clk/Z (CLKBUF_X3)
                                         clknet_2_2_0_clk (net)
                  0.03    0.01    0.13 ^ clkbuf_3_4_0_clk/A (CLKBUF_X3)
     8   44.81    0.04    0.07    0.20 ^ clkbuf_3_4_0_clk/Z (CLKBUF_X3)
                                         clknet_3_4_0_clk (net)
                  0.04    0.00    0.21 ^ clkbuf_6_37_0_clk/A (CLKBUF_X3)
     2    6.17    0.01    0.04    0.25 ^ clkbuf_6_37_0_clk/Z (CLKBUF_X3)
                                         clknet_6_37_0_clk (net)
                  0.01    0.00    0.25 ^ clkbuf_7_74__f_clk/A (CLKBUF_X3)
    18   45.90    0.04    0.06    0.31 ^ clkbuf_7_74__f_clk/Z (CLKBUF_X3)
                                         clknet_7_74__leaf_clk (net)
                  0.04    0.00    0.31 ^ clkbuf_leaf_111_clk/A (CLKBUF_X3)
     9   10.87    0.01    0.05    0.36 ^ clkbuf_leaf_111_clk/Z (CLKBUF_X3)
                                         clknet_leaf_111_clk (net)
                  0.01    0.00    0.36 ^ lsu.lsu_lsc_ctl.addr_in_pic_dc3ff.dout$_DFF_PN0_/CK (DFFR_X2)
     4   12.38    0.02    0.14    0.50 ^ lsu.lsu_lsc_ctl.addr_in_pic_dc3ff.dout$_DFF_PN0_/Q (DFFR_X2)
                                         lsu.addr_in_pic_dc3 (net)
                  0.02    0.00    0.50 ^ rebuffer30/A (BUF_X8)
     3   12.96    0.01    0.02    0.53 ^ rebuffer30/Z (BUF_X8)
                                         net2442 (net)
                  0.01    0.00    0.53 ^ rebuffer168/A (BUF_X8)
     2   15.69    0.01    0.02    0.55 ^ rebuffer168/Z (BUF_X8)
                                         net2580 (net)
                  0.01    0.00    0.55 ^ _084311_/A (BUF_X16)
     8   54.99    0.01    0.02    0.58 ^ _084311_/Z (BUF_X16)
                                         _005355_ (net)
                  0.01    0.00    0.58 ^ _084312_/A (BUF_X32)
     6   29.84    0.01    0.02    0.60 ^ _084312_/Z (BUF_X32)
                                         _005356_ (net)
                  0.01    0.00    0.60 ^ _084313_/A (BUF_X16)
     5   13.37    0.01    0.02    0.62 ^ _084313_/Z (BUF_X16)
                                         _005357_ (net)
                  0.01    0.00    0.62 ^ _088006_/B2 (OAI21_X2)
     1    1.15    0.01    0.01    0.63 v _088006_/ZN (OAI21_X2)
                                         _008840_ (net)
                  0.01    0.00    0.63 v _088007_/B (MUX2_X1)
     1    1.36    0.01    0.06    0.69 v _088007_/Z (MUX2_X1)
                                         _008841_ (net)
                  0.01    0.00    0.69 v _088009_/B (MUX2_X1)
     1    3.37    0.01    0.06    0.75 v _088009_/Z (MUX2_X1)
                                         _008843_ (net)
                  0.01    0.00    0.75 v _088010_/B (MUX2_X1)
     1    7.05    0.02    0.07    0.82 v _088010_/Z (MUX2_X1)
                                         _008844_ (net)
                  0.02    0.00    0.82 v _088011_/B1 (OAI21_X4)
     2    4.87    0.02    0.03    0.85 ^ _088011_/ZN (OAI21_X4)
                                         _008845_ (net)
                  0.02    0.00    0.85 ^ _088012_/A1 (AND2_X4)
     2    5.88    0.01    0.03    0.88 ^ _088012_/ZN (AND2_X4)
                                         _008846_ (net)
                  0.01    0.00    0.88 ^ _088015_/B (MUX2_X2)
     2   10.46    0.02    0.04    0.92 ^ _088015_/Z (MUX2_X2)
                                         _082347_ (net)
                  0.02    0.00    0.93 ^ rebuffer22/A (BUF_X4)
     1    3.75    0.01    0.02    0.95 ^ rebuffer22/Z (BUF_X4)
                                         net2434 (net)
                  0.01    0.00    0.95 ^ _158644_/A (HA_X1)
     2    5.42    0.02    0.04    0.99 ^ _158644_/CO (HA_X1)
                                         _082348_ (net)
                  0.02    0.00    0.99 ^ _106139_/A (INV_X2)
     1    3.29    0.01    0.01    0.99 v _106139_/ZN (INV_X2)
                                         _079581_ (net)
                  0.01    0.00    0.99 v _157601_/CI (FA_X1)
     2    5.15    0.02    0.07    1.07 v _157601_/CO (FA_X1)
                                         _079582_ (net)
                  0.02    0.00    1.07 v rebuffer5/A (BUF_X2)
     1    4.45    0.01    0.03    1.10 v rebuffer5/Z (BUF_X2)
                                         net2417 (net)
                  0.01    0.00    1.10 v _088023_/A (XNOR2_X2)
     4   14.71    0.02    0.05    1.15 v _088023_/ZN (XNOR2_X2)
                                         lsu.bus_intf.end_addr_dc1[2] (net)
                  0.02    0.00    1.15 v _088025_/A (XNOR2_X2)
     3   11.23    0.02    0.05    1.20 v _088025_/ZN (XNOR2_X2)
                                         _008851_ (net)
                  0.02    0.00    1.20 v _088026_/A2 (NOR3_X4)
     1   11.77    0.04    0.06    1.26 ^ _088026_/ZN (NOR3_X4)
                                         _080726_ (net)
                  0.04    0.00    1.26 ^ _158013_/A (HA_X1)
     1    2.02    0.02    0.05    1.32 ^ _158013_/S (HA_X1)
                                         _080728_ (net)
                  0.02    0.00    1.32 ^ _107488_/A (INV_X1)
     1    3.21    0.01    0.01    1.33 v _107488_/ZN (INV_X1)
                                         _075168_ (net)
                  0.01    0.00    1.33 v _156468_/CI (FA_X1)
     1    3.72    0.02    0.11    1.44 ^ _156468_/S (FA_X1)
                                         _075169_ (net)
                  0.02    0.00    1.44 ^ _106975_/A (INV_X2)
     1    3.01    0.01    0.01    1.45 v _106975_/ZN (INV_X2)
                                         _075180_ (net)
                  0.01    0.00    1.45 v _156471_/CI (FA_X1)
     1    3.23    0.01    0.11    1.56 ^ _156471_/S (FA_X1)
                                         _075183_ (net)
                  0.01    0.00    1.57 ^ _156474_/CI (FA_X1)
     2    6.19    0.02    0.10    1.67 v _156474_/S (FA_X1)
                                         _075196_ (net)
                  0.02    0.00    1.67 v _158016_/A (HA_X1)
     1    1.78    0.01    0.05    1.72 v _158016_/S (HA_X1)
                                         _080735_ (net)
                  0.01    0.00    1.72 v _088133_/B2 (AOI21_X1)
     1    2.04    0.02    0.03    1.75 ^ _088133_/ZN (AOI21_X1)
                                         _008955_ (net)
                  0.02    0.00    1.75 ^ _088134_/A (INV_X1)
     1    3.12    0.01    0.01    1.77 v _088134_/ZN (INV_X1)
                                         _008956_ (net)
                  0.01    0.00    1.77 v _088135_/B2 (AOI21_X2)
     1    5.23    0.03    0.04    1.80 ^ _088135_/ZN (AOI21_X2)
                                         _008957_ (net)
                  0.03    0.00    1.80 ^ _088137_/B (XNOR2_X2)
     1    6.24    0.02    0.04    1.85 ^ _088137_/ZN (XNOR2_X2)
                                         _008959_ (net)
                  0.02    0.00    1.85 ^ _088138_/A1 (NAND2_X4)
     3   45.50    0.02    0.04    1.88 v _088138_/ZN (NAND2_X4)
                                         _008960_ (net)
                  0.02    0.01    1.89 v _088199_/A2 (NOR3_X4)
     1    4.05    0.02    0.05    1.94 ^ _088199_/ZN (NOR3_X4)
                                         _009021_ (net)
                  0.02    0.00    1.94 ^ _088200_/B1 (OAI21_X2)
     1    3.47    0.01    0.02    1.96 v _088200_/ZN (OAI21_X2)
                                         _009022_ (net)
                  0.01    0.00    1.96 v _088201_/A1 (NAND2_X2)
     2    7.06    0.02    0.02    1.98 ^ _088201_/ZN (NAND2_X2)
                                         _009023_ (net)
                  0.02    0.00    1.98 ^ _088458_/A2 (NAND4_X4)
     1    3.67    0.03    0.03    2.00 v _088458_/ZN (NAND4_X4)
                                         _009280_ (net)
                  0.03    0.00    2.00 v _089059_/A (AOI211_X2)
     1    6.13    0.05    0.08    2.09 ^ _089059_/ZN (AOI211_X2)
                                         _009881_ (net)
                  0.05    0.00    2.09 ^ _089101_/A1 (NAND2_X4)
     8   55.80    0.03    0.05    2.13 v _089101_/ZN (NAND2_X4)
                                         _009923_ (net)
                  0.03    0.01    2.14 v _089102_/A (INV_X8)
     5   26.61    0.01    0.03    2.17 ^ _089102_/ZN (INV_X8)
                                         _009924_ (net)
                  0.01    0.00    2.17 ^ _089251_/A2 (NAND2_X4)
     2   26.71    0.02    0.03    2.19 v _089251_/ZN (NAND2_X4)
                                         _010072_ (net)
                  0.02    0.00    2.20 v _089252_/A (INV_X16)
     7   51.50    0.01    0.02    2.21 ^ _089252_/ZN (INV_X16)
                                         dec.decode.N388 (net)
                  0.01    0.01    2.22 ^ _110421_/A2 (AND4_X2)
     1    1.78    0.01    0.05    2.27 ^ _110421_/ZN (AND4_X2)
                                         _027620_ (net)
                  0.01    0.00    2.27 ^ _110422_/A3 (NAND3_X1)
     1    1.73    0.01    0.02    2.29 v _110422_/ZN (NAND3_X1)
                                         _027621_ (net)
                  0.01    0.00    2.29 v _110424_/A3 (OR4_X2)
     1    3.39    0.02    0.11    2.40 v _110424_/ZN (OR4_X2)
                                         _027623_ (net)
                  0.02    0.00    2.40 v _110425_/A3 (OR4_X4)
     1    6.01    0.02    0.10    2.50 v _110425_/ZN (OR4_X4)
                                         _027624_ (net)
                  0.02    0.00    2.50 v _110426_/A3 (NOR4_X4)
     1    2.25    0.03    0.07    2.57 ^ _110426_/ZN (NOR4_X4)
                                         _027625_ (net)
                  0.03    0.00    2.57 ^ _110427_/B1 (AOI21_X1)
     1    1.60    0.01    0.02    2.59 v _110427_/ZN (AOI21_X1)
                                         _002565_ (net)
                  0.01    0.00    2.59 v exu.div_e1.miscf.dffs.dout[1]$_DFFE_PN0P_/D (DFFR_X1)
                                  2.59   data arrival time

                          2.00    2.00   clock core_clock (rise edge)
                          0.00    2.00   clock source latency
     1   50.88    0.00    0.00    2.00 ^ clk (in)
                                         clk (net)
                  0.00    0.00    2.00 ^ clkbuf_0_clk/A (CLKBUF_X3)
     4   40.65    0.03    0.06    2.06 ^ clkbuf_0_clk/Z (CLKBUF_X3)
                                         clknet_0_clk (net)
                  0.03    0.01    2.06 ^ clkbuf_2_3_0_clk/A (CLKBUF_X3)
     2   23.07    0.02    0.05    2.12 ^ clkbuf_2_3_0_clk/Z (CLKBUF_X3)
                                         clknet_2_3_0_clk (net)
                  0.02    0.00    2.12 ^ clkbuf_3_7_0_clk/A (CLKBUF_X3)
     8   43.00    0.03    0.07    2.19 ^ clkbuf_3_7_0_clk/Z (CLKBUF_X3)
                                         clknet_3_7_0_clk (net)
                  0.03    0.00    2.19 ^ clkbuf_6_56_0_clk/A (CLKBUF_X3)
     2    6.31    0.01    0.04    2.23 ^ clkbuf_6_56_0_clk/Z (CLKBUF_X3)
                                         clknet_6_56_0_clk (net)
                  0.01    0.00    2.23 ^ clkbuf_7_113__f_clk/A (CLKBUF_X3)
    10   22.77    0.02    0.04    2.27 ^ clkbuf_7_113__f_clk/Z (CLKBUF_X3)
                                         clknet_7_113__leaf_clk (net)
                  0.02    0.00    2.28 ^ clkbuf_leaf_550_clk/A (CLKBUF_X3)
     7   10.25    0.01    0.04    2.32 ^ clkbuf_leaf_550_clk/Z (CLKBUF_X3)
                                         clknet_leaf_550_clk (net)
                  0.01    0.00    2.32 ^ exu.div_e1.miscf.dffs.dout[1]$_DFFE_PN0P_/CK (DFFR_X1)
                          0.00    2.32   clock reconvergence pessimism
                         -0.04    2.28   library setup time
                                  2.28   data required time
-----------------------------------------------------------------------------
                                  2.28   data required time
                                 -2.59   data arrival time
-----------------------------------------------------------------------------
                                 -0.31   slack (VIOLATED)



==========================================================================
global route report_check_types -max_slew -max_cap -max_fanout -violators
--------------------------------------------------------------------------
max capacitance

Pin                                    Limit     Cap   Slack
------------------------------------------------------------
_098535_/ZN                            43.87   53.70   -9.83 (VIOLATED)
_097944_/ZN                            41.50   46.28   -4.78 (VIOLATED)
clone3/ZN                             101.01  105.73   -4.72 (VIOLATED)
_151181_/ZN                            11.48   15.93   -4.45 (VIOLATED)
_092713_/ZN                            27.62   31.75   -4.13 (VIOLATED)
_104444_/ZN                            41.50   44.94   -3.43 (VIOLATED)
_148783_/ZN                            63.32   66.42   -3.10 (VIOLATED)
_150868_/ZN                            11.48   14.56   -3.07 (VIOLATED)
_154110_/ZN                            11.48   14.40   -2.92 (VIOLATED)
_120694_/ZN                            41.50   43.91   -2.41 (VIOLATED)
_085108_/ZN                            41.50   43.90   -2.40 (VIOLATED)
_100449_/ZN                            27.62   29.82   -2.20 (VIOLATED)
_104399_/ZN                            41.50   43.46   -1.96 (VIOLATED)
_104641_/ZN                            41.50   43.41   -1.91 (VIOLATED)
_153870_/ZN                            11.48   13.13   -1.65 (VIOLATED)
_090656_/ZN                            41.50   43.05   -1.55 (VIOLATED)
_100377_/ZN                            41.50   43.02   -1.51 (VIOLATED)
_104678_/ZN                            41.50   42.96   -1.45 (VIOLATED)
_092908_/ZN                            28.99   30.38   -1.38 (VIOLATED)
_104436_/ZN                            41.50   42.88   -1.38 (VIOLATED)
_093043_/ZN                            27.62   28.87   -1.25 (VIOLATED)
_086622_/ZN                            27.62   28.82   -1.20 (VIOLATED)
_103931_/ZN                            41.50   42.47   -0.96 (VIOLATED)
_154963_/ZN                            11.48   12.44   -0.95 (VIOLATED)
_096253_/ZN                            27.62   28.43   -0.81 (VIOLATED)
_082574_/ZN                            28.99   29.55   -0.56 (VIOLATED)
_092282_/ZN                            43.87   44.38   -0.51 (VIOLATED)
_140658_/Z                             50.51   50.79   -0.29 (VIOLATED)
_155218_/ZN                            11.48   11.66   -0.18 (VIOLATED)
_155547_/ZN                            11.48   11.58   -0.09 (VIOLATED)
_089000_/ZN                            11.48   11.57   -0.09 (VIOLATED)
_091803_/ZN                            11.48   11.54   -0.05 (VIOLATED)


==========================================================================
global route max_slew_check_slack
--------------------------------------------------------------------------
0.03651490435004234

==========================================================================
global route max_slew_check_limit
--------------------------------------------------------------------------
0.1985349953174591

==========================================================================
global route max_slew_check_slack_limit
--------------------------------------------------------------------------
0.1839

==========================================================================
global route max_fanout_check_slack
--------------------------------------------------------------------------
1.0000000150474662e+30

==========================================================================
global route max_fanout_check_limit
--------------------------------------------------------------------------
1.0000000150474662e+30

==========================================================================
global route max_capacitance_check_slack
--------------------------------------------------------------------------
-9.829146385192871

==========================================================================
global route max_capacitance_check_limit
--------------------------------------------------------------------------
43.86899948120117

==========================================================================
global route max_capacitance_check_slack_limit
--------------------------------------------------------------------------
-0.2241

==========================================================================
global route max_slew_violation_count
--------------------------------------------------------------------------
max slew violation count 0

==========================================================================
global route max_fanout_violation_count
--------------------------------------------------------------------------
max fanout violation count 0

==========================================================================
global route max_cap_violation_count
--------------------------------------------------------------------------
max cap violation count 32

==========================================================================
global route setup_violation_count
--------------------------------------------------------------------------
setup violation count 903

==========================================================================
global route hold_violation_count
--------------------------------------------------------------------------
hold violation count 0

==========================================================================
global route report_checks -path_delay max reg to reg
--------------------------------------------------------------------------
Startpoint: dbg.dmcontrolff.dffs.dout[0]$_DFFE_PN0P_
            (rising edge-triggered flip-flop clocked by core_clock)
Endpoint: ifu.aln.q0ff.genblock_dff.dout[8]$_DFF_PN0_
          (recovery check against rising-edge clock core_clock)
Path Group: asynchronous
Path Type: max

  Delay    Time   Description
---------------------------------------------------------
   0.00    0.00   clock core_clock (rise edge)
   0.00    0.00   clock source latency
   0.00    0.00 ^ clk (in)
   0.06    0.06 ^ clkbuf_0_clk/Z (CLKBUF_X3)
   0.06    0.12 ^ clkbuf_2_2_0_clk/Z (CLKBUF_X3)
   0.08    0.21 ^ clkbuf_3_5_0_clk/Z (CLKBUF_X3)
   0.05    0.25 ^ clkbuf_6_40_0_clk/Z (CLKBUF_X3)
   0.05    0.30 ^ clkbuf_7_81__f_clk/Z (CLKBUF_X3)
   0.04    0.35 ^ clkbuf_leaf_294_clk/Z (CLKBUF_X3)
   0.00    0.35 ^ dbg.dmcontrolff.dffs.dout[0]$_DFFE_PN0P_/CK (DFFR_X2)
   0.14    0.49 v dbg.dmcontrolff.dffs.dout[0]$_DFFE_PN0P_/Q (DFFR_X2)
   0.19    0.68 ^ clone14/ZN (AOI21_X4)
   0.04    0.72 ^ max_cap2018/Z (BUF_X16)
   0.06    0.78 ^ max_cap2015/Z (BUF_X16)
   0.06    0.85 ^ max_cap2014/Z (BUF_X16)
   0.04    0.89 ^ max_cap2013/Z (BUF_X16)
   0.04    0.93 ^ wire2010/Z (BUF_X16)
   0.05    0.98 ^ wire2008/Z (BUF_X16)
   0.05    1.03 ^ max_cap2007/Z (BUF_X16)
   0.07    1.10 ^ max_cap2006/Z (BUF_X16)
   0.03    1.13 ^ max_cap2005/Z (BUF_X16)
   0.01    1.14 ^ ifu.aln.q0ff.genblock_dff.dout[8]$_DFF_PN0_/RN (DFFR_X1)
           1.14   data arrival time

   2.00    2.00   clock core_clock (rise edge)
   0.00    2.00   clock source latency
   0.00    2.00 ^ clk (in)
   0.06    2.06 ^ clkbuf_0_clk/Z (CLKBUF_X3)
   0.06    2.12 ^ clkbuf_2_0_0_clk/Z (CLKBUF_X3)
   0.08    2.20 ^ clkbuf_3_0_0_clk/Z (CLKBUF_X3)
   0.05    2.25 ^ clkbuf_6_4_0_clk/Z (CLKBUF_X3)
   0.05    2.30 ^ clkbuf_7_9__f_clk/Z (CLKBUF_X3)
   0.04    2.34 ^ clkbuf_leaf_1249_clk/Z (CLKBUF_X3)
   0.00    2.35 ^ ifu.aln.q0ff.genblock_dff.dout[8]$_DFF_PN0_/CK (DFFR_X1)
   0.00    2.35   clock reconvergence pessimism
   0.06    2.40   library recovery time
           2.40   data required time
---------------------------------------------------------
           2.40   data required time
          -1.14   data arrival time
---------------------------------------------------------
           1.26   slack (MET)


Startpoint: lsu.lsu_lsc_ctl.addr_in_pic_dc3ff.dout$_DFF_PN0_
            (rising edge-triggered flip-flop clocked by core_clock)
Endpoint: exu.div_e1.miscf.dffs.dout[1]$_DFFE_PN0P_
          (rising edge-triggered flip-flop clocked by core_clock)
Path Group: core_clock
Path Type: max

  Delay    Time   Description
---------------------------------------------------------
   0.00    0.00   clock core_clock (rise edge)
   0.00    0.00   clock source latency
   0.00    0.00 ^ clk (in)
   0.06    0.06 ^ clkbuf_0_clk/Z (CLKBUF_X3)
   0.06    0.12 ^ clkbuf_2_2_0_clk/Z (CLKBUF_X3)
   0.08    0.20 ^ clkbuf_3_4_0_clk/Z (CLKBUF_X3)
   0.05    0.25 ^ clkbuf_6_37_0_clk/Z (CLKBUF_X3)
   0.06    0.31 ^ clkbuf_7_74__f_clk/Z (CLKBUF_X3)
   0.05    0.36 ^ clkbuf_leaf_111_clk/Z (CLKBUF_X3)
   0.00    0.36 ^ lsu.lsu_lsc_ctl.addr_in_pic_dc3ff.dout$_DFF_PN0_/CK (DFFR_X2)
   0.14    0.50 ^ lsu.lsu_lsc_ctl.addr_in_pic_dc3ff.dout$_DFF_PN0_/Q (DFFR_X2)
   0.03    0.53 ^ rebuffer30/Z (BUF_X8)
   0.02    0.55 ^ rebuffer168/Z (BUF_X8)
   0.03    0.58 ^ _084311_/Z (BUF_X16)
   0.02    0.60 ^ _084312_/Z (BUF_X32)
   0.02    0.62 ^ _084313_/Z (BUF_X16)
   0.01    0.63 v _088006_/ZN (OAI21_X2)
   0.06    0.69 v _088007_/Z (MUX2_X1)
   0.06    0.75 v _088009_/Z (MUX2_X1)
   0.07    0.82 v _088010_/Z (MUX2_X1)
   0.03    0.85 ^ _088011_/ZN (OAI21_X4)
   0.03    0.88 ^ _088012_/ZN (AND2_X4)
   0.04    0.92 ^ _088015_/Z (MUX2_X2)
   0.02    0.95 ^ rebuffer22/Z (BUF_X4)
   0.04    0.99 ^ _158644_/CO (HA_X1)
   0.01    0.99 v _106139_/ZN (INV_X2)
   0.07    1.07 v _157601_/CO (FA_X1)
   0.03    1.10 v rebuffer5/Z (BUF_X2)
   0.05    1.15 v _088023_/ZN (XNOR2_X2)
   0.05    1.20 v _088025_/ZN (XNOR2_X2)
   0.06    1.26 ^ _088026_/ZN (NOR3_X4)
   0.06    1.32 ^ _158013_/S (HA_X1)
   0.01    1.33 v _107488_/ZN (INV_X1)
   0.11    1.44 ^ _156468_/S (FA_X1)
   0.01    1.45 v _106975_/ZN (INV_X2)
   0.11    1.56 ^ _156471_/S (FA_X1)
   0.10    1.67 v _156474_/S (FA_X1)
   0.06    1.72 v _158016_/S (HA_X1)
   0.03    1.75 ^ _088133_/ZN (AOI21_X1)
   0.01    1.77 v _088134_/ZN (INV_X1)
   0.04    1.80 ^ _088135_/ZN (AOI21_X2)
   0.04    1.85 ^ _088137_/ZN (XNOR2_X2)
   0.04    1.88 v _088138_/ZN (NAND2_X4)
   0.06    1.94 ^ _088199_/ZN (NOR3_X4)
   0.02    1.96 v _088200_/ZN (OAI21_X2)
   0.02    1.98 ^ _088201_/ZN (NAND2_X2)
   0.03    2.00 v _088458_/ZN (NAND4_X4)
   0.08    2.09 ^ _089059_/ZN (AOI211_X2)
   0.05    2.13 v _089101_/ZN (NAND2_X4)
   0.04    2.17 ^ _089102_/ZN (INV_X8)
   0.03    2.19 v _089251_/ZN (NAND2_X4)
   0.02    2.21 ^ _089252_/ZN (INV_X16)
   0.06    2.27 ^ _110421_/ZN (AND4_X2)
   0.02    2.29 v _110422_/ZN (NAND3_X1)
   0.11    2.40 v _110424_/ZN (OR4_X2)
   0.10    2.50 v _110425_/ZN (OR4_X4)
   0.07    2.57 ^ _110426_/ZN (NOR4_X4)
   0.02    2.59 v _110427_/ZN (AOI21_X1)
   0.00    2.59 v exu.div_e1.miscf.dffs.dout[1]$_DFFE_PN0P_/D (DFFR_X1)
           2.59   data arrival time

   2.00    2.00   clock core_clock (rise edge)
   0.00    2.00   clock source latency
   0.00    2.00 ^ clk (in)
   0.06    2.06 ^ clkbuf_0_clk/Z (CLKBUF_X3)
   0.06    2.12 ^ clkbuf_2_3_0_clk/Z (CLKBUF_X3)
   0.07    2.19 ^ clkbuf_3_7_0_clk/Z (CLKBUF_X3)
   0.04    2.23 ^ clkbuf_6_56_0_clk/Z (CLKBUF_X3)
   0.05    2.27 ^ clkbuf_7_113__f_clk/Z (CLKBUF_X3)
   0.04    2.32 ^ clkbuf_leaf_550_clk/Z (CLKBUF_X3)
   0.00    2.32 ^ exu.div_e1.miscf.dffs.dout[1]$_DFFE_PN0P_/CK (DFFR_X1)
   0.00    2.32   clock reconvergence pessimism
  -0.04    2.28   library setup time
           2.28   data required time
---------------------------------------------------------
           2.28   data required time
          -2.59   data arrival time
---------------------------------------------------------
          -0.31   slack (VIOLATED)



==========================================================================
global route report_checks -path_delay min reg to reg
--------------------------------------------------------------------------
Startpoint: dbg.dmcontrolff.dffs.dout[0]$_DFFE_PN0P_
            (rising edge-triggered flip-flop clocked by core_clock)
Endpoint: dec.decode.i0wbinstff.genblock_dff.dout[4]$_DFF_PN0_
          (removal check against rising-edge clock core_clock)
Path Group: asynchronous
Path Type: min

  Delay    Time   Description
---------------------------------------------------------
   0.00    0.00   clock core_clock (rise edge)
   0.00    0.00   clock source latency
   0.00    0.00 ^ clk (in)
   0.06    0.06 ^ clkbuf_0_clk/Z (CLKBUF_X3)
   0.06    0.12 ^ clkbuf_2_2_0_clk/Z (CLKBUF_X3)
   0.08    0.21 ^ clkbuf_3_5_0_clk/Z (CLKBUF_X3)
   0.05    0.25 ^ clkbuf_6_40_0_clk/Z (CLKBUF_X3)
   0.05    0.30 ^ clkbuf_7_81__f_clk/Z (CLKBUF_X3)
   0.04    0.35 ^ clkbuf_leaf_294_clk/Z (CLKBUF_X3)
   0.00    0.35 ^ dbg.dmcontrolff.dffs.dout[0]$_DFFE_PN0P_/CK (DFFR_X2)
   0.14    0.49 v dbg.dmcontrolff.dffs.dout[0]$_DFFE_PN0P_/Q (DFFR_X2)
   0.10    0.59 ^ clone11/ZN (AOI21_X4)
   0.00    0.59 ^ dec.decode.i0wbinstff.genblock_dff.dout[4]$_DFF_PN0_/RN (DFFR_X1)
           0.59   data arrival time

   0.00    0.00   clock core_clock (rise edge)
   0.00    0.00   clock source latency
   0.00    0.00 ^ clk (in)
   0.06    0.06 ^ clkbuf_0_clk/Z (CLKBUF_X3)
   0.06    0.12 ^ clkbuf_2_2_0_clk/Z (CLKBUF_X3)
   0.08    0.21 ^ clkbuf_3_5_0_clk/Z (CLKBUF_X3)
   0.05    0.25 ^ clkbuf_6_45_0_clk/Z (CLKBUF_X3)
   0.05    0.31 ^ clkbuf_7_90__f_clk/Z (CLKBUF_X3)
   0.04    0.35 ^ clkbuf_leaf_446_clk/Z (CLKBUF_X3)
   0.00    0.35 ^ dec.decode.i0wbinstff.genblock_dff.dout[4]$_DFF_PN0_/CK (DFFR_X1)
   0.00    0.35   clock reconvergence pessimism
   0.23    0.58   library removal time
           0.58   data required time
---------------------------------------------------------
           0.58   data required time
          -0.59   data arrival time
---------------------------------------------------------
           0.01   slack (MET)


Startpoint: dec.decode.e2ff.genblock_dff.dout[48]$_DFF_PN0_
            (rising edge-triggered flip-flop clocked by core_clock)
Endpoint: dec.decode.e3ff.genblock_dff.dout[48]$_DFF_PN0_
          (rising edge-triggered flip-flop clocked by core_clock)
Path Group: core_clock
Path Type: min

  Delay    Time   Description
---------------------------------------------------------
   0.00    0.00   clock core_clock (rise edge)
   0.00    0.00   clock source latency
   0.00    0.00 ^ clk (in)
   0.06    0.06 ^ clkbuf_0_clk/Z (CLKBUF_X3)
   0.06    0.12 ^ clkbuf_2_3_0_clk/Z (CLKBUF_X3)
   0.07    0.19 ^ clkbuf_3_6_0_clk/Z (CLKBUF_X3)
   0.05    0.23 ^ clkbuf_6_51_0_clk/Z (CLKBUF_X3)
   0.04    0.27 ^ clkbuf_7_103__f_clk/Z (CLKBUF_X3)
   0.04    0.31 ^ clkbuf_leaf_741_clk/Z (CLKBUF_X3)
   0.00    0.31 ^ dec.decode.e2ff.genblock_dff.dout[48]$_DFF_PN0_/CK (DFFR_X1)
   0.09    0.40 v dec.decode.e2ff.genblock_dff.dout[48]$_DFF_PN0_/Q (DFFR_X1)
   0.00    0.40 v dec.decode.e3ff.genblock_dff.dout[48]$_DFF_PN0_/D (DFFR_X1)
           0.40   data arrival time

   0.00    0.00   clock core_clock (rise edge)
   0.00    0.00   clock source latency
   0.00    0.00 ^ clk (in)
   0.06    0.06 ^ clkbuf_0_clk/Z (CLKBUF_X3)
   0.06    0.12 ^ clkbuf_2_1_0_clk/Z (CLKBUF_X3)
   0.08    0.20 ^ clkbuf_3_3_0_clk/Z (CLKBUF_X3)
   0.05    0.24 ^ clkbuf_6_26_0_clk/Z (CLKBUF_X3)
   0.06    0.31 ^ clkbuf_7_53__f_clk/Z (CLKBUF_X3)
   0.05    0.36 ^ clkbuf_leaf_713_clk/Z (CLKBUF_X3)
   0.00    0.36 ^ dec.decode.e3ff.genblock_dff.dout[48]$_DFF_PN0_/CK (DFFR_X1)
   0.00    0.36   clock reconvergence pessimism
   0.01    0.36   library hold time
           0.36   data required time
---------------------------------------------------------
           0.36   data required time
          -0.40   data arrival time
---------------------------------------------------------
           0.04   slack (MET)



==========================================================================
global route critical path target clock latency max path
--------------------------------------------------------------------------
0.3452

==========================================================================
global route critical path target clock latency min path
--------------------------------------------------------------------------
0.3512

==========================================================================
global route critical path source clock latency min path
--------------------------------------------------------------------------
0.0000

==========================================================================
global route critical path delay
--------------------------------------------------------------------------
2.5898

==========================================================================
global route critical path slack
--------------------------------------------------------------------------
-0.3093

==========================================================================
global route slack div critical path delay
--------------------------------------------------------------------------
-11.943007

==========================================================================
global route report_power
--------------------------------------------------------------------------
Group                  Internal  Switching    Leakage      Total
                          Power      Power      Power      Power (Watts)
----------------------------------------------------------------
Sequential             4.19e-02   2.21e-03   1.04e-03   4.52e-02  39.3%
Combinational          1.77e-02   2.27e-02   3.62e-03   4.41e-02  38.3%
Clock                  1.21e-02   1.36e-02   8.15e-05   2.58e-02  22.4%
Macro                  0.00e+00   0.00e+00   0.00e+00   0.00e+00   0.0%
Pad                    0.00e+00   0.00e+00   0.00e+00   0.00e+00   0.0%
----------------------------------------------------------------
Total                  7.17e-02   3.86e-02   4.74e-03   1.15e-01 100.0%
                          62.3%      33.5%       4.1%
