
==========================================================================
floorplan final report_tns
--------------------------------------------------------------------------
tns 0.00

==========================================================================
floorplan final report_wns
--------------------------------------------------------------------------
wns 0.00

==========================================================================
floorplan final report_worst_slack
--------------------------------------------------------------------------
worst slack INF

==========================================================================
floorplan final report_checks -path_delay min
--------------------------------------------------------------------------
No paths found.

==========================================================================
floorplan final report_checks -path_delay max
--------------------------------------------------------------------------
No paths found.

==========================================================================
floorplan final report_checks -unconstrained
--------------------------------------------------------------------------
Startpoint: divide_value[6] (input port clocked by core_clock)
Endpoint: clk_out$_DFF_PN0_ (rising edge-triggered flip-flop)
Path Group: unconstrained
Path Type: max

Fanout     Cap    Slew   Delay    Time   Description
-----------------------------------------------------------------------------
                          0.20    0.20 v input external delay
     1    0.00    0.00    0.00    0.20 v divide_value[6] (in)
                                         divide_value[6] (net)
                  0.00    0.00    0.20 v _2411_/A (sky130_fd_sc_hd__clkbuf_1)
    10    0.02    0.10    0.13    0.33 v _2411_/X (sky130_fd_sc_hd__clkbuf_1)
                                         _1580_ (net)
                  0.10    0.00    0.33 v _2736_/B (sky130_fd_sc_hd__and2_1)
     1    0.01    0.05    0.20    0.53 v _2736_/X (sky130_fd_sc_hd__and2_1)
                                         _1988_ (net)
                  0.05    0.00    0.53 v _4541_/A (sky130_fd_sc_hd__fa_1)
     1    0.00    0.05    0.52    1.05 ^ _4541_/SUM (sky130_fd_sc_hd__fa_1)
                                         _1991_ (net)
                  0.05    0.00    1.05 ^ _2702_/A (sky130_fd_sc_hd__inv_1)
     1    0.01    0.04    0.05    1.10 v _2702_/Y (sky130_fd_sc_hd__inv_1)
                                         _2005_ (net)
                  0.04    0.00    1.10 v _4545_/A (sky130_fd_sc_hd__fa_1)
     1    0.00    0.05    0.52    1.62 ^ _4545_/SUM (sky130_fd_sc_hd__fa_1)
                                         _2007_ (net)
                  0.05    0.00    1.62 ^ _2704_/A (sky130_fd_sc_hd__inv_1)
     1    0.01    0.04    0.05    1.67 v _2704_/Y (sky130_fd_sc_hd__inv_1)
                                         _2022_ (net)
                  0.04    0.00    1.67 v _4549_/A (sky130_fd_sc_hd__fa_1)
     1    0.00    0.05    0.52    2.19 ^ _4549_/SUM (sky130_fd_sc_hd__fa_1)
                                         _2024_ (net)
                  0.05    0.00    2.19 ^ _2707_/A (sky130_fd_sc_hd__inv_1)
     1    0.01    0.04    0.05    2.25 v _2707_/Y (sky130_fd_sc_hd__inv_1)
                                         _2037_ (net)
                  0.04    0.00    2.25 v _4553_/A (sky130_fd_sc_hd__fa_1)
     1    0.00    0.05    0.52    2.77 ^ _4553_/SUM (sky130_fd_sc_hd__fa_1)
                                         _2041_ (net)
                  0.05    0.00    2.77 ^ _2710_/A (sky130_fd_sc_hd__inv_1)
     1    0.00    0.02    0.04    2.80 v _2710_/Y (sky130_fd_sc_hd__inv_1)
                                         _2270_ (net)
                  0.02    0.00    2.80 v _4618_/A (sky130_fd_sc_hd__ha_1)
     1    0.00    0.04    0.25    3.06 ^ _4618_/SUM (sky130_fd_sc_hd__ha_1)
                                         _2273_ (net)
                  0.04    0.00    3.06 ^ _2790_/A (sky130_fd_sc_hd__buf_2)
     9    0.02    0.13    0.16    3.22 ^ _2790_/X (sky130_fd_sc_hd__buf_2)
                                         _1743_ (net)
                  0.13    0.00    3.22 ^ _2791_/C1 (sky130_fd_sc_hd__o211a_1)
     2    0.00    0.05    0.16    3.37 ^ _2791_/X (sky130_fd_sc_hd__o211a_1)
                                         _1744_ (net)
                  0.05    0.00    3.37 ^ _2825_/B1_N (sky130_fd_sc_hd__a21bo_2)
     4    0.01    0.05    0.23    3.61 v _2825_/X (sky130_fd_sc_hd__a21bo_2)
                                         _1778_ (net)
                  0.05    0.00    3.61 v _2830_/A1 (sky130_fd_sc_hd__a211oi_1)
     2    0.01    0.25    0.24    3.85 ^ _2830_/Y (sky130_fd_sc_hd__a211oi_1)
                                         _1783_ (net)
                  0.25    0.00    3.85 ^ _2832_/C (sky130_fd_sc_hd__nor3_1)
     2    0.01    0.08    0.10    3.95 v _2832_/Y (sky130_fd_sc_hd__nor3_1)
                                         _1785_ (net)
                  0.08    0.00    3.95 v _2843_/B (sky130_fd_sc_hd__nor4_2)
     5    0.01    0.36    0.37    4.32 ^ _2843_/Y (sky130_fd_sc_hd__nor4_2)
                                         _1796_ (net)
                  0.36    0.00    4.32 ^ _2900_/A (sky130_fd_sc_hd__nand4_1)
     9    0.02    0.27    0.29    4.62 v _2900_/Y (sky130_fd_sc_hd__nand4_1)
                                         _1853_ (net)
                  0.27    0.00    4.62 v _3018_/A1 (sky130_fd_sc_hd__o2111a_1)
     2    0.00    0.05    0.33    4.95 v _3018_/X (sky130_fd_sc_hd__o2111a_1)
                                         _0109_ (net)
                  0.05    0.00    4.95 v _3020_/B (sky130_fd_sc_hd__or3_1)
     1    0.00    0.06    0.33    5.27 v _3020_/X (sky130_fd_sc_hd__or3_1)
                                         _0111_ (net)
                  0.06    0.00    5.27 v _3021_/A (sky130_fd_sc_hd__buf_2)
     8    0.03    0.08    0.18    5.45 v _3021_/X (sky130_fd_sc_hd__buf_2)
                                         _0112_ (net)
                  0.08    0.00    5.45 v _3033_/A2 (sky130_fd_sc_hd__a2111oi_4)
     2    0.01    0.31    0.39    5.84 ^ _3033_/Y (sky130_fd_sc_hd__a2111oi_4)
                                         _0124_ (net)
                  0.31    0.00    5.84 ^ _3034_/B (sky130_fd_sc_hd__xnor2_1)
     5    0.01    0.28    0.22    6.07 ^ _3034_/Y (sky130_fd_sc_hd__xnor2_1)
                                         _0125_ (net)
                  0.28    0.00    6.07 ^ _3045_/C (sky130_fd_sc_hd__nand4_1)
     5    0.01    0.22    0.21    6.27 v _3045_/Y (sky130_fd_sc_hd__nand4_1)
                                         _0136_ (net)
                  0.22    0.00    6.27 v _3046_/B (sky130_fd_sc_hd__and2_1)
     1    0.00    0.03    0.23    6.50 v _3046_/X (sky130_fd_sc_hd__and2_1)
                                         _0137_ (net)
                  0.03    0.00    6.50 v _3047_/A (sky130_fd_sc_hd__clkbuf_1)
    10    0.02    0.14    0.17    6.67 v _3047_/X (sky130_fd_sc_hd__clkbuf_1)
                                         _0138_ (net)
                  0.14    0.00    6.67 v _3097_/A1 (sky130_fd_sc_hd__a211o_1)
     3    0.01    0.06    0.30    6.97 v _3097_/X (sky130_fd_sc_hd__a211o_1)
                                         _0188_ (net)
                  0.06    0.00    6.97 v _3108_/A1 (sky130_fd_sc_hd__a31o_1)
     1    0.00    0.04    0.17    7.14 v _3108_/X (sky130_fd_sc_hd__a31o_1)
                                         _0199_ (net)
                  0.04    0.00    7.14 v _3109_/A (sky130_fd_sc_hd__buf_4)
    10    0.03    0.05    0.16    7.30 v _3109_/X (sky130_fd_sc_hd__buf_4)
                                         _0200_ (net)
                  0.05    0.00    7.30 v _3149_/A1 (sky130_fd_sc_hd__a21oi_4)
     6    0.02    0.17    0.17    7.47 ^ _3149_/Y (sky130_fd_sc_hd__a21oi_4)
                                         _0240_ (net)
                  0.17    0.00    7.47 ^ _3168_/A (sky130_fd_sc_hd__inv_2)
     7    0.02    0.07    0.09    7.56 v _3168_/Y (sky130_fd_sc_hd__inv_2)
                                         _2360_ (net)
                  0.07    0.00    7.56 v _3344_/A (sky130_fd_sc_hd__or3_1)
     4    0.01    0.10    0.42    7.97 v _3344_/X (sky130_fd_sc_hd__or3_1)
                                         _0433_ (net)
                  0.10    0.00    7.97 v _3373_/B1 (sky130_fd_sc_hd__a22o_1)
     6    0.01    0.08    0.24    8.22 v _3373_/X (sky130_fd_sc_hd__a22o_1)
                                         _0462_ (net)
                  0.08    0.00    8.22 v _3419_/C (sky130_fd_sc_hd__or3_4)
     5    0.01    0.08    0.36    8.57 v _3419_/X (sky130_fd_sc_hd__or3_4)
                                         _0508_ (net)
                  0.08    0.00    8.57 v _3421_/B2 (sky130_fd_sc_hd__a221o_1)
     2    0.00    0.06    0.34    8.91 v _3421_/X (sky130_fd_sc_hd__a221o_1)
                                         _0510_ (net)
                  0.06    0.00    8.91 v _3457_/A1 (sky130_fd_sc_hd__a211o_1)
     7    0.01    0.10    0.32    9.23 v _3457_/X (sky130_fd_sc_hd__a211o_1)
                                         _0546_ (net)
                  0.10    0.00    9.23 v _3462_/A (sky130_fd_sc_hd__and2_1)
     2    0.00    0.04    0.16    9.39 v _3462_/X (sky130_fd_sc_hd__and2_1)
                                         _0551_ (net)
                  0.04    0.00    9.39 v _3472_/A2 (sky130_fd_sc_hd__o311a_1)
     7    0.02    0.12    0.40    9.79 v _3472_/X (sky130_fd_sc_hd__o311a_1)
                                         _0560_ (net)
                  0.12    0.00    9.79 v _3473_/C1 (sky130_fd_sc_hd__a311o_1)
     6    0.01    0.10    0.34   10.14 v _3473_/X (sky130_fd_sc_hd__a311o_1)
                                         _0561_ (net)
                  0.10    0.00   10.14 v _3548_/A2 (sky130_fd_sc_hd__o41a_1)
     3    0.01    0.08    0.44   10.58 v _3548_/X (sky130_fd_sc_hd__o41a_1)
                                         _0635_ (net)
                  0.08    0.00   10.58 v _3562_/A3 (sky130_fd_sc_hd__a31o_2)
     6    0.02    0.07    0.30   10.88 v _3562_/X (sky130_fd_sc_hd__a31o_2)
                                         _0649_ (net)
                  0.07    0.00   10.88 v _3628_/A1 (sky130_fd_sc_hd__a221oi_2)
     5    0.01    0.30    0.33   11.21 ^ _3628_/Y (sky130_fd_sc_hd__a221oi_2)
                                         _0714_ (net)
                  0.30    0.00   11.21 ^ _3646_/B1_N (sky130_fd_sc_hd__o21ba_1)
     1    0.00    0.04    0.20   11.41 v _3646_/X (sky130_fd_sc_hd__o21ba_1)
                                         _0732_ (net)
                  0.04    0.00   11.41 v _3647_/A (sky130_fd_sc_hd__buf_6)
     8    0.02    0.04    0.13   11.54 v _3647_/X (sky130_fd_sc_hd__buf_6)
                                         _0733_ (net)
                  0.04    0.00   11.54 v _3694_/A2 (sky130_fd_sc_hd__o21ai_2)
     2    0.01    0.19    0.17   11.72 ^ _3694_/Y (sky130_fd_sc_hd__o21ai_2)
                                         _0780_ (net)
                  0.19    0.00   11.72 ^ _3695_/B (sky130_fd_sc_hd__xor2_2)
     8    0.02    0.32    0.30   12.02 ^ _3695_/X (sky130_fd_sc_hd__xor2_2)
                                         _0781_ (net)
                  0.32    0.00   12.02 ^ _3703_/B (sky130_fd_sc_hd__nand4_1)
     2    0.00    0.12    0.15   12.17 v _3703_/Y (sky130_fd_sc_hd__nand4_1)
                                         _0789_ (net)
                  0.12    0.00   12.17 v _3726_/A2 (sky130_fd_sc_hd__o221a_1)
     1    0.00    0.04    0.26   12.43 v _3726_/X (sky130_fd_sc_hd__o221a_1)
                                         _0811_ (net)
                  0.04    0.00   12.43 v _3727_/A (sky130_fd_sc_hd__buf_4)
     8    0.03    0.05    0.16   12.59 v _3727_/X (sky130_fd_sc_hd__buf_4)
                                         _0812_ (net)
                  0.05    0.00   12.59 v _3728_/A (sky130_fd_sc_hd__inv_4)
    10    0.03    0.09    0.10   12.68 ^ _3728_/Y (sky130_fd_sc_hd__inv_4)
                                         _0813_ (net)
                  0.09    0.00   12.68 ^ _3793_/S (sky130_fd_sc_hd__mux2_2)
     3    0.01    0.07    0.36   13.04 v _3793_/X (sky130_fd_sc_hd__mux2_2)
                                         _0878_ (net)
                  0.07    0.00   13.04 v _3795_/B1 (sky130_fd_sc_hd__a211oi_2)
     2    0.01    0.18    0.21   13.25 ^ _3795_/Y (sky130_fd_sc_hd__a211oi_2)
                                         _0880_ (net)
                  0.18    0.00   13.25 ^ _3808_/B2 (sky130_fd_sc_hd__o221ai_1)
     3    0.01    0.12    0.15   13.41 v _3808_/Y (sky130_fd_sc_hd__o221ai_1)
                                         _0892_ (net)
                  0.12    0.00   13.41 v _3909_/B2 (sky130_fd_sc_hd__a221oi_1)
     2    0.01    0.35    0.38   13.78 ^ _3909_/Y (sky130_fd_sc_hd__a221oi_1)
                                         _0992_ (net)
                  0.35    0.00   13.78 ^ _3911_/A2_N (sky130_fd_sc_hd__a2bb2oi_2)
     4    0.01    0.15    0.21   13.99 ^ _3911_/Y (sky130_fd_sc_hd__a2bb2oi_2)
                                         _0994_ (net)
                  0.15    0.00   13.99 ^ _3926_/A (sky130_fd_sc_hd__nor2_1)
     6    0.02    0.09    0.12   14.11 v _3926_/Y (sky130_fd_sc_hd__nor2_1)
                                         _1009_ (net)
                  0.09    0.00   14.11 v _3939_/B (sky130_fd_sc_hd__nor2_2)
     8    0.02    0.27    0.24   14.35 ^ _3939_/Y (sky130_fd_sc_hd__nor2_2)
                                         _1022_ (net)
                  0.27    0.00   14.35 ^ _3940_/S (sky130_fd_sc_hd__mux2i_1)
     6    0.02    0.37    0.40   14.76 ^ _3940_/Y (sky130_fd_sc_hd__mux2i_1)
                                         _1023_ (net)
                  0.37    0.00   14.76 ^ _4089_/C (sky130_fd_sc_hd__nand3_1)
     3    0.01    0.15    0.18   14.94 v _4089_/Y (sky130_fd_sc_hd__nand3_1)
                                         _1170_ (net)
                  0.15    0.00   14.94 v _4091_/B2 (sky130_fd_sc_hd__a221o_1)
     2    0.01    0.07    0.38   15.31 v _4091_/X (sky130_fd_sc_hd__a221o_1)
                                         _1172_ (net)
                  0.07    0.00   15.31 v _4107_/B (sky130_fd_sc_hd__nor4b_2)
     2    0.00    0.20    0.26   15.57 ^ _4107_/Y (sky130_fd_sc_hd__nor4b_2)
                                         _1188_ (net)
                  0.20    0.00   15.57 ^ _4108_/B (sky130_fd_sc_hd__nand2_1)
     2    0.01    0.11    0.13   15.70 v _4108_/Y (sky130_fd_sc_hd__nand2_1)
                                         _1189_ (net)
                  0.11    0.00   15.70 v _4109_/B1 (sky130_fd_sc_hd__a21oi_4)
     8    0.02    0.21    0.21   15.92 ^ _4109_/Y (sky130_fd_sc_hd__a21oi_4)
                                         _1190_ (net)
                  0.21    0.00   15.92 ^ _4124_/A (sky130_fd_sc_hd__inv_2)
     7    0.02    0.08    0.10   16.01 v _4124_/Y (sky130_fd_sc_hd__inv_2)
                                         _1205_ (net)
                  0.08    0.00   16.01 v _4191_/A1 (sky130_fd_sc_hd__a31o_2)
     6    0.02    0.07    0.25   16.27 v _4191_/X (sky130_fd_sc_hd__a31o_2)
                                         _1272_ (net)
                  0.07    0.00   16.27 v _4202_/C (sky130_fd_sc_hd__nor4_4)
     7    0.02    0.39    0.37   16.63 ^ _4202_/Y (sky130_fd_sc_hd__nor4_4)
                                         _1283_ (net)
                  0.39    0.00   16.63 ^ _4233_/B (sky130_fd_sc_hd__xnor2_1)
     7    0.02    0.40    0.27   16.90 ^ _4233_/Y (sky130_fd_sc_hd__xnor2_1)
                                         _1312_ (net)
                  0.40    0.00   16.90 ^ _4244_/B (sky130_fd_sc_hd__nand4_1)
     2    0.01    0.15    0.19   17.09 v _4244_/Y (sky130_fd_sc_hd__nand4_1)
                                         _1323_ (net)
                  0.15    0.00   17.09 v _4284_/B1 (sky130_fd_sc_hd__o221a_1)
     2    0.00    0.05    0.26   17.35 v _4284_/X (sky130_fd_sc_hd__o221a_1)
                                         _1363_ (net)
                  0.05    0.00   17.35 v _4303_/C (sky130_fd_sc_hd__or4_1)
     1    0.00    0.08    0.45   17.81 v _4303_/X (sky130_fd_sc_hd__or4_1)
                                         _1382_ (net)
                  0.08    0.00   17.81 v _4304_/A (sky130_fd_sc_hd__buf_4)
     8    0.02    0.05    0.17   17.98 v _4304_/X (sky130_fd_sc_hd__buf_4)
                                         _1383_ (net)
                  0.05    0.00   17.98 v _4353_/A1 (sky130_fd_sc_hd__a21oi_2)
     3    0.01    0.11    0.13   18.11 ^ _4353_/Y (sky130_fd_sc_hd__a21oi_2)
                                         _1431_ (net)
                  0.11    0.00   18.11 ^ _4354_/D_N (sky130_fd_sc_hd__or4b_1)
     1    0.00    0.07    0.42   18.53 v _4354_/X (sky130_fd_sc_hd__or4b_1)
                                         _1432_ (net)
                  0.07    0.00   18.53 v _4355_/A (sky130_fd_sc_hd__buf_2)
     5    0.02    0.05    0.16   18.69 v _4355_/X (sky130_fd_sc_hd__buf_2)
                                         _1433_ (net)
                  0.05    0.00   18.69 v _4356_/B1 (sky130_fd_sc_hd__a21oi_4)
     9    0.03    0.25    0.22   18.91 ^ _4356_/Y (sky130_fd_sc_hd__a21oi_4)
                                         _1434_ (net)
                  0.25    0.00   18.91 ^ _4357_/A (sky130_fd_sc_hd__inv_2)
     7    0.02    0.08    0.11   19.02 v _4357_/Y (sky130_fd_sc_hd__inv_2)
                                         _2177_ (net)
                  0.08    0.00   19.02 v _4393_/A1 (sky130_fd_sc_hd__a21o_1)
     4    0.01    0.08    0.21   19.23 v _4393_/X (sky130_fd_sc_hd__a21o_1)
                                         _1470_ (net)
                  0.08    0.00   19.23 v _4405_/A1 (sky130_fd_sc_hd__a2111oi_2)
     3    0.01    0.41    0.41   19.64 ^ _4405_/Y (sky130_fd_sc_hd__a2111oi_2)
                                         _1482_ (net)
                  0.41    0.00   19.64 ^ _4435_/B1 (sky130_fd_sc_hd__a2111oi_2)
     6    0.01    0.15    0.15   19.78 v _4435_/Y (sky130_fd_sc_hd__a2111oi_2)
                                         _1512_ (net)
                  0.15    0.00   19.78 v _4474_/B (sky130_fd_sc_hd__or4_1)
     1    0.00    0.08    0.52   20.30 v _4474_/X (sky130_fd_sc_hd__or4_1)
                                         _1550_ (net)
                  0.08    0.00   20.30 v _4475_/A3 (sky130_fd_sc_hd__a31o_1)
     1    0.00    0.05    0.23   20.53 v _4475_/X (sky130_fd_sc_hd__a31o_1)
                                         _1551_ (net)
                  0.05    0.00   20.53 v _4496_/B2 (sky130_fd_sc_hd__a221oi_2)
     1    0.00    0.17    0.22   20.75 ^ _4496_/Y (sky130_fd_sc_hd__a221oi_2)
                                         _2184_ (net)
                  0.17    0.00   20.75 ^ _4589_/B (sky130_fd_sc_hd__ha_1)
     1    0.00    0.05    0.17   20.92 ^ _4589_/COUT (sky130_fd_sc_hd__ha_1)
                                         _2185_ (net)
                  0.05    0.00   20.92 ^ _2424_/A (sky130_fd_sc_hd__nor2b_1)
     1    0.00    0.03    0.04   20.96 v _2424_/Y (sky130_fd_sc_hd__nor2b_1)
                                         _1593_ (net)
                  0.03    0.00   20.96 v _2425_/A2 (sky130_fd_sc_hd__o21a_1)
     1    0.00    0.03    0.15   21.11 v _2425_/X (sky130_fd_sc_hd__o21a_1)
                                         _1594_ (net)
                  0.03    0.00   21.11 v _2426_/A2 (sky130_fd_sc_hd__o21ai_0)
     1    0.00    0.13    0.13   21.24 ^ _2426_/Y (sky130_fd_sc_hd__o21ai_0)
                                         _1595_ (net)
                  0.13    0.00   21.24 ^ _2427_/B (sky130_fd_sc_hd__nand2b_1)
     1    0.00    0.04    0.06   21.30 v _2427_/Y (sky130_fd_sc_hd__nand2b_1)
                                         _1596_ (net)
                  0.04    0.00   21.30 v _2428_/A2 (sky130_fd_sc_hd__a21oi_1)
     1    0.00    0.09    0.12   21.42 ^ _2428_/Y (sky130_fd_sc_hd__a21oi_1)
                                         _1597_ (net)
                  0.09    0.00   21.42 ^ _2431_/A2 (sky130_fd_sc_hd__o21ai_0)
     1    0.00    0.06    0.07   21.49 v _2431_/Y (sky130_fd_sc_hd__o21ai_0)
                                         _1600_ (net)
                  0.06    0.00   21.49 v _2439_/A2 (sky130_fd_sc_hd__a21oi_1)
     1    0.00    0.10    0.13   21.63 ^ _2439_/Y (sky130_fd_sc_hd__a21oi_1)
                                         _1608_ (net)
                  0.10    0.00   21.63 ^ _2440_/B1 (sky130_fd_sc_hd__a31o_2)
     2    0.00    0.05    0.11   21.74 ^ _2440_/X (sky130_fd_sc_hd__a31o_2)
                                         _1609_ (net)
                  0.05    0.00   21.74 ^ _2441_/B1 (sky130_fd_sc_hd__a21oi_1)
     1    0.00    0.06    0.03   21.77 v _2441_/Y (sky130_fd_sc_hd__a21oi_1)
                                         _1610_ (net)
                  0.06    0.00   21.77 v _2444_/A2 (sky130_fd_sc_hd__o21ai_0)
     1    0.00    0.13    0.13   21.91 ^ _2444_/Y (sky130_fd_sc_hd__o21ai_0)
                                         _1613_ (net)
                  0.13    0.00   21.91 ^ _2451_/A2 (sky130_fd_sc_hd__a21oi_1)
     1    0.00    0.05    0.08   21.98 v _2451_/Y (sky130_fd_sc_hd__a21oi_1)
                                         _0000_ (net)
                  0.05    0.00   21.98 v clk_out$_DFF_PN0_/D (sky130_fd_sc_hd__dfrtp_1)
                                 21.98   data arrival time
-----------------------------------------------------------------------------
(Path is unconstrained)



==========================================================================
floorplan final report_power
--------------------------------------------------------------------------
Group                  Internal  Switching    Leakage      Total
                          Power      Power      Power      Power (Watts)
----------------------------------------------------------------
Sequential             1.36e-05   2.82e-06   2.34e-10   1.65e-05   0.0%
Combinational          2.29e-01   2.58e-01   5.95e-09   4.87e-01 100.0%
Clock                  0.00e+00   0.00e+00   0.00e+00   0.00e+00   0.0%
Macro                  0.00e+00   0.00e+00   0.00e+00   0.00e+00   0.0%
Pad                    0.00e+00   0.00e+00   0.00e+00   0.00e+00   0.0%
----------------------------------------------------------------
Total                  2.29e-01   2.58e-01   6.18e-09   4.87e-01 100.0%
                          47.0%      53.0%       0.0%
