
==========================================================================
global place report_tns
--------------------------------------------------------------------------
tns 0.00

==========================================================================
global place report_wns
--------------------------------------------------------------------------
wns 0.00

==========================================================================
global place report_worst_slack
--------------------------------------------------------------------------
worst slack 1.11

==========================================================================
global place report_checks -path_delay min
--------------------------------------------------------------------------
Startpoint: uart_rx_inst.m_axis_tdata_reg[3]$_SDFFE_PP0P_
            (rising edge-triggered flip-flop clocked by core_clock)
Endpoint: uart_rx_inst.m_axis_tdata_reg[3]$_SDFFE_PP0P_
          (rising edge-triggered flip-flop clocked by core_clock)
Path Group: core_clock
Path Type: min

Fanout     Cap    Slew   Delay    Time   Description
-----------------------------------------------------------------------------
                  0.00    0.00    0.00   clock core_clock (rise edge)
                          0.00    0.00   clock network delay (ideal)
                  0.00    0.00    0.00 ^ uart_rx_inst.m_axis_tdata_reg[3]$_SDFFE_PP0P_/CK (DFF_X1)
     2    2.31    0.01    0.08    0.08 v uart_rx_inst.m_axis_tdata_reg[3]$_SDFFE_PP0P_/Q (DFF_X1)
                                         m_axis_tdata[3] (net)
                  0.01    0.00    0.08 v _0765_/A1 (NAND2_X1)
     1    1.69    0.01    0.01    0.09 ^ _0765_/ZN (NAND2_X1)
                                         _0210_ (net)
                  0.01    0.00    0.09 ^ _0767_/B1 (AOI21_X1)
     1    1.21    0.01    0.01    0.11 v _0767_/ZN (AOI21_X1)
                                         _0019_ (net)
                  0.01    0.00    0.11 v uart_rx_inst.m_axis_tdata_reg[3]$_SDFFE_PP0P_/D (DFF_X1)
                                  0.11   data arrival time

                  0.00    0.00    0.00   clock core_clock (rise edge)
                          0.00    0.00   clock network delay (ideal)
                          0.00    0.00   clock reconvergence pessimism
                                  0.00 ^ uart_rx_inst.m_axis_tdata_reg[3]$_SDFFE_PP0P_/CK (DFF_X1)
                          0.00    0.00   library hold time
                                  0.00   data required time
-----------------------------------------------------------------------------
                                  0.00   data required time
                                 -0.11   data arrival time
-----------------------------------------------------------------------------
                                  0.10   slack (MET)



==========================================================================
global place report_checks -path_delay max
--------------------------------------------------------------------------
Startpoint: prescale[7] (input port clocked by core_clock)
Endpoint: uart_rx_inst.prescale_reg[17]$_SDFFE_PP0P_
          (rising edge-triggered flip-flop clocked by core_clock)
Path Group: core_clock
Path Type: max

Fanout     Cap    Slew   Delay    Time   Description
-----------------------------------------------------------------------------
                  0.00    0.00    0.00   clock core_clock (rise edge)
                          0.00    0.00   clock network delay (ideal)
                          0.40    0.40 v input external delay
     1    2.27    0.00    0.00    0.40 v prescale[7] (in)
                                         prescale[7] (net)
                  0.00    0.00    0.40 v _0802_/A (BUF_X2)
     8   15.86    0.01    0.03    0.43 v _0802_/Z (BUF_X2)
                                         _0239_ (net)
                  0.01    0.00    0.43 v _0840_/A2 (OR4_X4)
     5   12.56    0.02    0.10    0.53 v _0840_/ZN (OR4_X4)
                                         _0275_ (net)
                  0.02    0.00    0.53 v _0860_/A3 (OR3_X4)
     1    5.88    0.01    0.08    0.61 v _0860_/ZN (OR3_X4)
                                         _0293_ (net)
                  0.01    0.00    0.61 v _0861_/A (BUF_X8)
     9   22.75    0.01    0.03    0.63 v _0861_/Z (BUF_X8)
                                         _0294_ (net)
                  0.01    0.00    0.63 v _0881_/A2 (OR3_X4)
     1    4.58    0.01    0.07    0.70 v _0881_/ZN (OR3_X4)
                                         _0312_ (net)
                  0.01    0.00    0.70 v _0882_/B (XNOR2_X2)
     2    3.65    0.01    0.04    0.74 v _0882_/ZN (XNOR2_X2)
                                         _0313_ (net)
                  0.01    0.00    0.74 v _0893_/B2 (AOI221_X1)
     1    3.68    0.06    0.09    0.83 ^ _0893_/ZN (AOI221_X1)
                                         _0323_ (net)
                  0.06    0.00    0.83 ^ _0894_/A3 (NOR3_X2)
     1    1.18    0.01    0.01    0.85 v _0894_/ZN (NOR3_X2)
                                         _0034_ (net)
                  0.01    0.00    0.85 v uart_rx_inst.prescale_reg[17]$_SDFFE_PP0P_/D (DFF_X1)
                                  0.85   data arrival time

                  0.00    2.00    2.00   clock core_clock (rise edge)
                          0.00    2.00   clock network delay (ideal)
                          0.00    2.00   clock reconvergence pessimism
                                  2.00 ^ uart_rx_inst.prescale_reg[17]$_SDFFE_PP0P_/CK (DFF_X1)
                         -0.04    1.96   library setup time
                                  1.96   data required time
-----------------------------------------------------------------------------
                                  1.96   data required time
                                 -0.85   data arrival time
-----------------------------------------------------------------------------
                                  1.11   slack (MET)



==========================================================================
global place report_checks -unconstrained
--------------------------------------------------------------------------
Startpoint: prescale[7] (input port clocked by core_clock)
Endpoint: uart_rx_inst.prescale_reg[17]$_SDFFE_PP0P_
          (rising edge-triggered flip-flop clocked by core_clock)
Path Group: core_clock
Path Type: max

Fanout     Cap    Slew   Delay    Time   Description
-----------------------------------------------------------------------------
                  0.00    0.00    0.00   clock core_clock (rise edge)
                          0.00    0.00   clock network delay (ideal)
                          0.40    0.40 v input external delay
     1    2.27    0.00    0.00    0.40 v prescale[7] (in)
                                         prescale[7] (net)
                  0.00    0.00    0.40 v _0802_/A (BUF_X2)
     8   15.86    0.01    0.03    0.43 v _0802_/Z (BUF_X2)
                                         _0239_ (net)
                  0.01    0.00    0.43 v _0840_/A2 (OR4_X4)
     5   12.56    0.02    0.10    0.53 v _0840_/ZN (OR4_X4)
                                         _0275_ (net)
                  0.02    0.00    0.53 v _0860_/A3 (OR3_X4)
     1    5.88    0.01    0.08    0.61 v _0860_/ZN (OR3_X4)
                                         _0293_ (net)
                  0.01    0.00    0.61 v _0861_/A (BUF_X8)
     9   22.75    0.01    0.03    0.63 v _0861_/Z (BUF_X8)
                                         _0294_ (net)
                  0.01    0.00    0.63 v _0881_/A2 (OR3_X4)
     1    4.58    0.01    0.07    0.70 v _0881_/ZN (OR3_X4)
                                         _0312_ (net)
                  0.01    0.00    0.70 v _0882_/B (XNOR2_X2)
     2    3.65    0.01    0.04    0.74 v _0882_/ZN (XNOR2_X2)
                                         _0313_ (net)
                  0.01    0.00    0.74 v _0893_/B2 (AOI221_X1)
     1    3.68    0.06    0.09    0.83 ^ _0893_/ZN (AOI221_X1)
                                         _0323_ (net)
                  0.06    0.00    0.83 ^ _0894_/A3 (NOR3_X2)
     1    1.18    0.01    0.01    0.85 v _0894_/ZN (NOR3_X2)
                                         _0034_ (net)
                  0.01    0.00    0.85 v uart_rx_inst.prescale_reg[17]$_SDFFE_PP0P_/D (DFF_X1)
                                  0.85   data arrival time

                  0.00    2.00    2.00   clock core_clock (rise edge)
                          0.00    2.00   clock network delay (ideal)
                          0.00    2.00   clock reconvergence pessimism
                                  2.00 ^ uart_rx_inst.prescale_reg[17]$_SDFFE_PP0P_/CK (DFF_X1)
                         -0.04    1.96   library setup time
                                  1.96   data required time
-----------------------------------------------------------------------------
                                  1.96   data required time
                                 -0.85   data arrival time
-----------------------------------------------------------------------------
                                  1.11   slack (MET)



==========================================================================
global place report_power
--------------------------------------------------------------------------
Group                  Internal  Switching    Leakage      Total
                          Power      Power      Power      Power (Watts)
----------------------------------------------------------------
Sequential             5.09e-04   8.09e-05   6.11e-06   5.96e-04  33.1%
Combinational          6.30e-04   5.57e-04   1.57e-05   1.20e-03  66.9%
Clock                  0.00e+00   0.00e+00   0.00e+00   0.00e+00   0.0%
Macro                  0.00e+00   0.00e+00   0.00e+00   0.00e+00   0.0%
Pad                    0.00e+00   0.00e+00   0.00e+00   0.00e+00   0.0%
----------------------------------------------------------------
Total                  1.14e-03   6.37e-04   2.18e-05   1.80e-03 100.0%
                          63.3%      35.4%       1.2%
