
==========================================================================
floorplan final report_tns
--------------------------------------------------------------------------
tns -545.09

==========================================================================
floorplan final report_wns
--------------------------------------------------------------------------
wns -18.59

==========================================================================
floorplan final report_worst_slack
--------------------------------------------------------------------------
worst slack -18.59

==========================================================================
floorplan final report_checks -path_delay min
--------------------------------------------------------------------------
Startpoint: z_in[15] (input port clocked by core_clock)
Endpoint: y_out[1] (output port clocked by core_clock)
Path Group: core_clock
Path Type: min

Fanout     Cap    Slew   Delay    Time   Description
-----------------------------------------------------------------------------
                  0.00    0.00    0.00   clock core_clock (rise edge)
                          0.00    0.00   clock network delay (ideal)
                          0.20    0.20 v input external delay
     5    0.01    0.00    0.00    0.20 v z_in[15] (in)
                                         z_in[15] (net)
                  0.00    0.00    0.20 v _6547_/B (sky130_fd_sc_hd__nand2b_1)
     4    0.01    0.12    0.09    0.29 ^ _6547_/Y (sky130_fd_sc_hd__nand2b_1)
                                         _2068_ (net)
                  0.12    0.00    0.29 ^ _6549_/A2 (sky130_fd_sc_hd__a21oi_1)
     1    0.00    0.02    0.06    0.35 v _6549_/Y (sky130_fd_sc_hd__a21oi_1)
                                         y_out[1] (net)
                  0.02    0.00    0.35 v y_out[1] (out)
                                  0.35   data arrival time

                  0.00    0.00    0.00   clock core_clock (rise edge)
                          0.00    0.00   clock network delay (ideal)
                          0.00    0.00   clock reconvergence pessimism
                         -0.20   -0.20   output external delay
                                 -0.20   data required time
-----------------------------------------------------------------------------
                                 -0.20   data required time
                                 -0.35   data arrival time
-----------------------------------------------------------------------------
                                  0.55   slack (MET)



==========================================================================
floorplan final report_checks -path_delay max
--------------------------------------------------------------------------
Startpoint: z_in[0] (input port clocked by core_clock)
Endpoint: y_out[15] (output port clocked by core_clock)
Path Group: core_clock
Path Type: max

Fanout     Cap    Slew   Delay    Time   Description
-----------------------------------------------------------------------------
                  0.00    0.00    0.00   clock core_clock (rise edge)
                          0.00    0.00   clock network delay (ideal)
                          0.20    0.20 v input external delay
     8    0.03    0.00    0.00    0.20 v z_in[0] (in)
                                         z_in[0] (net)
                  0.00    0.00    0.20 v _3921_/A (sky130_fd_sc_hd__buf_12)
     5    0.03    0.03    0.11    0.31 v _3921_/X (sky130_fd_sc_hd__buf_12)
                                         _0138_ (net)
                  0.03    0.00    0.31 v _3922_/A (sky130_fd_sc_hd__clkinv_8)
     3    0.02    0.03    0.04    0.36 ^ _3922_/Y (sky130_fd_sc_hd__clkinv_8)
                                         _2122_ (net)
                  0.03    0.00    0.36 ^ _6682_/B (sky130_fd_sc_hd__ha_4)
     3    0.01    0.04    0.11    0.47 ^ _6682_/COUT (sky130_fd_sc_hd__ha_4)
                                         _2472_ (net)
                  0.04    0.00    0.47 ^ _5697_/B (sky130_fd_sc_hd__nand2b_1)
     2    0.00    0.05    0.06    0.52 v _5697_/Y (sky130_fd_sc_hd__nand2b_1)
                                         _1570_ (net)
                  0.05    0.00    0.52 v _5698_/C (sky130_fd_sc_hd__or4_4)
     3    0.01    0.10    0.50    1.03 v _5698_/X (sky130_fd_sc_hd__or4_4)
                                         _1571_ (net)
                  0.10    0.00    1.03 v _5699_/A1 (sky130_fd_sc_hd__o31ai_4)
     3    0.01    0.21    0.29    1.31 ^ _5699_/Y (sky130_fd_sc_hd__o31ai_4)
                                         _1572_ (net)
                  0.21    0.00    1.31 ^ _5700_/B1 (sky130_fd_sc_hd__o21ai_1)
     1    0.00    0.08    0.11    1.43 v _5700_/Y (sky130_fd_sc_hd__o21ai_1)
                                         _1573_ (net)
                  0.08    0.00    1.43 v _5701_/A (sky130_fd_sc_hd__xnor2_1)
     2    0.01    0.10    0.18    1.60 v _5701_/Y (sky130_fd_sc_hd__xnor2_1)
                                         _2090_ (net)
                  0.10    0.00    1.60 v _6569_/A (sky130_fd_sc_hd__fa_2)
     6    0.02    0.10    0.45    2.05 v _6569_/COUT (sky130_fd_sc_hd__fa_2)
                                         _2092_ (net)
                  0.10    0.00    2.05 v _3806_/A (sky130_fd_sc_hd__buf_6)
     6    0.04    0.05    0.16    2.22 v _3806_/X (sky130_fd_sc_hd__buf_6)
                                         _0045_ (net)
                  0.05    0.00    2.22 v _3807_/A (sky130_fd_sc_hd__inv_8)
     7    0.03    0.06    0.07    2.29 ^ _3807_/Y (sky130_fd_sc_hd__inv_8)
                                         _2111_ (net)
                  0.06    0.00    2.29 ^ _6629_/A (sky130_fd_sc_hd__ha_4)
     5    0.02    0.05    0.21    2.50 v _6629_/SUM (sky130_fd_sc_hd__ha_4)
                                         _2304_ (net)
                  0.05    0.00    2.50 v _3935_/A2 (sky130_fd_sc_hd__a21oi_2)
     1    0.00    0.08    0.12    2.62 ^ _3935_/Y (sky130_fd_sc_hd__a21oi_2)
                                         _0150_ (net)
                  0.08    0.00    2.62 ^ _3936_/A1 (sky130_fd_sc_hd__o21bai_1)
     2    0.00    0.06    0.08    2.70 v _3936_/Y (sky130_fd_sc_hd__o21bai_1)
                                         _0151_ (net)
                  0.06    0.00    2.70 v _3937_/A1 (sky130_fd_sc_hd__a21oi_1)
     2    0.00    0.15    0.15    2.86 ^ _3937_/Y (sky130_fd_sc_hd__a21oi_1)
                                         _0152_ (net)
                  0.15    0.00    2.86 ^ _3939_/A1 (sky130_fd_sc_hd__a31oi_1)
     3    0.01    0.10    0.12    2.98 v _3939_/Y (sky130_fd_sc_hd__a31oi_1)
                                         _0154_ (net)
                  0.10    0.00    2.98 v _3943_/A3 (sky130_fd_sc_hd__o41a_1)
     4    0.01    0.12    0.45    3.43 v _3943_/X (sky130_fd_sc_hd__o41a_1)
                                         _0158_ (net)
                  0.12    0.00    3.43 v _4101_/A (sky130_fd_sc_hd__buf_6)
     6    0.02    0.04    0.16    3.59 v _4101_/X (sky130_fd_sc_hd__buf_6)
                                         _0295_ (net)
                  0.04    0.00    3.59 v _4617_/A (sky130_fd_sc_hd__buf_8)
     8    0.03    0.04    0.13    3.72 v _4617_/X (sky130_fd_sc_hd__buf_8)
                                         _2124_ (net)
                  0.04    0.00    3.72 v _6681_/B (sky130_fd_sc_hd__ha_4)
     3    0.01    0.05    0.27    3.99 ^ _6681_/SUM (sky130_fd_sc_hd__ha_4)
                                         _2470_ (net)
                  0.05    0.00    3.99 ^ _4159_/A2 (sky130_fd_sc_hd__a21oi_2)
     2    0.01    0.04    0.06    4.05 v _4159_/Y (sky130_fd_sc_hd__a21oi_2)
                                         _0333_ (net)
                  0.04    0.00    4.05 v _4160_/A1 (sky130_fd_sc_hd__o21bai_1)
     1    0.00    0.10    0.12    4.17 ^ _4160_/Y (sky130_fd_sc_hd__o21bai_1)
                                         _0334_ (net)
                  0.10    0.00    4.17 ^ _4161_/A1 (sky130_fd_sc_hd__a21oi_1)
     2    0.01    0.07    0.09    4.27 v _4161_/Y (sky130_fd_sc_hd__a21oi_1)
                                         _0335_ (net)
                  0.07    0.00    4.27 v _4162_/A1 (sky130_fd_sc_hd__o21bai_1)
     2    0.00    0.15    0.17    4.44 ^ _4162_/Y (sky130_fd_sc_hd__o21bai_1)
                                         _0336_ (net)
                  0.15    0.00    4.44 ^ _4163_/A1 (sky130_fd_sc_hd__a211o_1)
     1    0.00    0.06    0.15    4.59 ^ _4163_/X (sky130_fd_sc_hd__a211o_1)
                                         _0337_ (net)
                  0.06    0.00    4.59 ^ _4164_/B1 (sky130_fd_sc_hd__o211ai_2)
     2    0.00    0.07    0.09    4.67 v _4164_/Y (sky130_fd_sc_hd__o211ai_2)
                                         _0338_ (net)
                  0.07    0.00    4.67 v _4168_/A2 (sky130_fd_sc_hd__a211o_1)
     4    0.02    0.12    0.37    5.05 v _4168_/X (sky130_fd_sc_hd__a211o_1)
                                         _0342_ (net)
                  0.12    0.00    5.05 v _4174_/A2 (sky130_fd_sc_hd__o21bai_4)
     7    0.03    0.26    0.25    5.30 ^ _4174_/Y (sky130_fd_sc_hd__o21bai_4)
                                         _0348_ (net)
                  0.26    0.00    5.30 ^ _4464_/A (sky130_fd_sc_hd__buf_8)
     5    0.02    0.05    0.15    5.45 ^ _4464_/X (sky130_fd_sc_hd__buf_8)
                                         _2652_ (net)
                  0.05    0.00    5.45 ^ _6747_/A (sky130_fd_sc_hd__ha_4)
     4    0.01    0.04    0.20    5.65 v _6747_/SUM (sky130_fd_sc_hd__ha_4)
                                         _2694_ (net)
                  0.04    0.00    5.65 v _4496_/B_N (sky130_fd_sc_hd__nor2b_1)
     1    0.00    0.03    0.12    5.77 v _4496_/Y (sky130_fd_sc_hd__nor2b_1)
                                         _0614_ (net)
                  0.03    0.00    5.77 v _4497_/A1 (sky130_fd_sc_hd__o21ai_1)
     2    0.00    0.14    0.14    5.92 ^ _4497_/Y (sky130_fd_sc_hd__o21ai_1)
                                         _0615_ (net)
                  0.14    0.00    5.92 ^ _4498_/A1 (sky130_fd_sc_hd__a21boi_1)
     2    0.00    0.06    0.09    6.01 v _4498_/Y (sky130_fd_sc_hd__a21boi_1)
                                         _0616_ (net)
                  0.06    0.00    6.01 v _4499_/A1 (sky130_fd_sc_hd__o21ai_1)
     2    0.00    0.14    0.16    6.16 ^ _4499_/Y (sky130_fd_sc_hd__o21ai_1)
                                         _0617_ (net)
                  0.14    0.00    6.16 ^ _4500_/A1 (sky130_fd_sc_hd__a21boi_1)
     2    0.00    0.06    0.09    6.25 v _4500_/Y (sky130_fd_sc_hd__a21boi_1)
                                         _0618_ (net)
                  0.06    0.00    6.25 v _4501_/A1 (sky130_fd_sc_hd__o21ai_1)
     2    0.00    0.14    0.16    6.41 ^ _4501_/Y (sky130_fd_sc_hd__o21ai_1)
                                         _0619_ (net)
                  0.14    0.00    6.41 ^ _4503_/A1 (sky130_fd_sc_hd__a21oi_1)
     2    0.00    0.06    0.09    6.51 v _4503_/Y (sky130_fd_sc_hd__a21oi_1)
                                         _0621_ (net)
                  0.06    0.00    6.51 v _4505_/A2 (sky130_fd_sc_hd__o21ai_1)
     1    0.00    0.10    0.11    6.62 ^ _4505_/Y (sky130_fd_sc_hd__o21ai_1)
                                         _0623_ (net)
                  0.10    0.00    6.62 ^ _4506_/B (sky130_fd_sc_hd__nand2b_1)
     1    0.00    0.04    0.06    6.68 v _4506_/Y (sky130_fd_sc_hd__nand2b_1)
                                         _0624_ (net)
                  0.04    0.00    6.68 v _4507_/A1 (sky130_fd_sc_hd__a21o_1)
     2    0.01    0.05    0.17    6.84 v _4507_/X (sky130_fd_sc_hd__a21o_1)
                                         _0625_ (net)
                  0.05    0.00    6.84 v _4508_/A1 (sky130_fd_sc_hd__a21o_1)
     3    0.01    0.05    0.17    7.01 v _4508_/X (sky130_fd_sc_hd__a21o_1)
                                         _0626_ (net)
                  0.05    0.00    7.01 v _4511_/A3 (sky130_fd_sc_hd__a311o_2)
     5    0.02    0.10    0.45    7.46 v _4511_/X (sky130_fd_sc_hd__a311o_2)
                                         _0629_ (net)
                  0.10    0.00    7.46 v _4512_/A (sky130_fd_sc_hd__inv_4)
     5    0.02    0.07    0.10    7.56 ^ _4512_/Y (sky130_fd_sc_hd__inv_4)
                                         _2868_ (net)
                  0.07    0.00    7.56 ^ _6803_/A (sky130_fd_sc_hd__ha_4)
     3    0.01    0.05    0.21    7.77 v _6803_/SUM (sky130_fd_sc_hd__ha_4)
                                         _2894_ (net)
                  0.05    0.00    7.77 v _4798_/A1 (sky130_fd_sc_hd__a21o_1)
     1    0.00    0.04    0.16    7.92 v _4798_/X (sky130_fd_sc_hd__a21o_1)
                                         _0858_ (net)
                  0.04    0.00    7.92 v _4799_/A1 (sky130_fd_sc_hd__a21oi_2)
     2    0.01    0.13    0.14    8.06 ^ _4799_/Y (sky130_fd_sc_hd__a21oi_2)
                                         _0859_ (net)
                  0.13    0.00    8.06 ^ _4801_/A1 (sky130_fd_sc_hd__o21ai_1)
     1    0.00    0.06    0.09    8.16 v _4801_/Y (sky130_fd_sc_hd__o21ai_1)
                                         _0861_ (net)
                  0.06    0.00    8.16 v _4802_/A1 (sky130_fd_sc_hd__a21oi_2)
     2    0.01    0.13    0.15    8.30 ^ _4802_/Y (sky130_fd_sc_hd__a21oi_2)
                                         _0862_ (net)
                  0.13    0.00    8.30 ^ _4803_/A1 (sky130_fd_sc_hd__o21bai_1)
     1    0.00    0.05    0.08    8.39 v _4803_/Y (sky130_fd_sc_hd__o21bai_1)
                                         _0863_ (net)
                  0.05    0.00    8.39 v _4804_/A1 (sky130_fd_sc_hd__a21oi_1)
     2    0.01    0.19    0.18    8.57 ^ _4804_/Y (sky130_fd_sc_hd__a21oi_1)
                                         _0864_ (net)
                  0.19    0.00    8.57 ^ _4805_/A1 (sky130_fd_sc_hd__o21bai_1)
     1    0.00    0.05    0.09    8.66 v _4805_/Y (sky130_fd_sc_hd__o21bai_1)
                                         _0865_ (net)
                  0.05    0.00    8.66 v _4806_/A1 (sky130_fd_sc_hd__a21oi_1)
     2    0.01    0.19    0.18    8.84 ^ _4806_/Y (sky130_fd_sc_hd__a21oi_1)
                                         _0866_ (net)
                  0.19    0.00    8.84 ^ _4807_/A1 (sky130_fd_sc_hd__o21bai_1)
     1    0.00    0.05    0.09    8.94 v _4807_/Y (sky130_fd_sc_hd__o21bai_1)
                                         _0867_ (net)
                  0.05    0.00    8.94 v _4808_/A1 (sky130_fd_sc_hd__a21oi_1)
     2    0.01    0.19    0.18    9.12 ^ _4808_/Y (sky130_fd_sc_hd__a21oi_1)
                                         _0868_ (net)
                  0.19    0.00    9.12 ^ _4809_/A1 (sky130_fd_sc_hd__o21bai_1)
     1    0.00    0.07    0.11    9.23 v _4809_/Y (sky130_fd_sc_hd__o21bai_1)
                                         _0869_ (net)
                  0.07    0.00    9.23 v _4810_/A1 (sky130_fd_sc_hd__a21oi_2)
     2    0.01    0.15    0.17    9.40 ^ _4810_/Y (sky130_fd_sc_hd__a21oi_2)
                                         _0870_ (net)
                  0.15    0.00    9.40 ^ _4813_/A2 (sky130_fd_sc_hd__o21ai_2)
     4    0.01    0.07    0.09    9.49 v _4813_/Y (sky130_fd_sc_hd__o21ai_2)
                                         _0873_ (net)
                  0.07    0.00    9.49 v _4937_/A (sky130_fd_sc_hd__buf_6)
     7    0.03    0.04    0.14    9.63 v _4937_/X (sky130_fd_sc_hd__buf_6)
                                         _0972_ (net)
                  0.04    0.00    9.63 v _4952_/A (sky130_fd_sc_hd__buf_12)
     5    0.02    0.03    0.12    9.76 v _4952_/X (sky130_fd_sc_hd__buf_12)
                                         _3038_ (net)
                  0.03    0.00    9.76 v _6856_/A (sky130_fd_sc_hd__ha_4)
     4    0.01    0.04    0.23    9.99 v _6856_/SUM (sky130_fd_sc_hd__ha_4)
                                         _3080_ (net)
                  0.04    0.00    9.99 v _5024_/B_N (sky130_fd_sc_hd__nor2b_1)
     1    0.00    0.03    0.12   10.11 v _5024_/Y (sky130_fd_sc_hd__nor2b_1)
                                         _1034_ (net)
                  0.03    0.00   10.11 v _5025_/A1 (sky130_fd_sc_hd__o21ai_1)
     2    0.00    0.14    0.14   10.26 ^ _5025_/Y (sky130_fd_sc_hd__o21ai_1)
                                         _1035_ (net)
                  0.14    0.00   10.26 ^ _5026_/A1 (sky130_fd_sc_hd__a21boi_1)
     2    0.00    0.06    0.09   10.35 v _5026_/Y (sky130_fd_sc_hd__a21boi_1)
                                         _1036_ (net)
                  0.06    0.00   10.35 v _5027_/A1 (sky130_fd_sc_hd__o21ai_1)
     2    0.00    0.14    0.16   10.51 ^ _5027_/Y (sky130_fd_sc_hd__o21ai_1)
                                         _1037_ (net)
                  0.14    0.00   10.51 ^ _5028_/A1 (sky130_fd_sc_hd__a21boi_1)
     2    0.00    0.06    0.09   10.60 v _5028_/Y (sky130_fd_sc_hd__a21boi_1)
                                         _1038_ (net)
                  0.06    0.00   10.60 v _5029_/A1 (sky130_fd_sc_hd__o21ai_1)
     2    0.00    0.14    0.16   10.75 ^ _5029_/Y (sky130_fd_sc_hd__o21ai_1)
                                         _1039_ (net)
                  0.14    0.00   10.75 ^ _5030_/A1 (sky130_fd_sc_hd__a21boi_1)
     2    0.00    0.06    0.09   10.84 v _5030_/Y (sky130_fd_sc_hd__a21boi_1)
                                         _1040_ (net)
                  0.06    0.00   10.84 v _5031_/A1 (sky130_fd_sc_hd__o21ai_1)
     2    0.00    0.14    0.16   11.00 ^ _5031_/Y (sky130_fd_sc_hd__o21ai_1)
                                         _1041_ (net)
                  0.14    0.00   11.00 ^ _5032_/A1 (sky130_fd_sc_hd__a21boi_1)
     2    0.00    0.06    0.09   11.09 v _5032_/Y (sky130_fd_sc_hd__a21boi_1)
                                         _1042_ (net)
                  0.06    0.00   11.09 v _5033_/A1 (sky130_fd_sc_hd__o21ai_1)
     2    0.00    0.14    0.16   11.25 ^ _5033_/Y (sky130_fd_sc_hd__o21ai_1)
                                         _1043_ (net)
                  0.14    0.00   11.25 ^ _5034_/A1 (sky130_fd_sc_hd__a21boi_1)
     2    0.00    0.06    0.09   11.34 v _5034_/Y (sky130_fd_sc_hd__a21boi_1)
                                         _1044_ (net)
                  0.06    0.00   11.34 v _5035_/A1 (sky130_fd_sc_hd__o21ai_1)
     2    0.00    0.14    0.16   11.50 ^ _5035_/Y (sky130_fd_sc_hd__o21ai_1)
                                         _1045_ (net)
                  0.14    0.00   11.50 ^ _5036_/A1 (sky130_fd_sc_hd__a21boi_1)
     2    0.00    0.06    0.09   11.59 v _5036_/Y (sky130_fd_sc_hd__a21boi_1)
                                         _1046_ (net)
                  0.06    0.00   11.59 v _5037_/A1 (sky130_fd_sc_hd__o21a_1)
     2    0.00    0.04    0.19   11.78 v _5037_/X (sky130_fd_sc_hd__o21a_1)
                                         _1047_ (net)
                  0.04    0.00   11.78 v _5038_/A (sky130_fd_sc_hd__or2_4)
     3    0.02    0.07    0.28   12.06 v _5038_/X (sky130_fd_sc_hd__or2_4)
                                         _1048_ (net)
                  0.07    0.00   12.06 v _5039_/A (sky130_fd_sc_hd__buf_12)
     6    0.04    0.04    0.15   12.21 v _5039_/X (sky130_fd_sc_hd__buf_12)
                                         _3213_ (net)
                  0.04    0.00   12.21 v _5040_/A (sky130_fd_sc_hd__clkinv_8)
     5    0.02    0.03    0.05   12.26 ^ _5040_/Y (sky130_fd_sc_hd__clkinv_8)
                                         _1049_ (net)
                  0.03    0.00   12.26 ^ _5041_/A (sky130_fd_sc_hd__buf_8)
     6    0.03    0.06    0.11   12.37 ^ _5041_/X (sky130_fd_sc_hd__buf_8)
                                         _3235_ (net)
                  0.06    0.00   12.37 ^ _6906_/A (sky130_fd_sc_hd__ha_4)
     4    0.01    0.05    0.21   12.58 v _6906_/SUM (sky130_fd_sc_hd__ha_4)
                                         _3256_ (net)
                  0.05    0.00   12.58 v _5203_/A1 (sky130_fd_sc_hd__a21o_1)
     1    0.00    0.04    0.16   12.73 v _5203_/X (sky130_fd_sc_hd__a21o_1)
                                         _1172_ (net)
                  0.04    0.00   12.73 v _5204_/A1 (sky130_fd_sc_hd__a21oi_2)
     2    0.01    0.13    0.14   12.87 ^ _5204_/Y (sky130_fd_sc_hd__a21oi_2)
                                         _1173_ (net)
                  0.13    0.00   12.87 ^ _5205_/A1 (sky130_fd_sc_hd__o21bai_1)
     1    0.00    0.05    0.08   12.96 v _5205_/Y (sky130_fd_sc_hd__o21bai_1)
                                         _1174_ (net)
                  0.05    0.00   12.96 v _5206_/A1 (sky130_fd_sc_hd__a21oi_1)
     2    0.01    0.19    0.18   13.14 ^ _5206_/Y (sky130_fd_sc_hd__a21oi_1)
                                         _1175_ (net)
                  0.19    0.00   13.14 ^ _5207_/A1 (sky130_fd_sc_hd__o21bai_1)
     1    0.00    0.05    0.09   13.23 v _5207_/Y (sky130_fd_sc_hd__o21bai_1)
                                         _1176_ (net)
                  0.05    0.00   13.23 v _5208_/A1 (sky130_fd_sc_hd__a21oi_1)
     2    0.01    0.19    0.18   13.41 ^ _5208_/Y (sky130_fd_sc_hd__a21oi_1)
                                         _1177_ (net)
                  0.19    0.00   13.41 ^ _5209_/A1 (sky130_fd_sc_hd__o21bai_1)
     1    0.00    0.05    0.09   13.51 v _5209_/Y (sky130_fd_sc_hd__o21bai_1)
                                         _1178_ (net)
                  0.05    0.00   13.51 v _5210_/A1 (sky130_fd_sc_hd__a21oi_1)
     2    0.01    0.19    0.18   13.69 ^ _5210_/Y (sky130_fd_sc_hd__a21oi_1)
                                         _1179_ (net)
                  0.19    0.00   13.69 ^ _5211_/A1 (sky130_fd_sc_hd__o21bai_1)
     1    0.00    0.05    0.09   13.79 v _5211_/Y (sky130_fd_sc_hd__o21bai_1)
                                         _1180_ (net)
                  0.05    0.00   13.79 v _5212_/A1 (sky130_fd_sc_hd__a21oi_1)
     2    0.01    0.19    0.18   13.97 ^ _5212_/Y (sky130_fd_sc_hd__a21oi_1)
                                         _1181_ (net)
                  0.19    0.00   13.97 ^ _5213_/A1 (sky130_fd_sc_hd__o21bai_1)
     1    0.00    0.05    0.09   14.06 v _5213_/Y (sky130_fd_sc_hd__o21bai_1)
                                         _1182_ (net)
                  0.05    0.00   14.06 v _5214_/A1 (sky130_fd_sc_hd__a21oi_1)
     2    0.01    0.19    0.18   14.24 ^ _5214_/Y (sky130_fd_sc_hd__a21oi_1)
                                         _1183_ (net)
                  0.19    0.00   14.24 ^ _5215_/A1 (sky130_fd_sc_hd__o21bai_1)
     2    0.00    0.07    0.11   14.36 v _5215_/Y (sky130_fd_sc_hd__o21bai_1)
                                         _1184_ (net)
                  0.07    0.00   14.36 v _5216_/A1 (sky130_fd_sc_hd__a21o_1)
     6    0.02    0.10    0.23   14.59 v _5216_/X (sky130_fd_sc_hd__a21o_1)
                                         _1185_ (net)
                  0.10    0.00   14.59 v _5217_/A (sky130_fd_sc_hd__inv_2)
     7    0.02    0.10    0.12   14.70 ^ _5217_/Y (sky130_fd_sc_hd__inv_2)
                                         _1186_ (net)
                  0.10    0.00   14.70 ^ _5218_/A (sky130_fd_sc_hd__buf_6)
     6    0.02    0.05    0.12   14.83 ^ _5218_/X (sky130_fd_sc_hd__buf_6)
                                         _3405_ (net)
                  0.05    0.00   14.83 ^ _5326_/S (sky130_fd_sc_hd__mux2i_2)
     2    0.01    0.19    0.23   15.06 ^ _5326_/Y (sky130_fd_sc_hd__mux2i_2)
                                         _2171_ (net)
                  0.19    0.00   15.06 ^ _6935_/A (sky130_fd_sc_hd__ha_1)
     1    0.00    0.05    0.26   15.31 v _6935_/SUM (sky130_fd_sc_hd__ha_1)
                                         _3359_ (net)
                  0.05    0.00   15.31 v _5344_/A1 (sky130_fd_sc_hd__a21o_1)
     1    0.00    0.03    0.15   15.46 v _5344_/X (sky130_fd_sc_hd__a21o_1)
                                         _1281_ (net)
                  0.03    0.00   15.46 v _5345_/A1 (sky130_fd_sc_hd__a21o_1)
     2    0.01    0.05    0.16   15.62 v _5345_/X (sky130_fd_sc_hd__a21o_1)
                                         _1282_ (net)
                  0.05    0.00   15.62 v _5346_/A1 (sky130_fd_sc_hd__a21o_1)
     1    0.00    0.03    0.15   15.77 v _5346_/X (sky130_fd_sc_hd__a21o_1)
                                         _1283_ (net)
                  0.03    0.00   15.77 v _5347_/A1 (sky130_fd_sc_hd__a21o_1)
     2    0.01    0.06    0.17   15.94 v _5347_/X (sky130_fd_sc_hd__a21o_1)
                                         _1284_ (net)
                  0.06    0.00   15.94 v _5349_/A2 (sky130_fd_sc_hd__a31oi_2)
     2    0.01    0.17    0.19   16.13 ^ _5349_/Y (sky130_fd_sc_hd__a31oi_2)
                                         _1286_ (net)
                  0.17    0.00   16.13 ^ _5350_/A (sky130_fd_sc_hd__nor2b_1)
     1    0.00    0.05    0.06   16.20 v _5350_/Y (sky130_fd_sc_hd__nor2b_1)
                                         _1287_ (net)
                  0.05    0.00   16.20 v _5351_/A1 (sky130_fd_sc_hd__o21ai_1)
     1    0.00    0.10    0.12   16.32 ^ _5351_/Y (sky130_fd_sc_hd__o21ai_1)
                                         _1288_ (net)
                  0.10    0.00   16.32 ^ _5352_/B (sky130_fd_sc_hd__nand2b_1)
     2    0.01    0.07    0.08   16.40 v _5352_/Y (sky130_fd_sc_hd__nand2b_1)
                                         _1289_ (net)
                  0.07    0.00   16.40 v _5353_/A1 (sky130_fd_sc_hd__a21o_1)
     1    0.00    0.03    0.16   16.56 v _5353_/X (sky130_fd_sc_hd__a21o_1)
                                         _1290_ (net)
                  0.03    0.00   16.56 v _5354_/A1 (sky130_fd_sc_hd__a21o_1)
     2    0.01    0.05    0.16   16.72 v _5354_/X (sky130_fd_sc_hd__a21o_1)
                                         _1291_ (net)
                  0.05    0.00   16.72 v _5355_/A1 (sky130_fd_sc_hd__a21oi_1)
     1    0.00    0.10    0.11   16.83 ^ _5355_/Y (sky130_fd_sc_hd__a21oi_1)
                                         _1292_ (net)
                  0.10    0.00   16.83 ^ _5356_/A1 (sky130_fd_sc_hd__o21bai_1)
     2    0.01    0.08    0.10   16.94 v _5356_/Y (sky130_fd_sc_hd__o21bai_1)
                                         _1293_ (net)
                  0.08    0.00   16.94 v _5394_/A1 (sky130_fd_sc_hd__a21o_1)
     1    0.00    0.04    0.17   17.11 v _5394_/X (sky130_fd_sc_hd__a21o_1)
                                         _1325_ (net)
                  0.04    0.00   17.11 v _5395_/A1 (sky130_fd_sc_hd__a21oi_2)
     2    0.01    0.15    0.16   17.26 ^ _5395_/Y (sky130_fd_sc_hd__a21oi_2)
                                         _1326_ (net)
                  0.15    0.00   17.26 ^ _5396_/B (sky130_fd_sc_hd__xor3_1)
     2    0.01    0.09    0.35   17.61 v _5396_/X (sky130_fd_sc_hd__xor3_1)
                                         _1327_ (net)
                  0.09    0.00   17.61 v _5397_/B1 (sky130_fd_sc_hd__a21oi_2)
     6    0.02    0.21    0.21   17.82 ^ _5397_/Y (sky130_fd_sc_hd__a21oi_2)
                                         _1328_ (net)
                  0.21    0.00   17.82 ^ _5399_/B (sky130_fd_sc_hd__or2_4)
     3    0.01    0.05    0.17   17.99 ^ _5399_/X (sky130_fd_sc_hd__or2_4)
                                         _1330_ (net)
                  0.05    0.00   17.99 ^ _5400_/A (sky130_fd_sc_hd__inv_2)
     1    0.01    0.02    0.04   18.02 v _5400_/Y (sky130_fd_sc_hd__inv_2)
                                         _3441_ (net)
                  0.02    0.00   18.02 v _6960_/B (sky130_fd_sc_hd__ha_4)
     1    0.00    0.03    0.25   18.27 ^ _6960_/SUM (sky130_fd_sc_hd__ha_4)
                                         _3443_ (net)
                  0.03    0.00   18.27 ^ _6306_/A2 (sky130_fd_sc_hd__o21ai_2)
     1    0.00    0.07    0.04   18.31 v _6306_/Y (sky130_fd_sc_hd__o21ai_2)
                                         _3474_ (net)
                  0.07    0.00   18.31 v _6970_/A (sky130_fd_sc_hd__ha_1)
     3    0.01    0.10    0.32   18.64 ^ _6970_/SUM (sky130_fd_sc_hd__ha_1)
                                         _3476_ (net)
                  0.10    0.00   18.64 ^ _5413_/A (sky130_fd_sc_hd__inv_1)
     1    0.00    0.03    0.04   18.68 v _5413_/Y (sky130_fd_sc_hd__inv_1)
                                         _1341_ (net)
                  0.03    0.00   18.68 v _5422_/A2 (sky130_fd_sc_hd__o21bai_1)
     1    0.00    0.14    0.13   18.81 ^ _5422_/Y (sky130_fd_sc_hd__o21bai_1)
                                         _1350_ (net)
                  0.14    0.00   18.81 ^ _5423_/A1 (sky130_fd_sc_hd__a21oi_2)
     3    0.01    0.06    0.09   18.90 v _5423_/Y (sky130_fd_sc_hd__a21oi_2)
                                         _1351_ (net)
                  0.06    0.00   18.90 v _5485_/A (sky130_fd_sc_hd__nor2_1)
     3    0.01    0.14    0.15   19.05 ^ _5485_/Y (sky130_fd_sc_hd__nor2_1)
                                         _1402_ (net)
                  0.14    0.00   19.05 ^ _5486_/A (sky130_fd_sc_hd__nand2_1)
     1    0.00    0.06    0.08   19.13 v _5486_/Y (sky130_fd_sc_hd__nand2_1)
                                         _1403_ (net)
                  0.06    0.00   19.13 v _5489_/A2 (sky130_fd_sc_hd__a211oi_2)
     2    0.00    0.16    0.22   19.34 ^ _5489_/Y (sky130_fd_sc_hd__a211oi_2)
                                         _1406_ (net)
                  0.16    0.00   19.34 ^ _5494_/D (sky130_fd_sc_hd__or4_1)
     2    0.01    0.08    0.15   19.50 ^ _5494_/X (sky130_fd_sc_hd__or4_1)
                                         _1411_ (net)
                  0.08    0.00   19.50 ^ _5500_/A (sky130_fd_sc_hd__nand3_2)
     3    0.01    0.10    0.08   19.58 v _5500_/Y (sky130_fd_sc_hd__nand3_2)
                                         _3732_ (net)
                  0.10    0.00   19.58 v _5600_/B (sky130_fd_sc_hd__or3_4)
     3    0.01    0.07    0.38   19.97 v _5600_/X (sky130_fd_sc_hd__or3_4)
                                         _1503_ (net)
                  0.07    0.00   19.97 v _5601_/B (sky130_fd_sc_hd__or4_4)
     4    0.01    0.09    0.53   20.50 v _5601_/X (sky130_fd_sc_hd__or4_4)
                                         _1504_ (net)
                  0.09    0.00   20.50 v _6103_/B1 (sky130_fd_sc_hd__a31o_1)
     1    0.00    0.04    0.20   20.69 v _6103_/X (sky130_fd_sc_hd__a31o_1)
                                         _3613_ (net)
                  0.04    0.00   20.69 v _7008_/B (sky130_fd_sc_hd__ha_1)
     1    0.00    0.05    0.26   20.95 v _7008_/SUM (sky130_fd_sc_hd__ha_1)
                                         _3615_ (net)
                  0.05    0.00   20.95 v _6104_/B (sky130_fd_sc_hd__nor2_1)
     1    0.00    0.08    0.08   21.03 ^ _6104_/Y (sky130_fd_sc_hd__nor2_1)
                                         _1800_ (net)
                  0.08    0.00   21.03 ^ _6105_/A (sky130_fd_sc_hd__nor2_1)
     1    0.00    0.06    0.05   21.08 v _6105_/Y (sky130_fd_sc_hd__nor2_1)
                                         _3616_ (net)
                  0.06    0.00   21.08 v _7009_/B (sky130_fd_sc_hd__ha_1)
     3    0.01    0.08    0.31   21.39 v _7009_/SUM (sky130_fd_sc_hd__ha_1)
                                         _3619_ (net)
                  0.08    0.00   21.39 v _6471_/A2 (sky130_fd_sc_hd__a21o_1)
     2    0.01    0.05    0.20   21.59 v _6471_/X (sky130_fd_sc_hd__a21o_1)
                                         _1998_ (net)
                  0.05    0.00   21.59 v _6472_/A1 (sky130_fd_sc_hd__a21o_1)
     1    0.00    0.04    0.16   21.75 v _6472_/X (sky130_fd_sc_hd__a21o_1)
                                         _1999_ (net)
                  0.04    0.00   21.75 v _6473_/A1 (sky130_fd_sc_hd__a21oi_2)
     2    0.01    0.13    0.14   21.89 ^ _6473_/Y (sky130_fd_sc_hd__a21oi_2)
                                         _2000_ (net)
                  0.13    0.00   21.89 ^ _6511_/A1 (sky130_fd_sc_hd__o21bai_1)
     1    0.00    0.05    0.08   21.98 v _6511_/Y (sky130_fd_sc_hd__o21bai_1)
                                         _2036_ (net)
                  0.05    0.00   21.98 v _6512_/A1 (sky130_fd_sc_hd__a21o_1)
     2    0.01    0.05    0.17   22.14 v _6512_/X (sky130_fd_sc_hd__a21o_1)
                                         _2037_ (net)
                  0.05    0.00   22.14 v _6513_/B (sky130_fd_sc_hd__xor2_1)
     3    0.01    0.07    0.16   22.30 v _6513_/X (sky130_fd_sc_hd__xor2_1)
                                         _2038_ (net)
                  0.07    0.00   22.30 v _6519_/C (sky130_fd_sc_hd__or4_1)
     1    0.00    0.10    0.49   22.79 v _6519_/X (sky130_fd_sc_hd__or4_1)
                                         _2043_ (net)
                  0.10    0.00   22.79 v _6520_/A1 (sky130_fd_sc_hd__o21ai_2)
     2    0.01    0.13    0.17   22.96 ^ _6520_/Y (sky130_fd_sc_hd__o21ai_2)
                                         _2044_ (net)
                  0.13    0.00   22.96 ^ _6533_/A (sky130_fd_sc_hd__nand2_1)
     1    0.00    0.06    0.08   23.04 v _6533_/Y (sky130_fd_sc_hd__nand2_1)
                                         _2055_ (net)
                  0.06    0.00   23.04 v _6534_/A (sky130_fd_sc_hd__xnor2_1)
     1    0.00    0.13    0.16   23.20 ^ _6534_/Y (sky130_fd_sc_hd__xnor2_1)
                                         _2056_ (net)
                  0.13    0.00   23.20 ^ _6546_/C (sky130_fd_sc_hd__xnor3_1)
     1    0.00    0.05    0.19   23.39 v _6546_/X (sky130_fd_sc_hd__xnor3_1)
                                         y_out[15] (net)
                  0.05    0.00   23.39 v y_out[15] (out)
                                 23.39   data arrival time

                  0.00    5.00    5.00   clock core_clock (rise edge)
                          0.00    5.00   clock network delay (ideal)
                          0.00    5.00   clock reconvergence pessimism
                         -0.20    4.80   output external delay
                                  4.80   data required time
-----------------------------------------------------------------------------
                                  4.80   data required time
                                -23.39   data arrival time
-----------------------------------------------------------------------------
                                -18.59   slack (VIOLATED)



==========================================================================
floorplan final report_checks -unconstrained
--------------------------------------------------------------------------
Startpoint: z_in[0] (input port clocked by core_clock)
Endpoint: y_out[15] (output port clocked by core_clock)
Path Group: core_clock
Path Type: max

Fanout     Cap    Slew   Delay    Time   Description
-----------------------------------------------------------------------------
                  0.00    0.00    0.00   clock core_clock (rise edge)
                          0.00    0.00   clock network delay (ideal)
                          0.20    0.20 v input external delay
     8    0.03    0.00    0.00    0.20 v z_in[0] (in)
                                         z_in[0] (net)
                  0.00    0.00    0.20 v _3921_/A (sky130_fd_sc_hd__buf_12)
     5    0.03    0.03    0.11    0.31 v _3921_/X (sky130_fd_sc_hd__buf_12)
                                         _0138_ (net)
                  0.03    0.00    0.31 v _3922_/A (sky130_fd_sc_hd__clkinv_8)
     3    0.02    0.03    0.04    0.36 ^ _3922_/Y (sky130_fd_sc_hd__clkinv_8)
                                         _2122_ (net)
                  0.03    0.00    0.36 ^ _6682_/B (sky130_fd_sc_hd__ha_4)
     3    0.01    0.04    0.11    0.47 ^ _6682_/COUT (sky130_fd_sc_hd__ha_4)
                                         _2472_ (net)
                  0.04    0.00    0.47 ^ _5697_/B (sky130_fd_sc_hd__nand2b_1)
     2    0.00    0.05    0.06    0.52 v _5697_/Y (sky130_fd_sc_hd__nand2b_1)
                                         _1570_ (net)
                  0.05    0.00    0.52 v _5698_/C (sky130_fd_sc_hd__or4_4)
     3    0.01    0.10    0.50    1.03 v _5698_/X (sky130_fd_sc_hd__or4_4)
                                         _1571_ (net)
                  0.10    0.00    1.03 v _5699_/A1 (sky130_fd_sc_hd__o31ai_4)
     3    0.01    0.21    0.29    1.31 ^ _5699_/Y (sky130_fd_sc_hd__o31ai_4)
                                         _1572_ (net)
                  0.21    0.00    1.31 ^ _5700_/B1 (sky130_fd_sc_hd__o21ai_1)
     1    0.00    0.08    0.11    1.43 v _5700_/Y (sky130_fd_sc_hd__o21ai_1)
                                         _1573_ (net)
                  0.08    0.00    1.43 v _5701_/A (sky130_fd_sc_hd__xnor2_1)
     2    0.01    0.10    0.18    1.60 v _5701_/Y (sky130_fd_sc_hd__xnor2_1)
                                         _2090_ (net)
                  0.10    0.00    1.60 v _6569_/A (sky130_fd_sc_hd__fa_2)
     6    0.02    0.10    0.45    2.05 v _6569_/COUT (sky130_fd_sc_hd__fa_2)
                                         _2092_ (net)
                  0.10    0.00    2.05 v _3806_/A (sky130_fd_sc_hd__buf_6)
     6    0.04    0.05    0.16    2.22 v _3806_/X (sky130_fd_sc_hd__buf_6)
                                         _0045_ (net)
                  0.05    0.00    2.22 v _3807_/A (sky130_fd_sc_hd__inv_8)
     7    0.03    0.06    0.07    2.29 ^ _3807_/Y (sky130_fd_sc_hd__inv_8)
                                         _2111_ (net)
                  0.06    0.00    2.29 ^ _6629_/A (sky130_fd_sc_hd__ha_4)
     5    0.02    0.05    0.21    2.50 v _6629_/SUM (sky130_fd_sc_hd__ha_4)
                                         _2304_ (net)
                  0.05    0.00    2.50 v _3935_/A2 (sky130_fd_sc_hd__a21oi_2)
     1    0.00    0.08    0.12    2.62 ^ _3935_/Y (sky130_fd_sc_hd__a21oi_2)
                                         _0150_ (net)
                  0.08    0.00    2.62 ^ _3936_/A1 (sky130_fd_sc_hd__o21bai_1)
     2    0.00    0.06    0.08    2.70 v _3936_/Y (sky130_fd_sc_hd__o21bai_1)
                                         _0151_ (net)
                  0.06    0.00    2.70 v _3937_/A1 (sky130_fd_sc_hd__a21oi_1)
     2    0.00    0.15    0.15    2.86 ^ _3937_/Y (sky130_fd_sc_hd__a21oi_1)
                                         _0152_ (net)
                  0.15    0.00    2.86 ^ _3939_/A1 (sky130_fd_sc_hd__a31oi_1)
     3    0.01    0.10    0.12    2.98 v _3939_/Y (sky130_fd_sc_hd__a31oi_1)
                                         _0154_ (net)
                  0.10    0.00    2.98 v _3943_/A3 (sky130_fd_sc_hd__o41a_1)
     4    0.01    0.12    0.45    3.43 v _3943_/X (sky130_fd_sc_hd__o41a_1)
                                         _0158_ (net)
                  0.12    0.00    3.43 v _4101_/A (sky130_fd_sc_hd__buf_6)
     6    0.02    0.04    0.16    3.59 v _4101_/X (sky130_fd_sc_hd__buf_6)
                                         _0295_ (net)
                  0.04    0.00    3.59 v _4617_/A (sky130_fd_sc_hd__buf_8)
     8    0.03    0.04    0.13    3.72 v _4617_/X (sky130_fd_sc_hd__buf_8)
                                         _2124_ (net)
                  0.04    0.00    3.72 v _6681_/B (sky130_fd_sc_hd__ha_4)
     3    0.01    0.05    0.27    3.99 ^ _6681_/SUM (sky130_fd_sc_hd__ha_4)
                                         _2470_ (net)
                  0.05    0.00    3.99 ^ _4159_/A2 (sky130_fd_sc_hd__a21oi_2)
     2    0.01    0.04    0.06    4.05 v _4159_/Y (sky130_fd_sc_hd__a21oi_2)
                                         _0333_ (net)
                  0.04    0.00    4.05 v _4160_/A1 (sky130_fd_sc_hd__o21bai_1)
     1    0.00    0.10    0.12    4.17 ^ _4160_/Y (sky130_fd_sc_hd__o21bai_1)
                                         _0334_ (net)
                  0.10    0.00    4.17 ^ _4161_/A1 (sky130_fd_sc_hd__a21oi_1)
     2    0.01    0.07    0.09    4.27 v _4161_/Y (sky130_fd_sc_hd__a21oi_1)
                                         _0335_ (net)
                  0.07    0.00    4.27 v _4162_/A1 (sky130_fd_sc_hd__o21bai_1)
     2    0.00    0.15    0.17    4.44 ^ _4162_/Y (sky130_fd_sc_hd__o21bai_1)
                                         _0336_ (net)
                  0.15    0.00    4.44 ^ _4163_/A1 (sky130_fd_sc_hd__a211o_1)
     1    0.00    0.06    0.15    4.59 ^ _4163_/X (sky130_fd_sc_hd__a211o_1)
                                         _0337_ (net)
                  0.06    0.00    4.59 ^ _4164_/B1 (sky130_fd_sc_hd__o211ai_2)
     2    0.00    0.07    0.09    4.67 v _4164_/Y (sky130_fd_sc_hd__o211ai_2)
                                         _0338_ (net)
                  0.07    0.00    4.67 v _4168_/A2 (sky130_fd_sc_hd__a211o_1)
     4    0.02    0.12    0.37    5.05 v _4168_/X (sky130_fd_sc_hd__a211o_1)
                                         _0342_ (net)
                  0.12    0.00    5.05 v _4174_/A2 (sky130_fd_sc_hd__o21bai_4)
     7    0.03    0.26    0.25    5.30 ^ _4174_/Y (sky130_fd_sc_hd__o21bai_4)
                                         _0348_ (net)
                  0.26    0.00    5.30 ^ _4464_/A (sky130_fd_sc_hd__buf_8)
     5    0.02    0.05    0.15    5.45 ^ _4464_/X (sky130_fd_sc_hd__buf_8)
                                         _2652_ (net)
                  0.05    0.00    5.45 ^ _6747_/A (sky130_fd_sc_hd__ha_4)
     4    0.01    0.04    0.20    5.65 v _6747_/SUM (sky130_fd_sc_hd__ha_4)
                                         _2694_ (net)
                  0.04    0.00    5.65 v _4496_/B_N (sky130_fd_sc_hd__nor2b_1)
     1    0.00    0.03    0.12    5.77 v _4496_/Y (sky130_fd_sc_hd__nor2b_1)
                                         _0614_ (net)
                  0.03    0.00    5.77 v _4497_/A1 (sky130_fd_sc_hd__o21ai_1)
     2    0.00    0.14    0.14    5.92 ^ _4497_/Y (sky130_fd_sc_hd__o21ai_1)
                                         _0615_ (net)
                  0.14    0.00    5.92 ^ _4498_/A1 (sky130_fd_sc_hd__a21boi_1)
     2    0.00    0.06    0.09    6.01 v _4498_/Y (sky130_fd_sc_hd__a21boi_1)
                                         _0616_ (net)
                  0.06    0.00    6.01 v _4499_/A1 (sky130_fd_sc_hd__o21ai_1)
     2    0.00    0.14    0.16    6.16 ^ _4499_/Y (sky130_fd_sc_hd__o21ai_1)
                                         _0617_ (net)
                  0.14    0.00    6.16 ^ _4500_/A1 (sky130_fd_sc_hd__a21boi_1)
     2    0.00    0.06    0.09    6.25 v _4500_/Y (sky130_fd_sc_hd__a21boi_1)
                                         _0618_ (net)
                  0.06    0.00    6.25 v _4501_/A1 (sky130_fd_sc_hd__o21ai_1)
     2    0.00    0.14    0.16    6.41 ^ _4501_/Y (sky130_fd_sc_hd__o21ai_1)
                                         _0619_ (net)
                  0.14    0.00    6.41 ^ _4503_/A1 (sky130_fd_sc_hd__a21oi_1)
     2    0.00    0.06    0.09    6.51 v _4503_/Y (sky130_fd_sc_hd__a21oi_1)
                                         _0621_ (net)
                  0.06    0.00    6.51 v _4505_/A2 (sky130_fd_sc_hd__o21ai_1)
     1    0.00    0.10    0.11    6.62 ^ _4505_/Y (sky130_fd_sc_hd__o21ai_1)
                                         _0623_ (net)
                  0.10    0.00    6.62 ^ _4506_/B (sky130_fd_sc_hd__nand2b_1)
     1    0.00    0.04    0.06    6.68 v _4506_/Y (sky130_fd_sc_hd__nand2b_1)
                                         _0624_ (net)
                  0.04    0.00    6.68 v _4507_/A1 (sky130_fd_sc_hd__a21o_1)
     2    0.01    0.05    0.17    6.84 v _4507_/X (sky130_fd_sc_hd__a21o_1)
                                         _0625_ (net)
                  0.05    0.00    6.84 v _4508_/A1 (sky130_fd_sc_hd__a21o_1)
     3    0.01    0.05    0.17    7.01 v _4508_/X (sky130_fd_sc_hd__a21o_1)
                                         _0626_ (net)
                  0.05    0.00    7.01 v _4511_/A3 (sky130_fd_sc_hd__a311o_2)
     5    0.02    0.10    0.45    7.46 v _4511_/X (sky130_fd_sc_hd__a311o_2)
                                         _0629_ (net)
                  0.10    0.00    7.46 v _4512_/A (sky130_fd_sc_hd__inv_4)
     5    0.02    0.07    0.10    7.56 ^ _4512_/Y (sky130_fd_sc_hd__inv_4)
                                         _2868_ (net)
                  0.07    0.00    7.56 ^ _6803_/A (sky130_fd_sc_hd__ha_4)
     3    0.01    0.05    0.21    7.77 v _6803_/SUM (sky130_fd_sc_hd__ha_4)
                                         _2894_ (net)
                  0.05    0.00    7.77 v _4798_/A1 (sky130_fd_sc_hd__a21o_1)
     1    0.00    0.04    0.16    7.92 v _4798_/X (sky130_fd_sc_hd__a21o_1)
                                         _0858_ (net)
                  0.04    0.00    7.92 v _4799_/A1 (sky130_fd_sc_hd__a21oi_2)
     2    0.01    0.13    0.14    8.06 ^ _4799_/Y (sky130_fd_sc_hd__a21oi_2)
                                         _0859_ (net)
                  0.13    0.00    8.06 ^ _4801_/A1 (sky130_fd_sc_hd__o21ai_1)
     1    0.00    0.06    0.09    8.16 v _4801_/Y (sky130_fd_sc_hd__o21ai_1)
                                         _0861_ (net)
                  0.06    0.00    8.16 v _4802_/A1 (sky130_fd_sc_hd__a21oi_2)
     2    0.01    0.13    0.15    8.30 ^ _4802_/Y (sky130_fd_sc_hd__a21oi_2)
                                         _0862_ (net)
                  0.13    0.00    8.30 ^ _4803_/A1 (sky130_fd_sc_hd__o21bai_1)
     1    0.00    0.05    0.08    8.39 v _4803_/Y (sky130_fd_sc_hd__o21bai_1)
                                         _0863_ (net)
                  0.05    0.00    8.39 v _4804_/A1 (sky130_fd_sc_hd__a21oi_1)
     2    0.01    0.19    0.18    8.57 ^ _4804_/Y (sky130_fd_sc_hd__a21oi_1)
                                         _0864_ (net)
                  0.19    0.00    8.57 ^ _4805_/A1 (sky130_fd_sc_hd__o21bai_1)
     1    0.00    0.05    0.09    8.66 v _4805_/Y (sky130_fd_sc_hd__o21bai_1)
                                         _0865_ (net)
                  0.05    0.00    8.66 v _4806_/A1 (sky130_fd_sc_hd__a21oi_1)
     2    0.01    0.19    0.18    8.84 ^ _4806_/Y (sky130_fd_sc_hd__a21oi_1)
                                         _0866_ (net)
                  0.19    0.00    8.84 ^ _4807_/A1 (sky130_fd_sc_hd__o21bai_1)
     1    0.00    0.05    0.09    8.94 v _4807_/Y (sky130_fd_sc_hd__o21bai_1)
                                         _0867_ (net)
                  0.05    0.00    8.94 v _4808_/A1 (sky130_fd_sc_hd__a21oi_1)
     2    0.01    0.19    0.18    9.12 ^ _4808_/Y (sky130_fd_sc_hd__a21oi_1)
                                         _0868_ (net)
                  0.19    0.00    9.12 ^ _4809_/A1 (sky130_fd_sc_hd__o21bai_1)
     1    0.00    0.07    0.11    9.23 v _4809_/Y (sky130_fd_sc_hd__o21bai_1)
                                         _0869_ (net)
                  0.07    0.00    9.23 v _4810_/A1 (sky130_fd_sc_hd__a21oi_2)
     2    0.01    0.15    0.17    9.40 ^ _4810_/Y (sky130_fd_sc_hd__a21oi_2)
                                         _0870_ (net)
                  0.15    0.00    9.40 ^ _4813_/A2 (sky130_fd_sc_hd__o21ai_2)
     4    0.01    0.07    0.09    9.49 v _4813_/Y (sky130_fd_sc_hd__o21ai_2)
                                         _0873_ (net)
                  0.07    0.00    9.49 v _4937_/A (sky130_fd_sc_hd__buf_6)
     7    0.03    0.04    0.14    9.63 v _4937_/X (sky130_fd_sc_hd__buf_6)
                                         _0972_ (net)
                  0.04    0.00    9.63 v _4952_/A (sky130_fd_sc_hd__buf_12)
     5    0.02    0.03    0.12    9.76 v _4952_/X (sky130_fd_sc_hd__buf_12)
                                         _3038_ (net)
                  0.03    0.00    9.76 v _6856_/A (sky130_fd_sc_hd__ha_4)
     4    0.01    0.04    0.23    9.99 v _6856_/SUM (sky130_fd_sc_hd__ha_4)
                                         _3080_ (net)
                  0.04    0.00    9.99 v _5024_/B_N (sky130_fd_sc_hd__nor2b_1)
     1    0.00    0.03    0.12   10.11 v _5024_/Y (sky130_fd_sc_hd__nor2b_1)
                                         _1034_ (net)
                  0.03    0.00   10.11 v _5025_/A1 (sky130_fd_sc_hd__o21ai_1)
     2    0.00    0.14    0.14   10.26 ^ _5025_/Y (sky130_fd_sc_hd__o21ai_1)
                                         _1035_ (net)
                  0.14    0.00   10.26 ^ _5026_/A1 (sky130_fd_sc_hd__a21boi_1)
     2    0.00    0.06    0.09   10.35 v _5026_/Y (sky130_fd_sc_hd__a21boi_1)
                                         _1036_ (net)
                  0.06    0.00   10.35 v _5027_/A1 (sky130_fd_sc_hd__o21ai_1)
     2    0.00    0.14    0.16   10.51 ^ _5027_/Y (sky130_fd_sc_hd__o21ai_1)
                                         _1037_ (net)
                  0.14    0.00   10.51 ^ _5028_/A1 (sky130_fd_sc_hd__a21boi_1)
     2    0.00    0.06    0.09   10.60 v _5028_/Y (sky130_fd_sc_hd__a21boi_1)
                                         _1038_ (net)
                  0.06    0.00   10.60 v _5029_/A1 (sky130_fd_sc_hd__o21ai_1)
     2    0.00    0.14    0.16   10.75 ^ _5029_/Y (sky130_fd_sc_hd__o21ai_1)
                                         _1039_ (net)
                  0.14    0.00   10.75 ^ _5030_/A1 (sky130_fd_sc_hd__a21boi_1)
     2    0.00    0.06    0.09   10.84 v _5030_/Y (sky130_fd_sc_hd__a21boi_1)
                                         _1040_ (net)
                  0.06    0.00   10.84 v _5031_/A1 (sky130_fd_sc_hd__o21ai_1)
     2    0.00    0.14    0.16   11.00 ^ _5031_/Y (sky130_fd_sc_hd__o21ai_1)
                                         _1041_ (net)
                  0.14    0.00   11.00 ^ _5032_/A1 (sky130_fd_sc_hd__a21boi_1)
     2    0.00    0.06    0.09   11.09 v _5032_/Y (sky130_fd_sc_hd__a21boi_1)
                                         _1042_ (net)
                  0.06    0.00   11.09 v _5033_/A1 (sky130_fd_sc_hd__o21ai_1)
     2    0.00    0.14    0.16   11.25 ^ _5033_/Y (sky130_fd_sc_hd__o21ai_1)
                                         _1043_ (net)
                  0.14    0.00   11.25 ^ _5034_/A1 (sky130_fd_sc_hd__a21boi_1)
     2    0.00    0.06    0.09   11.34 v _5034_/Y (sky130_fd_sc_hd__a21boi_1)
                                         _1044_ (net)
                  0.06    0.00   11.34 v _5035_/A1 (sky130_fd_sc_hd__o21ai_1)
     2    0.00    0.14    0.16   11.50 ^ _5035_/Y (sky130_fd_sc_hd__o21ai_1)
                                         _1045_ (net)
                  0.14    0.00   11.50 ^ _5036_/A1 (sky130_fd_sc_hd__a21boi_1)
     2    0.00    0.06    0.09   11.59 v _5036_/Y (sky130_fd_sc_hd__a21boi_1)
                                         _1046_ (net)
                  0.06    0.00   11.59 v _5037_/A1 (sky130_fd_sc_hd__o21a_1)
     2    0.00    0.04    0.19   11.78 v _5037_/X (sky130_fd_sc_hd__o21a_1)
                                         _1047_ (net)
                  0.04    0.00   11.78 v _5038_/A (sky130_fd_sc_hd__or2_4)
     3    0.02    0.07    0.28   12.06 v _5038_/X (sky130_fd_sc_hd__or2_4)
                                         _1048_ (net)
                  0.07    0.00   12.06 v _5039_/A (sky130_fd_sc_hd__buf_12)
     6    0.04    0.04    0.15   12.21 v _5039_/X (sky130_fd_sc_hd__buf_12)
                                         _3213_ (net)
                  0.04    0.00   12.21 v _5040_/A (sky130_fd_sc_hd__clkinv_8)
     5    0.02    0.03    0.05   12.26 ^ _5040_/Y (sky130_fd_sc_hd__clkinv_8)
                                         _1049_ (net)
                  0.03    0.00   12.26 ^ _5041_/A (sky130_fd_sc_hd__buf_8)
     6    0.03    0.06    0.11   12.37 ^ _5041_/X (sky130_fd_sc_hd__buf_8)
                                         _3235_ (net)
                  0.06    0.00   12.37 ^ _6906_/A (sky130_fd_sc_hd__ha_4)
     4    0.01    0.05    0.21   12.58 v _6906_/SUM (sky130_fd_sc_hd__ha_4)
                                         _3256_ (net)
                  0.05    0.00   12.58 v _5203_/A1 (sky130_fd_sc_hd__a21o_1)
     1    0.00    0.04    0.16   12.73 v _5203_/X (sky130_fd_sc_hd__a21o_1)
                                         _1172_ (net)
                  0.04    0.00   12.73 v _5204_/A1 (sky130_fd_sc_hd__a21oi_2)
     2    0.01    0.13    0.14   12.87 ^ _5204_/Y (sky130_fd_sc_hd__a21oi_2)
                                         _1173_ (net)
                  0.13    0.00   12.87 ^ _5205_/A1 (sky130_fd_sc_hd__o21bai_1)
     1    0.00    0.05    0.08   12.96 v _5205_/Y (sky130_fd_sc_hd__o21bai_1)
                                         _1174_ (net)
                  0.05    0.00   12.96 v _5206_/A1 (sky130_fd_sc_hd__a21oi_1)
     2    0.01    0.19    0.18   13.14 ^ _5206_/Y (sky130_fd_sc_hd__a21oi_1)
                                         _1175_ (net)
                  0.19    0.00   13.14 ^ _5207_/A1 (sky130_fd_sc_hd__o21bai_1)
     1    0.00    0.05    0.09   13.23 v _5207_/Y (sky130_fd_sc_hd__o21bai_1)
                                         _1176_ (net)
                  0.05    0.00   13.23 v _5208_/A1 (sky130_fd_sc_hd__a21oi_1)
     2    0.01    0.19    0.18   13.41 ^ _5208_/Y (sky130_fd_sc_hd__a21oi_1)
                                         _1177_ (net)
                  0.19    0.00   13.41 ^ _5209_/A1 (sky130_fd_sc_hd__o21bai_1)
     1    0.00    0.05    0.09   13.51 v _5209_/Y (sky130_fd_sc_hd__o21bai_1)
                                         _1178_ (net)
                  0.05    0.00   13.51 v _5210_/A1 (sky130_fd_sc_hd__a21oi_1)
     2    0.01    0.19    0.18   13.69 ^ _5210_/Y (sky130_fd_sc_hd__a21oi_1)
                                         _1179_ (net)
                  0.19    0.00   13.69 ^ _5211_/A1 (sky130_fd_sc_hd__o21bai_1)
     1    0.00    0.05    0.09   13.79 v _5211_/Y (sky130_fd_sc_hd__o21bai_1)
                                         _1180_ (net)
                  0.05    0.00   13.79 v _5212_/A1 (sky130_fd_sc_hd__a21oi_1)
     2    0.01    0.19    0.18   13.97 ^ _5212_/Y (sky130_fd_sc_hd__a21oi_1)
                                         _1181_ (net)
                  0.19    0.00   13.97 ^ _5213_/A1 (sky130_fd_sc_hd__o21bai_1)
     1    0.00    0.05    0.09   14.06 v _5213_/Y (sky130_fd_sc_hd__o21bai_1)
                                         _1182_ (net)
                  0.05    0.00   14.06 v _5214_/A1 (sky130_fd_sc_hd__a21oi_1)
     2    0.01    0.19    0.18   14.24 ^ _5214_/Y (sky130_fd_sc_hd__a21oi_1)
                                         _1183_ (net)
                  0.19    0.00   14.24 ^ _5215_/A1 (sky130_fd_sc_hd__o21bai_1)
     2    0.00    0.07    0.11   14.36 v _5215_/Y (sky130_fd_sc_hd__o21bai_1)
                                         _1184_ (net)
                  0.07    0.00   14.36 v _5216_/A1 (sky130_fd_sc_hd__a21o_1)
     6    0.02    0.10    0.23   14.59 v _5216_/X (sky130_fd_sc_hd__a21o_1)
                                         _1185_ (net)
                  0.10    0.00   14.59 v _5217_/A (sky130_fd_sc_hd__inv_2)
     7    0.02    0.10    0.12   14.70 ^ _5217_/Y (sky130_fd_sc_hd__inv_2)
                                         _1186_ (net)
                  0.10    0.00   14.70 ^ _5218_/A (sky130_fd_sc_hd__buf_6)
     6    0.02    0.05    0.12   14.83 ^ _5218_/X (sky130_fd_sc_hd__buf_6)
                                         _3405_ (net)
                  0.05    0.00   14.83 ^ _5326_/S (sky130_fd_sc_hd__mux2i_2)
     2    0.01    0.19    0.23   15.06 ^ _5326_/Y (sky130_fd_sc_hd__mux2i_2)
                                         _2171_ (net)
                  0.19    0.00   15.06 ^ _6935_/A (sky130_fd_sc_hd__ha_1)
     1    0.00    0.05    0.26   15.31 v _6935_/SUM (sky130_fd_sc_hd__ha_1)
                                         _3359_ (net)
                  0.05    0.00   15.31 v _5344_/A1 (sky130_fd_sc_hd__a21o_1)
     1    0.00    0.03    0.15   15.46 v _5344_/X (sky130_fd_sc_hd__a21o_1)
                                         _1281_ (net)
                  0.03    0.00   15.46 v _5345_/A1 (sky130_fd_sc_hd__a21o_1)
     2    0.01    0.05    0.16   15.62 v _5345_/X (sky130_fd_sc_hd__a21o_1)
                                         _1282_ (net)
                  0.05    0.00   15.62 v _5346_/A1 (sky130_fd_sc_hd__a21o_1)
     1    0.00    0.03    0.15   15.77 v _5346_/X (sky130_fd_sc_hd__a21o_1)
                                         _1283_ (net)
                  0.03    0.00   15.77 v _5347_/A1 (sky130_fd_sc_hd__a21o_1)
     2    0.01    0.06    0.17   15.94 v _5347_/X (sky130_fd_sc_hd__a21o_1)
                                         _1284_ (net)
                  0.06    0.00   15.94 v _5349_/A2 (sky130_fd_sc_hd__a31oi_2)
     2    0.01    0.17    0.19   16.13 ^ _5349_/Y (sky130_fd_sc_hd__a31oi_2)
                                         _1286_ (net)
                  0.17    0.00   16.13 ^ _5350_/A (sky130_fd_sc_hd__nor2b_1)
     1    0.00    0.05    0.06   16.20 v _5350_/Y (sky130_fd_sc_hd__nor2b_1)
                                         _1287_ (net)
                  0.05    0.00   16.20 v _5351_/A1 (sky130_fd_sc_hd__o21ai_1)
     1    0.00    0.10    0.12   16.32 ^ _5351_/Y (sky130_fd_sc_hd__o21ai_1)
                                         _1288_ (net)
                  0.10    0.00   16.32 ^ _5352_/B (sky130_fd_sc_hd__nand2b_1)
     2    0.01    0.07    0.08   16.40 v _5352_/Y (sky130_fd_sc_hd__nand2b_1)
                                         _1289_ (net)
                  0.07    0.00   16.40 v _5353_/A1 (sky130_fd_sc_hd__a21o_1)
     1    0.00    0.03    0.16   16.56 v _5353_/X (sky130_fd_sc_hd__a21o_1)
                                         _1290_ (net)
                  0.03    0.00   16.56 v _5354_/A1 (sky130_fd_sc_hd__a21o_1)
     2    0.01    0.05    0.16   16.72 v _5354_/X (sky130_fd_sc_hd__a21o_1)
                                         _1291_ (net)
                  0.05    0.00   16.72 v _5355_/A1 (sky130_fd_sc_hd__a21oi_1)
     1    0.00    0.10    0.11   16.83 ^ _5355_/Y (sky130_fd_sc_hd__a21oi_1)
                                         _1292_ (net)
                  0.10    0.00   16.83 ^ _5356_/A1 (sky130_fd_sc_hd__o21bai_1)
     2    0.01    0.08    0.10   16.94 v _5356_/Y (sky130_fd_sc_hd__o21bai_1)
                                         _1293_ (net)
                  0.08    0.00   16.94 v _5394_/A1 (sky130_fd_sc_hd__a21o_1)
     1    0.00    0.04    0.17   17.11 v _5394_/X (sky130_fd_sc_hd__a21o_1)
                                         _1325_ (net)
                  0.04    0.00   17.11 v _5395_/A1 (sky130_fd_sc_hd__a21oi_2)
     2    0.01    0.15    0.16   17.26 ^ _5395_/Y (sky130_fd_sc_hd__a21oi_2)
                                         _1326_ (net)
                  0.15    0.00   17.26 ^ _5396_/B (sky130_fd_sc_hd__xor3_1)
     2    0.01    0.09    0.35   17.61 v _5396_/X (sky130_fd_sc_hd__xor3_1)
                                         _1327_ (net)
                  0.09    0.00   17.61 v _5397_/B1 (sky130_fd_sc_hd__a21oi_2)
     6    0.02    0.21    0.21   17.82 ^ _5397_/Y (sky130_fd_sc_hd__a21oi_2)
                                         _1328_ (net)
                  0.21    0.00   17.82 ^ _5399_/B (sky130_fd_sc_hd__or2_4)
     3    0.01    0.05    0.17   17.99 ^ _5399_/X (sky130_fd_sc_hd__or2_4)
                                         _1330_ (net)
                  0.05    0.00   17.99 ^ _5400_/A (sky130_fd_sc_hd__inv_2)
     1    0.01    0.02    0.04   18.02 v _5400_/Y (sky130_fd_sc_hd__inv_2)
                                         _3441_ (net)
                  0.02    0.00   18.02 v _6960_/B (sky130_fd_sc_hd__ha_4)
     1    0.00    0.03    0.25   18.27 ^ _6960_/SUM (sky130_fd_sc_hd__ha_4)
                                         _3443_ (net)
                  0.03    0.00   18.27 ^ _6306_/A2 (sky130_fd_sc_hd__o21ai_2)
     1    0.00    0.07    0.04   18.31 v _6306_/Y (sky130_fd_sc_hd__o21ai_2)
                                         _3474_ (net)
                  0.07    0.00   18.31 v _6970_/A (sky130_fd_sc_hd__ha_1)
     3    0.01    0.10    0.32   18.64 ^ _6970_/SUM (sky130_fd_sc_hd__ha_1)
                                         _3476_ (net)
                  0.10    0.00   18.64 ^ _5413_/A (sky130_fd_sc_hd__inv_1)
     1    0.00    0.03    0.04   18.68 v _5413_/Y (sky130_fd_sc_hd__inv_1)
                                         _1341_ (net)
                  0.03    0.00   18.68 v _5422_/A2 (sky130_fd_sc_hd__o21bai_1)
     1    0.00    0.14    0.13   18.81 ^ _5422_/Y (sky130_fd_sc_hd__o21bai_1)
                                         _1350_ (net)
                  0.14    0.00   18.81 ^ _5423_/A1 (sky130_fd_sc_hd__a21oi_2)
     3    0.01    0.06    0.09   18.90 v _5423_/Y (sky130_fd_sc_hd__a21oi_2)
                                         _1351_ (net)
                  0.06    0.00   18.90 v _5485_/A (sky130_fd_sc_hd__nor2_1)
     3    0.01    0.14    0.15   19.05 ^ _5485_/Y (sky130_fd_sc_hd__nor2_1)
                                         _1402_ (net)
                  0.14    0.00   19.05 ^ _5486_/A (sky130_fd_sc_hd__nand2_1)
     1    0.00    0.06    0.08   19.13 v _5486_/Y (sky130_fd_sc_hd__nand2_1)
                                         _1403_ (net)
                  0.06    0.00   19.13 v _5489_/A2 (sky130_fd_sc_hd__a211oi_2)
     2    0.00    0.16    0.22   19.34 ^ _5489_/Y (sky130_fd_sc_hd__a211oi_2)
                                         _1406_ (net)
                  0.16    0.00   19.34 ^ _5494_/D (sky130_fd_sc_hd__or4_1)
     2    0.01    0.08    0.15   19.50 ^ _5494_/X (sky130_fd_sc_hd__or4_1)
                                         _1411_ (net)
                  0.08    0.00   19.50 ^ _5500_/A (sky130_fd_sc_hd__nand3_2)
     3    0.01    0.10    0.08   19.58 v _5500_/Y (sky130_fd_sc_hd__nand3_2)
                                         _3732_ (net)
                  0.10    0.00   19.58 v _5600_/B (sky130_fd_sc_hd__or3_4)
     3    0.01    0.07    0.38   19.97 v _5600_/X (sky130_fd_sc_hd__or3_4)
                                         _1503_ (net)
                  0.07    0.00   19.97 v _5601_/B (sky130_fd_sc_hd__or4_4)
     4    0.01    0.09    0.53   20.50 v _5601_/X (sky130_fd_sc_hd__or4_4)
                                         _1504_ (net)
                  0.09    0.00   20.50 v _6103_/B1 (sky130_fd_sc_hd__a31o_1)
     1    0.00    0.04    0.20   20.69 v _6103_/X (sky130_fd_sc_hd__a31o_1)
                                         _3613_ (net)
                  0.04    0.00   20.69 v _7008_/B (sky130_fd_sc_hd__ha_1)
     1    0.00    0.05    0.26   20.95 v _7008_/SUM (sky130_fd_sc_hd__ha_1)
                                         _3615_ (net)
                  0.05    0.00   20.95 v _6104_/B (sky130_fd_sc_hd__nor2_1)
     1    0.00    0.08    0.08   21.03 ^ _6104_/Y (sky130_fd_sc_hd__nor2_1)
                                         _1800_ (net)
                  0.08    0.00   21.03 ^ _6105_/A (sky130_fd_sc_hd__nor2_1)
     1    0.00    0.06    0.05   21.08 v _6105_/Y (sky130_fd_sc_hd__nor2_1)
                                         _3616_ (net)
                  0.06    0.00   21.08 v _7009_/B (sky130_fd_sc_hd__ha_1)
     3    0.01    0.08    0.31   21.39 v _7009_/SUM (sky130_fd_sc_hd__ha_1)
                                         _3619_ (net)
                  0.08    0.00   21.39 v _6471_/A2 (sky130_fd_sc_hd__a21o_1)
     2    0.01    0.05    0.20   21.59 v _6471_/X (sky130_fd_sc_hd__a21o_1)
                                         _1998_ (net)
                  0.05    0.00   21.59 v _6472_/A1 (sky130_fd_sc_hd__a21o_1)
     1    0.00    0.04    0.16   21.75 v _6472_/X (sky130_fd_sc_hd__a21o_1)
                                         _1999_ (net)
                  0.04    0.00   21.75 v _6473_/A1 (sky130_fd_sc_hd__a21oi_2)
     2    0.01    0.13    0.14   21.89 ^ _6473_/Y (sky130_fd_sc_hd__a21oi_2)
                                         _2000_ (net)
                  0.13    0.00   21.89 ^ _6511_/A1 (sky130_fd_sc_hd__o21bai_1)
     1    0.00    0.05    0.08   21.98 v _6511_/Y (sky130_fd_sc_hd__o21bai_1)
                                         _2036_ (net)
                  0.05    0.00   21.98 v _6512_/A1 (sky130_fd_sc_hd__a21o_1)
     2    0.01    0.05    0.17   22.14 v _6512_/X (sky130_fd_sc_hd__a21o_1)
                                         _2037_ (net)
                  0.05    0.00   22.14 v _6513_/B (sky130_fd_sc_hd__xor2_1)
     3    0.01    0.07    0.16   22.30 v _6513_/X (sky130_fd_sc_hd__xor2_1)
                                         _2038_ (net)
                  0.07    0.00   22.30 v _6519_/C (sky130_fd_sc_hd__or4_1)
     1    0.00    0.10    0.49   22.79 v _6519_/X (sky130_fd_sc_hd__or4_1)
                                         _2043_ (net)
                  0.10    0.00   22.79 v _6520_/A1 (sky130_fd_sc_hd__o21ai_2)
     2    0.01    0.13    0.17   22.96 ^ _6520_/Y (sky130_fd_sc_hd__o21ai_2)
                                         _2044_ (net)
                  0.13    0.00   22.96 ^ _6533_/A (sky130_fd_sc_hd__nand2_1)
     1    0.00    0.06    0.08   23.04 v _6533_/Y (sky130_fd_sc_hd__nand2_1)
                                         _2055_ (net)
                  0.06    0.00   23.04 v _6534_/A (sky130_fd_sc_hd__xnor2_1)
     1    0.00    0.13    0.16   23.20 ^ _6534_/Y (sky130_fd_sc_hd__xnor2_1)
                                         _2056_ (net)
                  0.13    0.00   23.20 ^ _6546_/C (sky130_fd_sc_hd__xnor3_1)
     1    0.00    0.05    0.19   23.39 v _6546_/X (sky130_fd_sc_hd__xnor3_1)
                                         y_out[15] (net)
                  0.05    0.00   23.39 v y_out[15] (out)
                                 23.39   data arrival time

                  0.00    5.00    5.00   clock core_clock (rise edge)
                          0.00    5.00   clock network delay (ideal)
                          0.00    5.00   clock reconvergence pessimism
                         -0.20    4.80   output external delay
                                  4.80   data required time
-----------------------------------------------------------------------------
                                  4.80   data required time
                                -23.39   data arrival time
-----------------------------------------------------------------------------
                                -18.59   slack (VIOLATED)



==========================================================================
floorplan final report_power
--------------------------------------------------------------------------
Group                  Internal  Switching    Leakage      Total
                          Power      Power      Power      Power (Watts)
----------------------------------------------------------------
Sequential             0.00e+00   0.00e+00   0.00e+00   0.00e+00   0.0%
Combinational          5.07e+01   4.45e+01   1.19e-08   9.51e+01 100.0%
Clock                  0.00e+00   0.00e+00   0.00e+00   0.00e+00   0.0%
Macro                  0.00e+00   0.00e+00   0.00e+00   0.00e+00   0.0%
Pad                    0.00e+00   0.00e+00   0.00e+00   0.00e+00   0.0%
----------------------------------------------------------------
Total                  5.07e+01   4.45e+01   1.19e-08   9.51e+01 100.0%
                          53.3%      46.7%       0.0%
