
==========================================================================
cts final report_tns
--------------------------------------------------------------------------
tns 0.00

==========================================================================
cts final report_wns
--------------------------------------------------------------------------
wns 0.00

==========================================================================
cts final report_worst_slack
--------------------------------------------------------------------------
worst slack INF

==========================================================================
cts final report_clock_skew
--------------------------------------------------------------------------
Clock core_clock
No launch/capture paths found.


==========================================================================
cts final report_checks -path_delay min
--------------------------------------------------------------------------
No paths found.

==========================================================================
cts final report_checks -path_delay max
--------------------------------------------------------------------------
No paths found.

==========================================================================
cts final report_checks -unconstrained
--------------------------------------------------------------------------
Startpoint: dst_ack$_DFFE_PN0P_ (rising edge-triggered flip-flop)
Endpoint: dst_data_reg[24]$_DFFE_PN0P_ (rising edge-triggered flip-flop)
Path Group: unconstrained
Path Type: max

Fanout     Cap    Slew   Delay    Time   Description
-----------------------------------------------------------------------------
                  0.14    0.00    0.00 ^ dst_ack$_DFFE_PN0P_/CLK (sky130_fd_sc_hd__dfrtp_1)
     3    0.01    0.08    0.43    0.43 v dst_ack$_DFFE_PN0P_/Q (sky130_fd_sc_hd__dfrtp_1)
                                         dst_ack (net)
                  0.08    0.00    0.43 v _117_/A (sky130_fd_sc_hd__xnor2_1)
     2    0.01    0.08    0.16    0.60 v _117_/Y (sky130_fd_sc_hd__xnor2_1)
                                         _072_ (net)
                  0.08    0.00    0.60 v _118_/B (sky130_fd_sc_hd__nor2_2)
     5    0.03    0.34    0.29    0.89 ^ _118_/Y (sky130_fd_sc_hd__nor2_2)
                                         _073_ (net)
                  0.34    0.00    0.89 ^ _130_/A (sky130_fd_sc_hd__buf_6)
    10    0.05    0.12    0.22    1.11 ^ _130_/X (sky130_fd_sc_hd__buf_6)
                                         _075_ (net)
                  0.12    0.00    1.11 ^ _137_/S (sky130_fd_sc_hd__mux2_1)
     1    0.00    0.06    0.34    1.45 v _137_/X (sky130_fd_sc_hd__mux2_1)
                                         _049_ (net)
                  0.06    0.00    1.45 v dst_data_reg[24]$_DFFE_PN0P_/D (sky130_fd_sc_hd__dfrtp_1)
                                  1.45   data arrival time
-----------------------------------------------------------------------------
(Path is unconstrained)



==========================================================================
cts final report_check_types -max_slew -max_cap -max_fanout -violators
--------------------------------------------------------------------------

==========================================================================
cts final max_slew_check_slack
--------------------------------------------------------------------------
1.1591300964355469

==========================================================================
cts final max_slew_check_limit
--------------------------------------------------------------------------
1.4983880519866943

==========================================================================
cts final max_slew_check_slack_limit
--------------------------------------------------------------------------
0.7736

==========================================================================
cts final max_fanout_check_slack
--------------------------------------------------------------------------
1.0000000150474662e+30

==========================================================================
cts final max_fanout_check_limit
--------------------------------------------------------------------------
1.0000000150474662e+30

==========================================================================
cts final max_capacitance_check_slack
--------------------------------------------------------------------------
0.061157677322626114

==========================================================================
cts final max_capacitance_check_limit
--------------------------------------------------------------------------
0.0695900022983551

==========================================================================
cts final max_capacitance_check_slack_limit
--------------------------------------------------------------------------
0.8788

==========================================================================
cts final max_slew_violation_count
--------------------------------------------------------------------------
max slew violation count 0

==========================================================================
cts final max_fanout_violation_count
--------------------------------------------------------------------------
max fanout violation count 0

==========================================================================
cts final max_cap_violation_count
--------------------------------------------------------------------------
max cap violation count 0

==========================================================================
cts final setup_violation_count
--------------------------------------------------------------------------
setup violation count 0

==========================================================================
cts final hold_violation_count
--------------------------------------------------------------------------
hold violation count 0

==========================================================================
cts final report_checks -path_delay max reg to reg
--------------------------------------------------------------------------
No paths found.

==========================================================================
cts final report_checks -path_delay min reg to reg
--------------------------------------------------------------------------
No paths found.

==========================================================================
cts final critical path target clock latency max path
--------------------------------------------------------------------------
0

==========================================================================
cts final critical path target clock latency min path
--------------------------------------------------------------------------
0

==========================================================================
cts final critical path source clock latency min path
--------------------------------------------------------------------------
0

==========================================================================
cts final critical path delay
--------------------------------------------------------------------------
-1

==========================================================================
cts final critical path slack
--------------------------------------------------------------------------
0

==========================================================================
cts final slack div critical path delay
--------------------------------------------------------------------------
0.000000

==========================================================================
cts final report_power
--------------------------------------------------------------------------
Group                  Internal  Switching    Leakage      Total
                          Power      Power      Power      Power (Watts)
----------------------------------------------------------------
Sequential             2.45e-04   1.46e-04   8.27e-10   3.91e-04  58.8%
Combinational          1.50e-04   1.24e-04   4.38e-10   2.74e-04  41.2%
Clock                  0.00e+00   0.00e+00   0.00e+00   0.00e+00   0.0%
Macro                  0.00e+00   0.00e+00   0.00e+00   0.00e+00   0.0%
Pad                    0.00e+00   0.00e+00   0.00e+00   0.00e+00   0.0%
----------------------------------------------------------------
Total                  3.95e-04   2.70e-04   1.27e-09   6.66e-04 100.0%
                          59.4%      40.6%       0.0%
