
==========================================================================
cts final report_tns
--------------------------------------------------------------------------
tns 0.00

==========================================================================
cts final report_wns
--------------------------------------------------------------------------
wns 0.00

==========================================================================
cts final report_worst_slack
--------------------------------------------------------------------------
worst slack INF

==========================================================================
cts final report_clock_skew
--------------------------------------------------------------------------

==========================================================================
cts final report_checks -path_delay min
--------------------------------------------------------------------------
No paths found.

==========================================================================
cts final report_checks -path_delay max
--------------------------------------------------------------------------
No paths found.

==========================================================================
cts final report_checks -unconstrained
--------------------------------------------------------------------------
Startpoint: data_in[3] (input port)
Endpoint: data_out[6] (output port)
Path Group: unconstrained
Path Type: max

Fanout     Cap    Slew   Delay    Time   Description
-----------------------------------------------------------------------------
                          0.20    0.20 v input external delay
     1    0.00    0.00    0.00    0.20 v data_in[3] (in)
                                         data_in[3] (net)
                  0.00    0.00    0.20 v input3/A (sky130_fd_sc_hd__dlymetal6s2s_1)
     2    0.02    0.10    0.17    0.37 v input3/X (sky130_fd_sc_hd__dlymetal6s2s_1)
                                         net3 (net)
                  0.10    0.00    0.37 v _143_/A (sky130_fd_sc_hd__clkbuf_4)
    10    0.04    0.09    0.22    0.59 v _143_/X (sky130_fd_sc_hd__clkbuf_4)
                                         _068_ (net)
                  0.09    0.00    0.59 v _232_/A1 (sky130_fd_sc_hd__mux4_1)
     1    0.01    0.10    0.54    1.13 v _232_/X (sky130_fd_sc_hd__mux4_1)
                                         _032_ (net)
                  0.10    0.00    1.13 v _233_/B1 (sky130_fd_sc_hd__a211oi_1)
     1    0.01    0.27    0.29    1.41 ^ _233_/Y (sky130_fd_sc_hd__a211oi_1)
                                         _033_ (net)
                  0.27    0.00    1.41 ^ _236_/C1 (sky130_fd_sc_hd__a2111oi_2)
     1    0.01    0.09    0.10    1.51 v _236_/Y (sky130_fd_sc_hd__a2111oi_2)
                                         net15 (net)
                  0.09    0.00    1.51 v output15/A (sky130_fd_sc_hd__clkbuf_1)
     1    0.00    0.02    0.10    1.61 v output15/X (sky130_fd_sc_hd__clkbuf_1)
                                         data_out[6] (net)
                  0.02    0.00    1.61 v data_out[6] (out)
                                  1.61   data arrival time
-----------------------------------------------------------------------------
(Path is unconstrained)



==========================================================================
cts final report_check_types -max_slew -max_cap -max_fanout -violators
--------------------------------------------------------------------------

==========================================================================
cts final max_slew_check_slack
--------------------------------------------------------------------------
1.131856918334961

==========================================================================
cts final max_slew_check_limit
--------------------------------------------------------------------------
1.4971109628677368

==========================================================================
cts final max_slew_check_slack_limit
--------------------------------------------------------------------------
0.7560

==========================================================================
cts final max_fanout_check_slack
--------------------------------------------------------------------------
1.0000000150474662e+30

==========================================================================
cts final max_fanout_check_limit
--------------------------------------------------------------------------
1.0000000150474662e+30

==========================================================================
cts final max_capacitance_check_slack
--------------------------------------------------------------------------
0.040366463363170624

==========================================================================
cts final max_capacitance_check_limit
--------------------------------------------------------------------------
0.047616999596357346

==========================================================================
cts final max_capacitance_check_slack_limit
--------------------------------------------------------------------------
0.8477

==========================================================================
cts final max_slew_violation_count
--------------------------------------------------------------------------
max slew violation count 0

==========================================================================
cts final max_fanout_violation_count
--------------------------------------------------------------------------
max fanout violation count 0

==========================================================================
cts final max_cap_violation_count
--------------------------------------------------------------------------
max cap violation count 0

==========================================================================
cts final setup_violation_count
--------------------------------------------------------------------------
setup violation count 0

==========================================================================
cts final hold_violation_count
--------------------------------------------------------------------------
hold violation count 0

==========================================================================
cts final critical path delay
--------------------------------------------------------------------------
-1

==========================================================================
cts final critical path slack
--------------------------------------------------------------------------
0

==========================================================================
cts final slack div critical path delay
--------------------------------------------------------------------------
0.000000

==========================================================================
cts final report_power
--------------------------------------------------------------------------
Group                  Internal  Switching    Leakage      Total
                          Power      Power      Power      Power (Watts)
----------------------------------------------------------------
Sequential             0.00e+00   0.00e+00   0.00e+00   0.00e+00   0.0%
Combinational          2.53e-13   3.06e-13   4.47e-10   4.47e-10 100.0%
Clock                  0.00e+00   0.00e+00   0.00e+00   0.00e+00   0.0%
Macro                  0.00e+00   0.00e+00   0.00e+00   0.00e+00   0.0%
Pad                    0.00e+00   0.00e+00   0.00e+00   0.00e+00   0.0%
----------------------------------------------------------------
Total                  2.53e-13   3.06e-13   4.47e-10   4.47e-10 100.0%
                           0.1%       0.1%      99.9%
