
==========================================================================
finish report_tns
--------------------------------------------------------------------------
tns 0.00

==========================================================================
finish report_wns
--------------------------------------------------------------------------
wns 0.00

==========================================================================
finish report_worst_slack
--------------------------------------------------------------------------
worst slack INF

==========================================================================
finish report_clock_skew
--------------------------------------------------------------------------

==========================================================================
finish report_checks -path_delay min
--------------------------------------------------------------------------
No paths found.

==========================================================================
finish report_checks -path_delay max
--------------------------------------------------------------------------
No paths found.

==========================================================================
finish report_checks -unconstrained
--------------------------------------------------------------------------
Startpoint: data_in[3] (input port)
Endpoint: data_out[6] (output port)
Path Group: unconstrained
Path Type: max

Fanout     Cap    Slew   Delay    Time   Description
-----------------------------------------------------------------------------
                          0.20    0.20 v input external delay
     1    0.00    0.00    0.00    0.20 v data_in[3] (in)
                                         data_in[3] (net)
                  0.00    0.00    0.20 v input3/A (sky130_fd_sc_hd__dlymetal6s2s_1)
     2    0.01    0.09    0.16    0.36 v input3/X (sky130_fd_sc_hd__dlymetal6s2s_1)
                                         net3 (net)
                  0.09    0.00    0.36 v _143_/A (sky130_fd_sc_hd__clkbuf_4)
    10    0.04    0.10    0.22    0.58 v _143_/X (sky130_fd_sc_hd__clkbuf_4)
                                         _068_ (net)
                  0.10    0.00    0.58 v _232_/A1 (sky130_fd_sc_hd__mux4_1)
     1    0.01    0.10    0.54    1.12 v _232_/X (sky130_fd_sc_hd__mux4_1)
                                         _032_ (net)
                  0.10    0.00    1.13 v _233_/B1 (sky130_fd_sc_hd__a211oi_1)
     1    0.01    0.25    0.28    1.40 ^ _233_/Y (sky130_fd_sc_hd__a211oi_1)
                                         _033_ (net)
                  0.25    0.00    1.40 ^ _236_/C1 (sky130_fd_sc_hd__a2111oi_2)
     1    0.01    0.09    0.09    1.49 v _236_/Y (sky130_fd_sc_hd__a2111oi_2)
                                         net15 (net)
                  0.09    0.00    1.49 v output15/A (sky130_fd_sc_hd__clkbuf_1)
     1    0.00    0.01    0.09    1.59 v output15/X (sky130_fd_sc_hd__clkbuf_1)
                                         data_out[6] (net)
                  0.01    0.00    1.59 v data_out[6] (out)
                                  1.59   data arrival time
-----------------------------------------------------------------------------
(Path is unconstrained)



==========================================================================
finish report_check_types -max_slew -max_cap -max_fanout -violators
--------------------------------------------------------------------------

==========================================================================
finish max_slew_check_slack
--------------------------------------------------------------------------
1.1610064506530762

==========================================================================
finish max_slew_check_limit
--------------------------------------------------------------------------
1.4971109628677368

==========================================================================
finish max_slew_check_slack_limit
--------------------------------------------------------------------------
0.7755

==========================================================================
finish max_fanout_check_slack
--------------------------------------------------------------------------
1.0000000150474662e+30

==========================================================================
finish max_fanout_check_limit
--------------------------------------------------------------------------
1.0000000150474662e+30

==========================================================================
finish max_capacitance_check_slack
--------------------------------------------------------------------------
0.04060840234160423

==========================================================================
finish max_capacitance_check_limit
--------------------------------------------------------------------------
0.047616999596357346

==========================================================================
finish max_capacitance_check_slack_limit
--------------------------------------------------------------------------
0.8528

==========================================================================
finish max_slew_violation_count
--------------------------------------------------------------------------
max slew violation count 0

==========================================================================
finish max_fanout_violation_count
--------------------------------------------------------------------------
max fanout violation count 0

==========================================================================
finish max_cap_violation_count
--------------------------------------------------------------------------
max cap violation count 0

==========================================================================
finish setup_violation_count
--------------------------------------------------------------------------
setup violation count 0

==========================================================================
finish hold_violation_count
--------------------------------------------------------------------------
hold violation count 0

==========================================================================
finish critical path delay
--------------------------------------------------------------------------
-1

==========================================================================
finish critical path slack
--------------------------------------------------------------------------
0

==========================================================================
finish slack div critical path delay
--------------------------------------------------------------------------
0.000000

==========================================================================
finish report_power
--------------------------------------------------------------------------
Group                  Internal  Switching    Leakage      Total
                          Power      Power      Power      Power (Watts)
----------------------------------------------------------------
Sequential             0.00e+00   0.00e+00   0.00e+00   0.00e+00   0.0%
Combinational          2.53e-13   3.04e-13   4.47e-10   4.47e-10 100.0%
Clock                  0.00e+00   0.00e+00   0.00e+00   0.00e+00   0.0%
Macro                  0.00e+00   0.00e+00   0.00e+00   0.00e+00   0.0%
Pad                    0.00e+00   0.00e+00   0.00e+00   0.00e+00   0.0%
----------------------------------------------------------------
Total                  2.53e-13   3.04e-13   4.47e-10   4.47e-10 100.0%
                           0.1%       0.1%      99.9%
