
==========================================================================
finish report_tns
--------------------------------------------------------------------------
tns -1.03

==========================================================================
finish report_wns
--------------------------------------------------------------------------
wns -0.05

==========================================================================
finish report_worst_slack
--------------------------------------------------------------------------
worst slack -0.05

==========================================================================
finish report_clock_skew
--------------------------------------------------------------------------
Clock core_clock
   0.07 source latency dpath.b_reg.out[3]$_DFFE_PP_/CK ^
  -0.07 target latency dpath.b_reg.out[7]$_DFFE_PP_/CK ^
   0.00 CRPR
--------------
   0.00 setup skew


==========================================================================
finish report_checks -path_delay min
--------------------------------------------------------------------------
Startpoint: req_val (input port clocked by core_clock)
Endpoint: ctrl.state.out[0]$_DFF_P_
          (rising edge-triggered flip-flop clocked by core_clock)
Path Group: core_clock
Path Type: min

Fanout     Cap    Slew   Delay    Time   Description
-----------------------------------------------------------------------------
                          0.00    0.00   clock core_clock (rise edge)
                          0.00    0.00   clock network delay (propagated)
                          0.09    0.09 ^ input external delay
     1    1.42    0.00    0.00    0.09 ^ req_val (in)
                                         req_val (net)
                  0.00    0.00    0.09 ^ input33/A (BUF_X1)
     2    3.99    0.01    0.02    0.12 ^ input33/Z (BUF_X1)
                                         net33 (net)
                  0.01    0.00    0.12 ^ _521_/B2 (OAI21_X1)
     1    1.50    0.01    0.02    0.13 v _521_/ZN (OAI21_X1)
                                         _000_ (net)
                  0.01    0.00    0.13 v ctrl.state.out[0]$_DFF_P_/D (DFF_X1)
                                  0.13   data arrival time

                          0.00    0.00   clock core_clock (rise edge)
                          0.00    0.00   clock source latency
     1    3.83    0.00    0.00    0.00 ^ clk (in)
                                         clk (net)
                  0.00    0.00    0.00 ^ clkbuf_0_clk/A (CLKBUF_X3)
     4    9.62    0.01    0.03    0.03 ^ clkbuf_0_clk/Z (CLKBUF_X3)
                                         clknet_0_clk (net)
                  0.01    0.00    0.03 ^ clkbuf_2_0__f_clk/A (CLKBUF_X3)
    11   14.87    0.01    0.04    0.07 ^ clkbuf_2_0__f_clk/Z (CLKBUF_X3)
                                         clknet_2_0__leaf_clk (net)
                  0.01    0.00    0.07 ^ ctrl.state.out[0]$_DFF_P_/CK (DFF_X1)
                          0.00    0.07   clock reconvergence pessimism
                          0.00    0.08   library hold time
                                  0.08   data required time
-----------------------------------------------------------------------------
                                  0.08   data required time
                                 -0.13   data arrival time
-----------------------------------------------------------------------------
                                  0.06   slack (MET)



==========================================================================
finish report_checks -path_delay max
--------------------------------------------------------------------------
Startpoint: dpath.b_reg.out[3]$_DFFE_PP_
            (rising edge-triggered flip-flop clocked by core_clock)
Endpoint: resp_msg[7] (output port clocked by core_clock)
Path Group: core_clock
Path Type: max

Fanout     Cap    Slew   Delay    Time   Description
-----------------------------------------------------------------------------
                          0.00    0.00   clock core_clock (rise edge)
                          0.00    0.00   clock source latency
     1    3.83    0.00    0.00    0.00 ^ clk (in)
                                         clk (net)
                  0.00    0.00    0.00 ^ clkbuf_0_clk/A (CLKBUF_X3)
     4    9.62    0.01    0.03    0.03 ^ clkbuf_0_clk/Z (CLKBUF_X3)
                                         clknet_0_clk (net)
                  0.01    0.00    0.03 ^ clkbuf_2_2__f_clk/A (CLKBUF_X3)
     9   16.07    0.02    0.04    0.07 ^ clkbuf_2_2__f_clk/Z (CLKBUF_X3)
                                         clknet_2_2__leaf_clk (net)
                  0.02    0.00    0.07 ^ dpath.b_reg.out[3]$_DFFE_PP_/CK (DFF_X1)
     2    4.56    0.01    0.10    0.17 ^ dpath.b_reg.out[3]$_DFFE_PP_/Q (DFF_X1)
                                         dpath.a_lt_b$in1[3] (net)
                  0.01    0.00    0.17 ^ _496_/A (INV_X2)
     5   10.73    0.01    0.01    0.19 v _496_/ZN (INV_X2)
                                         _046_ (net)
                  0.01    0.00    0.19 v _531_/A1 (NAND2_X2)
     3   12.09    0.02    0.02    0.21 ^ _531_/ZN (NAND2_X2)
                                         _076_ (net)
                  0.02    0.00    0.21 ^ _534_/A2 (NAND2_X4)
     3   14.86    0.01    0.02    0.23 v _534_/ZN (NAND2_X4)
                                         _079_ (net)
                  0.01    0.00    0.23 v _679_/A2 (NOR2_X4)
     3   12.66    0.02    0.04    0.27 ^ _679_/ZN (NOR2_X4)
                                         _221_ (net)
                  0.02    0.00    0.27 ^ _680_/A (INV_X4)
     2    8.98    0.01    0.01    0.28 v _680_/ZN (INV_X4)
                                         _222_ (net)
                  0.01    0.00    0.28 v _683_/A2 (NOR2_X4)
     1    6.38    0.01    0.03    0.31 ^ _683_/ZN (NOR2_X4)
                                         _225_ (net)
                  0.01    0.00    0.31 ^ _684_/A2 (NAND2_X4)
     2    8.53    0.01    0.02    0.32 v _684_/ZN (NAND2_X4)
                                         _226_ (net)
                  0.01    0.00    0.32 v _692_/A1 (NAND2_X4)
     3    7.40    0.01    0.01    0.34 ^ _692_/ZN (NAND2_X4)
                                         _234_ (net)
                  0.01    0.00    0.34 ^ rebuffer38/A (BUF_X1)
     1    6.56    0.02    0.03    0.37 ^ rebuffer38/Z (BUF_X1)
                                         net91 (net)
                  0.02    0.00    0.37 ^ _854_/A1 (NAND2_X4)
     1    3.08    0.01    0.01    0.38 v _854_/ZN (NAND2_X4)
                                         _374_ (net)
                  0.01    0.00    0.38 v _856_/A1 (NAND2_X2)
     2    4.30    0.01    0.01    0.40 ^ _856_/ZN (NAND2_X2)
                                         net50 (net)
                  0.01    0.00    0.40 ^ output50/A (BUF_X1)
     1    1.79    0.01    0.02    0.42 ^ output50/Z (BUF_X1)
                                         resp_msg[7] (net)
                  0.01    0.00    0.42 ^ resp_msg[7] (out)
                                  0.42   data arrival time

                          0.46    0.46   clock core_clock (rise edge)
                          0.00    0.46   clock network delay (propagated)
                          0.00    0.46   clock reconvergence pessimism
                         -0.09    0.37   output external delay
                                  0.37   data required time
-----------------------------------------------------------------------------
                                  0.37   data required time
                                 -0.42   data arrival time
-----------------------------------------------------------------------------
                                 -0.05   slack (VIOLATED)



==========================================================================
finish report_checks -unconstrained
--------------------------------------------------------------------------
Startpoint: dpath.b_reg.out[3]$_DFFE_PP_
            (rising edge-triggered flip-flop clocked by core_clock)
Endpoint: resp_msg[7] (output port clocked by core_clock)
Path Group: core_clock
Path Type: max

Fanout     Cap    Slew   Delay    Time   Description
-----------------------------------------------------------------------------
                          0.00    0.00   clock core_clock (rise edge)
                          0.00    0.00   clock source latency
     1    3.83    0.00    0.00    0.00 ^ clk (in)
                                         clk (net)
                  0.00    0.00    0.00 ^ clkbuf_0_clk/A (CLKBUF_X3)
     4    9.62    0.01    0.03    0.03 ^ clkbuf_0_clk/Z (CLKBUF_X3)
                                         clknet_0_clk (net)
                  0.01    0.00    0.03 ^ clkbuf_2_2__f_clk/A (CLKBUF_X3)
     9   16.07    0.02    0.04    0.07 ^ clkbuf_2_2__f_clk/Z (CLKBUF_X3)
                                         clknet_2_2__leaf_clk (net)
                  0.02    0.00    0.07 ^ dpath.b_reg.out[3]$_DFFE_PP_/CK (DFF_X1)
     2    4.56    0.01    0.10    0.17 ^ dpath.b_reg.out[3]$_DFFE_PP_/Q (DFF_X1)
                                         dpath.a_lt_b$in1[3] (net)
                  0.01    0.00    0.17 ^ _496_/A (INV_X2)
     5   10.73    0.01    0.01    0.19 v _496_/ZN (INV_X2)
                                         _046_ (net)
                  0.01    0.00    0.19 v _531_/A1 (NAND2_X2)
     3   12.09    0.02    0.02    0.21 ^ _531_/ZN (NAND2_X2)
                                         _076_ (net)
                  0.02    0.00    0.21 ^ _534_/A2 (NAND2_X4)
     3   14.86    0.01    0.02    0.23 v _534_/ZN (NAND2_X4)
                                         _079_ (net)
                  0.01    0.00    0.23 v _679_/A2 (NOR2_X4)
     3   12.66    0.02    0.04    0.27 ^ _679_/ZN (NOR2_X4)
                                         _221_ (net)
                  0.02    0.00    0.27 ^ _680_/A (INV_X4)
     2    8.98    0.01    0.01    0.28 v _680_/ZN (INV_X4)
                                         _222_ (net)
                  0.01    0.00    0.28 v _683_/A2 (NOR2_X4)
     1    6.38    0.01    0.03    0.31 ^ _683_/ZN (NOR2_X4)
                                         _225_ (net)
                  0.01    0.00    0.31 ^ _684_/A2 (NAND2_X4)
     2    8.53    0.01    0.02    0.32 v _684_/ZN (NAND2_X4)
                                         _226_ (net)
                  0.01    0.00    0.32 v _692_/A1 (NAND2_X4)
     3    7.40    0.01    0.01    0.34 ^ _692_/ZN (NAND2_X4)
                                         _234_ (net)
                  0.01    0.00    0.34 ^ rebuffer38/A (BUF_X1)
     1    6.56    0.02    0.03    0.37 ^ rebuffer38/Z (BUF_X1)
                                         net91 (net)
                  0.02    0.00    0.37 ^ _854_/A1 (NAND2_X4)
     1    3.08    0.01    0.01    0.38 v _854_/ZN (NAND2_X4)
                                         _374_ (net)
                  0.01    0.00    0.38 v _856_/A1 (NAND2_X2)
     2    4.30    0.01    0.01    0.40 ^ _856_/ZN (NAND2_X2)
                                         net50 (net)
                  0.01    0.00    0.40 ^ output50/A (BUF_X1)
     1    1.79    0.01    0.02    0.42 ^ output50/Z (BUF_X1)
                                         resp_msg[7] (net)
                  0.01    0.00    0.42 ^ resp_msg[7] (out)
                                  0.42   data arrival time

                          0.46    0.46   clock core_clock (rise edge)
                          0.00    0.46   clock network delay (propagated)
                          0.00    0.46   clock reconvergence pessimism
                         -0.09    0.37   output external delay
                                  0.37   data required time
-----------------------------------------------------------------------------
                                  0.37   data required time
                                 -0.42   data arrival time
-----------------------------------------------------------------------------
                                 -0.05   slack (VIOLATED)



==========================================================================
finish report_check_types -max_slew -max_cap -max_fanout -violators
--------------------------------------------------------------------------

==========================================================================
finish max_slew_check_slack
--------------------------------------------------------------------------
0.15275034308433533

==========================================================================
finish max_slew_check_limit
--------------------------------------------------------------------------
0.1985349953174591

==========================================================================
finish max_slew_check_slack_limit
--------------------------------------------------------------------------
0.7694

==========================================================================
finish max_fanout_check_slack
--------------------------------------------------------------------------
1.0000000150474662e+30

==========================================================================
finish max_fanout_check_limit
--------------------------------------------------------------------------
1.0000000150474662e+30

==========================================================================
finish max_capacitance_check_slack
--------------------------------------------------------------------------
16.73334312438965

==========================================================================
finish max_capacitance_check_limit
--------------------------------------------------------------------------
20.904499053955078

==========================================================================
finish max_capacitance_check_slack_limit
--------------------------------------------------------------------------
0.8005

==========================================================================
finish max_slew_violation_count
--------------------------------------------------------------------------
max slew violation count 0

==========================================================================
finish max_fanout_violation_count
--------------------------------------------------------------------------
max fanout violation count 0

==========================================================================
finish max_cap_violation_count
--------------------------------------------------------------------------
max cap violation count 0

==========================================================================
finish setup_violation_count
--------------------------------------------------------------------------
setup violation count 44

==========================================================================
finish hold_violation_count
--------------------------------------------------------------------------
hold violation count 0

==========================================================================
finish report_checks -path_delay max reg to reg
--------------------------------------------------------------------------
Startpoint: dpath.a_reg.out[7]$_DFFE_PP_
            (rising edge-triggered flip-flop clocked by core_clock)
Endpoint: dpath.a_reg.out[7]$_DFFE_PP_
          (rising edge-triggered flip-flop clocked by core_clock)
Path Group: core_clock
Path Type: max

  Delay    Time   Description
---------------------------------------------------------
   0.00    0.00   clock core_clock (rise edge)
   0.00    0.00   clock source latency
   0.00    0.00 ^ clk (in)
   0.03    0.03 ^ clkbuf_0_clk/Z (CLKBUF_X3)
   0.04    0.07 ^ clkbuf_2_3__f_clk/Z (CLKBUF_X3)
   0.00    0.07 ^ dpath.a_reg.out[7]$_DFFE_PP_/CK (DFF_X1)
   0.09    0.16 v dpath.a_reg.out[7]$_DFFE_PP_/Q (DFF_X1)
   0.03    0.19 v rebuffer16/Z (BUF_X2)
   0.03    0.22 v rebuffer15/Z (BUF_X1)
   0.02    0.24 v rebuffer14/Z (BUF_X1)
   0.03    0.27 v rebuffer12/Z (BUF_X1)
   0.03    0.29 v rebuffer11/Z (BUF_X1)
   0.03    0.32 v rebuffer10/Z (BUF_X1)
   0.02    0.34 v rebuffer9/Z (BUF_X2)
   0.02    0.37 v rebuffer8/Z (BUF_X2)
   0.02    0.39 v rebuffer7/Z (BUF_X2)
   0.02    0.41 v rebuffer6/Z (BUF_X2)
   0.02    0.43 v rebuffer5/Z (BUF_X2)
   0.02    0.46 v rebuffer4/Z (BUF_X2)
   0.03    0.48 v _860_/ZN (AND2_X4)
   0.03    0.52 ^ _861_/ZN (AOI21_X4)
   0.01    0.53 v _862_/ZN (NAND2_X2)
   0.00    0.53 v dpath.a_reg.out[7]$_DFFE_PP_/D (DFF_X1)
           0.53   data arrival time

   0.46    0.46   clock core_clock (rise edge)
   0.00    0.46   clock source latency
   0.00    0.46 ^ clk (in)
   0.03    0.49 ^ clkbuf_0_clk/Z (CLKBUF_X3)
   0.04    0.53 ^ clkbuf_2_3__f_clk/Z (CLKBUF_X3)
   0.00    0.53 ^ dpath.a_reg.out[7]$_DFFE_PP_/CK (DFF_X1)
   0.00    0.53   clock reconvergence pessimism
  -0.03    0.50   library setup time
           0.50   data required time
---------------------------------------------------------
           0.50   data required time
          -0.53   data arrival time
---------------------------------------------------------
          -0.03   slack (VIOLATED)



==========================================================================
finish report_checks -path_delay min reg to reg
--------------------------------------------------------------------------
Startpoint: ctrl.state.out[1]$_DFF_P_
            (rising edge-triggered flip-flop clocked by core_clock)
Endpoint: ctrl.state.out[1]$_DFF_P_
          (rising edge-triggered flip-flop clocked by core_clock)
Path Group: core_clock
Path Type: min

  Delay    Time   Description
---------------------------------------------------------
   0.00    0.00   clock core_clock (rise edge)
   0.00    0.00   clock source latency
   0.00    0.00 ^ clk (in)
   0.03    0.03 ^ clkbuf_0_clk/Z (CLKBUF_X3)
   0.04    0.07 ^ clkbuf_2_0__f_clk/Z (CLKBUF_X3)
   0.00    0.07 ^ ctrl.state.out[1]$_DFF_P_/CK (DFF_X1)
   0.09    0.16 v ctrl.state.out[1]$_DFF_P_/Q (DFF_X1)
   0.02    0.18 ^ _522_/ZN (NAND2_X1)
   0.01    0.19 v _524_/ZN (OAI21_X1)
   0.00    0.19 v ctrl.state.out[1]$_DFF_P_/D (DFF_X1)
           0.19   data arrival time

   0.00    0.00   clock core_clock (rise edge)
   0.00    0.00   clock source latency
   0.00    0.00 ^ clk (in)
   0.03    0.03 ^ clkbuf_0_clk/Z (CLKBUF_X3)
   0.04    0.07 ^ clkbuf_2_0__f_clk/Z (CLKBUF_X3)
   0.00    0.07 ^ ctrl.state.out[1]$_DFF_P_/CK (DFF_X1)
   0.00    0.07   clock reconvergence pessimism
   0.00    0.08   library hold time
           0.08   data required time
---------------------------------------------------------
           0.08   data required time
          -0.19   data arrival time
---------------------------------------------------------
           0.11   slack (MET)



==========================================================================
finish critical path target clock latency max path
--------------------------------------------------------------------------
0.0725

==========================================================================
finish critical path target clock latency min path
--------------------------------------------------------------------------
0.0723

==========================================================================
finish critical path source clock latency min path
--------------------------------------------------------------------------
0.0000

==========================================================================
finish critical path delay
--------------------------------------------------------------------------
0.4214

==========================================================================
finish critical path slack
--------------------------------------------------------------------------
-0.0534

==========================================================================
finish slack div critical path delay
--------------------------------------------------------------------------
-12.672046

==========================================================================
finish report_power
--------------------------------------------------------------------------
Group                  Internal  Switching    Leakage      Total
                          Power      Power      Power      Power (Watts)
----------------------------------------------------------------
Sequential             4.81e-04   8.94e-05   2.80e-06   5.74e-04  17.6%
Combinational          1.13e-03   1.21e-03   2.03e-05   2.37e-03  72.4%
Clock                  1.43e-04   1.84e-04   2.50e-07   3.27e-04  10.0%
Macro                  0.00e+00   0.00e+00   0.00e+00   0.00e+00   0.0%
Pad                    0.00e+00   0.00e+00   0.00e+00   0.00e+00   0.0%
----------------------------------------------------------------
Total                  1.76e-03   1.48e-03   2.34e-05   3.27e-03 100.0%
                          53.8%      45.5%       0.7%
