
==========================================================================
resizer report_tns
--------------------------------------------------------------------------
tns 0.00

==========================================================================
resizer report_wns
--------------------------------------------------------------------------
wns 0.00

==========================================================================
resizer report_worst_slack
--------------------------------------------------------------------------
worst slack 3.84

==========================================================================
resizer report_checks -path_delay min
--------------------------------------------------------------------------
Startpoint: rst_n (input port clocked by core_clock)
Endpoint: grant[2]$_DFF_PN0_
          (removal check against rising-edge clock core_clock)
Path Group: asynchronous
Path Type: min

Fanout     Cap    Slew   Delay    Time   Description
-----------------------------------------------------------------------------
                  0.00    0.00    0.00   clock core_clock (rise edge)
                          0.00    0.00   clock network delay (ideal)
                          0.20    0.20 ^ input external delay
     1    0.00    0.00    0.00    0.20 ^ rst_n (in)
                                         rst_n (net)
                  0.00    0.00    0.20 ^ hold1/A (sky130_fd_sc_hd__dlymetal6s2s_1)
     4    0.02    0.19    0.18    0.38 ^ hold1/X (sky130_fd_sc_hd__dlymetal6s2s_1)
                                         net1 (net)
                  0.19    0.00    0.38 ^ grant[2]$_DFF_PN0_/RESET_B (sky130_fd_sc_hd__dfrtp_1)
                                  0.38   data arrival time

                  0.00    0.00    0.00   clock core_clock (rise edge)
                          0.00    0.00   clock network delay (ideal)
                          0.00    0.00   clock reconvergence pessimism
                                  0.00 ^ grant[2]$_DFF_PN0_/CLK (sky130_fd_sc_hd__dfrtp_1)
                          0.35    0.35   library removal time
                                  0.35   data required time
-----------------------------------------------------------------------------
                                  0.35   data required time
                                 -0.38   data arrival time
-----------------------------------------------------------------------------
                                  0.03   slack (MET)


Startpoint: request[2] (input port clocked by core_clock)
Endpoint: grant[2]$_DFF_PN0_
          (rising edge-triggered flip-flop clocked by core_clock)
Path Group: core_clock
Path Type: min

Fanout     Cap    Slew   Delay    Time   Description
-----------------------------------------------------------------------------
                  0.00    0.00    0.00   clock core_clock (rise edge)
                          0.00    0.00   clock network delay (ideal)
                          0.20    0.20 ^ input external delay
     1    0.01    0.00    0.00    0.20 ^ request[2] (in)
                                         request[2] (net)
                  0.00    0.00    0.20 ^ _6_/A (sky130_fd_sc_hd__clkbuf_1)
     1    0.00    0.05    0.07    0.27 ^ _6_/X (sky130_fd_sc_hd__clkbuf_1)
                                         _2_ (net)
                  0.05    0.00    0.27 ^ grant[2]$_DFF_PN0_/D (sky130_fd_sc_hd__dfrtp_1)
                                  0.27   data arrival time

                  0.00    0.00    0.00   clock core_clock (rise edge)
                          0.00    0.00   clock network delay (ideal)
                          0.00    0.00   clock reconvergence pessimism
                                  0.00 ^ grant[2]$_DFF_PN0_/CLK (sky130_fd_sc_hd__dfrtp_1)
                         -0.04   -0.04   library hold time
                                 -0.04   data required time
-----------------------------------------------------------------------------
                                 -0.04   data required time
                                 -0.27   data arrival time
-----------------------------------------------------------------------------
                                  0.31   slack (MET)



==========================================================================
resizer report_checks -path_delay max
--------------------------------------------------------------------------
Startpoint: rst_n (input port clocked by core_clock)
Endpoint: grant[0]$_DFF_PN0_
          (recovery check against rising-edge clock core_clock)
Path Group: asynchronous
Path Type: max

Fanout     Cap    Slew   Delay    Time   Description
-----------------------------------------------------------------------------
                  0.00    0.00    0.00   clock core_clock (rise edge)
                          0.00    0.00   clock network delay (ideal)
                          0.20    0.20 ^ input external delay
     1    0.00    0.00    0.00    0.20 ^ rst_n (in)
                                         rst_n (net)
                  0.00    0.00    0.20 ^ hold1/A (sky130_fd_sc_hd__dlymetal6s2s_1)
     4    0.02    0.19    0.18    0.38 ^ hold1/X (sky130_fd_sc_hd__dlymetal6s2s_1)
                                         net1 (net)
                  0.19    0.00    0.38 ^ grant[0]$_DFF_PN0_/RESET_B (sky130_fd_sc_hd__dfrtp_1)
                                  0.38   data arrival time

                  0.00    5.00    5.00   clock core_clock (rise edge)
                          0.00    5.00   clock network delay (ideal)
                          0.00    5.00   clock reconvergence pessimism
                                  5.00 ^ grant[0]$_DFF_PN0_/CLK (sky130_fd_sc_hd__dfrtp_1)
                          0.18    5.18   library recovery time
                                  5.18   data required time
-----------------------------------------------------------------------------
                                  5.18   data required time
                                 -0.38   data arrival time
-----------------------------------------------------------------------------
                                  4.80   slack (MET)


Startpoint: grant[1]$_DFF_PN0_
            (rising edge-triggered flip-flop clocked by core_clock)
Endpoint: active (output port clocked by core_clock)
Path Group: core_clock
Path Type: max

Fanout     Cap    Slew   Delay    Time   Description
-----------------------------------------------------------------------------
                  0.00    0.00    0.00   clock core_clock (rise edge)
                          0.00    0.00   clock network delay (ideal)
                  0.00    0.00    0.00 ^ grant[1]$_DFF_PN0_/CLK (sky130_fd_sc_hd__dfrtp_1)
     2    0.01    0.06    0.36    0.36 v grant[1]$_DFF_PN0_/Q (sky130_fd_sc_hd__dfrtp_1)
                                         net4 (net)
                  0.06    0.00    0.36 v _8_/A (sky130_fd_sc_hd__or4_1)
     1    0.00    0.08    0.51    0.87 v _8_/X (sky130_fd_sc_hd__or4_1)
                                         net2 (net)
                  0.08    0.00    0.87 v output1/A (sky130_fd_sc_hd__clkbuf_1)
     1    0.00    0.02    0.09    0.96 v output1/X (sky130_fd_sc_hd__clkbuf_1)
                                         active (net)
                  0.02    0.00    0.96 v active (out)
                                  0.96   data arrival time

                  0.00    5.00    5.00   clock core_clock (rise edge)
                          0.00    5.00   clock network delay (ideal)
                          0.00    5.00   clock reconvergence pessimism
                         -0.20    4.80   output external delay
                                  4.80   data required time
-----------------------------------------------------------------------------
                                  4.80   data required time
                                 -0.96   data arrival time
-----------------------------------------------------------------------------
                                  3.84   slack (MET)



==========================================================================
resizer report_checks -unconstrained
--------------------------------------------------------------------------
Startpoint: rst_n (input port clocked by core_clock)
Endpoint: grant[0]$_DFF_PN0_
          (recovery check against rising-edge clock core_clock)
Path Group: asynchronous
Path Type: max

Fanout     Cap    Slew   Delay    Time   Description
-----------------------------------------------------------------------------
                  0.00    0.00    0.00   clock core_clock (rise edge)
                          0.00    0.00   clock network delay (ideal)
                          0.20    0.20 ^ input external delay
     1    0.00    0.00    0.00    0.20 ^ rst_n (in)
                                         rst_n (net)
                  0.00    0.00    0.20 ^ hold1/A (sky130_fd_sc_hd__dlymetal6s2s_1)
     4    0.02    0.19    0.18    0.38 ^ hold1/X (sky130_fd_sc_hd__dlymetal6s2s_1)
                                         net1 (net)
                  0.19    0.00    0.38 ^ grant[0]$_DFF_PN0_/RESET_B (sky130_fd_sc_hd__dfrtp_1)
                                  0.38   data arrival time

                  0.00    5.00    5.00   clock core_clock (rise edge)
                          0.00    5.00   clock network delay (ideal)
                          0.00    5.00   clock reconvergence pessimism
                                  5.00 ^ grant[0]$_DFF_PN0_/CLK (sky130_fd_sc_hd__dfrtp_1)
                          0.18    5.18   library recovery time
                                  5.18   data required time
-----------------------------------------------------------------------------
                                  5.18   data required time
                                 -0.38   data arrival time
-----------------------------------------------------------------------------
                                  4.80   slack (MET)


Startpoint: grant[1]$_DFF_PN0_
            (rising edge-triggered flip-flop clocked by core_clock)
Endpoint: active (output port clocked by core_clock)
Path Group: core_clock
Path Type: max

Fanout     Cap    Slew   Delay    Time   Description
-----------------------------------------------------------------------------
                  0.00    0.00    0.00   clock core_clock (rise edge)
                          0.00    0.00   clock network delay (ideal)
                  0.00    0.00    0.00 ^ grant[1]$_DFF_PN0_/CLK (sky130_fd_sc_hd__dfrtp_1)
     2    0.01    0.06    0.36    0.36 v grant[1]$_DFF_PN0_/Q (sky130_fd_sc_hd__dfrtp_1)
                                         net4 (net)
                  0.06    0.00    0.36 v _8_/A (sky130_fd_sc_hd__or4_1)
     1    0.00    0.08    0.51    0.87 v _8_/X (sky130_fd_sc_hd__or4_1)
                                         net2 (net)
                  0.08    0.00    0.87 v output1/A (sky130_fd_sc_hd__clkbuf_1)
     1    0.00    0.02    0.09    0.96 v output1/X (sky130_fd_sc_hd__clkbuf_1)
                                         active (net)
                  0.02    0.00    0.96 v active (out)
                                  0.96   data arrival time

                  0.00    5.00    5.00   clock core_clock (rise edge)
                          0.00    5.00   clock network delay (ideal)
                          0.00    5.00   clock reconvergence pessimism
                         -0.20    4.80   output external delay
                                  4.80   data required time
-----------------------------------------------------------------------------
                                  4.80   data required time
                                 -0.96   data arrival time
-----------------------------------------------------------------------------
                                  3.84   slack (MET)



==========================================================================
resizer report_check_types -max_slew -max_cap -max_fanout -violators
--------------------------------------------------------------------------

==========================================================================
resizer max_slew_check_slack
--------------------------------------------------------------------------
1.3045716285705566

==========================================================================
resizer max_slew_check_limit
--------------------------------------------------------------------------
1.4975509643554688

==========================================================================
resizer max_slew_check_slack_limit
--------------------------------------------------------------------------
0.8711

==========================================================================
resizer max_fanout_check_slack
--------------------------------------------------------------------------
1.0000000150474662e+30

==========================================================================
resizer max_fanout_check_limit
--------------------------------------------------------------------------
1.0000000150474662e+30

==========================================================================
resizer max_capacitance_check_slack
--------------------------------------------------------------------------
0.12636902928352356

==========================================================================
resizer max_capacitance_check_limit
--------------------------------------------------------------------------
0.13001500070095062

==========================================================================
resizer max_capacitance_check_slack_limit
--------------------------------------------------------------------------
0.9720

==========================================================================
resizer max_slew_violation_count
--------------------------------------------------------------------------
max slew violation count 0

==========================================================================
resizer max_fanout_violation_count
--------------------------------------------------------------------------
max fanout violation count 0

==========================================================================
resizer max_cap_violation_count
--------------------------------------------------------------------------
max cap violation count 0

==========================================================================
resizer setup_violation_count
--------------------------------------------------------------------------
setup violation count 0

==========================================================================
resizer hold_violation_count
--------------------------------------------------------------------------
hold violation count 0

==========================================================================
resizer report_checks -path_delay max reg to reg
--------------------------------------------------------------------------
No paths found.

==========================================================================
resizer report_checks -path_delay min reg to reg
--------------------------------------------------------------------------
No paths found.

==========================================================================
resizer critical path target clock latency max path
--------------------------------------------------------------------------
0.0000

==========================================================================
resizer critical path target clock latency min path
--------------------------------------------------------------------------
0.0000

==========================================================================
resizer critical path source clock latency min path
--------------------------------------------------------------------------
0.0000

==========================================================================
resizer critical path delay
--------------------------------------------------------------------------
0.9607

==========================================================================
resizer critical path slack
--------------------------------------------------------------------------
3.8393

==========================================================================
resizer slack div critical path delay
--------------------------------------------------------------------------
399.635682

==========================================================================
resizer report_power
--------------------------------------------------------------------------
Group                  Internal  Switching    Leakage      Total
                          Power      Power      Power      Power (Watts)
----------------------------------------------------------------
Sequential             3.46e-05   8.83e-07   4.66e-11   3.55e-05  91.6%
Combinational          2.08e-06   1.17e-06   2.45e-11   3.25e-06   8.4%
Clock                  0.00e+00   0.00e+00   0.00e+00   0.00e+00   0.0%
Macro                  0.00e+00   0.00e+00   0.00e+00   0.00e+00   0.0%
Pad                    0.00e+00   0.00e+00   0.00e+00   0.00e+00   0.0%
----------------------------------------------------------------
Total                  3.67e-05   2.06e-06   7.11e-11   3.88e-05 100.0%
                          94.7%       5.3%       0.0%
