
==========================================================================
cts final report_tns
--------------------------------------------------------------------------
tns 0.00

==========================================================================
cts final report_wns
--------------------------------------------------------------------------
wns 0.00

==========================================================================
cts final report_worst_slack
--------------------------------------------------------------------------
worst slack 7.70

==========================================================================
cts final report_clock_skew
--------------------------------------------------------------------------
Clock core_clock
   0.28 source latency shift_reg[6]$_DFFE_PN0P_/CLK ^
  -0.28 target latency shift_reg[5]$_DFFE_PN0P_/CLK ^
   0.00 CRPR
--------------
   0.00 setup skew


==========================================================================
cts final report_checks -path_delay min
--------------------------------------------------------------------------
Startpoint: rst_n (input port clocked by core_clock)
Endpoint: shift_reg[0]$_DFFE_PN0P_
          (removal check against rising-edge clock core_clock)
Path Group: asynchronous
Path Type: min

Fanout     Cap    Slew   Delay    Time   Description
-----------------------------------------------------------------------------
                          0.00    0.00   clock core_clock (rise edge)
                          0.00    0.00   clock network delay (propagated)
                          0.20    0.20 ^ input external delay
     1    0.00    0.00    0.00    0.20 ^ rst_n (in)
                                         rst_n (net)
                  0.00    0.00    0.20 ^ hold2/I (gf180mcu_fd_sc_mcu9t5v0__dlyc_2)
     1    0.01    0.10    0.89    1.09 ^ hold2/Z (gf180mcu_fd_sc_mcu9t5v0__dlyc_2)
                                         net27 (net)
                  0.10    0.00    1.09 ^ hold1/I (gf180mcu_fd_sc_mcu9t5v0__buf_3)
     8    0.10    0.27    0.26    1.35 ^ hold1/Z (gf180mcu_fd_sc_mcu9t5v0__buf_3)
                                         net1 (net)
                  0.27    0.00    1.35 ^ shift_reg[0]$_DFFE_PN0P_/RN (gf180mcu_fd_sc_mcu9t5v0__dffrnq_2)
                                  1.35   data arrival time

                          0.00    0.00   clock core_clock (rise edge)
                          0.00    0.00   clock source latency
     1    0.02    0.00    0.00    0.00 ^ clk (in)
                                         clk (net)
                  0.00    0.00    0.00 ^ clkbuf_0_clk/I (gf180mcu_fd_sc_mcu9t5v0__clkbuf_3)
     2    0.03    0.09    0.13    0.13 ^ clkbuf_0_clk/Z (gf180mcu_fd_sc_mcu9t5v0__clkbuf_3)
                                         clknet_0_clk (net)
                  0.09    0.00    0.13 ^ clkbuf_1_1__f_clk/I (gf180mcu_fd_sc_mcu9t5v0__clkbuf_3)
     4    0.03    0.10    0.15    0.28 ^ clkbuf_1_1__f_clk/Z (gf180mcu_fd_sc_mcu9t5v0__clkbuf_3)
                                         clknet_1_1__leaf_clk (net)
                  0.10    0.00    0.28 ^ shift_reg[0]$_DFFE_PN0P_/CLK (gf180mcu_fd_sc_mcu9t5v0__dffrnq_2)
                          0.00    0.28   clock reconvergence pessimism
                          0.26    0.54   library removal time
                                  0.54   data required time
-----------------------------------------------------------------------------
                                  0.54   data required time
                                 -1.35   data arrival time
-----------------------------------------------------------------------------
                                  0.81   slack (MET)


Startpoint: load_seed (input port clocked by core_clock)
Endpoint: shift_reg[7]$_DFFE_PN0P_
          (rising edge-triggered flip-flop clocked by core_clock)
Path Group: core_clock
Path Type: min

Fanout     Cap    Slew   Delay    Time   Description
-----------------------------------------------------------------------------
                          0.00    0.00   clock core_clock (rise edge)
                          0.00    0.00   clock network delay (propagated)
                          0.20    0.20 ^ input external delay
     1    0.02    0.00    0.00    0.20 ^ load_seed (in)
                                         load_seed (net)
                  0.00    0.00    0.20 ^ _35_/I (gf180mcu_fd_sc_mcu9t5v0__buf_4)
    10    0.16    0.32    0.25    0.45 ^ _35_/Z (gf180mcu_fd_sc_mcu9t5v0__buf_4)
                                         _10_ (net)
                  0.32    0.00    0.45 ^ _65_/A1 (gf180mcu_fd_sc_mcu9t5v0__oai31_2)
     1    0.01    0.08    0.06    0.51 v _65_/ZN (gf180mcu_fd_sc_mcu9t5v0__oai31_2)
                                         _07_ (net)
                  0.08    0.00    0.51 v shift_reg[7]$_DFFE_PN0P_/D (gf180mcu_fd_sc_mcu9t5v0__dffrnq_2)
                                  0.51   data arrival time

                          0.00    0.00   clock core_clock (rise edge)
                          0.00    0.00   clock source latency
     1    0.02    0.00    0.00    0.00 ^ clk (in)
                                         clk (net)
                  0.00    0.00    0.00 ^ clkbuf_0_clk/I (gf180mcu_fd_sc_mcu9t5v0__clkbuf_3)
     2    0.03    0.09    0.13    0.13 ^ clkbuf_0_clk/Z (gf180mcu_fd_sc_mcu9t5v0__clkbuf_3)
                                         clknet_0_clk (net)
                  0.09    0.00    0.13 ^ clkbuf_1_1__f_clk/I (gf180mcu_fd_sc_mcu9t5v0__clkbuf_3)
     4    0.03    0.10    0.15    0.28 ^ clkbuf_1_1__f_clk/Z (gf180mcu_fd_sc_mcu9t5v0__clkbuf_3)
                                         clknet_1_1__leaf_clk (net)
                  0.10    0.00    0.28 ^ shift_reg[7]$_DFFE_PN0P_/CLK (gf180mcu_fd_sc_mcu9t5v0__dffrnq_2)
                          0.00    0.28   clock reconvergence pessimism
                          0.05    0.33   library hold time
                                  0.33   data required time
-----------------------------------------------------------------------------
                                  0.33   data required time
                                 -0.51   data arrival time
-----------------------------------------------------------------------------
                                  0.17   slack (MET)



==========================================================================
cts final report_checks -path_delay max
--------------------------------------------------------------------------
Startpoint: rst_n (input port clocked by core_clock)
Endpoint: shift_reg[2]$_DFFE_PN0P_
          (recovery check against rising-edge clock core_clock)
Path Group: asynchronous
Path Type: max

Fanout     Cap    Slew   Delay    Time   Description
-----------------------------------------------------------------------------
                          0.00    0.00   clock core_clock (rise edge)
                          0.00    0.00   clock network delay (propagated)
                          0.20    0.20 ^ input external delay
     1    0.00    0.00    0.00    0.20 ^ rst_n (in)
                                         rst_n (net)
                  0.00    0.00    0.20 ^ hold2/I (gf180mcu_fd_sc_mcu9t5v0__dlyc_2)
     1    0.01    0.10    0.89    1.09 ^ hold2/Z (gf180mcu_fd_sc_mcu9t5v0__dlyc_2)
                                         net27 (net)
                  0.10    0.00    1.09 ^ hold1/I (gf180mcu_fd_sc_mcu9t5v0__buf_3)
     8    0.10    0.27    0.26    1.35 ^ hold1/Z (gf180mcu_fd_sc_mcu9t5v0__buf_3)
                                         net1 (net)
                  0.27    0.00    1.35 ^ shift_reg[2]$_DFFE_PN0P_/RN (gf180mcu_fd_sc_mcu9t5v0__dffrnq_2)
                                  1.35   data arrival time

                         10.00   10.00   clock core_clock (rise edge)
                          0.00   10.00   clock source latency
     1    0.02    0.00    0.00   10.00 ^ clk (in)
                                         clk (net)
                  0.00    0.00   10.00 ^ clkbuf_0_clk/I (gf180mcu_fd_sc_mcu9t5v0__clkbuf_3)
     2    0.03    0.09    0.13   10.13 ^ clkbuf_0_clk/Z (gf180mcu_fd_sc_mcu9t5v0__clkbuf_3)
                                         clknet_0_clk (net)
                  0.09    0.00   10.13 ^ clkbuf_1_0__f_clk/I (gf180mcu_fd_sc_mcu9t5v0__clkbuf_3)
     4    0.03    0.09    0.15   10.28 ^ clkbuf_1_0__f_clk/Z (gf180mcu_fd_sc_mcu9t5v0__clkbuf_3)
                                         clknet_1_0__leaf_clk (net)
                  0.09    0.00   10.28 ^ shift_reg[2]$_DFFE_PN0P_/CLK (gf180mcu_fd_sc_mcu9t5v0__dffrnq_2)
                          0.00   10.28   clock reconvergence pessimism
                          0.09   10.37   library recovery time
                                 10.37   data required time
-----------------------------------------------------------------------------
                                 10.37   data required time
                                 -1.35   data arrival time
-----------------------------------------------------------------------------
                                  9.02   slack (MET)


Startpoint: shift_reg[0]$_DFFE_PN0P_
            (rising edge-triggered flip-flop clocked by core_clock)
Endpoint: parallel_out[0] (output port clocked by core_clock)
Path Group: core_clock
Path Type: max

Fanout     Cap    Slew   Delay    Time   Description
-----------------------------------------------------------------------------
                          0.00    0.00   clock core_clock (rise edge)
                          0.00    0.00   clock source latency
     1    0.02    0.00    0.00    0.00 ^ clk (in)
                                         clk (net)
                  0.00    0.00    0.00 ^ clkbuf_0_clk/I (gf180mcu_fd_sc_mcu9t5v0__clkbuf_3)
     2    0.03    0.09    0.13    0.13 ^ clkbuf_0_clk/Z (gf180mcu_fd_sc_mcu9t5v0__clkbuf_3)
                                         clknet_0_clk (net)
                  0.09    0.00    0.13 ^ clkbuf_1_1__f_clk/I (gf180mcu_fd_sc_mcu9t5v0__clkbuf_3)
     4    0.03    0.10    0.15    0.28 ^ clkbuf_1_1__f_clk/Z (gf180mcu_fd_sc_mcu9t5v0__clkbuf_3)
                                         clknet_1_1__leaf_clk (net)
                  0.10    0.00    0.28 ^ shift_reg[0]$_DFFE_PN0P_/CLK (gf180mcu_fd_sc_mcu9t5v0__dffrnq_2)
     4    0.02    0.09    0.40    0.68 v shift_reg[0]$_DFFE_PN0P_/Q (gf180mcu_fd_sc_mcu9t5v0__dffrnq_2)
                                         net26 (net)
                  0.09    0.00    0.68 v _66_/I (gf180mcu_fd_sc_mcu9t5v0__dlyb_2)
     1    0.00    0.15    0.70    1.39 v _66_/Z (gf180mcu_fd_sc_mcu9t5v0__dlyb_2)
                                         net18 (net)
                  0.15    0.00    1.39 v output17/I (gf180mcu_fd_sc_mcu9t5v0__dlyb_2)
     1    0.00    0.14    0.72    2.10 v output17/Z (gf180mcu_fd_sc_mcu9t5v0__dlyb_2)
                                         parallel_out[0] (net)
                  0.14    0.00    2.10 v parallel_out[0] (out)
                                  2.10   data arrival time

                         10.00   10.00   clock core_clock (rise edge)
                          0.00   10.00   clock network delay (propagated)
                          0.00   10.00   clock reconvergence pessimism
                         -0.20    9.80   output external delay
                                  9.80   data required time
-----------------------------------------------------------------------------
                                  9.80   data required time
                                 -2.10   data arrival time
-----------------------------------------------------------------------------
                                  7.70   slack (MET)



==========================================================================
cts final report_checks -unconstrained
--------------------------------------------------------------------------
Startpoint: rst_n (input port clocked by core_clock)
Endpoint: shift_reg[2]$_DFFE_PN0P_
          (recovery check against rising-edge clock core_clock)
Path Group: asynchronous
Path Type: max

Fanout     Cap    Slew   Delay    Time   Description
-----------------------------------------------------------------------------
                          0.00    0.00   clock core_clock (rise edge)
                          0.00    0.00   clock network delay (propagated)
                          0.20    0.20 ^ input external delay
     1    0.00    0.00    0.00    0.20 ^ rst_n (in)
                                         rst_n (net)
                  0.00    0.00    0.20 ^ hold2/I (gf180mcu_fd_sc_mcu9t5v0__dlyc_2)
     1    0.01    0.10    0.89    1.09 ^ hold2/Z (gf180mcu_fd_sc_mcu9t5v0__dlyc_2)
                                         net27 (net)
                  0.10    0.00    1.09 ^ hold1/I (gf180mcu_fd_sc_mcu9t5v0__buf_3)
     8    0.10    0.27    0.26    1.35 ^ hold1/Z (gf180mcu_fd_sc_mcu9t5v0__buf_3)
                                         net1 (net)
                  0.27    0.00    1.35 ^ shift_reg[2]$_DFFE_PN0P_/RN (gf180mcu_fd_sc_mcu9t5v0__dffrnq_2)
                                  1.35   data arrival time

                         10.00   10.00   clock core_clock (rise edge)
                          0.00   10.00   clock source latency
     1    0.02    0.00    0.00   10.00 ^ clk (in)
                                         clk (net)
                  0.00    0.00   10.00 ^ clkbuf_0_clk/I (gf180mcu_fd_sc_mcu9t5v0__clkbuf_3)
     2    0.03    0.09    0.13   10.13 ^ clkbuf_0_clk/Z (gf180mcu_fd_sc_mcu9t5v0__clkbuf_3)
                                         clknet_0_clk (net)
                  0.09    0.00   10.13 ^ clkbuf_1_0__f_clk/I (gf180mcu_fd_sc_mcu9t5v0__clkbuf_3)
     4    0.03    0.09    0.15   10.28 ^ clkbuf_1_0__f_clk/Z (gf180mcu_fd_sc_mcu9t5v0__clkbuf_3)
                                         clknet_1_0__leaf_clk (net)
                  0.09    0.00   10.28 ^ shift_reg[2]$_DFFE_PN0P_/CLK (gf180mcu_fd_sc_mcu9t5v0__dffrnq_2)
                          0.00   10.28   clock reconvergence pessimism
                          0.09   10.37   library recovery time
                                 10.37   data required time
-----------------------------------------------------------------------------
                                 10.37   data required time
                                 -1.35   data arrival time
-----------------------------------------------------------------------------
                                  9.02   slack (MET)


Startpoint: shift_reg[0]$_DFFE_PN0P_
            (rising edge-triggered flip-flop clocked by core_clock)
Endpoint: parallel_out[0] (output port clocked by core_clock)
Path Group: core_clock
Path Type: max

Fanout     Cap    Slew   Delay    Time   Description
-----------------------------------------------------------------------------
                          0.00    0.00   clock core_clock (rise edge)
                          0.00    0.00   clock source latency
     1    0.02    0.00    0.00    0.00 ^ clk (in)
                                         clk (net)
                  0.00    0.00    0.00 ^ clkbuf_0_clk/I (gf180mcu_fd_sc_mcu9t5v0__clkbuf_3)
     2    0.03    0.09    0.13    0.13 ^ clkbuf_0_clk/Z (gf180mcu_fd_sc_mcu9t5v0__clkbuf_3)
                                         clknet_0_clk (net)
                  0.09    0.00    0.13 ^ clkbuf_1_1__f_clk/I (gf180mcu_fd_sc_mcu9t5v0__clkbuf_3)
     4    0.03    0.10    0.15    0.28 ^ clkbuf_1_1__f_clk/Z (gf180mcu_fd_sc_mcu9t5v0__clkbuf_3)
                                         clknet_1_1__leaf_clk (net)
                  0.10    0.00    0.28 ^ shift_reg[0]$_DFFE_PN0P_/CLK (gf180mcu_fd_sc_mcu9t5v0__dffrnq_2)
     4    0.02    0.09    0.40    0.68 v shift_reg[0]$_DFFE_PN0P_/Q (gf180mcu_fd_sc_mcu9t5v0__dffrnq_2)
                                         net26 (net)
                  0.09    0.00    0.68 v _66_/I (gf180mcu_fd_sc_mcu9t5v0__dlyb_2)
     1    0.00    0.15    0.70    1.39 v _66_/Z (gf180mcu_fd_sc_mcu9t5v0__dlyb_2)
                                         net18 (net)
                  0.15    0.00    1.39 v output17/I (gf180mcu_fd_sc_mcu9t5v0__dlyb_2)
     1    0.00    0.14    0.72    2.10 v output17/Z (gf180mcu_fd_sc_mcu9t5v0__dlyb_2)
                                         parallel_out[0] (net)
                  0.14    0.00    2.10 v parallel_out[0] (out)
                                  2.10   data arrival time

                         10.00   10.00   clock core_clock (rise edge)
                          0.00   10.00   clock network delay (propagated)
                          0.00   10.00   clock reconvergence pessimism
                         -0.20    9.80   output external delay
                                  9.80   data required time
-----------------------------------------------------------------------------
                                  9.80   data required time
                                 -2.10   data arrival time
-----------------------------------------------------------------------------
                                  7.70   slack (MET)



==========================================================================
cts final report_check_types -max_slew -max_cap -max_fanout -violators
--------------------------------------------------------------------------

==========================================================================
cts final max_slew_check_slack
--------------------------------------------------------------------------
2.4760797023773193

==========================================================================
cts final max_slew_check_limit
--------------------------------------------------------------------------
2.799999952316284

==========================================================================
cts final max_slew_check_slack_limit
--------------------------------------------------------------------------
0.8843

==========================================================================
cts final max_fanout_check_slack
--------------------------------------------------------------------------
1.0000000150474662e+30

==========================================================================
cts final max_fanout_check_limit
--------------------------------------------------------------------------
1.0000000150474662e+30

==========================================================================
cts final max_capacitance_check_slack
--------------------------------------------------------------------------
0.2867200970649719

==========================================================================
cts final max_capacitance_check_limit
--------------------------------------------------------------------------
0.2919999957084656

==========================================================================
cts final max_capacitance_check_slack_limit
--------------------------------------------------------------------------
0.9819

==========================================================================
cts final max_slew_violation_count
--------------------------------------------------------------------------
max slew violation count 0

==========================================================================
cts final max_fanout_violation_count
--------------------------------------------------------------------------
max fanout violation count 0

==========================================================================
cts final max_cap_violation_count
--------------------------------------------------------------------------
max cap violation count 0

==========================================================================
cts final setup_violation_count
--------------------------------------------------------------------------
setup violation count 0

==========================================================================
cts final hold_violation_count
--------------------------------------------------------------------------
hold violation count 0

==========================================================================
cts final report_checks -path_delay max reg to reg
--------------------------------------------------------------------------
Startpoint: shift_reg[5]$_DFFE_PN0P_
            (rising edge-triggered flip-flop clocked by core_clock)
Endpoint: shift_reg[7]$_DFFE_PN0P_
          (rising edge-triggered flip-flop clocked by core_clock)
Path Group: core_clock
Path Type: max

  Delay    Time   Description
---------------------------------------------------------
   0.00    0.00   clock core_clock (rise edge)
   0.00    0.00   clock source latency
   0.00    0.00 ^ clk (in)
   0.13    0.13 ^ clkbuf_0_clk/Z (gf180mcu_fd_sc_mcu9t5v0__clkbuf_3)
   0.15    0.28 ^ clkbuf_1_0__f_clk/Z (gf180mcu_fd_sc_mcu9t5v0__clkbuf_3)
   0.00    0.28 ^ shift_reg[5]$_DFFE_PN0P_/CLK (gf180mcu_fd_sc_mcu9t5v0__dffrnq_2)
   0.48    0.76 ^ shift_reg[5]$_DFFE_PN0P_/Q (gf180mcu_fd_sc_mcu9t5v0__dffrnq_2)
   0.16    0.92 ^ _50_/Z (gf180mcu_fd_sc_mcu9t5v0__and2_2)
   0.28    1.20 v _52_/ZN (gf180mcu_fd_sc_mcu9t5v0__xnor2_2)
   0.66    1.86 ^ _55_/ZN (gf180mcu_fd_sc_mcu9t5v0__xnor3_2)
   0.30    2.16 v _62_/ZN (gf180mcu_fd_sc_mcu9t5v0__xnor2_2)
   0.16    2.31 ^ _65_/ZN (gf180mcu_fd_sc_mcu9t5v0__oai31_2)
   0.00    2.31 ^ shift_reg[7]$_DFFE_PN0P_/D (gf180mcu_fd_sc_mcu9t5v0__dffrnq_2)
           2.31   data arrival time

  10.00   10.00   clock core_clock (rise edge)
   0.00   10.00   clock source latency
   0.00   10.00 ^ clk (in)
   0.13   10.13 ^ clkbuf_0_clk/Z (gf180mcu_fd_sc_mcu9t5v0__clkbuf_3)
   0.15   10.28 ^ clkbuf_1_1__f_clk/Z (gf180mcu_fd_sc_mcu9t5v0__clkbuf_3)
   0.00   10.28 ^ shift_reg[7]$_DFFE_PN0P_/CLK (gf180mcu_fd_sc_mcu9t5v0__dffrnq_2)
   0.00   10.28   clock reconvergence pessimism
  -0.14   10.14   library setup time
          10.14   data required time
---------------------------------------------------------
          10.14   data required time
          -2.31   data arrival time
---------------------------------------------------------
           7.82   slack (MET)



==========================================================================
cts final report_checks -path_delay min reg to reg
--------------------------------------------------------------------------
Startpoint: shift_reg[7]$_DFFE_PN0P_
            (rising edge-triggered flip-flop clocked by core_clock)
Endpoint: shift_reg[7]$_DFFE_PN0P_
          (rising edge-triggered flip-flop clocked by core_clock)
Path Group: core_clock
Path Type: min

  Delay    Time   Description
---------------------------------------------------------
   0.00    0.00   clock core_clock (rise edge)
   0.00    0.00   clock source latency
   0.00    0.00 ^ clk (in)
   0.13    0.13 ^ clkbuf_0_clk/Z (gf180mcu_fd_sc_mcu9t5v0__clkbuf_3)
   0.15    0.28 ^ clkbuf_1_1__f_clk/Z (gf180mcu_fd_sc_mcu9t5v0__clkbuf_3)
   0.00    0.28 ^ shift_reg[7]$_DFFE_PN0P_/CLK (gf180mcu_fd_sc_mcu9t5v0__dffrnq_2)
   0.43    0.71 v shift_reg[7]$_DFFE_PN0P_/Q (gf180mcu_fd_sc_mcu9t5v0__dffrnq_2)
   0.15    0.85 ^ _64_/ZN (gf180mcu_fd_sc_mcu9t5v0__aoi22_2)
   0.07    0.92 v _65_/ZN (gf180mcu_fd_sc_mcu9t5v0__oai31_2)
   0.00    0.92 v shift_reg[7]$_DFFE_PN0P_/D (gf180mcu_fd_sc_mcu9t5v0__dffrnq_2)
           0.92   data arrival time

   0.00    0.00   clock core_clock (rise edge)
   0.00    0.00   clock source latency
   0.00    0.00 ^ clk (in)
   0.13    0.13 ^ clkbuf_0_clk/Z (gf180mcu_fd_sc_mcu9t5v0__clkbuf_3)
   0.15    0.28 ^ clkbuf_1_1__f_clk/Z (gf180mcu_fd_sc_mcu9t5v0__clkbuf_3)
   0.00    0.28 ^ shift_reg[7]$_DFFE_PN0P_/CLK (gf180mcu_fd_sc_mcu9t5v0__dffrnq_2)
   0.00    0.28   clock reconvergence pessimism
   0.05    0.33   library hold time
           0.33   data required time
---------------------------------------------------------
           0.33   data required time
          -0.92   data arrival time
---------------------------------------------------------
           0.59   slack (MET)



==========================================================================
cts final critical path target clock latency max path
--------------------------------------------------------------------------
0.2780

==========================================================================
cts final critical path target clock latency min path
--------------------------------------------------------------------------
0.2799

==========================================================================
cts final critical path source clock latency min path
--------------------------------------------------------------------------
0.0000

==========================================================================
cts final critical path delay
--------------------------------------------------------------------------
2.1019

==========================================================================
cts final critical path slack
--------------------------------------------------------------------------
7.6981

==========================================================================
cts final slack div critical path delay
--------------------------------------------------------------------------
366.244826

==========================================================================
cts final report_power
--------------------------------------------------------------------------
Group                  Internal  Switching    Leakage      Total
                          Power      Power      Power      Power (Watts)
----------------------------------------------------------------
Sequential             1.09e-03   1.17e-04   4.81e-09   1.20e-03  35.9%
Combinational          1.32e-03   2.57e-04   1.42e-08   1.58e-03  47.0%
Clock                  3.24e-04   2.48e-04   4.13e-09   5.72e-04  17.1%
Macro                  0.00e+00   0.00e+00   0.00e+00   0.00e+00   0.0%
Pad                    0.00e+00   0.00e+00   0.00e+00   0.00e+00   0.0%
----------------------------------------------------------------
Total                  2.73e-03   6.22e-04   2.32e-08   3.35e-03 100.0%
                          81.4%      18.6%       0.0%
