
==========================================================================
finish report_tns
--------------------------------------------------------------------------
tns 0.00

==========================================================================
finish report_wns
--------------------------------------------------------------------------
wns 0.00

==========================================================================
finish report_worst_slack
--------------------------------------------------------------------------
worst slack 7.49

==========================================================================
finish report_clock_skew
--------------------------------------------------------------------------
Clock core_clock
   0.27 source latency y[10]$_SDFFE_PP0P_/CLK ^
  -0.27 target latency y[10]$_SDFFE_PP0P_/CLK ^
   0.00 CRPR
--------------
   0.00 setup skew


==========================================================================
finish report_checks -path_delay min
--------------------------------------------------------------------------
Startpoint: reset (input port clocked by core_clock)
Endpoint: y[1]$_SDFFE_PP0P_
          (rising edge-triggered flip-flop clocked by core_clock)
Path Group: core_clock
Path Type: min

Fanout     Cap    Slew   Delay    Time   Description
-----------------------------------------------------------------------------
                          0.00    0.00   clock core_clock (rise edge)
                          0.00    0.00   clock network delay (propagated)
                          0.20    0.20 ^ input external delay
     1    0.02    0.00    0.00    0.20 ^ reset (in)
                                         reset (net)
                  0.00    0.00    0.20 ^ input2/I (gf180mcu_fd_sc_mcu9t5v0__buf_4)
     8    0.11    0.22    0.19    0.39 ^ input2/Z (gf180mcu_fd_sc_mcu9t5v0__buf_4)
                                         net2 (net)
                  0.22    0.00    0.39 ^ _137_/A1 (gf180mcu_fd_sc_mcu9t5v0__nor2_2)
     1    0.00    0.07    0.05    0.44 v _137_/ZN (gf180mcu_fd_sc_mcu9t5v0__nor2_2)
                                         _001_ (net)
                  0.07    0.00    0.44 v y[1]$_SDFFE_PP0P_/D (gf180mcu_fd_sc_mcu9t5v0__dffq_2)
                                  0.44   data arrival time

                          0.00    0.00   clock core_clock (rise edge)
                          0.00    0.00   clock source latency
     1    0.02    0.00    0.00    0.00 ^ clk (in)
                                         clk (net)
                  0.00    0.00    0.00 ^ clkbuf_0_clk/I (gf180mcu_fd_sc_mcu9t5v0__clkbuf_4)
     2    0.03    0.08    0.12    0.12 ^ clkbuf_0_clk/Z (gf180mcu_fd_sc_mcu9t5v0__clkbuf_4)
                                         clknet_0_clk (net)
                  0.08    0.00    0.12 ^ clkbuf_1_0__f_clk/I (gf180mcu_fd_sc_mcu9t5v0__clkbuf_4)
     5    0.04    0.09    0.14    0.27 ^ clkbuf_1_0__f_clk/Z (gf180mcu_fd_sc_mcu9t5v0__clkbuf_4)
                                         clknet_1_0__leaf_clk (net)
                  0.09    0.00    0.27 ^ y[1]$_SDFFE_PP0P_/CLK (gf180mcu_fd_sc_mcu9t5v0__dffq_2)
                          0.00    0.27   clock reconvergence pessimism
                          0.09    0.35   library hold time
                                  0.35   data required time
-----------------------------------------------------------------------------
                                  0.35   data required time
                                 -0.44   data arrival time
-----------------------------------------------------------------------------
                                  0.09   slack (MET)



==========================================================================
finish report_checks -path_delay max
--------------------------------------------------------------------------
Startpoint: x[4] (input port clocked by core_clock)
Endpoint: y[6]$_SDFFE_PP0P_
          (rising edge-triggered flip-flop clocked by core_clock)
Path Group: core_clock
Path Type: max

Fanout     Cap    Slew   Delay    Time   Description
-----------------------------------------------------------------------------
                          0.00    0.00   clock core_clock (rise edge)
                          0.00    0.00   clock network delay (propagated)
                          0.20    0.20 v input external delay
     1    0.00    0.00    0.00    0.20 v x[4] (in)
                                         x[4] (net)
                  0.00    0.00    0.20 v input13/I (gf180mcu_fd_sc_mcu9t5v0__dlyb_2)
     4    0.04    0.25    0.77    0.97 v input13/Z (gf180mcu_fd_sc_mcu9t5v0__dlyb_2)
                                         net13 (net)
                  0.25    0.00    0.97 v _117_/A3 (gf180mcu_fd_sc_mcu9t5v0__or3_2)
     4    0.04    0.17    0.36    1.34 v _117_/Z (gf180mcu_fd_sc_mcu9t5v0__or3_2)
                                         _056_ (net)
                  0.17    0.00    1.34 v _119_/A3 (gf180mcu_fd_sc_mcu9t5v0__or4_2)
     3    0.03    0.18    0.40    1.74 v _119_/Z (gf180mcu_fd_sc_mcu9t5v0__or4_2)
                                         _058_ (net)
                  0.18    0.00    1.74 v _162_/A2 (gf180mcu_fd_sc_mcu9t5v0__nor2_2)
     2    0.03    0.23    0.18    1.92 ^ _162_/ZN (gf180mcu_fd_sc_mcu9t5v0__nor2_2)
                                         _098_ (net)
                  0.23    0.00    1.92 ^ _163_/B (gf180mcu_fd_sc_mcu9t5v0__oai21_2)
     3    0.03    0.18    0.14    2.06 v _163_/ZN (gf180mcu_fd_sc_mcu9t5v0__oai21_2)
                                         _099_ (net)
                  0.18    0.00    2.06 v _178_/A1 (gf180mcu_fd_sc_mcu9t5v0__and3_2)
     4    0.06    0.16    0.26    2.33 v _178_/Z (gf180mcu_fd_sc_mcu9t5v0__and3_2)
                                         _013_ (net)
                  0.16    0.00    2.33 v _195_/A2 (gf180mcu_fd_sc_mcu9t5v0__aoi221_2)
     1    0.02    0.40    0.24    2.57 ^ _195_/ZN (gf180mcu_fd_sc_mcu9t5v0__aoi221_2)
                                         _029_ (net)
                  0.40    0.00    2.57 ^ _197_/A3 (gf180mcu_fd_sc_mcu9t5v0__oai31_2)
     1    0.01    0.19    0.09    2.66 v _197_/ZN (gf180mcu_fd_sc_mcu9t5v0__oai31_2)
                                         _005_ (net)
                  0.19    0.00    2.66 v y[6]$_SDFFE_PP0P_/D (gf180mcu_fd_sc_mcu9t5v0__dffq_2)
                                  2.66   data arrival time

                         10.00   10.00   clock core_clock (rise edge)
                          0.00   10.00   clock source latency
     1    0.02    0.00    0.00   10.00 ^ clk (in)
                                         clk (net)
                  0.00    0.00   10.00 ^ clkbuf_0_clk/I (gf180mcu_fd_sc_mcu9t5v0__clkbuf_4)
     2    0.03    0.08    0.12   10.12 ^ clkbuf_0_clk/Z (gf180mcu_fd_sc_mcu9t5v0__clkbuf_4)
                                         clknet_0_clk (net)
                  0.08    0.00   10.12 ^ clkbuf_1_1__f_clk/I (gf180mcu_fd_sc_mcu9t5v0__clkbuf_4)
     5    0.04    0.09    0.14   10.27 ^ clkbuf_1_1__f_clk/Z (gf180mcu_fd_sc_mcu9t5v0__clkbuf_4)
                                         clknet_1_1__leaf_clk (net)
                  0.09    0.00   10.27 ^ y[6]$_SDFFE_PP0P_/CLK (gf180mcu_fd_sc_mcu9t5v0__dffq_2)
                          0.00   10.27   clock reconvergence pessimism
                         -0.11   10.16   library setup time
                                 10.16   data required time
-----------------------------------------------------------------------------
                                 10.16   data required time
                                 -2.66   data arrival time
-----------------------------------------------------------------------------
                                  7.49   slack (MET)



==========================================================================
finish report_checks -unconstrained
--------------------------------------------------------------------------
Startpoint: x[4] (input port clocked by core_clock)
Endpoint: y[6]$_SDFFE_PP0P_
          (rising edge-triggered flip-flop clocked by core_clock)
Path Group: core_clock
Path Type: max

Fanout     Cap    Slew   Delay    Time   Description
-----------------------------------------------------------------------------
                          0.00    0.00   clock core_clock (rise edge)
                          0.00    0.00   clock network delay (propagated)
                          0.20    0.20 v input external delay
     1    0.00    0.00    0.00    0.20 v x[4] (in)
                                         x[4] (net)
                  0.00    0.00    0.20 v input13/I (gf180mcu_fd_sc_mcu9t5v0__dlyb_2)
     4    0.04    0.25    0.77    0.97 v input13/Z (gf180mcu_fd_sc_mcu9t5v0__dlyb_2)
                                         net13 (net)
                  0.25    0.00    0.97 v _117_/A3 (gf180mcu_fd_sc_mcu9t5v0__or3_2)
     4    0.04    0.17    0.36    1.34 v _117_/Z (gf180mcu_fd_sc_mcu9t5v0__or3_2)
                                         _056_ (net)
                  0.17    0.00    1.34 v _119_/A3 (gf180mcu_fd_sc_mcu9t5v0__or4_2)
     3    0.03    0.18    0.40    1.74 v _119_/Z (gf180mcu_fd_sc_mcu9t5v0__or4_2)
                                         _058_ (net)
                  0.18    0.00    1.74 v _162_/A2 (gf180mcu_fd_sc_mcu9t5v0__nor2_2)
     2    0.03    0.23    0.18    1.92 ^ _162_/ZN (gf180mcu_fd_sc_mcu9t5v0__nor2_2)
                                         _098_ (net)
                  0.23    0.00    1.92 ^ _163_/B (gf180mcu_fd_sc_mcu9t5v0__oai21_2)
     3    0.03    0.18    0.14    2.06 v _163_/ZN (gf180mcu_fd_sc_mcu9t5v0__oai21_2)
                                         _099_ (net)
                  0.18    0.00    2.06 v _178_/A1 (gf180mcu_fd_sc_mcu9t5v0__and3_2)
     4    0.06    0.16    0.26    2.33 v _178_/Z (gf180mcu_fd_sc_mcu9t5v0__and3_2)
                                         _013_ (net)
                  0.16    0.00    2.33 v _195_/A2 (gf180mcu_fd_sc_mcu9t5v0__aoi221_2)
     1    0.02    0.40    0.24    2.57 ^ _195_/ZN (gf180mcu_fd_sc_mcu9t5v0__aoi221_2)
                                         _029_ (net)
                  0.40    0.00    2.57 ^ _197_/A3 (gf180mcu_fd_sc_mcu9t5v0__oai31_2)
     1    0.01    0.19    0.09    2.66 v _197_/ZN (gf180mcu_fd_sc_mcu9t5v0__oai31_2)
                                         _005_ (net)
                  0.19    0.00    2.66 v y[6]$_SDFFE_PP0P_/D (gf180mcu_fd_sc_mcu9t5v0__dffq_2)
                                  2.66   data arrival time

                         10.00   10.00   clock core_clock (rise edge)
                          0.00   10.00   clock source latency
     1    0.02    0.00    0.00   10.00 ^ clk (in)
                                         clk (net)
                  0.00    0.00   10.00 ^ clkbuf_0_clk/I (gf180mcu_fd_sc_mcu9t5v0__clkbuf_4)
     2    0.03    0.08    0.12   10.12 ^ clkbuf_0_clk/Z (gf180mcu_fd_sc_mcu9t5v0__clkbuf_4)
                                         clknet_0_clk (net)
                  0.08    0.00   10.12 ^ clkbuf_1_1__f_clk/I (gf180mcu_fd_sc_mcu9t5v0__clkbuf_4)
     5    0.04    0.09    0.14   10.27 ^ clkbuf_1_1__f_clk/Z (gf180mcu_fd_sc_mcu9t5v0__clkbuf_4)
                                         clknet_1_1__leaf_clk (net)
                  0.09    0.00   10.27 ^ y[6]$_SDFFE_PP0P_/CLK (gf180mcu_fd_sc_mcu9t5v0__dffq_2)
                          0.00   10.27   clock reconvergence pessimism
                         -0.11   10.16   library setup time
                                 10.16   data required time
-----------------------------------------------------------------------------
                                 10.16   data required time
                                 -2.66   data arrival time
-----------------------------------------------------------------------------
                                  7.49   slack (MET)



==========================================================================
finish report_check_types -max_slew -max_cap -max_fanout -violators
--------------------------------------------------------------------------

==========================================================================
finish max_slew_check_slack
--------------------------------------------------------------------------
2.1440939903259277

==========================================================================
finish max_slew_check_limit
--------------------------------------------------------------------------
2.799999952316284

==========================================================================
finish max_slew_check_slack_limit
--------------------------------------------------------------------------
0.7657

==========================================================================
finish max_fanout_check_slack
--------------------------------------------------------------------------
1.0000000150474662e+30

==========================================================================
finish max_fanout_check_limit
--------------------------------------------------------------------------
1.0000000150474662e+30

==========================================================================
finish max_capacitance_check_slack
--------------------------------------------------------------------------
0.27168095111846924

==========================================================================
finish max_capacitance_check_limit
--------------------------------------------------------------------------
0.29190000891685486

==========================================================================
finish max_capacitance_check_slack_limit
--------------------------------------------------------------------------
0.9307

==========================================================================
finish max_slew_violation_count
--------------------------------------------------------------------------
max slew violation count 0

==========================================================================
finish max_fanout_violation_count
--------------------------------------------------------------------------
max fanout violation count 0

==========================================================================
finish max_cap_violation_count
--------------------------------------------------------------------------
max cap violation count 0

==========================================================================
finish setup_violation_count
--------------------------------------------------------------------------
setup violation count 0

==========================================================================
finish hold_violation_count
--------------------------------------------------------------------------
hold violation count 0

==========================================================================
finish report_checks -path_delay max reg to reg
--------------------------------------------------------------------------
Startpoint: y[8]$_SDFFE_PP0P_
            (rising edge-triggered flip-flop clocked by core_clock)
Endpoint: y[8]$_SDFFE_PP0P_
          (rising edge-triggered flip-flop clocked by core_clock)
Path Group: core_clock
Path Type: max

  Delay    Time   Description
---------------------------------------------------------
   0.00    0.00   clock core_clock (rise edge)
   0.00    0.00   clock source latency
   0.00    0.00 ^ clk (in)
   0.12    0.12 ^ clkbuf_0_clk/Z (gf180mcu_fd_sc_mcu9t5v0__clkbuf_4)
   0.14    0.27 ^ clkbuf_1_0__f_clk/Z (gf180mcu_fd_sc_mcu9t5v0__clkbuf_4)
   0.00    0.27 ^ y[8]$_SDFFE_PP0P_/CLK (gf180mcu_fd_sc_mcu9t5v0__dffq_2)
   0.38    0.64 ^ y[8]$_SDFFE_PP0P_/Q (gf180mcu_fd_sc_mcu9t5v0__dffq_2)
   0.08    0.72 v _211_/ZN (gf180mcu_fd_sc_mcu9t5v0__nor2_2)
   0.17    0.89 ^ _212_/ZN (gf180mcu_fd_sc_mcu9t5v0__aoi211_2)
   0.00    0.89 ^ y[8]$_SDFFE_PP0P_/D (gf180mcu_fd_sc_mcu9t5v0__dffq_2)
           0.89   data arrival time

  10.00   10.00   clock core_clock (rise edge)
   0.00   10.00   clock source latency
   0.00   10.00 ^ clk (in)
   0.12   10.12 ^ clkbuf_0_clk/Z (gf180mcu_fd_sc_mcu9t5v0__clkbuf_4)
   0.14   10.27 ^ clkbuf_1_0__f_clk/Z (gf180mcu_fd_sc_mcu9t5v0__clkbuf_4)
   0.00   10.27 ^ y[8]$_SDFFE_PP0P_/CLK (gf180mcu_fd_sc_mcu9t5v0__dffq_2)
   0.00   10.27   clock reconvergence pessimism
  -0.13   10.14   library setup time
          10.14   data required time
---------------------------------------------------------
          10.14   data required time
          -0.89   data arrival time
---------------------------------------------------------
           9.25   slack (MET)



==========================================================================
finish report_checks -path_delay min reg to reg
--------------------------------------------------------------------------
Startpoint: y[7]$_SDFFE_PP0P_
            (rising edge-triggered flip-flop clocked by core_clock)
Endpoint: y[7]$_SDFFE_PP0P_
          (rising edge-triggered flip-flop clocked by core_clock)
Path Group: core_clock
Path Type: min

  Delay    Time   Description
---------------------------------------------------------
   0.00    0.00   clock core_clock (rise edge)
   0.00    0.00   clock source latency
   0.00    0.00 ^ clk (in)
   0.12    0.12 ^ clkbuf_0_clk/Z (gf180mcu_fd_sc_mcu9t5v0__clkbuf_4)
   0.14    0.27 ^ clkbuf_1_1__f_clk/Z (gf180mcu_fd_sc_mcu9t5v0__clkbuf_4)
   0.00    0.27 ^ y[7]$_SDFFE_PP0P_/CLK (gf180mcu_fd_sc_mcu9t5v0__dffq_2)
   0.39    0.66 v y[7]$_SDFFE_PP0P_/Q (gf180mcu_fd_sc_mcu9t5v0__dffq_2)
   0.08    0.74 ^ _203_/ZN (gf180mcu_fd_sc_mcu9t5v0__nand2_2)
   0.06    0.79 v _204_/ZN (gf180mcu_fd_sc_mcu9t5v0__oai21_2)
   0.00    0.79 v y[7]$_SDFFE_PP0P_/D (gf180mcu_fd_sc_mcu9t5v0__dffq_2)
           0.79   data arrival time

   0.00    0.00   clock core_clock (rise edge)
   0.00    0.00   clock source latency
   0.00    0.00 ^ clk (in)
   0.12    0.12 ^ clkbuf_0_clk/Z (gf180mcu_fd_sc_mcu9t5v0__clkbuf_4)
   0.14    0.27 ^ clkbuf_1_1__f_clk/Z (gf180mcu_fd_sc_mcu9t5v0__clkbuf_4)
   0.00    0.27 ^ y[7]$_SDFFE_PP0P_/CLK (gf180mcu_fd_sc_mcu9t5v0__dffq_2)
   0.00    0.27   clock reconvergence pessimism
   0.09    0.35   library hold time
           0.35   data required time
---------------------------------------------------------
           0.35   data required time
          -0.79   data arrival time
---------------------------------------------------------
           0.44   slack (MET)



==========================================================================
finish critical path target clock latency max path
--------------------------------------------------------------------------
0.2663

==========================================================================
finish critical path target clock latency min path
--------------------------------------------------------------------------
0.2654

==========================================================================
finish critical path source clock latency min path
--------------------------------------------------------------------------
0.0000

==========================================================================
finish critical path delay
--------------------------------------------------------------------------
2.6619

==========================================================================
finish critical path slack
--------------------------------------------------------------------------
7.4935

==========================================================================
finish slack div critical path delay
--------------------------------------------------------------------------
281.509448

==========================================================================
finish report_power
--------------------------------------------------------------------------
Group                  Internal  Switching    Leakage      Total
                          Power      Power      Power      Power (Watts)
----------------------------------------------------------------
Sequential             7.93e-04   1.45e-05   5.34e-09   8.07e-04  33.0%
Combinational          4.87e-04   4.23e-04   2.96e-08   9.10e-04  37.3%
Clock                  4.22e-04   3.03e-04   3.62e-08   7.25e-04  29.7%
Macro                  0.00e+00   0.00e+00   0.00e+00   0.00e+00   0.0%
Pad                    0.00e+00   0.00e+00   0.00e+00   0.00e+00   0.0%
----------------------------------------------------------------
Total                  1.70e-03   7.41e-04   7.12e-08   2.44e-03 100.0%
                          69.7%      30.3%       0.0%
