
==========================================================================
cts final report_tns
--------------------------------------------------------------------------
tns 0.00

==========================================================================
cts final report_wns
--------------------------------------------------------------------------
wns 0.00

==========================================================================
cts final report_worst_slack
--------------------------------------------------------------------------
worst slack 0.55

==========================================================================
cts final report_clock_skew
--------------------------------------------------------------------------
Clock core_clock
No launch/capture paths found.


==========================================================================
cts final report_checks -path_delay min
--------------------------------------------------------------------------
Startpoint: s_tstrb[1] (input port clocked by core_clock)
Endpoint: m_tstrb[1] (output port clocked by core_clock)
Path Group: core_clock
Path Type: min

Fanout     Cap    Slew   Delay    Time   Description
-----------------------------------------------------------------------------
                          0.00    0.00   clock core_clock (rise edge)
                          0.00    0.00   clock network delay (propagated)
                          0.20    0.20 ^ input external delay
     1    2.92    0.00    0.00    0.20 ^ s_tstrb[1] (in)
                                         s_tstrb[1] (net)
                  0.00    0.00    0.20 ^ _40_/A (BUF_X1)
     1    1.00    0.01    0.02    0.22 ^ _40_/Z (BUF_X1)
                                         net41 (net)
                  0.01    0.00    0.22 ^ output41/A (BUF_X1)
     1    1.82    0.01    0.02    0.24 ^ output41/Z (BUF_X1)
                                         m_tstrb[1] (net)
                  0.01    0.00    0.24 ^ m_tstrb[1] (out)
                                  0.24   data arrival time

                          0.00    0.00   clock core_clock (rise edge)
                          0.00    0.00   clock network delay (propagated)
                          0.00    0.00   clock reconvergence pessimism
                         -0.20   -0.20   output external delay
                                 -0.20   data required time
-----------------------------------------------------------------------------
                                 -0.20   data required time
                                 -0.24   data arrival time
-----------------------------------------------------------------------------
                                  0.44   slack (MET)



==========================================================================
cts final report_checks -path_delay max
--------------------------------------------------------------------------
Startpoint: s_tdata[21] (input port clocked by core_clock)
Endpoint: m_tdata[21] (output port clocked by core_clock)
Path Group: core_clock
Path Type: max

Fanout     Cap    Slew   Delay    Time   Description
-----------------------------------------------------------------------------
                          0.00    0.00   clock core_clock (rise edge)
                          0.00    0.00   clock network delay (propagated)
                          0.20    0.20 v input external delay
     1    3.33    0.00    0.00    0.20 v s_tdata[21] (in)
                                         s_tdata[21] (net)
                  0.00    0.00    0.20 v _21_/A (BUF_X1)
     1    2.55    0.01    0.02    0.22 v _21_/Z (BUF_X1)
                                         net14 (net)
                  0.01    0.00    0.22 v output14/A (BUF_X1)
     1    2.07    0.01    0.03    0.25 v output14/Z (BUF_X1)
                                         m_tdata[21] (net)
                  0.01    0.00    0.25 v m_tdata[21] (out)
                                  0.25   data arrival time

                          1.00    1.00   clock core_clock (rise edge)
                          0.00    1.00   clock network delay (propagated)
                          0.00    1.00   clock reconvergence pessimism
                         -0.20    0.80   output external delay
                                  0.80   data required time
-----------------------------------------------------------------------------
                                  0.80   data required time
                                 -0.25   data arrival time
-----------------------------------------------------------------------------
                                  0.55   slack (MET)



==========================================================================
cts final report_checks -unconstrained
--------------------------------------------------------------------------
Startpoint: s_tdata[21] (input port clocked by core_clock)
Endpoint: m_tdata[21] (output port clocked by core_clock)
Path Group: core_clock
Path Type: max

Fanout     Cap    Slew   Delay    Time   Description
-----------------------------------------------------------------------------
                          0.00    0.00   clock core_clock (rise edge)
                          0.00    0.00   clock network delay (propagated)
                          0.20    0.20 v input external delay
     1    3.33    0.00    0.00    0.20 v s_tdata[21] (in)
                                         s_tdata[21] (net)
                  0.00    0.00    0.20 v _21_/A (BUF_X1)
     1    2.55    0.01    0.02    0.22 v _21_/Z (BUF_X1)
                                         net14 (net)
                  0.01    0.00    0.22 v output14/A (BUF_X1)
     1    2.07    0.01    0.03    0.25 v output14/Z (BUF_X1)
                                         m_tdata[21] (net)
                  0.01    0.00    0.25 v m_tdata[21] (out)
                                  0.25   data arrival time

                          1.00    1.00   clock core_clock (rise edge)
                          0.00    1.00   clock network delay (propagated)
                          0.00    1.00   clock reconvergence pessimism
                         -0.20    0.80   output external delay
                                  0.80   data required time
-----------------------------------------------------------------------------
                                  0.80   data required time
                                 -0.25   data arrival time
-----------------------------------------------------------------------------
                                  0.55   slack (MET)



==========================================================================
cts final report_check_types -max_slew -max_cap -max_fanout -violators
--------------------------------------------------------------------------

==========================================================================
cts final max_slew_check_slack
--------------------------------------------------------------------------
0.1896415650844574

==========================================================================
cts final max_slew_check_limit
--------------------------------------------------------------------------
0.1985349953174591

==========================================================================
cts final max_slew_check_slack_limit
--------------------------------------------------------------------------
0.9552

==========================================================================
cts final max_fanout_check_slack
--------------------------------------------------------------------------
1.0000000150474662e+30

==========================================================================
cts final max_fanout_check_limit
--------------------------------------------------------------------------
1.0000000150474662e+30

==========================================================================
cts final max_capacitance_check_slack
--------------------------------------------------------------------------
57.99995803833008

==========================================================================
cts final max_capacitance_check_limit
--------------------------------------------------------------------------
60.65370559692383

==========================================================================
cts final max_capacitance_check_slack_limit
--------------------------------------------------------------------------
0.9562

==========================================================================
cts final max_slew_violation_count
--------------------------------------------------------------------------
max slew violation count 0

==========================================================================
cts final max_fanout_violation_count
--------------------------------------------------------------------------
max fanout violation count 0

==========================================================================
cts final max_cap_violation_count
--------------------------------------------------------------------------
max cap violation count 0

==========================================================================
cts final setup_violation_count
--------------------------------------------------------------------------
setup violation count 0

==========================================================================
cts final hold_violation_count
--------------------------------------------------------------------------
hold violation count 0

==========================================================================
cts final critical path delay
--------------------------------------------------------------------------
0.2509

==========================================================================
cts final critical path slack
--------------------------------------------------------------------------
0.5491

==========================================================================
cts final slack div critical path delay
--------------------------------------------------------------------------
218.852132

==========================================================================
cts final report_power
--------------------------------------------------------------------------
Group                  Internal  Switching    Leakage      Total
                          Power      Power      Power      Power (Watts)
----------------------------------------------------------------
Sequential             0.00e+00   0.00e+00   0.00e+00   0.00e+00   0.0%
Combinational          2.07e-05   8.90e-06   1.97e-06   3.16e-05 100.0%
Clock                  0.00e+00   0.00e+00   0.00e+00   0.00e+00   0.0%
Macro                  0.00e+00   0.00e+00   0.00e+00   0.00e+00   0.0%
Pad                    0.00e+00   0.00e+00   0.00e+00   0.00e+00   0.0%
----------------------------------------------------------------
Total                  2.07e-05   8.90e-06   1.97e-06   3.16e-05 100.0%
                          65.6%      28.2%       6.2%
