
==========================================================================
global place report_tns
--------------------------------------------------------------------------
tns 0.00

==========================================================================
global place report_wns
--------------------------------------------------------------------------
wns 0.00

==========================================================================
global place report_worst_slack
--------------------------------------------------------------------------
worst slack 8.59

==========================================================================
global place report_checks -path_delay min
--------------------------------------------------------------------------
Startpoint: rst_n (input port clocked by core_clock)
Endpoint: lfsr_reg[0]$_DFFE_PN1P_
          (removal check against rising-edge clock core_clock)
Path Group: asynchronous
Path Type: min

Fanout     Cap    Slew   Delay    Time   Description
-----------------------------------------------------------------------------
                  0.00    0.00    0.00   clock core_clock (rise edge)
                          0.00    0.00   clock network delay (ideal)
                          0.20    0.20 ^ input external delay
     8    0.11    0.00    0.00    0.20 ^ rst_n (in)
                                         rst_n (net)
                  0.00    0.00    0.20 ^ lfsr_reg[0]$_DFFE_PN1P_/SETN (gf180mcu_fd_sc_mcu9t5v0__dffsnq_2)
                                  0.20   data arrival time

                  0.00    0.00    0.00   clock core_clock (rise edge)
                          0.00    0.00   clock network delay (ideal)
                          0.00    0.00   clock reconvergence pessimism
                                  0.00 ^ lfsr_reg[0]$_DFFE_PN1P_/CLK (gf180mcu_fd_sc_mcu9t5v0__dffsnq_2)
                          0.09    0.09   library removal time
                                  0.09   data required time
-----------------------------------------------------------------------------
                                  0.09   data required time
                                 -0.20   data arrival time
-----------------------------------------------------------------------------
                                  0.11   slack (MET)


Startpoint: enable (input port clocked by core_clock)
Endpoint: lfsr_reg[1]$_DFFE_PN1P_
          (rising edge-triggered flip-flop clocked by core_clock)
Path Group: core_clock
Path Type: min

Fanout     Cap    Slew   Delay    Time   Description
-----------------------------------------------------------------------------
                  0.00    0.00    0.00   clock core_clock (rise edge)
                          0.00    0.00   clock network delay (ideal)
                          0.20    0.20 v input external delay
     8    0.19    0.00    0.00    0.20 v enable (in)
                                         enable (net)
                  0.00    0.00    0.20 v _10_/S (gf180mcu_fd_sc_mcu9t5v0__mux2_2)
     1    0.00    0.07    0.15    0.35 v _10_/Z (gf180mcu_fd_sc_mcu9t5v0__mux2_2)
                                         _01_ (net)
                  0.07    0.00    0.35 v lfsr_reg[1]$_DFFE_PN1P_/D (gf180mcu_fd_sc_mcu9t5v0__dffsnq_2)
                                  0.35   data arrival time

                  0.00    0.00    0.00   clock core_clock (rise edge)
                          0.00    0.00   clock network delay (ideal)
                          0.00    0.00   clock reconvergence pessimism
                                  0.00 ^ lfsr_reg[1]$_DFFE_PN1P_/CLK (gf180mcu_fd_sc_mcu9t5v0__dffsnq_2)
                          0.01    0.01   library hold time
                                  0.01   data required time
-----------------------------------------------------------------------------
                                  0.01   data required time
                                 -0.35   data arrival time
-----------------------------------------------------------------------------
                                  0.35   slack (MET)



==========================================================================
global place report_checks -path_delay max
--------------------------------------------------------------------------
Startpoint: rst_n (input port clocked by core_clock)
Endpoint: lfsr_reg[5]$_DFFE_PN1P_
          (recovery check against rising-edge clock core_clock)
Path Group: asynchronous
Path Type: max

Fanout     Cap    Slew   Delay    Time   Description
-----------------------------------------------------------------------------
                  0.00    0.00    0.00   clock core_clock (rise edge)
                          0.00    0.00   clock network delay (ideal)
                          0.20    0.20 ^ input external delay
     8    0.11    0.00    0.00    0.20 ^ rst_n (in)
                                         rst_n (net)
                  0.00    0.00    0.20 ^ lfsr_reg[5]$_DFFE_PN1P_/SETN (gf180mcu_fd_sc_mcu9t5v0__dffsnq_2)
                                  0.20   data arrival time

                  0.00   10.00   10.00   clock core_clock (rise edge)
                          0.00   10.00   clock network delay (ideal)
                          0.00   10.00   clock reconvergence pessimism
                                 10.00 ^ lfsr_reg[5]$_DFFE_PN1P_/CLK (gf180mcu_fd_sc_mcu9t5v0__dffsnq_2)
                          0.01   10.01   library recovery time
                                 10.01   data required time
-----------------------------------------------------------------------------
                                 10.01   data required time
                                 -0.20   data arrival time
-----------------------------------------------------------------------------
                                  9.81   slack (MET)


Startpoint: lfsr_reg[5]$_DFFE_PN1P_
            (rising edge-triggered flip-flop clocked by core_clock)
Endpoint: lfsr_reg[7]$_DFFE_PN1P_
          (rising edge-triggered flip-flop clocked by core_clock)
Path Group: core_clock
Path Type: max

Fanout     Cap    Slew   Delay    Time   Description
-----------------------------------------------------------------------------
                  0.00    0.00    0.00   clock core_clock (rise edge)
                          0.00    0.00   clock network delay (ideal)
                  0.00    0.00    0.00 ^ lfsr_reg[5]$_DFFE_PN1P_/CLK (gf180mcu_fd_sc_mcu9t5v0__dffsnq_2)
     4    0.06    0.23    0.44    0.44 ^ lfsr_reg[5]$_DFFE_PN1P_/Q (gf180mcu_fd_sc_mcu9t5v0__dffsnq_2)
                                         lfsr_state[5] (net)
                  0.23    0.00    0.44 ^ _16_/A1 (gf180mcu_fd_sc_mcu9t5v0__xor3_2)
     1    0.01    0.08    0.62    1.06 v _16_/Z (gf180mcu_fd_sc_mcu9t5v0__xor3_2)
                                         _08_ (net)
                  0.08    0.00    1.06 v _17_/I1 (gf180mcu_fd_sc_mcu9t5v0__mux2_2)
     1    0.01    0.07    0.21    1.27 v _17_/Z (gf180mcu_fd_sc_mcu9t5v0__mux2_2)
                                         _07_ (net)
                  0.07    0.00    1.27 v lfsr_reg[7]$_DFFE_PN1P_/D (gf180mcu_fd_sc_mcu9t5v0__dffsnq_2)
                                  1.27   data arrival time

                  0.00   10.00   10.00   clock core_clock (rise edge)
                          0.00   10.00   clock network delay (ideal)
                          0.00   10.00   clock reconvergence pessimism
                                 10.00 ^ lfsr_reg[7]$_DFFE_PN1P_/CLK (gf180mcu_fd_sc_mcu9t5v0__dffsnq_2)
                         -0.15    9.85   library setup time
                                  9.85   data required time
-----------------------------------------------------------------------------
                                  9.85   data required time
                                 -1.27   data arrival time
-----------------------------------------------------------------------------
                                  8.59   slack (MET)



==========================================================================
global place report_checks -unconstrained
--------------------------------------------------------------------------
Startpoint: rst_n (input port clocked by core_clock)
Endpoint: lfsr_reg[5]$_DFFE_PN1P_
          (recovery check against rising-edge clock core_clock)
Path Group: asynchronous
Path Type: max

Fanout     Cap    Slew   Delay    Time   Description
-----------------------------------------------------------------------------
                  0.00    0.00    0.00   clock core_clock (rise edge)
                          0.00    0.00   clock network delay (ideal)
                          0.20    0.20 ^ input external delay
     8    0.11    0.00    0.00    0.20 ^ rst_n (in)
                                         rst_n (net)
                  0.00    0.00    0.20 ^ lfsr_reg[5]$_DFFE_PN1P_/SETN (gf180mcu_fd_sc_mcu9t5v0__dffsnq_2)
                                  0.20   data arrival time

                  0.00   10.00   10.00   clock core_clock (rise edge)
                          0.00   10.00   clock network delay (ideal)
                          0.00   10.00   clock reconvergence pessimism
                                 10.00 ^ lfsr_reg[5]$_DFFE_PN1P_/CLK (gf180mcu_fd_sc_mcu9t5v0__dffsnq_2)
                          0.01   10.01   library recovery time
                                 10.01   data required time
-----------------------------------------------------------------------------
                                 10.01   data required time
                                 -0.20   data arrival time
-----------------------------------------------------------------------------
                                  9.81   slack (MET)


Startpoint: lfsr_reg[5]$_DFFE_PN1P_
            (rising edge-triggered flip-flop clocked by core_clock)
Endpoint: lfsr_reg[7]$_DFFE_PN1P_
          (rising edge-triggered flip-flop clocked by core_clock)
Path Group: core_clock
Path Type: max

Fanout     Cap    Slew   Delay    Time   Description
-----------------------------------------------------------------------------
                  0.00    0.00    0.00   clock core_clock (rise edge)
                          0.00    0.00   clock network delay (ideal)
                  0.00    0.00    0.00 ^ lfsr_reg[5]$_DFFE_PN1P_/CLK (gf180mcu_fd_sc_mcu9t5v0__dffsnq_2)
     4    0.06    0.23    0.44    0.44 ^ lfsr_reg[5]$_DFFE_PN1P_/Q (gf180mcu_fd_sc_mcu9t5v0__dffsnq_2)
                                         lfsr_state[5] (net)
                  0.23    0.00    0.44 ^ _16_/A1 (gf180mcu_fd_sc_mcu9t5v0__xor3_2)
     1    0.01    0.08    0.62    1.06 v _16_/Z (gf180mcu_fd_sc_mcu9t5v0__xor3_2)
                                         _08_ (net)
                  0.08    0.00    1.06 v _17_/I1 (gf180mcu_fd_sc_mcu9t5v0__mux2_2)
     1    0.01    0.07    0.21    1.27 v _17_/Z (gf180mcu_fd_sc_mcu9t5v0__mux2_2)
                                         _07_ (net)
                  0.07    0.00    1.27 v lfsr_reg[7]$_DFFE_PN1P_/D (gf180mcu_fd_sc_mcu9t5v0__dffsnq_2)
                                  1.27   data arrival time

                  0.00   10.00   10.00   clock core_clock (rise edge)
                          0.00   10.00   clock network delay (ideal)
                          0.00   10.00   clock reconvergence pessimism
                                 10.00 ^ lfsr_reg[7]$_DFFE_PN1P_/CLK (gf180mcu_fd_sc_mcu9t5v0__dffsnq_2)
                         -0.15    9.85   library setup time
                                  9.85   data required time
-----------------------------------------------------------------------------
                                  9.85   data required time
                                 -1.27   data arrival time
-----------------------------------------------------------------------------
                                  8.59   slack (MET)



==========================================================================
global place report_power
--------------------------------------------------------------------------
Group                  Internal  Switching    Leakage      Total
                          Power      Power      Power      Power (Watts)
----------------------------------------------------------------
Sequential             7.91e-04   0.00e+00   5.01e-09   7.91e-04  97.4%
Combinational          2.07e-05   4.05e-07   3.10e-09   2.11e-05   2.6%
Clock                  0.00e+00   0.00e+00   2.81e-08   2.81e-08   0.0%
Macro                  0.00e+00   0.00e+00   0.00e+00   0.00e+00   0.0%
Pad                    0.00e+00   0.00e+00   0.00e+00   0.00e+00   0.0%
----------------------------------------------------------------
Total                  8.11e-04   4.05e-07   3.62e-08   8.12e-04 100.0%
                          99.9%       0.0%       0.0%
