
==========================================================================
global place report_tns
--------------------------------------------------------------------------
tns 0.00

==========================================================================
global place report_wns
--------------------------------------------------------------------------
wns 0.00

==========================================================================
global place report_worst_slack
--------------------------------------------------------------------------
worst slack 3.64

==========================================================================
global place report_checks -path_delay min
--------------------------------------------------------------------------
Startpoint: src_rst_n (input port clocked by core_clock)
Endpoint: src_req$_DFFE_PN0P_
          (removal check against rising-edge clock core_clock)
Path Group: asynchronous
Path Type: min

Fanout     Cap    Slew   Delay    Time   Description
-----------------------------------------------------------------------------
                  0.00    0.00    0.00   clock core_clock (rise edge)
                          0.00    0.00   clock network delay (ideal)
                          0.20    0.20 ^ input external delay
     1    0.02    0.00    0.00    0.20 ^ src_rst_n (in)
                                         src_rst_n (net)
                  0.00    0.00    0.20 ^ hold1/A (sky130_fd_sc_hd__buf_16)
    35    0.18    0.20    0.20    0.40 ^ hold1/X (sky130_fd_sc_hd__buf_16)
                                         net1 (net)
                  0.20    0.00    0.40 ^ src_req$_DFFE_PN0P_/RESET_B (sky130_fd_sc_hd__dfrtp_1)
                                  0.40   data arrival time

                  0.00    0.00    0.00   clock core_clock (rise edge)
                          0.00    0.00   clock network delay (ideal)
                          0.00    0.00   clock reconvergence pessimism
                                  0.00 ^ src_req$_DFFE_PN0P_/CLK (sky130_fd_sc_hd__dfrtp_1)
                          0.35    0.35   library removal time
                                  0.35   data required time
-----------------------------------------------------------------------------
                                  0.35   data required time
                                 -0.40   data arrival time
-----------------------------------------------------------------------------
                                  0.05   slack (MET)


Startpoint: src_valid (input port clocked by core_clock)
Endpoint: src_req$_DFFE_PN0P_
          (rising edge-triggered flip-flop clocked by core_clock)
Path Group: core_clock
Path Type: min

Fanout     Cap    Slew   Delay    Time   Description
-----------------------------------------------------------------------------
                  0.00    0.00    0.00   clock core_clock (rise edge)
                          0.00    0.00   clock network delay (ideal)
                          0.20    0.20 ^ input external delay
     3    0.01    0.00    0.00    0.20 ^ src_valid (in)
                                         src_valid (net)
                  0.00    0.00    0.20 ^ _154_/A1 (sky130_fd_sc_hd__a21oi_1)
     1    0.00    0.03    0.04    0.24 v _154_/Y (sky130_fd_sc_hd__a21oi_1)
                                         _066_ (net)
                  0.03    0.00    0.24 v src_req$_DFFE_PN0P_/D (sky130_fd_sc_hd__dfrtp_1)
                                  0.24   data arrival time

                  0.00    0.00    0.00   clock core_clock (rise edge)
                          0.00    0.00   clock network delay (ideal)
                          0.00    0.00   clock reconvergence pessimism
                                  0.00 ^ src_req$_DFFE_PN0P_/CLK (sky130_fd_sc_hd__dfrtp_1)
                         -0.05   -0.05   library hold time
                                 -0.05   data required time
-----------------------------------------------------------------------------
                                 -0.05   data required time
                                 -0.24   data arrival time
-----------------------------------------------------------------------------
                                  0.29   slack (MET)



==========================================================================
global place report_checks -path_delay max
--------------------------------------------------------------------------
Startpoint: src_rst_n (input port clocked by core_clock)
Endpoint: src_data_reg[20]$_DFFE_PN0P_
          (recovery check against rising-edge clock core_clock)
Path Group: asynchronous
Path Type: max

Fanout     Cap    Slew   Delay    Time   Description
-----------------------------------------------------------------------------
                  0.00    0.00    0.00   clock core_clock (rise edge)
                          0.00    0.00   clock network delay (ideal)
                          0.20    0.20 ^ input external delay
     1    0.02    0.00    0.00    0.20 ^ src_rst_n (in)
                                         src_rst_n (net)
                  0.00    0.00    0.20 ^ hold1/A (sky130_fd_sc_hd__buf_16)
    35    0.18    0.20    0.20    0.40 ^ hold1/X (sky130_fd_sc_hd__buf_16)
                                         net1 (net)
                  0.20    0.01    0.40 ^ src_data_reg[20]$_DFFE_PN0P_/RESET_B (sky130_fd_sc_hd__dfrtp_1)
                                  0.40   data arrival time

                  0.00    5.00    5.00   clock core_clock (rise edge)
                          0.00    5.00   clock network delay (ideal)
                          0.00    5.00   clock reconvergence pessimism
                                  5.00 ^ src_data_reg[20]$_DFFE_PN0P_/CLK (sky130_fd_sc_hd__dfrtp_1)
                          0.18    5.18   library recovery time
                                  5.18   data required time
-----------------------------------------------------------------------------
                                  5.18   data required time
                                 -0.40   data arrival time
-----------------------------------------------------------------------------
                                  4.77   slack (MET)


Startpoint: src_req$_DFFE_PN0P_
            (rising edge-triggered flip-flop clocked by core_clock)
Endpoint: src_data_reg[26]$_DFFE_PN0P_
          (rising edge-triggered flip-flop clocked by core_clock)
Path Group: core_clock
Path Type: max

Fanout     Cap    Slew   Delay    Time   Description
-----------------------------------------------------------------------------
                  0.00    0.00    0.00   clock core_clock (rise edge)
                          0.00    0.00   clock network delay (ideal)
                  0.00    0.00    0.00 ^ src_req$_DFFE_PN0P_/CLK (sky130_fd_sc_hd__dfrtp_1)
     3    0.01    0.09    0.39    0.39 v src_req$_DFFE_PN0P_/Q (sky130_fd_sc_hd__dfrtp_1)
                                         src_req (net)
                  0.09    0.00    0.39 v _080_/A (sky130_fd_sc_hd__xnor2_2)
     2    0.01    0.06    0.16    0.55 v _080_/Y (sky130_fd_sc_hd__xnor2_2)
                                         src_ready (net)
                  0.06    0.00    0.55 v _117_/B (sky130_fd_sc_hd__nand2_2)
     5    0.03    0.17    0.16    0.71 ^ _117_/Y (sky130_fd_sc_hd__nand2_2)
                                         _072_ (net)
                  0.17    0.00    0.71 ^ _129_/A (sky130_fd_sc_hd__buf_6)
    10    0.07    0.15    0.21    0.92 ^ _129_/X (sky130_fd_sc_hd__buf_6)
                                         _074_ (net)
                  0.15    0.00    0.92 ^ _138_/S (sky130_fd_sc_hd__mux2_4)
     1    0.00    0.05    0.31    1.23 v _138_/X (sky130_fd_sc_hd__mux2_4)
                                         _052_ (net)
                  0.05    0.00    1.23 v src_data_reg[26]$_DFFE_PN0P_/D (sky130_fd_sc_hd__dfrtp_1)
                                  1.23   data arrival time

                  0.00    5.00    5.00   clock core_clock (rise edge)
                          0.00    5.00   clock network delay (ideal)
                          0.00    5.00   clock reconvergence pessimism
                                  5.00 ^ src_data_reg[26]$_DFFE_PN0P_/CLK (sky130_fd_sc_hd__dfrtp_1)
                         -0.13    4.87   library setup time
                                  4.87   data required time
-----------------------------------------------------------------------------
                                  4.87   data required time
                                 -1.23   data arrival time
-----------------------------------------------------------------------------
                                  3.64   slack (MET)



==========================================================================
global place report_checks -unconstrained
--------------------------------------------------------------------------
Startpoint: src_rst_n (input port clocked by core_clock)
Endpoint: src_data_reg[20]$_DFFE_PN0P_
          (recovery check against rising-edge clock core_clock)
Path Group: asynchronous
Path Type: max

Fanout     Cap    Slew   Delay    Time   Description
-----------------------------------------------------------------------------
                  0.00    0.00    0.00   clock core_clock (rise edge)
                          0.00    0.00   clock network delay (ideal)
                          0.20    0.20 ^ input external delay
     1    0.02    0.00    0.00    0.20 ^ src_rst_n (in)
                                         src_rst_n (net)
                  0.00    0.00    0.20 ^ hold1/A (sky130_fd_sc_hd__buf_16)
    35    0.18    0.20    0.20    0.40 ^ hold1/X (sky130_fd_sc_hd__buf_16)
                                         net1 (net)
                  0.20    0.01    0.40 ^ src_data_reg[20]$_DFFE_PN0P_/RESET_B (sky130_fd_sc_hd__dfrtp_1)
                                  0.40   data arrival time

                  0.00    5.00    5.00   clock core_clock (rise edge)
                          0.00    5.00   clock network delay (ideal)
                          0.00    5.00   clock reconvergence pessimism
                                  5.00 ^ src_data_reg[20]$_DFFE_PN0P_/CLK (sky130_fd_sc_hd__dfrtp_1)
                          0.18    5.18   library recovery time
                                  5.18   data required time
-----------------------------------------------------------------------------
                                  5.18   data required time
                                 -0.40   data arrival time
-----------------------------------------------------------------------------
                                  4.77   slack (MET)


Startpoint: src_req$_DFFE_PN0P_
            (rising edge-triggered flip-flop clocked by core_clock)
Endpoint: src_data_reg[26]$_DFFE_PN0P_
          (rising edge-triggered flip-flop clocked by core_clock)
Path Group: core_clock
Path Type: max

Fanout     Cap    Slew   Delay    Time   Description
-----------------------------------------------------------------------------
                  0.00    0.00    0.00   clock core_clock (rise edge)
                          0.00    0.00   clock network delay (ideal)
                  0.00    0.00    0.00 ^ src_req$_DFFE_PN0P_/CLK (sky130_fd_sc_hd__dfrtp_1)
     3    0.01    0.09    0.39    0.39 v src_req$_DFFE_PN0P_/Q (sky130_fd_sc_hd__dfrtp_1)
                                         src_req (net)
                  0.09    0.00    0.39 v _080_/A (sky130_fd_sc_hd__xnor2_2)
     2    0.01    0.06    0.16    0.55 v _080_/Y (sky130_fd_sc_hd__xnor2_2)
                                         src_ready (net)
                  0.06    0.00    0.55 v _117_/B (sky130_fd_sc_hd__nand2_2)
     5    0.03    0.17    0.16    0.71 ^ _117_/Y (sky130_fd_sc_hd__nand2_2)
                                         _072_ (net)
                  0.17    0.00    0.71 ^ _129_/A (sky130_fd_sc_hd__buf_6)
    10    0.07    0.15    0.21    0.92 ^ _129_/X (sky130_fd_sc_hd__buf_6)
                                         _074_ (net)
                  0.15    0.00    0.92 ^ _138_/S (sky130_fd_sc_hd__mux2_4)
     1    0.00    0.05    0.31    1.23 v _138_/X (sky130_fd_sc_hd__mux2_4)
                                         _052_ (net)
                  0.05    0.00    1.23 v src_data_reg[26]$_DFFE_PN0P_/D (sky130_fd_sc_hd__dfrtp_1)
                                  1.23   data arrival time

                  0.00    5.00    5.00   clock core_clock (rise edge)
                          0.00    5.00   clock network delay (ideal)
                          0.00    5.00   clock reconvergence pessimism
                                  5.00 ^ src_data_reg[26]$_DFFE_PN0P_/CLK (sky130_fd_sc_hd__dfrtp_1)
                         -0.13    4.87   library setup time
                                  4.87   data required time
-----------------------------------------------------------------------------
                                  4.87   data required time
                                 -1.23   data arrival time
-----------------------------------------------------------------------------
                                  3.64   slack (MET)



==========================================================================
global place report_power
--------------------------------------------------------------------------
Group                  Internal  Switching    Leakage      Total
                          Power      Power      Power      Power (Watts)
----------------------------------------------------------------
Sequential             4.91e-04   9.08e-05   8.34e-10   5.82e-04  65.2%
Combinational          2.38e-04   7.25e-05   4.83e-10   3.11e-04  34.8%
Clock                  0.00e+00   0.00e+00   0.00e+00   0.00e+00   0.0%
Macro                  0.00e+00   0.00e+00   0.00e+00   0.00e+00   0.0%
Pad                    0.00e+00   0.00e+00   0.00e+00   0.00e+00   0.0%
----------------------------------------------------------------
Total                  7.29e-04   1.63e-04   1.32e-09   8.93e-04 100.0%
                          81.7%      18.3%       0.0%
