
==========================================================================
global route report_tns
--------------------------------------------------------------------------
tns 0.00

==========================================================================
global route report_wns
--------------------------------------------------------------------------
wns 0.00

==========================================================================
global route report_worst_slack
--------------------------------------------------------------------------
worst slack 0.22

==========================================================================
global route report_clock_skew
--------------------------------------------------------------------------
Clock core_clock
   0.13 source latency counters[137]$_SDFFE_PP0P_/CK ^
  -0.12 target latency counters[145]$_SDFFE_PP0P_/CK ^
   0.00 CRPR
--------------
   0.00 setup skew


==========================================================================
global route report_checks -path_delay min
--------------------------------------------------------------------------
Startpoint: counters[224]$_SDFFE_PP0P_
            (rising edge-triggered flip-flop clocked by core_clock)
Endpoint: counters[224]$_SDFFE_PP0P_
          (rising edge-triggered flip-flop clocked by core_clock)
Path Group: core_clock
Path Type: min

Fanout     Cap    Slew   Delay    Time   Description
-----------------------------------------------------------------------------
                          0.00    0.00   clock core_clock (rise edge)
                          0.00    0.00   clock source latency
     1    9.92    0.00    0.00    0.00 ^ clk (in)
                                         clk (net)
                  0.00    0.00    0.00 ^ clkbuf_0_clk/A (CLKBUF_X3)
     4   13.78    0.01    0.04    0.04 ^ clkbuf_0_clk/Z (CLKBUF_X3)
                                         clknet_0_clk (net)
                  0.01    0.00    0.04 ^ clkbuf_2_3__f_clk/A (CLKBUF_X3)
    10   24.17    0.02    0.05    0.08 ^ clkbuf_2_3__f_clk/Z (CLKBUF_X3)
                                         clknet_2_3__leaf_clk (net)
                  0.02    0.00    0.09 ^ clkbuf_leaf_22_clk/A (CLKBUF_X3)
     7    9.25    0.01    0.04    0.13 ^ clkbuf_leaf_22_clk/Z (CLKBUF_X3)
                                         clknet_leaf_22_clk (net)
                  0.01    0.00    0.13 ^ counters[224]$_SDFFE_PP0P_/CK (DFF_X2)
     1    2.02    0.01    0.08    0.20 ^ counters[224]$_SDFFE_PP0P_/QN (DFF_X2)
                                         _0012_ (net)
                  0.01    0.00    0.20 ^ _2726_/B2 (AOI21_X1)
     1    1.95    0.01    0.02    0.22 v _2726_/ZN (AOI21_X1)
                                         _0526_ (net)
                  0.01    0.00    0.22 v _2727_/A2 (NOR2_X1)
     1    1.38    0.01    0.03    0.24 ^ _2727_/ZN (NOR2_X1)
                                         _0154_ (net)
                  0.01    0.00    0.24 ^ counters[224]$_SDFFE_PP0P_/D (DFF_X2)
                                  0.24   data arrival time

                          0.00    0.00   clock core_clock (rise edge)
                          0.00    0.00   clock source latency
     1    9.92    0.00    0.00    0.00 ^ clk (in)
                                         clk (net)
                  0.00    0.00    0.00 ^ clkbuf_0_clk/A (CLKBUF_X3)
     4   13.78    0.01    0.04    0.04 ^ clkbuf_0_clk/Z (CLKBUF_X3)
                                         clknet_0_clk (net)
                  0.01    0.00    0.04 ^ clkbuf_2_3__f_clk/A (CLKBUF_X3)
    10   24.17    0.02    0.05    0.08 ^ clkbuf_2_3__f_clk/Z (CLKBUF_X3)
                                         clknet_2_3__leaf_clk (net)
                  0.02    0.00    0.09 ^ clkbuf_leaf_22_clk/A (CLKBUF_X3)
     7    9.25    0.01    0.04    0.13 ^ clkbuf_leaf_22_clk/Z (CLKBUF_X3)
                                         clknet_leaf_22_clk (net)
                  0.01    0.00    0.13 ^ counters[224]$_SDFFE_PP0P_/CK (DFF_X2)
                          0.00    0.13   clock reconvergence pessimism
                          0.01    0.14   library hold time
                                  0.14   data required time
-----------------------------------------------------------------------------
                                  0.14   data required time
                                 -0.24   data arrival time
-----------------------------------------------------------------------------
                                  0.11   slack (MET)



==========================================================================
global route report_checks -path_delay max
--------------------------------------------------------------------------
Startpoint: counter_sel[0] (input port clocked by core_clock)
Endpoint: count_value[28] (output port clocked by core_clock)
Path Group: core_clock
Path Type: max

Fanout     Cap    Slew   Delay    Time   Description
-----------------------------------------------------------------------------
                          0.00    0.00   clock core_clock (rise edge)
                          0.00    0.00   clock network delay (propagated)
                          0.20    0.20 ^ input external delay
     1    1.81    0.00    0.00    0.20 ^ counter_sel[0] (in)
                                         counter_sel[0] (net)
                  0.00    0.00    0.20 ^ _3321_/A (BUF_X1)
     5   10.51    0.03    0.04    0.24 ^ _3321_/Z (BUF_X1)
                                         _0995_ (net)
                  0.03    0.00    0.24 ^ _3568_/A (BUF_X2)
    10   20.06    0.02    0.05    0.29 ^ _3568_/Z (BUF_X2)
                                         _1222_ (net)
                  0.02    0.00    0.29 ^ _3569_/A1 (NAND2_X1)
     1    1.66    0.01    0.02    0.30 v _3569_/ZN (NAND2_X1)
                                         _1223_ (net)
                  0.01    0.00    0.30 v _3571_/B1 (OAI21_X1)
     1    6.00    0.04    0.05    0.35 ^ _3571_/ZN (OAI21_X1)
                                         _1225_ (net)
                  0.04    0.00    0.35 ^ _3576_/B1 (AOI221_X2)
     1    2.29    0.02    0.03    0.38 v _3576_/ZN (AOI221_X2)
                                         _1230_ (net)
                  0.02    0.00    0.38 v _3578_/A2 (OR3_X1)
     1    6.16    0.02    0.09    0.47 v _3578_/ZN (OR3_X1)
                                         _1232_ (net)
                  0.02    0.00    0.47 v _3581_/B2 (AOI221_X2)
     1    2.87    0.04    0.08    0.55 ^ _3581_/ZN (AOI221_X2)
                                         net284 (net)
                  0.04    0.00    0.55 ^ output284/A (BUF_X1)
     1    0.69    0.01    0.03    0.58 ^ output284/Z (BUF_X1)
                                         count_value[28] (net)
                  0.01    0.00    0.58 ^ count_value[28] (out)
                                  0.58   data arrival time

                          1.00    1.00   clock core_clock (rise edge)
                          0.00    1.00   clock network delay (propagated)
                          0.00    1.00   clock reconvergence pessimism
                         -0.20    0.80   output external delay
                                  0.80   data required time
-----------------------------------------------------------------------------
                                  0.80   data required time
                                 -0.58   data arrival time
-----------------------------------------------------------------------------
                                  0.22   slack (MET)



==========================================================================
global route report_checks -unconstrained
--------------------------------------------------------------------------
Startpoint: counter_sel[0] (input port clocked by core_clock)
Endpoint: count_value[28] (output port clocked by core_clock)
Path Group: core_clock
Path Type: max

Fanout     Cap    Slew   Delay    Time   Description
-----------------------------------------------------------------------------
                          0.00    0.00   clock core_clock (rise edge)
                          0.00    0.00   clock network delay (propagated)
                          0.20    0.20 ^ input external delay
     1    1.81    0.00    0.00    0.20 ^ counter_sel[0] (in)
                                         counter_sel[0] (net)
                  0.00    0.00    0.20 ^ _3321_/A (BUF_X1)
     5   10.51    0.03    0.04    0.24 ^ _3321_/Z (BUF_X1)
                                         _0995_ (net)
                  0.03    0.00    0.24 ^ _3568_/A (BUF_X2)
    10   20.06    0.02    0.05    0.29 ^ _3568_/Z (BUF_X2)
                                         _1222_ (net)
                  0.02    0.00    0.29 ^ _3569_/A1 (NAND2_X1)
     1    1.66    0.01    0.02    0.30 v _3569_/ZN (NAND2_X1)
                                         _1223_ (net)
                  0.01    0.00    0.30 v _3571_/B1 (OAI21_X1)
     1    6.00    0.04    0.05    0.35 ^ _3571_/ZN (OAI21_X1)
                                         _1225_ (net)
                  0.04    0.00    0.35 ^ _3576_/B1 (AOI221_X2)
     1    2.29    0.02    0.03    0.38 v _3576_/ZN (AOI221_X2)
                                         _1230_ (net)
                  0.02    0.00    0.38 v _3578_/A2 (OR3_X1)
     1    6.16    0.02    0.09    0.47 v _3578_/ZN (OR3_X1)
                                         _1232_ (net)
                  0.02    0.00    0.47 v _3581_/B2 (AOI221_X2)
     1    2.87    0.04    0.08    0.55 ^ _3581_/ZN (AOI221_X2)
                                         net284 (net)
                  0.04    0.00    0.55 ^ output284/A (BUF_X1)
     1    0.69    0.01    0.03    0.58 ^ output284/Z (BUF_X1)
                                         count_value[28] (net)
                  0.01    0.00    0.58 ^ count_value[28] (out)
                                  0.58   data arrival time

                          1.00    1.00   clock core_clock (rise edge)
                          0.00    1.00   clock network delay (propagated)
                          0.00    1.00   clock reconvergence pessimism
                         -0.20    0.80   output external delay
                                  0.80   data required time
-----------------------------------------------------------------------------
                                  0.80   data required time
                                 -0.58   data arrival time
-----------------------------------------------------------------------------
                                  0.22   slack (MET)



==========================================================================
global route report_check_types -max_slew -max_cap -max_fanout -violators
--------------------------------------------------------------------------

==========================================================================
global route max_slew_check_slack
--------------------------------------------------------------------------
0.11505739390850067

==========================================================================
global route max_slew_check_limit
--------------------------------------------------------------------------
0.1985349953174591

==========================================================================
global route max_slew_check_slack_limit
--------------------------------------------------------------------------
0.5795

==========================================================================
global route max_fanout_check_slack
--------------------------------------------------------------------------
1.0000000150474662e+30

==========================================================================
global route max_fanout_check_limit
--------------------------------------------------------------------------
1.0000000150474662e+30

==========================================================================
global route max_capacitance_check_slack
--------------------------------------------------------------------------
7.16383695602417

==========================================================================
global route max_capacitance_check_limit
--------------------------------------------------------------------------
10.47130012512207

==========================================================================
global route max_capacitance_check_slack_limit
--------------------------------------------------------------------------
0.6841

==========================================================================
global route max_slew_violation_count
--------------------------------------------------------------------------
max slew violation count 0

==========================================================================
global route max_fanout_violation_count
--------------------------------------------------------------------------
max fanout violation count 0

==========================================================================
global route max_cap_violation_count
--------------------------------------------------------------------------
max cap violation count 0

==========================================================================
global route setup_violation_count
--------------------------------------------------------------------------
setup violation count 0

==========================================================================
global route hold_violation_count
--------------------------------------------------------------------------
hold violation count 0

==========================================================================
global route report_checks -path_delay max reg to reg
--------------------------------------------------------------------------
Startpoint: counters[136]$_SDFFE_PP0P_
            (rising edge-triggered flip-flop clocked by core_clock)
Endpoint: counters[159]$_SDFFE_PP0P_
          (rising edge-triggered flip-flop clocked by core_clock)
Path Group: core_clock
Path Type: max

  Delay    Time   Description
---------------------------------------------------------
   0.00    0.00   clock core_clock (rise edge)
   0.00    0.00   clock source latency
   0.00    0.00 ^ clk (in)
   0.04    0.04 ^ clkbuf_0_clk/Z (CLKBUF_X3)
   0.05    0.09 ^ clkbuf_2_0__f_clk/Z (CLKBUF_X3)
   0.04    0.13 ^ clkbuf_leaf_34_clk/Z (CLKBUF_X3)
   0.00    0.13 ^ counters[136]$_SDFFE_PP0P_/CK (DFF_X1)
   0.10    0.22 ^ counters[136]$_SDFFE_PP0P_/Q (DFF_X1)
   0.04    0.26 ^ _2262_/Z (BUF_X1)
   0.07    0.33 ^ _2278_/ZN (AND4_X2)
   0.07    0.40 ^ _2307_/ZN (AND4_X1)
   0.03    0.43 ^ _2308_/Z (BUF_X4)
   0.04    0.47 v _2347_/ZN (NAND4_X4)
   0.09    0.56 ^ _2386_/ZN (NOR4_X1)
   0.06    0.62 v _2387_/Z (MUX2_X1)
   0.00    0.62 v counters[159]$_SDFFE_PP0P_/D (DFF_X1)
           0.62   data arrival time

   1.00    1.00   clock core_clock (rise edge)
   0.00    1.00   clock source latency
   0.00    1.00 ^ clk (in)
   0.04    1.04 ^ clkbuf_0_clk/Z (CLKBUF_X3)
   0.05    1.09 ^ clkbuf_2_1__f_clk/Z (CLKBUF_X3)
   0.04    1.13 ^ clkbuf_leaf_11_clk/Z (CLKBUF_X3)
   0.00    1.13 ^ counters[159]$_SDFFE_PP0P_/CK (DFF_X1)
   0.00    1.13   clock reconvergence pessimism
  -0.04    1.09   library setup time
           1.09   data required time
---------------------------------------------------------
           1.09   data required time
          -0.62   data arrival time
---------------------------------------------------------
           0.47   slack (MET)



==========================================================================
global route report_checks -path_delay min reg to reg
--------------------------------------------------------------------------
Startpoint: counters[224]$_SDFFE_PP0P_
            (rising edge-triggered flip-flop clocked by core_clock)
Endpoint: counters[224]$_SDFFE_PP0P_
          (rising edge-triggered flip-flop clocked by core_clock)
Path Group: core_clock
Path Type: min

  Delay    Time   Description
---------------------------------------------------------
   0.00    0.00   clock core_clock (rise edge)
   0.00    0.00   clock source latency
   0.00    0.00 ^ clk (in)
   0.04    0.04 ^ clkbuf_0_clk/Z (CLKBUF_X3)
   0.05    0.08 ^ clkbuf_2_3__f_clk/Z (CLKBUF_X3)
   0.04    0.13 ^ clkbuf_leaf_22_clk/Z (CLKBUF_X3)
   0.00    0.13 ^ counters[224]$_SDFFE_PP0P_/CK (DFF_X2)
   0.08    0.20 ^ counters[224]$_SDFFE_PP0P_/QN (DFF_X2)
   0.02    0.22 v _2726_/ZN (AOI21_X1)
   0.03    0.24 ^ _2727_/ZN (NOR2_X1)
   0.00    0.24 ^ counters[224]$_SDFFE_PP0P_/D (DFF_X2)
           0.24   data arrival time

   0.00    0.00   clock core_clock (rise edge)
   0.00    0.00   clock source latency
   0.00    0.00 ^ clk (in)
   0.04    0.04 ^ clkbuf_0_clk/Z (CLKBUF_X3)
   0.05    0.08 ^ clkbuf_2_3__f_clk/Z (CLKBUF_X3)
   0.04    0.13 ^ clkbuf_leaf_22_clk/Z (CLKBUF_X3)
   0.00    0.13 ^ counters[224]$_SDFFE_PP0P_/CK (DFF_X2)
   0.00    0.13   clock reconvergence pessimism
   0.01    0.14   library hold time
           0.14   data required time
---------------------------------------------------------
           0.14   data required time
          -0.24   data arrival time
---------------------------------------------------------
           0.11   slack (MET)



==========================================================================
global route critical path target clock latency max path
--------------------------------------------------------------------------
0.1261

==========================================================================
global route critical path target clock latency min path
--------------------------------------------------------------------------
0.1277

==========================================================================
global route critical path source clock latency min path
--------------------------------------------------------------------------
0.0000

==========================================================================
global route critical path delay
--------------------------------------------------------------------------
0.5796

==========================================================================
global route critical path slack
--------------------------------------------------------------------------
0.2204

==========================================================================
global route slack div critical path delay
--------------------------------------------------------------------------
38.026225

==========================================================================
global route report_power
--------------------------------------------------------------------------
Group                  Internal  Switching    Leakage      Total
                          Power      Power      Power      Power (Watts)
----------------------------------------------------------------
Sequential             1.82e-03   1.04e-05   2.38e-05   1.85e-03  52.8%
Combinational          1.90e-04   2.29e-04   5.79e-05   4.77e-04  13.6%
Clock                  5.72e-04   6.06e-04   1.81e-06   1.18e-03  33.6%
Macro                  0.00e+00   0.00e+00   0.00e+00   0.00e+00   0.0%
Pad                    0.00e+00   0.00e+00   0.00e+00   0.00e+00   0.0%
----------------------------------------------------------------
Total                  2.58e-03   8.46e-04   8.35e-05   3.51e-03 100.0%
                          73.5%      24.1%       2.4%
