
==========================================================================
detailed place report_tns
--------------------------------------------------------------------------
tns max -456.36

==========================================================================
detailed place report_wns
--------------------------------------------------------------------------
wns max -15.90

==========================================================================
detailed place report_worst_slack
--------------------------------------------------------------------------
worst slack max -15.90

==========================================================================
detailed place report_clock_min_period
--------------------------------------------------------------------------
core_clock period_min = 35.90 fmax = 27.86

==========================================================================
detailed place report_checks -path_delay min
--------------------------------------------------------------------------
Startpoint: z_in[14] (input port clocked by core_clock)
Endpoint: x_out[1] (output port clocked by core_clock)
Path Group: core_clock
Path Type: min

Fanout     Cap    Slew   Delay    Time   Description
-----------------------------------------------------------------------------
                  0.00    0.00    0.00   clock core_clock (rise edge)
                          0.00    0.00   clock network delay (ideal)
                          0.20    0.20 ^ input external delay
     1    0.00    0.00    0.00    0.20 ^ z_in[14] (in)
                                         z_in[14] (net)
                  0.00    0.00    0.20 ^ input38/I (gf180mcu_fd_sc_mcu9t5v0__dlyb_2)
     3    0.04    0.21    0.65    0.85 ^ input38/Z (gf180mcu_fd_sc_mcu9t5v0__dlyb_2)
                                         net38 (net)
                  0.21    0.00    0.85 ^ _4071_/I (gf180mcu_fd_sc_mcu9t5v0__clkinv_2)
     2    0.04    0.18    0.15    1.00 v _4071_/ZN (gf180mcu_fd_sc_mcu9t5v0__clkinv_2)
                                         _1544_ (net)
                  0.18    0.00    1.00 v _7672_/A (gf180mcu_fd_sc_mcu9t5v0__addh_4)
    15    0.17    0.20    0.33    1.33 v _7672_/S (gf180mcu_fd_sc_mcu9t5v0__addh_4)
                                         _1547_ (net)
                  0.20    0.00    1.33 v _7082_/S (gf180mcu_fd_sc_mcu9t5v0__mux2_2)
     1    0.00    0.05    0.24    1.58 ^ _7082_/Z (gf180mcu_fd_sc_mcu9t5v0__mux2_2)
                                         net56 (net)
                  0.05    0.00    1.58 ^ output56/I (gf180mcu_fd_sc_mcu9t5v0__dlyb_2)
     1    0.00    0.07    0.55    2.12 ^ output56/Z (gf180mcu_fd_sc_mcu9t5v0__dlyb_2)
                                         x_out[1] (net)
                  0.07    0.00    2.12 ^ x_out[1] (out)
                                  2.12   data arrival time

                  0.00    0.00    0.00   clock core_clock (rise edge)
                          0.00    0.00   clock network delay (ideal)
                          0.00    0.00   clock reconvergence pessimism
                         -0.20   -0.20   output external delay
                                 -0.20   data required time
-----------------------------------------------------------------------------
                                 -0.20   data required time
                                 -2.12   data arrival time
-----------------------------------------------------------------------------
                                  2.32   slack (MET)



==========================================================================
detailed place report_checks -path_delay max
--------------------------------------------------------------------------
Startpoint: z_in[15] (input port clocked by core_clock)
Endpoint: x_out[15] (output port clocked by core_clock)
Path Group: core_clock
Path Type: max

Fanout     Cap    Slew   Delay    Time   Description
-----------------------------------------------------------------------------
                  0.00    0.00    0.00   clock core_clock (rise edge)
                          0.00    0.00   clock network delay (ideal)
                          0.20    0.20 v input external delay
     1    0.00    0.00    0.00    0.20 v z_in[15] (in)
                                         z_in[15] (net)
                  0.00    0.00    0.20 v input39/I (gf180mcu_fd_sc_mcu9t5v0__dlyb_2)
     5    0.08    0.34    0.87    1.07 v input39/Z (gf180mcu_fd_sc_mcu9t5v0__dlyb_2)
                                         net39 (net)
                  0.34    0.00    1.07 v _4069_/I (gf180mcu_fd_sc_mcu9t5v0__inv_3)
     5    0.09    0.27    0.25    1.32 ^ _4069_/ZN (gf180mcu_fd_sc_mcu9t5v0__inv_3)
                                         _1545_ (net)
                  0.27    0.00    1.32 ^ _7672_/B (gf180mcu_fd_sc_mcu9t5v0__addh_4)
     5    0.07    0.16    0.26    1.58 ^ _7672_/CO (gf180mcu_fd_sc_mcu9t5v0__addh_4)
                                         _1546_ (net)
                  0.16    0.00    1.58 ^ _4070_/I (gf180mcu_fd_sc_mcu9t5v0__clkinv_2)
     3    0.05    0.20    0.16    1.74 v _4070_/ZN (gf180mcu_fd_sc_mcu9t5v0__clkinv_2)
                                         _1607_ (net)
                  0.20    0.00    1.74 v _4072_/B (gf180mcu_fd_sc_mcu9t5v0__oai211_2)
     1    0.03    0.31    0.21    1.96 ^ _4072_/ZN (gf180mcu_fd_sc_mcu9t5v0__oai211_2)
                                         _1608_ (net)
                  0.31    0.00    1.96 ^ _4078_/B1 (gf180mcu_fd_sc_mcu9t5v0__oai22_4)
     1    0.02    0.14    0.10    2.06 v _4078_/ZN (gf180mcu_fd_sc_mcu9t5v0__oai22_4)
                                         _1614_ (net)
                  0.14    0.00    2.06 v place81/I (gf180mcu_fd_sc_mcu9t5v0__buf_4)
    38    0.57    0.61    0.51    2.57 v place81/Z (gf180mcu_fd_sc_mcu9t5v0__buf_4)
                                         net81 (net)
                  0.61    0.00    2.57 v _4079_/I (gf180mcu_fd_sc_mcu9t5v0__inv_4)
    30    0.46    0.84    0.67    3.25 ^ _4079_/ZN (gf180mcu_fd_sc_mcu9t5v0__inv_4)
                                         _1615_ (net)
                  0.84    0.00    3.25 ^ _7213_/CI (gf180mcu_fd_sc_mcu9t5v0__addf_2)
    32    0.42    1.55    1.23    4.47 ^ _7213_/CO (gf180mcu_fd_sc_mcu9t5v0__addf_2)
                                         _0014_ (net)
                  1.55    0.00    4.48 ^ _4115_/I (gf180mcu_fd_sc_mcu9t5v0__clkinv_4)
    14    0.21    0.67    0.52    5.00 v _4115_/ZN (gf180mcu_fd_sc_mcu9t5v0__clkinv_4)
                                         _0032_ (net)
                  0.67    0.00    5.00 v _7271_/A (gf180mcu_fd_sc_mcu9t5v0__addh_2)
     3    0.04    0.18    0.55    5.54 ^ _7271_/S (gf180mcu_fd_sc_mcu9t5v0__addh_2)
                                         _0195_ (net)
                  0.18    0.00    5.54 ^ _4249_/B (gf180mcu_fd_sc_mcu9t5v0__oai21_2)
     1    0.02    0.19    0.10    5.64 v _4249_/ZN (gf180mcu_fd_sc_mcu9t5v0__oai21_2)
                                         _1749_ (net)
                  0.19    0.00    5.64 v _4251_/A1 (gf180mcu_fd_sc_mcu9t5v0__aoi21_2)
     1    0.01    0.17    0.12    5.77 ^ _4251_/ZN (gf180mcu_fd_sc_mcu9t5v0__aoi21_2)
                                         _1751_ (net)
                  0.17    0.00    5.77 ^ _4252_/A1 (gf180mcu_fd_sc_mcu9t5v0__or2_2)
     3    0.04    0.16    0.18    5.95 ^ _4252_/Z (gf180mcu_fd_sc_mcu9t5v0__or2_2)
                                         _1752_ (net)
                  0.16    0.00    5.95 ^ _4259_/A1 (gf180mcu_fd_sc_mcu9t5v0__nand2_2)
     1    0.01    0.13    0.06    6.02 v _4259_/ZN (gf180mcu_fd_sc_mcu9t5v0__nand2_2)
                                         _1759_ (net)
                  0.13    0.00    6.02 v _4260_/B (gf180mcu_fd_sc_mcu9t5v0__aoi21_2)
     1    0.01    0.19    0.15    6.17 ^ _4260_/ZN (gf180mcu_fd_sc_mcu9t5v0__aoi21_2)
                                         _1760_ (net)
                  0.19    0.00    6.17 ^ _4261_/C (gf180mcu_fd_sc_mcu9t5v0__aoi211_2)
     1    0.02    0.20    0.16    6.33 v _4261_/ZN (gf180mcu_fd_sc_mcu9t5v0__aoi211_2)
                                         _1761_ (net)
                  0.20    0.00    6.33 v _4263_/A1 (gf180mcu_fd_sc_mcu9t5v0__oai21_2)
     2    0.02    0.21    0.17    6.50 ^ _4263_/ZN (gf180mcu_fd_sc_mcu9t5v0__oai21_2)
                                         _1763_ (net)
                  0.21    0.00    6.50 ^ _4264_/A1 (gf180mcu_fd_sc_mcu9t5v0__and2_2)
     1    0.01    0.08    0.17    6.67 ^ _4264_/Z (gf180mcu_fd_sc_mcu9t5v0__and2_2)
                                         _1764_ (net)
                  0.08    0.00    6.67 ^ _4265_/A1 (gf180mcu_fd_sc_mcu9t5v0__or2_4)
    28    0.38    0.70    0.49    7.16 ^ _4265_/Z (gf180mcu_fd_sc_mcu9t5v0__or2_4)
                                         _1765_ (net)
                  0.70    0.00    7.17 ^ _4266_/I (gf180mcu_fd_sc_mcu9t5v0__clkinv_4)
    19    0.28    0.57    0.47    7.64 v _4266_/ZN (gf180mcu_fd_sc_mcu9t5v0__clkinv_4)
                                         _1766_ (net)
                  0.57    0.00    7.64 v _7327_/A (gf180mcu_fd_sc_mcu9t5v0__addh_2)
     2    0.03    0.14    0.49    8.13 ^ _7327_/S (gf180mcu_fd_sc_mcu9t5v0__addh_2)
                                         _0363_ (net)
                  0.14    0.00    8.14 ^ _4537_/A1 (gf180mcu_fd_sc_mcu9t5v0__aoi21_2)
     1    0.02    0.28    0.08    8.21 v _4537_/ZN (gf180mcu_fd_sc_mcu9t5v0__aoi21_2)
                                         _1997_ (net)
                  0.28    0.00    8.21 v _4539_/A1 (gf180mcu_fd_sc_mcu9t5v0__oai21_2)
     2    0.03    0.25    0.22    8.44 ^ _4539_/ZN (gf180mcu_fd_sc_mcu9t5v0__oai21_2)
                                         _1999_ (net)
                  0.25    0.00    8.44 ^ _4540_/A1 (gf180mcu_fd_sc_mcu9t5v0__aoi21_2)
     1    0.01    0.13    0.08    8.52 v _4540_/ZN (gf180mcu_fd_sc_mcu9t5v0__aoi21_2)
                                         _2000_ (net)
                  0.13    0.00    8.52 v _4542_/A1 (gf180mcu_fd_sc_mcu9t5v0__oai21_2)
     2    0.03    0.24    0.17    8.69 ^ _4542_/ZN (gf180mcu_fd_sc_mcu9t5v0__oai21_2)
                                         _2002_ (net)
                  0.24    0.00    8.69 ^ _4543_/A1 (gf180mcu_fd_sc_mcu9t5v0__aoi21_2)
     1    0.02    0.15    0.09    8.78 v _4543_/ZN (gf180mcu_fd_sc_mcu9t5v0__aoi21_2)
                                         _2003_ (net)
                  0.15    0.00    8.78 v _4545_/A1 (gf180mcu_fd_sc_mcu9t5v0__oai21_2)
     2    0.03    0.24    0.18    8.96 ^ _4545_/ZN (gf180mcu_fd_sc_mcu9t5v0__oai21_2)
                                         _2005_ (net)
                  0.24    0.00    8.96 ^ _4546_/A1 (gf180mcu_fd_sc_mcu9t5v0__aoi21_2)
     2    0.03    0.18    0.11    9.07 v _4546_/ZN (gf180mcu_fd_sc_mcu9t5v0__aoi21_2)
                                         _2006_ (net)
                  0.18    0.00    9.07 v _4548_/A1 (gf180mcu_fd_sc_mcu9t5v0__oai211_2)
     2    0.03    0.33    0.22    9.30 ^ _4548_/ZN (gf180mcu_fd_sc_mcu9t5v0__oai211_2)
                                         _2008_ (net)
                  0.33    0.00    9.30 ^ _4549_/A3 (gf180mcu_fd_sc_mcu9t5v0__nand4_2)
     1    0.01    0.19    0.12    9.42 v _4549_/ZN (gf180mcu_fd_sc_mcu9t5v0__nand4_2)
                                         _2009_ (net)
                  0.19    0.00    9.42 v _4551_/A2 (gf180mcu_fd_sc_mcu9t5v0__nand2_2)
    24    0.32    1.34    0.84   10.26 ^ _4551_/ZN (gf180mcu_fd_sc_mcu9t5v0__nand2_2)
                                         _2011_ (net)
                  1.34    0.00   10.26 ^ _4552_/I (gf180mcu_fd_sc_mcu9t5v0__clkinv_2)
    22    0.30    1.18    0.97   11.24 v _4552_/ZN (gf180mcu_fd_sc_mcu9t5v0__clkinv_2)
                                         _2012_ (net)
                  1.18    0.00   11.24 v _7388_/B (gf180mcu_fd_sc_mcu9t5v0__addh_1)
     3    0.04    0.30    0.70   11.94 ^ _7388_/S (gf180mcu_fd_sc_mcu9t5v0__addh_1)
                                         _0562_ (net)
                  0.30    0.00   11.94 ^ _4953_/A2 (gf180mcu_fd_sc_mcu9t5v0__aoi21_2)
     2    0.03    0.18    0.10   12.04 v _4953_/ZN (gf180mcu_fd_sc_mcu9t5v0__aoi21_2)
                                         _2358_ (net)
                  0.18    0.00   12.04 v _4955_/A1 (gf180mcu_fd_sc_mcu9t5v0__oai21_2)
     1    0.02    0.18    0.15   12.20 ^ _4955_/ZN (gf180mcu_fd_sc_mcu9t5v0__oai21_2)
                                         _2360_ (net)
                  0.18    0.00   12.20 ^ _4956_/A1 (gf180mcu_fd_sc_mcu9t5v0__aoi21_2)
     2    0.03    0.18    0.10   12.30 v _4956_/ZN (gf180mcu_fd_sc_mcu9t5v0__aoi21_2)
                                         _2361_ (net)
                  0.18    0.00   12.30 v _4958_/A1 (gf180mcu_fd_sc_mcu9t5v0__oai21_2)
     2    0.03    0.26    0.20   12.51 ^ _4958_/ZN (gf180mcu_fd_sc_mcu9t5v0__oai21_2)
                                         _2363_ (net)
                  0.26    0.00   12.51 ^ _4960_/A1 (gf180mcu_fd_sc_mcu9t5v0__aoi21_2)
     2    0.03    0.17    0.11   12.62 v _4960_/ZN (gf180mcu_fd_sc_mcu9t5v0__aoi21_2)
                                         _2365_ (net)
                  0.17    0.00   12.62 v _4965_/A3 (gf180mcu_fd_sc_mcu9t5v0__oai31_2)
     2    0.03    0.39    0.28   12.90 ^ _4965_/ZN (gf180mcu_fd_sc_mcu9t5v0__oai31_2)
                                         _2370_ (net)
                  0.39    0.00   12.90 ^ _4966_/A1 (gf180mcu_fd_sc_mcu9t5v0__aoi21_2)
     2    0.05    0.23    0.16   13.06 v _4966_/ZN (gf180mcu_fd_sc_mcu9t5v0__aoi21_2)
                                         _2371_ (net)
                  0.23    0.00   13.06 v _4968_/A1 (gf180mcu_fd_sc_mcu9t5v0__oai21_4)
    28    0.35    1.14    0.72   13.78 ^ _4968_/ZN (gf180mcu_fd_sc_mcu9t5v0__oai21_4)
                                         _2373_ (net)
                  1.14    0.00   13.79 ^ _4969_/I (gf180mcu_fd_sc_mcu9t5v0__clkinv_4)
    17    0.23    0.60    0.49   14.28 v _4969_/ZN (gf180mcu_fd_sc_mcu9t5v0__clkinv_4)
                                         _2374_ (net)
                  0.60    0.00   14.28 v _7447_/A (gf180mcu_fd_sc_mcu9t5v0__addh_2)
     3    0.05    0.20    0.54   14.82 ^ _7447_/S (gf180mcu_fd_sc_mcu9t5v0__addh_2)
                                         _0768_ (net)
                  0.20    0.00   14.82 ^ _5296_/A1 (gf180mcu_fd_sc_mcu9t5v0__aoi21_2)
     1    0.01    0.28    0.08   14.90 v _5296_/ZN (gf180mcu_fd_sc_mcu9t5v0__aoi21_2)
                                         _2646_ (net)
                  0.28    0.00   14.90 v _5298_/A1 (gf180mcu_fd_sc_mcu9t5v0__oai21_2)
     2    0.03    0.25    0.22   15.12 ^ _5298_/ZN (gf180mcu_fd_sc_mcu9t5v0__oai21_2)
                                         _2648_ (net)
                  0.25    0.00   15.12 ^ _5299_/A1 (gf180mcu_fd_sc_mcu9t5v0__aoi21_2)
     1    0.01    0.16    0.08   15.20 v _5299_/ZN (gf180mcu_fd_sc_mcu9t5v0__aoi21_2)
                                         _2649_ (net)
                  0.16    0.00   15.20 v _5301_/A1 (gf180mcu_fd_sc_mcu9t5v0__oai21_2)
     2    0.03    0.25    0.19   15.39 ^ _5301_/ZN (gf180mcu_fd_sc_mcu9t5v0__oai21_2)
                                         _2651_ (net)
                  0.25    0.00   15.39 ^ _5302_/A1 (gf180mcu_fd_sc_mcu9t5v0__aoi21_2)
     1    0.01    0.16    0.08   15.47 v _5302_/ZN (gf180mcu_fd_sc_mcu9t5v0__aoi21_2)
                                         _2652_ (net)
                  0.16    0.00   15.47 v _5304_/A1 (gf180mcu_fd_sc_mcu9t5v0__oai21_2)
     2    0.03    0.25    0.19   15.66 ^ _5304_/ZN (gf180mcu_fd_sc_mcu9t5v0__oai21_2)
                                         _2654_ (net)
                  0.25    0.00   15.66 ^ _5305_/A1 (gf180mcu_fd_sc_mcu9t5v0__aoi21_2)
     1    0.02    0.16    0.09   15.74 v _5305_/ZN (gf180mcu_fd_sc_mcu9t5v0__aoi21_2)
                                         _2655_ (net)
                  0.16    0.00   15.74 v _5307_/A1 (gf180mcu_fd_sc_mcu9t5v0__oai21_2)
     2    0.03    0.24    0.19   15.93 ^ _5307_/ZN (gf180mcu_fd_sc_mcu9t5v0__oai21_2)
                                         _2657_ (net)
                  0.24    0.00   15.93 ^ _5308_/A1 (gf180mcu_fd_sc_mcu9t5v0__aoi21_2)
     1    0.01    0.16    0.08   16.02 v _5308_/ZN (gf180mcu_fd_sc_mcu9t5v0__aoi21_2)
                                         _2658_ (net)
                  0.16    0.00   16.02 v _5310_/A1 (gf180mcu_fd_sc_mcu9t5v0__oai21_2)
     2    0.03    0.24    0.18   16.20 ^ _5310_/ZN (gf180mcu_fd_sc_mcu9t5v0__oai21_2)
                                         _2660_ (net)
                  0.24    0.00   16.20 ^ _5311_/A1 (gf180mcu_fd_sc_mcu9t5v0__aoi21_2)
     1    0.02    0.16    0.08   16.28 v _5311_/ZN (gf180mcu_fd_sc_mcu9t5v0__aoi21_2)
                                         _2661_ (net)
                  0.16    0.00   16.28 v _5313_/A1 (gf180mcu_fd_sc_mcu9t5v0__oai21_2)
     2    0.02    0.21    0.17   16.45 ^ _5313_/ZN (gf180mcu_fd_sc_mcu9t5v0__oai21_2)
                                         _2663_ (net)
                  0.21    0.00   16.45 ^ _5315_/A2 (gf180mcu_fd_sc_mcu9t5v0__and2_2)
     1    0.01    0.08    0.16   16.61 ^ _5315_/Z (gf180mcu_fd_sc_mcu9t5v0__and2_2)
                                         _2665_ (net)
                  0.08    0.00   16.61 ^ _5317_/A1 (gf180mcu_fd_sc_mcu9t5v0__or3_4)
    24    0.34    0.63    0.47   17.07 ^ _5317_/Z (gf180mcu_fd_sc_mcu9t5v0__or3_4)
                                         _2667_ (net)
                  0.63    0.00   17.08 ^ _5318_/I (gf180mcu_fd_sc_mcu9t5v0__clkinv_8)
    20    0.28    0.36    0.29   17.37 v _5318_/ZN (gf180mcu_fd_sc_mcu9t5v0__clkinv_8)
                                         _2668_ (net)
                  0.36    0.00   17.37 v _7499_/A (gf180mcu_fd_sc_mcu9t5v0__addh_2)
     2    0.03    0.13    0.43   17.80 ^ _7499_/S (gf180mcu_fd_sc_mcu9t5v0__addh_2)
                                         _0947_ (net)
                  0.13    0.00   17.80 ^ _5555_/I (gf180mcu_fd_sc_mcu9t5v0__clkinv_3)
     2    0.04    0.13    0.11   17.91 v _5555_/ZN (gf180mcu_fd_sc_mcu9t5v0__clkinv_3)
                                         _2856_ (net)
                  0.13    0.00   17.91 v _5558_/A2 (gf180mcu_fd_sc_mcu9t5v0__oai21_4)
     2    0.03    0.18    0.13   18.05 ^ _5558_/ZN (gf180mcu_fd_sc_mcu9t5v0__oai21_4)
                                         _2859_ (net)
                  0.18    0.00   18.05 ^ _5559_/A1 (gf180mcu_fd_sc_mcu9t5v0__aoi21_2)
     1    0.01    0.16    0.08   18.13 v _5559_/ZN (gf180mcu_fd_sc_mcu9t5v0__aoi21_2)
                                         _2860_ (net)
                  0.16    0.00   18.13 v _5561_/A1 (gf180mcu_fd_sc_mcu9t5v0__oai21_2)
     2    0.03    0.24    0.18   18.31 ^ _5561_/ZN (gf180mcu_fd_sc_mcu9t5v0__oai21_2)
                                         _2862_ (net)
                  0.24    0.00   18.31 ^ _5562_/A1 (gf180mcu_fd_sc_mcu9t5v0__aoi21_2)
     1    0.01    0.16    0.08   18.39 v _5562_/ZN (gf180mcu_fd_sc_mcu9t5v0__aoi21_2)
                                         _2863_ (net)
                  0.16    0.00   18.39 v _5564_/A1 (gf180mcu_fd_sc_mcu9t5v0__oai21_2)
     2    0.03    0.25    0.19   18.58 ^ _5564_/ZN (gf180mcu_fd_sc_mcu9t5v0__oai21_2)
                                         _2865_ (net)
                  0.25    0.00   18.58 ^ _5565_/A1 (gf180mcu_fd_sc_mcu9t5v0__aoi21_2)
     1    0.02    0.16    0.08   18.67 v _5565_/ZN (gf180mcu_fd_sc_mcu9t5v0__aoi21_2)
                                         _2866_ (net)
                  0.16    0.00   18.67 v _5567_/A1 (gf180mcu_fd_sc_mcu9t5v0__oai21_2)
     2    0.03    0.24    0.19   18.85 ^ _5567_/ZN (gf180mcu_fd_sc_mcu9t5v0__oai21_2)
                                         _2868_ (net)
                  0.24    0.00   18.85 ^ _5568_/A1 (gf180mcu_fd_sc_mcu9t5v0__aoi21_2)
     1    0.01    0.16    0.08   18.93 v _5568_/ZN (gf180mcu_fd_sc_mcu9t5v0__aoi21_2)
                                         _2869_ (net)
                  0.16    0.00   18.93 v _5570_/A1 (gf180mcu_fd_sc_mcu9t5v0__oai21_2)
     2    0.03    0.24    0.18   19.12 ^ _5570_/ZN (gf180mcu_fd_sc_mcu9t5v0__oai21_2)
                                         _2871_ (net)
                  0.24    0.00   19.12 ^ _5571_/A1 (gf180mcu_fd_sc_mcu9t5v0__aoi21_2)
     1    0.02    0.16    0.08   19.20 v _5571_/ZN (gf180mcu_fd_sc_mcu9t5v0__aoi21_2)
                                         _2872_ (net)
                  0.16    0.00   19.20 v _5573_/A1 (gf180mcu_fd_sc_mcu9t5v0__oai21_2)
     2    0.03    0.24    0.18   19.39 ^ _5573_/ZN (gf180mcu_fd_sc_mcu9t5v0__oai21_2)
                                         _2874_ (net)
                  0.24    0.00   19.39 ^ _5574_/A1 (gf180mcu_fd_sc_mcu9t5v0__aoi21_2)
     2    0.02    0.18    0.11   19.49 v _5574_/ZN (gf180mcu_fd_sc_mcu9t5v0__aoi21_2)
                                         _2875_ (net)
                  0.18    0.00   19.49 v _5575_/A1 (gf180mcu_fd_sc_mcu9t5v0__or2_2)
     1    0.03    0.11    0.25   19.74 v _5575_/Z (gf180mcu_fd_sc_mcu9t5v0__or2_2)
                                         _2876_ (net)
                  0.11    0.00   19.74 v _5576_/A1 (gf180mcu_fd_sc_mcu9t5v0__nand2_4)
    26    0.35    0.75    0.47   20.21 ^ _5576_/ZN (gf180mcu_fd_sc_mcu9t5v0__nand2_4)
                                         _2877_ (net)
                  0.75    0.00   20.21 ^ _5577_/I (gf180mcu_fd_sc_mcu9t5v0__clkinv_8)
    19    0.26    0.37    0.30   20.51 v _5577_/ZN (gf180mcu_fd_sc_mcu9t5v0__clkinv_8)
                                         _2878_ (net)
                  0.37    0.00   20.51 v _7550_/B (gf180mcu_fd_sc_mcu9t5v0__addh_2)
     4    0.06    0.23    0.46   20.97 ^ _7550_/S (gf180mcu_fd_sc_mcu9t5v0__addh_2)
                                         _1123_ (net)
                  0.23    0.00   20.97 ^ _5770_/A1 (gf180mcu_fd_sc_mcu9t5v0__aoi21_2)
     1    0.02    0.29    0.09   21.06 v _5770_/ZN (gf180mcu_fd_sc_mcu9t5v0__aoi21_2)
                                         _3031_ (net)
                  0.29    0.00   21.06 v _5772_/A1 (gf180mcu_fd_sc_mcu9t5v0__oai21_2)
     2    0.03    0.25    0.22   21.28 ^ _5772_/ZN (gf180mcu_fd_sc_mcu9t5v0__oai21_2)
                                         _3033_ (net)
                  0.25    0.00   21.28 ^ _5773_/A1 (gf180mcu_fd_sc_mcu9t5v0__aoi21_2)
     1    0.02    0.16    0.08   21.37 v _5773_/ZN (gf180mcu_fd_sc_mcu9t5v0__aoi21_2)
                                         _3034_ (net)
                  0.16    0.00   21.37 v _5775_/A1 (gf180mcu_fd_sc_mcu9t5v0__oai21_2)
     2    0.03    0.25    0.19   21.56 ^ _5775_/ZN (gf180mcu_fd_sc_mcu9t5v0__oai21_2)
                                         _3036_ (net)
                  0.25    0.00   21.56 ^ _5776_/A1 (gf180mcu_fd_sc_mcu9t5v0__aoi21_2)
     1    0.02    0.16    0.09   21.64 v _5776_/ZN (gf180mcu_fd_sc_mcu9t5v0__aoi21_2)
                                         _3037_ (net)
                  0.16    0.00   21.64 v _5778_/A1 (gf180mcu_fd_sc_mcu9t5v0__oai21_2)
     2    0.03    0.24    0.19   21.83 ^ _5778_/ZN (gf180mcu_fd_sc_mcu9t5v0__oai21_2)
                                         _3039_ (net)
                  0.24    0.00   21.83 ^ _5779_/A1 (gf180mcu_fd_sc_mcu9t5v0__aoi21_2)
     1    0.02    0.16    0.09   21.92 v _5779_/ZN (gf180mcu_fd_sc_mcu9t5v0__aoi21_2)
                                         _3040_ (net)
                  0.16    0.00   21.92 v _5781_/A1 (gf180mcu_fd_sc_mcu9t5v0__oai21_2)
     2    0.03    0.24    0.18   22.10 ^ _5781_/ZN (gf180mcu_fd_sc_mcu9t5v0__oai21_2)
                                         _3042_ (net)
                  0.24    0.00   22.10 ^ _5782_/A1 (gf180mcu_fd_sc_mcu9t5v0__aoi21_2)
     1    0.02    0.16    0.08   22.18 v _5782_/ZN (gf180mcu_fd_sc_mcu9t5v0__aoi21_2)
                                         _3043_ (net)
                  0.16    0.00   22.18 v _5784_/A1 (gf180mcu_fd_sc_mcu9t5v0__oai21_2)
     2    0.03    0.24    0.18   22.37 ^ _5784_/ZN (gf180mcu_fd_sc_mcu9t5v0__oai21_2)
                                         _3045_ (net)
                  0.24    0.00   22.37 ^ _5785_/A1 (gf180mcu_fd_sc_mcu9t5v0__aoi21_2)
     1    0.02    0.16    0.08   22.45 v _5785_/ZN (gf180mcu_fd_sc_mcu9t5v0__aoi21_2)
                                         _3046_ (net)
                  0.16    0.00   22.45 v _5787_/A1 (gf180mcu_fd_sc_mcu9t5v0__oai21_2)
     2    0.03    0.23    0.18   22.64 ^ _5787_/ZN (gf180mcu_fd_sc_mcu9t5v0__oai21_2)
                                         _3048_ (net)
                  0.23    0.00   22.64 ^ _5788_/A1 (gf180mcu_fd_sc_mcu9t5v0__aoi21_2)
     2    0.03    0.25    0.12   22.75 v _5788_/ZN (gf180mcu_fd_sc_mcu9t5v0__aoi21_2)
                                         _3049_ (net)
                  0.25    0.00   22.75 v _5789_/A1 (gf180mcu_fd_sc_mcu9t5v0__nor2_2)
     1    0.01    0.17    0.15   22.90 ^ _5789_/ZN (gf180mcu_fd_sc_mcu9t5v0__nor2_2)
                                         _3050_ (net)
                  0.17    0.00   22.90 ^ _5790_/A1 (gf180mcu_fd_sc_mcu9t5v0__or2_4)
    28    0.38    0.69    0.50   23.40 ^ _5790_/Z (gf180mcu_fd_sc_mcu9t5v0__or2_4)
                                         _3051_ (net)
                  0.69    0.00   23.41 ^ _5791_/I (gf180mcu_fd_sc_mcu9t5v0__clkinv_8)
    15    0.22    0.33    0.26   23.67 v _5791_/ZN (gf180mcu_fd_sc_mcu9t5v0__clkinv_8)
                                         _3052_ (net)
                  0.33    0.00   23.67 v _7595_/A (gf180mcu_fd_sc_mcu9t5v0__addh_2)
     2    0.03    0.12    0.42   24.09 ^ _7595_/S (gf180mcu_fd_sc_mcu9t5v0__addh_2)
                                         _1277_ (net)
                  0.12    0.00   24.09 ^ _5964_/I (gf180mcu_fd_sc_mcu9t5v0__clkinv_2)
     2    0.03    0.11    0.10   24.19 v _5964_/ZN (gf180mcu_fd_sc_mcu9t5v0__clkinv_2)
                                         _3190_ (net)
                  0.11    0.00   24.19 v _5971_/A2 (gf180mcu_fd_sc_mcu9t5v0__oai21_2)
     2    0.02    0.19    0.15   24.34 ^ _5971_/ZN (gf180mcu_fd_sc_mcu9t5v0__oai21_2)
                                         _3197_ (net)
                  0.19    0.00   24.34 ^ _5972_/A1 (gf180mcu_fd_sc_mcu9t5v0__and2_2)
     1    0.01    0.08    0.17   24.51 ^ _5972_/Z (gf180mcu_fd_sc_mcu9t5v0__and2_2)
                                         _3198_ (net)
                  0.08    0.00   24.51 ^ _5973_/A1 (gf180mcu_fd_sc_mcu9t5v0__oai21_2)
     2    0.02    0.16    0.09   24.59 v _5973_/ZN (gf180mcu_fd_sc_mcu9t5v0__oai21_2)
                                         _3199_ (net)
                  0.16    0.00   24.59 v _5975_/A1 (gf180mcu_fd_sc_mcu9t5v0__aoi21_2)
     1    0.01    0.21    0.14   24.73 ^ _5975_/ZN (gf180mcu_fd_sc_mcu9t5v0__aoi21_2)
                                         _3201_ (net)
                  0.21    0.00   24.73 ^ _5976_/A1 (gf180mcu_fd_sc_mcu9t5v0__oai21_2)
     1    0.01    0.14    0.08   24.81 v _5976_/ZN (gf180mcu_fd_sc_mcu9t5v0__oai21_2)
                                         _3202_ (net)
                  0.14    0.00   24.81 v _5977_/A1 (gf180mcu_fd_sc_mcu9t5v0__nand2_2)
     2    0.02    0.13    0.11   24.92 ^ _5977_/ZN (gf180mcu_fd_sc_mcu9t5v0__nand2_2)
                                         _3203_ (net)
                  0.13    0.00   24.92 ^ _5978_/A1 (gf180mcu_fd_sc_mcu9t5v0__and2_2)
     1    0.02    0.09    0.16   25.09 ^ _5978_/Z (gf180mcu_fd_sc_mcu9t5v0__and2_2)
                                         _3204_ (net)
                  0.09    0.00   25.09 ^ _5979_/A1 (gf180mcu_fd_sc_mcu9t5v0__oai21_2)
     1    0.01    0.14    0.07   25.16 v _5979_/ZN (gf180mcu_fd_sc_mcu9t5v0__oai21_2)
                                         _3205_ (net)
                  0.14    0.00   25.16 v _5980_/A1 (gf180mcu_fd_sc_mcu9t5v0__nand2_2)
     2    0.02    0.13    0.11   25.27 ^ _5980_/ZN (gf180mcu_fd_sc_mcu9t5v0__nand2_2)
                                         _3206_ (net)
                  0.13    0.00   25.27 ^ _5981_/A1 (gf180mcu_fd_sc_mcu9t5v0__and2_2)
     1    0.01    0.08    0.16   25.42 ^ _5981_/Z (gf180mcu_fd_sc_mcu9t5v0__and2_2)
                                         _3207_ (net)
                  0.08    0.00   25.42 ^ _5982_/A1 (gf180mcu_fd_sc_mcu9t5v0__oai21_2)
     1    0.01    0.14    0.07   25.50 v _5982_/ZN (gf180mcu_fd_sc_mcu9t5v0__oai21_2)
                                         _3208_ (net)
                  0.14    0.00   25.50 v _5983_/A1 (gf180mcu_fd_sc_mcu9t5v0__nand2_2)
     2    0.02    0.13    0.11   25.60 ^ _5983_/ZN (gf180mcu_fd_sc_mcu9t5v0__nand2_2)
                                         _3209_ (net)
                  0.13    0.00   25.60 ^ _5984_/A1 (gf180mcu_fd_sc_mcu9t5v0__and2_2)
     1    0.02    0.09    0.16   25.76 ^ _5984_/Z (gf180mcu_fd_sc_mcu9t5v0__and2_2)
                                         _3210_ (net)
                  0.09    0.00   25.76 ^ _5985_/A1 (gf180mcu_fd_sc_mcu9t5v0__oai21_2)
     1    0.01    0.13    0.07   25.83 v _5985_/ZN (gf180mcu_fd_sc_mcu9t5v0__oai21_2)
                                         _3211_ (net)
                  0.13    0.00   25.83 v _5986_/A1 (gf180mcu_fd_sc_mcu9t5v0__nand2_2)
    32    0.40    1.66    1.01   26.84 ^ _5986_/ZN (gf180mcu_fd_sc_mcu9t5v0__nand2_2)
                                         _3212_ (net)
                  1.66    0.00   26.84 ^ _5987_/I (gf180mcu_fd_sc_mcu9t5v0__clkinv_4)
    17    0.26    0.76    0.59   27.44 v _5987_/ZN (gf180mcu_fd_sc_mcu9t5v0__clkinv_4)
                                         _3213_ (net)
                  0.76    0.00   27.44 v _6712_/S (gf180mcu_fd_sc_mcu9t5v0__mux2_2)
     2    0.03    0.15    0.44   27.88 ^ _6712_/Z (gf180mcu_fd_sc_mcu9t5v0__mux2_2)
                                         _0092_ (net)
                  0.15    0.00   27.88 ^ _7611_/B (gf180mcu_fd_sc_mcu9t5v0__addh_2)
     1    0.01    0.07    0.29   28.17 v _7611_/S (gf180mcu_fd_sc_mcu9t5v0__addh_2)
                                         _1325_ (net)
                  0.07    0.00   28.17 v _6167_/A1 (gf180mcu_fd_sc_mcu9t5v0__and2_2)
     1    0.01    0.06    0.13   28.30 v _6167_/Z (gf180mcu_fd_sc_mcu9t5v0__and2_2)
                                         _3365_ (net)
                  0.06    0.00   28.30 v _6168_/A1 (gf180mcu_fd_sc_mcu9t5v0__or2_2)
     1    0.01    0.07    0.17   28.47 v _6168_/Z (gf180mcu_fd_sc_mcu9t5v0__or2_2)
                                         _3366_ (net)
                  0.07    0.00   28.47 v _6169_/A2 (gf180mcu_fd_sc_mcu9t5v0__and2_2)
     1    0.01    0.06    0.15   28.62 v _6169_/Z (gf180mcu_fd_sc_mcu9t5v0__and2_2)
                                         _3367_ (net)
                  0.06    0.00   28.62 v _6170_/A1 (gf180mcu_fd_sc_mcu9t5v0__or2_2)
     2    0.02    0.09    0.19   28.81 v _6170_/Z (gf180mcu_fd_sc_mcu9t5v0__or2_2)
                                         _3368_ (net)
                  0.09    0.00   28.81 v _6171_/A2 (gf180mcu_fd_sc_mcu9t5v0__and2_2)
     1    0.01    0.06    0.15   28.96 v _6171_/Z (gf180mcu_fd_sc_mcu9t5v0__and2_2)
                                         _3369_ (net)
                  0.06    0.00   28.96 v _6172_/A1 (gf180mcu_fd_sc_mcu9t5v0__or2_2)
     1    0.01    0.07    0.17   29.13 v _6172_/Z (gf180mcu_fd_sc_mcu9t5v0__or2_2)
                                         _3370_ (net)
                  0.07    0.00   29.13 v _6173_/A2 (gf180mcu_fd_sc_mcu9t5v0__and2_2)
     1    0.01    0.06    0.14   29.27 v _6173_/Z (gf180mcu_fd_sc_mcu9t5v0__and2_2)
                                         _3371_ (net)
                  0.06    0.00   29.27 v _6174_/A1 (gf180mcu_fd_sc_mcu9t5v0__or2_2)
     2    0.02    0.09    0.19   29.47 v _6174_/Z (gf180mcu_fd_sc_mcu9t5v0__or2_2)
                                         _3372_ (net)
                  0.09    0.00   29.47 v _6175_/A2 (gf180mcu_fd_sc_mcu9t5v0__and2_2)
     1    0.02    0.07    0.17   29.63 v _6175_/Z (gf180mcu_fd_sc_mcu9t5v0__and2_2)
                                         _3373_ (net)
                  0.07    0.00   29.63 v _6176_/A1 (gf180mcu_fd_sc_mcu9t5v0__oai21_2)
     1    0.02    0.20    0.12   29.76 ^ _6176_/ZN (gf180mcu_fd_sc_mcu9t5v0__oai21_2)
                                         _3374_ (net)
                  0.20    0.00   29.76 ^ _6177_/A1 (gf180mcu_fd_sc_mcu9t5v0__nand2_2)
     2    0.03    0.14    0.11   29.87 v _6177_/ZN (gf180mcu_fd_sc_mcu9t5v0__nand2_2)
                                         _3375_ (net)
                  0.14    0.00   29.87 v _6178_/A1 (gf180mcu_fd_sc_mcu9t5v0__nand2_2)
     1    0.01    0.14    0.10   29.96 ^ _6178_/ZN (gf180mcu_fd_sc_mcu9t5v0__nand2_2)
                                         _3376_ (net)
                  0.14    0.00   29.96 ^ _6179_/A1 (gf180mcu_fd_sc_mcu9t5v0__nand2_2)
     1    0.03    0.13    0.10   30.07 v _6179_/ZN (gf180mcu_fd_sc_mcu9t5v0__nand2_2)
                                         _3377_ (net)
                  0.13    0.00   30.07 v _6180_/A1 (gf180mcu_fd_sc_mcu9t5v0__aoi21_4)
     3    0.07    0.33    0.20   30.27 ^ _6180_/ZN (gf180mcu_fd_sc_mcu9t5v0__aoi21_4)
                                         _3378_ (net)
                  0.33    0.00   30.27 ^ _6238_/B2 (gf180mcu_fd_sc_mcu9t5v0__aoi221_4)
     2    0.03    0.31    0.14   30.41 v _6238_/ZN (gf180mcu_fd_sc_mcu9t5v0__aoi221_4)
                                         _3430_ (net)
                  0.31    0.00   30.41 v _6240_/A1 (gf180mcu_fd_sc_mcu9t5v0__aoi211_2)
     1    0.01    0.32    0.22   30.63 ^ _6240_/ZN (gf180mcu_fd_sc_mcu9t5v0__aoi211_2)
                                         _3432_ (net)
                  0.32    0.00   30.63 ^ _6241_/A1 (gf180mcu_fd_sc_mcu9t5v0__xor2_2)
     5    0.06    0.24    0.28   30.91 ^ _6241_/Z (gf180mcu_fd_sc_mcu9t5v0__xor2_2)
                                         _3433_ (net)
                  0.24    0.00   30.91 ^ _6764_/A1 (gf180mcu_fd_sc_mcu9t5v0__nand4_2)
     2    0.03    0.23    0.15   31.07 v _6764_/ZN (gf180mcu_fd_sc_mcu9t5v0__nand4_2)
                                         _3736_ (net)
                  0.23    0.00   31.07 v _6765_/A1 (gf180mcu_fd_sc_mcu9t5v0__and2_2)
     1    0.01    0.08    0.18   31.25 v _6765_/Z (gf180mcu_fd_sc_mcu9t5v0__and2_2)
                                         _3737_ (net)
                  0.08    0.00   31.25 v _6766_/A1 (gf180mcu_fd_sc_mcu9t5v0__xnor2_2)
     1    0.02    0.09    0.34   31.59 ^ _6766_/ZN (gf180mcu_fd_sc_mcu9t5v0__xnor2_2)
                                         _1553_ (net)
                  0.09    0.00   31.59 ^ _7675_/B (gf180mcu_fd_sc_mcu9t5v0__addh_2)
     3    0.03    0.12    0.33   31.91 v _7675_/S (gf180mcu_fd_sc_mcu9t5v0__addh_2)
                                         _1556_ (net)
                  0.12    0.00   31.91 v _6991_/B (gf180mcu_fd_sc_mcu9t5v0__oai21_2)
     1    0.02    0.18    0.14   32.05 ^ _6991_/ZN (gf180mcu_fd_sc_mcu9t5v0__oai21_2)
                                         _3816_ (net)
                  0.18    0.00   32.05 ^ _6992_/A1 (gf180mcu_fd_sc_mcu9t5v0__nand2_2)
     2    0.02    0.11    0.08   32.13 v _6992_/ZN (gf180mcu_fd_sc_mcu9t5v0__nand2_2)
                                         _3817_ (net)
                  0.11    0.00   32.13 v _6993_/A2 (gf180mcu_fd_sc_mcu9t5v0__and2_2)
     1    0.01    0.07    0.17   32.30 v _6993_/Z (gf180mcu_fd_sc_mcu9t5v0__and2_2)
                                         _3818_ (net)
                  0.07    0.00   32.30 v _6994_/A1 (gf180mcu_fd_sc_mcu9t5v0__oai21_2)
     1    0.01    0.19    0.11   32.42 ^ _6994_/ZN (gf180mcu_fd_sc_mcu9t5v0__oai21_2)
                                         _3819_ (net)
                  0.19    0.00   32.42 ^ _6995_/A1 (gf180mcu_fd_sc_mcu9t5v0__nand2_2)
     2    0.02    0.11    0.08   32.50 v _6995_/ZN (gf180mcu_fd_sc_mcu9t5v0__nand2_2)
                                         _3820_ (net)
                  0.11    0.00   32.50 v _6996_/A1 (gf180mcu_fd_sc_mcu9t5v0__and2_2)
     1    0.01    0.07    0.15   32.66 v _6996_/Z (gf180mcu_fd_sc_mcu9t5v0__and2_2)
                                         _3821_ (net)
                  0.07    0.00   32.66 v _6997_/A1 (gf180mcu_fd_sc_mcu9t5v0__oai21_2)
     1    0.01    0.19    0.12   32.77 ^ _6997_/ZN (gf180mcu_fd_sc_mcu9t5v0__oai21_2)
                                         _3822_ (net)
                  0.19    0.00   32.77 ^ _6998_/A1 (gf180mcu_fd_sc_mcu9t5v0__nand2_2)
     2    0.02    0.11    0.08   32.86 v _6998_/ZN (gf180mcu_fd_sc_mcu9t5v0__nand2_2)
                                         _3823_ (net)
                  0.11    0.00   32.86 v _6999_/A2 (gf180mcu_fd_sc_mcu9t5v0__and2_2)
     1    0.01    0.07    0.17   33.03 v _6999_/Z (gf180mcu_fd_sc_mcu9t5v0__and2_2)
                                         _3824_ (net)
                  0.07    0.00   33.03 v _7000_/A1 (gf180mcu_fd_sc_mcu9t5v0__oai21_2)
     1    0.01    0.19    0.11   33.14 ^ _7000_/ZN (gf180mcu_fd_sc_mcu9t5v0__oai21_2)
                                         _3825_ (net)
                  0.19    0.00   33.14 ^ _7001_/A1 (gf180mcu_fd_sc_mcu9t5v0__nand2_2)
     2    0.02    0.11    0.08   33.22 v _7001_/ZN (gf180mcu_fd_sc_mcu9t5v0__nand2_2)
                                         _3826_ (net)
                  0.11    0.00   33.22 v _7050_/A2 (gf180mcu_fd_sc_mcu9t5v0__and2_2)
     1    0.01    0.07    0.17   33.39 v _7050_/Z (gf180mcu_fd_sc_mcu9t5v0__and2_2)
                                         _3873_ (net)
                  0.07    0.00   33.39 v _7051_/A1 (gf180mcu_fd_sc_mcu9t5v0__oai21_2)
     1    0.01    0.19    0.12   33.51 ^ _7051_/ZN (gf180mcu_fd_sc_mcu9t5v0__oai21_2)
                                         _3874_ (net)
                  0.19    0.00   33.51 ^ _7052_/A1 (gf180mcu_fd_sc_mcu9t5v0__nand2_2)
     2    0.03    0.12    0.10   33.61 v _7052_/ZN (gf180mcu_fd_sc_mcu9t5v0__nand2_2)
                                         _3875_ (net)
                  0.12    0.00   33.61 v _7065_/A1 (gf180mcu_fd_sc_mcu9t5v0__nand2_2)
     1    0.01    0.14    0.09   33.70 ^ _7065_/ZN (gf180mcu_fd_sc_mcu9t5v0__nand2_2)
                                         _3886_ (net)
                  0.14    0.00   33.70 ^ _7066_/A2 (gf180mcu_fd_sc_mcu9t5v0__nand2_2)
     1    0.01    0.08    0.07   33.77 v _7066_/ZN (gf180mcu_fd_sc_mcu9t5v0__nand2_2)
                                         _3887_ (net)
                  0.08    0.00   33.77 v _7067_/A1 (gf180mcu_fd_sc_mcu9t5v0__aoi21_2)
     1    0.01    0.19    0.11   33.88 ^ _7067_/ZN (gf180mcu_fd_sc_mcu9t5v0__aoi21_2)
                                         _3888_ (net)
                  0.19    0.00   33.88 ^ _7068_/A1 (gf180mcu_fd_sc_mcu9t5v0__xor2_2)
     2    0.03    0.12    0.30   34.17 v _7068_/Z (gf180mcu_fd_sc_mcu9t5v0__xor2_2)
                                         _3889_ (net)
                  0.12    0.00   34.17 v _7073_/A1 (gf180mcu_fd_sc_mcu9t5v0__nand2_2)
     1    0.01    0.12    0.09   34.26 ^ _7073_/ZN (gf180mcu_fd_sc_mcu9t5v0__nand2_2)
                                         _3893_ (net)
                  0.12    0.00   34.26 ^ _7074_/A1 (gf180mcu_fd_sc_mcu9t5v0__oai31_2)
     1    0.02    0.17    0.08   34.35 v _7074_/ZN (gf180mcu_fd_sc_mcu9t5v0__oai31_2)
                                         _3894_ (net)
                  0.17    0.00   34.35 v _7078_/A2 (gf180mcu_fd_sc_mcu9t5v0__xnor2_2)
     1    0.01    0.08    0.35   34.69 ^ _7078_/ZN (gf180mcu_fd_sc_mcu9t5v0__xnor2_2)
                                         _3898_ (net)
                  0.08    0.00   34.69 ^ _7081_/A3 (gf180mcu_fd_sc_mcu9t5v0__xnor3_2)
     1    0.02    0.10    0.31   35.00 v _7081_/ZN (gf180mcu_fd_sc_mcu9t5v0__xnor3_2)
                                         net55 (net)
                  0.10    0.00   35.00 v output55/I (gf180mcu_fd_sc_mcu9t5v0__dlyb_2)
     1    0.00    0.14    0.70   35.70 v output55/Z (gf180mcu_fd_sc_mcu9t5v0__dlyb_2)
                                         x_out[15] (net)
                  0.14    0.00   35.70 v x_out[15] (out)
                                 35.70   data arrival time

                  0.00   20.00   20.00   clock core_clock (rise edge)
                          0.00   20.00   clock network delay (ideal)
                          0.00   20.00   clock reconvergence pessimism
                         -0.20   19.80   output external delay
                                 19.80   data required time
-----------------------------------------------------------------------------
                                 19.80   data required time
                                -35.70   data arrival time
-----------------------------------------------------------------------------
                                -15.90   slack (VIOLATED)



==========================================================================
detailed place report_checks -unconstrained
--------------------------------------------------------------------------
Startpoint: z_in[15] (input port clocked by core_clock)
Endpoint: x_out[15] (output port clocked by core_clock)
Path Group: core_clock
Path Type: max

Fanout     Cap    Slew   Delay    Time   Description
-----------------------------------------------------------------------------
                  0.00    0.00    0.00   clock core_clock (rise edge)
                          0.00    0.00   clock network delay (ideal)
                          0.20    0.20 v input external delay
     1    0.00    0.00    0.00    0.20 v z_in[15] (in)
                                         z_in[15] (net)
                  0.00    0.00    0.20 v input39/I (gf180mcu_fd_sc_mcu9t5v0__dlyb_2)
     5    0.08    0.34    0.87    1.07 v input39/Z (gf180mcu_fd_sc_mcu9t5v0__dlyb_2)
                                         net39 (net)
                  0.34    0.00    1.07 v _4069_/I (gf180mcu_fd_sc_mcu9t5v0__inv_3)
     5    0.09    0.27    0.25    1.32 ^ _4069_/ZN (gf180mcu_fd_sc_mcu9t5v0__inv_3)
                                         _1545_ (net)
                  0.27    0.00    1.32 ^ _7672_/B (gf180mcu_fd_sc_mcu9t5v0__addh_4)
     5    0.07    0.16    0.26    1.58 ^ _7672_/CO (gf180mcu_fd_sc_mcu9t5v0__addh_4)
                                         _1546_ (net)
                  0.16    0.00    1.58 ^ _4070_/I (gf180mcu_fd_sc_mcu9t5v0__clkinv_2)
     3    0.05    0.20    0.16    1.74 v _4070_/ZN (gf180mcu_fd_sc_mcu9t5v0__clkinv_2)
                                         _1607_ (net)
                  0.20    0.00    1.74 v _4072_/B (gf180mcu_fd_sc_mcu9t5v0__oai211_2)
     1    0.03    0.31    0.21    1.96 ^ _4072_/ZN (gf180mcu_fd_sc_mcu9t5v0__oai211_2)
                                         _1608_ (net)
                  0.31    0.00    1.96 ^ _4078_/B1 (gf180mcu_fd_sc_mcu9t5v0__oai22_4)
     1    0.02    0.14    0.10    2.06 v _4078_/ZN (gf180mcu_fd_sc_mcu9t5v0__oai22_4)
                                         _1614_ (net)
                  0.14    0.00    2.06 v place81/I (gf180mcu_fd_sc_mcu9t5v0__buf_4)
    38    0.57    0.61    0.51    2.57 v place81/Z (gf180mcu_fd_sc_mcu9t5v0__buf_4)
                                         net81 (net)
                  0.61    0.00    2.57 v _4079_/I (gf180mcu_fd_sc_mcu9t5v0__inv_4)
    30    0.46    0.84    0.67    3.25 ^ _4079_/ZN (gf180mcu_fd_sc_mcu9t5v0__inv_4)
                                         _1615_ (net)
                  0.84    0.00    3.25 ^ _7213_/CI (gf180mcu_fd_sc_mcu9t5v0__addf_2)
    32    0.42    1.55    1.23    4.47 ^ _7213_/CO (gf180mcu_fd_sc_mcu9t5v0__addf_2)
                                         _0014_ (net)
                  1.55    0.00    4.48 ^ _4115_/I (gf180mcu_fd_sc_mcu9t5v0__clkinv_4)
    14    0.21    0.67    0.52    5.00 v _4115_/ZN (gf180mcu_fd_sc_mcu9t5v0__clkinv_4)
                                         _0032_ (net)
                  0.67    0.00    5.00 v _7271_/A (gf180mcu_fd_sc_mcu9t5v0__addh_2)
     3    0.04    0.18    0.55    5.54 ^ _7271_/S (gf180mcu_fd_sc_mcu9t5v0__addh_2)
                                         _0195_ (net)
                  0.18    0.00    5.54 ^ _4249_/B (gf180mcu_fd_sc_mcu9t5v0__oai21_2)
     1    0.02    0.19    0.10    5.64 v _4249_/ZN (gf180mcu_fd_sc_mcu9t5v0__oai21_2)
                                         _1749_ (net)
                  0.19    0.00    5.64 v _4251_/A1 (gf180mcu_fd_sc_mcu9t5v0__aoi21_2)
     1    0.01    0.17    0.12    5.77 ^ _4251_/ZN (gf180mcu_fd_sc_mcu9t5v0__aoi21_2)
                                         _1751_ (net)
                  0.17    0.00    5.77 ^ _4252_/A1 (gf180mcu_fd_sc_mcu9t5v0__or2_2)
     3    0.04    0.16    0.18    5.95 ^ _4252_/Z (gf180mcu_fd_sc_mcu9t5v0__or2_2)
                                         _1752_ (net)
                  0.16    0.00    5.95 ^ _4259_/A1 (gf180mcu_fd_sc_mcu9t5v0__nand2_2)
     1    0.01    0.13    0.06    6.02 v _4259_/ZN (gf180mcu_fd_sc_mcu9t5v0__nand2_2)
                                         _1759_ (net)
                  0.13    0.00    6.02 v _4260_/B (gf180mcu_fd_sc_mcu9t5v0__aoi21_2)
     1    0.01    0.19    0.15    6.17 ^ _4260_/ZN (gf180mcu_fd_sc_mcu9t5v0__aoi21_2)
                                         _1760_ (net)
                  0.19    0.00    6.17 ^ _4261_/C (gf180mcu_fd_sc_mcu9t5v0__aoi211_2)
     1    0.02    0.20    0.16    6.33 v _4261_/ZN (gf180mcu_fd_sc_mcu9t5v0__aoi211_2)
                                         _1761_ (net)
                  0.20    0.00    6.33 v _4263_/A1 (gf180mcu_fd_sc_mcu9t5v0__oai21_2)
     2    0.02    0.21    0.17    6.50 ^ _4263_/ZN (gf180mcu_fd_sc_mcu9t5v0__oai21_2)
                                         _1763_ (net)
                  0.21    0.00    6.50 ^ _4264_/A1 (gf180mcu_fd_sc_mcu9t5v0__and2_2)
     1    0.01    0.08    0.17    6.67 ^ _4264_/Z (gf180mcu_fd_sc_mcu9t5v0__and2_2)
                                         _1764_ (net)
                  0.08    0.00    6.67 ^ _4265_/A1 (gf180mcu_fd_sc_mcu9t5v0__or2_4)
    28    0.38    0.70    0.49    7.16 ^ _4265_/Z (gf180mcu_fd_sc_mcu9t5v0__or2_4)
                                         _1765_ (net)
                  0.70    0.00    7.17 ^ _4266_/I (gf180mcu_fd_sc_mcu9t5v0__clkinv_4)
    19    0.28    0.57    0.47    7.64 v _4266_/ZN (gf180mcu_fd_sc_mcu9t5v0__clkinv_4)
                                         _1766_ (net)
                  0.57    0.00    7.64 v _7327_/A (gf180mcu_fd_sc_mcu9t5v0__addh_2)
     2    0.03    0.14    0.49    8.13 ^ _7327_/S (gf180mcu_fd_sc_mcu9t5v0__addh_2)
                                         _0363_ (net)
                  0.14    0.00    8.14 ^ _4537_/A1 (gf180mcu_fd_sc_mcu9t5v0__aoi21_2)
     1    0.02    0.28    0.08    8.21 v _4537_/ZN (gf180mcu_fd_sc_mcu9t5v0__aoi21_2)
                                         _1997_ (net)
                  0.28    0.00    8.21 v _4539_/A1 (gf180mcu_fd_sc_mcu9t5v0__oai21_2)
     2    0.03    0.25    0.22    8.44 ^ _4539_/ZN (gf180mcu_fd_sc_mcu9t5v0__oai21_2)
                                         _1999_ (net)
                  0.25    0.00    8.44 ^ _4540_/A1 (gf180mcu_fd_sc_mcu9t5v0__aoi21_2)
     1    0.01    0.13    0.08    8.52 v _4540_/ZN (gf180mcu_fd_sc_mcu9t5v0__aoi21_2)
                                         _2000_ (net)
                  0.13    0.00    8.52 v _4542_/A1 (gf180mcu_fd_sc_mcu9t5v0__oai21_2)
     2    0.03    0.24    0.17    8.69 ^ _4542_/ZN (gf180mcu_fd_sc_mcu9t5v0__oai21_2)
                                         _2002_ (net)
                  0.24    0.00    8.69 ^ _4543_/A1 (gf180mcu_fd_sc_mcu9t5v0__aoi21_2)
     1    0.02    0.15    0.09    8.78 v _4543_/ZN (gf180mcu_fd_sc_mcu9t5v0__aoi21_2)
                                         _2003_ (net)
                  0.15    0.00    8.78 v _4545_/A1 (gf180mcu_fd_sc_mcu9t5v0__oai21_2)
     2    0.03    0.24    0.18    8.96 ^ _4545_/ZN (gf180mcu_fd_sc_mcu9t5v0__oai21_2)
                                         _2005_ (net)
                  0.24    0.00    8.96 ^ _4546_/A1 (gf180mcu_fd_sc_mcu9t5v0__aoi21_2)
     2    0.03    0.18    0.11    9.07 v _4546_/ZN (gf180mcu_fd_sc_mcu9t5v0__aoi21_2)
                                         _2006_ (net)
                  0.18    0.00    9.07 v _4548_/A1 (gf180mcu_fd_sc_mcu9t5v0__oai211_2)
     2    0.03    0.33    0.22    9.30 ^ _4548_/ZN (gf180mcu_fd_sc_mcu9t5v0__oai211_2)
                                         _2008_ (net)
                  0.33    0.00    9.30 ^ _4549_/A3 (gf180mcu_fd_sc_mcu9t5v0__nand4_2)
     1    0.01    0.19    0.12    9.42 v _4549_/ZN (gf180mcu_fd_sc_mcu9t5v0__nand4_2)
                                         _2009_ (net)
                  0.19    0.00    9.42 v _4551_/A2 (gf180mcu_fd_sc_mcu9t5v0__nand2_2)
    24    0.32    1.34    0.84   10.26 ^ _4551_/ZN (gf180mcu_fd_sc_mcu9t5v0__nand2_2)
                                         _2011_ (net)
                  1.34    0.00   10.26 ^ _4552_/I (gf180mcu_fd_sc_mcu9t5v0__clkinv_2)
    22    0.30    1.18    0.97   11.24 v _4552_/ZN (gf180mcu_fd_sc_mcu9t5v0__clkinv_2)
                                         _2012_ (net)
                  1.18    0.00   11.24 v _7388_/B (gf180mcu_fd_sc_mcu9t5v0__addh_1)
     3    0.04    0.30    0.70   11.94 ^ _7388_/S (gf180mcu_fd_sc_mcu9t5v0__addh_1)
                                         _0562_ (net)
                  0.30    0.00   11.94 ^ _4953_/A2 (gf180mcu_fd_sc_mcu9t5v0__aoi21_2)
     2    0.03    0.18    0.10   12.04 v _4953_/ZN (gf180mcu_fd_sc_mcu9t5v0__aoi21_2)
                                         _2358_ (net)
                  0.18    0.00   12.04 v _4955_/A1 (gf180mcu_fd_sc_mcu9t5v0__oai21_2)
     1    0.02    0.18    0.15   12.20 ^ _4955_/ZN (gf180mcu_fd_sc_mcu9t5v0__oai21_2)
                                         _2360_ (net)
                  0.18    0.00   12.20 ^ _4956_/A1 (gf180mcu_fd_sc_mcu9t5v0__aoi21_2)
     2    0.03    0.18    0.10   12.30 v _4956_/ZN (gf180mcu_fd_sc_mcu9t5v0__aoi21_2)
                                         _2361_ (net)
                  0.18    0.00   12.30 v _4958_/A1 (gf180mcu_fd_sc_mcu9t5v0__oai21_2)
     2    0.03    0.26    0.20   12.51 ^ _4958_/ZN (gf180mcu_fd_sc_mcu9t5v0__oai21_2)
                                         _2363_ (net)
                  0.26    0.00   12.51 ^ _4960_/A1 (gf180mcu_fd_sc_mcu9t5v0__aoi21_2)
     2    0.03    0.17    0.11   12.62 v _4960_/ZN (gf180mcu_fd_sc_mcu9t5v0__aoi21_2)
                                         _2365_ (net)
                  0.17    0.00   12.62 v _4965_/A3 (gf180mcu_fd_sc_mcu9t5v0__oai31_2)
     2    0.03    0.39    0.28   12.90 ^ _4965_/ZN (gf180mcu_fd_sc_mcu9t5v0__oai31_2)
                                         _2370_ (net)
                  0.39    0.00   12.90 ^ _4966_/A1 (gf180mcu_fd_sc_mcu9t5v0__aoi21_2)
     2    0.05    0.23    0.16   13.06 v _4966_/ZN (gf180mcu_fd_sc_mcu9t5v0__aoi21_2)
                                         _2371_ (net)
                  0.23    0.00   13.06 v _4968_/A1 (gf180mcu_fd_sc_mcu9t5v0__oai21_4)
    28    0.35    1.14    0.72   13.78 ^ _4968_/ZN (gf180mcu_fd_sc_mcu9t5v0__oai21_4)
                                         _2373_ (net)
                  1.14    0.00   13.79 ^ _4969_/I (gf180mcu_fd_sc_mcu9t5v0__clkinv_4)
    17    0.23    0.60    0.49   14.28 v _4969_/ZN (gf180mcu_fd_sc_mcu9t5v0__clkinv_4)
                                         _2374_ (net)
                  0.60    0.00   14.28 v _7447_/A (gf180mcu_fd_sc_mcu9t5v0__addh_2)
     3    0.05    0.20    0.54   14.82 ^ _7447_/S (gf180mcu_fd_sc_mcu9t5v0__addh_2)
                                         _0768_ (net)
                  0.20    0.00   14.82 ^ _5296_/A1 (gf180mcu_fd_sc_mcu9t5v0__aoi21_2)
     1    0.01    0.28    0.08   14.90 v _5296_/ZN (gf180mcu_fd_sc_mcu9t5v0__aoi21_2)
                                         _2646_ (net)
                  0.28    0.00   14.90 v _5298_/A1 (gf180mcu_fd_sc_mcu9t5v0__oai21_2)
     2    0.03    0.25    0.22   15.12 ^ _5298_/ZN (gf180mcu_fd_sc_mcu9t5v0__oai21_2)
                                         _2648_ (net)
                  0.25    0.00   15.12 ^ _5299_/A1 (gf180mcu_fd_sc_mcu9t5v0__aoi21_2)
     1    0.01    0.16    0.08   15.20 v _5299_/ZN (gf180mcu_fd_sc_mcu9t5v0__aoi21_2)
                                         _2649_ (net)
                  0.16    0.00   15.20 v _5301_/A1 (gf180mcu_fd_sc_mcu9t5v0__oai21_2)
     2    0.03    0.25    0.19   15.39 ^ _5301_/ZN (gf180mcu_fd_sc_mcu9t5v0__oai21_2)
                                         _2651_ (net)
                  0.25    0.00   15.39 ^ _5302_/A1 (gf180mcu_fd_sc_mcu9t5v0__aoi21_2)
     1    0.01    0.16    0.08   15.47 v _5302_/ZN (gf180mcu_fd_sc_mcu9t5v0__aoi21_2)
                                         _2652_ (net)
                  0.16    0.00   15.47 v _5304_/A1 (gf180mcu_fd_sc_mcu9t5v0__oai21_2)
     2    0.03    0.25    0.19   15.66 ^ _5304_/ZN (gf180mcu_fd_sc_mcu9t5v0__oai21_2)
                                         _2654_ (net)
                  0.25    0.00   15.66 ^ _5305_/A1 (gf180mcu_fd_sc_mcu9t5v0__aoi21_2)
     1    0.02    0.16    0.09   15.74 v _5305_/ZN (gf180mcu_fd_sc_mcu9t5v0__aoi21_2)
                                         _2655_ (net)
                  0.16    0.00   15.74 v _5307_/A1 (gf180mcu_fd_sc_mcu9t5v0__oai21_2)
     2    0.03    0.24    0.19   15.93 ^ _5307_/ZN (gf180mcu_fd_sc_mcu9t5v0__oai21_2)
                                         _2657_ (net)
                  0.24    0.00   15.93 ^ _5308_/A1 (gf180mcu_fd_sc_mcu9t5v0__aoi21_2)
     1    0.01    0.16    0.08   16.02 v _5308_/ZN (gf180mcu_fd_sc_mcu9t5v0__aoi21_2)
                                         _2658_ (net)
                  0.16    0.00   16.02 v _5310_/A1 (gf180mcu_fd_sc_mcu9t5v0__oai21_2)
     2    0.03    0.24    0.18   16.20 ^ _5310_/ZN (gf180mcu_fd_sc_mcu9t5v0__oai21_2)
                                         _2660_ (net)
                  0.24    0.00   16.20 ^ _5311_/A1 (gf180mcu_fd_sc_mcu9t5v0__aoi21_2)
     1    0.02    0.16    0.08   16.28 v _5311_/ZN (gf180mcu_fd_sc_mcu9t5v0__aoi21_2)
                                         _2661_ (net)
                  0.16    0.00   16.28 v _5313_/A1 (gf180mcu_fd_sc_mcu9t5v0__oai21_2)
     2    0.02    0.21    0.17   16.45 ^ _5313_/ZN (gf180mcu_fd_sc_mcu9t5v0__oai21_2)
                                         _2663_ (net)
                  0.21    0.00   16.45 ^ _5315_/A2 (gf180mcu_fd_sc_mcu9t5v0__and2_2)
     1    0.01    0.08    0.16   16.61 ^ _5315_/Z (gf180mcu_fd_sc_mcu9t5v0__and2_2)
                                         _2665_ (net)
                  0.08    0.00   16.61 ^ _5317_/A1 (gf180mcu_fd_sc_mcu9t5v0__or3_4)
    24    0.34    0.63    0.47   17.07 ^ _5317_/Z (gf180mcu_fd_sc_mcu9t5v0__or3_4)
                                         _2667_ (net)
                  0.63    0.00   17.08 ^ _5318_/I (gf180mcu_fd_sc_mcu9t5v0__clkinv_8)
    20    0.28    0.36    0.29   17.37 v _5318_/ZN (gf180mcu_fd_sc_mcu9t5v0__clkinv_8)
                                         _2668_ (net)
                  0.36    0.00   17.37 v _7499_/A (gf180mcu_fd_sc_mcu9t5v0__addh_2)
     2    0.03    0.13    0.43   17.80 ^ _7499_/S (gf180mcu_fd_sc_mcu9t5v0__addh_2)
                                         _0947_ (net)
                  0.13    0.00   17.80 ^ _5555_/I (gf180mcu_fd_sc_mcu9t5v0__clkinv_3)
     2    0.04    0.13    0.11   17.91 v _5555_/ZN (gf180mcu_fd_sc_mcu9t5v0__clkinv_3)
                                         _2856_ (net)
                  0.13    0.00   17.91 v _5558_/A2 (gf180mcu_fd_sc_mcu9t5v0__oai21_4)
     2    0.03    0.18    0.13   18.05 ^ _5558_/ZN (gf180mcu_fd_sc_mcu9t5v0__oai21_4)
                                         _2859_ (net)
                  0.18    0.00   18.05 ^ _5559_/A1 (gf180mcu_fd_sc_mcu9t5v0__aoi21_2)
     1    0.01    0.16    0.08   18.13 v _5559_/ZN (gf180mcu_fd_sc_mcu9t5v0__aoi21_2)
                                         _2860_ (net)
                  0.16    0.00   18.13 v _5561_/A1 (gf180mcu_fd_sc_mcu9t5v0__oai21_2)
     2    0.03    0.24    0.18   18.31 ^ _5561_/ZN (gf180mcu_fd_sc_mcu9t5v0__oai21_2)
                                         _2862_ (net)
                  0.24    0.00   18.31 ^ _5562_/A1 (gf180mcu_fd_sc_mcu9t5v0__aoi21_2)
     1    0.01    0.16    0.08   18.39 v _5562_/ZN (gf180mcu_fd_sc_mcu9t5v0__aoi21_2)
                                         _2863_ (net)
                  0.16    0.00   18.39 v _5564_/A1 (gf180mcu_fd_sc_mcu9t5v0__oai21_2)
     2    0.03    0.25    0.19   18.58 ^ _5564_/ZN (gf180mcu_fd_sc_mcu9t5v0__oai21_2)
                                         _2865_ (net)
                  0.25    0.00   18.58 ^ _5565_/A1 (gf180mcu_fd_sc_mcu9t5v0__aoi21_2)
     1    0.02    0.16    0.08   18.67 v _5565_/ZN (gf180mcu_fd_sc_mcu9t5v0__aoi21_2)
                                         _2866_ (net)
                  0.16    0.00   18.67 v _5567_/A1 (gf180mcu_fd_sc_mcu9t5v0__oai21_2)
     2    0.03    0.24    0.19   18.85 ^ _5567_/ZN (gf180mcu_fd_sc_mcu9t5v0__oai21_2)
                                         _2868_ (net)
                  0.24    0.00   18.85 ^ _5568_/A1 (gf180mcu_fd_sc_mcu9t5v0__aoi21_2)
     1    0.01    0.16    0.08   18.93 v _5568_/ZN (gf180mcu_fd_sc_mcu9t5v0__aoi21_2)
                                         _2869_ (net)
                  0.16    0.00   18.93 v _5570_/A1 (gf180mcu_fd_sc_mcu9t5v0__oai21_2)
     2    0.03    0.24    0.18   19.12 ^ _5570_/ZN (gf180mcu_fd_sc_mcu9t5v0__oai21_2)
                                         _2871_ (net)
                  0.24    0.00   19.12 ^ _5571_/A1 (gf180mcu_fd_sc_mcu9t5v0__aoi21_2)
     1    0.02    0.16    0.08   19.20 v _5571_/ZN (gf180mcu_fd_sc_mcu9t5v0__aoi21_2)
                                         _2872_ (net)
                  0.16    0.00   19.20 v _5573_/A1 (gf180mcu_fd_sc_mcu9t5v0__oai21_2)
     2    0.03    0.24    0.18   19.39 ^ _5573_/ZN (gf180mcu_fd_sc_mcu9t5v0__oai21_2)
                                         _2874_ (net)
                  0.24    0.00   19.39 ^ _5574_/A1 (gf180mcu_fd_sc_mcu9t5v0__aoi21_2)
     2    0.02    0.18    0.11   19.49 v _5574_/ZN (gf180mcu_fd_sc_mcu9t5v0__aoi21_2)
                                         _2875_ (net)
                  0.18    0.00   19.49 v _5575_/A1 (gf180mcu_fd_sc_mcu9t5v0__or2_2)
     1    0.03    0.11    0.25   19.74 v _5575_/Z (gf180mcu_fd_sc_mcu9t5v0__or2_2)
                                         _2876_ (net)
                  0.11    0.00   19.74 v _5576_/A1 (gf180mcu_fd_sc_mcu9t5v0__nand2_4)
    26    0.35    0.75    0.47   20.21 ^ _5576_/ZN (gf180mcu_fd_sc_mcu9t5v0__nand2_4)
                                         _2877_ (net)
                  0.75    0.00   20.21 ^ _5577_/I (gf180mcu_fd_sc_mcu9t5v0__clkinv_8)
    19    0.26    0.37    0.30   20.51 v _5577_/ZN (gf180mcu_fd_sc_mcu9t5v0__clkinv_8)
                                         _2878_ (net)
                  0.37    0.00   20.51 v _7550_/B (gf180mcu_fd_sc_mcu9t5v0__addh_2)
     4    0.06    0.23    0.46   20.97 ^ _7550_/S (gf180mcu_fd_sc_mcu9t5v0__addh_2)
                                         _1123_ (net)
                  0.23    0.00   20.97 ^ _5770_/A1 (gf180mcu_fd_sc_mcu9t5v0__aoi21_2)
     1    0.02    0.29    0.09   21.06 v _5770_/ZN (gf180mcu_fd_sc_mcu9t5v0__aoi21_2)
                                         _3031_ (net)
                  0.29    0.00   21.06 v _5772_/A1 (gf180mcu_fd_sc_mcu9t5v0__oai21_2)
     2    0.03    0.25    0.22   21.28 ^ _5772_/ZN (gf180mcu_fd_sc_mcu9t5v0__oai21_2)
                                         _3033_ (net)
                  0.25    0.00   21.28 ^ _5773_/A1 (gf180mcu_fd_sc_mcu9t5v0__aoi21_2)
     1    0.02    0.16    0.08   21.37 v _5773_/ZN (gf180mcu_fd_sc_mcu9t5v0__aoi21_2)
                                         _3034_ (net)
                  0.16    0.00   21.37 v _5775_/A1 (gf180mcu_fd_sc_mcu9t5v0__oai21_2)
     2    0.03    0.25    0.19   21.56 ^ _5775_/ZN (gf180mcu_fd_sc_mcu9t5v0__oai21_2)
                                         _3036_ (net)
                  0.25    0.00   21.56 ^ _5776_/A1 (gf180mcu_fd_sc_mcu9t5v0__aoi21_2)
     1    0.02    0.16    0.09   21.64 v _5776_/ZN (gf180mcu_fd_sc_mcu9t5v0__aoi21_2)
                                         _3037_ (net)
                  0.16    0.00   21.64 v _5778_/A1 (gf180mcu_fd_sc_mcu9t5v0__oai21_2)
     2    0.03    0.24    0.19   21.83 ^ _5778_/ZN (gf180mcu_fd_sc_mcu9t5v0__oai21_2)
                                         _3039_ (net)
                  0.24    0.00   21.83 ^ _5779_/A1 (gf180mcu_fd_sc_mcu9t5v0__aoi21_2)
     1    0.02    0.16    0.09   21.92 v _5779_/ZN (gf180mcu_fd_sc_mcu9t5v0__aoi21_2)
                                         _3040_ (net)
                  0.16    0.00   21.92 v _5781_/A1 (gf180mcu_fd_sc_mcu9t5v0__oai21_2)
     2    0.03    0.24    0.18   22.10 ^ _5781_/ZN (gf180mcu_fd_sc_mcu9t5v0__oai21_2)
                                         _3042_ (net)
                  0.24    0.00   22.10 ^ _5782_/A1 (gf180mcu_fd_sc_mcu9t5v0__aoi21_2)
     1    0.02    0.16    0.08   22.18 v _5782_/ZN (gf180mcu_fd_sc_mcu9t5v0__aoi21_2)
                                         _3043_ (net)
                  0.16    0.00   22.18 v _5784_/A1 (gf180mcu_fd_sc_mcu9t5v0__oai21_2)
     2    0.03    0.24    0.18   22.37 ^ _5784_/ZN (gf180mcu_fd_sc_mcu9t5v0__oai21_2)
                                         _3045_ (net)
                  0.24    0.00   22.37 ^ _5785_/A1 (gf180mcu_fd_sc_mcu9t5v0__aoi21_2)
     1    0.02    0.16    0.08   22.45 v _5785_/ZN (gf180mcu_fd_sc_mcu9t5v0__aoi21_2)
                                         _3046_ (net)
                  0.16    0.00   22.45 v _5787_/A1 (gf180mcu_fd_sc_mcu9t5v0__oai21_2)
     2    0.03    0.23    0.18   22.64 ^ _5787_/ZN (gf180mcu_fd_sc_mcu9t5v0__oai21_2)
                                         _3048_ (net)
                  0.23    0.00   22.64 ^ _5788_/A1 (gf180mcu_fd_sc_mcu9t5v0__aoi21_2)
     2    0.03    0.25    0.12   22.75 v _5788_/ZN (gf180mcu_fd_sc_mcu9t5v0__aoi21_2)
                                         _3049_ (net)
                  0.25    0.00   22.75 v _5789_/A1 (gf180mcu_fd_sc_mcu9t5v0__nor2_2)
     1    0.01    0.17    0.15   22.90 ^ _5789_/ZN (gf180mcu_fd_sc_mcu9t5v0__nor2_2)
                                         _3050_ (net)
                  0.17    0.00   22.90 ^ _5790_/A1 (gf180mcu_fd_sc_mcu9t5v0__or2_4)
    28    0.38    0.69    0.50   23.40 ^ _5790_/Z (gf180mcu_fd_sc_mcu9t5v0__or2_4)
                                         _3051_ (net)
                  0.69    0.00   23.41 ^ _5791_/I (gf180mcu_fd_sc_mcu9t5v0__clkinv_8)
    15    0.22    0.33    0.26   23.67 v _5791_/ZN (gf180mcu_fd_sc_mcu9t5v0__clkinv_8)
                                         _3052_ (net)
                  0.33    0.00   23.67 v _7595_/A (gf180mcu_fd_sc_mcu9t5v0__addh_2)
     2    0.03    0.12    0.42   24.09 ^ _7595_/S (gf180mcu_fd_sc_mcu9t5v0__addh_2)
                                         _1277_ (net)
                  0.12    0.00   24.09 ^ _5964_/I (gf180mcu_fd_sc_mcu9t5v0__clkinv_2)
     2    0.03    0.11    0.10   24.19 v _5964_/ZN (gf180mcu_fd_sc_mcu9t5v0__clkinv_2)
                                         _3190_ (net)
                  0.11    0.00   24.19 v _5971_/A2 (gf180mcu_fd_sc_mcu9t5v0__oai21_2)
     2    0.02    0.19    0.15   24.34 ^ _5971_/ZN (gf180mcu_fd_sc_mcu9t5v0__oai21_2)
                                         _3197_ (net)
                  0.19    0.00   24.34 ^ _5972_/A1 (gf180mcu_fd_sc_mcu9t5v0__and2_2)
     1    0.01    0.08    0.17   24.51 ^ _5972_/Z (gf180mcu_fd_sc_mcu9t5v0__and2_2)
                                         _3198_ (net)
                  0.08    0.00   24.51 ^ _5973_/A1 (gf180mcu_fd_sc_mcu9t5v0__oai21_2)
     2    0.02    0.16    0.09   24.59 v _5973_/ZN (gf180mcu_fd_sc_mcu9t5v0__oai21_2)
                                         _3199_ (net)
                  0.16    0.00   24.59 v _5975_/A1 (gf180mcu_fd_sc_mcu9t5v0__aoi21_2)
     1    0.01    0.21    0.14   24.73 ^ _5975_/ZN (gf180mcu_fd_sc_mcu9t5v0__aoi21_2)
                                         _3201_ (net)
                  0.21    0.00   24.73 ^ _5976_/A1 (gf180mcu_fd_sc_mcu9t5v0__oai21_2)
     1    0.01    0.14    0.08   24.81 v _5976_/ZN (gf180mcu_fd_sc_mcu9t5v0__oai21_2)
                                         _3202_ (net)
                  0.14    0.00   24.81 v _5977_/A1 (gf180mcu_fd_sc_mcu9t5v0__nand2_2)
     2    0.02    0.13    0.11   24.92 ^ _5977_/ZN (gf180mcu_fd_sc_mcu9t5v0__nand2_2)
                                         _3203_ (net)
                  0.13    0.00   24.92 ^ _5978_/A1 (gf180mcu_fd_sc_mcu9t5v0__and2_2)
     1    0.02    0.09    0.16   25.09 ^ _5978_/Z (gf180mcu_fd_sc_mcu9t5v0__and2_2)
                                         _3204_ (net)
                  0.09    0.00   25.09 ^ _5979_/A1 (gf180mcu_fd_sc_mcu9t5v0__oai21_2)
     1    0.01    0.14    0.07   25.16 v _5979_/ZN (gf180mcu_fd_sc_mcu9t5v0__oai21_2)
                                         _3205_ (net)
                  0.14    0.00   25.16 v _5980_/A1 (gf180mcu_fd_sc_mcu9t5v0__nand2_2)
     2    0.02    0.13    0.11   25.27 ^ _5980_/ZN (gf180mcu_fd_sc_mcu9t5v0__nand2_2)
                                         _3206_ (net)
                  0.13    0.00   25.27 ^ _5981_/A1 (gf180mcu_fd_sc_mcu9t5v0__and2_2)
     1    0.01    0.08    0.16   25.42 ^ _5981_/Z (gf180mcu_fd_sc_mcu9t5v0__and2_2)
                                         _3207_ (net)
                  0.08    0.00   25.42 ^ _5982_/A1 (gf180mcu_fd_sc_mcu9t5v0__oai21_2)
     1    0.01    0.14    0.07   25.50 v _5982_/ZN (gf180mcu_fd_sc_mcu9t5v0__oai21_2)
                                         _3208_ (net)
                  0.14    0.00   25.50 v _5983_/A1 (gf180mcu_fd_sc_mcu9t5v0__nand2_2)
     2    0.02    0.13    0.11   25.60 ^ _5983_/ZN (gf180mcu_fd_sc_mcu9t5v0__nand2_2)
                                         _3209_ (net)
                  0.13    0.00   25.60 ^ _5984_/A1 (gf180mcu_fd_sc_mcu9t5v0__and2_2)
     1    0.02    0.09    0.16   25.76 ^ _5984_/Z (gf180mcu_fd_sc_mcu9t5v0__and2_2)
                                         _3210_ (net)
                  0.09    0.00   25.76 ^ _5985_/A1 (gf180mcu_fd_sc_mcu9t5v0__oai21_2)
     1    0.01    0.13    0.07   25.83 v _5985_/ZN (gf180mcu_fd_sc_mcu9t5v0__oai21_2)
                                         _3211_ (net)
                  0.13    0.00   25.83 v _5986_/A1 (gf180mcu_fd_sc_mcu9t5v0__nand2_2)
    32    0.40    1.66    1.01   26.84 ^ _5986_/ZN (gf180mcu_fd_sc_mcu9t5v0__nand2_2)
                                         _3212_ (net)
                  1.66    0.00   26.84 ^ _5987_/I (gf180mcu_fd_sc_mcu9t5v0__clkinv_4)
    17    0.26    0.76    0.59   27.44 v _5987_/ZN (gf180mcu_fd_sc_mcu9t5v0__clkinv_4)
                                         _3213_ (net)
                  0.76    0.00   27.44 v _6712_/S (gf180mcu_fd_sc_mcu9t5v0__mux2_2)
     2    0.03    0.15    0.44   27.88 ^ _6712_/Z (gf180mcu_fd_sc_mcu9t5v0__mux2_2)
                                         _0092_ (net)
                  0.15    0.00   27.88 ^ _7611_/B (gf180mcu_fd_sc_mcu9t5v0__addh_2)
     1    0.01    0.07    0.29   28.17 v _7611_/S (gf180mcu_fd_sc_mcu9t5v0__addh_2)
                                         _1325_ (net)
                  0.07    0.00   28.17 v _6167_/A1 (gf180mcu_fd_sc_mcu9t5v0__and2_2)
     1    0.01    0.06    0.13   28.30 v _6167_/Z (gf180mcu_fd_sc_mcu9t5v0__and2_2)
                                         _3365_ (net)
                  0.06    0.00   28.30 v _6168_/A1 (gf180mcu_fd_sc_mcu9t5v0__or2_2)
     1    0.01    0.07    0.17   28.47 v _6168_/Z (gf180mcu_fd_sc_mcu9t5v0__or2_2)
                                         _3366_ (net)
                  0.07    0.00   28.47 v _6169_/A2 (gf180mcu_fd_sc_mcu9t5v0__and2_2)
     1    0.01    0.06    0.15   28.62 v _6169_/Z (gf180mcu_fd_sc_mcu9t5v0__and2_2)
                                         _3367_ (net)
                  0.06    0.00   28.62 v _6170_/A1 (gf180mcu_fd_sc_mcu9t5v0__or2_2)
     2    0.02    0.09    0.19   28.81 v _6170_/Z (gf180mcu_fd_sc_mcu9t5v0__or2_2)
                                         _3368_ (net)
                  0.09    0.00   28.81 v _6171_/A2 (gf180mcu_fd_sc_mcu9t5v0__and2_2)
     1    0.01    0.06    0.15   28.96 v _6171_/Z (gf180mcu_fd_sc_mcu9t5v0__and2_2)
                                         _3369_ (net)
                  0.06    0.00   28.96 v _6172_/A1 (gf180mcu_fd_sc_mcu9t5v0__or2_2)
     1    0.01    0.07    0.17   29.13 v _6172_/Z (gf180mcu_fd_sc_mcu9t5v0__or2_2)
                                         _3370_ (net)
                  0.07    0.00   29.13 v _6173_/A2 (gf180mcu_fd_sc_mcu9t5v0__and2_2)
     1    0.01    0.06    0.14   29.27 v _6173_/Z (gf180mcu_fd_sc_mcu9t5v0__and2_2)
                                         _3371_ (net)
                  0.06    0.00   29.27 v _6174_/A1 (gf180mcu_fd_sc_mcu9t5v0__or2_2)
     2    0.02    0.09    0.19   29.47 v _6174_/Z (gf180mcu_fd_sc_mcu9t5v0__or2_2)
                                         _3372_ (net)
                  0.09    0.00   29.47 v _6175_/A2 (gf180mcu_fd_sc_mcu9t5v0__and2_2)
     1    0.02    0.07    0.17   29.63 v _6175_/Z (gf180mcu_fd_sc_mcu9t5v0__and2_2)
                                         _3373_ (net)
                  0.07    0.00   29.63 v _6176_/A1 (gf180mcu_fd_sc_mcu9t5v0__oai21_2)
     1    0.02    0.20    0.12   29.76 ^ _6176_/ZN (gf180mcu_fd_sc_mcu9t5v0__oai21_2)
                                         _3374_ (net)
                  0.20    0.00   29.76 ^ _6177_/A1 (gf180mcu_fd_sc_mcu9t5v0__nand2_2)
     2    0.03    0.14    0.11   29.87 v _6177_/ZN (gf180mcu_fd_sc_mcu9t5v0__nand2_2)
                                         _3375_ (net)
                  0.14    0.00   29.87 v _6178_/A1 (gf180mcu_fd_sc_mcu9t5v0__nand2_2)
     1    0.01    0.14    0.10   29.96 ^ _6178_/ZN (gf180mcu_fd_sc_mcu9t5v0__nand2_2)
                                         _3376_ (net)
                  0.14    0.00   29.96 ^ _6179_/A1 (gf180mcu_fd_sc_mcu9t5v0__nand2_2)
     1    0.03    0.13    0.10   30.07 v _6179_/ZN (gf180mcu_fd_sc_mcu9t5v0__nand2_2)
                                         _3377_ (net)
                  0.13    0.00   30.07 v _6180_/A1 (gf180mcu_fd_sc_mcu9t5v0__aoi21_4)
     3    0.07    0.33    0.20   30.27 ^ _6180_/ZN (gf180mcu_fd_sc_mcu9t5v0__aoi21_4)
                                         _3378_ (net)
                  0.33    0.00   30.27 ^ _6238_/B2 (gf180mcu_fd_sc_mcu9t5v0__aoi221_4)
     2    0.03    0.31    0.14   30.41 v _6238_/ZN (gf180mcu_fd_sc_mcu9t5v0__aoi221_4)
                                         _3430_ (net)
                  0.31    0.00   30.41 v _6240_/A1 (gf180mcu_fd_sc_mcu9t5v0__aoi211_2)
     1    0.01    0.32    0.22   30.63 ^ _6240_/ZN (gf180mcu_fd_sc_mcu9t5v0__aoi211_2)
                                         _3432_ (net)
                  0.32    0.00   30.63 ^ _6241_/A1 (gf180mcu_fd_sc_mcu9t5v0__xor2_2)
     5    0.06    0.24    0.28   30.91 ^ _6241_/Z (gf180mcu_fd_sc_mcu9t5v0__xor2_2)
                                         _3433_ (net)
                  0.24    0.00   30.91 ^ _6764_/A1 (gf180mcu_fd_sc_mcu9t5v0__nand4_2)
     2    0.03    0.23    0.15   31.07 v _6764_/ZN (gf180mcu_fd_sc_mcu9t5v0__nand4_2)
                                         _3736_ (net)
                  0.23    0.00   31.07 v _6765_/A1 (gf180mcu_fd_sc_mcu9t5v0__and2_2)
     1    0.01    0.08    0.18   31.25 v _6765_/Z (gf180mcu_fd_sc_mcu9t5v0__and2_2)
                                         _3737_ (net)
                  0.08    0.00   31.25 v _6766_/A1 (gf180mcu_fd_sc_mcu9t5v0__xnor2_2)
     1    0.02    0.09    0.34   31.59 ^ _6766_/ZN (gf180mcu_fd_sc_mcu9t5v0__xnor2_2)
                                         _1553_ (net)
                  0.09    0.00   31.59 ^ _7675_/B (gf180mcu_fd_sc_mcu9t5v0__addh_2)
     3    0.03    0.12    0.33   31.91 v _7675_/S (gf180mcu_fd_sc_mcu9t5v0__addh_2)
                                         _1556_ (net)
                  0.12    0.00   31.91 v _6991_/B (gf180mcu_fd_sc_mcu9t5v0__oai21_2)
     1    0.02    0.18    0.14   32.05 ^ _6991_/ZN (gf180mcu_fd_sc_mcu9t5v0__oai21_2)
                                         _3816_ (net)
                  0.18    0.00   32.05 ^ _6992_/A1 (gf180mcu_fd_sc_mcu9t5v0__nand2_2)
     2    0.02    0.11    0.08   32.13 v _6992_/ZN (gf180mcu_fd_sc_mcu9t5v0__nand2_2)
                                         _3817_ (net)
                  0.11    0.00   32.13 v _6993_/A2 (gf180mcu_fd_sc_mcu9t5v0__and2_2)
     1    0.01    0.07    0.17   32.30 v _6993_/Z (gf180mcu_fd_sc_mcu9t5v0__and2_2)
                                         _3818_ (net)
                  0.07    0.00   32.30 v _6994_/A1 (gf180mcu_fd_sc_mcu9t5v0__oai21_2)
     1    0.01    0.19    0.11   32.42 ^ _6994_/ZN (gf180mcu_fd_sc_mcu9t5v0__oai21_2)
                                         _3819_ (net)
                  0.19    0.00   32.42 ^ _6995_/A1 (gf180mcu_fd_sc_mcu9t5v0__nand2_2)
     2    0.02    0.11    0.08   32.50 v _6995_/ZN (gf180mcu_fd_sc_mcu9t5v0__nand2_2)
                                         _3820_ (net)
                  0.11    0.00   32.50 v _6996_/A1 (gf180mcu_fd_sc_mcu9t5v0__and2_2)
     1    0.01    0.07    0.15   32.66 v _6996_/Z (gf180mcu_fd_sc_mcu9t5v0__and2_2)
                                         _3821_ (net)
                  0.07    0.00   32.66 v _6997_/A1 (gf180mcu_fd_sc_mcu9t5v0__oai21_2)
     1    0.01    0.19    0.12   32.77 ^ _6997_/ZN (gf180mcu_fd_sc_mcu9t5v0__oai21_2)
                                         _3822_ (net)
                  0.19    0.00   32.77 ^ _6998_/A1 (gf180mcu_fd_sc_mcu9t5v0__nand2_2)
     2    0.02    0.11    0.08   32.86 v _6998_/ZN (gf180mcu_fd_sc_mcu9t5v0__nand2_2)
                                         _3823_ (net)
                  0.11    0.00   32.86 v _6999_/A2 (gf180mcu_fd_sc_mcu9t5v0__and2_2)
     1    0.01    0.07    0.17   33.03 v _6999_/Z (gf180mcu_fd_sc_mcu9t5v0__and2_2)
                                         _3824_ (net)
                  0.07    0.00   33.03 v _7000_/A1 (gf180mcu_fd_sc_mcu9t5v0__oai21_2)
     1    0.01    0.19    0.11   33.14 ^ _7000_/ZN (gf180mcu_fd_sc_mcu9t5v0__oai21_2)
                                         _3825_ (net)
                  0.19    0.00   33.14 ^ _7001_/A1 (gf180mcu_fd_sc_mcu9t5v0__nand2_2)
     2    0.02    0.11    0.08   33.22 v _7001_/ZN (gf180mcu_fd_sc_mcu9t5v0__nand2_2)
                                         _3826_ (net)
                  0.11    0.00   33.22 v _7050_/A2 (gf180mcu_fd_sc_mcu9t5v0__and2_2)
     1    0.01    0.07    0.17   33.39 v _7050_/Z (gf180mcu_fd_sc_mcu9t5v0__and2_2)
                                         _3873_ (net)
                  0.07    0.00   33.39 v _7051_/A1 (gf180mcu_fd_sc_mcu9t5v0__oai21_2)
     1    0.01    0.19    0.12   33.51 ^ _7051_/ZN (gf180mcu_fd_sc_mcu9t5v0__oai21_2)
                                         _3874_ (net)
                  0.19    0.00   33.51 ^ _7052_/A1 (gf180mcu_fd_sc_mcu9t5v0__nand2_2)
     2    0.03    0.12    0.10   33.61 v _7052_/ZN (gf180mcu_fd_sc_mcu9t5v0__nand2_2)
                                         _3875_ (net)
                  0.12    0.00   33.61 v _7065_/A1 (gf180mcu_fd_sc_mcu9t5v0__nand2_2)
     1    0.01    0.14    0.09   33.70 ^ _7065_/ZN (gf180mcu_fd_sc_mcu9t5v0__nand2_2)
                                         _3886_ (net)
                  0.14    0.00   33.70 ^ _7066_/A2 (gf180mcu_fd_sc_mcu9t5v0__nand2_2)
     1    0.01    0.08    0.07   33.77 v _7066_/ZN (gf180mcu_fd_sc_mcu9t5v0__nand2_2)
                                         _3887_ (net)
                  0.08    0.00   33.77 v _7067_/A1 (gf180mcu_fd_sc_mcu9t5v0__aoi21_2)
     1    0.01    0.19    0.11   33.88 ^ _7067_/ZN (gf180mcu_fd_sc_mcu9t5v0__aoi21_2)
                                         _3888_ (net)
                  0.19    0.00   33.88 ^ _7068_/A1 (gf180mcu_fd_sc_mcu9t5v0__xor2_2)
     2    0.03    0.12    0.30   34.17 v _7068_/Z (gf180mcu_fd_sc_mcu9t5v0__xor2_2)
                                         _3889_ (net)
                  0.12    0.00   34.17 v _7073_/A1 (gf180mcu_fd_sc_mcu9t5v0__nand2_2)
     1    0.01    0.12    0.09   34.26 ^ _7073_/ZN (gf180mcu_fd_sc_mcu9t5v0__nand2_2)
                                         _3893_ (net)
                  0.12    0.00   34.26 ^ _7074_/A1 (gf180mcu_fd_sc_mcu9t5v0__oai31_2)
     1    0.02    0.17    0.08   34.35 v _7074_/ZN (gf180mcu_fd_sc_mcu9t5v0__oai31_2)
                                         _3894_ (net)
                  0.17    0.00   34.35 v _7078_/A2 (gf180mcu_fd_sc_mcu9t5v0__xnor2_2)
     1    0.01    0.08    0.35   34.69 ^ _7078_/ZN (gf180mcu_fd_sc_mcu9t5v0__xnor2_2)
                                         _3898_ (net)
                  0.08    0.00   34.69 ^ _7081_/A3 (gf180mcu_fd_sc_mcu9t5v0__xnor3_2)
     1    0.02    0.10    0.31   35.00 v _7081_/ZN (gf180mcu_fd_sc_mcu9t5v0__xnor3_2)
                                         net55 (net)
                  0.10    0.00   35.00 v output55/I (gf180mcu_fd_sc_mcu9t5v0__dlyb_2)
     1    0.00    0.14    0.70   35.70 v output55/Z (gf180mcu_fd_sc_mcu9t5v0__dlyb_2)
                                         x_out[15] (net)
                  0.14    0.00   35.70 v x_out[15] (out)
                                 35.70   data arrival time

                  0.00   20.00   20.00   clock core_clock (rise edge)
                          0.00   20.00   clock network delay (ideal)
                          0.00   20.00   clock reconvergence pessimism
                         -0.20   19.80   output external delay
                                 19.80   data required time
-----------------------------------------------------------------------------
                                 19.80   data required time
                                -35.70   data arrival time
-----------------------------------------------------------------------------
                                -15.90   slack (VIOLATED)



==========================================================================
detailed place report_check_types -max_slew -max_cap -max_fanout -violators
--------------------------------------------------------------------------

==========================================================================
detailed place max_slew_check_slack
--------------------------------------------------------------------------
1.1446651220321655

==========================================================================
detailed place max_slew_check_limit
--------------------------------------------------------------------------
2.799999952316284

==========================================================================
detailed place max_slew_check_slack_limit
--------------------------------------------------------------------------
0.4088

==========================================================================
detailed place max_fanout_check_slack
--------------------------------------------------------------------------
1.0000000150474662e+30

==========================================================================
detailed place max_fanout_check_limit
--------------------------------------------------------------------------
1.0000000150474662e+30

==========================================================================
detailed place max_capacitance_check_slack
--------------------------------------------------------------------------
0.15641754865646362

==========================================================================
detailed place max_capacitance_check_limit
--------------------------------------------------------------------------
0.37540000677108765

==========================================================================
detailed place max_capacitance_check_slack_limit
--------------------------------------------------------------------------
0.4167

==========================================================================
detailed place max_slew_violation_count
--------------------------------------------------------------------------
max slew violation count 0

==========================================================================
detailed place max_fanout_violation_count
--------------------------------------------------------------------------
max fanout violation count 0

==========================================================================
detailed place max_cap_violation_count
--------------------------------------------------------------------------
max cap violation count 0

==========================================================================
detailed place setup_violation_count
--------------------------------------------------------------------------
setup violation count 32

==========================================================================
detailed place hold_violation_count
--------------------------------------------------------------------------
hold violation count 0

==========================================================================
detailed place critical path delay
--------------------------------------------------------------------------
35.6992

==========================================================================
detailed place critical path slack
--------------------------------------------------------------------------
-15.8992

==========================================================================
detailed place slack div critical path delay
--------------------------------------------------------------------------
-44.536572

==========================================================================
detailed place report_power
--------------------------------------------------------------------------
Group                  Internal  Switching    Leakage      Total
                          Power      Power      Power      Power (Watts)
----------------------------------------------------------------
Sequential             0.00e+00   0.00e+00   0.00e+00   0.00e+00   0.0%
Combinational          5.79e+00   3.82e+00   8.00e-07   9.61e+00 100.0%
Clock                  0.00e+00   0.00e+00   3.67e-08   3.67e-08   0.0%
Macro                  0.00e+00   0.00e+00   0.00e+00   0.00e+00   0.0%
Pad                    0.00e+00   0.00e+00   0.00e+00   0.00e+00   0.0%
----------------------------------------------------------------
Total                  5.79e+00   3.82e+00   8.37e-07   9.61e+00 100.0%
                          60.2%      39.8%       0.0%
