
==========================================================================
cts final report_tns
--------------------------------------------------------------------------
tns 0.00

==========================================================================
cts final report_wns
--------------------------------------------------------------------------
wns 0.00

==========================================================================
cts final report_worst_slack
--------------------------------------------------------------------------
worst slack 4.07

==========================================================================
cts final report_clock_skew
--------------------------------------------------------------------------
Clock core_clock
   0.25 source latency scan_reg[3]$_DFF_PN0_/CLK ^
  -0.25 target latency data_out[3]$_DFF_PN0_/CLK ^
   0.00 CRPR
--------------
   0.00 setup skew


==========================================================================
cts final report_checks -path_delay min
--------------------------------------------------------------------------
Startpoint: rst_n (input port clocked by core_clock)
Endpoint: data_out[0]$_DFF_PN0_
          (removal check against rising-edge clock core_clock)
Path Group: asynchronous
Path Type: min

Fanout     Cap    Slew   Delay    Time   Description
-----------------------------------------------------------------------------
                          0.00    0.00   clock core_clock (rise edge)
                          0.00    0.00   clock network delay (propagated)
                          0.20    0.20 ^ input external delay
     1    0.00    0.00    0.00    0.20 ^ rst_n (in)
                                         rst_n (net)
                  0.00    0.00    0.20 ^ hold2/A (sky130_fd_sc_hd__dlygate4sd3_1)
     1    0.01    0.08    0.54    0.74 ^ hold2/X (sky130_fd_sc_hd__dlygate4sd3_1)
                                         net20 (net)
                  0.08    0.00    0.74 ^ hold1/A (sky130_fd_sc_hd__clkbuf_8)
    16    0.07    0.13    0.21    0.95 ^ hold1/X (sky130_fd_sc_hd__clkbuf_8)
                                         net1 (net)
                  0.13    0.00    0.95 ^ data_out[0]$_DFF_PN0_/RESET_B (sky130_fd_sc_hd__dfrtp_1)
                                  0.95   data arrival time

                          0.00    0.00   clock core_clock (rise edge)
                          0.00    0.00   clock source latency
     1    0.01    0.00    0.00    0.00 ^ clk (in)
                                         clk (net)
                  0.00    0.00    0.00 ^ clkbuf_0_clk/A (sky130_fd_sc_hd__clkbuf_8)
     2    0.01    0.04    0.11    0.11 ^ clkbuf_0_clk/X (sky130_fd_sc_hd__clkbuf_8)
                                         clknet_0_clk (net)
                  0.04    0.00    0.11 ^ clkbuf_1_0__f_clk/A (sky130_fd_sc_hd__clkbuf_8)
     8    0.02    0.06    0.14    0.25 ^ clkbuf_1_0__f_clk/X (sky130_fd_sc_hd__clkbuf_8)
                                         clknet_1_0__leaf_clk (net)
                  0.06    0.00    0.25 ^ data_out[0]$_DFF_PN0_/CLK (sky130_fd_sc_hd__dfrtp_1)
                          0.00    0.25   clock reconvergence pessimism
                          0.35    0.59   library removal time
                                  0.59   data required time
-----------------------------------------------------------------------------
                                  0.59   data required time
                                 -0.95   data arrival time
-----------------------------------------------------------------------------
                                  0.36   slack (MET)


Startpoint: data_in[0] (input port clocked by core_clock)
Endpoint: scan_reg[0]$_DFF_PN0_
          (rising edge-triggered flip-flop clocked by core_clock)
Path Group: core_clock
Path Type: min

Fanout     Cap    Slew   Delay    Time   Description
-----------------------------------------------------------------------------
                          0.00    0.00   clock core_clock (rise edge)
                          0.00    0.00   clock network delay (propagated)
                          0.20    0.20 ^ input external delay
     1    0.00    0.00    0.00    0.20 ^ data_in[0] (in)
                                         data_in[0] (net)
                  0.00    0.00    0.20 ^ input1/A (sky130_fd_sc_hd__clkbuf_1)
     1    0.00    0.06    0.08    0.28 ^ input1/X (sky130_fd_sc_hd__clkbuf_1)
                                         net2 (net)
                  0.06    0.00    0.28 ^ _28_/A0 (sky130_fd_sc_hd__mux2_1)
     1    0.00    0.04    0.12    0.40 ^ _28_/X (sky130_fd_sc_hd__mux2_1)
                                         _08_ (net)
                  0.04    0.00    0.40 ^ scan_reg[0]$_DFF_PN0_/D (sky130_fd_sc_hd__dfrtp_1)
                                  0.40   data arrival time

                          0.00    0.00   clock core_clock (rise edge)
                          0.00    0.00   clock source latency
     1    0.01    0.00    0.00    0.00 ^ clk (in)
                                         clk (net)
                  0.00    0.00    0.00 ^ clkbuf_0_clk/A (sky130_fd_sc_hd__clkbuf_8)
     2    0.01    0.04    0.11    0.11 ^ clkbuf_0_clk/X (sky130_fd_sc_hd__clkbuf_8)
                                         clknet_0_clk (net)
                  0.04    0.00    0.11 ^ clkbuf_1_0__f_clk/A (sky130_fd_sc_hd__clkbuf_8)
     8    0.02    0.06    0.14    0.25 ^ clkbuf_1_0__f_clk/X (sky130_fd_sc_hd__clkbuf_8)
                                         clknet_1_0__leaf_clk (net)
                  0.06    0.00    0.25 ^ scan_reg[0]$_DFF_PN0_/CLK (sky130_fd_sc_hd__dfrtp_1)
                          0.00    0.25   clock reconvergence pessimism
                         -0.03    0.21   library hold time
                                  0.21   data required time
-----------------------------------------------------------------------------
                                  0.21   data required time
                                 -0.40   data arrival time
-----------------------------------------------------------------------------
                                  0.18   slack (MET)



==========================================================================
cts final report_checks -path_delay max
--------------------------------------------------------------------------
Startpoint: rst_n (input port clocked by core_clock)
Endpoint: scan_reg[5]$_DFF_PN0_
          (recovery check against rising-edge clock core_clock)
Path Group: asynchronous
Path Type: max

Fanout     Cap    Slew   Delay    Time   Description
-----------------------------------------------------------------------------
                          0.00    0.00   clock core_clock (rise edge)
                          0.00    0.00   clock network delay (propagated)
                          0.20    0.20 ^ input external delay
     1    0.00    0.00    0.00    0.20 ^ rst_n (in)
                                         rst_n (net)
                  0.00    0.00    0.20 ^ hold2/A (sky130_fd_sc_hd__dlygate4sd3_1)
     1    0.01    0.08    0.54    0.74 ^ hold2/X (sky130_fd_sc_hd__dlygate4sd3_1)
                                         net20 (net)
                  0.08    0.00    0.74 ^ hold1/A (sky130_fd_sc_hd__clkbuf_8)
    16    0.07    0.13    0.21    0.95 ^ hold1/X (sky130_fd_sc_hd__clkbuf_8)
                                         net1 (net)
                  0.13    0.00    0.95 ^ scan_reg[5]$_DFF_PN0_/RESET_B (sky130_fd_sc_hd__dfrtp_1)
                                  0.95   data arrival time

                          5.00    5.00   clock core_clock (rise edge)
                          0.00    5.00   clock source latency
     1    0.01    0.00    0.00    5.00 ^ clk (in)
                                         clk (net)
                  0.00    0.00    5.00 ^ clkbuf_0_clk/A (sky130_fd_sc_hd__clkbuf_8)
     2    0.01    0.04    0.11    5.11 ^ clkbuf_0_clk/X (sky130_fd_sc_hd__clkbuf_8)
                                         clknet_0_clk (net)
                  0.04    0.00    5.11 ^ clkbuf_1_1__f_clk/A (sky130_fd_sc_hd__clkbuf_8)
     9    0.02    0.06    0.14    5.25 ^ clkbuf_1_1__f_clk/X (sky130_fd_sc_hd__clkbuf_8)
                                         clknet_1_1__leaf_clk (net)
                  0.06    0.00    5.25 ^ scan_reg[5]$_DFF_PN0_/CLK (sky130_fd_sc_hd__dfrtp_1)
                          0.00    5.25   clock reconvergence pessimism
                          0.21    5.46   library recovery time
                                  5.46   data required time
-----------------------------------------------------------------------------
                                  5.46   data required time
                                 -0.95   data arrival time
-----------------------------------------------------------------------------
                                  4.50   slack (MET)


Startpoint: scan_reg[7]$_DFF_PN0_
            (rising edge-triggered flip-flop clocked by core_clock)
Endpoint: scan_out (output port clocked by core_clock)
Path Group: core_clock
Path Type: max

Fanout     Cap    Slew   Delay    Time   Description
-----------------------------------------------------------------------------
                          0.00    0.00   clock core_clock (rise edge)
                          0.00    0.00   clock source latency
     1    0.01    0.00    0.00    0.00 ^ clk (in)
                                         clk (net)
                  0.00    0.00    0.00 ^ clkbuf_0_clk/A (sky130_fd_sc_hd__clkbuf_8)
     2    0.01    0.04    0.11    0.11 ^ clkbuf_0_clk/X (sky130_fd_sc_hd__clkbuf_8)
                                         clknet_0_clk (net)
                  0.04    0.00    0.11 ^ clkbuf_1_1__f_clk/A (sky130_fd_sc_hd__clkbuf_8)
     9    0.02    0.06    0.14    0.25 ^ clkbuf_1_1__f_clk/X (sky130_fd_sc_hd__clkbuf_8)
                                         clknet_1_1__leaf_clk (net)
                  0.06    0.00    0.25 ^ scan_reg[7]$_DFF_PN0_/CLK (sky130_fd_sc_hd__dfrtp_1)
     2    0.01    0.07    0.39    0.64 v scan_reg[7]$_DFF_PN0_/Q (sky130_fd_sc_hd__dfrtp_1)
                                         net19 (net)
                  0.07    0.00    0.64 v output18/A (sky130_fd_sc_hd__clkbuf_1)
     1    0.00    0.02    0.09    0.73 v output18/X (sky130_fd_sc_hd__clkbuf_1)
                                         scan_out (net)
                  0.02    0.00    0.73 v scan_out (out)
                                  0.73   data arrival time

                          5.00    5.00   clock core_clock (rise edge)
                          0.00    5.00   clock network delay (propagated)
                          0.00    5.00   clock reconvergence pessimism
                         -0.20    4.80   output external delay
                                  4.80   data required time
-----------------------------------------------------------------------------
                                  4.80   data required time
                                 -0.73   data arrival time
-----------------------------------------------------------------------------
                                  4.07   slack (MET)



==========================================================================
cts final report_checks -unconstrained
--------------------------------------------------------------------------
Startpoint: rst_n (input port clocked by core_clock)
Endpoint: scan_reg[5]$_DFF_PN0_
          (recovery check against rising-edge clock core_clock)
Path Group: asynchronous
Path Type: max

Fanout     Cap    Slew   Delay    Time   Description
-----------------------------------------------------------------------------
                          0.00    0.00   clock core_clock (rise edge)
                          0.00    0.00   clock network delay (propagated)
                          0.20    0.20 ^ input external delay
     1    0.00    0.00    0.00    0.20 ^ rst_n (in)
                                         rst_n (net)
                  0.00    0.00    0.20 ^ hold2/A (sky130_fd_sc_hd__dlygate4sd3_1)
     1    0.01    0.08    0.54    0.74 ^ hold2/X (sky130_fd_sc_hd__dlygate4sd3_1)
                                         net20 (net)
                  0.08    0.00    0.74 ^ hold1/A (sky130_fd_sc_hd__clkbuf_8)
    16    0.07    0.13    0.21    0.95 ^ hold1/X (sky130_fd_sc_hd__clkbuf_8)
                                         net1 (net)
                  0.13    0.00    0.95 ^ scan_reg[5]$_DFF_PN0_/RESET_B (sky130_fd_sc_hd__dfrtp_1)
                                  0.95   data arrival time

                          5.00    5.00   clock core_clock (rise edge)
                          0.00    5.00   clock source latency
     1    0.01    0.00    0.00    5.00 ^ clk (in)
                                         clk (net)
                  0.00    0.00    5.00 ^ clkbuf_0_clk/A (sky130_fd_sc_hd__clkbuf_8)
     2    0.01    0.04    0.11    5.11 ^ clkbuf_0_clk/X (sky130_fd_sc_hd__clkbuf_8)
                                         clknet_0_clk (net)
                  0.04    0.00    5.11 ^ clkbuf_1_1__f_clk/A (sky130_fd_sc_hd__clkbuf_8)
     9    0.02    0.06    0.14    5.25 ^ clkbuf_1_1__f_clk/X (sky130_fd_sc_hd__clkbuf_8)
                                         clknet_1_1__leaf_clk (net)
                  0.06    0.00    5.25 ^ scan_reg[5]$_DFF_PN0_/CLK (sky130_fd_sc_hd__dfrtp_1)
                          0.00    5.25   clock reconvergence pessimism
                          0.21    5.46   library recovery time
                                  5.46   data required time
-----------------------------------------------------------------------------
                                  5.46   data required time
                                 -0.95   data arrival time
-----------------------------------------------------------------------------
                                  4.50   slack (MET)


Startpoint: scan_reg[7]$_DFF_PN0_
            (rising edge-triggered flip-flop clocked by core_clock)
Endpoint: scan_out (output port clocked by core_clock)
Path Group: core_clock
Path Type: max

Fanout     Cap    Slew   Delay    Time   Description
-----------------------------------------------------------------------------
                          0.00    0.00   clock core_clock (rise edge)
                          0.00    0.00   clock source latency
     1    0.01    0.00    0.00    0.00 ^ clk (in)
                                         clk (net)
                  0.00    0.00    0.00 ^ clkbuf_0_clk/A (sky130_fd_sc_hd__clkbuf_8)
     2    0.01    0.04    0.11    0.11 ^ clkbuf_0_clk/X (sky130_fd_sc_hd__clkbuf_8)
                                         clknet_0_clk (net)
                  0.04    0.00    0.11 ^ clkbuf_1_1__f_clk/A (sky130_fd_sc_hd__clkbuf_8)
     9    0.02    0.06    0.14    0.25 ^ clkbuf_1_1__f_clk/X (sky130_fd_sc_hd__clkbuf_8)
                                         clknet_1_1__leaf_clk (net)
                  0.06    0.00    0.25 ^ scan_reg[7]$_DFF_PN0_/CLK (sky130_fd_sc_hd__dfrtp_1)
     2    0.01    0.07    0.39    0.64 v scan_reg[7]$_DFF_PN0_/Q (sky130_fd_sc_hd__dfrtp_1)
                                         net19 (net)
                  0.07    0.00    0.64 v output18/A (sky130_fd_sc_hd__clkbuf_1)
     1    0.00    0.02    0.09    0.73 v output18/X (sky130_fd_sc_hd__clkbuf_1)
                                         scan_out (net)
                  0.02    0.00    0.73 v scan_out (out)
                                  0.73   data arrival time

                          5.00    5.00   clock core_clock (rise edge)
                          0.00    5.00   clock network delay (propagated)
                          0.00    5.00   clock reconvergence pessimism
                         -0.20    4.80   output external delay
                                  4.80   data required time
-----------------------------------------------------------------------------
                                  4.80   data required time
                                 -0.73   data arrival time
-----------------------------------------------------------------------------
                                  4.07   slack (MET)



==========================================================================
cts final report_check_types -max_slew -max_cap -max_fanout -violators
--------------------------------------------------------------------------

==========================================================================
cts final max_slew_check_slack
--------------------------------------------------------------------------
1.3654861450195312

==========================================================================
cts final max_slew_check_limit
--------------------------------------------------------------------------
1.5

==========================================================================
cts final max_slew_check_slack_limit
--------------------------------------------------------------------------
0.9103

==========================================================================
cts final max_fanout_check_slack
--------------------------------------------------------------------------
1.0000000150474662e+30

==========================================================================
cts final max_fanout_check_limit
--------------------------------------------------------------------------
1.0000000150474662e+30

==========================================================================
cts final max_capacitance_check_slack
--------------------------------------------------------------------------
0.12297004461288452

==========================================================================
cts final max_capacitance_check_limit
--------------------------------------------------------------------------
0.13001500070095062

==========================================================================
cts final max_capacitance_check_slack_limit
--------------------------------------------------------------------------
0.9458

==========================================================================
cts final max_slew_violation_count
--------------------------------------------------------------------------
max slew violation count 0

==========================================================================
cts final max_fanout_violation_count
--------------------------------------------------------------------------
max fanout violation count 0

==========================================================================
cts final max_cap_violation_count
--------------------------------------------------------------------------
max cap violation count 0

==========================================================================
cts final setup_violation_count
--------------------------------------------------------------------------
setup violation count 0

==========================================================================
cts final hold_violation_count
--------------------------------------------------------------------------
hold violation count 0

==========================================================================
cts final report_checks -path_delay max reg to reg
--------------------------------------------------------------------------
Startpoint: scan_reg[4]$_DFF_PN0_
            (rising edge-triggered flip-flop clocked by core_clock)
Endpoint: data_out[5]$_DFF_PN0_
          (rising edge-triggered flip-flop clocked by core_clock)
Path Group: core_clock
Path Type: max

  Delay    Time   Description
---------------------------------------------------------
   0.00    0.00   clock core_clock (rise edge)
   0.00    0.00   clock source latency
   0.00    0.00 ^ clk (in)
   0.11    0.11 ^ clkbuf_0_clk/X (sky130_fd_sc_hd__clkbuf_8)
   0.14    0.25 ^ clkbuf_1_1__f_clk/X (sky130_fd_sc_hd__clkbuf_8)
   0.00    0.25 ^ scan_reg[4]$_DFF_PN0_/CLK (sky130_fd_sc_hd__dfrtp_1)
   0.39    0.64 v scan_reg[4]$_DFF_PN0_/Q (sky130_fd_sc_hd__dfrtp_1)
   0.31    0.95 v _25_/X (sky130_fd_sc_hd__mux2_1)
   0.00    0.95 v data_out[5]$_DFF_PN0_/D (sky130_fd_sc_hd__dfrtp_1)
           0.95   data arrival time

   5.00    5.00   clock core_clock (rise edge)
   0.00    5.00   clock source latency
   0.00    5.00 ^ clk (in)
   0.11    5.11 ^ clkbuf_0_clk/X (sky130_fd_sc_hd__clkbuf_8)
   0.14    5.25 ^ clkbuf_1_1__f_clk/X (sky130_fd_sc_hd__clkbuf_8)
   0.00    5.25 ^ data_out[5]$_DFF_PN0_/CLK (sky130_fd_sc_hd__dfrtp_1)
   0.00    5.25   clock reconvergence pessimism
  -0.12    5.13   library setup time
           5.13   data required time
---------------------------------------------------------
           5.13   data required time
          -0.95   data arrival time
---------------------------------------------------------
           4.18   slack (MET)



==========================================================================
cts final report_checks -path_delay min reg to reg
--------------------------------------------------------------------------
Startpoint: scan_reg[1]$_DFF_PN0_
            (rising edge-triggered flip-flop clocked by core_clock)
Endpoint: scan_reg[2]$_DFF_PN0_
          (rising edge-triggered flip-flop clocked by core_clock)
Path Group: core_clock
Path Type: min

  Delay    Time   Description
---------------------------------------------------------
   0.00    0.00   clock core_clock (rise edge)
   0.00    0.00   clock source latency
   0.00    0.00 ^ clk (in)
   0.11    0.11 ^ clkbuf_0_clk/X (sky130_fd_sc_hd__clkbuf_8)
   0.14    0.25 ^ clkbuf_1_0__f_clk/X (sky130_fd_sc_hd__clkbuf_8)
   0.00    0.25 ^ scan_reg[1]$_DFF_PN0_/CLK (sky130_fd_sc_hd__dfrtp_1)
   0.36    0.60 ^ scan_reg[1]$_DFF_PN0_/Q (sky130_fd_sc_hd__dfrtp_1)
   0.13    0.73 ^ _30_/X (sky130_fd_sc_hd__mux2_1)
   0.00    0.73 ^ scan_reg[2]$_DFF_PN0_/D (sky130_fd_sc_hd__dfrtp_1)
           0.73   data arrival time

   0.00    0.00   clock core_clock (rise edge)
   0.00    0.00   clock source latency
   0.00    0.00 ^ clk (in)
   0.11    0.11 ^ clkbuf_0_clk/X (sky130_fd_sc_hd__clkbuf_8)
   0.14    0.25 ^ clkbuf_1_0__f_clk/X (sky130_fd_sc_hd__clkbuf_8)
   0.00    0.25 ^ scan_reg[2]$_DFF_PN0_/CLK (sky130_fd_sc_hd__dfrtp_1)
   0.00    0.25   clock reconvergence pessimism
  -0.03    0.21   library hold time
           0.21   data required time
---------------------------------------------------------
           0.21   data required time
          -0.73   data arrival time
---------------------------------------------------------
           0.52   slack (MET)



==========================================================================
cts final critical path target clock latency max path
--------------------------------------------------------------------------
0.2464

==========================================================================
cts final critical path target clock latency min path
--------------------------------------------------------------------------
0.2463

==========================================================================
cts final critical path source clock latency min path
--------------------------------------------------------------------------
0.0000

==========================================================================
cts final critical path delay
--------------------------------------------------------------------------
0.7276

==========================================================================
cts final critical path slack
--------------------------------------------------------------------------
4.0724

==========================================================================
cts final slack div critical path delay
--------------------------------------------------------------------------
559.703134

==========================================================================
cts final report_power
--------------------------------------------------------------------------
Group                  Internal  Switching    Leakage      Total
                          Power      Power      Power      Power (Watts)
----------------------------------------------------------------
Sequential             1.44e-04   8.20e-06   1.86e-10   1.52e-04  52.1%
Combinational          1.62e-05   1.17e-05   1.09e-10   2.79e-05   9.6%
Clock                  6.98e-05   4.18e-05   2.88e-11   1.12e-04  38.3%
Macro                  0.00e+00   0.00e+00   0.00e+00   0.00e+00   0.0%
Pad                    0.00e+00   0.00e+00   0.00e+00   0.00e+00   0.0%
----------------------------------------------------------------
Total                  2.30e-04   6.16e-05   3.24e-10   2.91e-04 100.0%
                          78.8%      21.2%       0.0%
