
==========================================================================
floorplan final report_tns
--------------------------------------------------------------------------
tns 0.00

==========================================================================
floorplan final report_wns
--------------------------------------------------------------------------
wns 0.00

==========================================================================
floorplan final report_worst_slack
--------------------------------------------------------------------------
worst slack 0.55

==========================================================================
floorplan final report_checks -path_delay min
--------------------------------------------------------------------------
Startpoint: binary_in[1] (input port clocked by core_clock)
Endpoint: gray_out[0] (output port clocked by core_clock)
Path Group: core_clock
Path Type: min

Fanout     Cap    Slew   Delay    Time   Description
-----------------------------------------------------------------------------
                  0.00    0.00    0.00   clock core_clock (rise edge)
                          0.00    0.00   clock network delay (ideal)
                          0.20    0.20 ^ input external delay
     2    4.46    0.00    0.00    0.20 ^ binary_in[1] (in)
                                         binary_in[1] (net)
                  0.00    0.00    0.20 ^ _0_/A (XOR2_X1)
     1    0.00    0.00    0.01    0.21 v _0_/Z (XOR2_X1)
                                         gray_out[0] (net)
                  0.00    0.00    0.21 v gray_out[0] (out)
                                  0.21   data arrival time

                  0.00    0.00    0.00   clock core_clock (rise edge)
                          0.00    0.00   clock network delay (ideal)
                          0.00    0.00   clock reconvergence pessimism
                         -0.20   -0.20   output external delay
                                 -0.20   data required time
-----------------------------------------------------------------------------
                                 -0.20   data required time
                                 -0.21   data arrival time
-----------------------------------------------------------------------------
                                  0.41   slack (MET)



==========================================================================
floorplan final report_checks -path_delay max
--------------------------------------------------------------------------
Startpoint: binary_in[0] (input port clocked by core_clock)
Endpoint: gray_out[0] (output port clocked by core_clock)
Path Group: core_clock
Path Type: max

Fanout     Cap    Slew   Delay    Time   Description
-----------------------------------------------------------------------------
                  0.00    0.00    0.00   clock core_clock (rise edge)
                          0.00    0.00   clock network delay (ideal)
                          0.20    0.20 v input external delay
     1    2.41    0.00    0.00    0.20 v binary_in[0] (in)
                                         binary_in[0] (net)
                  0.00    0.00    0.20 v _0_/B (XOR2_X1)
     1    0.00    0.01    0.05    0.25 v _0_/Z (XOR2_X1)
                                         gray_out[0] (net)
                  0.01    0.00    0.25 v gray_out[0] (out)
                                  0.25   data arrival time

                  0.00    1.00    1.00   clock core_clock (rise edge)
                          0.00    1.00   clock network delay (ideal)
                          0.00    1.00   clock reconvergence pessimism
                         -0.20    0.80   output external delay
                                  0.80   data required time
-----------------------------------------------------------------------------
                                  0.80   data required time
                                 -0.25   data arrival time
-----------------------------------------------------------------------------
                                  0.55   slack (MET)



==========================================================================
floorplan final report_checks -unconstrained
--------------------------------------------------------------------------
Startpoint: binary_in[0] (input port clocked by core_clock)
Endpoint: gray_out[0] (output port clocked by core_clock)
Path Group: core_clock
Path Type: max

Fanout     Cap    Slew   Delay    Time   Description
-----------------------------------------------------------------------------
                  0.00    0.00    0.00   clock core_clock (rise edge)
                          0.00    0.00   clock network delay (ideal)
                          0.20    0.20 v input external delay
     1    2.41    0.00    0.00    0.20 v binary_in[0] (in)
                                         binary_in[0] (net)
                  0.00    0.00    0.20 v _0_/B (XOR2_X1)
     1    0.00    0.01    0.05    0.25 v _0_/Z (XOR2_X1)
                                         gray_out[0] (net)
                  0.01    0.00    0.25 v gray_out[0] (out)
                                  0.25   data arrival time

                  0.00    1.00    1.00   clock core_clock (rise edge)
                          0.00    1.00   clock network delay (ideal)
                          0.00    1.00   clock reconvergence pessimism
                         -0.20    0.80   output external delay
                                  0.80   data required time
-----------------------------------------------------------------------------
                                  0.80   data required time
                                 -0.25   data arrival time
-----------------------------------------------------------------------------
                                  0.55   slack (MET)



==========================================================================
floorplan final report_power
--------------------------------------------------------------------------
Group                  Internal  Switching    Leakage      Total
                          Power      Power      Power      Power (Watts)
----------------------------------------------------------------
Sequential             0.00e+00   0.00e+00   0.00e+00   0.00e+00   0.0%
Combinational          2.02e-06   0.00e+00   1.30e-07   2.15e-06 100.0%
Clock                  0.00e+00   0.00e+00   0.00e+00   0.00e+00   0.0%
Macro                  0.00e+00   0.00e+00   0.00e+00   0.00e+00   0.0%
Pad                    0.00e+00   0.00e+00   0.00e+00   0.00e+00   0.0%
----------------------------------------------------------------
Total                  2.02e-06   0.00e+00   1.30e-07   2.15e-06 100.0%
                          93.9%       0.0%       6.1%
