
==========================================================================
detailed place report_tns
--------------------------------------------------------------------------
tns 0.00

==========================================================================
detailed place report_wns
--------------------------------------------------------------------------
wns 0.00

==========================================================================
detailed place report_worst_slack
--------------------------------------------------------------------------
worst slack 1.97

==========================================================================
detailed place report_checks -path_delay min
--------------------------------------------------------------------------
Startpoint: rst_n (input port clocked by core_clock)
Endpoint: rd_data_reg[0]$_DFFE_PN0P_
          (removal check against rising-edge clock core_clock)
Path Group: asynchronous
Path Type: min

Fanout     Cap    Slew   Delay    Time   Description
-----------------------------------------------------------------------------
                  0.00    0.00    0.00   clock core_clock (rise edge)
                          0.00    0.00   clock network delay (ideal)
                          0.20    0.20 ^ input external delay
     1    0.01    0.00    0.00    0.20 ^ rst_n (in)
                                         rst_n (net)
                  0.00    0.00    0.20 ^ hold1/A (sky130_fd_sc_hd__buf_6)
    19    0.09    0.19    0.19    0.39 ^ hold1/X (sky130_fd_sc_hd__buf_6)
                                         net1 (net)
                  0.19    0.00    0.39 ^ rd_data_reg[0]$_DFFE_PN0P_/RESET_B (sky130_fd_sc_hd__dfrtp_1)
                                  0.39   data arrival time

                  0.00    0.00    0.00   clock core_clock (rise edge)
                          0.00    0.00   clock network delay (ideal)
                          0.00    0.00   clock reconvergence pessimism
                                  0.00 ^ rd_data_reg[0]$_DFFE_PN0P_/CLK (sky130_fd_sc_hd__dfrtp_1)
                          0.35    0.35   library removal time
                                  0.35   data required time
-----------------------------------------------------------------------------
                                  0.35   data required time
                                 -0.39   data arrival time
-----------------------------------------------------------------------------
                                  0.04   slack (MET)


Startpoint: rd_data_reg[3]$_DFFE_PN0P_
            (rising edge-triggered flip-flop clocked by core_clock)
Endpoint: rd_data_reg[3]$_DFFE_PN0P_
          (rising edge-triggered flip-flop clocked by core_clock)
Path Group: core_clock
Path Type: min

Fanout     Cap    Slew   Delay    Time   Description
-----------------------------------------------------------------------------
                  0.00    0.00    0.00   clock core_clock (rise edge)
                          0.00    0.00   clock network delay (ideal)
                  0.00    0.00    0.00 ^ rd_data_reg[3]$_DFFE_PN0P_/CLK (sky130_fd_sc_hd__dfrtp_1)
     2    0.00    0.06    0.31    0.31 ^ rd_data_reg[3]$_DFFE_PN0P_/Q (sky130_fd_sc_hd__dfrtp_1)
                                         rd_data_reg[3] (net)
                  0.06    0.00    0.31 ^ _253_/A1 (sky130_fd_sc_hd__mux2_1)
     1    0.00    0.04    0.12    0.43 ^ _253_/X (sky130_fd_sc_hd__mux2_1)
                                         _023_ (net)
                  0.04    0.00    0.43 ^ rd_data_reg[3]$_DFFE_PN0P_/D (sky130_fd_sc_hd__dfrtp_1)
                                  0.43   data arrival time

                  0.00    0.00    0.00   clock core_clock (rise edge)
                          0.00    0.00   clock network delay (ideal)
                          0.00    0.00   clock reconvergence pessimism
                                  0.00 ^ rd_data_reg[3]$_DFFE_PN0P_/CLK (sky130_fd_sc_hd__dfrtp_1)
                         -0.04   -0.04   library hold time
                                 -0.04   data required time
-----------------------------------------------------------------------------
                                 -0.04   data required time
                                 -0.43   data arrival time
-----------------------------------------------------------------------------
                                  0.48   slack (MET)



==========================================================================
detailed place report_checks -path_delay max
--------------------------------------------------------------------------
Startpoint: rst_n (input port clocked by core_clock)
Endpoint: wr_ptr[2]$_DFFE_PN0P_
          (recovery check against rising-edge clock core_clock)
Path Group: asynchronous
Path Type: max

Fanout     Cap    Slew   Delay    Time   Description
-----------------------------------------------------------------------------
                  0.00    0.00    0.00   clock core_clock (rise edge)
                          0.00    0.00   clock network delay (ideal)
                          0.20    0.20 ^ input external delay
     1    0.01    0.00    0.00    0.20 ^ rst_n (in)
                                         rst_n (net)
                  0.00    0.00    0.20 ^ hold1/A (sky130_fd_sc_hd__buf_6)
    19    0.09    0.19    0.19    0.39 ^ hold1/X (sky130_fd_sc_hd__buf_6)
                                         net1 (net)
                  0.19    0.00    0.39 ^ wr_ptr[2]$_DFFE_PN0P_/RESET_B (sky130_fd_sc_hd__dfrtp_4)
                                  0.39   data arrival time

                  0.00    5.00    5.00   clock core_clock (rise edge)
                          0.00    5.00   clock network delay (ideal)
                          0.00    5.00   clock reconvergence pessimism
                                  5.00 ^ wr_ptr[2]$_DFFE_PN0P_/CLK (sky130_fd_sc_hd__dfrtp_4)
                          0.16    5.16   library recovery time
                                  5.16   data required time
-----------------------------------------------------------------------------
                                  5.16   data required time
                                 -0.39   data arrival time
-----------------------------------------------------------------------------
                                  4.77   slack (MET)


Startpoint: rd_ptr[1]$_DFFE_PN0P_
            (rising edge-triggered flip-flop clocked by core_clock)
Endpoint: mem[13][1]$_DFFE_PP_
          (rising edge-triggered flip-flop clocked by core_clock)
Path Group: core_clock
Path Type: max

Fanout     Cap    Slew   Delay    Time   Description
-----------------------------------------------------------------------------
                  0.00    0.00    0.00   clock core_clock (rise edge)
                          0.00    0.00   clock network delay (ideal)
                  0.00    0.00    0.00 ^ rd_ptr[1]$_DFFE_PN0P_/CLK (sky130_fd_sc_hd__dfrtp_1)
     3    0.01    0.10    0.35    0.35 ^ rd_ptr[1]$_DFFE_PN0P_/Q (sky130_fd_sc_hd__dfrtp_1)
                                         rd_ptr[1] (net)
                  0.10    0.00    0.35 ^ _205_/A (sky130_fd_sc_hd__buf_4)
    10    0.06    0.17    0.23    0.57 ^ _205_/X (sky130_fd_sc_hd__buf_4)
                                         _061_ (net)
                  0.17    0.00    0.57 ^ _206_/A (sky130_fd_sc_hd__clkinvlp_4)
     3    0.02    0.12    0.18    0.75 v _206_/Y (sky130_fd_sc_hd__clkinvlp_4)
                                         _136_ (net)
                  0.12    0.00    0.75 v _313_/A (sky130_fd_sc_hd__fa_2)
     6    0.02    0.11    0.54    1.29 v _313_/SUM (sky130_fd_sc_hd__fa_2)
                                         net17 (net)
                  0.11    0.00    1.29 v _172_/B (sky130_fd_sc_hd__nor3b_1)
     1    0.01    0.23    0.25    1.54 ^ _172_/Y (sky130_fd_sc_hd__nor3b_1)
                                         _048_ (net)
                  0.23    0.00    1.54 ^ _173_/D (sky130_fd_sc_hd__nand4b_2)
     2    0.01    0.14    0.18    1.72 v _173_/Y (sky130_fd_sc_hd__nand4b_2)
                                         _049_ (net)
                  0.14    0.00    1.72 v _174_/A2 (sky130_fd_sc_hd__a211oi_4)
     6    0.04    0.47    0.50    2.22 ^ _174_/Y (sky130_fd_sc_hd__a211oi_4)
                                         net15 (net)
                  0.47    0.00    2.22 ^ _181_/A (sky130_fd_sc_hd__nor2b_2)
     5    0.02    0.12    0.15    2.37 v _181_/Y (sky130_fd_sc_hd__nor2b_2)
                                         _054_ (net)
                  0.12    0.00    2.37 v _187_/A (sky130_fd_sc_hd__buf_6)
    10    0.04    0.05    0.18    2.54 v _187_/X (sky130_fd_sc_hd__buf_6)
                                         _056_ (net)
                  0.05    0.00    2.55 v _201_/B (sky130_fd_sc_hd__and3_4)
     8    0.05    0.08    0.22    2.77 v _201_/X (sky130_fd_sc_hd__and3_4)
                                         _005_ (net)
                  0.08    0.00    2.77 v mem[13][1]$_DFFE_PP_/DE (sky130_fd_sc_hd__edfxtp_1)
                                  2.77   data arrival time

                  0.00    5.00    5.00   clock core_clock (rise edge)
                          0.00    5.00   clock network delay (ideal)
                          0.00    5.00   clock reconvergence pessimism
                                  5.00 ^ mem[13][1]$_DFFE_PP_/CLK (sky130_fd_sc_hd__edfxtp_1)
                         -0.26    4.74   library setup time
                                  4.74   data required time
-----------------------------------------------------------------------------
                                  4.74   data required time
                                 -2.77   data arrival time
-----------------------------------------------------------------------------
                                  1.97   slack (MET)



==========================================================================
detailed place report_checks -unconstrained
--------------------------------------------------------------------------
Startpoint: rst_n (input port clocked by core_clock)
Endpoint: wr_ptr[2]$_DFFE_PN0P_
          (recovery check against rising-edge clock core_clock)
Path Group: asynchronous
Path Type: max

Fanout     Cap    Slew   Delay    Time   Description
-----------------------------------------------------------------------------
                  0.00    0.00    0.00   clock core_clock (rise edge)
                          0.00    0.00   clock network delay (ideal)
                          0.20    0.20 ^ input external delay
     1    0.01    0.00    0.00    0.20 ^ rst_n (in)
                                         rst_n (net)
                  0.00    0.00    0.20 ^ hold1/A (sky130_fd_sc_hd__buf_6)
    19    0.09    0.19    0.19    0.39 ^ hold1/X (sky130_fd_sc_hd__buf_6)
                                         net1 (net)
                  0.19    0.00    0.39 ^ wr_ptr[2]$_DFFE_PN0P_/RESET_B (sky130_fd_sc_hd__dfrtp_4)
                                  0.39   data arrival time

                  0.00    5.00    5.00   clock core_clock (rise edge)
                          0.00    5.00   clock network delay (ideal)
                          0.00    5.00   clock reconvergence pessimism
                                  5.00 ^ wr_ptr[2]$_DFFE_PN0P_/CLK (sky130_fd_sc_hd__dfrtp_4)
                          0.16    5.16   library recovery time
                                  5.16   data required time
-----------------------------------------------------------------------------
                                  5.16   data required time
                                 -0.39   data arrival time
-----------------------------------------------------------------------------
                                  4.77   slack (MET)


Startpoint: rd_ptr[1]$_DFFE_PN0P_
            (rising edge-triggered flip-flop clocked by core_clock)
Endpoint: mem[13][1]$_DFFE_PP_
          (rising edge-triggered flip-flop clocked by core_clock)
Path Group: core_clock
Path Type: max

Fanout     Cap    Slew   Delay    Time   Description
-----------------------------------------------------------------------------
                  0.00    0.00    0.00   clock core_clock (rise edge)
                          0.00    0.00   clock network delay (ideal)
                  0.00    0.00    0.00 ^ rd_ptr[1]$_DFFE_PN0P_/CLK (sky130_fd_sc_hd__dfrtp_1)
     3    0.01    0.10    0.35    0.35 ^ rd_ptr[1]$_DFFE_PN0P_/Q (sky130_fd_sc_hd__dfrtp_1)
                                         rd_ptr[1] (net)
                  0.10    0.00    0.35 ^ _205_/A (sky130_fd_sc_hd__buf_4)
    10    0.06    0.17    0.23    0.57 ^ _205_/X (sky130_fd_sc_hd__buf_4)
                                         _061_ (net)
                  0.17    0.00    0.57 ^ _206_/A (sky130_fd_sc_hd__clkinvlp_4)
     3    0.02    0.12    0.18    0.75 v _206_/Y (sky130_fd_sc_hd__clkinvlp_4)
                                         _136_ (net)
                  0.12    0.00    0.75 v _313_/A (sky130_fd_sc_hd__fa_2)
     6    0.02    0.11    0.54    1.29 v _313_/SUM (sky130_fd_sc_hd__fa_2)
                                         net17 (net)
                  0.11    0.00    1.29 v _172_/B (sky130_fd_sc_hd__nor3b_1)
     1    0.01    0.23    0.25    1.54 ^ _172_/Y (sky130_fd_sc_hd__nor3b_1)
                                         _048_ (net)
                  0.23    0.00    1.54 ^ _173_/D (sky130_fd_sc_hd__nand4b_2)
     2    0.01    0.14    0.18    1.72 v _173_/Y (sky130_fd_sc_hd__nand4b_2)
                                         _049_ (net)
                  0.14    0.00    1.72 v _174_/A2 (sky130_fd_sc_hd__a211oi_4)
     6    0.04    0.47    0.50    2.22 ^ _174_/Y (sky130_fd_sc_hd__a211oi_4)
                                         net15 (net)
                  0.47    0.00    2.22 ^ _181_/A (sky130_fd_sc_hd__nor2b_2)
     5    0.02    0.12    0.15    2.37 v _181_/Y (sky130_fd_sc_hd__nor2b_2)
                                         _054_ (net)
                  0.12    0.00    2.37 v _187_/A (sky130_fd_sc_hd__buf_6)
    10    0.04    0.05    0.18    2.54 v _187_/X (sky130_fd_sc_hd__buf_6)
                                         _056_ (net)
                  0.05    0.00    2.55 v _201_/B (sky130_fd_sc_hd__and3_4)
     8    0.05    0.08    0.22    2.77 v _201_/X (sky130_fd_sc_hd__and3_4)
                                         _005_ (net)
                  0.08    0.00    2.77 v mem[13][1]$_DFFE_PP_/DE (sky130_fd_sc_hd__edfxtp_1)
                                  2.77   data arrival time

                  0.00    5.00    5.00   clock core_clock (rise edge)
                          0.00    5.00   clock network delay (ideal)
                          0.00    5.00   clock reconvergence pessimism
                                  5.00 ^ mem[13][1]$_DFFE_PP_/CLK (sky130_fd_sc_hd__edfxtp_1)
                         -0.26    4.74   library setup time
                                  4.74   data required time
-----------------------------------------------------------------------------
                                  4.74   data required time
                                 -2.77   data arrival time
-----------------------------------------------------------------------------
                                  1.97   slack (MET)



==========================================================================
detailed place report_check_types -max_slew -max_cap -max_fanout -violators
--------------------------------------------------------------------------

==========================================================================
detailed place max_slew_check_slack
--------------------------------------------------------------------------
0.7361226081848145

==========================================================================
detailed place max_slew_check_limit
--------------------------------------------------------------------------
1.4888180494308472

==========================================================================
detailed place max_slew_check_slack_limit
--------------------------------------------------------------------------
0.4944

==========================================================================
detailed place max_fanout_check_slack
--------------------------------------------------------------------------
1.0000000150474662e+30

==========================================================================
detailed place max_fanout_check_limit
--------------------------------------------------------------------------
1.0000000150474662e+30

==========================================================================
detailed place max_capacitance_check_slack
--------------------------------------------------------------------------
0.01806928589940071

==========================================================================
detailed place max_capacitance_check_limit
--------------------------------------------------------------------------
0.021067000925540924

==========================================================================
detailed place max_capacitance_check_slack_limit
--------------------------------------------------------------------------
0.8577

==========================================================================
detailed place max_slew_violation_count
--------------------------------------------------------------------------
max slew violation count 0

==========================================================================
detailed place max_fanout_violation_count
--------------------------------------------------------------------------
max fanout violation count 0

==========================================================================
detailed place max_cap_violation_count
--------------------------------------------------------------------------
max cap violation count 0

==========================================================================
detailed place setup_violation_count
--------------------------------------------------------------------------
setup violation count 0

==========================================================================
detailed place hold_violation_count
--------------------------------------------------------------------------
hold violation count 0

==========================================================================
detailed place report_checks -path_delay max reg to reg
--------------------------------------------------------------------------
Startpoint: rd_ptr[1]$_DFFE_PN0P_
            (rising edge-triggered flip-flop clocked by core_clock)
Endpoint: mem[13][1]$_DFFE_PP_
          (rising edge-triggered flip-flop clocked by core_clock)
Path Group: core_clock
Path Type: max

  Delay    Time   Description
---------------------------------------------------------
   0.00    0.00   clock core_clock (rise edge)
   0.00    0.00   clock network delay (ideal)
   0.00    0.00 ^ rd_ptr[1]$_DFFE_PN0P_/CLK (sky130_fd_sc_hd__dfrtp_1)
   0.35    0.35 ^ rd_ptr[1]$_DFFE_PN0P_/Q (sky130_fd_sc_hd__dfrtp_1)
   0.23    0.57 ^ _205_/X (sky130_fd_sc_hd__buf_4)
   0.18    0.75 v _206_/Y (sky130_fd_sc_hd__clkinvlp_4)
   0.54    1.29 v _313_/SUM (sky130_fd_sc_hd__fa_2)
   0.25    1.54 ^ _172_/Y (sky130_fd_sc_hd__nor3b_1)
   0.18    1.72 v _173_/Y (sky130_fd_sc_hd__nand4b_2)
   0.50    2.22 ^ _174_/Y (sky130_fd_sc_hd__a211oi_4)
   0.15    2.37 v _181_/Y (sky130_fd_sc_hd__nor2b_2)
   0.18    2.54 v _187_/X (sky130_fd_sc_hd__buf_6)
   0.22    2.77 v _201_/X (sky130_fd_sc_hd__and3_4)
   0.00    2.77 v mem[13][1]$_DFFE_PP_/DE (sky130_fd_sc_hd__edfxtp_1)
           2.77   data arrival time

   5.00    5.00   clock core_clock (rise edge)
   0.00    5.00   clock network delay (ideal)
   0.00    5.00   clock reconvergence pessimism
           5.00 ^ mem[13][1]$_DFFE_PP_/CLK (sky130_fd_sc_hd__edfxtp_1)
  -0.26    4.74   library setup time
           4.74   data required time
---------------------------------------------------------
           4.74   data required time
          -2.77   data arrival time
---------------------------------------------------------
           1.97   slack (MET)



==========================================================================
detailed place report_checks -path_delay min reg to reg
--------------------------------------------------------------------------
Startpoint: rd_data_reg[3]$_DFFE_PN0P_
            (rising edge-triggered flip-flop clocked by core_clock)
Endpoint: rd_data_reg[3]$_DFFE_PN0P_
          (rising edge-triggered flip-flop clocked by core_clock)
Path Group: core_clock
Path Type: min

  Delay    Time   Description
---------------------------------------------------------
   0.00    0.00   clock core_clock (rise edge)
   0.00    0.00   clock network delay (ideal)
   0.00    0.00 ^ rd_data_reg[3]$_DFFE_PN0P_/CLK (sky130_fd_sc_hd__dfrtp_1)
   0.31    0.31 ^ rd_data_reg[3]$_DFFE_PN0P_/Q (sky130_fd_sc_hd__dfrtp_1)
   0.12    0.43 ^ _253_/X (sky130_fd_sc_hd__mux2_1)
   0.00    0.43 ^ rd_data_reg[3]$_DFFE_PN0P_/D (sky130_fd_sc_hd__dfrtp_1)
           0.43   data arrival time

   0.00    0.00   clock core_clock (rise edge)
   0.00    0.00   clock network delay (ideal)
   0.00    0.00   clock reconvergence pessimism
           0.00 ^ rd_data_reg[3]$_DFFE_PN0P_/CLK (sky130_fd_sc_hd__dfrtp_1)
  -0.04   -0.04   library hold time
          -0.04   data required time
---------------------------------------------------------
          -0.04   data required time
          -0.43   data arrival time
---------------------------------------------------------
           0.48   slack (MET)



==========================================================================
detailed place critical path target clock latency max path
--------------------------------------------------------------------------
0.0000

==========================================================================
detailed place critical path target clock latency min path
--------------------------------------------------------------------------
0.0000

==========================================================================
detailed place critical path source clock latency min path
--------------------------------------------------------------------------
0.0000

==========================================================================
detailed place critical path delay
--------------------------------------------------------------------------
2.7699

==========================================================================
detailed place critical path slack
--------------------------------------------------------------------------
1.9708

==========================================================================
detailed place slack div critical path delay
--------------------------------------------------------------------------
71.150583

==========================================================================
detailed place report_power
--------------------------------------------------------------------------
Group                  Internal  Switching    Leakage      Total
                          Power      Power      Power      Power (Watts)
----------------------------------------------------------------
Sequential             1.57e-03   1.11e-04   1.37e-09   1.68e-03  50.2%
Combinational          7.74e-04   8.96e-04   8.85e-10   1.67e-03  49.8%
Clock                  0.00e+00   0.00e+00   0.00e+00   0.00e+00   0.0%
Macro                  0.00e+00   0.00e+00   0.00e+00   0.00e+00   0.0%
Pad                    0.00e+00   0.00e+00   0.00e+00   0.00e+00   0.0%
----------------------------------------------------------------
Total                  2.35e-03   1.01e-03   2.26e-09   3.35e-03 100.0%
                          70.0%      30.0%       0.0%
