
==========================================================================
global place report_tns
--------------------------------------------------------------------------
tns 0.00

==========================================================================
global place report_wns
--------------------------------------------------------------------------
wns 0.00

==========================================================================
global place report_worst_slack
--------------------------------------------------------------------------
worst slack 6.98

==========================================================================
global place report_checks -path_delay min
--------------------------------------------------------------------------
Startpoint: rst_n (input port clocked by core_clock)
Endpoint: valid_out$_DFF_PN0_
          (removal check against rising-edge clock core_clock)
Path Group: asynchronous
Path Type: min

Fanout     Cap    Slew   Delay    Time   Description
-----------------------------------------------------------------------------
                  0.00    0.00    0.00   clock core_clock (rise edge)
                          0.00    0.00   clock network delay (ideal)
                          0.20    0.20 ^ input external delay
     1    0.09    0.00    0.00    0.20 ^ rst_n (in)
                                         rst_n (net)
                  0.00    0.00    0.20 ^ hold1/I (gf180mcu_fd_sc_mcu9t5v0__dlyc_1)
    23    0.29    2.16    2.01    2.21 ^ hold1/Z (gf180mcu_fd_sc_mcu9t5v0__dlyc_1)
                                         net1 (net)
                  2.16    0.00    2.21 ^ valid_out$_DFF_PN0_/RN (gf180mcu_fd_sc_mcu9t5v0__dffrnq_2)
                                  2.21   data arrival time

                  0.00    0.00    0.00   clock core_clock (rise edge)
                          0.00    0.00   clock network delay (ideal)
                          0.00    0.00   clock reconvergence pessimism
                                  0.00 ^ valid_out$_DFF_PN0_/CLK (gf180mcu_fd_sc_mcu9t5v0__dffrnq_2)
                          0.53    0.53   library removal time
                                  0.53   data required time
-----------------------------------------------------------------------------
                                  0.53   data required time
                                 -2.21   data arrival time
-----------------------------------------------------------------------------
                                  1.68   slack (MET)


Startpoint: enable (input port clocked by core_clock)
Endpoint: valid_out$_DFF_PN0_
          (rising edge-triggered flip-flop clocked by core_clock)
Path Group: core_clock
Path Type: min

Fanout     Cap    Slew   Delay    Time   Description
-----------------------------------------------------------------------------
                  0.00    0.00    0.00   clock core_clock (rise edge)
                          0.00    0.00   clock network delay (ideal)
                          0.20    0.20 v input external delay
    10    0.18    0.00    0.00    0.20 v enable (in)
                                         enable (net)
                  0.00    0.00    0.20 v valid_out$_DFF_PN0_/D (gf180mcu_fd_sc_mcu9t5v0__dffrnq_2)
                                  0.20   data arrival time

                  0.00    0.00    0.00   clock core_clock (rise edge)
                          0.00    0.00   clock network delay (ideal)
                          0.00    0.00   clock reconvergence pessimism
                                  0.00 ^ valid_out$_DFF_PN0_/CLK (gf180mcu_fd_sc_mcu9t5v0__dffrnq_2)
                          0.05    0.05   library hold time
                                  0.05   data required time
-----------------------------------------------------------------------------
                                  0.05   data required time
                                 -0.20   data arrival time
-----------------------------------------------------------------------------
                                  0.15   slack (MET)



==========================================================================
global place report_checks -path_delay max
--------------------------------------------------------------------------
Startpoint: rst_n (input port clocked by core_clock)
Endpoint: cosine_out[0]$_DFFE_PN0P_
          (recovery check against rising-edge clock core_clock)
Path Group: asynchronous
Path Type: max

Fanout     Cap    Slew   Delay    Time   Description
-----------------------------------------------------------------------------
                  0.00    0.00    0.00   clock core_clock (rise edge)
                          0.00    0.00   clock network delay (ideal)
                          0.20    0.20 ^ input external delay
     1    0.09    0.00    0.00    0.20 ^ rst_n (in)
                                         rst_n (net)
                  0.00    0.00    0.20 ^ hold1/I (gf180mcu_fd_sc_mcu9t5v0__dlyc_1)
    23    0.29    2.16    2.01    2.21 ^ hold1/Z (gf180mcu_fd_sc_mcu9t5v0__dlyc_1)
                                         net1 (net)
                  2.16    0.00    2.21 ^ cosine_out[0]$_DFFE_PN0P_/RN (gf180mcu_fd_sc_mcu9t5v0__dffrnq_2)
                                  2.21   data arrival time

                  0.00   10.00   10.00   clock core_clock (rise edge)
                          0.00   10.00   clock network delay (ideal)
                          0.00   10.00   clock reconvergence pessimism
                                 10.00 ^ cosine_out[0]$_DFFE_PN0P_/CLK (gf180mcu_fd_sc_mcu9t5v0__dffrnq_2)
                         -0.80    9.20   library recovery time
                                  9.20   data required time
-----------------------------------------------------------------------------
                                  9.20   data required time
                                 -2.21   data arrival time
-----------------------------------------------------------------------------
                                  6.98   slack (MET)


Startpoint: phase_in[13] (input port clocked by core_clock)
Endpoint: cosine_out[4]$_DFFE_PN0P_
          (rising edge-triggered flip-flop clocked by core_clock)
Path Group: core_clock
Path Type: max

Fanout     Cap    Slew   Delay    Time   Description
-----------------------------------------------------------------------------
                  0.00    0.00    0.00   clock core_clock (rise edge)
                          0.00    0.00   clock network delay (ideal)
                          0.20    0.20 v input external delay
    10    0.18    0.00    0.00    0.20 v phase_in[13] (in)
                                         phase_in[13] (net)
                  0.00    0.00    0.20 v _242_/I (gf180mcu_fd_sc_mcu9t5v0__clkinv_2)
     6    0.06    0.23    0.14    0.34 ^ _242_/ZN (gf180mcu_fd_sc_mcu9t5v0__clkinv_2)
                                         _228_ (net)
                  0.23    0.00    0.34 ^ _470_/B (gf180mcu_fd_sc_mcu9t5v0__addh_1)
     2    0.01    0.15    0.26    0.60 ^ _470_/CO (gf180mcu_fd_sc_mcu9t5v0__addh_1)
                                         _229_ (net)
                  0.15    0.00    0.60 ^ _248_/I (gf180mcu_fd_sc_mcu9t5v0__buf_2)
    10    0.23    0.85    0.58    1.18 ^ _248_/Z (gf180mcu_fd_sc_mcu9t5v0__buf_2)
                                         _205_ (net)
                  0.85    0.00    1.18 ^ _273_/A3 (gf180mcu_fd_sc_mcu9t5v0__and4_2)
     3    0.11    0.45    0.48    1.66 ^ _273_/Z (gf180mcu_fd_sc_mcu9t5v0__and4_2)
                                         _025_ (net)
                  0.45    0.00    1.66 ^ _278_/A1 (gf180mcu_fd_sc_mcu9t5v0__nand2_2)
     9    0.11    0.40    0.30    1.96 v _278_/ZN (gf180mcu_fd_sc_mcu9t5v0__nand2_2)
                                         _030_ (net)
                  0.40    0.00    1.96 v _366_/A1 (gf180mcu_fd_sc_mcu9t5v0__and2_2)
     2    0.03    0.10    0.26    2.21 v _366_/Z (gf180mcu_fd_sc_mcu9t5v0__and2_2)
                                         _111_ (net)
                  0.10    0.00    2.21 v _376_/B2 (gf180mcu_fd_sc_mcu9t5v0__aoi221_2)
     1    0.01    0.32    0.25    2.46 ^ _376_/ZN (gf180mcu_fd_sc_mcu9t5v0__aoi221_2)
                                         _008_ (net)
                  0.32    0.00    2.46 ^ cosine_out[4]$_DFFE_PN0P_/D (gf180mcu_fd_sc_mcu9t5v0__dffrnq_2)
                                  2.46   data arrival time

                  0.00   10.00   10.00   clock core_clock (rise edge)
                          0.00   10.00   clock network delay (ideal)
                          0.00   10.00   clock reconvergence pessimism
                                 10.00 ^ cosine_out[4]$_DFFE_PN0P_/CLK (gf180mcu_fd_sc_mcu9t5v0__dffrnq_2)
                         -0.17    9.83   library setup time
                                  9.83   data required time
-----------------------------------------------------------------------------
                                  9.83   data required time
                                 -2.46   data arrival time
-----------------------------------------------------------------------------
                                  7.37   slack (MET)



==========================================================================
global place report_checks -unconstrained
--------------------------------------------------------------------------
Startpoint: rst_n (input port clocked by core_clock)
Endpoint: cosine_out[0]$_DFFE_PN0P_
          (recovery check against rising-edge clock core_clock)
Path Group: asynchronous
Path Type: max

Fanout     Cap    Slew   Delay    Time   Description
-----------------------------------------------------------------------------
                  0.00    0.00    0.00   clock core_clock (rise edge)
                          0.00    0.00   clock network delay (ideal)
                          0.20    0.20 ^ input external delay
     1    0.09    0.00    0.00    0.20 ^ rst_n (in)
                                         rst_n (net)
                  0.00    0.00    0.20 ^ hold1/I (gf180mcu_fd_sc_mcu9t5v0__dlyc_1)
    23    0.29    2.16    2.01    2.21 ^ hold1/Z (gf180mcu_fd_sc_mcu9t5v0__dlyc_1)
                                         net1 (net)
                  2.16    0.00    2.21 ^ cosine_out[0]$_DFFE_PN0P_/RN (gf180mcu_fd_sc_mcu9t5v0__dffrnq_2)
                                  2.21   data arrival time

                  0.00   10.00   10.00   clock core_clock (rise edge)
                          0.00   10.00   clock network delay (ideal)
                          0.00   10.00   clock reconvergence pessimism
                                 10.00 ^ cosine_out[0]$_DFFE_PN0P_/CLK (gf180mcu_fd_sc_mcu9t5v0__dffrnq_2)
                         -0.80    9.20   library recovery time
                                  9.20   data required time
-----------------------------------------------------------------------------
                                  9.20   data required time
                                 -2.21   data arrival time
-----------------------------------------------------------------------------
                                  6.98   slack (MET)


Startpoint: phase_in[13] (input port clocked by core_clock)
Endpoint: cosine_out[4]$_DFFE_PN0P_
          (rising edge-triggered flip-flop clocked by core_clock)
Path Group: core_clock
Path Type: max

Fanout     Cap    Slew   Delay    Time   Description
-----------------------------------------------------------------------------
                  0.00    0.00    0.00   clock core_clock (rise edge)
                          0.00    0.00   clock network delay (ideal)
                          0.20    0.20 v input external delay
    10    0.18    0.00    0.00    0.20 v phase_in[13] (in)
                                         phase_in[13] (net)
                  0.00    0.00    0.20 v _242_/I (gf180mcu_fd_sc_mcu9t5v0__clkinv_2)
     6    0.06    0.23    0.14    0.34 ^ _242_/ZN (gf180mcu_fd_sc_mcu9t5v0__clkinv_2)
                                         _228_ (net)
                  0.23    0.00    0.34 ^ _470_/B (gf180mcu_fd_sc_mcu9t5v0__addh_1)
     2    0.01    0.15    0.26    0.60 ^ _470_/CO (gf180mcu_fd_sc_mcu9t5v0__addh_1)
                                         _229_ (net)
                  0.15    0.00    0.60 ^ _248_/I (gf180mcu_fd_sc_mcu9t5v0__buf_2)
    10    0.23    0.85    0.58    1.18 ^ _248_/Z (gf180mcu_fd_sc_mcu9t5v0__buf_2)
                                         _205_ (net)
                  0.85    0.00    1.18 ^ _273_/A3 (gf180mcu_fd_sc_mcu9t5v0__and4_2)
     3    0.11    0.45    0.48    1.66 ^ _273_/Z (gf180mcu_fd_sc_mcu9t5v0__and4_2)
                                         _025_ (net)
                  0.45    0.00    1.66 ^ _278_/A1 (gf180mcu_fd_sc_mcu9t5v0__nand2_2)
     9    0.11    0.40    0.30    1.96 v _278_/ZN (gf180mcu_fd_sc_mcu9t5v0__nand2_2)
                                         _030_ (net)
                  0.40    0.00    1.96 v _366_/A1 (gf180mcu_fd_sc_mcu9t5v0__and2_2)
     2    0.03    0.10    0.26    2.21 v _366_/Z (gf180mcu_fd_sc_mcu9t5v0__and2_2)
                                         _111_ (net)
                  0.10    0.00    2.21 v _376_/B2 (gf180mcu_fd_sc_mcu9t5v0__aoi221_2)
     1    0.01    0.32    0.25    2.46 ^ _376_/ZN (gf180mcu_fd_sc_mcu9t5v0__aoi221_2)
                                         _008_ (net)
                  0.32    0.00    2.46 ^ cosine_out[4]$_DFFE_PN0P_/D (gf180mcu_fd_sc_mcu9t5v0__dffrnq_2)
                                  2.46   data arrival time

                  0.00   10.00   10.00   clock core_clock (rise edge)
                          0.00   10.00   clock network delay (ideal)
                          0.00   10.00   clock reconvergence pessimism
                                 10.00 ^ cosine_out[4]$_DFFE_PN0P_/CLK (gf180mcu_fd_sc_mcu9t5v0__dffrnq_2)
                         -0.17    9.83   library setup time
                                  9.83   data required time
-----------------------------------------------------------------------------
                                  9.83   data required time
                                 -2.46   data arrival time
-----------------------------------------------------------------------------
                                  7.37   slack (MET)



==========================================================================
global place report_power
--------------------------------------------------------------------------
Group                  Internal  Switching    Leakage      Total
                          Power      Power      Power      Power (Watts)
----------------------------------------------------------------
Sequential             3.01e-03   8.19e-04   1.39e-08   3.83e-03  50.7%
Combinational          2.43e-03   1.29e-03   5.54e-08   3.72e-03  49.3%
Clock                  0.00e+00   0.00e+00   1.55e-07   1.55e-07   0.0%
Macro                  0.00e+00   0.00e+00   0.00e+00   0.00e+00   0.0%
Pad                    0.00e+00   0.00e+00   0.00e+00   0.00e+00   0.0%
----------------------------------------------------------------
Total                  5.45e-03   2.11e-03   2.25e-07   7.56e-03 100.0%
                          72.1%      27.9%       0.0%
