
==========================================================================
floorplan final report_tns
--------------------------------------------------------------------------
tns 0.00

==========================================================================
floorplan final report_wns
--------------------------------------------------------------------------
wns 0.00

==========================================================================
floorplan final report_worst_slack
--------------------------------------------------------------------------
worst slack 1.82

==========================================================================
floorplan final report_checks -path_delay min
--------------------------------------------------------------------------
Startpoint: rst_n (input port clocked by core_clock)
Endpoint: error_count[0]$_DFFE_PN0P_
          (removal check against rising-edge clock core_clock)
Path Group: asynchronous
Path Type: min

Fanout     Cap    Slew   Delay    Time   Description
-----------------------------------------------------------------------------
                  0.00    0.00    0.00   clock core_clock (rise edge)
                          0.00    0.00   clock network delay (ideal)
                          0.20    0.20 ^ input external delay
     1    0.01    0.00    0.00    0.20 ^ rst_n (in)
                                         rst_n (net)
                  0.00    0.00    0.20 ^ hold1/A (sky130_fd_sc_hd__buf_12)
    60    0.22    0.25    0.24    0.44 ^ hold1/X (sky130_fd_sc_hd__buf_12)
                                         net1 (net)
                  0.25    0.00    0.44 ^ error_count[0]$_DFFE_PN0P_/RESET_B (sky130_fd_sc_hd__dfrtp_1)
                                  0.44   data arrival time

                  0.00    0.00    0.00   clock core_clock (rise edge)
                          0.00    0.00   clock network delay (ideal)
                          0.00    0.00   clock reconvergence pessimism
                                  0.00 ^ error_count[0]$_DFFE_PN0P_/CLK (sky130_fd_sc_hd__dfrtp_1)
                          0.36    0.36   library removal time
                                  0.36   data required time
-----------------------------------------------------------------------------
                                  0.36   data required time
                                 -0.44   data arrival time
-----------------------------------------------------------------------------
                                  0.07   slack (MET)


Startpoint: clear_errors (input port clocked by core_clock)
Endpoint: error_detected$_DFF_PN0_
          (rising edge-triggered flip-flop clocked by core_clock)
Path Group: core_clock
Path Type: min

Fanout     Cap    Slew   Delay    Time   Description
-----------------------------------------------------------------------------
                  0.00    0.00    0.00   clock core_clock (rise edge)
                          0.00    0.00   clock network delay (ideal)
                          0.20    0.20 ^ input external delay
     1    0.00    0.00    0.00    0.20 ^ clear_errors (in)
                                         clear_errors (net)
                  0.00    0.00    0.20 ^ _0543_/A2 (sky130_fd_sc_hd__o21ai_0)
     1    0.00    0.04    0.04    0.24 v _0543_/Y (sky130_fd_sc_hd__o21ai_0)
                                         _0000_ (net)
                  0.04    0.00    0.24 v error_detected$_DFF_PN0_/D (sky130_fd_sc_hd__dfrtp_1)
                                  0.24   data arrival time

                  0.00    0.00    0.00   clock core_clock (rise edge)
                          0.00    0.00   clock network delay (ideal)
                          0.00    0.00   clock reconvergence pessimism
                                  0.00 ^ error_detected$_DFF_PN0_/CLK (sky130_fd_sc_hd__dfrtp_1)
                         -0.05   -0.05   library hold time
                                 -0.05   data required time
-----------------------------------------------------------------------------
                                 -0.05   data required time
                                 -0.24   data arrival time
-----------------------------------------------------------------------------
                                  0.30   slack (MET)



==========================================================================
floorplan final report_checks -path_delay max
--------------------------------------------------------------------------
Startpoint: rst_n (input port clocked by core_clock)
Endpoint: error_count[0]$_DFFE_PN0P_
          (recovery check against rising-edge clock core_clock)
Path Group: asynchronous
Path Type: max

Fanout     Cap    Slew   Delay    Time   Description
-----------------------------------------------------------------------------
                  0.00    0.00    0.00   clock core_clock (rise edge)
                          0.00    0.00   clock network delay (ideal)
                          0.20    0.20 ^ input external delay
     1    0.01    0.00    0.00    0.20 ^ rst_n (in)
                                         rst_n (net)
                  0.00    0.00    0.20 ^ hold1/A (sky130_fd_sc_hd__buf_12)
    60    0.22    0.25    0.24    0.44 ^ hold1/X (sky130_fd_sc_hd__buf_12)
                                         net1 (net)
                  0.25    0.00    0.44 ^ error_count[0]$_DFFE_PN0P_/RESET_B (sky130_fd_sc_hd__dfrtp_1)
                                  0.44   data arrival time

                  0.00    5.00    5.00   clock core_clock (rise edge)
                          0.00    5.00   clock network delay (ideal)
                          0.00    5.00   clock reconvergence pessimism
                                  5.00 ^ error_count[0]$_DFFE_PN0P_/CLK (sky130_fd_sc_hd__dfrtp_1)
                          0.16    5.16   library recovery time
                                  5.16   data required time
-----------------------------------------------------------------------------
                                  5.16   data required time
                                 -0.44   data arrival time
-----------------------------------------------------------------------------
                                  4.73   slack (MET)


Startpoint: rd_ptr[1]$_DFFE_PN0P_
            (rising edge-triggered flip-flop clocked by core_clock)
Endpoint: last_valid_data[0]$_DFFE_PN0P_
          (rising edge-triggered flip-flop clocked by core_clock)
Path Group: core_clock
Path Type: max

Fanout     Cap    Slew   Delay    Time   Description
-----------------------------------------------------------------------------
                  0.00    0.00    0.00   clock core_clock (rise edge)
                          0.00    0.00   clock network delay (ideal)
                  0.00    0.00    0.00 ^ rd_ptr[1]$_DFFE_PN0P_/CLK (sky130_fd_sc_hd__dfrtp_1)
     2    0.01    0.06    0.31    0.31 ^ rd_ptr[1]$_DFFE_PN0P_/Q (sky130_fd_sc_hd__dfrtp_1)
                                         rd_ptr[1] (net)
                  0.06    0.00    0.31 ^ _0566_/A (sky130_fd_sc_hd__clkbuf_1)
     6    0.01    0.16    0.16    0.48 ^ _0566_/X (sky130_fd_sc_hd__clkbuf_1)
                                         _0301_ (net)
                  0.16    0.00    0.48 ^ _0567_/A (sky130_fd_sc_hd__buf_2)
    10    0.03    0.15    0.22    0.70 ^ _0567_/X (sky130_fd_sc_hd__buf_2)
                                         _0302_ (net)
                  0.15    0.00    0.70 ^ _0568_/A (sky130_fd_sc_hd__buf_1)
    10    0.03    0.35    0.32    1.02 ^ _0568_/X (sky130_fd_sc_hd__buf_1)
                                         _0303_ (net)
                  0.35    0.00    1.02 ^ _0569_/A (sky130_fd_sc_hd__inv_1)
     2    0.01    0.11    0.13    1.15 v _0569_/Y (sky130_fd_sc_hd__inv_1)
                                         _0495_ (net)
                  0.11    0.00    1.15 v _1059_/A (sky130_fd_sc_hd__fa_1)
     5    0.01    0.12    0.54    1.69 v _1059_/SUM (sky130_fd_sc_hd__fa_1)
                                         data_count[1] (net)
                  0.12    0.00    1.69 v _0530_/A_N (sky130_fd_sc_hd__nand3b_1)
     1    0.00    0.05    0.18    1.87 v _0530_/Y (sky130_fd_sc_hd__nand3b_1)
                                         _0287_ (net)
                  0.05    0.00    1.87 v _0531_/B1 (sky130_fd_sc_hd__a211o_1)
     2    0.01    0.09    0.32    2.19 v _0531_/X (sky130_fd_sc_hd__a211o_1)
                                         _0288_ (net)
                  0.09    0.00    2.19 v _0535_/B1 (sky130_fd_sc_hd__a2bb2oi_4)
     5    0.02    0.16    0.20    2.39 ^ _0535_/Y (sky130_fd_sc_hd__a2bb2oi_4)
                                         empty (net)
                  0.16    0.00    2.39 ^ _0536_/A (sky130_fd_sc_hd__inv_4)
     9    0.03    0.06    0.08    2.46 v _0536_/Y (sky130_fd_sc_hd__inv_4)
                                         _0291_ (net)
                  0.06    0.00    2.46 v _0645_/B (sky130_fd_sc_hd__nand2_4)
     8    0.03    0.11    0.12    2.58 ^ _0645_/Y (sky130_fd_sc_hd__nand2_4)
                                         _0359_ (net)
                  0.11    0.00    2.58 ^ _0646_/A (sky130_fd_sc_hd__buf_6)
    10    0.03    0.08    0.15    2.73 ^ _0646_/X (sky130_fd_sc_hd__buf_6)
                                         _0360_ (net)
                  0.08    0.00    2.73 ^ _0647_/S (sky130_fd_sc_hd__mux2_2)
     1    0.00    0.05    0.32    3.05 v _0647_/X (sky130_fd_sc_hd__mux2_2)
                                         _0037_ (net)
                  0.05    0.00    3.05 v last_valid_data[0]$_DFFE_PN0P_/D (sky130_fd_sc_hd__dfrtp_1)
                                  3.05   data arrival time

                  0.00    5.00    5.00   clock core_clock (rise edge)
                          0.00    5.00   clock network delay (ideal)
                          0.00    5.00   clock reconvergence pessimism
                                  5.00 ^ last_valid_data[0]$_DFFE_PN0P_/CLK (sky130_fd_sc_hd__dfrtp_1)
                         -0.12    4.88   library setup time
                                  4.88   data required time
-----------------------------------------------------------------------------
                                  4.88   data required time
                                 -3.05   data arrival time
-----------------------------------------------------------------------------
                                  1.82   slack (MET)



==========================================================================
floorplan final report_checks -unconstrained
--------------------------------------------------------------------------
Startpoint: rst_n (input port clocked by core_clock)
Endpoint: error_count[0]$_DFFE_PN0P_
          (recovery check against rising-edge clock core_clock)
Path Group: asynchronous
Path Type: max

Fanout     Cap    Slew   Delay    Time   Description
-----------------------------------------------------------------------------
                  0.00    0.00    0.00   clock core_clock (rise edge)
                          0.00    0.00   clock network delay (ideal)
                          0.20    0.20 ^ input external delay
     1    0.01    0.00    0.00    0.20 ^ rst_n (in)
                                         rst_n (net)
                  0.00    0.00    0.20 ^ hold1/A (sky130_fd_sc_hd__buf_12)
    60    0.22    0.25    0.24    0.44 ^ hold1/X (sky130_fd_sc_hd__buf_12)
                                         net1 (net)
                  0.25    0.00    0.44 ^ error_count[0]$_DFFE_PN0P_/RESET_B (sky130_fd_sc_hd__dfrtp_1)
                                  0.44   data arrival time

                  0.00    5.00    5.00   clock core_clock (rise edge)
                          0.00    5.00   clock network delay (ideal)
                          0.00    5.00   clock reconvergence pessimism
                                  5.00 ^ error_count[0]$_DFFE_PN0P_/CLK (sky130_fd_sc_hd__dfrtp_1)
                          0.16    5.16   library recovery time
                                  5.16   data required time
-----------------------------------------------------------------------------
                                  5.16   data required time
                                 -0.44   data arrival time
-----------------------------------------------------------------------------
                                  4.73   slack (MET)


Startpoint: rd_ptr[1]$_DFFE_PN0P_
            (rising edge-triggered flip-flop clocked by core_clock)
Endpoint: last_valid_data[0]$_DFFE_PN0P_
          (rising edge-triggered flip-flop clocked by core_clock)
Path Group: core_clock
Path Type: max

Fanout     Cap    Slew   Delay    Time   Description
-----------------------------------------------------------------------------
                  0.00    0.00    0.00   clock core_clock (rise edge)
                          0.00    0.00   clock network delay (ideal)
                  0.00    0.00    0.00 ^ rd_ptr[1]$_DFFE_PN0P_/CLK (sky130_fd_sc_hd__dfrtp_1)
     2    0.01    0.06    0.31    0.31 ^ rd_ptr[1]$_DFFE_PN0P_/Q (sky130_fd_sc_hd__dfrtp_1)
                                         rd_ptr[1] (net)
                  0.06    0.00    0.31 ^ _0566_/A (sky130_fd_sc_hd__clkbuf_1)
     6    0.01    0.16    0.16    0.48 ^ _0566_/X (sky130_fd_sc_hd__clkbuf_1)
                                         _0301_ (net)
                  0.16    0.00    0.48 ^ _0567_/A (sky130_fd_sc_hd__buf_2)
    10    0.03    0.15    0.22    0.70 ^ _0567_/X (sky130_fd_sc_hd__buf_2)
                                         _0302_ (net)
                  0.15    0.00    0.70 ^ _0568_/A (sky130_fd_sc_hd__buf_1)
    10    0.03    0.35    0.32    1.02 ^ _0568_/X (sky130_fd_sc_hd__buf_1)
                                         _0303_ (net)
                  0.35    0.00    1.02 ^ _0569_/A (sky130_fd_sc_hd__inv_1)
     2    0.01    0.11    0.13    1.15 v _0569_/Y (sky130_fd_sc_hd__inv_1)
                                         _0495_ (net)
                  0.11    0.00    1.15 v _1059_/A (sky130_fd_sc_hd__fa_1)
     5    0.01    0.12    0.54    1.69 v _1059_/SUM (sky130_fd_sc_hd__fa_1)
                                         data_count[1] (net)
                  0.12    0.00    1.69 v _0530_/A_N (sky130_fd_sc_hd__nand3b_1)
     1    0.00    0.05    0.18    1.87 v _0530_/Y (sky130_fd_sc_hd__nand3b_1)
                                         _0287_ (net)
                  0.05    0.00    1.87 v _0531_/B1 (sky130_fd_sc_hd__a211o_1)
     2    0.01    0.09    0.32    2.19 v _0531_/X (sky130_fd_sc_hd__a211o_1)
                                         _0288_ (net)
                  0.09    0.00    2.19 v _0535_/B1 (sky130_fd_sc_hd__a2bb2oi_4)
     5    0.02    0.16    0.20    2.39 ^ _0535_/Y (sky130_fd_sc_hd__a2bb2oi_4)
                                         empty (net)
                  0.16    0.00    2.39 ^ _0536_/A (sky130_fd_sc_hd__inv_4)
     9    0.03    0.06    0.08    2.46 v _0536_/Y (sky130_fd_sc_hd__inv_4)
                                         _0291_ (net)
                  0.06    0.00    2.46 v _0645_/B (sky130_fd_sc_hd__nand2_4)
     8    0.03    0.11    0.12    2.58 ^ _0645_/Y (sky130_fd_sc_hd__nand2_4)
                                         _0359_ (net)
                  0.11    0.00    2.58 ^ _0646_/A (sky130_fd_sc_hd__buf_6)
    10    0.03    0.08    0.15    2.73 ^ _0646_/X (sky130_fd_sc_hd__buf_6)
                                         _0360_ (net)
                  0.08    0.00    2.73 ^ _0647_/S (sky130_fd_sc_hd__mux2_2)
     1    0.00    0.05    0.32    3.05 v _0647_/X (sky130_fd_sc_hd__mux2_2)
                                         _0037_ (net)
                  0.05    0.00    3.05 v last_valid_data[0]$_DFFE_PN0P_/D (sky130_fd_sc_hd__dfrtp_1)
                                  3.05   data arrival time

                  0.00    5.00    5.00   clock core_clock (rise edge)
                          0.00    5.00   clock network delay (ideal)
                          0.00    5.00   clock reconvergence pessimism
                                  5.00 ^ last_valid_data[0]$_DFFE_PN0P_/CLK (sky130_fd_sc_hd__dfrtp_1)
                         -0.12    4.88   library setup time
                                  4.88   data required time
-----------------------------------------------------------------------------
                                  4.88   data required time
                                 -3.05   data arrival time
-----------------------------------------------------------------------------
                                  1.82   slack (MET)



==========================================================================
floorplan final report_power
--------------------------------------------------------------------------
Group                  Internal  Switching    Leakage      Total
                          Power      Power      Power      Power (Watts)
----------------------------------------------------------------
Sequential             5.95e-03   1.33e-04   5.34e-09   6.08e-03  65.3%
Combinational          1.90e-03   1.33e-03   2.05e-09   3.23e-03  34.7%
Clock                  0.00e+00   0.00e+00   0.00e+00   0.00e+00   0.0%
Macro                  0.00e+00   0.00e+00   0.00e+00   0.00e+00   0.0%
Pad                    0.00e+00   0.00e+00   0.00e+00   0.00e+00   0.0%
----------------------------------------------------------------
Total                  7.85e-03   1.47e-03   7.39e-09   9.31e-03 100.0%
                          84.3%      15.7%       0.0%
