
==========================================================================
finish report_tns
--------------------------------------------------------------------------
tns 0.00

==========================================================================
finish report_wns
--------------------------------------------------------------------------
wns 0.00

==========================================================================
finish report_worst_slack
--------------------------------------------------------------------------
worst slack 6.57

==========================================================================
finish report_clock_skew
--------------------------------------------------------------------------
Clock core_clock
   0.48 source latency rd_ptr[3]$_DFFE_PN0P_/CLK ^
  -0.50 target latency mem[4][4]$_DFFE_PP_/CLK ^
   0.00 CRPR
--------------
  -0.01 setup skew


==========================================================================
finish report_checks -path_delay min
--------------------------------------------------------------------------
Startpoint: rst_n (input port clocked by core_clock)
Endpoint: almost_empty_reg$_DFFE_PN1P_
          (removal check against rising-edge clock core_clock)
Path Group: asynchronous
Path Type: min

Fanout     Cap    Slew   Delay    Time   Description
-----------------------------------------------------------------------------
                          0.00    0.00   clock core_clock (rise edge)
                          0.00    0.00   clock network delay (propagated)
                          0.20    0.20 ^ input external delay
     1    0.00    0.00    0.00    0.20 ^ rst_n (in)
                                         rst_n (net)
                  0.00    0.00    0.20 ^ hold2/I (gf180mcu_fd_sc_mcu9t5v0__dlyc_2)
     1    0.01    0.10    0.89    1.09 ^ hold2/Z (gf180mcu_fd_sc_mcu9t5v0__dlyc_2)
                                         net25 (net)
                  0.10    0.00    1.09 ^ input2/I (gf180mcu_fd_sc_mcu9t5v0__buf_3)
     2    0.08    0.21    0.22    1.32 ^ input2/Z (gf180mcu_fd_sc_mcu9t5v0__buf_3)
                                         net3 (net)
                  0.21    0.01    1.32 ^ almost_empty_reg$_DFFE_PN1P_/SETN (gf180mcu_fd_sc_mcu9t5v0__dffsnq_4)
                                  1.32   data arrival time

                          0.00    0.00   clock core_clock (rise edge)
                          0.00    0.00   clock source latency
     1    0.13    0.00    0.00    0.00 ^ clk (in)
                                         clk (net)
                  0.03    0.01    0.01 ^ clkbuf_0_clk/I (gf180mcu_fd_sc_mcu9t5v0__clkbuf_20)
    16    0.95    0.35    0.28    0.30 ^ clkbuf_0_clk/Z (gf180mcu_fd_sc_mcu9t5v0__clkbuf_20)
                                         clknet_0_clk (net)
                  0.36    0.02    0.31 ^ clkbuf_4_4_0_clk/I (gf180mcu_fd_sc_mcu9t5v0__clkbuf_20)
     8    0.09    0.07    0.17    0.49 ^ clkbuf_4_4_0_clk/Z (gf180mcu_fd_sc_mcu9t5v0__clkbuf_20)
                                         clknet_4_4_0_clk (net)
                  0.07    0.00    0.49 ^ almost_empty_reg$_DFFE_PN1P_/CLK (gf180mcu_fd_sc_mcu9t5v0__dffsnq_4)
                          0.00    0.49   clock reconvergence pessimism
                          0.06    0.55   library removal time
                                  0.55   data required time
-----------------------------------------------------------------------------
                                  0.55   data required time
                                 -1.32   data arrival time
-----------------------------------------------------------------------------
                                  0.78   slack (MET)


Startpoint: wr_data[1] (input port clocked by core_clock)
Endpoint: mem[7][1]$_DFFE_PP_
          (rising edge-triggered flip-flop clocked by core_clock)
Path Group: core_clock
Path Type: min

Fanout     Cap    Slew   Delay    Time   Description
-----------------------------------------------------------------------------
                          0.00    0.00   clock core_clock (rise edge)
                          0.00    0.00   clock network delay (propagated)
                          0.20    0.20 v input external delay
     1    0.03    0.00    0.00    0.20 v wr_data[1] (in)
                                         wr_data[1] (net)
                  0.00    0.00    0.20 v input4/I (gf180mcu_fd_sc_mcu9t5v0__buf_8)
     7    0.20    0.11    0.14    0.34 v input4/Z (gf180mcu_fd_sc_mcu9t5v0__buf_8)
                                         net5 (net)
                  0.16    0.04    0.38 v _510_/I1 (gf180mcu_fd_sc_mcu9t5v0__mux2_2)
     1    0.00    0.07    0.22    0.60 v _510_/Z (gf180mcu_fd_sc_mcu9t5v0__mux2_2)
                                         _111_ (net)
                  0.07    0.00    0.60 v mem[7][1]$_DFFE_PP_/D (gf180mcu_fd_sc_mcu9t5v0__dffq_2)
                                  0.60   data arrival time

                          0.00    0.00   clock core_clock (rise edge)
                          0.00    0.00   clock source latency
     1    0.13    0.00    0.00    0.00 ^ clk (in)
                                         clk (net)
                  0.03    0.01    0.01 ^ clkbuf_0_clk/I (gf180mcu_fd_sc_mcu9t5v0__clkbuf_20)
    16    0.95    0.35    0.28    0.30 ^ clkbuf_0_clk/Z (gf180mcu_fd_sc_mcu9t5v0__clkbuf_20)
                                         clknet_0_clk (net)
                  0.36    0.02    0.32 ^ clkbuf_4_11_0_clk/I (gf180mcu_fd_sc_mcu9t5v0__clkbuf_20)
    12    0.10    0.07    0.17    0.49 ^ clkbuf_4_11_0_clk/Z (gf180mcu_fd_sc_mcu9t5v0__clkbuf_20)
                                         clknet_4_11_0_clk (net)
                  0.07    0.00    0.50 ^ mem[7][1]$_DFFE_PP_/CLK (gf180mcu_fd_sc_mcu9t5v0__dffq_2)
                          0.00    0.50   clock reconvergence pessimism
                          0.08    0.58   library hold time
                                  0.58   data required time
-----------------------------------------------------------------------------
                                  0.58   data required time
                                 -0.60   data arrival time
-----------------------------------------------------------------------------
                                  0.02   slack (MET)



==========================================================================
finish report_checks -path_delay max
--------------------------------------------------------------------------
Startpoint: rst_n (input port clocked by core_clock)
Endpoint: rd_ptr[2]$_DFFE_PN0P_
          (recovery check against rising-edge clock core_clock)
Path Group: asynchronous
Path Type: max

Fanout     Cap    Slew   Delay    Time   Description
-----------------------------------------------------------------------------
                          0.00    0.00   clock core_clock (rise edge)
                          0.00    0.00   clock network delay (propagated)
                          0.20    0.20 ^ input external delay
     1    0.00    0.00    0.00    0.20 ^ rst_n (in)
                                         rst_n (net)
                  0.00    0.00    0.20 ^ hold2/I (gf180mcu_fd_sc_mcu9t5v0__dlyc_2)
     1    0.01    0.10    0.89    1.09 ^ hold2/Z (gf180mcu_fd_sc_mcu9t5v0__dlyc_2)
                                         net25 (net)
                  0.10    0.00    1.09 ^ input2/I (gf180mcu_fd_sc_mcu9t5v0__buf_3)
     2    0.08    0.21    0.22    1.32 ^ input2/Z (gf180mcu_fd_sc_mcu9t5v0__buf_3)
                                         net3 (net)
                  0.21    0.01    1.32 ^ hold1/I (gf180mcu_fd_sc_mcu9t5v0__buf_8)
    20    0.27    0.26    0.24    1.56 ^ hold1/Z (gf180mcu_fd_sc_mcu9t5v0__buf_8)
                                         net1 (net)
                  0.26    0.01    1.58 ^ rd_ptr[2]$_DFFE_PN0P_/RN (gf180mcu_fd_sc_mcu9t5v0__dffrnq_4)
                                  1.58   data arrival time

                         10.00   10.00   clock core_clock (rise edge)
                          0.00   10.00   clock source latency
     1    0.13    0.00    0.00   10.00 ^ clk (in)
                                         clk (net)
                  0.03    0.01   10.01 ^ clkbuf_0_clk/I (gf180mcu_fd_sc_mcu9t5v0__clkbuf_20)
    16    0.95    0.35    0.28   10.30 ^ clkbuf_0_clk/Z (gf180mcu_fd_sc_mcu9t5v0__clkbuf_20)
                                         clknet_0_clk (net)
                  0.35    0.02   10.31 ^ clkbuf_4_5_0_clk/I (gf180mcu_fd_sc_mcu9t5v0__clkbuf_20)
     9    0.08    0.07    0.17   10.48 ^ clkbuf_4_5_0_clk/Z (gf180mcu_fd_sc_mcu9t5v0__clkbuf_20)
                                         clknet_4_5_0_clk (net)
                  0.07    0.00   10.49 ^ rd_ptr[2]$_DFFE_PN0P_/CLK (gf180mcu_fd_sc_mcu9t5v0__dffrnq_4)
                          0.00   10.49   clock reconvergence pessimism
                          0.08   10.57   library recovery time
                                 10.57   data required time
-----------------------------------------------------------------------------
                                 10.57   data required time
                                 -1.58   data arrival time
-----------------------------------------------------------------------------
                                  8.99   slack (MET)


Startpoint: rd_ptr[1]$_DFFE_PN0P_
            (rising edge-triggered flip-flop clocked by core_clock)
Endpoint: full (output port clocked by core_clock)
Path Group: core_clock
Path Type: max

Fanout     Cap    Slew   Delay    Time   Description
-----------------------------------------------------------------------------
                          0.00    0.00   clock core_clock (rise edge)
                          0.00    0.00   clock source latency
     1    0.13    0.00    0.00    0.00 ^ clk (in)
                                         clk (net)
                  0.03    0.01    0.01 ^ clkbuf_0_clk/I (gf180mcu_fd_sc_mcu9t5v0__clkbuf_20)
    16    0.95    0.35    0.28    0.30 ^ clkbuf_0_clk/Z (gf180mcu_fd_sc_mcu9t5v0__clkbuf_20)
                                         clknet_0_clk (net)
                  0.35    0.01    0.31 ^ clkbuf_4_6_0_clk/I (gf180mcu_fd_sc_mcu9t5v0__clkbuf_20)
     7    0.10    0.07    0.17    0.48 ^ clkbuf_4_6_0_clk/Z (gf180mcu_fd_sc_mcu9t5v0__clkbuf_20)
                                         clknet_4_6_0_clk (net)
                  0.07    0.00    0.48 ^ rd_ptr[1]$_DFFE_PN0P_/CLK (gf180mcu_fd_sc_mcu9t5v0__dffrnq_2)
     2    0.02    0.12    0.47    0.95 ^ rd_ptr[1]$_DFFE_PN0P_/Q (gf180mcu_fd_sc_mcu9t5v0__dffrnq_2)
                                         rd_addr[1] (net)
                  0.12    0.00    0.95 ^ _349_/I (gf180mcu_fd_sc_mcu9t5v0__buf_4)
     6    0.15    0.29    0.25    1.20 ^ _349_/Z (gf180mcu_fd_sc_mcu9t5v0__buf_4)
                                         _158_ (net)
                  0.29    0.00    1.20 ^ _350_/I (gf180mcu_fd_sc_mcu9t5v0__clkbuf_8)
    10    0.18    0.18    0.24    1.44 ^ _350_/Z (gf180mcu_fd_sc_mcu9t5v0__clkbuf_8)
                                         _159_ (net)
                  0.18    0.00    1.44 ^ _351_/I (gf180mcu_fd_sc_mcu9t5v0__clkinv_2)
     2    0.03    0.14    0.12    1.56 v _351_/ZN (gf180mcu_fd_sc_mcu9t5v0__clkinv_2)
                                         _317_ (net)
                  0.14    0.00    1.56 v _671_/A (gf180mcu_fd_sc_mcu9t5v0__addh_1)
     2    0.02    0.15    0.28    1.84 v _671_/S (gf180mcu_fd_sc_mcu9t5v0__addh_1)
                                         _322_ (net)
                  0.15    0.00    1.84 v _341_/A4 (gf180mcu_fd_sc_mcu9t5v0__and4_2)
     2    0.04    0.14    0.30    2.14 v _341_/Z (gf180mcu_fd_sc_mcu9t5v0__and4_2)
                                         _153_ (net)
                  0.14    0.00    2.14 v _345_/A2 (gf180mcu_fd_sc_mcu9t5v0__nand2_4)
     9    0.11    0.28    0.21    2.35 ^ _345_/ZN (gf180mcu_fd_sc_mcu9t5v0__nand2_4)
                                         _156_ (net)
                  0.28    0.00    2.35 ^ _346_/I (gf180mcu_fd_sc_mcu9t5v0__clkinv_3)
     1    0.05    0.18    0.15    2.50 v _346_/ZN (gf180mcu_fd_sc_mcu9t5v0__clkinv_3)
                                         net16 (net)
                  0.18    0.00    2.51 v output15/I (gf180mcu_fd_sc_mcu9t5v0__dlyb_2)
     1    0.00    0.14    0.72    3.23 v output15/Z (gf180mcu_fd_sc_mcu9t5v0__dlyb_2)
                                         full (net)
                  0.14    0.00    3.23 v full (out)
                                  3.23   data arrival time

                         10.00   10.00   clock core_clock (rise edge)
                          0.00   10.00   clock network delay (propagated)
                          0.00   10.00   clock reconvergence pessimism
                         -0.20    9.80   output external delay
                                  9.80   data required time
-----------------------------------------------------------------------------
                                  9.80   data required time
                                 -3.23   data arrival time
-----------------------------------------------------------------------------
                                  6.57   slack (MET)



==========================================================================
finish report_checks -unconstrained
--------------------------------------------------------------------------
Startpoint: rst_n (input port clocked by core_clock)
Endpoint: rd_ptr[2]$_DFFE_PN0P_
          (recovery check against rising-edge clock core_clock)
Path Group: asynchronous
Path Type: max

Fanout     Cap    Slew   Delay    Time   Description
-----------------------------------------------------------------------------
                          0.00    0.00   clock core_clock (rise edge)
                          0.00    0.00   clock network delay (propagated)
                          0.20    0.20 ^ input external delay
     1    0.00    0.00    0.00    0.20 ^ rst_n (in)
                                         rst_n (net)
                  0.00    0.00    0.20 ^ hold2/I (gf180mcu_fd_sc_mcu9t5v0__dlyc_2)
     1    0.01    0.10    0.89    1.09 ^ hold2/Z (gf180mcu_fd_sc_mcu9t5v0__dlyc_2)
                                         net25 (net)
                  0.10    0.00    1.09 ^ input2/I (gf180mcu_fd_sc_mcu9t5v0__buf_3)
     2    0.08    0.21    0.22    1.32 ^ input2/Z (gf180mcu_fd_sc_mcu9t5v0__buf_3)
                                         net3 (net)
                  0.21    0.01    1.32 ^ hold1/I (gf180mcu_fd_sc_mcu9t5v0__buf_8)
    20    0.27    0.26    0.24    1.56 ^ hold1/Z (gf180mcu_fd_sc_mcu9t5v0__buf_8)
                                         net1 (net)
                  0.26    0.01    1.58 ^ rd_ptr[2]$_DFFE_PN0P_/RN (gf180mcu_fd_sc_mcu9t5v0__dffrnq_4)
                                  1.58   data arrival time

                         10.00   10.00   clock core_clock (rise edge)
                          0.00   10.00   clock source latency
     1    0.13    0.00    0.00   10.00 ^ clk (in)
                                         clk (net)
                  0.03    0.01   10.01 ^ clkbuf_0_clk/I (gf180mcu_fd_sc_mcu9t5v0__clkbuf_20)
    16    0.95    0.35    0.28   10.30 ^ clkbuf_0_clk/Z (gf180mcu_fd_sc_mcu9t5v0__clkbuf_20)
                                         clknet_0_clk (net)
                  0.35    0.02   10.31 ^ clkbuf_4_5_0_clk/I (gf180mcu_fd_sc_mcu9t5v0__clkbuf_20)
     9    0.08    0.07    0.17   10.48 ^ clkbuf_4_5_0_clk/Z (gf180mcu_fd_sc_mcu9t5v0__clkbuf_20)
                                         clknet_4_5_0_clk (net)
                  0.07    0.00   10.49 ^ rd_ptr[2]$_DFFE_PN0P_/CLK (gf180mcu_fd_sc_mcu9t5v0__dffrnq_4)
                          0.00   10.49   clock reconvergence pessimism
                          0.08   10.57   library recovery time
                                 10.57   data required time
-----------------------------------------------------------------------------
                                 10.57   data required time
                                 -1.58   data arrival time
-----------------------------------------------------------------------------
                                  8.99   slack (MET)


Startpoint: rd_ptr[1]$_DFFE_PN0P_
            (rising edge-triggered flip-flop clocked by core_clock)
Endpoint: full (output port clocked by core_clock)
Path Group: core_clock
Path Type: max

Fanout     Cap    Slew   Delay    Time   Description
-----------------------------------------------------------------------------
                          0.00    0.00   clock core_clock (rise edge)
                          0.00    0.00   clock source latency
     1    0.13    0.00    0.00    0.00 ^ clk (in)
                                         clk (net)
                  0.03    0.01    0.01 ^ clkbuf_0_clk/I (gf180mcu_fd_sc_mcu9t5v0__clkbuf_20)
    16    0.95    0.35    0.28    0.30 ^ clkbuf_0_clk/Z (gf180mcu_fd_sc_mcu9t5v0__clkbuf_20)
                                         clknet_0_clk (net)
                  0.35    0.01    0.31 ^ clkbuf_4_6_0_clk/I (gf180mcu_fd_sc_mcu9t5v0__clkbuf_20)
     7    0.10    0.07    0.17    0.48 ^ clkbuf_4_6_0_clk/Z (gf180mcu_fd_sc_mcu9t5v0__clkbuf_20)
                                         clknet_4_6_0_clk (net)
                  0.07    0.00    0.48 ^ rd_ptr[1]$_DFFE_PN0P_/CLK (gf180mcu_fd_sc_mcu9t5v0__dffrnq_2)
     2    0.02    0.12    0.47    0.95 ^ rd_ptr[1]$_DFFE_PN0P_/Q (gf180mcu_fd_sc_mcu9t5v0__dffrnq_2)
                                         rd_addr[1] (net)
                  0.12    0.00    0.95 ^ _349_/I (gf180mcu_fd_sc_mcu9t5v0__buf_4)
     6    0.15    0.29    0.25    1.20 ^ _349_/Z (gf180mcu_fd_sc_mcu9t5v0__buf_4)
                                         _158_ (net)
                  0.29    0.00    1.20 ^ _350_/I (gf180mcu_fd_sc_mcu9t5v0__clkbuf_8)
    10    0.18    0.18    0.24    1.44 ^ _350_/Z (gf180mcu_fd_sc_mcu9t5v0__clkbuf_8)
                                         _159_ (net)
                  0.18    0.00    1.44 ^ _351_/I (gf180mcu_fd_sc_mcu9t5v0__clkinv_2)
     2    0.03    0.14    0.12    1.56 v _351_/ZN (gf180mcu_fd_sc_mcu9t5v0__clkinv_2)
                                         _317_ (net)
                  0.14    0.00    1.56 v _671_/A (gf180mcu_fd_sc_mcu9t5v0__addh_1)
     2    0.02    0.15    0.28    1.84 v _671_/S (gf180mcu_fd_sc_mcu9t5v0__addh_1)
                                         _322_ (net)
                  0.15    0.00    1.84 v _341_/A4 (gf180mcu_fd_sc_mcu9t5v0__and4_2)
     2    0.04    0.14    0.30    2.14 v _341_/Z (gf180mcu_fd_sc_mcu9t5v0__and4_2)
                                         _153_ (net)
                  0.14    0.00    2.14 v _345_/A2 (gf180mcu_fd_sc_mcu9t5v0__nand2_4)
     9    0.11    0.28    0.21    2.35 ^ _345_/ZN (gf180mcu_fd_sc_mcu9t5v0__nand2_4)
                                         _156_ (net)
                  0.28    0.00    2.35 ^ _346_/I (gf180mcu_fd_sc_mcu9t5v0__clkinv_3)
     1    0.05    0.18    0.15    2.50 v _346_/ZN (gf180mcu_fd_sc_mcu9t5v0__clkinv_3)
                                         net16 (net)
                  0.18    0.00    2.51 v output15/I (gf180mcu_fd_sc_mcu9t5v0__dlyb_2)
     1    0.00    0.14    0.72    3.23 v output15/Z (gf180mcu_fd_sc_mcu9t5v0__dlyb_2)
                                         full (net)
                  0.14    0.00    3.23 v full (out)
                                  3.23   data arrival time

                         10.00   10.00   clock core_clock (rise edge)
                          0.00   10.00   clock network delay (propagated)
                          0.00   10.00   clock reconvergence pessimism
                         -0.20    9.80   output external delay
                                  9.80   data required time
-----------------------------------------------------------------------------
                                  9.80   data required time
                                 -3.23   data arrival time
-----------------------------------------------------------------------------
                                  6.57   slack (MET)



==========================================================================
finish report_check_types -max_slew -max_cap -max_fanout -violators
--------------------------------------------------------------------------

==========================================================================
finish max_slew_check_slack
--------------------------------------------------------------------------
2.390293598175049

==========================================================================
finish max_slew_check_limit
--------------------------------------------------------------------------
2.799999952316284

==========================================================================
finish max_slew_check_slack_limit
--------------------------------------------------------------------------
0.8537

==========================================================================
finish max_fanout_check_slack
--------------------------------------------------------------------------
1.0000000150474662e+30

==========================================================================
finish max_fanout_check_limit
--------------------------------------------------------------------------
1.0000000150474662e+30

==========================================================================
finish max_capacitance_check_slack
--------------------------------------------------------------------------
0.2812385857105255

==========================================================================
finish max_capacitance_check_limit
--------------------------------------------------------------------------
0.29190000891685486

==========================================================================
finish max_capacitance_check_slack_limit
--------------------------------------------------------------------------
0.9635

==========================================================================
finish max_slew_violation_count
--------------------------------------------------------------------------
max slew violation count 0

==========================================================================
finish max_fanout_violation_count
--------------------------------------------------------------------------
max fanout violation count 0

==========================================================================
finish max_cap_violation_count
--------------------------------------------------------------------------
max cap violation count 0

==========================================================================
finish setup_violation_count
--------------------------------------------------------------------------
setup violation count 0

==========================================================================
finish hold_violation_count
--------------------------------------------------------------------------
hold violation count 0

==========================================================================
finish report_checks -path_delay max reg to reg
--------------------------------------------------------------------------
Startpoint: rd_ptr[2]$_DFFE_PN0P_
            (rising edge-triggered flip-flop clocked by core_clock)
Endpoint: wr_ptr[4]$_DFFE_PN0P_
          (rising edge-triggered flip-flop clocked by core_clock)
Path Group: core_clock
Path Type: max

  Delay    Time   Description
---------------------------------------------------------
   0.00    0.00   clock core_clock (rise edge)
   0.00    0.00   clock source latency
   0.00    0.00 ^ clk (in)
   0.30    0.30 ^ clkbuf_0_clk/Z (gf180mcu_fd_sc_mcu9t5v0__clkbuf_20)
   0.19    0.48 ^ clkbuf_4_5_0_clk/Z (gf180mcu_fd_sc_mcu9t5v0__clkbuf_20)
   0.00    0.49 ^ rd_ptr[2]$_DFFE_PN0P_/CLK (gf180mcu_fd_sc_mcu9t5v0__dffrnq_4)
   0.70    1.19 ^ rd_ptr[2]$_DFFE_PN0P_/Q (gf180mcu_fd_sc_mcu9t5v0__dffrnq_4)
   0.15    1.33 v _354_/ZN (gf180mcu_fd_sc_mcu9t5v0__clkinv_2)
   0.25    1.58 v _355_/Z (gf180mcu_fd_sc_mcu9t5v0__buf_4)
   0.41    1.99 ^ _673_/S (gf180mcu_fd_sc_mcu9t5v0__addh_2)
   0.30    2.29 ^ _341_/Z (gf180mcu_fd_sc_mcu9t5v0__and4_2)
   0.15    2.44 v _345_/ZN (gf180mcu_fd_sc_mcu9t5v0__nand2_4)
   0.34    2.78 v _415_/Z (gf180mcu_fd_sc_mcu9t5v0__and4_2)
   0.20    2.98 v _443_/Z (gf180mcu_fd_sc_mcu9t5v0__and2_2)
   0.19    3.17 v _444_/Z (gf180mcu_fd_sc_mcu9t5v0__clkbuf_8)
   0.28    3.45 ^ _661_/Z (gf180mcu_fd_sc_mcu9t5v0__xor2_2)
   0.00    3.45 ^ wr_ptr[4]$_DFFE_PN0P_/D (gf180mcu_fd_sc_mcu9t5v0__dffrnq_2)
           3.45   data arrival time

  10.00   10.00   clock core_clock (rise edge)
   0.00   10.00   clock source latency
   0.00   10.00 ^ clk (in)
   0.30   10.30 ^ clkbuf_0_clk/Z (gf180mcu_fd_sc_mcu9t5v0__clkbuf_20)
   0.19   10.48 ^ clkbuf_4_5_0_clk/Z (gf180mcu_fd_sc_mcu9t5v0__clkbuf_20)
   0.00   10.49 ^ wr_ptr[4]$_DFFE_PN0P_/CLK (gf180mcu_fd_sc_mcu9t5v0__dffrnq_2)
   0.00   10.49   clock reconvergence pessimism
  -0.13   10.36   library setup time
          10.36   data required time
---------------------------------------------------------
          10.36   data required time
          -3.45   data arrival time
---------------------------------------------------------
           6.91   slack (MET)



==========================================================================
finish report_checks -path_delay min reg to reg
--------------------------------------------------------------------------
Startpoint: mem[4][5]$_DFFE_PP_
            (rising edge-triggered flip-flop clocked by core_clock)
Endpoint: mem[4][5]$_DFFE_PP_
          (rising edge-triggered flip-flop clocked by core_clock)
Path Group: core_clock
Path Type: min

  Delay    Time   Description
---------------------------------------------------------
   0.00    0.00   clock core_clock (rise edge)
   0.00    0.00   clock source latency
   0.00    0.00 ^ clk (in)
   0.30    0.30 ^ clkbuf_0_clk/Z (gf180mcu_fd_sc_mcu9t5v0__clkbuf_20)
   0.20    0.49 ^ clkbuf_4_8_0_clk/Z (gf180mcu_fd_sc_mcu9t5v0__clkbuf_20)
   0.00    0.50 ^ mem[4][5]$_DFFE_PP_/CLK (gf180mcu_fd_sc_mcu9t5v0__dffq_2)
   0.36    0.85 ^ mem[4][5]$_DFFE_PP_/Q (gf180mcu_fd_sc_mcu9t5v0__dffq_2)
   0.15    1.01 ^ _487_/Z (gf180mcu_fd_sc_mcu9t5v0__mux2_2)
   0.00    1.01 ^ mem[4][5]$_DFFE_PP_/D (gf180mcu_fd_sc_mcu9t5v0__dffq_2)
           1.01   data arrival time

   0.00    0.00   clock core_clock (rise edge)
   0.00    0.00   clock source latency
   0.00    0.00 ^ clk (in)
   0.30    0.30 ^ clkbuf_0_clk/Z (gf180mcu_fd_sc_mcu9t5v0__clkbuf_20)
   0.20    0.49 ^ clkbuf_4_8_0_clk/Z (gf180mcu_fd_sc_mcu9t5v0__clkbuf_20)
   0.00    0.50 ^ mem[4][5]$_DFFE_PP_/CLK (gf180mcu_fd_sc_mcu9t5v0__dffq_2)
   0.00    0.50   clock reconvergence pessimism
   0.02    0.52   library hold time
           0.52   data required time
---------------------------------------------------------
           0.52   data required time
          -1.01   data arrival time
---------------------------------------------------------
           0.49   slack (MET)



==========================================================================
finish critical path target clock latency max path
--------------------------------------------------------------------------
0.4859

==========================================================================
finish critical path target clock latency min path
--------------------------------------------------------------------------
0.4880

==========================================================================
finish critical path source clock latency min path
--------------------------------------------------------------------------
0.0000

==========================================================================
finish critical path delay
--------------------------------------------------------------------------
3.2267

==========================================================================
finish critical path slack
--------------------------------------------------------------------------
6.5733

==========================================================================
finish slack div critical path delay
--------------------------------------------------------------------------
203.715871

==========================================================================
finish report_power
--------------------------------------------------------------------------
Group                  Internal  Switching    Leakage      Total
                          Power      Power      Power      Power (Watts)
----------------------------------------------------------------
Sequential             2.69e-02   4.40e-03   8.80e-08   3.13e-02  29.5%
Combinational          3.19e-02   1.54e-02   1.01e-07   4.73e-02  44.6%
Clock                  2.01e-02   7.34e-03   2.62e-06   2.74e-02  25.9%
Macro                  0.00e+00   0.00e+00   0.00e+00   0.00e+00   0.0%
Pad                    0.00e+00   0.00e+00   0.00e+00   0.00e+00   0.0%
----------------------------------------------------------------
Total                  7.88e-02   2.72e-02   2.81e-06   1.06e-01 100.0%
                          74.4%      25.6%       0.0%
