
==========================================================================
global route report_tns
--------------------------------------------------------------------------
tns -1.45

==========================================================================
global route report_wns
--------------------------------------------------------------------------
wns -1.45

==========================================================================
global route report_worst_slack
--------------------------------------------------------------------------
worst slack -1.45

==========================================================================
global route report_clock_skew
--------------------------------------------------------------------------
Clock core_clock
   0.06 source latency counter[2]$_DFF_PN0_/CK ^
  -0.06 target latency counter[7]$_DFF_PN0_/CK ^
   0.00 CRPR
--------------
   0.00 setup skew


==========================================================================
global route report_checks -path_delay min
--------------------------------------------------------------------------
Startpoint: rst_n (input port clocked by core_clock)
Endpoint: counter[8]$_DFF_PN0_
          (removal check against rising-edge clock core_clock)
Path Group: asynchronous
Path Type: min

Fanout     Cap    Slew   Delay    Time   Description
-----------------------------------------------------------------------------
                          0.00    0.00   clock core_clock (rise edge)
                          0.00    0.00   clock network delay (propagated)
                          0.20    0.20 ^ input external delay
     1    1.34    0.00    0.00    0.20 ^ rst_n (in)
                                         rst_n (net)
                  0.00    0.00    0.20 ^ hold71/A (CLKBUF_X1)
     1    3.73    0.01    0.03    0.23 ^ hold71/Z (CLKBUF_X1)
                                         net81 (net)
                  0.01    0.00    0.23 ^ input5/A (BUF_X4)
    10   29.15    0.02    0.03    0.27 ^ input5/Z (BUF_X4)
                                         net7 (net)
                  0.02    0.00    0.27 ^ counter[8]$_DFF_PN0_/RN (DFFR_X1)
                                  0.27   data arrival time

                          0.00    0.00   clock core_clock (rise edge)
                          0.00    0.00   clock source latency
     1    2.57    0.00    0.00    0.00 ^ clk_in (in)
                                         clk_in (net)
                  0.00    0.00    0.00 ^ clkbuf_0_clk_in/A (CLKBUF_X3)
     2    4.24    0.01    0.03    0.03 ^ clkbuf_0_clk_in/Z (CLKBUF_X3)
                                         clknet_0_clk_in (net)
                  0.01    0.00    0.03 ^ clkbuf_1_0__f_clk_in/A (CLKBUF_X3)
     5    7.02    0.01    0.03    0.06 ^ clkbuf_1_0__f_clk_in/Z (CLKBUF_X3)
                                         clknet_1_0__leaf_clk_in (net)
                  0.01    0.00    0.06 ^ counter[8]$_DFF_PN0_/CK (DFFR_X1)
                          0.00    0.06   clock reconvergence pessimism
                          0.21    0.27   library removal time
                                  0.27   data required time
-----------------------------------------------------------------------------
                                  0.27   data required time
                                 -0.27   data arrival time
-----------------------------------------------------------------------------
                                  0.00   slack (MET)


Startpoint: counter[5]$_DFF_PN0_
            (rising edge-triggered flip-flop clocked by core_clock)
Endpoint: counter[5]$_DFF_PN0_
          (rising edge-triggered flip-flop clocked by core_clock)
Path Group: core_clock
Path Type: min

Fanout     Cap    Slew   Delay    Time   Description
-----------------------------------------------------------------------------
                          0.00    0.00   clock core_clock (rise edge)
                          0.00    0.00   clock source latency
     1    2.57    0.00    0.00    0.00 ^ clk_in (in)
                                         clk_in (net)
                  0.00    0.00    0.00 ^ clkbuf_0_clk_in/A (CLKBUF_X3)
     2    4.24    0.01    0.03    0.03 ^ clkbuf_0_clk_in/Z (CLKBUF_X3)
                                         clknet_0_clk_in (net)
                  0.01    0.00    0.03 ^ clkbuf_1_0__f_clk_in/A (CLKBUF_X3)
     5    7.02    0.01    0.03    0.06 ^ clkbuf_1_0__f_clk_in/Z (CLKBUF_X3)
                                         clknet_1_0__leaf_clk_in (net)
                  0.01    0.00    0.06 ^ counter[5]$_DFF_PN0_/CK (DFFR_X2)
     1    2.60    0.01    0.08    0.14 ^ counter[5]$_DFF_PN0_/QN (DFFR_X2)
                                         _0011_ (net)
                  0.01    0.00    0.14 ^ _1512_/A (XNOR2_X1)
     1    1.70    0.01    0.01    0.15 v _1512_/ZN (XNOR2_X1)
                                         _0572_ (net)
                  0.01    0.00    0.15 v _1513_/A2 (NOR2_X1)
     1    1.39    0.01    0.03    0.18 ^ _1513_/ZN (NOR2_X1)
                                         _0006_ (net)
                  0.01    0.00    0.18 ^ counter[5]$_DFF_PN0_/D (DFFR_X2)
                                  0.18   data arrival time

                          0.00    0.00   clock core_clock (rise edge)
                          0.00    0.00   clock source latency
     1    2.57    0.00    0.00    0.00 ^ clk_in (in)
                                         clk_in (net)
                  0.00    0.00    0.00 ^ clkbuf_0_clk_in/A (CLKBUF_X3)
     2    4.24    0.01    0.03    0.03 ^ clkbuf_0_clk_in/Z (CLKBUF_X3)
                                         clknet_0_clk_in (net)
                  0.01    0.00    0.03 ^ clkbuf_1_0__f_clk_in/A (CLKBUF_X3)
     5    7.02    0.01    0.03    0.06 ^ clkbuf_1_0__f_clk_in/Z (CLKBUF_X3)
                                         clknet_1_0__leaf_clk_in (net)
                  0.01    0.00    0.06 ^ counter[5]$_DFF_PN0_/CK (DFFR_X2)
                          0.00    0.06   clock reconvergence pessimism
                          0.01    0.07   library hold time
                                  0.07   data required time
-----------------------------------------------------------------------------
                                  0.07   data required time
                                 -0.18   data arrival time
-----------------------------------------------------------------------------
                                  0.11   slack (MET)



==========================================================================
global route report_checks -path_delay max
--------------------------------------------------------------------------
Startpoint: rst_n (input port clocked by core_clock)
Endpoint: counter[8]$_DFF_PN0_
          (recovery check against rising-edge clock core_clock)
Path Group: asynchronous
Path Type: max

Fanout     Cap    Slew   Delay    Time   Description
-----------------------------------------------------------------------------
                          0.00    0.00   clock core_clock (rise edge)
                          0.00    0.00   clock network delay (propagated)
                          0.20    0.20 ^ input external delay
     1    1.34    0.00    0.00    0.20 ^ rst_n (in)
                                         rst_n (net)
                  0.00    0.00    0.20 ^ hold71/A (CLKBUF_X1)
     1    3.73    0.01    0.03    0.23 ^ hold71/Z (CLKBUF_X1)
                                         net81 (net)
                  0.01    0.00    0.23 ^ input5/A (BUF_X4)
    10   29.15    0.02    0.03    0.27 ^ input5/Z (BUF_X4)
                                         net7 (net)
                  0.02    0.00    0.27 ^ counter[8]$_DFF_PN0_/RN (DFFR_X1)
                                  0.27   data arrival time

                          1.00    1.00   clock core_clock (rise edge)
                          0.00    1.00   clock source latency
     1    2.57    0.00    0.00    1.00 ^ clk_in (in)
                                         clk_in (net)
                  0.00    0.00    1.00 ^ clkbuf_0_clk_in/A (CLKBUF_X3)
     2    4.24    0.01    0.03    1.03 ^ clkbuf_0_clk_in/Z (CLKBUF_X3)
                                         clknet_0_clk_in (net)
                  0.01    0.00    1.03 ^ clkbuf_1_0__f_clk_in/A (CLKBUF_X3)
     5    7.02    0.01    0.03    1.06 ^ clkbuf_1_0__f_clk_in/Z (CLKBUF_X3)
                                         clknet_1_0__leaf_clk_in (net)
                  0.01    0.00    1.06 ^ counter[8]$_DFF_PN0_/CK (DFFR_X1)
                          0.00    1.06   clock reconvergence pessimism
                          0.06    1.11   library recovery time
                                  1.11   data required time
-----------------------------------------------------------------------------
                                  1.11   data required time
                                 -0.27   data arrival time
-----------------------------------------------------------------------------
                                  0.85   slack (MET)


Startpoint: div_ratio[6] (input port clocked by core_clock)
Endpoint: clk_out$_DFF_PN0_
          (rising edge-triggered flip-flop clocked by core_clock)
Path Group: core_clock
Path Type: max

Fanout     Cap    Slew   Delay    Time   Description
-----------------------------------------------------------------------------
                          0.00    0.00   clock core_clock (rise edge)
                          0.00    0.00   clock network delay (propagated)
                          0.20    0.20 v input external delay
     1    3.38    0.00    0.00    0.20 v div_ratio[6] (in)
                                         div_ratio[6] (net)
                  0.00    0.00    0.20 v input3/A (BUF_X4)
     4   17.43    0.01    0.02    0.22 v input3/Z (BUF_X4)
                                         net5 (net)
                  0.01    0.00    0.23 v _0883_/A (BUF_X8)
     5    7.88    0.00    0.02    0.25 v _0883_/Z (BUF_X8)
                                         _0018_ (net)
                  0.00    0.00    0.25 v _0915_/A2 (AND2_X1)
     1    3.64    0.01    0.03    0.28 v _0915_/ZN (AND2_X1)
                                         _0651_ (net)
                  0.01    0.00    0.28 v _1593_/B (FA_X1)
     1    2.15    0.01    0.12    0.40 ^ _1593_/S (FA_X1)
                                         _0652_ (net)
                  0.01    0.00    0.40 ^ _1543_/A (INV_X1)
     1    3.54    0.01    0.01    0.41 v _1543_/ZN (INV_X1)
                                         _0670_ (net)
                  0.01    0.00    0.41 v _1598_/CI (FA_X1)
     1    3.47    0.01    0.11    0.52 ^ _1598_/S (FA_X1)
                                         _0672_ (net)
                  0.01    0.00    0.53 ^ _1544_/A (INV_X2)
     1    3.11    0.01    0.01    0.53 v _1544_/ZN (INV_X2)
                                         _0690_ (net)
                  0.01    0.00    0.53 v _1603_/CI (FA_X1)
     1    3.69    0.02    0.11    0.65 ^ _1603_/S (FA_X1)
                                         _0693_ (net)
                  0.02    0.00    0.65 ^ _1546_/A (INV_X2)
     1    3.16    0.01    0.01    0.66 v _1546_/ZN (INV_X2)
                                         _0708_ (net)
                  0.01    0.00    0.66 v _1607_/CI (FA_X1)
     1    3.68    0.02    0.11    0.77 ^ _1607_/S (FA_X1)
                                         _0710_ (net)
                  0.02    0.00    0.77 ^ _1549_/A (INV_X2)
     1    3.82    0.01    0.01    0.78 v _1549_/ZN (INV_X2)
                                         _0814_ (net)
                  0.01    0.00    0.78 v _1642_/B (HA_X1)
     1    3.66    0.03    0.04    0.82 ^ _1642_/S (HA_X1)
                                         _0816_ (net)
                  0.03    0.00    0.82 ^ _0971_/A (BUF_X4)
     4   17.06    0.01    0.03    0.85 ^ _0971_/Z (BUF_X4)
                                         _0054_ (net)
                  0.01    0.00    0.85 ^ _0973_/A (OAI211_X4)
     4   11.75    0.02    0.03    0.88 v _0973_/ZN (OAI211_X4)
                                         _0056_ (net)
                  0.02    0.00    0.88 v _1045_/A1 (OR2_X2)
     1    3.64    0.01    0.05    0.93 v _1045_/ZN (OR2_X2)
                                         _0128_ (net)
                  0.01    0.00    0.93 v _1046_/C1 (AOI222_X2)
     2    8.21    0.07    0.11    1.04 ^ _1046_/ZN (AOI222_X2)
                                         _0129_ (net)
                  0.07    0.00    1.04 ^ _1047_/A (BUF_X4)
     5   13.62    0.01    0.03    1.07 ^ _1047_/Z (BUF_X4)
                                         _0130_ (net)
                  0.01    0.00    1.07 ^ _1048_/A1 (AND2_X4)
     2   10.06    0.01    0.03    1.10 ^ _1048_/ZN (AND2_X4)
                                         _0131_ (net)
                  0.01    0.00    1.10 ^ _1066_/A1 (NAND4_X4)
     2    5.10    0.02    0.02    1.12 v _1066_/ZN (NAND4_X4)
                                         _0148_ (net)
                  0.02    0.00    1.12 v _1159_/C1 (AOI222_X2)
     1    3.72    0.05    0.09    1.21 ^ _1159_/ZN (AOI222_X2)
                                         _0239_ (net)
                  0.05    0.00    1.22 ^ _1160_/C1 (AOI222_X2)
     1    3.30    0.03    0.04    1.25 v _1160_/ZN (AOI222_X2)
                                         _0240_ (net)
                  0.03    0.00    1.25 v rebuffer67/A (BUF_X4)
     3   11.33    0.01    0.03    1.29 v rebuffer67/Z (BUF_X4)
                                         net78 (net)
                  0.01    0.00    1.29 v _1161_/B1 (AOI21_X4)
     5   10.35    0.03    0.03    1.32 ^ _1161_/ZN (AOI21_X4)
                                         _0241_ (net)
                  0.03    0.00    1.32 ^ _1162_/S (MUX2_X2)
     3    4.67    0.01    0.08    1.40 v _1162_/Z (MUX2_X2)
                                         _0242_ (net)
                  0.01    0.00    1.40 v _1218_/B2 (OAI33_X1)
     1    2.15    0.06    0.08    1.48 ^ _1218_/ZN (OAI33_X1)
                                         _0297_ (net)
                  0.06    0.00    1.48 ^ rebuffer1/A (BUF_X2)
     3   11.41    0.02    0.04    1.52 ^ rebuffer1/Z (BUF_X2)
                                         net11 (net)
                  0.02    0.00    1.52 ^ max_cap7/A (BUF_X4)
     3    8.50    0.01    0.02    1.54 ^ max_cap7/Z (BUF_X4)
                                         net9 (net)
                  0.01    0.00    1.54 ^ _1224_/A1 (OR3_X4)
     5   12.62    0.01    0.03    1.57 ^ _1224_/ZN (OR3_X4)
                                         _0303_ (net)
                  0.01    0.00    1.57 ^ rebuffer56/A (BUF_X4)
     2    4.94    0.01    0.02    1.59 ^ rebuffer56/Z (BUF_X4)
                                         net66 (net)
                  0.01    0.00    1.59 ^ rebuffer36/A (BUF_X4)
     1    6.91    0.01    0.02    1.61 ^ rebuffer36/Z (BUF_X4)
                                         net46 (net)
                  0.01    0.00    1.61 ^ _1320_/A2 (OAI22_X4)
     6   12.56    0.02    0.02    1.63 v _1320_/ZN (OAI22_X4)
                                         _0398_ (net)
                  0.02    0.00    1.63 v rebuffer73/A (BUF_X4)
     1    6.11    0.01    0.03    1.66 v rebuffer73/Z (BUF_X4)
                                         net85 (net)
                  0.01    0.00    1.66 v _1350_/A3 (NOR3_X4)
     1    4.32    0.02    0.05    1.71 ^ _1350_/ZN (NOR3_X4)
                                         _0427_ (net)
                  0.02    0.00    1.71 ^ _1360_/A (OAI221_X2)
     3    8.62    0.02    0.04    1.75 v _1360_/ZN (OAI221_X2)
                                         _0437_ (net)
                  0.02    0.00    1.75 v _1365_/A1 (NOR4_X4)
     4   15.03    0.06    0.07    1.83 ^ _1365_/ZN (NOR4_X4)
                                         _0442_ (net)
                  0.06    0.00    1.83 ^ _1366_/B2 (AOI21_X4)
     3    7.70    0.01    0.02    1.85 v _1366_/ZN (AOI21_X4)
                                         _0844_ (net)
                  0.01    0.00    1.85 v _1420_/A (XNOR2_X2)
     2    4.95    0.02    0.03    1.88 ^ _1420_/ZN (XNOR2_X2)
                                         _0850_ (net)
                  0.02    0.00    1.88 ^ _1655_/B (HA_X1)
     2    8.97    0.02    0.05    1.94 ^ _1655_/CO (HA_X1)
                                         _0851_ (net)
                  0.02    0.00    1.94 ^ _1407_/A (OAI21_X4)
     1    6.30    0.02    0.02    1.96 v _1407_/ZN (OAI21_X4)
                                         _0483_ (net)
                  0.02    0.00    1.96 v _1418_/A (AOI21_X4)
     2    5.07    0.02    0.04    2.00 ^ _1418_/ZN (AOI21_X4)
                                         _0494_ (net)
                  0.02    0.00    2.00 ^ _1423_/C2 (OAI211_X2)
     2    3.63    0.02    0.03    2.02 v _1423_/ZN (OAI211_X2)
                                         _0498_ (net)
                  0.02    0.00    2.02 v _1424_/A1 (AND2_X2)
     1    3.76    0.01    0.03    2.06 v _1424_/ZN (AND2_X2)
                                         _0847_ (net)
                  0.01    0.00    2.06 v _1654_/B (HA_X1)
     1    3.14    0.01    0.03    2.09 v _1654_/CO (HA_X1)
                                         _0848_ (net)
                  0.01    0.00    2.09 v _1439_/B1 (AOI21_X2)
     1    3.80    0.02    0.03    2.11 ^ _1439_/ZN (AOI21_X2)
                                         _0513_ (net)
                  0.02    0.00    2.11 ^ _1440_/A (INV_X2)
     1    6.53    0.01    0.01    2.13 v _1440_/ZN (INV_X2)
                                         _0514_ (net)
                  0.01    0.00    2.13 v _1441_/B2 (AOI21_X4)
     1    7.41    0.02    0.03    2.16 ^ _1441_/ZN (AOI21_X4)
                                         _0515_ (net)
                  0.02    0.00    2.16 ^ _1443_/B1 (OAI21_X4)
     1    5.95    0.01    0.02    2.18 v _1443_/ZN (OAI21_X4)
                                         _0517_ (net)
                  0.01    0.00    2.18 v _1444_/B1 (AOI21_X4)
     1    7.46    0.02    0.03    2.20 ^ _1444_/ZN (AOI21_X4)
                                         _0518_ (net)
                  0.02    0.00    2.20 ^ _1446_/B2 (OAI21_X4)
     1    6.01    0.01    0.02    2.22 v _1446_/ZN (OAI21_X4)
                                         _0520_ (net)
                  0.01    0.00    2.22 v _1447_/B1 (AOI21_X4)
     1    6.86    0.02    0.03    2.25 ^ _1447_/ZN (AOI21_X4)
                                         _0521_ (net)
                  0.02    0.00    2.25 ^ _1449_/B1 (OAI21_X4)
     2    6.97    0.01    0.02    2.27 v _1449_/ZN (OAI21_X4)
                                         _0523_ (net)
                  0.01    0.00    2.27 v _1450_/A1 (OR2_X4)
     2    6.69    0.01    0.04    2.31 v _1450_/ZN (OR2_X4)
                                         _0524_ (net)
                  0.01    0.00    2.31 v _1451_/A2 (OR3_X4)
     1    6.10    0.01    0.07    2.38 v _1451_/ZN (OR3_X4)
                                         _0525_ (net)
                  0.01    0.00    2.38 v _1452_/A (AOI21_X4)
     1    3.68    0.02    0.04    2.42 ^ _1452_/ZN (AOI21_X4)
                                         _0526_ (net)
                  0.02    0.00    2.42 ^ _1456_/A (OAI21_X2)
     1    3.36    0.01    0.02    2.44 v _1456_/ZN (OAI21_X2)
                                         _0530_ (net)
                  0.01    0.00    2.44 v _1467_/A1 (OAI222_X2)
     1    1.53    0.04    0.03    2.47 ^ _1467_/ZN (OAI222_X2)
                                         _0000_ (net)
                  0.04    0.00    2.47 ^ clk_out$_DFF_PN0_/D (DFFR_X2)
                                  2.47   data arrival time

                          1.00    1.00   clock core_clock (rise edge)
                          0.00    1.00   clock source latency
     1    2.57    0.00    0.00    1.00 ^ clk_in (in)
                                         clk_in (net)
                  0.00    0.00    1.00 ^ clkbuf_0_clk_in/A (CLKBUF_X3)
     2    4.24    0.01    0.03    1.03 ^ clkbuf_0_clk_in/Z (CLKBUF_X3)
                                         clknet_0_clk_in (net)
                  0.01    0.00    1.03 ^ clkbuf_1_1__f_clk_in/A (CLKBUF_X3)
     6    8.13    0.01    0.03    1.06 ^ clkbuf_1_1__f_clk_in/Z (CLKBUF_X3)
                                         clknet_1_1__leaf_clk_in (net)
                  0.01    0.00    1.06 ^ clk_out$_DFF_PN0_/CK (DFFR_X2)
                          0.00    1.06   clock reconvergence pessimism
                         -0.04    1.02   library setup time
                                  1.02   data required time
-----------------------------------------------------------------------------
                                  1.02   data required time
                                 -2.47   data arrival time
-----------------------------------------------------------------------------
                                 -1.45   slack (VIOLATED)



==========================================================================
global route report_checks -unconstrained
--------------------------------------------------------------------------
Startpoint: rst_n (input port clocked by core_clock)
Endpoint: counter[8]$_DFF_PN0_
          (recovery check against rising-edge clock core_clock)
Path Group: asynchronous
Path Type: max

Fanout     Cap    Slew   Delay    Time   Description
-----------------------------------------------------------------------------
                          0.00    0.00   clock core_clock (rise edge)
                          0.00    0.00   clock network delay (propagated)
                          0.20    0.20 ^ input external delay
     1    1.34    0.00    0.00    0.20 ^ rst_n (in)
                                         rst_n (net)
                  0.00    0.00    0.20 ^ hold71/A (CLKBUF_X1)
     1    3.73    0.01    0.03    0.23 ^ hold71/Z (CLKBUF_X1)
                                         net81 (net)
                  0.01    0.00    0.23 ^ input5/A (BUF_X4)
    10   29.15    0.02    0.03    0.27 ^ input5/Z (BUF_X4)
                                         net7 (net)
                  0.02    0.00    0.27 ^ counter[8]$_DFF_PN0_/RN (DFFR_X1)
                                  0.27   data arrival time

                          1.00    1.00   clock core_clock (rise edge)
                          0.00    1.00   clock source latency
     1    2.57    0.00    0.00    1.00 ^ clk_in (in)
                                         clk_in (net)
                  0.00    0.00    1.00 ^ clkbuf_0_clk_in/A (CLKBUF_X3)
     2    4.24    0.01    0.03    1.03 ^ clkbuf_0_clk_in/Z (CLKBUF_X3)
                                         clknet_0_clk_in (net)
                  0.01    0.00    1.03 ^ clkbuf_1_0__f_clk_in/A (CLKBUF_X3)
     5    7.02    0.01    0.03    1.06 ^ clkbuf_1_0__f_clk_in/Z (CLKBUF_X3)
                                         clknet_1_0__leaf_clk_in (net)
                  0.01    0.00    1.06 ^ counter[8]$_DFF_PN0_/CK (DFFR_X1)
                          0.00    1.06   clock reconvergence pessimism
                          0.06    1.11   library recovery time
                                  1.11   data required time
-----------------------------------------------------------------------------
                                  1.11   data required time
                                 -0.27   data arrival time
-----------------------------------------------------------------------------
                                  0.85   slack (MET)


Startpoint: div_ratio[6] (input port clocked by core_clock)
Endpoint: clk_out$_DFF_PN0_
          (rising edge-triggered flip-flop clocked by core_clock)
Path Group: core_clock
Path Type: max

Fanout     Cap    Slew   Delay    Time   Description
-----------------------------------------------------------------------------
                          0.00    0.00   clock core_clock (rise edge)
                          0.00    0.00   clock network delay (propagated)
                          0.20    0.20 v input external delay
     1    3.38    0.00    0.00    0.20 v div_ratio[6] (in)
                                         div_ratio[6] (net)
                  0.00    0.00    0.20 v input3/A (BUF_X4)
     4   17.43    0.01    0.02    0.22 v input3/Z (BUF_X4)
                                         net5 (net)
                  0.01    0.00    0.23 v _0883_/A (BUF_X8)
     5    7.88    0.00    0.02    0.25 v _0883_/Z (BUF_X8)
                                         _0018_ (net)
                  0.00    0.00    0.25 v _0915_/A2 (AND2_X1)
     1    3.64    0.01    0.03    0.28 v _0915_/ZN (AND2_X1)
                                         _0651_ (net)
                  0.01    0.00    0.28 v _1593_/B (FA_X1)
     1    2.15    0.01    0.12    0.40 ^ _1593_/S (FA_X1)
                                         _0652_ (net)
                  0.01    0.00    0.40 ^ _1543_/A (INV_X1)
     1    3.54    0.01    0.01    0.41 v _1543_/ZN (INV_X1)
                                         _0670_ (net)
                  0.01    0.00    0.41 v _1598_/CI (FA_X1)
     1    3.47    0.01    0.11    0.52 ^ _1598_/S (FA_X1)
                                         _0672_ (net)
                  0.01    0.00    0.53 ^ _1544_/A (INV_X2)
     1    3.11    0.01    0.01    0.53 v _1544_/ZN (INV_X2)
                                         _0690_ (net)
                  0.01    0.00    0.53 v _1603_/CI (FA_X1)
     1    3.69    0.02    0.11    0.65 ^ _1603_/S (FA_X1)
                                         _0693_ (net)
                  0.02    0.00    0.65 ^ _1546_/A (INV_X2)
     1    3.16    0.01    0.01    0.66 v _1546_/ZN (INV_X2)
                                         _0708_ (net)
                  0.01    0.00    0.66 v _1607_/CI (FA_X1)
     1    3.68    0.02    0.11    0.77 ^ _1607_/S (FA_X1)
                                         _0710_ (net)
                  0.02    0.00    0.77 ^ _1549_/A (INV_X2)
     1    3.82    0.01    0.01    0.78 v _1549_/ZN (INV_X2)
                                         _0814_ (net)
                  0.01    0.00    0.78 v _1642_/B (HA_X1)
     1    3.66    0.03    0.04    0.82 ^ _1642_/S (HA_X1)
                                         _0816_ (net)
                  0.03    0.00    0.82 ^ _0971_/A (BUF_X4)
     4   17.06    0.01    0.03    0.85 ^ _0971_/Z (BUF_X4)
                                         _0054_ (net)
                  0.01    0.00    0.85 ^ _0973_/A (OAI211_X4)
     4   11.75    0.02    0.03    0.88 v _0973_/ZN (OAI211_X4)
                                         _0056_ (net)
                  0.02    0.00    0.88 v _1045_/A1 (OR2_X2)
     1    3.64    0.01    0.05    0.93 v _1045_/ZN (OR2_X2)
                                         _0128_ (net)
                  0.01    0.00    0.93 v _1046_/C1 (AOI222_X2)
     2    8.21    0.07    0.11    1.04 ^ _1046_/ZN (AOI222_X2)
                                         _0129_ (net)
                  0.07    0.00    1.04 ^ _1047_/A (BUF_X4)
     5   13.62    0.01    0.03    1.07 ^ _1047_/Z (BUF_X4)
                                         _0130_ (net)
                  0.01    0.00    1.07 ^ _1048_/A1 (AND2_X4)
     2   10.06    0.01    0.03    1.10 ^ _1048_/ZN (AND2_X4)
                                         _0131_ (net)
                  0.01    0.00    1.10 ^ _1066_/A1 (NAND4_X4)
     2    5.10    0.02    0.02    1.12 v _1066_/ZN (NAND4_X4)
                                         _0148_ (net)
                  0.02    0.00    1.12 v _1159_/C1 (AOI222_X2)
     1    3.72    0.05    0.09    1.21 ^ _1159_/ZN (AOI222_X2)
                                         _0239_ (net)
                  0.05    0.00    1.22 ^ _1160_/C1 (AOI222_X2)
     1    3.30    0.03    0.04    1.25 v _1160_/ZN (AOI222_X2)
                                         _0240_ (net)
                  0.03    0.00    1.25 v rebuffer67/A (BUF_X4)
     3   11.33    0.01    0.03    1.29 v rebuffer67/Z (BUF_X4)
                                         net78 (net)
                  0.01    0.00    1.29 v _1161_/B1 (AOI21_X4)
     5   10.35    0.03    0.03    1.32 ^ _1161_/ZN (AOI21_X4)
                                         _0241_ (net)
                  0.03    0.00    1.32 ^ _1162_/S (MUX2_X2)
     3    4.67    0.01    0.08    1.40 v _1162_/Z (MUX2_X2)
                                         _0242_ (net)
                  0.01    0.00    1.40 v _1218_/B2 (OAI33_X1)
     1    2.15    0.06    0.08    1.48 ^ _1218_/ZN (OAI33_X1)
                                         _0297_ (net)
                  0.06    0.00    1.48 ^ rebuffer1/A (BUF_X2)
     3   11.41    0.02    0.04    1.52 ^ rebuffer1/Z (BUF_X2)
                                         net11 (net)
                  0.02    0.00    1.52 ^ max_cap7/A (BUF_X4)
     3    8.50    0.01    0.02    1.54 ^ max_cap7/Z (BUF_X4)
                                         net9 (net)
                  0.01    0.00    1.54 ^ _1224_/A1 (OR3_X4)
     5   12.62    0.01    0.03    1.57 ^ _1224_/ZN (OR3_X4)
                                         _0303_ (net)
                  0.01    0.00    1.57 ^ rebuffer56/A (BUF_X4)
     2    4.94    0.01    0.02    1.59 ^ rebuffer56/Z (BUF_X4)
                                         net66 (net)
                  0.01    0.00    1.59 ^ rebuffer36/A (BUF_X4)
     1    6.91    0.01    0.02    1.61 ^ rebuffer36/Z (BUF_X4)
                                         net46 (net)
                  0.01    0.00    1.61 ^ _1320_/A2 (OAI22_X4)
     6   12.56    0.02    0.02    1.63 v _1320_/ZN (OAI22_X4)
                                         _0398_ (net)
                  0.02    0.00    1.63 v rebuffer73/A (BUF_X4)
     1    6.11    0.01    0.03    1.66 v rebuffer73/Z (BUF_X4)
                                         net85 (net)
                  0.01    0.00    1.66 v _1350_/A3 (NOR3_X4)
     1    4.32    0.02    0.05    1.71 ^ _1350_/ZN (NOR3_X4)
                                         _0427_ (net)
                  0.02    0.00    1.71 ^ _1360_/A (OAI221_X2)
     3    8.62    0.02    0.04    1.75 v _1360_/ZN (OAI221_X2)
                                         _0437_ (net)
                  0.02    0.00    1.75 v _1365_/A1 (NOR4_X4)
     4   15.03    0.06    0.07    1.83 ^ _1365_/ZN (NOR4_X4)
                                         _0442_ (net)
                  0.06    0.00    1.83 ^ _1366_/B2 (AOI21_X4)
     3    7.70    0.01    0.02    1.85 v _1366_/ZN (AOI21_X4)
                                         _0844_ (net)
                  0.01    0.00    1.85 v _1420_/A (XNOR2_X2)
     2    4.95    0.02    0.03    1.88 ^ _1420_/ZN (XNOR2_X2)
                                         _0850_ (net)
                  0.02    0.00    1.88 ^ _1655_/B (HA_X1)
     2    8.97    0.02    0.05    1.94 ^ _1655_/CO (HA_X1)
                                         _0851_ (net)
                  0.02    0.00    1.94 ^ _1407_/A (OAI21_X4)
     1    6.30    0.02    0.02    1.96 v _1407_/ZN (OAI21_X4)
                                         _0483_ (net)
                  0.02    0.00    1.96 v _1418_/A (AOI21_X4)
     2    5.07    0.02    0.04    2.00 ^ _1418_/ZN (AOI21_X4)
                                         _0494_ (net)
                  0.02    0.00    2.00 ^ _1423_/C2 (OAI211_X2)
     2    3.63    0.02    0.03    2.02 v _1423_/ZN (OAI211_X2)
                                         _0498_ (net)
                  0.02    0.00    2.02 v _1424_/A1 (AND2_X2)
     1    3.76    0.01    0.03    2.06 v _1424_/ZN (AND2_X2)
                                         _0847_ (net)
                  0.01    0.00    2.06 v _1654_/B (HA_X1)
     1    3.14    0.01    0.03    2.09 v _1654_/CO (HA_X1)
                                         _0848_ (net)
                  0.01    0.00    2.09 v _1439_/B1 (AOI21_X2)
     1    3.80    0.02    0.03    2.11 ^ _1439_/ZN (AOI21_X2)
                                         _0513_ (net)
                  0.02    0.00    2.11 ^ _1440_/A (INV_X2)
     1    6.53    0.01    0.01    2.13 v _1440_/ZN (INV_X2)
                                         _0514_ (net)
                  0.01    0.00    2.13 v _1441_/B2 (AOI21_X4)
     1    7.41    0.02    0.03    2.16 ^ _1441_/ZN (AOI21_X4)
                                         _0515_ (net)
                  0.02    0.00    2.16 ^ _1443_/B1 (OAI21_X4)
     1    5.95    0.01    0.02    2.18 v _1443_/ZN (OAI21_X4)
                                         _0517_ (net)
                  0.01    0.00    2.18 v _1444_/B1 (AOI21_X4)
     1    7.46    0.02    0.03    2.20 ^ _1444_/ZN (AOI21_X4)
                                         _0518_ (net)
                  0.02    0.00    2.20 ^ _1446_/B2 (OAI21_X4)
     1    6.01    0.01    0.02    2.22 v _1446_/ZN (OAI21_X4)
                                         _0520_ (net)
                  0.01    0.00    2.22 v _1447_/B1 (AOI21_X4)
     1    6.86    0.02    0.03    2.25 ^ _1447_/ZN (AOI21_X4)
                                         _0521_ (net)
                  0.02    0.00    2.25 ^ _1449_/B1 (OAI21_X4)
     2    6.97    0.01    0.02    2.27 v _1449_/ZN (OAI21_X4)
                                         _0523_ (net)
                  0.01    0.00    2.27 v _1450_/A1 (OR2_X4)
     2    6.69    0.01    0.04    2.31 v _1450_/ZN (OR2_X4)
                                         _0524_ (net)
                  0.01    0.00    2.31 v _1451_/A2 (OR3_X4)
     1    6.10    0.01    0.07    2.38 v _1451_/ZN (OR3_X4)
                                         _0525_ (net)
                  0.01    0.00    2.38 v _1452_/A (AOI21_X4)
     1    3.68    0.02    0.04    2.42 ^ _1452_/ZN (AOI21_X4)
                                         _0526_ (net)
                  0.02    0.00    2.42 ^ _1456_/A (OAI21_X2)
     1    3.36    0.01    0.02    2.44 v _1456_/ZN (OAI21_X2)
                                         _0530_ (net)
                  0.01    0.00    2.44 v _1467_/A1 (OAI222_X2)
     1    1.53    0.04    0.03    2.47 ^ _1467_/ZN (OAI222_X2)
                                         _0000_ (net)
                  0.04    0.00    2.47 ^ clk_out$_DFF_PN0_/D (DFFR_X2)
                                  2.47   data arrival time

                          1.00    1.00   clock core_clock (rise edge)
                          0.00    1.00   clock source latency
     1    2.57    0.00    0.00    1.00 ^ clk_in (in)
                                         clk_in (net)
                  0.00    0.00    1.00 ^ clkbuf_0_clk_in/A (CLKBUF_X3)
     2    4.24    0.01    0.03    1.03 ^ clkbuf_0_clk_in/Z (CLKBUF_X3)
                                         clknet_0_clk_in (net)
                  0.01    0.00    1.03 ^ clkbuf_1_1__f_clk_in/A (CLKBUF_X3)
     6    8.13    0.01    0.03    1.06 ^ clkbuf_1_1__f_clk_in/Z (CLKBUF_X3)
                                         clknet_1_1__leaf_clk_in (net)
                  0.01    0.00    1.06 ^ clk_out$_DFF_PN0_/CK (DFFR_X2)
                          0.00    1.06   clock reconvergence pessimism
                         -0.04    1.02   library setup time
                                  1.02   data required time
-----------------------------------------------------------------------------
                                  1.02   data required time
                                 -2.47   data arrival time
-----------------------------------------------------------------------------
                                 -1.45   slack (VIOLATED)



==========================================================================
global route report_check_types -max_slew -max_cap -max_fanout -violators
--------------------------------------------------------------------------

==========================================================================
global route max_slew_check_slack
--------------------------------------------------------------------------
0.10542009770870209

==========================================================================
global route max_slew_check_limit
--------------------------------------------------------------------------
0.1985349953174591

==========================================================================
global route max_slew_check_slack_limit
--------------------------------------------------------------------------
0.5310

==========================================================================
global route max_fanout_check_slack
--------------------------------------------------------------------------
1.0000000150474662e+30

==========================================================================
global route max_fanout_check_limit
--------------------------------------------------------------------------
1.0000000150474662e+30

==========================================================================
global route max_capacitance_check_slack
--------------------------------------------------------------------------
4.978842258453369

==========================================================================
global route max_capacitance_check_limit
--------------------------------------------------------------------------
11.482199668884277

==========================================================================
global route max_capacitance_check_slack_limit
--------------------------------------------------------------------------
0.4336

==========================================================================
global route max_slew_violation_count
--------------------------------------------------------------------------
max slew violation count 0

==========================================================================
global route max_fanout_violation_count
--------------------------------------------------------------------------
max fanout violation count 0

==========================================================================
global route max_cap_violation_count
--------------------------------------------------------------------------
max cap violation count 0

==========================================================================
global route setup_violation_count
--------------------------------------------------------------------------
setup violation count 1

==========================================================================
global route hold_violation_count
--------------------------------------------------------------------------
hold violation count 0

==========================================================================
global route report_checks -path_delay max reg to reg
--------------------------------------------------------------------------
Startpoint: counter[2]$_DFF_PN0_
            (rising edge-triggered flip-flop clocked by core_clock)
Endpoint: clk_out$_DFF_PN0_
          (rising edge-triggered flip-flop clocked by core_clock)
Path Group: core_clock
Path Type: max

  Delay    Time   Description
---------------------------------------------------------
   0.00    0.00   clock core_clock (rise edge)
   0.00    0.00   clock source latency
   0.00    0.00 ^ clk_in (in)
   0.03    0.03 ^ clkbuf_0_clk_in/Z (CLKBUF_X3)
   0.03    0.06 ^ clkbuf_1_1__f_clk_in/Z (CLKBUF_X3)
   0.00    0.06 ^ counter[2]$_DFF_PN0_/CK (DFFR_X2)
   0.14    0.20 ^ counter[2]$_DFF_PN0_/Q (DFFR_X2)
   0.03    0.23 v _1653_/S (HA_X1)
   0.03    0.26 ^ _1439_/ZN (AOI21_X2)
   0.01    0.28 v _1440_/ZN (INV_X2)
   0.03    0.31 ^ _1441_/ZN (AOI21_X4)
   0.02    0.33 v _1443_/ZN (OAI21_X4)
   0.03    0.35 ^ _1444_/ZN (AOI21_X4)
   0.02    0.37 v _1446_/ZN (OAI21_X4)
   0.03    0.40 ^ _1447_/ZN (AOI21_X4)
   0.02    0.42 v _1449_/ZN (OAI21_X4)
   0.04    0.46 v _1450_/ZN (OR2_X4)
   0.07    0.53 v _1451_/ZN (OR3_X4)
   0.04    0.57 ^ _1452_/ZN (AOI21_X4)
   0.02    0.59 v _1456_/ZN (OAI21_X2)
   0.03    0.62 ^ _1467_/ZN (OAI222_X2)
   0.00    0.62 ^ clk_out$_DFF_PN0_/D (DFFR_X2)
           0.62   data arrival time

   1.00    1.00   clock core_clock (rise edge)
   0.00    1.00   clock source latency
   0.00    1.00 ^ clk_in (in)
   0.03    1.03 ^ clkbuf_0_clk_in/Z (CLKBUF_X3)
   0.03    1.06 ^ clkbuf_1_1__f_clk_in/Z (CLKBUF_X3)
   0.00    1.06 ^ clk_out$_DFF_PN0_/CK (DFFR_X2)
   0.00    1.06   clock reconvergence pessimism
  -0.04    1.02   library setup time
           1.02   data required time
---------------------------------------------------------
           1.02   data required time
          -0.62   data arrival time
---------------------------------------------------------
           0.40   slack (MET)



==========================================================================
global route report_checks -path_delay min reg to reg
--------------------------------------------------------------------------
Startpoint: counter[5]$_DFF_PN0_
            (rising edge-triggered flip-flop clocked by core_clock)
Endpoint: counter[5]$_DFF_PN0_
          (rising edge-triggered flip-flop clocked by core_clock)
Path Group: core_clock
Path Type: min

  Delay    Time   Description
---------------------------------------------------------
   0.00    0.00   clock core_clock (rise edge)
   0.00    0.00   clock source latency
   0.00    0.00 ^ clk_in (in)
   0.03    0.03 ^ clkbuf_0_clk_in/Z (CLKBUF_X3)
   0.03    0.06 ^ clkbuf_1_0__f_clk_in/Z (CLKBUF_X3)
   0.00    0.06 ^ counter[5]$_DFF_PN0_/CK (DFFR_X2)
   0.08    0.14 ^ counter[5]$_DFF_PN0_/QN (DFFR_X2)
   0.01    0.15 v _1512_/ZN (XNOR2_X1)
   0.03    0.18 ^ _1513_/ZN (NOR2_X1)
   0.00    0.18 ^ counter[5]$_DFF_PN0_/D (DFFR_X2)
           0.18   data arrival time

   0.00    0.00   clock core_clock (rise edge)
   0.00    0.00   clock source latency
   0.00    0.00 ^ clk_in (in)
   0.03    0.03 ^ clkbuf_0_clk_in/Z (CLKBUF_X3)
   0.03    0.06 ^ clkbuf_1_0__f_clk_in/Z (CLKBUF_X3)
   0.00    0.06 ^ counter[5]$_DFF_PN0_/CK (DFFR_X2)
   0.00    0.06   clock reconvergence pessimism
   0.01    0.07   library hold time
           0.07   data required time
---------------------------------------------------------
           0.07   data required time
          -0.18   data arrival time
---------------------------------------------------------
           0.11   slack (MET)



==========================================================================
global route critical path target clock latency max path
--------------------------------------------------------------------------
0.0583

==========================================================================
global route critical path target clock latency min path
--------------------------------------------------------------------------
0.0583

==========================================================================
global route critical path source clock latency min path
--------------------------------------------------------------------------
0.0000

==========================================================================
global route critical path delay
--------------------------------------------------------------------------
2.4662

==========================================================================
global route critical path slack
--------------------------------------------------------------------------
-1.4472

==========================================================================
global route slack div critical path delay
--------------------------------------------------------------------------
-58.681372

==========================================================================
global route report_power
--------------------------------------------------------------------------
Group                  Internal  Switching    Leakage      Total
                          Power      Power      Power      Power (Watts)
----------------------------------------------------------------
Sequential             1.77e-04   9.07e-05   1.18e-06   2.69e-04   1.9%
Combinational          6.49e-03   7.00e-03   4.05e-05   1.35e-02  97.7%
Clock                  3.34e-05   2.35e-05   1.03e-07   5.69e-05   0.4%
Macro                  0.00e+00   0.00e+00   0.00e+00   0.00e+00   0.0%
Pad                    0.00e+00   0.00e+00   0.00e+00   0.00e+00   0.0%
----------------------------------------------------------------
Total                  6.70e-03   7.12e-03   4.18e-05   1.39e-02 100.0%
                          48.3%      51.4%       0.3%
